[2025-02-13T17:24:22.463+0000] {processor.py:154} INFO - Started process (PID=266) to work on /home/airflow/.local/lib/python3.7/site-packages/airflow/example_dags/example_short_circuit_operator.py
[2025-02-13T17:24:22.466+0000] {processor.py:756} INFO - Processing file /home/airflow/.local/lib/python3.7/site-packages/airflow/example_dags/example_short_circuit_operator.py for tasks to queue
[2025-02-13T17:24:22.470+0000] {logging_mixin.py:137} INFO - [2025-02-13T17:24:22.469+0000] {dagbag.py:537} INFO - Filling up the DagBag from /home/airflow/.local/lib/python3.7/site-packages/airflow/example_dags/example_short_circuit_operator.py
[2025-02-13T17:24:22.507+0000] {processor.py:766} INFO - DAG(s) dict_keys(['example_short_circuit_operator']) retrieved from /home/airflow/.local/lib/python3.7/site-packages/airflow/example_dags/example_short_circuit_operator.py
[2025-02-13T17:24:22.836+0000] {logging_mixin.py:137} INFO - [2025-02-13T17:24:22.835+0000] {dag.py:2585} INFO - Sync 1 DAGs
[2025-02-13T17:24:22.920+0000] {logging_mixin.py:137} INFO - [2025-02-13T17:24:22.920+0000] {dag.py:3340} INFO - Setting next_dagrun for example_short_circuit_operator to 2025-02-12T17:24:22.919873+00:00, run_after=2025-02-13T17:24:22.919873+00:00
[2025-02-13T17:24:22.983+0000] {processor.py:176} INFO - Processing /home/airflow/.local/lib/python3.7/site-packages/airflow/example_dags/example_short_circuit_operator.py took 0.530 seconds
[2025-02-13T17:25:22.404+0000] {processor.py:154} INFO - Started process (PID=266) to work on /home/airflow/.local/lib/python3.7/site-packages/airflow/example_dags/example_short_circuit_operator.py
[2025-02-13T17:25:22.406+0000] {processor.py:756} INFO - Processing file /home/airflow/.local/lib/python3.7/site-packages/airflow/example_dags/example_short_circuit_operator.py for tasks to queue
[2025-02-13T17:25:22.408+0000] {logging_mixin.py:137} INFO - [2025-02-13T17:25:22.408+0000] {dagbag.py:537} INFO - Filling up the DagBag from /home/airflow/.local/lib/python3.7/site-packages/airflow/example_dags/example_short_circuit_operator.py
[2025-02-13T17:25:22.469+0000] {processor.py:766} INFO - DAG(s) dict_keys(['example_short_circuit_operator']) retrieved from /home/airflow/.local/lib/python3.7/site-packages/airflow/example_dags/example_short_circuit_operator.py
[2025-02-13T17:25:22.540+0000] {logging_mixin.py:137} INFO - [2025-02-13T17:25:22.539+0000] {dag.py:2585} INFO - Sync 1 DAGs
[2025-02-13T17:25:22.594+0000] {logging_mixin.py:137} INFO - [2025-02-13T17:25:22.594+0000] {dag.py:3340} INFO - Setting next_dagrun for example_short_circuit_operator to 2025-02-12T17:25:22.593808+00:00, run_after=2025-02-13T17:25:22.593808+00:00
[2025-02-13T17:25:22.645+0000] {processor.py:176} INFO - Processing /home/airflow/.local/lib/python3.7/site-packages/airflow/example_dags/example_short_circuit_operator.py took 0.244 seconds
[2025-02-13T17:25:53.741+0000] {processor.py:154} INFO - Started process (PID=446) to work on /home/airflow/.local/lib/python3.7/site-packages/airflow/example_dags/example_short_circuit_operator.py
[2025-02-13T17:25:53.744+0000] {processor.py:756} INFO - Processing file /home/airflow/.local/lib/python3.7/site-packages/airflow/example_dags/example_short_circuit_operator.py for tasks to queue
[2025-02-13T17:25:53.747+0000] {logging_mixin.py:137} INFO - [2025-02-13T17:25:53.746+0000] {dagbag.py:537} INFO - Filling up the DagBag from /home/airflow/.local/lib/python3.7/site-packages/airflow/example_dags/example_short_circuit_operator.py
[2025-02-13T17:25:53.788+0000] {processor.py:766} INFO - DAG(s) dict_keys(['example_short_circuit_operator']) retrieved from /home/airflow/.local/lib/python3.7/site-packages/airflow/example_dags/example_short_circuit_operator.py
[2025-02-13T17:25:53.899+0000] {logging_mixin.py:137} INFO - [2025-02-13T17:25:53.898+0000] {dag.py:2585} INFO - Sync 1 DAGs
[2025-02-13T17:25:53.977+0000] {logging_mixin.py:137} INFO - [2025-02-13T17:25:53.977+0000] {dag.py:3340} INFO - Setting next_dagrun for example_short_circuit_operator to 2025-02-12T17:25:53.976485+00:00, run_after=2025-02-13T17:25:53.976485+00:00
[2025-02-13T17:25:54.054+0000] {processor.py:176} INFO - Processing /home/airflow/.local/lib/python3.7/site-packages/airflow/example_dags/example_short_circuit_operator.py took 0.319 seconds
[2025-02-13T17:26:24.940+0000] {processor.py:154} INFO - Started process (PID=627) to work on /home/airflow/.local/lib/python3.7/site-packages/airflow/example_dags/example_short_circuit_operator.py
[2025-02-13T17:26:24.943+0000] {processor.py:756} INFO - Processing file /home/airflow/.local/lib/python3.7/site-packages/airflow/example_dags/example_short_circuit_operator.py for tasks to queue
[2025-02-13T17:26:24.946+0000] {logging_mixin.py:137} INFO - [2025-02-13T17:26:24.946+0000] {dagbag.py:537} INFO - Filling up the DagBag from /home/airflow/.local/lib/python3.7/site-packages/airflow/example_dags/example_short_circuit_operator.py
[2025-02-13T17:26:25.000+0000] {processor.py:766} INFO - DAG(s) dict_keys(['example_short_circuit_operator']) retrieved from /home/airflow/.local/lib/python3.7/site-packages/airflow/example_dags/example_short_circuit_operator.py
[2025-02-13T17:26:25.126+0000] {logging_mixin.py:137} INFO - [2025-02-13T17:26:25.125+0000] {dag.py:2585} INFO - Sync 1 DAGs
[2025-02-13T17:26:25.177+0000] {logging_mixin.py:137} INFO - [2025-02-13T17:26:25.177+0000] {dag.py:3340} INFO - Setting next_dagrun for example_short_circuit_operator to 2025-02-12T17:26:25.176965+00:00, run_after=2025-02-13T17:26:25.176965+00:00
[2025-02-13T17:26:25.251+0000] {processor.py:176} INFO - Processing /home/airflow/.local/lib/python3.7/site-packages/airflow/example_dags/example_short_circuit_operator.py took 0.321 seconds
[2025-02-13T17:26:55.346+0000] {processor.py:154} INFO - Started process (PID=802) to work on /home/airflow/.local/lib/python3.7/site-packages/airflow/example_dags/example_short_circuit_operator.py
[2025-02-13T17:26:55.348+0000] {processor.py:756} INFO - Processing file /home/airflow/.local/lib/python3.7/site-packages/airflow/example_dags/example_short_circuit_operator.py for tasks to queue
[2025-02-13T17:26:55.350+0000] {logging_mixin.py:137} INFO - [2025-02-13T17:26:55.350+0000] {dagbag.py:537} INFO - Filling up the DagBag from /home/airflow/.local/lib/python3.7/site-packages/airflow/example_dags/example_short_circuit_operator.py
[2025-02-13T17:26:55.381+0000] {processor.py:766} INFO - DAG(s) dict_keys(['example_short_circuit_operator']) retrieved from /home/airflow/.local/lib/python3.7/site-packages/airflow/example_dags/example_short_circuit_operator.py
[2025-02-13T17:26:55.438+0000] {logging_mixin.py:137} INFO - [2025-02-13T17:26:55.438+0000] {dag.py:2585} INFO - Sync 1 DAGs
[2025-02-13T17:26:55.514+0000] {logging_mixin.py:137} INFO - [2025-02-13T17:26:55.513+0000] {dag.py:3340} INFO - Setting next_dagrun for example_short_circuit_operator to 2025-02-12T17:26:55.513283+00:00, run_after=2025-02-13T17:26:55.513283+00:00
[2025-02-13T17:26:55.580+0000] {processor.py:176} INFO - Processing /home/airflow/.local/lib/python3.7/site-packages/airflow/example_dags/example_short_circuit_operator.py took 0.239 seconds
[2025-02-13T17:27:26.550+0000] {processor.py:154} INFO - Started process (PID=982) to work on /home/airflow/.local/lib/python3.7/site-packages/airflow/example_dags/example_short_circuit_operator.py
[2025-02-13T17:27:26.553+0000] {processor.py:756} INFO - Processing file /home/airflow/.local/lib/python3.7/site-packages/airflow/example_dags/example_short_circuit_operator.py for tasks to queue
[2025-02-13T17:27:26.556+0000] {logging_mixin.py:137} INFO - [2025-02-13T17:27:26.556+0000] {dagbag.py:537} INFO - Filling up the DagBag from /home/airflow/.local/lib/python3.7/site-packages/airflow/example_dags/example_short_circuit_operator.py
[2025-02-13T17:27:26.621+0000] {processor.py:766} INFO - DAG(s) dict_keys(['example_short_circuit_operator']) retrieved from /home/airflow/.local/lib/python3.7/site-packages/airflow/example_dags/example_short_circuit_operator.py
[2025-02-13T17:27:26.708+0000] {logging_mixin.py:137} INFO - [2025-02-13T17:27:26.707+0000] {dag.py:2585} INFO - Sync 1 DAGs
[2025-02-13T17:27:26.768+0000] {logging_mixin.py:137} INFO - [2025-02-13T17:27:26.767+0000] {dag.py:3340} INFO - Setting next_dagrun for example_short_circuit_operator to 2025-02-12T17:27:26.767397+00:00, run_after=2025-02-13T17:27:26.767397+00:00
[2025-02-13T17:27:26.831+0000] {processor.py:176} INFO - Processing /home/airflow/.local/lib/python3.7/site-packages/airflow/example_dags/example_short_circuit_operator.py took 0.299 seconds
[2025-02-13T17:27:58.116+0000] {processor.py:154} INFO - Started process (PID=1169) to work on /home/airflow/.local/lib/python3.7/site-packages/airflow/example_dags/example_short_circuit_operator.py
[2025-02-13T17:27:58.119+0000] {processor.py:756} INFO - Processing file /home/airflow/.local/lib/python3.7/site-packages/airflow/example_dags/example_short_circuit_operator.py for tasks to queue
[2025-02-13T17:27:58.123+0000] {logging_mixin.py:137} INFO - [2025-02-13T17:27:58.122+0000] {dagbag.py:537} INFO - Filling up the DagBag from /home/airflow/.local/lib/python3.7/site-packages/airflow/example_dags/example_short_circuit_operator.py
[2025-02-13T17:27:58.149+0000] {processor.py:766} INFO - DAG(s) dict_keys(['example_short_circuit_operator']) retrieved from /home/airflow/.local/lib/python3.7/site-packages/airflow/example_dags/example_short_circuit_operator.py
[2025-02-13T17:27:58.197+0000] {logging_mixin.py:137} INFO - [2025-02-13T17:27:58.197+0000] {dag.py:2585} INFO - Sync 1 DAGs
[2025-02-13T17:27:58.253+0000] {logging_mixin.py:137} INFO - [2025-02-13T17:27:58.253+0000] {dag.py:3340} INFO - Setting next_dagrun for example_short_circuit_operator to 2025-02-12T17:27:58.252687+00:00, run_after=2025-02-13T17:27:58.252687+00:00
[2025-02-13T17:27:58.296+0000] {processor.py:176} INFO - Processing /home/airflow/.local/lib/python3.7/site-packages/airflow/example_dags/example_short_circuit_operator.py took 0.184 seconds
[2025-02-13T17:28:28.659+0000] {processor.py:154} INFO - Started process (PID=1349) to work on /home/airflow/.local/lib/python3.7/site-packages/airflow/example_dags/example_short_circuit_operator.py
[2025-02-13T17:28:28.662+0000] {processor.py:756} INFO - Processing file /home/airflow/.local/lib/python3.7/site-packages/airflow/example_dags/example_short_circuit_operator.py for tasks to queue
[2025-02-13T17:28:28.664+0000] {logging_mixin.py:137} INFO - [2025-02-13T17:28:28.664+0000] {dagbag.py:537} INFO - Filling up the DagBag from /home/airflow/.local/lib/python3.7/site-packages/airflow/example_dags/example_short_circuit_operator.py
[2025-02-13T17:28:28.696+0000] {processor.py:766} INFO - DAG(s) dict_keys(['example_short_circuit_operator']) retrieved from /home/airflow/.local/lib/python3.7/site-packages/airflow/example_dags/example_short_circuit_operator.py
[2025-02-13T17:28:28.751+0000] {logging_mixin.py:137} INFO - [2025-02-13T17:28:28.750+0000] {dag.py:2585} INFO - Sync 1 DAGs
[2025-02-13T17:28:28.802+0000] {logging_mixin.py:137} INFO - [2025-02-13T17:28:28.801+0000] {dag.py:3340} INFO - Setting next_dagrun for example_short_circuit_operator to 2025-02-12T17:28:28.801313+00:00, run_after=2025-02-13T17:28:28.801313+00:00
[2025-02-13T17:28:28.841+0000] {processor.py:176} INFO - Processing /home/airflow/.local/lib/python3.7/site-packages/airflow/example_dags/example_short_circuit_operator.py took 0.189 seconds
[2025-02-13T17:28:59.475+0000] {processor.py:154} INFO - Started process (PID=1529) to work on /home/airflow/.local/lib/python3.7/site-packages/airflow/example_dags/example_short_circuit_operator.py
[2025-02-13T17:28:59.477+0000] {processor.py:756} INFO - Processing file /home/airflow/.local/lib/python3.7/site-packages/airflow/example_dags/example_short_circuit_operator.py for tasks to queue
[2025-02-13T17:28:59.478+0000] {logging_mixin.py:137} INFO - [2025-02-13T17:28:59.478+0000] {dagbag.py:537} INFO - Filling up the DagBag from /home/airflow/.local/lib/python3.7/site-packages/airflow/example_dags/example_short_circuit_operator.py
[2025-02-13T17:28:59.517+0000] {processor.py:766} INFO - DAG(s) dict_keys(['example_short_circuit_operator']) retrieved from /home/airflow/.local/lib/python3.7/site-packages/airflow/example_dags/example_short_circuit_operator.py
[2025-02-13T17:28:59.566+0000] {logging_mixin.py:137} INFO - [2025-02-13T17:28:59.566+0000] {dag.py:2585} INFO - Sync 1 DAGs
[2025-02-13T17:28:59.625+0000] {logging_mixin.py:137} INFO - [2025-02-13T17:28:59.625+0000] {dag.py:3340} INFO - Setting next_dagrun for example_short_circuit_operator to 2025-02-12T17:28:59.624821+00:00, run_after=2025-02-13T17:28:59.624821+00:00
[2025-02-13T17:28:59.669+0000] {processor.py:176} INFO - Processing /home/airflow/.local/lib/python3.7/site-packages/airflow/example_dags/example_short_circuit_operator.py took 0.201 seconds
[2025-02-13T17:29:29.853+0000] {processor.py:154} INFO - Started process (PID=1709) to work on /home/airflow/.local/lib/python3.7/site-packages/airflow/example_dags/example_short_circuit_operator.py
[2025-02-13T17:29:29.856+0000] {processor.py:756} INFO - Processing file /home/airflow/.local/lib/python3.7/site-packages/airflow/example_dags/example_short_circuit_operator.py for tasks to queue
[2025-02-13T17:29:29.860+0000] {logging_mixin.py:137} INFO - [2025-02-13T17:29:29.859+0000] {dagbag.py:537} INFO - Filling up the DagBag from /home/airflow/.local/lib/python3.7/site-packages/airflow/example_dags/example_short_circuit_operator.py
[2025-02-13T17:29:29.904+0000] {processor.py:766} INFO - DAG(s) dict_keys(['example_short_circuit_operator']) retrieved from /home/airflow/.local/lib/python3.7/site-packages/airflow/example_dags/example_short_circuit_operator.py
[2025-02-13T17:29:29.955+0000] {logging_mixin.py:137} INFO - [2025-02-13T17:29:29.954+0000] {dag.py:2585} INFO - Sync 1 DAGs
[2025-02-13T17:29:30.014+0000] {logging_mixin.py:137} INFO - [2025-02-13T17:29:30.013+0000] {dag.py:3340} INFO - Setting next_dagrun for example_short_circuit_operator to 2025-02-12T17:29:30.013466+00:00, run_after=2025-02-13T17:29:30.013466+00:00
[2025-02-13T17:29:30.069+0000] {processor.py:176} INFO - Processing /home/airflow/.local/lib/python3.7/site-packages/airflow/example_dags/example_short_circuit_operator.py took 0.235 seconds
[2025-02-13T17:30:00.674+0000] {processor.py:154} INFO - Started process (PID=1887) to work on /home/airflow/.local/lib/python3.7/site-packages/airflow/example_dags/example_short_circuit_operator.py
[2025-02-13T17:30:00.678+0000] {processor.py:756} INFO - Processing file /home/airflow/.local/lib/python3.7/site-packages/airflow/example_dags/example_short_circuit_operator.py for tasks to queue
[2025-02-13T17:30:00.682+0000] {logging_mixin.py:137} INFO - [2025-02-13T17:30:00.681+0000] {dagbag.py:537} INFO - Filling up the DagBag from /home/airflow/.local/lib/python3.7/site-packages/airflow/example_dags/example_short_circuit_operator.py
[2025-02-13T17:30:00.708+0000] {processor.py:766} INFO - DAG(s) dict_keys(['example_short_circuit_operator']) retrieved from /home/airflow/.local/lib/python3.7/site-packages/airflow/example_dags/example_short_circuit_operator.py
[2025-02-13T17:30:00.773+0000] {logging_mixin.py:137} INFO - [2025-02-13T17:30:00.773+0000] {dag.py:2585} INFO - Sync 1 DAGs
[2025-02-13T17:30:00.835+0000] {logging_mixin.py:137} INFO - [2025-02-13T17:30:00.834+0000] {dag.py:3340} INFO - Setting next_dagrun for example_short_circuit_operator to 2025-02-12T17:30:00.833808+00:00, run_after=2025-02-13T17:30:00.833808+00:00
[2025-02-13T17:30:00.907+0000] {processor.py:176} INFO - Processing /home/airflow/.local/lib/python3.7/site-packages/airflow/example_dags/example_short_circuit_operator.py took 0.245 seconds
[2025-02-13T17:30:31.564+0000] {processor.py:154} INFO - Started process (PID=2067) to work on /home/airflow/.local/lib/python3.7/site-packages/airflow/example_dags/example_short_circuit_operator.py
[2025-02-13T17:30:31.567+0000] {processor.py:756} INFO - Processing file /home/airflow/.local/lib/python3.7/site-packages/airflow/example_dags/example_short_circuit_operator.py for tasks to queue
[2025-02-13T17:30:31.570+0000] {logging_mixin.py:137} INFO - [2025-02-13T17:30:31.569+0000] {dagbag.py:537} INFO - Filling up the DagBag from /home/airflow/.local/lib/python3.7/site-packages/airflow/example_dags/example_short_circuit_operator.py
[2025-02-13T17:30:31.600+0000] {processor.py:766} INFO - DAG(s) dict_keys(['example_short_circuit_operator']) retrieved from /home/airflow/.local/lib/python3.7/site-packages/airflow/example_dags/example_short_circuit_operator.py
[2025-02-13T17:30:31.673+0000] {logging_mixin.py:137} INFO - [2025-02-13T17:30:31.672+0000] {dag.py:2585} INFO - Sync 1 DAGs
[2025-02-13T17:30:31.740+0000] {logging_mixin.py:137} INFO - [2025-02-13T17:30:31.740+0000] {dag.py:3340} INFO - Setting next_dagrun for example_short_circuit_operator to 2025-02-12T17:30:31.739377+00:00, run_after=2025-02-13T17:30:31.739377+00:00
[2025-02-13T17:30:31.804+0000] {processor.py:176} INFO - Processing /home/airflow/.local/lib/python3.7/site-packages/airflow/example_dags/example_short_circuit_operator.py took 0.247 seconds
[2025-02-13T17:31:01.975+0000] {processor.py:154} INFO - Started process (PID=2247) to work on /home/airflow/.local/lib/python3.7/site-packages/airflow/example_dags/example_short_circuit_operator.py
[2025-02-13T17:31:01.978+0000] {processor.py:756} INFO - Processing file /home/airflow/.local/lib/python3.7/site-packages/airflow/example_dags/example_short_circuit_operator.py for tasks to queue
[2025-02-13T17:31:01.979+0000] {logging_mixin.py:137} INFO - [2025-02-13T17:31:01.979+0000] {dagbag.py:537} INFO - Filling up the DagBag from /home/airflow/.local/lib/python3.7/site-packages/airflow/example_dags/example_short_circuit_operator.py
[2025-02-13T17:31:02.003+0000] {processor.py:766} INFO - DAG(s) dict_keys(['example_short_circuit_operator']) retrieved from /home/airflow/.local/lib/python3.7/site-packages/airflow/example_dags/example_short_circuit_operator.py
[2025-02-13T17:31:02.054+0000] {logging_mixin.py:137} INFO - [2025-02-13T17:31:02.053+0000] {dag.py:2585} INFO - Sync 1 DAGs
[2025-02-13T17:31:02.112+0000] {logging_mixin.py:137} INFO - [2025-02-13T17:31:02.112+0000] {dag.py:3340} INFO - Setting next_dagrun for example_short_circuit_operator to 2025-02-12T17:31:02.111693+00:00, run_after=2025-02-13T17:31:02.111693+00:00
[2025-02-13T17:31:02.154+0000] {processor.py:176} INFO - Processing /home/airflow/.local/lib/python3.7/site-packages/airflow/example_dags/example_short_circuit_operator.py took 0.183 seconds
[2025-02-13T17:31:32.671+0000] {processor.py:154} INFO - Started process (PID=2427) to work on /home/airflow/.local/lib/python3.7/site-packages/airflow/example_dags/example_short_circuit_operator.py
[2025-02-13T17:31:32.676+0000] {processor.py:756} INFO - Processing file /home/airflow/.local/lib/python3.7/site-packages/airflow/example_dags/example_short_circuit_operator.py for tasks to queue
[2025-02-13T17:31:32.681+0000] {logging_mixin.py:137} INFO - [2025-02-13T17:31:32.680+0000] {dagbag.py:537} INFO - Filling up the DagBag from /home/airflow/.local/lib/python3.7/site-packages/airflow/example_dags/example_short_circuit_operator.py
[2025-02-13T17:31:32.744+0000] {processor.py:766} INFO - DAG(s) dict_keys(['example_short_circuit_operator']) retrieved from /home/airflow/.local/lib/python3.7/site-packages/airflow/example_dags/example_short_circuit_operator.py
[2025-02-13T17:31:32.836+0000] {logging_mixin.py:137} INFO - [2025-02-13T17:31:32.836+0000] {dag.py:2585} INFO - Sync 1 DAGs
[2025-02-13T17:31:32.933+0000] {logging_mixin.py:137} INFO - [2025-02-13T17:31:32.932+0000] {dag.py:3340} INFO - Setting next_dagrun for example_short_circuit_operator to 2025-02-12T17:31:32.931035+00:00, run_after=2025-02-13T17:31:32.931035+00:00
[2025-02-13T17:31:33.009+0000] {processor.py:176} INFO - Processing /home/airflow/.local/lib/python3.7/site-packages/airflow/example_dags/example_short_circuit_operator.py took 0.348 seconds
[2025-02-13T17:32:03.738+0000] {processor.py:154} INFO - Started process (PID=2607) to work on /home/airflow/.local/lib/python3.7/site-packages/airflow/example_dags/example_short_circuit_operator.py
[2025-02-13T17:32:03.741+0000] {processor.py:756} INFO - Processing file /home/airflow/.local/lib/python3.7/site-packages/airflow/example_dags/example_short_circuit_operator.py for tasks to queue
[2025-02-13T17:32:03.743+0000] {logging_mixin.py:137} INFO - [2025-02-13T17:32:03.743+0000] {dagbag.py:537} INFO - Filling up the DagBag from /home/airflow/.local/lib/python3.7/site-packages/airflow/example_dags/example_short_circuit_operator.py
[2025-02-13T17:32:03.776+0000] {processor.py:766} INFO - DAG(s) dict_keys(['example_short_circuit_operator']) retrieved from /home/airflow/.local/lib/python3.7/site-packages/airflow/example_dags/example_short_circuit_operator.py
[2025-02-13T17:32:03.891+0000] {logging_mixin.py:137} INFO - [2025-02-13T17:32:03.891+0000] {dag.py:2585} INFO - Sync 1 DAGs
[2025-02-13T17:32:03.959+0000] {logging_mixin.py:137} INFO - [2025-02-13T17:32:03.959+0000] {dag.py:3340} INFO - Setting next_dagrun for example_short_circuit_operator to 2025-02-12T17:32:03.958746+00:00, run_after=2025-02-13T17:32:03.958746+00:00
[2025-02-13T17:32:04.002+0000] {processor.py:176} INFO - Processing /home/airflow/.local/lib/python3.7/site-packages/airflow/example_dags/example_short_circuit_operator.py took 0.275 seconds
[2025-02-13T17:32:34.831+0000] {processor.py:154} INFO - Started process (PID=2784) to work on /home/airflow/.local/lib/python3.7/site-packages/airflow/example_dags/example_short_circuit_operator.py
[2025-02-13T17:32:34.835+0000] {processor.py:756} INFO - Processing file /home/airflow/.local/lib/python3.7/site-packages/airflow/example_dags/example_short_circuit_operator.py for tasks to queue
[2025-02-13T17:32:34.837+0000] {logging_mixin.py:137} INFO - [2025-02-13T17:32:34.837+0000] {dagbag.py:537} INFO - Filling up the DagBag from /home/airflow/.local/lib/python3.7/site-packages/airflow/example_dags/example_short_circuit_operator.py
[2025-02-13T17:32:34.867+0000] {processor.py:766} INFO - DAG(s) dict_keys(['example_short_circuit_operator']) retrieved from /home/airflow/.local/lib/python3.7/site-packages/airflow/example_dags/example_short_circuit_operator.py
[2025-02-13T17:32:34.983+0000] {logging_mixin.py:137} INFO - [2025-02-13T17:32:34.983+0000] {dag.py:2585} INFO - Sync 1 DAGs
[2025-02-13T17:32:35.063+0000] {logging_mixin.py:137} INFO - [2025-02-13T17:32:35.063+0000] {dag.py:3340} INFO - Setting next_dagrun for example_short_circuit_operator to 2025-02-12T17:32:35.062599+00:00, run_after=2025-02-13T17:32:35.062599+00:00
[2025-02-13T17:32:35.173+0000] {processor.py:176} INFO - Processing /home/airflow/.local/lib/python3.7/site-packages/airflow/example_dags/example_short_circuit_operator.py took 0.353 seconds
[2025-02-13T17:33:05.431+0000] {processor.py:154} INFO - Started process (PID=2964) to work on /home/airflow/.local/lib/python3.7/site-packages/airflow/example_dags/example_short_circuit_operator.py
[2025-02-13T17:33:05.433+0000] {processor.py:756} INFO - Processing file /home/airflow/.local/lib/python3.7/site-packages/airflow/example_dags/example_short_circuit_operator.py for tasks to queue
[2025-02-13T17:33:05.435+0000] {logging_mixin.py:137} INFO - [2025-02-13T17:33:05.435+0000] {dagbag.py:537} INFO - Filling up the DagBag from /home/airflow/.local/lib/python3.7/site-packages/airflow/example_dags/example_short_circuit_operator.py
[2025-02-13T17:33:05.457+0000] {processor.py:766} INFO - DAG(s) dict_keys(['example_short_circuit_operator']) retrieved from /home/airflow/.local/lib/python3.7/site-packages/airflow/example_dags/example_short_circuit_operator.py
[2025-02-13T17:33:05.493+0000] {logging_mixin.py:137} INFO - [2025-02-13T17:33:05.493+0000] {dag.py:2585} INFO - Sync 1 DAGs
[2025-02-13T17:33:05.531+0000] {logging_mixin.py:137} INFO - [2025-02-13T17:33:05.531+0000] {dag.py:3340} INFO - Setting next_dagrun for example_short_circuit_operator to 2025-02-12T17:33:05.530815+00:00, run_after=2025-02-13T17:33:05.530815+00:00
[2025-02-13T17:33:05.564+0000] {processor.py:176} INFO - Processing /home/airflow/.local/lib/python3.7/site-packages/airflow/example_dags/example_short_circuit_operator.py took 0.138 seconds
[2025-02-13T17:33:35.940+0000] {processor.py:154} INFO - Started process (PID=3144) to work on /home/airflow/.local/lib/python3.7/site-packages/airflow/example_dags/example_short_circuit_operator.py
[2025-02-13T17:33:35.947+0000] {processor.py:756} INFO - Processing file /home/airflow/.local/lib/python3.7/site-packages/airflow/example_dags/example_short_circuit_operator.py for tasks to queue
[2025-02-13T17:33:35.950+0000] {logging_mixin.py:137} INFO - [2025-02-13T17:33:35.950+0000] {dagbag.py:537} INFO - Filling up the DagBag from /home/airflow/.local/lib/python3.7/site-packages/airflow/example_dags/example_short_circuit_operator.py
[2025-02-13T17:33:36.045+0000] {processor.py:766} INFO - DAG(s) dict_keys(['example_short_circuit_operator']) retrieved from /home/airflow/.local/lib/python3.7/site-packages/airflow/example_dags/example_short_circuit_operator.py
[2025-02-13T17:33:36.155+0000] {logging_mixin.py:137} INFO - [2025-02-13T17:33:36.154+0000] {dag.py:2585} INFO - Sync 1 DAGs
[2025-02-13T17:33:36.210+0000] {logging_mixin.py:137} INFO - [2025-02-13T17:33:36.209+0000] {dag.py:3340} INFO - Setting next_dagrun for example_short_circuit_operator to 2025-02-12T17:33:36.209291+00:00, run_after=2025-02-13T17:33:36.209291+00:00
[2025-02-13T17:33:36.265+0000] {processor.py:176} INFO - Processing /home/airflow/.local/lib/python3.7/site-packages/airflow/example_dags/example_short_circuit_operator.py took 0.336 seconds
[2025-02-13T17:34:06.681+0000] {processor.py:154} INFO - Started process (PID=3324) to work on /home/airflow/.local/lib/python3.7/site-packages/airflow/example_dags/example_short_circuit_operator.py
[2025-02-13T17:34:06.685+0000] {processor.py:756} INFO - Processing file /home/airflow/.local/lib/python3.7/site-packages/airflow/example_dags/example_short_circuit_operator.py for tasks to queue
[2025-02-13T17:34:06.687+0000] {logging_mixin.py:137} INFO - [2025-02-13T17:34:06.687+0000] {dagbag.py:537} INFO - Filling up the DagBag from /home/airflow/.local/lib/python3.7/site-packages/airflow/example_dags/example_short_circuit_operator.py
[2025-02-13T17:34:06.725+0000] {processor.py:766} INFO - DAG(s) dict_keys(['example_short_circuit_operator']) retrieved from /home/airflow/.local/lib/python3.7/site-packages/airflow/example_dags/example_short_circuit_operator.py
[2025-02-13T17:34:06.809+0000] {logging_mixin.py:137} INFO - [2025-02-13T17:34:06.809+0000] {dag.py:2585} INFO - Sync 1 DAGs
[2025-02-13T17:34:06.857+0000] {logging_mixin.py:137} INFO - [2025-02-13T17:34:06.857+0000] {dag.py:3340} INFO - Setting next_dagrun for example_short_circuit_operator to 2025-02-12T17:34:06.857248+00:00, run_after=2025-02-13T17:34:06.857248+00:00
[2025-02-13T17:34:06.903+0000] {processor.py:176} INFO - Processing /home/airflow/.local/lib/python3.7/site-packages/airflow/example_dags/example_short_circuit_operator.py took 0.231 seconds
[2025-02-13T17:34:37.401+0000] {processor.py:154} INFO - Started process (PID=3504) to work on /home/airflow/.local/lib/python3.7/site-packages/airflow/example_dags/example_short_circuit_operator.py
[2025-02-13T17:34:37.404+0000] {processor.py:756} INFO - Processing file /home/airflow/.local/lib/python3.7/site-packages/airflow/example_dags/example_short_circuit_operator.py for tasks to queue
[2025-02-13T17:34:37.406+0000] {logging_mixin.py:137} INFO - [2025-02-13T17:34:37.405+0000] {dagbag.py:537} INFO - Filling up the DagBag from /home/airflow/.local/lib/python3.7/site-packages/airflow/example_dags/example_short_circuit_operator.py
[2025-02-13T17:34:37.440+0000] {processor.py:766} INFO - DAG(s) dict_keys(['example_short_circuit_operator']) retrieved from /home/airflow/.local/lib/python3.7/site-packages/airflow/example_dags/example_short_circuit_operator.py
[2025-02-13T17:34:37.513+0000] {logging_mixin.py:137} INFO - [2025-02-13T17:34:37.513+0000] {dag.py:2585} INFO - Sync 1 DAGs
[2025-02-13T17:34:37.560+0000] {logging_mixin.py:137} INFO - [2025-02-13T17:34:37.560+0000] {dag.py:3340} INFO - Setting next_dagrun for example_short_circuit_operator to 2025-02-12T17:34:37.559707+00:00, run_after=2025-02-13T17:34:37.559707+00:00
[2025-02-13T17:34:37.604+0000] {processor.py:176} INFO - Processing /home/airflow/.local/lib/python3.7/site-packages/airflow/example_dags/example_short_circuit_operator.py took 0.219 seconds
[2025-02-13T17:35:07.711+0000] {processor.py:154} INFO - Started process (PID=3684) to work on /home/airflow/.local/lib/python3.7/site-packages/airflow/example_dags/example_short_circuit_operator.py
[2025-02-13T17:35:07.713+0000] {processor.py:756} INFO - Processing file /home/airflow/.local/lib/python3.7/site-packages/airflow/example_dags/example_short_circuit_operator.py for tasks to queue
[2025-02-13T17:35:07.715+0000] {logging_mixin.py:137} INFO - [2025-02-13T17:35:07.715+0000] {dagbag.py:537} INFO - Filling up the DagBag from /home/airflow/.local/lib/python3.7/site-packages/airflow/example_dags/example_short_circuit_operator.py
[2025-02-13T17:35:07.744+0000] {processor.py:766} INFO - DAG(s) dict_keys(['example_short_circuit_operator']) retrieved from /home/airflow/.local/lib/python3.7/site-packages/airflow/example_dags/example_short_circuit_operator.py
[2025-02-13T17:35:07.824+0000] {logging_mixin.py:137} INFO - [2025-02-13T17:35:07.824+0000] {dag.py:2585} INFO - Sync 1 DAGs
[2025-02-13T17:35:07.881+0000] {logging_mixin.py:137} INFO - [2025-02-13T17:35:07.881+0000] {dag.py:3340} INFO - Setting next_dagrun for example_short_circuit_operator to 2025-02-12T17:35:07.880500+00:00, run_after=2025-02-13T17:35:07.880500+00:00
[2025-02-13T17:35:07.929+0000] {processor.py:176} INFO - Processing /home/airflow/.local/lib/python3.7/site-packages/airflow/example_dags/example_short_circuit_operator.py took 0.224 seconds
[2025-02-13T17:35:38.072+0000] {processor.py:154} INFO - Started process (PID=3862) to work on /home/airflow/.local/lib/python3.7/site-packages/airflow/example_dags/example_short_circuit_operator.py
[2025-02-13T17:35:38.074+0000] {processor.py:756} INFO - Processing file /home/airflow/.local/lib/python3.7/site-packages/airflow/example_dags/example_short_circuit_operator.py for tasks to queue
[2025-02-13T17:35:38.076+0000] {logging_mixin.py:137} INFO - [2025-02-13T17:35:38.076+0000] {dagbag.py:537} INFO - Filling up the DagBag from /home/airflow/.local/lib/python3.7/site-packages/airflow/example_dags/example_short_circuit_operator.py
[2025-02-13T17:35:38.125+0000] {processor.py:766} INFO - DAG(s) dict_keys(['example_short_circuit_operator']) retrieved from /home/airflow/.local/lib/python3.7/site-packages/airflow/example_dags/example_short_circuit_operator.py
[2025-02-13T17:35:38.200+0000] {logging_mixin.py:137} INFO - [2025-02-13T17:35:38.199+0000] {dag.py:2585} INFO - Sync 1 DAGs
[2025-02-13T17:35:38.253+0000] {logging_mixin.py:137} INFO - [2025-02-13T17:35:38.252+0000] {dag.py:3340} INFO - Setting next_dagrun for example_short_circuit_operator to 2025-02-12T17:35:38.251928+00:00, run_after=2025-02-13T17:35:38.251928+00:00
[2025-02-13T17:35:38.337+0000] {processor.py:176} INFO - Processing /home/airflow/.local/lib/python3.7/site-packages/airflow/example_dags/example_short_circuit_operator.py took 0.272 seconds
[2025-02-13T17:36:08.427+0000] {processor.py:154} INFO - Started process (PID=4042) to work on /home/airflow/.local/lib/python3.7/site-packages/airflow/example_dags/example_short_circuit_operator.py
[2025-02-13T17:36:08.428+0000] {processor.py:756} INFO - Processing file /home/airflow/.local/lib/python3.7/site-packages/airflow/example_dags/example_short_circuit_operator.py for tasks to queue
[2025-02-13T17:36:08.430+0000] {logging_mixin.py:137} INFO - [2025-02-13T17:36:08.430+0000] {dagbag.py:537} INFO - Filling up the DagBag from /home/airflow/.local/lib/python3.7/site-packages/airflow/example_dags/example_short_circuit_operator.py
[2025-02-13T17:36:08.467+0000] {processor.py:766} INFO - DAG(s) dict_keys(['example_short_circuit_operator']) retrieved from /home/airflow/.local/lib/python3.7/site-packages/airflow/example_dags/example_short_circuit_operator.py
[2025-02-13T17:36:08.548+0000] {logging_mixin.py:137} INFO - [2025-02-13T17:36:08.547+0000] {dag.py:2585} INFO - Sync 1 DAGs
[2025-02-13T17:36:08.624+0000] {logging_mixin.py:137} INFO - [2025-02-13T17:36:08.623+0000] {dag.py:3340} INFO - Setting next_dagrun for example_short_circuit_operator to 2025-02-12T17:36:08.623351+00:00, run_after=2025-02-13T17:36:08.623351+00:00
[2025-02-13T17:36:08.673+0000] {processor.py:176} INFO - Processing /home/airflow/.local/lib/python3.7/site-packages/airflow/example_dags/example_short_circuit_operator.py took 0.253 seconds
[2025-02-13T17:36:38.910+0000] {processor.py:154} INFO - Started process (PID=4224) to work on /home/airflow/.local/lib/python3.7/site-packages/airflow/example_dags/example_short_circuit_operator.py
[2025-02-13T17:36:38.913+0000] {processor.py:756} INFO - Processing file /home/airflow/.local/lib/python3.7/site-packages/airflow/example_dags/example_short_circuit_operator.py for tasks to queue
[2025-02-13T17:36:38.915+0000] {logging_mixin.py:137} INFO - [2025-02-13T17:36:38.915+0000] {dagbag.py:537} INFO - Filling up the DagBag from /home/airflow/.local/lib/python3.7/site-packages/airflow/example_dags/example_short_circuit_operator.py
[2025-02-13T17:36:38.950+0000] {processor.py:766} INFO - DAG(s) dict_keys(['example_short_circuit_operator']) retrieved from /home/airflow/.local/lib/python3.7/site-packages/airflow/example_dags/example_short_circuit_operator.py
[2025-02-13T17:36:39.041+0000] {logging_mixin.py:137} INFO - [2025-02-13T17:36:39.041+0000] {dag.py:2585} INFO - Sync 1 DAGs
[2025-02-13T17:36:39.099+0000] {logging_mixin.py:137} INFO - [2025-02-13T17:36:39.099+0000] {dag.py:3340} INFO - Setting next_dagrun for example_short_circuit_operator to 2025-02-12T17:36:39.098267+00:00, run_after=2025-02-13T17:36:39.098267+00:00
[2025-02-13T17:36:39.139+0000] {processor.py:176} INFO - Processing /home/airflow/.local/lib/python3.7/site-packages/airflow/example_dags/example_short_circuit_operator.py took 0.235 seconds
[2025-02-13T17:37:09.271+0000] {processor.py:154} INFO - Started process (PID=4402) to work on /home/airflow/.local/lib/python3.7/site-packages/airflow/example_dags/example_short_circuit_operator.py
[2025-02-13T17:37:09.273+0000] {processor.py:756} INFO - Processing file /home/airflow/.local/lib/python3.7/site-packages/airflow/example_dags/example_short_circuit_operator.py for tasks to queue
[2025-02-13T17:37:09.274+0000] {logging_mixin.py:137} INFO - [2025-02-13T17:37:09.274+0000] {dagbag.py:537} INFO - Filling up the DagBag from /home/airflow/.local/lib/python3.7/site-packages/airflow/example_dags/example_short_circuit_operator.py
[2025-02-13T17:37:09.314+0000] {processor.py:766} INFO - DAG(s) dict_keys(['example_short_circuit_operator']) retrieved from /home/airflow/.local/lib/python3.7/site-packages/airflow/example_dags/example_short_circuit_operator.py
[2025-02-13T17:37:09.387+0000] {logging_mixin.py:137} INFO - [2025-02-13T17:37:09.387+0000] {dag.py:2585} INFO - Sync 1 DAGs
[2025-02-13T17:37:09.438+0000] {logging_mixin.py:137} INFO - [2025-02-13T17:37:09.438+0000] {dag.py:3340} INFO - Setting next_dagrun for example_short_circuit_operator to 2025-02-12T17:37:09.438013+00:00, run_after=2025-02-13T17:37:09.438013+00:00
[2025-02-13T17:37:09.479+0000] {processor.py:176} INFO - Processing /home/airflow/.local/lib/python3.7/site-packages/airflow/example_dags/example_short_circuit_operator.py took 0.214 seconds
[2025-02-13T17:37:39.761+0000] {processor.py:154} INFO - Started process (PID=4582) to work on /home/airflow/.local/lib/python3.7/site-packages/airflow/example_dags/example_short_circuit_operator.py
[2025-02-13T17:37:39.764+0000] {processor.py:756} INFO - Processing file /home/airflow/.local/lib/python3.7/site-packages/airflow/example_dags/example_short_circuit_operator.py for tasks to queue
[2025-02-13T17:37:39.766+0000] {logging_mixin.py:137} INFO - [2025-02-13T17:37:39.765+0000] {dagbag.py:537} INFO - Filling up the DagBag from /home/airflow/.local/lib/python3.7/site-packages/airflow/example_dags/example_short_circuit_operator.py
[2025-02-13T17:37:39.801+0000] {processor.py:766} INFO - DAG(s) dict_keys(['example_short_circuit_operator']) retrieved from /home/airflow/.local/lib/python3.7/site-packages/airflow/example_dags/example_short_circuit_operator.py
[2025-02-13T17:37:39.884+0000] {logging_mixin.py:137} INFO - [2025-02-13T17:37:39.884+0000] {dag.py:2585} INFO - Sync 1 DAGs
[2025-02-13T17:37:39.937+0000] {logging_mixin.py:137} INFO - [2025-02-13T17:37:39.936+0000] {dag.py:3340} INFO - Setting next_dagrun for example_short_circuit_operator to 2025-02-12T17:37:39.935971+00:00, run_after=2025-02-13T17:37:39.935971+00:00
[2025-02-13T17:37:39.981+0000] {processor.py:176} INFO - Processing /home/airflow/.local/lib/python3.7/site-packages/airflow/example_dags/example_short_circuit_operator.py took 0.226 seconds
[2025-02-13T17:38:10.156+0000] {processor.py:154} INFO - Started process (PID=4762) to work on /home/airflow/.local/lib/python3.7/site-packages/airflow/example_dags/example_short_circuit_operator.py
[2025-02-13T17:38:10.158+0000] {processor.py:756} INFO - Processing file /home/airflow/.local/lib/python3.7/site-packages/airflow/example_dags/example_short_circuit_operator.py for tasks to queue
[2025-02-13T17:38:10.160+0000] {logging_mixin.py:137} INFO - [2025-02-13T17:38:10.159+0000] {dagbag.py:537} INFO - Filling up the DagBag from /home/airflow/.local/lib/python3.7/site-packages/airflow/example_dags/example_short_circuit_operator.py
[2025-02-13T17:38:10.202+0000] {processor.py:766} INFO - DAG(s) dict_keys(['example_short_circuit_operator']) retrieved from /home/airflow/.local/lib/python3.7/site-packages/airflow/example_dags/example_short_circuit_operator.py
[2025-02-13T17:38:10.286+0000] {logging_mixin.py:137} INFO - [2025-02-13T17:38:10.286+0000] {dag.py:2585} INFO - Sync 1 DAGs
[2025-02-13T17:38:10.337+0000] {logging_mixin.py:137} INFO - [2025-02-13T17:38:10.337+0000] {dag.py:3340} INFO - Setting next_dagrun for example_short_circuit_operator to 2025-02-12T17:38:10.336750+00:00, run_after=2025-02-13T17:38:10.336750+00:00
[2025-02-13T17:38:10.375+0000] {processor.py:176} INFO - Processing /home/airflow/.local/lib/python3.7/site-packages/airflow/example_dags/example_short_circuit_operator.py took 0.226 seconds
[2025-02-13T17:38:41.136+0000] {processor.py:154} INFO - Started process (PID=4942) to work on /home/airflow/.local/lib/python3.7/site-packages/airflow/example_dags/example_short_circuit_operator.py
[2025-02-13T17:38:41.138+0000] {processor.py:756} INFO - Processing file /home/airflow/.local/lib/python3.7/site-packages/airflow/example_dags/example_short_circuit_operator.py for tasks to queue
[2025-02-13T17:38:41.142+0000] {logging_mixin.py:137} INFO - [2025-02-13T17:38:41.142+0000] {dagbag.py:537} INFO - Filling up the DagBag from /home/airflow/.local/lib/python3.7/site-packages/airflow/example_dags/example_short_circuit_operator.py
[2025-02-13T17:38:41.177+0000] {processor.py:766} INFO - DAG(s) dict_keys(['example_short_circuit_operator']) retrieved from /home/airflow/.local/lib/python3.7/site-packages/airflow/example_dags/example_short_circuit_operator.py
[2025-02-13T17:38:41.257+0000] {logging_mixin.py:137} INFO - [2025-02-13T17:38:41.257+0000] {dag.py:2585} INFO - Sync 1 DAGs
[2025-02-13T17:38:41.309+0000] {logging_mixin.py:137} INFO - [2025-02-13T17:38:41.308+0000] {dag.py:3340} INFO - Setting next_dagrun for example_short_circuit_operator to 2025-02-12T17:38:41.308088+00:00, run_after=2025-02-13T17:38:41.308088+00:00
[2025-02-13T17:38:41.349+0000] {processor.py:176} INFO - Processing /home/airflow/.local/lib/python3.7/site-packages/airflow/example_dags/example_short_circuit_operator.py took 0.221 seconds
[2025-02-13T17:39:40.565+0000] {processor.py:154} INFO - Started process (PID=5129) to work on /home/airflow/.local/lib/python3.7/site-packages/airflow/example_dags/example_short_circuit_operator.py
[2025-02-13T17:39:40.566+0000] {processor.py:756} INFO - Processing file /home/airflow/.local/lib/python3.7/site-packages/airflow/example_dags/example_short_circuit_operator.py for tasks to queue
[2025-02-13T17:39:40.567+0000] {logging_mixin.py:137} INFO - [2025-02-13T17:39:40.567+0000] {dagbag.py:537} INFO - Filling up the DagBag from /home/airflow/.local/lib/python3.7/site-packages/airflow/example_dags/example_short_circuit_operator.py
[2025-02-13T17:39:40.582+0000] {processor.py:766} INFO - DAG(s) dict_keys(['example_short_circuit_operator']) retrieved from /home/airflow/.local/lib/python3.7/site-packages/airflow/example_dags/example_short_circuit_operator.py
[2025-02-13T17:39:40.625+0000] {logging_mixin.py:137} INFO - [2025-02-13T17:39:40.625+0000] {dag.py:2585} INFO - Sync 1 DAGs
[2025-02-13T17:39:40.651+0000] {logging_mixin.py:137} INFO - [2025-02-13T17:39:40.651+0000] {dag.py:3340} INFO - Setting next_dagrun for example_short_circuit_operator to 2025-02-12T17:39:40.651314+00:00, run_after=2025-02-13T17:39:40.651314+00:00
[2025-02-13T17:39:40.680+0000] {processor.py:176} INFO - Processing /home/airflow/.local/lib/python3.7/site-packages/airflow/example_dags/example_short_circuit_operator.py took 0.117 seconds
[2025-02-13T17:40:11.718+0000] {processor.py:154} INFO - Started process (PID=5309) to work on /home/airflow/.local/lib/python3.7/site-packages/airflow/example_dags/example_short_circuit_operator.py
[2025-02-13T17:40:11.722+0000] {processor.py:756} INFO - Processing file /home/airflow/.local/lib/python3.7/site-packages/airflow/example_dags/example_short_circuit_operator.py for tasks to queue
[2025-02-13T17:40:11.725+0000] {logging_mixin.py:137} INFO - [2025-02-13T17:40:11.725+0000] {dagbag.py:537} INFO - Filling up the DagBag from /home/airflow/.local/lib/python3.7/site-packages/airflow/example_dags/example_short_circuit_operator.py
[2025-02-13T17:40:11.749+0000] {processor.py:766} INFO - DAG(s) dict_keys(['example_short_circuit_operator']) retrieved from /home/airflow/.local/lib/python3.7/site-packages/airflow/example_dags/example_short_circuit_operator.py
[2025-02-13T17:40:11.852+0000] {logging_mixin.py:137} INFO - [2025-02-13T17:40:11.852+0000] {dag.py:2585} INFO - Sync 1 DAGs
[2025-02-13T17:40:11.908+0000] {logging_mixin.py:137} INFO - [2025-02-13T17:40:11.908+0000] {dag.py:3340} INFO - Setting next_dagrun for example_short_circuit_operator to 2025-02-12T17:40:11.908114+00:00, run_after=2025-02-13T17:40:11.908114+00:00
[2025-02-13T17:40:11.948+0000] {processor.py:176} INFO - Processing /home/airflow/.local/lib/python3.7/site-packages/airflow/example_dags/example_short_circuit_operator.py took 0.240 seconds
[2025-02-13T17:40:43.152+0000] {processor.py:154} INFO - Started process (PID=5491) to work on /home/airflow/.local/lib/python3.7/site-packages/airflow/example_dags/example_short_circuit_operator.py
[2025-02-13T17:40:43.155+0000] {processor.py:756} INFO - Processing file /home/airflow/.local/lib/python3.7/site-packages/airflow/example_dags/example_short_circuit_operator.py for tasks to queue
[2025-02-13T17:40:43.158+0000] {logging_mixin.py:137} INFO - [2025-02-13T17:40:43.157+0000] {dagbag.py:537} INFO - Filling up the DagBag from /home/airflow/.local/lib/python3.7/site-packages/airflow/example_dags/example_short_circuit_operator.py
[2025-02-13T17:40:43.195+0000] {processor.py:766} INFO - DAG(s) dict_keys(['example_short_circuit_operator']) retrieved from /home/airflow/.local/lib/python3.7/site-packages/airflow/example_dags/example_short_circuit_operator.py
[2025-02-13T17:40:43.350+0000] {logging_mixin.py:137} INFO - [2025-02-13T17:40:43.349+0000] {dag.py:2585} INFO - Sync 1 DAGs
[2025-02-13T17:40:43.410+0000] {logging_mixin.py:137} INFO - [2025-02-13T17:40:43.410+0000] {dag.py:3340} INFO - Setting next_dagrun for example_short_circuit_operator to 2025-02-12T17:40:43.410268+00:00, run_after=2025-02-13T17:40:43.410268+00:00
[2025-02-13T17:40:43.456+0000] {processor.py:176} INFO - Processing /home/airflow/.local/lib/python3.7/site-packages/airflow/example_dags/example_short_circuit_operator.py took 0.312 seconds
[2025-02-13T17:41:13.806+0000] {processor.py:154} INFO - Started process (PID=5669) to work on /home/airflow/.local/lib/python3.7/site-packages/airflow/example_dags/example_short_circuit_operator.py
[2025-02-13T17:41:13.809+0000] {processor.py:756} INFO - Processing file /home/airflow/.local/lib/python3.7/site-packages/airflow/example_dags/example_short_circuit_operator.py for tasks to queue
[2025-02-13T17:41:13.810+0000] {logging_mixin.py:137} INFO - [2025-02-13T17:41:13.810+0000] {dagbag.py:537} INFO - Filling up the DagBag from /home/airflow/.local/lib/python3.7/site-packages/airflow/example_dags/example_short_circuit_operator.py
[2025-02-13T17:41:13.839+0000] {processor.py:766} INFO - DAG(s) dict_keys(['example_short_circuit_operator']) retrieved from /home/airflow/.local/lib/python3.7/site-packages/airflow/example_dags/example_short_circuit_operator.py
[2025-02-13T17:41:13.917+0000] {logging_mixin.py:137} INFO - [2025-02-13T17:41:13.917+0000] {dag.py:2585} INFO - Sync 1 DAGs
[2025-02-13T17:41:13.983+0000] {logging_mixin.py:137} INFO - [2025-02-13T17:41:13.983+0000] {dag.py:3340} INFO - Setting next_dagrun for example_short_circuit_operator to 2025-02-12T17:41:13.982183+00:00, run_after=2025-02-13T17:41:13.982183+00:00
[2025-02-13T17:41:14.031+0000] {processor.py:176} INFO - Processing /home/airflow/.local/lib/python3.7/site-packages/airflow/example_dags/example_short_circuit_operator.py took 0.232 seconds
[2025-02-13T17:41:44.556+0000] {processor.py:154} INFO - Started process (PID=5849) to work on /home/airflow/.local/lib/python3.7/site-packages/airflow/example_dags/example_short_circuit_operator.py
[2025-02-13T17:41:44.558+0000] {processor.py:756} INFO - Processing file /home/airflow/.local/lib/python3.7/site-packages/airflow/example_dags/example_short_circuit_operator.py for tasks to queue
[2025-02-13T17:41:44.560+0000] {logging_mixin.py:137} INFO - [2025-02-13T17:41:44.559+0000] {dagbag.py:537} INFO - Filling up the DagBag from /home/airflow/.local/lib/python3.7/site-packages/airflow/example_dags/example_short_circuit_operator.py
[2025-02-13T17:41:44.588+0000] {processor.py:766} INFO - DAG(s) dict_keys(['example_short_circuit_operator']) retrieved from /home/airflow/.local/lib/python3.7/site-packages/airflow/example_dags/example_short_circuit_operator.py
[2025-02-13T17:41:44.664+0000] {logging_mixin.py:137} INFO - [2025-02-13T17:41:44.663+0000] {dag.py:2585} INFO - Sync 1 DAGs
[2025-02-13T17:41:44.714+0000] {logging_mixin.py:137} INFO - [2025-02-13T17:41:44.713+0000] {dag.py:3340} INFO - Setting next_dagrun for example_short_circuit_operator to 2025-02-12T17:41:44.712876+00:00, run_after=2025-02-13T17:41:44.712876+00:00
[2025-02-13T17:41:44.754+0000] {processor.py:176} INFO - Processing /home/airflow/.local/lib/python3.7/site-packages/airflow/example_dags/example_short_circuit_operator.py took 0.204 seconds
[2025-02-13T17:42:15.021+0000] {processor.py:154} INFO - Started process (PID=6029) to work on /home/airflow/.local/lib/python3.7/site-packages/airflow/example_dags/example_short_circuit_operator.py
[2025-02-13T17:42:15.024+0000] {processor.py:756} INFO - Processing file /home/airflow/.local/lib/python3.7/site-packages/airflow/example_dags/example_short_circuit_operator.py for tasks to queue
[2025-02-13T17:42:15.027+0000] {logging_mixin.py:137} INFO - [2025-02-13T17:42:15.026+0000] {dagbag.py:537} INFO - Filling up the DagBag from /home/airflow/.local/lib/python3.7/site-packages/airflow/example_dags/example_short_circuit_operator.py
[2025-02-13T17:42:15.062+0000] {processor.py:766} INFO - DAG(s) dict_keys(['example_short_circuit_operator']) retrieved from /home/airflow/.local/lib/python3.7/site-packages/airflow/example_dags/example_short_circuit_operator.py
[2025-02-13T17:42:15.145+0000] {logging_mixin.py:137} INFO - [2025-02-13T17:42:15.144+0000] {dag.py:2585} INFO - Sync 1 DAGs
[2025-02-13T17:42:15.201+0000] {logging_mixin.py:137} INFO - [2025-02-13T17:42:15.200+0000] {dag.py:3340} INFO - Setting next_dagrun for example_short_circuit_operator to 2025-02-12T17:42:15.200269+00:00, run_after=2025-02-13T17:42:15.200269+00:00
[2025-02-13T17:42:15.257+0000] {processor.py:176} INFO - Processing /home/airflow/.local/lib/python3.7/site-packages/airflow/example_dags/example_short_circuit_operator.py took 0.241 seconds
[2025-02-13T17:42:45.822+0000] {processor.py:154} INFO - Started process (PID=6209) to work on /home/airflow/.local/lib/python3.7/site-packages/airflow/example_dags/example_short_circuit_operator.py
[2025-02-13T17:42:45.824+0000] {processor.py:756} INFO - Processing file /home/airflow/.local/lib/python3.7/site-packages/airflow/example_dags/example_short_circuit_operator.py for tasks to queue
[2025-02-13T17:42:45.826+0000] {logging_mixin.py:137} INFO - [2025-02-13T17:42:45.825+0000] {dagbag.py:537} INFO - Filling up the DagBag from /home/airflow/.local/lib/python3.7/site-packages/airflow/example_dags/example_short_circuit_operator.py
[2025-02-13T17:42:45.854+0000] {processor.py:766} INFO - DAG(s) dict_keys(['example_short_circuit_operator']) retrieved from /home/airflow/.local/lib/python3.7/site-packages/airflow/example_dags/example_short_circuit_operator.py
[2025-02-13T17:42:45.909+0000] {logging_mixin.py:137} INFO - [2025-02-13T17:42:45.909+0000] {dag.py:2585} INFO - Sync 1 DAGs
[2025-02-13T17:42:45.945+0000] {logging_mixin.py:137} INFO - [2025-02-13T17:42:45.944+0000] {dag.py:3340} INFO - Setting next_dagrun for example_short_circuit_operator to 2025-02-12T17:42:45.944621+00:00, run_after=2025-02-13T17:42:45.944621+00:00
[2025-02-13T17:42:45.980+0000] {processor.py:176} INFO - Processing /home/airflow/.local/lib/python3.7/site-packages/airflow/example_dags/example_short_circuit_operator.py took 0.163 seconds
[2025-02-13T17:43:16.694+0000] {processor.py:154} INFO - Started process (PID=6389) to work on /home/airflow/.local/lib/python3.7/site-packages/airflow/example_dags/example_short_circuit_operator.py
[2025-02-13T17:43:16.697+0000] {processor.py:756} INFO - Processing file /home/airflow/.local/lib/python3.7/site-packages/airflow/example_dags/example_short_circuit_operator.py for tasks to queue
[2025-02-13T17:43:16.699+0000] {logging_mixin.py:137} INFO - [2025-02-13T17:43:16.698+0000] {dagbag.py:537} INFO - Filling up the DagBag from /home/airflow/.local/lib/python3.7/site-packages/airflow/example_dags/example_short_circuit_operator.py
[2025-02-13T17:43:16.726+0000] {processor.py:766} INFO - DAG(s) dict_keys(['example_short_circuit_operator']) retrieved from /home/airflow/.local/lib/python3.7/site-packages/airflow/example_dags/example_short_circuit_operator.py
[2025-02-13T17:43:16.796+0000] {logging_mixin.py:137} INFO - [2025-02-13T17:43:16.796+0000] {dag.py:2585} INFO - Sync 1 DAGs
[2025-02-13T17:43:16.843+0000] {logging_mixin.py:137} INFO - [2025-02-13T17:43:16.843+0000] {dag.py:3340} INFO - Setting next_dagrun for example_short_circuit_operator to 2025-02-12T17:43:16.843241+00:00, run_after=2025-02-13T17:43:16.843241+00:00
[2025-02-13T17:43:16.881+0000] {processor.py:176} INFO - Processing /home/airflow/.local/lib/python3.7/site-packages/airflow/example_dags/example_short_circuit_operator.py took 0.191 seconds
[2025-02-13T17:43:47.395+0000] {processor.py:154} INFO - Started process (PID=6569) to work on /home/airflow/.local/lib/python3.7/site-packages/airflow/example_dags/example_short_circuit_operator.py
[2025-02-13T17:43:47.397+0000] {processor.py:756} INFO - Processing file /home/airflow/.local/lib/python3.7/site-packages/airflow/example_dags/example_short_circuit_operator.py for tasks to queue
[2025-02-13T17:43:47.398+0000] {logging_mixin.py:137} INFO - [2025-02-13T17:43:47.398+0000] {dagbag.py:537} INFO - Filling up the DagBag from /home/airflow/.local/lib/python3.7/site-packages/airflow/example_dags/example_short_circuit_operator.py
[2025-02-13T17:43:47.428+0000] {processor.py:766} INFO - DAG(s) dict_keys(['example_short_circuit_operator']) retrieved from /home/airflow/.local/lib/python3.7/site-packages/airflow/example_dags/example_short_circuit_operator.py
[2025-02-13T17:43:47.499+0000] {logging_mixin.py:137} INFO - [2025-02-13T17:43:47.499+0000] {dag.py:2585} INFO - Sync 1 DAGs
[2025-02-13T17:43:47.542+0000] {logging_mixin.py:137} INFO - [2025-02-13T17:43:47.541+0000] {dag.py:3340} INFO - Setting next_dagrun for example_short_circuit_operator to 2025-02-12T17:43:47.541365+00:00, run_after=2025-02-13T17:43:47.541365+00:00
[2025-02-13T17:43:47.585+0000] {processor.py:176} INFO - Processing /home/airflow/.local/lib/python3.7/site-packages/airflow/example_dags/example_short_circuit_operator.py took 0.195 seconds
[2025-02-13T17:44:17.932+0000] {processor.py:154} INFO - Started process (PID=6748) to work on /home/airflow/.local/lib/python3.7/site-packages/airflow/example_dags/example_short_circuit_operator.py
[2025-02-13T17:44:17.935+0000] {processor.py:756} INFO - Processing file /home/airflow/.local/lib/python3.7/site-packages/airflow/example_dags/example_short_circuit_operator.py for tasks to queue
[2025-02-13T17:44:17.938+0000] {logging_mixin.py:137} INFO - [2025-02-13T17:44:17.937+0000] {dagbag.py:537} INFO - Filling up the DagBag from /home/airflow/.local/lib/python3.7/site-packages/airflow/example_dags/example_short_circuit_operator.py
[2025-02-13T17:44:17.979+0000] {processor.py:766} INFO - DAG(s) dict_keys(['example_short_circuit_operator']) retrieved from /home/airflow/.local/lib/python3.7/site-packages/airflow/example_dags/example_short_circuit_operator.py
[2025-02-13T17:44:18.092+0000] {logging_mixin.py:137} INFO - [2025-02-13T17:44:18.091+0000] {dag.py:2585} INFO - Sync 1 DAGs
[2025-02-13T17:44:18.167+0000] {logging_mixin.py:137} INFO - [2025-02-13T17:44:18.167+0000] {dag.py:3340} INFO - Setting next_dagrun for example_short_circuit_operator to 2025-02-12T17:44:18.166412+00:00, run_after=2025-02-13T17:44:18.166412+00:00
[2025-02-13T17:44:18.241+0000] {processor.py:176} INFO - Processing /home/airflow/.local/lib/python3.7/site-packages/airflow/example_dags/example_short_circuit_operator.py took 0.320 seconds
[2025-02-13T17:44:48.563+0000] {processor.py:154} INFO - Started process (PID=6926) to work on /home/airflow/.local/lib/python3.7/site-packages/airflow/example_dags/example_short_circuit_operator.py
[2025-02-13T17:44:48.565+0000] {processor.py:756} INFO - Processing file /home/airflow/.local/lib/python3.7/site-packages/airflow/example_dags/example_short_circuit_operator.py for tasks to queue
[2025-02-13T17:44:48.568+0000] {logging_mixin.py:137} INFO - [2025-02-13T17:44:48.567+0000] {dagbag.py:537} INFO - Filling up the DagBag from /home/airflow/.local/lib/python3.7/site-packages/airflow/example_dags/example_short_circuit_operator.py
[2025-02-13T17:44:48.591+0000] {processor.py:766} INFO - DAG(s) dict_keys(['example_short_circuit_operator']) retrieved from /home/airflow/.local/lib/python3.7/site-packages/airflow/example_dags/example_short_circuit_operator.py
[2025-02-13T17:44:48.651+0000] {logging_mixin.py:137} INFO - [2025-02-13T17:44:48.651+0000] {dag.py:2585} INFO - Sync 1 DAGs
[2025-02-13T17:44:48.693+0000] {logging_mixin.py:137} INFO - [2025-02-13T17:44:48.693+0000] {dag.py:3340} INFO - Setting next_dagrun for example_short_circuit_operator to 2025-02-12T17:44:48.693404+00:00, run_after=2025-02-13T17:44:48.693404+00:00
[2025-02-13T17:44:48.729+0000] {processor.py:176} INFO - Processing /home/airflow/.local/lib/python3.7/site-packages/airflow/example_dags/example_short_circuit_operator.py took 0.171 seconds
[2025-02-13T17:45:18.791+0000] {processor.py:154} INFO - Started process (PID=7106) to work on /home/airflow/.local/lib/python3.7/site-packages/airflow/example_dags/example_short_circuit_operator.py
[2025-02-13T17:45:18.793+0000] {processor.py:756} INFO - Processing file /home/airflow/.local/lib/python3.7/site-packages/airflow/example_dags/example_short_circuit_operator.py for tasks to queue
[2025-02-13T17:45:18.795+0000] {logging_mixin.py:137} INFO - [2025-02-13T17:45:18.795+0000] {dagbag.py:537} INFO - Filling up the DagBag from /home/airflow/.local/lib/python3.7/site-packages/airflow/example_dags/example_short_circuit_operator.py
[2025-02-13T17:45:18.821+0000] {processor.py:766} INFO - DAG(s) dict_keys(['example_short_circuit_operator']) retrieved from /home/airflow/.local/lib/python3.7/site-packages/airflow/example_dags/example_short_circuit_operator.py
[2025-02-13T17:45:18.890+0000] {logging_mixin.py:137} INFO - [2025-02-13T17:45:18.889+0000] {dag.py:2585} INFO - Sync 1 DAGs
[2025-02-13T17:45:18.927+0000] {logging_mixin.py:137} INFO - [2025-02-13T17:45:18.926+0000] {dag.py:3340} INFO - Setting next_dagrun for example_short_circuit_operator to 2025-02-12T17:45:18.926402+00:00, run_after=2025-02-13T17:45:18.926402+00:00
[2025-02-13T17:45:18.963+0000] {processor.py:176} INFO - Processing /home/airflow/.local/lib/python3.7/site-packages/airflow/example_dags/example_short_circuit_operator.py took 0.179 seconds
[2025-02-13T17:45:49.081+0000] {processor.py:154} INFO - Started process (PID=7284) to work on /home/airflow/.local/lib/python3.7/site-packages/airflow/example_dags/example_short_circuit_operator.py
[2025-02-13T17:45:49.083+0000] {processor.py:756} INFO - Processing file /home/airflow/.local/lib/python3.7/site-packages/airflow/example_dags/example_short_circuit_operator.py for tasks to queue
[2025-02-13T17:45:49.084+0000] {logging_mixin.py:137} INFO - [2025-02-13T17:45:49.084+0000] {dagbag.py:537} INFO - Filling up the DagBag from /home/airflow/.local/lib/python3.7/site-packages/airflow/example_dags/example_short_circuit_operator.py
[2025-02-13T17:45:49.104+0000] {processor.py:766} INFO - DAG(s) dict_keys(['example_short_circuit_operator']) retrieved from /home/airflow/.local/lib/python3.7/site-packages/airflow/example_dags/example_short_circuit_operator.py
[2025-02-13T17:45:49.185+0000] {logging_mixin.py:137} INFO - [2025-02-13T17:45:49.185+0000] {dag.py:2585} INFO - Sync 1 DAGs
[2025-02-13T17:45:49.245+0000] {logging_mixin.py:137} INFO - [2025-02-13T17:45:49.244+0000] {dag.py:3340} INFO - Setting next_dagrun for example_short_circuit_operator to 2025-02-12T17:45:49.244473+00:00, run_after=2025-02-13T17:45:49.244473+00:00
[2025-02-13T17:45:49.281+0000] {processor.py:176} INFO - Processing /home/airflow/.local/lib/python3.7/site-packages/airflow/example_dags/example_short_circuit_operator.py took 0.203 seconds
[2025-02-13T17:47:37.355+0000] {processor.py:154} INFO - Started process (PID=266) to work on /home/airflow/.local/lib/python3.7/site-packages/airflow/example_dags/example_short_circuit_operator.py
[2025-02-13T17:47:37.359+0000] {processor.py:756} INFO - Processing file /home/airflow/.local/lib/python3.7/site-packages/airflow/example_dags/example_short_circuit_operator.py for tasks to queue
[2025-02-13T17:47:37.362+0000] {logging_mixin.py:137} INFO - [2025-02-13T17:47:37.361+0000] {dagbag.py:537} INFO - Filling up the DagBag from /home/airflow/.local/lib/python3.7/site-packages/airflow/example_dags/example_short_circuit_operator.py
[2025-02-13T17:47:37.390+0000] {processor.py:766} INFO - DAG(s) dict_keys(['example_short_circuit_operator']) retrieved from /home/airflow/.local/lib/python3.7/site-packages/airflow/example_dags/example_short_circuit_operator.py
[2025-02-13T17:47:37.487+0000] {logging_mixin.py:137} INFO - [2025-02-13T17:47:37.487+0000] {dag.py:2585} INFO - Sync 1 DAGs
[2025-02-13T17:47:37.541+0000] {logging_mixin.py:137} INFO - [2025-02-13T17:47:37.540+0000] {dag.py:3340} INFO - Setting next_dagrun for example_short_circuit_operator to 2025-02-12T17:47:37.539368+00:00, run_after=2025-02-13T17:47:37.539368+00:00
[2025-02-13T17:47:37.595+0000] {processor.py:176} INFO - Processing /home/airflow/.local/lib/python3.7/site-packages/airflow/example_dags/example_short_circuit_operator.py took 0.250 seconds
[2025-02-13T17:48:07.725+0000] {processor.py:154} INFO - Started process (PID=445) to work on /home/airflow/.local/lib/python3.7/site-packages/airflow/example_dags/example_short_circuit_operator.py
[2025-02-13T17:48:07.729+0000] {processor.py:756} INFO - Processing file /home/airflow/.local/lib/python3.7/site-packages/airflow/example_dags/example_short_circuit_operator.py for tasks to queue
[2025-02-13T17:48:07.732+0000] {logging_mixin.py:137} INFO - [2025-02-13T17:48:07.731+0000] {dagbag.py:537} INFO - Filling up the DagBag from /home/airflow/.local/lib/python3.7/site-packages/airflow/example_dags/example_short_circuit_operator.py
[2025-02-13T17:48:07.781+0000] {processor.py:766} INFO - DAG(s) dict_keys(['example_short_circuit_operator']) retrieved from /home/airflow/.local/lib/python3.7/site-packages/airflow/example_dags/example_short_circuit_operator.py
[2025-02-13T17:48:07.829+0000] {logging_mixin.py:137} INFO - [2025-02-13T17:48:07.828+0000] {dag.py:2585} INFO - Sync 1 DAGs
[2025-02-13T17:48:07.877+0000] {logging_mixin.py:137} INFO - [2025-02-13T17:48:07.877+0000] {dag.py:3340} INFO - Setting next_dagrun for example_short_circuit_operator to 2025-02-12T17:48:07.877072+00:00, run_after=2025-02-13T17:48:07.877072+00:00
[2025-02-13T17:48:07.920+0000] {processor.py:176} INFO - Processing /home/airflow/.local/lib/python3.7/site-packages/airflow/example_dags/example_short_circuit_operator.py took 0.205 seconds
[2025-02-13T17:48:38.848+0000] {processor.py:154} INFO - Started process (PID=627) to work on /home/airflow/.local/lib/python3.7/site-packages/airflow/example_dags/example_short_circuit_operator.py
[2025-02-13T17:48:38.850+0000] {processor.py:756} INFO - Processing file /home/airflow/.local/lib/python3.7/site-packages/airflow/example_dags/example_short_circuit_operator.py for tasks to queue
[2025-02-13T17:48:38.851+0000] {logging_mixin.py:137} INFO - [2025-02-13T17:48:38.851+0000] {dagbag.py:537} INFO - Filling up the DagBag from /home/airflow/.local/lib/python3.7/site-packages/airflow/example_dags/example_short_circuit_operator.py
[2025-02-13T17:48:38.874+0000] {processor.py:766} INFO - DAG(s) dict_keys(['example_short_circuit_operator']) retrieved from /home/airflow/.local/lib/python3.7/site-packages/airflow/example_dags/example_short_circuit_operator.py
[2025-02-13T17:48:38.932+0000] {logging_mixin.py:137} INFO - [2025-02-13T17:48:38.932+0000] {dag.py:2585} INFO - Sync 1 DAGs
[2025-02-13T17:48:38.969+0000] {logging_mixin.py:137} INFO - [2025-02-13T17:48:38.969+0000] {dag.py:3340} INFO - Setting next_dagrun for example_short_circuit_operator to 2025-02-12T17:48:38.969074+00:00, run_after=2025-02-13T17:48:38.969074+00:00
[2025-02-13T17:48:39.005+0000] {processor.py:176} INFO - Processing /home/airflow/.local/lib/python3.7/site-packages/airflow/example_dags/example_short_circuit_operator.py took 0.162 seconds
[2025-02-13T17:49:09.416+0000] {processor.py:154} INFO - Started process (PID=807) to work on /home/airflow/.local/lib/python3.7/site-packages/airflow/example_dags/example_short_circuit_operator.py
[2025-02-13T17:49:09.417+0000] {processor.py:756} INFO - Processing file /home/airflow/.local/lib/python3.7/site-packages/airflow/example_dags/example_short_circuit_operator.py for tasks to queue
[2025-02-13T17:49:09.419+0000] {logging_mixin.py:137} INFO - [2025-02-13T17:49:09.418+0000] {dagbag.py:537} INFO - Filling up the DagBag from /home/airflow/.local/lib/python3.7/site-packages/airflow/example_dags/example_short_circuit_operator.py
[2025-02-13T17:49:09.444+0000] {processor.py:766} INFO - DAG(s) dict_keys(['example_short_circuit_operator']) retrieved from /home/airflow/.local/lib/python3.7/site-packages/airflow/example_dags/example_short_circuit_operator.py
[2025-02-13T17:49:09.510+0000] {logging_mixin.py:137} INFO - [2025-02-13T17:49:09.510+0000] {dag.py:2585} INFO - Sync 1 DAGs
[2025-02-13T17:49:09.550+0000] {logging_mixin.py:137} INFO - [2025-02-13T17:49:09.550+0000] {dag.py:3340} INFO - Setting next_dagrun for example_short_circuit_operator to 2025-02-12T17:49:09.550456+00:00, run_after=2025-02-13T17:49:09.550456+00:00
[2025-02-13T17:49:09.578+0000] {processor.py:176} INFO - Processing /home/airflow/.local/lib/python3.7/site-packages/airflow/example_dags/example_short_circuit_operator.py took 0.167 seconds
[2025-02-13T17:49:39.698+0000] {processor.py:154} INFO - Started process (PID=986) to work on /home/airflow/.local/lib/python3.7/site-packages/airflow/example_dags/example_short_circuit_operator.py
[2025-02-13T17:49:39.700+0000] {processor.py:756} INFO - Processing file /home/airflow/.local/lib/python3.7/site-packages/airflow/example_dags/example_short_circuit_operator.py for tasks to queue
[2025-02-13T17:49:39.702+0000] {logging_mixin.py:137} INFO - [2025-02-13T17:49:39.701+0000] {dagbag.py:537} INFO - Filling up the DagBag from /home/airflow/.local/lib/python3.7/site-packages/airflow/example_dags/example_short_circuit_operator.py
[2025-02-13T17:49:39.723+0000] {processor.py:766} INFO - DAG(s) dict_keys(['example_short_circuit_operator']) retrieved from /home/airflow/.local/lib/python3.7/site-packages/airflow/example_dags/example_short_circuit_operator.py
[2025-02-13T17:49:39.786+0000] {logging_mixin.py:137} INFO - [2025-02-13T17:49:39.785+0000] {dag.py:2585} INFO - Sync 1 DAGs
[2025-02-13T17:49:39.818+0000] {logging_mixin.py:137} INFO - [2025-02-13T17:49:39.818+0000] {dag.py:3340} INFO - Setting next_dagrun for example_short_circuit_operator to 2025-02-12T17:49:39.818337+00:00, run_after=2025-02-13T17:49:39.818337+00:00
[2025-02-13T17:49:39.855+0000] {processor.py:176} INFO - Processing /home/airflow/.local/lib/python3.7/site-packages/airflow/example_dags/example_short_circuit_operator.py took 0.161 seconds
[2025-02-13T17:50:10.663+0000] {processor.py:154} INFO - Started process (PID=1167) to work on /home/airflow/.local/lib/python3.7/site-packages/airflow/example_dags/example_short_circuit_operator.py
[2025-02-13T17:50:10.664+0000] {processor.py:756} INFO - Processing file /home/airflow/.local/lib/python3.7/site-packages/airflow/example_dags/example_short_circuit_operator.py for tasks to queue
[2025-02-13T17:50:10.666+0000] {logging_mixin.py:137} INFO - [2025-02-13T17:50:10.665+0000] {dagbag.py:537} INFO - Filling up the DagBag from /home/airflow/.local/lib/python3.7/site-packages/airflow/example_dags/example_short_circuit_operator.py
[2025-02-13T17:50:10.689+0000] {processor.py:766} INFO - DAG(s) dict_keys(['example_short_circuit_operator']) retrieved from /home/airflow/.local/lib/python3.7/site-packages/airflow/example_dags/example_short_circuit_operator.py
[2025-02-13T17:50:10.749+0000] {logging_mixin.py:137} INFO - [2025-02-13T17:50:10.749+0000] {dag.py:2585} INFO - Sync 1 DAGs
[2025-02-13T17:50:10.783+0000] {logging_mixin.py:137} INFO - [2025-02-13T17:50:10.783+0000] {dag.py:3340} INFO - Setting next_dagrun for example_short_circuit_operator to 2025-02-12T17:50:10.783064+00:00, run_after=2025-02-13T17:50:10.783064+00:00
[2025-02-13T17:50:10.808+0000] {processor.py:176} INFO - Processing /home/airflow/.local/lib/python3.7/site-packages/airflow/example_dags/example_short_circuit_operator.py took 0.150 seconds
[2025-02-13T17:50:41.258+0000] {processor.py:154} INFO - Started process (PID=1347) to work on /home/airflow/.local/lib/python3.7/site-packages/airflow/example_dags/example_short_circuit_operator.py
[2025-02-13T17:50:41.261+0000] {processor.py:756} INFO - Processing file /home/airflow/.local/lib/python3.7/site-packages/airflow/example_dags/example_short_circuit_operator.py for tasks to queue
[2025-02-13T17:50:41.263+0000] {logging_mixin.py:137} INFO - [2025-02-13T17:50:41.263+0000] {dagbag.py:537} INFO - Filling up the DagBag from /home/airflow/.local/lib/python3.7/site-packages/airflow/example_dags/example_short_circuit_operator.py
[2025-02-13T17:50:41.303+0000] {processor.py:766} INFO - DAG(s) dict_keys(['example_short_circuit_operator']) retrieved from /home/airflow/.local/lib/python3.7/site-packages/airflow/example_dags/example_short_circuit_operator.py
[2025-02-13T17:50:41.386+0000] {logging_mixin.py:137} INFO - [2025-02-13T17:50:41.386+0000] {dag.py:2585} INFO - Sync 1 DAGs
[2025-02-13T17:50:41.432+0000] {logging_mixin.py:137} INFO - [2025-02-13T17:50:41.432+0000] {dag.py:3340} INFO - Setting next_dagrun for example_short_circuit_operator to 2025-02-12T17:50:41.431928+00:00, run_after=2025-02-13T17:50:41.431928+00:00
[2025-02-13T17:50:41.471+0000] {processor.py:176} INFO - Processing /home/airflow/.local/lib/python3.7/site-packages/airflow/example_dags/example_short_circuit_operator.py took 0.230 seconds
[2025-02-13T17:51:12.553+0000] {processor.py:154} INFO - Started process (PID=1527) to work on /home/airflow/.local/lib/python3.7/site-packages/airflow/example_dags/example_short_circuit_operator.py
[2025-02-13T17:51:12.555+0000] {processor.py:756} INFO - Processing file /home/airflow/.local/lib/python3.7/site-packages/airflow/example_dags/example_short_circuit_operator.py for tasks to queue
[2025-02-13T17:51:12.557+0000] {logging_mixin.py:137} INFO - [2025-02-13T17:51:12.557+0000] {dagbag.py:537} INFO - Filling up the DagBag from /home/airflow/.local/lib/python3.7/site-packages/airflow/example_dags/example_short_circuit_operator.py
[2025-02-13T17:51:12.582+0000] {processor.py:766} INFO - DAG(s) dict_keys(['example_short_circuit_operator']) retrieved from /home/airflow/.local/lib/python3.7/site-packages/airflow/example_dags/example_short_circuit_operator.py
[2025-02-13T17:51:12.640+0000] {logging_mixin.py:137} INFO - [2025-02-13T17:51:12.640+0000] {dag.py:2585} INFO - Sync 1 DAGs
[2025-02-13T17:51:12.674+0000] {logging_mixin.py:137} INFO - [2025-02-13T17:51:12.674+0000] {dag.py:3340} INFO - Setting next_dagrun for example_short_circuit_operator to 2025-02-12T17:51:12.673575+00:00, run_after=2025-02-13T17:51:12.673575+00:00
[2025-02-13T17:51:12.704+0000] {processor.py:176} INFO - Processing /home/airflow/.local/lib/python3.7/site-packages/airflow/example_dags/example_short_circuit_operator.py took 0.156 seconds
[2025-02-13T17:51:43.399+0000] {processor.py:154} INFO - Started process (PID=1707) to work on /home/airflow/.local/lib/python3.7/site-packages/airflow/example_dags/example_short_circuit_operator.py
[2025-02-13T17:51:43.401+0000] {processor.py:756} INFO - Processing file /home/airflow/.local/lib/python3.7/site-packages/airflow/example_dags/example_short_circuit_operator.py for tasks to queue
[2025-02-13T17:51:43.402+0000] {logging_mixin.py:137} INFO - [2025-02-13T17:51:43.402+0000] {dagbag.py:537} INFO - Filling up the DagBag from /home/airflow/.local/lib/python3.7/site-packages/airflow/example_dags/example_short_circuit_operator.py
[2025-02-13T17:51:43.422+0000] {processor.py:766} INFO - DAG(s) dict_keys(['example_short_circuit_operator']) retrieved from /home/airflow/.local/lib/python3.7/site-packages/airflow/example_dags/example_short_circuit_operator.py
[2025-02-13T17:51:43.482+0000] {logging_mixin.py:137} INFO - [2025-02-13T17:51:43.482+0000] {dag.py:2585} INFO - Sync 1 DAGs
[2025-02-13T17:51:43.515+0000] {logging_mixin.py:137} INFO - [2025-02-13T17:51:43.515+0000] {dag.py:3340} INFO - Setting next_dagrun for example_short_circuit_operator to 2025-02-12T17:51:43.515296+00:00, run_after=2025-02-13T17:51:43.515296+00:00
[2025-02-13T17:51:43.554+0000] {processor.py:176} INFO - Processing /home/airflow/.local/lib/python3.7/site-packages/airflow/example_dags/example_short_circuit_operator.py took 0.159 seconds
