[2025-02-13T17:25:24.738+0000] {processor.py:154} INFO - Started process (PID=314) to work on /home/airflow/.local/lib/python3.7/site-packages/airflow/example_dags/example_dag_decorator.py
[2025-02-13T17:25:24.741+0000] {processor.py:756} INFO - Processing file /home/airflow/.local/lib/python3.7/site-packages/airflow/example_dags/example_dag_decorator.py for tasks to queue
[2025-02-13T17:25:24.746+0000] {logging_mixin.py:137} INFO - [2025-02-13T17:25:24.746+0000] {dagbag.py:537} INFO - Filling up the DagBag from /home/airflow/.local/lib/python3.7/site-packages/airflow/example_dags/example_dag_decorator.py
[2025-02-13T17:25:24.772+0000] {logging_mixin.py:137} INFO - [2025-02-13T17:25:24.772+0000] {taskmixin.py:205} WARNING - Dependency <Task(_PythonDecoratedOperator): prepare_email>, send_email already registered for DAG: example_dag_decorator
[2025-02-13T17:25:24.774+0000] {logging_mixin.py:137} INFO - [2025-02-13T17:25:24.773+0000] {taskmixin.py:205} WARNING - Dependency <Task(EmailOperator): send_email>, prepare_email already registered for DAG: example_dag_decorator
[2025-02-13T17:25:24.807+0000] {processor.py:766} INFO - DAG(s) dict_keys(['example_dag_decorator']) retrieved from /home/airflow/.local/lib/python3.7/site-packages/airflow/example_dags/example_dag_decorator.py
[2025-02-13T17:25:25.048+0000] {logging_mixin.py:137} INFO - [2025-02-13T17:25:25.048+0000] {dag.py:2585} INFO - Sync 1 DAGs
[2025-02-13T17:25:25.144+0000] {logging_mixin.py:137} INFO - [2025-02-13T17:25:25.144+0000] {dag.py:3340} INFO - Setting next_dagrun for example_dag_decorator to None, run_after=None
[2025-02-13T17:25:27.198+0000] {processor.py:176} INFO - Processing /home/airflow/.local/lib/python3.7/site-packages/airflow/example_dags/example_dag_decorator.py took 2.465 seconds
[2025-02-13T17:25:57.384+0000] {processor.py:154} INFO - Started process (PID=511) to work on /home/airflow/.local/lib/python3.7/site-packages/airflow/example_dags/example_dag_decorator.py
[2025-02-13T17:25:57.387+0000] {processor.py:756} INFO - Processing file /home/airflow/.local/lib/python3.7/site-packages/airflow/example_dags/example_dag_decorator.py for tasks to queue
[2025-02-13T17:25:57.390+0000] {logging_mixin.py:137} INFO - [2025-02-13T17:25:57.390+0000] {dagbag.py:537} INFO - Filling up the DagBag from /home/airflow/.local/lib/python3.7/site-packages/airflow/example_dags/example_dag_decorator.py
[2025-02-13T17:25:57.425+0000] {logging_mixin.py:137} INFO - [2025-02-13T17:25:57.425+0000] {taskmixin.py:205} WARNING - Dependency <Task(_PythonDecoratedOperator): prepare_email>, send_email already registered for DAG: example_dag_decorator
[2025-02-13T17:25:57.427+0000] {logging_mixin.py:137} INFO - [2025-02-13T17:25:57.426+0000] {taskmixin.py:205} WARNING - Dependency <Task(EmailOperator): send_email>, prepare_email already registered for DAG: example_dag_decorator
[2025-02-13T17:25:57.462+0000] {processor.py:766} INFO - DAG(s) dict_keys(['example_dag_decorator']) retrieved from /home/airflow/.local/lib/python3.7/site-packages/airflow/example_dags/example_dag_decorator.py
[2025-02-13T17:25:57.752+0000] {logging_mixin.py:137} INFO - [2025-02-13T17:25:57.751+0000] {dag.py:2585} INFO - Sync 1 DAGs
[2025-02-13T17:25:57.907+0000] {logging_mixin.py:137} INFO - [2025-02-13T17:25:57.907+0000] {dag.py:3340} INFO - Setting next_dagrun for example_dag_decorator to None, run_after=None
[2025-02-13T17:25:58.024+0000] {processor.py:176} INFO - Processing /home/airflow/.local/lib/python3.7/site-packages/airflow/example_dags/example_dag_decorator.py took 0.649 seconds
[2025-02-13T17:26:28.503+0000] {processor.py:154} INFO - Started process (PID=692) to work on /home/airflow/.local/lib/python3.7/site-packages/airflow/example_dags/example_dag_decorator.py
[2025-02-13T17:26:28.508+0000] {processor.py:756} INFO - Processing file /home/airflow/.local/lib/python3.7/site-packages/airflow/example_dags/example_dag_decorator.py for tasks to queue
[2025-02-13T17:26:28.511+0000] {logging_mixin.py:137} INFO - [2025-02-13T17:26:28.510+0000] {dagbag.py:537} INFO - Filling up the DagBag from /home/airflow/.local/lib/python3.7/site-packages/airflow/example_dags/example_dag_decorator.py
[2025-02-13T17:26:28.558+0000] {logging_mixin.py:137} INFO - [2025-02-13T17:26:28.558+0000] {taskmixin.py:205} WARNING - Dependency <Task(_PythonDecoratedOperator): prepare_email>, send_email already registered for DAG: example_dag_decorator
[2025-02-13T17:26:28.560+0000] {logging_mixin.py:137} INFO - [2025-02-13T17:26:28.559+0000] {taskmixin.py:205} WARNING - Dependency <Task(EmailOperator): send_email>, prepare_email already registered for DAG: example_dag_decorator
[2025-02-13T17:26:28.601+0000] {processor.py:766} INFO - DAG(s) dict_keys(['example_dag_decorator']) retrieved from /home/airflow/.local/lib/python3.7/site-packages/airflow/example_dags/example_dag_decorator.py
[2025-02-13T17:26:29.186+0000] {logging_mixin.py:137} INFO - [2025-02-13T17:26:29.186+0000] {dag.py:2585} INFO - Sync 1 DAGs
[2025-02-13T17:26:30.095+0000] {logging_mixin.py:137} INFO - [2025-02-13T17:26:30.094+0000] {dag.py:3340} INFO - Setting next_dagrun for example_dag_decorator to None, run_after=None
[2025-02-13T17:26:30.174+0000] {processor.py:176} INFO - Processing /home/airflow/.local/lib/python3.7/site-packages/airflow/example_dags/example_dag_decorator.py took 1.691 seconds
[2025-02-13T17:27:00.354+0000] {processor.py:154} INFO - Started process (PID=879) to work on /home/airflow/.local/lib/python3.7/site-packages/airflow/example_dags/example_dag_decorator.py
[2025-02-13T17:27:00.356+0000] {processor.py:756} INFO - Processing file /home/airflow/.local/lib/python3.7/site-packages/airflow/example_dags/example_dag_decorator.py for tasks to queue
[2025-02-13T17:27:00.359+0000] {logging_mixin.py:137} INFO - [2025-02-13T17:27:00.358+0000] {dagbag.py:537} INFO - Filling up the DagBag from /home/airflow/.local/lib/python3.7/site-packages/airflow/example_dags/example_dag_decorator.py
[2025-02-13T17:27:00.390+0000] {logging_mixin.py:137} INFO - [2025-02-13T17:27:00.390+0000] {taskmixin.py:205} WARNING - Dependency <Task(_PythonDecoratedOperator): prepare_email>, send_email already registered for DAG: example_dag_decorator
[2025-02-13T17:27:00.391+0000] {logging_mixin.py:137} INFO - [2025-02-13T17:27:00.391+0000] {taskmixin.py:205} WARNING - Dependency <Task(EmailOperator): send_email>, prepare_email already registered for DAG: example_dag_decorator
[2025-02-13T17:27:00.415+0000] {processor.py:766} INFO - DAG(s) dict_keys(['example_dag_decorator']) retrieved from /home/airflow/.local/lib/python3.7/site-packages/airflow/example_dags/example_dag_decorator.py
[2025-02-13T17:27:00.613+0000] {logging_mixin.py:137} INFO - [2025-02-13T17:27:00.613+0000] {dag.py:2585} INFO - Sync 1 DAGs
[2025-02-13T17:27:00.663+0000] {logging_mixin.py:137} INFO - [2025-02-13T17:27:00.663+0000] {dag.py:3340} INFO - Setting next_dagrun for example_dag_decorator to None, run_after=None
[2025-02-13T17:27:00.714+0000] {processor.py:176} INFO - Processing /home/airflow/.local/lib/python3.7/site-packages/airflow/example_dags/example_dag_decorator.py took 0.371 seconds
[2025-02-13T17:27:31.222+0000] {processor.py:154} INFO - Started process (PID=1059) to work on /home/airflow/.local/lib/python3.7/site-packages/airflow/example_dags/example_dag_decorator.py
[2025-02-13T17:27:31.226+0000] {processor.py:756} INFO - Processing file /home/airflow/.local/lib/python3.7/site-packages/airflow/example_dags/example_dag_decorator.py for tasks to queue
[2025-02-13T17:27:31.229+0000] {logging_mixin.py:137} INFO - [2025-02-13T17:27:31.228+0000] {dagbag.py:537} INFO - Filling up the DagBag from /home/airflow/.local/lib/python3.7/site-packages/airflow/example_dags/example_dag_decorator.py
[2025-02-13T17:27:31.267+0000] {logging_mixin.py:137} INFO - [2025-02-13T17:27:31.266+0000] {taskmixin.py:205} WARNING - Dependency <Task(_PythonDecoratedOperator): prepare_email>, send_email already registered for DAG: example_dag_decorator
[2025-02-13T17:27:31.268+0000] {logging_mixin.py:137} INFO - [2025-02-13T17:27:31.268+0000] {taskmixin.py:205} WARNING - Dependency <Task(EmailOperator): send_email>, prepare_email already registered for DAG: example_dag_decorator
[2025-02-13T17:27:31.298+0000] {processor.py:766} INFO - DAG(s) dict_keys(['example_dag_decorator']) retrieved from /home/airflow/.local/lib/python3.7/site-packages/airflow/example_dags/example_dag_decorator.py
[2025-02-13T17:27:31.343+0000] {logging_mixin.py:137} INFO - [2025-02-13T17:27:31.343+0000] {dag.py:2585} INFO - Sync 1 DAGs
[2025-02-13T17:27:31.391+0000] {logging_mixin.py:137} INFO - [2025-02-13T17:27:31.391+0000] {dag.py:3340} INFO - Setting next_dagrun for example_dag_decorator to None, run_after=None
[2025-02-13T17:27:31.424+0000] {processor.py:176} INFO - Processing /home/airflow/.local/lib/python3.7/site-packages/airflow/example_dags/example_dag_decorator.py took 0.210 seconds
[2025-02-13T17:28:02.142+0000] {processor.py:154} INFO - Started process (PID=1239) to work on /home/airflow/.local/lib/python3.7/site-packages/airflow/example_dags/example_dag_decorator.py
[2025-02-13T17:28:02.146+0000] {processor.py:756} INFO - Processing file /home/airflow/.local/lib/python3.7/site-packages/airflow/example_dags/example_dag_decorator.py for tasks to queue
[2025-02-13T17:28:02.149+0000] {logging_mixin.py:137} INFO - [2025-02-13T17:28:02.149+0000] {dagbag.py:537} INFO - Filling up the DagBag from /home/airflow/.local/lib/python3.7/site-packages/airflow/example_dags/example_dag_decorator.py
[2025-02-13T17:28:02.201+0000] {logging_mixin.py:137} INFO - [2025-02-13T17:28:02.200+0000] {taskmixin.py:205} WARNING - Dependency <Task(_PythonDecoratedOperator): prepare_email>, send_email already registered for DAG: example_dag_decorator
[2025-02-13T17:28:02.202+0000] {logging_mixin.py:137} INFO - [2025-02-13T17:28:02.202+0000] {taskmixin.py:205} WARNING - Dependency <Task(EmailOperator): send_email>, prepare_email already registered for DAG: example_dag_decorator
[2025-02-13T17:28:02.234+0000] {processor.py:766} INFO - DAG(s) dict_keys(['example_dag_decorator']) retrieved from /home/airflow/.local/lib/python3.7/site-packages/airflow/example_dags/example_dag_decorator.py
[2025-02-13T17:28:02.292+0000] {logging_mixin.py:137} INFO - [2025-02-13T17:28:02.291+0000] {dag.py:2585} INFO - Sync 1 DAGs
[2025-02-13T17:28:02.340+0000] {logging_mixin.py:137} INFO - [2025-02-13T17:28:02.339+0000] {dag.py:3340} INFO - Setting next_dagrun for example_dag_decorator to None, run_after=None
[2025-02-13T17:28:02.370+0000] {processor.py:176} INFO - Processing /home/airflow/.local/lib/python3.7/site-packages/airflow/example_dags/example_dag_decorator.py took 0.234 seconds
[2025-02-13T17:28:32.789+0000] {processor.py:154} INFO - Started process (PID=1419) to work on /home/airflow/.local/lib/python3.7/site-packages/airflow/example_dags/example_dag_decorator.py
[2025-02-13T17:28:32.792+0000] {processor.py:756} INFO - Processing file /home/airflow/.local/lib/python3.7/site-packages/airflow/example_dags/example_dag_decorator.py for tasks to queue
[2025-02-13T17:28:32.794+0000] {logging_mixin.py:137} INFO - [2025-02-13T17:28:32.794+0000] {dagbag.py:537} INFO - Filling up the DagBag from /home/airflow/.local/lib/python3.7/site-packages/airflow/example_dags/example_dag_decorator.py
[2025-02-13T17:28:32.828+0000] {logging_mixin.py:137} INFO - [2025-02-13T17:28:32.828+0000] {taskmixin.py:205} WARNING - Dependency <Task(_PythonDecoratedOperator): prepare_email>, send_email already registered for DAG: example_dag_decorator
[2025-02-13T17:28:32.830+0000] {logging_mixin.py:137} INFO - [2025-02-13T17:28:32.830+0000] {taskmixin.py:205} WARNING - Dependency <Task(EmailOperator): send_email>, prepare_email already registered for DAG: example_dag_decorator
[2025-02-13T17:28:32.860+0000] {processor.py:766} INFO - DAG(s) dict_keys(['example_dag_decorator']) retrieved from /home/airflow/.local/lib/python3.7/site-packages/airflow/example_dags/example_dag_decorator.py
[2025-02-13T17:28:32.910+0000] {logging_mixin.py:137} INFO - [2025-02-13T17:28:32.910+0000] {dag.py:2585} INFO - Sync 1 DAGs
[2025-02-13T17:28:32.970+0000] {logging_mixin.py:137} INFO - [2025-02-13T17:28:32.969+0000] {dag.py:3340} INFO - Setting next_dagrun for example_dag_decorator to None, run_after=None
[2025-02-13T17:28:33.006+0000] {processor.py:176} INFO - Processing /home/airflow/.local/lib/python3.7/site-packages/airflow/example_dags/example_dag_decorator.py took 0.224 seconds
[2025-02-13T17:29:03.738+0000] {processor.py:154} INFO - Started process (PID=1599) to work on /home/airflow/.local/lib/python3.7/site-packages/airflow/example_dags/example_dag_decorator.py
[2025-02-13T17:29:03.740+0000] {processor.py:756} INFO - Processing file /home/airflow/.local/lib/python3.7/site-packages/airflow/example_dags/example_dag_decorator.py for tasks to queue
[2025-02-13T17:29:03.742+0000] {logging_mixin.py:137} INFO - [2025-02-13T17:29:03.741+0000] {dagbag.py:537} INFO - Filling up the DagBag from /home/airflow/.local/lib/python3.7/site-packages/airflow/example_dags/example_dag_decorator.py
[2025-02-13T17:29:03.774+0000] {logging_mixin.py:137} INFO - [2025-02-13T17:29:03.773+0000] {taskmixin.py:205} WARNING - Dependency <Task(_PythonDecoratedOperator): prepare_email>, send_email already registered for DAG: example_dag_decorator
[2025-02-13T17:29:03.775+0000] {logging_mixin.py:137} INFO - [2025-02-13T17:29:03.775+0000] {taskmixin.py:205} WARNING - Dependency <Task(EmailOperator): send_email>, prepare_email already registered for DAG: example_dag_decorator
[2025-02-13T17:29:03.821+0000] {processor.py:766} INFO - DAG(s) dict_keys(['example_dag_decorator']) retrieved from /home/airflow/.local/lib/python3.7/site-packages/airflow/example_dags/example_dag_decorator.py
[2025-02-13T17:29:03.869+0000] {logging_mixin.py:137} INFO - [2025-02-13T17:29:03.868+0000] {dag.py:2585} INFO - Sync 1 DAGs
[2025-02-13T17:29:03.910+0000] {logging_mixin.py:137} INFO - [2025-02-13T17:29:03.909+0000] {dag.py:3340} INFO - Setting next_dagrun for example_dag_decorator to None, run_after=None
[2025-02-13T17:29:03.961+0000] {processor.py:176} INFO - Processing /home/airflow/.local/lib/python3.7/site-packages/airflow/example_dags/example_dag_decorator.py took 0.231 seconds
[2025-02-13T17:29:34.219+0000] {processor.py:154} INFO - Started process (PID=1779) to work on /home/airflow/.local/lib/python3.7/site-packages/airflow/example_dags/example_dag_decorator.py
[2025-02-13T17:29:34.222+0000] {processor.py:756} INFO - Processing file /home/airflow/.local/lib/python3.7/site-packages/airflow/example_dags/example_dag_decorator.py for tasks to queue
[2025-02-13T17:29:34.224+0000] {logging_mixin.py:137} INFO - [2025-02-13T17:29:34.223+0000] {dagbag.py:537} INFO - Filling up the DagBag from /home/airflow/.local/lib/python3.7/site-packages/airflow/example_dags/example_dag_decorator.py
[2025-02-13T17:29:34.247+0000] {logging_mixin.py:137} INFO - [2025-02-13T17:29:34.247+0000] {taskmixin.py:205} WARNING - Dependency <Task(_PythonDecoratedOperator): prepare_email>, send_email already registered for DAG: example_dag_decorator
[2025-02-13T17:29:34.249+0000] {logging_mixin.py:137} INFO - [2025-02-13T17:29:34.248+0000] {taskmixin.py:205} WARNING - Dependency <Task(EmailOperator): send_email>, prepare_email already registered for DAG: example_dag_decorator
[2025-02-13T17:29:34.278+0000] {processor.py:766} INFO - DAG(s) dict_keys(['example_dag_decorator']) retrieved from /home/airflow/.local/lib/python3.7/site-packages/airflow/example_dags/example_dag_decorator.py
[2025-02-13T17:29:34.329+0000] {logging_mixin.py:137} INFO - [2025-02-13T17:29:34.328+0000] {dag.py:2585} INFO - Sync 1 DAGs
[2025-02-13T17:29:34.398+0000] {logging_mixin.py:137} INFO - [2025-02-13T17:29:34.398+0000] {dag.py:3340} INFO - Setting next_dagrun for example_dag_decorator to None, run_after=None
[2025-02-13T17:29:34.451+0000] {processor.py:176} INFO - Processing /home/airflow/.local/lib/python3.7/site-packages/airflow/example_dags/example_dag_decorator.py took 0.239 seconds
[2025-02-13T17:30:04.561+0000] {processor.py:154} INFO - Started process (PID=1959) to work on /home/airflow/.local/lib/python3.7/site-packages/airflow/example_dags/example_dag_decorator.py
[2025-02-13T17:30:04.563+0000] {processor.py:756} INFO - Processing file /home/airflow/.local/lib/python3.7/site-packages/airflow/example_dags/example_dag_decorator.py for tasks to queue
[2025-02-13T17:30:04.564+0000] {logging_mixin.py:137} INFO - [2025-02-13T17:30:04.564+0000] {dagbag.py:537} INFO - Filling up the DagBag from /home/airflow/.local/lib/python3.7/site-packages/airflow/example_dags/example_dag_decorator.py
[2025-02-13T17:30:04.585+0000] {logging_mixin.py:137} INFO - [2025-02-13T17:30:04.585+0000] {taskmixin.py:205} WARNING - Dependency <Task(_PythonDecoratedOperator): prepare_email>, send_email already registered for DAG: example_dag_decorator
[2025-02-13T17:30:04.586+0000] {logging_mixin.py:137} INFO - [2025-02-13T17:30:04.586+0000] {taskmixin.py:205} WARNING - Dependency <Task(EmailOperator): send_email>, prepare_email already registered for DAG: example_dag_decorator
[2025-02-13T17:30:04.610+0000] {processor.py:766} INFO - DAG(s) dict_keys(['example_dag_decorator']) retrieved from /home/airflow/.local/lib/python3.7/site-packages/airflow/example_dags/example_dag_decorator.py
[2025-02-13T17:30:04.644+0000] {logging_mixin.py:137} INFO - [2025-02-13T17:30:04.644+0000] {dag.py:2585} INFO - Sync 1 DAGs
[2025-02-13T17:30:04.690+0000] {logging_mixin.py:137} INFO - [2025-02-13T17:30:04.689+0000] {dag.py:3340} INFO - Setting next_dagrun for example_dag_decorator to None, run_after=None
[2025-02-13T17:30:04.718+0000] {processor.py:176} INFO - Processing /home/airflow/.local/lib/python3.7/site-packages/airflow/example_dags/example_dag_decorator.py took 0.161 seconds
[2025-02-13T17:30:34.988+0000] {processor.py:154} INFO - Started process (PID=2139) to work on /home/airflow/.local/lib/python3.7/site-packages/airflow/example_dags/example_dag_decorator.py
[2025-02-13T17:30:34.990+0000] {processor.py:756} INFO - Processing file /home/airflow/.local/lib/python3.7/site-packages/airflow/example_dags/example_dag_decorator.py for tasks to queue
[2025-02-13T17:30:34.993+0000] {logging_mixin.py:137} INFO - [2025-02-13T17:30:34.992+0000] {dagbag.py:537} INFO - Filling up the DagBag from /home/airflow/.local/lib/python3.7/site-packages/airflow/example_dags/example_dag_decorator.py
[2025-02-13T17:30:35.024+0000] {logging_mixin.py:137} INFO - [2025-02-13T17:30:35.023+0000] {taskmixin.py:205} WARNING - Dependency <Task(_PythonDecoratedOperator): prepare_email>, send_email already registered for DAG: example_dag_decorator
[2025-02-13T17:30:35.025+0000] {logging_mixin.py:137} INFO - [2025-02-13T17:30:35.024+0000] {taskmixin.py:205} WARNING - Dependency <Task(EmailOperator): send_email>, prepare_email already registered for DAG: example_dag_decorator
[2025-02-13T17:30:35.053+0000] {processor.py:766} INFO - DAG(s) dict_keys(['example_dag_decorator']) retrieved from /home/airflow/.local/lib/python3.7/site-packages/airflow/example_dags/example_dag_decorator.py
[2025-02-13T17:30:35.106+0000] {logging_mixin.py:137} INFO - [2025-02-13T17:30:35.106+0000] {dag.py:2585} INFO - Sync 1 DAGs
[2025-02-13T17:30:35.179+0000] {logging_mixin.py:137} INFO - [2025-02-13T17:30:35.179+0000] {dag.py:3340} INFO - Setting next_dagrun for example_dag_decorator to None, run_after=None
[2025-02-13T17:30:35.280+0000] {processor.py:176} INFO - Processing /home/airflow/.local/lib/python3.7/site-packages/airflow/example_dags/example_dag_decorator.py took 0.296 seconds
[2025-02-13T17:31:05.471+0000] {processor.py:154} INFO - Started process (PID=2314) to work on /home/airflow/.local/lib/python3.7/site-packages/airflow/example_dags/example_dag_decorator.py
[2025-02-13T17:31:05.474+0000] {processor.py:756} INFO - Processing file /home/airflow/.local/lib/python3.7/site-packages/airflow/example_dags/example_dag_decorator.py for tasks to queue
[2025-02-13T17:31:05.476+0000] {logging_mixin.py:137} INFO - [2025-02-13T17:31:05.475+0000] {dagbag.py:537} INFO - Filling up the DagBag from /home/airflow/.local/lib/python3.7/site-packages/airflow/example_dags/example_dag_decorator.py
[2025-02-13T17:31:05.511+0000] {logging_mixin.py:137} INFO - [2025-02-13T17:31:05.511+0000] {taskmixin.py:205} WARNING - Dependency <Task(_PythonDecoratedOperator): prepare_email>, send_email already registered for DAG: example_dag_decorator
[2025-02-13T17:31:05.512+0000] {logging_mixin.py:137} INFO - [2025-02-13T17:31:05.512+0000] {taskmixin.py:205} WARNING - Dependency <Task(EmailOperator): send_email>, prepare_email already registered for DAG: example_dag_decorator
[2025-02-13T17:31:05.535+0000] {processor.py:766} INFO - DAG(s) dict_keys(['example_dag_decorator']) retrieved from /home/airflow/.local/lib/python3.7/site-packages/airflow/example_dags/example_dag_decorator.py
[2025-02-13T17:31:05.605+0000] {logging_mixin.py:137} INFO - [2025-02-13T17:31:05.604+0000] {dag.py:2585} INFO - Sync 1 DAGs
[2025-02-13T17:31:05.770+0000] {logging_mixin.py:137} INFO - [2025-02-13T17:31:05.769+0000] {dag.py:3340} INFO - Setting next_dagrun for example_dag_decorator to None, run_after=None
[2025-02-13T17:31:05.886+0000] {processor.py:176} INFO - Processing /home/airflow/.local/lib/python3.7/site-packages/airflow/example_dags/example_dag_decorator.py took 0.420 seconds
[2025-02-13T17:31:36.228+0000] {processor.py:154} INFO - Started process (PID=2494) to work on /home/airflow/.local/lib/python3.7/site-packages/airflow/example_dags/example_dag_decorator.py
[2025-02-13T17:31:36.230+0000] {processor.py:756} INFO - Processing file /home/airflow/.local/lib/python3.7/site-packages/airflow/example_dags/example_dag_decorator.py for tasks to queue
[2025-02-13T17:31:36.232+0000] {logging_mixin.py:137} INFO - [2025-02-13T17:31:36.232+0000] {dagbag.py:537} INFO - Filling up the DagBag from /home/airflow/.local/lib/python3.7/site-packages/airflow/example_dags/example_dag_decorator.py
[2025-02-13T17:31:36.301+0000] {logging_mixin.py:137} INFO - [2025-02-13T17:31:36.301+0000] {taskmixin.py:205} WARNING - Dependency <Task(_PythonDecoratedOperator): prepare_email>, send_email already registered for DAG: example_dag_decorator
[2025-02-13T17:31:36.303+0000] {logging_mixin.py:137} INFO - [2025-02-13T17:31:36.302+0000] {taskmixin.py:205} WARNING - Dependency <Task(EmailOperator): send_email>, prepare_email already registered for DAG: example_dag_decorator
[2025-02-13T17:31:36.337+0000] {processor.py:766} INFO - DAG(s) dict_keys(['example_dag_decorator']) retrieved from /home/airflow/.local/lib/python3.7/site-packages/airflow/example_dags/example_dag_decorator.py
[2025-02-13T17:31:36.422+0000] {logging_mixin.py:137} INFO - [2025-02-13T17:31:36.422+0000] {dag.py:2585} INFO - Sync 1 DAGs
[2025-02-13T17:31:36.479+0000] {logging_mixin.py:137} INFO - [2025-02-13T17:31:36.479+0000] {dag.py:3340} INFO - Setting next_dagrun for example_dag_decorator to None, run_after=None
[2025-02-13T17:31:36.529+0000] {processor.py:176} INFO - Processing /home/airflow/.local/lib/python3.7/site-packages/airflow/example_dags/example_dag_decorator.py took 0.307 seconds
[2025-02-13T17:32:07.571+0000] {processor.py:154} INFO - Started process (PID=2674) to work on /home/airflow/.local/lib/python3.7/site-packages/airflow/example_dags/example_dag_decorator.py
[2025-02-13T17:32:07.574+0000] {processor.py:756} INFO - Processing file /home/airflow/.local/lib/python3.7/site-packages/airflow/example_dags/example_dag_decorator.py for tasks to queue
[2025-02-13T17:32:07.577+0000] {logging_mixin.py:137} INFO - [2025-02-13T17:32:07.576+0000] {dagbag.py:537} INFO - Filling up the DagBag from /home/airflow/.local/lib/python3.7/site-packages/airflow/example_dags/example_dag_decorator.py
[2025-02-13T17:32:07.626+0000] {logging_mixin.py:137} INFO - [2025-02-13T17:32:07.626+0000] {taskmixin.py:205} WARNING - Dependency <Task(_PythonDecoratedOperator): prepare_email>, send_email already registered for DAG: example_dag_decorator
[2025-02-13T17:32:07.627+0000] {logging_mixin.py:137} INFO - [2025-02-13T17:32:07.627+0000] {taskmixin.py:205} WARNING - Dependency <Task(EmailOperator): send_email>, prepare_email already registered for DAG: example_dag_decorator
[2025-02-13T17:32:07.678+0000] {processor.py:766} INFO - DAG(s) dict_keys(['example_dag_decorator']) retrieved from /home/airflow/.local/lib/python3.7/site-packages/airflow/example_dags/example_dag_decorator.py
[2025-02-13T17:32:07.734+0000] {logging_mixin.py:137} INFO - [2025-02-13T17:32:07.733+0000] {dag.py:2585} INFO - Sync 1 DAGs
[2025-02-13T17:32:07.818+0000] {logging_mixin.py:137} INFO - [2025-02-13T17:32:07.817+0000] {dag.py:3340} INFO - Setting next_dagrun for example_dag_decorator to None, run_after=None
[2025-02-13T17:32:07.882+0000] {processor.py:176} INFO - Processing /home/airflow/.local/lib/python3.7/site-packages/airflow/example_dags/example_dag_decorator.py took 0.325 seconds
[2025-02-13T17:32:38.191+0000] {processor.py:154} INFO - Started process (PID=2854) to work on /home/airflow/.local/lib/python3.7/site-packages/airflow/example_dags/example_dag_decorator.py
[2025-02-13T17:32:38.193+0000] {processor.py:756} INFO - Processing file /home/airflow/.local/lib/python3.7/site-packages/airflow/example_dags/example_dag_decorator.py for tasks to queue
[2025-02-13T17:32:38.194+0000] {logging_mixin.py:137} INFO - [2025-02-13T17:32:38.194+0000] {dagbag.py:537} INFO - Filling up the DagBag from /home/airflow/.local/lib/python3.7/site-packages/airflow/example_dags/example_dag_decorator.py
[2025-02-13T17:32:38.224+0000] {logging_mixin.py:137} INFO - [2025-02-13T17:32:38.223+0000] {taskmixin.py:205} WARNING - Dependency <Task(_PythonDecoratedOperator): prepare_email>, send_email already registered for DAG: example_dag_decorator
[2025-02-13T17:32:38.225+0000] {logging_mixin.py:137} INFO - [2025-02-13T17:32:38.225+0000] {taskmixin.py:205} WARNING - Dependency <Task(EmailOperator): send_email>, prepare_email already registered for DAG: example_dag_decorator
[2025-02-13T17:32:38.255+0000] {processor.py:766} INFO - DAG(s) dict_keys(['example_dag_decorator']) retrieved from /home/airflow/.local/lib/python3.7/site-packages/airflow/example_dags/example_dag_decorator.py
[2025-02-13T17:32:38.481+0000] {logging_mixin.py:137} INFO - [2025-02-13T17:32:38.479+0000] {dag.py:2585} INFO - Sync 1 DAGs
[2025-02-13T17:32:38.554+0000] {logging_mixin.py:137} INFO - [2025-02-13T17:32:38.554+0000] {dag.py:3340} INFO - Setting next_dagrun for example_dag_decorator to None, run_after=None
[2025-02-13T17:32:38.645+0000] {processor.py:176} INFO - Processing /home/airflow/.local/lib/python3.7/site-packages/airflow/example_dags/example_dag_decorator.py took 0.460 seconds
[2025-02-13T17:33:09.434+0000] {processor.py:154} INFO - Started process (PID=3034) to work on /home/airflow/.local/lib/python3.7/site-packages/airflow/example_dags/example_dag_decorator.py
[2025-02-13T17:33:09.437+0000] {processor.py:756} INFO - Processing file /home/airflow/.local/lib/python3.7/site-packages/airflow/example_dags/example_dag_decorator.py for tasks to queue
[2025-02-13T17:33:09.440+0000] {logging_mixin.py:137} INFO - [2025-02-13T17:33:09.440+0000] {dagbag.py:537} INFO - Filling up the DagBag from /home/airflow/.local/lib/python3.7/site-packages/airflow/example_dags/example_dag_decorator.py
[2025-02-13T17:33:09.468+0000] {logging_mixin.py:137} INFO - [2025-02-13T17:33:09.468+0000] {taskmixin.py:205} WARNING - Dependency <Task(_PythonDecoratedOperator): prepare_email>, send_email already registered for DAG: example_dag_decorator
[2025-02-13T17:33:09.469+0000] {logging_mixin.py:137} INFO - [2025-02-13T17:33:09.469+0000] {taskmixin.py:205} WARNING - Dependency <Task(EmailOperator): send_email>, prepare_email already registered for DAG: example_dag_decorator
[2025-02-13T17:33:09.492+0000] {processor.py:766} INFO - DAG(s) dict_keys(['example_dag_decorator']) retrieved from /home/airflow/.local/lib/python3.7/site-packages/airflow/example_dags/example_dag_decorator.py
[2025-02-13T17:33:09.540+0000] {logging_mixin.py:137} INFO - [2025-02-13T17:33:09.539+0000] {dag.py:2585} INFO - Sync 1 DAGs
[2025-02-13T17:33:09.587+0000] {logging_mixin.py:137} INFO - [2025-02-13T17:33:09.587+0000] {dag.py:3340} INFO - Setting next_dagrun for example_dag_decorator to None, run_after=None
[2025-02-13T17:33:09.634+0000] {processor.py:176} INFO - Processing /home/airflow/.local/lib/python3.7/site-packages/airflow/example_dags/example_dag_decorator.py took 0.207 seconds
[2025-02-13T17:33:40.519+0000] {processor.py:154} INFO - Started process (PID=3214) to work on /home/airflow/.local/lib/python3.7/site-packages/airflow/example_dags/example_dag_decorator.py
[2025-02-13T17:33:40.521+0000] {processor.py:756} INFO - Processing file /home/airflow/.local/lib/python3.7/site-packages/airflow/example_dags/example_dag_decorator.py for tasks to queue
[2025-02-13T17:33:40.523+0000] {logging_mixin.py:137} INFO - [2025-02-13T17:33:40.522+0000] {dagbag.py:537} INFO - Filling up the DagBag from /home/airflow/.local/lib/python3.7/site-packages/airflow/example_dags/example_dag_decorator.py
[2025-02-13T17:33:40.553+0000] {logging_mixin.py:137} INFO - [2025-02-13T17:33:40.552+0000] {taskmixin.py:205} WARNING - Dependency <Task(_PythonDecoratedOperator): prepare_email>, send_email already registered for DAG: example_dag_decorator
[2025-02-13T17:33:40.555+0000] {logging_mixin.py:137} INFO - [2025-02-13T17:33:40.554+0000] {taskmixin.py:205} WARNING - Dependency <Task(EmailOperator): send_email>, prepare_email already registered for DAG: example_dag_decorator
[2025-02-13T17:33:40.583+0000] {processor.py:766} INFO - DAG(s) dict_keys(['example_dag_decorator']) retrieved from /home/airflow/.local/lib/python3.7/site-packages/airflow/example_dags/example_dag_decorator.py
[2025-02-13T17:33:40.742+0000] {logging_mixin.py:137} INFO - [2025-02-13T17:33:40.742+0000] {dag.py:2585} INFO - Sync 1 DAGs
[2025-02-13T17:33:40.799+0000] {logging_mixin.py:137} INFO - [2025-02-13T17:33:40.799+0000] {dag.py:3340} INFO - Setting next_dagrun for example_dag_decorator to None, run_after=None
[2025-02-13T17:33:40.852+0000] {processor.py:176} INFO - Processing /home/airflow/.local/lib/python3.7/site-packages/airflow/example_dags/example_dag_decorator.py took 0.340 seconds
[2025-02-13T17:34:11.019+0000] {processor.py:154} INFO - Started process (PID=3394) to work on /home/airflow/.local/lib/python3.7/site-packages/airflow/example_dags/example_dag_decorator.py
[2025-02-13T17:34:11.021+0000] {processor.py:756} INFO - Processing file /home/airflow/.local/lib/python3.7/site-packages/airflow/example_dags/example_dag_decorator.py for tasks to queue
[2025-02-13T17:34:11.023+0000] {logging_mixin.py:137} INFO - [2025-02-13T17:34:11.023+0000] {dagbag.py:537} INFO - Filling up the DagBag from /home/airflow/.local/lib/python3.7/site-packages/airflow/example_dags/example_dag_decorator.py
[2025-02-13T17:34:11.056+0000] {logging_mixin.py:137} INFO - [2025-02-13T17:34:11.054+0000] {taskmixin.py:205} WARNING - Dependency <Task(_PythonDecoratedOperator): prepare_email>, send_email already registered for DAG: example_dag_decorator
[2025-02-13T17:34:11.057+0000] {logging_mixin.py:137} INFO - [2025-02-13T17:34:11.057+0000] {taskmixin.py:205} WARNING - Dependency <Task(EmailOperator): send_email>, prepare_email already registered for DAG: example_dag_decorator
[2025-02-13T17:34:11.078+0000] {processor.py:766} INFO - DAG(s) dict_keys(['example_dag_decorator']) retrieved from /home/airflow/.local/lib/python3.7/site-packages/airflow/example_dags/example_dag_decorator.py
[2025-02-13T17:34:11.256+0000] {logging_mixin.py:137} INFO - [2025-02-13T17:34:11.256+0000] {dag.py:2585} INFO - Sync 1 DAGs
[2025-02-13T17:34:11.291+0000] {logging_mixin.py:137} INFO - [2025-02-13T17:34:11.291+0000] {dag.py:3340} INFO - Setting next_dagrun for example_dag_decorator to None, run_after=None
[2025-02-13T17:34:11.334+0000] {processor.py:176} INFO - Processing /home/airflow/.local/lib/python3.7/site-packages/airflow/example_dags/example_dag_decorator.py took 0.321 seconds
[2025-02-13T17:34:41.795+0000] {processor.py:154} INFO - Started process (PID=3574) to work on /home/airflow/.local/lib/python3.7/site-packages/airflow/example_dags/example_dag_decorator.py
[2025-02-13T17:34:41.798+0000] {processor.py:756} INFO - Processing file /home/airflow/.local/lib/python3.7/site-packages/airflow/example_dags/example_dag_decorator.py for tasks to queue
[2025-02-13T17:34:41.800+0000] {logging_mixin.py:137} INFO - [2025-02-13T17:34:41.800+0000] {dagbag.py:537} INFO - Filling up the DagBag from /home/airflow/.local/lib/python3.7/site-packages/airflow/example_dags/example_dag_decorator.py
[2025-02-13T17:34:41.830+0000] {logging_mixin.py:137} INFO - [2025-02-13T17:34:41.829+0000] {taskmixin.py:205} WARNING - Dependency <Task(_PythonDecoratedOperator): prepare_email>, send_email already registered for DAG: example_dag_decorator
[2025-02-13T17:34:41.831+0000] {logging_mixin.py:137} INFO - [2025-02-13T17:34:41.831+0000] {taskmixin.py:205} WARNING - Dependency <Task(EmailOperator): send_email>, prepare_email already registered for DAG: example_dag_decorator
[2025-02-13T17:34:41.856+0000] {processor.py:766} INFO - DAG(s) dict_keys(['example_dag_decorator']) retrieved from /home/airflow/.local/lib/python3.7/site-packages/airflow/example_dags/example_dag_decorator.py
[2025-02-13T17:34:41.998+0000] {logging_mixin.py:137} INFO - [2025-02-13T17:34:41.997+0000] {dag.py:2585} INFO - Sync 1 DAGs
[2025-02-13T17:34:42.047+0000] {logging_mixin.py:137} INFO - [2025-02-13T17:34:42.047+0000] {dag.py:3340} INFO - Setting next_dagrun for example_dag_decorator to None, run_after=None
[2025-02-13T17:34:42.093+0000] {processor.py:176} INFO - Processing /home/airflow/.local/lib/python3.7/site-packages/airflow/example_dags/example_dag_decorator.py took 0.304 seconds
[2025-02-13T17:35:12.755+0000] {processor.py:154} INFO - Started process (PID=3754) to work on /home/airflow/.local/lib/python3.7/site-packages/airflow/example_dags/example_dag_decorator.py
[2025-02-13T17:35:12.757+0000] {processor.py:756} INFO - Processing file /home/airflow/.local/lib/python3.7/site-packages/airflow/example_dags/example_dag_decorator.py for tasks to queue
[2025-02-13T17:35:12.759+0000] {logging_mixin.py:137} INFO - [2025-02-13T17:35:12.759+0000] {dagbag.py:537} INFO - Filling up the DagBag from /home/airflow/.local/lib/python3.7/site-packages/airflow/example_dags/example_dag_decorator.py
[2025-02-13T17:35:12.790+0000] {logging_mixin.py:137} INFO - [2025-02-13T17:35:12.790+0000] {taskmixin.py:205} WARNING - Dependency <Task(_PythonDecoratedOperator): prepare_email>, send_email already registered for DAG: example_dag_decorator
[2025-02-13T17:35:12.792+0000] {logging_mixin.py:137} INFO - [2025-02-13T17:35:12.792+0000] {taskmixin.py:205} WARNING - Dependency <Task(EmailOperator): send_email>, prepare_email already registered for DAG: example_dag_decorator
[2025-02-13T17:35:12.819+0000] {processor.py:766} INFO - DAG(s) dict_keys(['example_dag_decorator']) retrieved from /home/airflow/.local/lib/python3.7/site-packages/airflow/example_dags/example_dag_decorator.py
[2025-02-13T17:35:13.048+0000] {logging_mixin.py:137} INFO - [2025-02-13T17:35:13.048+0000] {dag.py:2585} INFO - Sync 1 DAGs
[2025-02-13T17:35:13.106+0000] {logging_mixin.py:137} INFO - [2025-02-13T17:35:13.106+0000] {dag.py:3340} INFO - Setting next_dagrun for example_dag_decorator to None, run_after=None
[2025-02-13T17:35:13.167+0000] {processor.py:176} INFO - Processing /home/airflow/.local/lib/python3.7/site-packages/airflow/example_dags/example_dag_decorator.py took 0.418 seconds
[2025-02-13T17:35:43.351+0000] {processor.py:154} INFO - Started process (PID=3934) to work on /home/airflow/.local/lib/python3.7/site-packages/airflow/example_dags/example_dag_decorator.py
[2025-02-13T17:35:43.354+0000] {processor.py:756} INFO - Processing file /home/airflow/.local/lib/python3.7/site-packages/airflow/example_dags/example_dag_decorator.py for tasks to queue
[2025-02-13T17:35:43.356+0000] {logging_mixin.py:137} INFO - [2025-02-13T17:35:43.355+0000] {dagbag.py:537} INFO - Filling up the DagBag from /home/airflow/.local/lib/python3.7/site-packages/airflow/example_dags/example_dag_decorator.py
[2025-02-13T17:35:43.383+0000] {logging_mixin.py:137} INFO - [2025-02-13T17:35:43.383+0000] {taskmixin.py:205} WARNING - Dependency <Task(_PythonDecoratedOperator): prepare_email>, send_email already registered for DAG: example_dag_decorator
[2025-02-13T17:35:43.385+0000] {logging_mixin.py:137} INFO - [2025-02-13T17:35:43.384+0000] {taskmixin.py:205} WARNING - Dependency <Task(EmailOperator): send_email>, prepare_email already registered for DAG: example_dag_decorator
[2025-02-13T17:35:43.407+0000] {processor.py:766} INFO - DAG(s) dict_keys(['example_dag_decorator']) retrieved from /home/airflow/.local/lib/python3.7/site-packages/airflow/example_dags/example_dag_decorator.py
[2025-02-13T17:35:43.590+0000] {logging_mixin.py:137} INFO - [2025-02-13T17:35:43.590+0000] {dag.py:2585} INFO - Sync 1 DAGs
[2025-02-13T17:35:43.634+0000] {logging_mixin.py:137} INFO - [2025-02-13T17:35:43.634+0000] {dag.py:3340} INFO - Setting next_dagrun for example_dag_decorator to None, run_after=None
[2025-02-13T17:35:43.695+0000] {processor.py:176} INFO - Processing /home/airflow/.local/lib/python3.7/site-packages/airflow/example_dags/example_dag_decorator.py took 0.350 seconds
[2025-02-13T17:36:13.821+0000] {processor.py:154} INFO - Started process (PID=4114) to work on /home/airflow/.local/lib/python3.7/site-packages/airflow/example_dags/example_dag_decorator.py
[2025-02-13T17:36:13.823+0000] {processor.py:756} INFO - Processing file /home/airflow/.local/lib/python3.7/site-packages/airflow/example_dags/example_dag_decorator.py for tasks to queue
[2025-02-13T17:36:13.825+0000] {logging_mixin.py:137} INFO - [2025-02-13T17:36:13.825+0000] {dagbag.py:537} INFO - Filling up the DagBag from /home/airflow/.local/lib/python3.7/site-packages/airflow/example_dags/example_dag_decorator.py
[2025-02-13T17:36:13.868+0000] {logging_mixin.py:137} INFO - [2025-02-13T17:36:13.868+0000] {taskmixin.py:205} WARNING - Dependency <Task(_PythonDecoratedOperator): prepare_email>, send_email already registered for DAG: example_dag_decorator
[2025-02-13T17:36:13.869+0000] {logging_mixin.py:137} INFO - [2025-02-13T17:36:13.869+0000] {taskmixin.py:205} WARNING - Dependency <Task(EmailOperator): send_email>, prepare_email already registered for DAG: example_dag_decorator
[2025-02-13T17:36:13.896+0000] {processor.py:766} INFO - DAG(s) dict_keys(['example_dag_decorator']) retrieved from /home/airflow/.local/lib/python3.7/site-packages/airflow/example_dags/example_dag_decorator.py
[2025-02-13T17:36:14.052+0000] {logging_mixin.py:137} INFO - [2025-02-13T17:36:14.051+0000] {dag.py:2585} INFO - Sync 1 DAGs
[2025-02-13T17:36:14.098+0000] {logging_mixin.py:137} INFO - [2025-02-13T17:36:14.098+0000] {dag.py:3340} INFO - Setting next_dagrun for example_dag_decorator to None, run_after=None
[2025-02-13T17:36:14.143+0000] {processor.py:176} INFO - Processing /home/airflow/.local/lib/python3.7/site-packages/airflow/example_dags/example_dag_decorator.py took 0.330 seconds
[2025-02-13T17:36:44.743+0000] {processor.py:154} INFO - Started process (PID=4294) to work on /home/airflow/.local/lib/python3.7/site-packages/airflow/example_dags/example_dag_decorator.py
[2025-02-13T17:36:44.745+0000] {processor.py:756} INFO - Processing file /home/airflow/.local/lib/python3.7/site-packages/airflow/example_dags/example_dag_decorator.py for tasks to queue
[2025-02-13T17:36:44.747+0000] {logging_mixin.py:137} INFO - [2025-02-13T17:36:44.747+0000] {dagbag.py:537} INFO - Filling up the DagBag from /home/airflow/.local/lib/python3.7/site-packages/airflow/example_dags/example_dag_decorator.py
[2025-02-13T17:36:44.775+0000] {logging_mixin.py:137} INFO - [2025-02-13T17:36:44.774+0000] {taskmixin.py:205} WARNING - Dependency <Task(_PythonDecoratedOperator): prepare_email>, send_email already registered for DAG: example_dag_decorator
[2025-02-13T17:36:44.776+0000] {logging_mixin.py:137} INFO - [2025-02-13T17:36:44.776+0000] {taskmixin.py:205} WARNING - Dependency <Task(EmailOperator): send_email>, prepare_email already registered for DAG: example_dag_decorator
[2025-02-13T17:36:44.798+0000] {processor.py:766} INFO - DAG(s) dict_keys(['example_dag_decorator']) retrieved from /home/airflow/.local/lib/python3.7/site-packages/airflow/example_dags/example_dag_decorator.py
[2025-02-13T17:36:44.953+0000] {logging_mixin.py:137} INFO - [2025-02-13T17:36:44.952+0000] {dag.py:2585} INFO - Sync 1 DAGs
[2025-02-13T17:36:45.021+0000] {logging_mixin.py:137} INFO - [2025-02-13T17:36:45.021+0000] {dag.py:3340} INFO - Setting next_dagrun for example_dag_decorator to None, run_after=None
[2025-02-13T17:36:45.072+0000] {processor.py:176} INFO - Processing /home/airflow/.local/lib/python3.7/site-packages/airflow/example_dags/example_dag_decorator.py took 0.335 seconds
[2025-02-13T17:37:15.519+0000] {processor.py:154} INFO - Started process (PID=4474) to work on /home/airflow/.local/lib/python3.7/site-packages/airflow/example_dags/example_dag_decorator.py
[2025-02-13T17:37:15.521+0000] {processor.py:756} INFO - Processing file /home/airflow/.local/lib/python3.7/site-packages/airflow/example_dags/example_dag_decorator.py for tasks to queue
[2025-02-13T17:37:15.523+0000] {logging_mixin.py:137} INFO - [2025-02-13T17:37:15.523+0000] {dagbag.py:537} INFO - Filling up the DagBag from /home/airflow/.local/lib/python3.7/site-packages/airflow/example_dags/example_dag_decorator.py
[2025-02-13T17:37:15.551+0000] {logging_mixin.py:137} INFO - [2025-02-13T17:37:15.551+0000] {taskmixin.py:205} WARNING - Dependency <Task(_PythonDecoratedOperator): prepare_email>, send_email already registered for DAG: example_dag_decorator
[2025-02-13T17:37:15.552+0000] {logging_mixin.py:137} INFO - [2025-02-13T17:37:15.552+0000] {taskmixin.py:205} WARNING - Dependency <Task(EmailOperator): send_email>, prepare_email already registered for DAG: example_dag_decorator
[2025-02-13T17:37:15.575+0000] {processor.py:766} INFO - DAG(s) dict_keys(['example_dag_decorator']) retrieved from /home/airflow/.local/lib/python3.7/site-packages/airflow/example_dags/example_dag_decorator.py
[2025-02-13T17:37:15.723+0000] {logging_mixin.py:137} INFO - [2025-02-13T17:37:15.723+0000] {dag.py:2585} INFO - Sync 1 DAGs
[2025-02-13T17:37:15.765+0000] {logging_mixin.py:137} INFO - [2025-02-13T17:37:15.764+0000] {dag.py:3340} INFO - Setting next_dagrun for example_dag_decorator to None, run_after=None
[2025-02-13T17:37:15.811+0000] {processor.py:176} INFO - Processing /home/airflow/.local/lib/python3.7/site-packages/airflow/example_dags/example_dag_decorator.py took 0.298 seconds
[2025-02-13T17:37:46.671+0000] {processor.py:154} INFO - Started process (PID=4654) to work on /home/airflow/.local/lib/python3.7/site-packages/airflow/example_dags/example_dag_decorator.py
[2025-02-13T17:37:46.673+0000] {processor.py:756} INFO - Processing file /home/airflow/.local/lib/python3.7/site-packages/airflow/example_dags/example_dag_decorator.py for tasks to queue
[2025-02-13T17:37:46.676+0000] {logging_mixin.py:137} INFO - [2025-02-13T17:37:46.675+0000] {dagbag.py:537} INFO - Filling up the DagBag from /home/airflow/.local/lib/python3.7/site-packages/airflow/example_dags/example_dag_decorator.py
[2025-02-13T17:37:46.703+0000] {logging_mixin.py:137} INFO - [2025-02-13T17:37:46.702+0000] {taskmixin.py:205} WARNING - Dependency <Task(_PythonDecoratedOperator): prepare_email>, send_email already registered for DAG: example_dag_decorator
[2025-02-13T17:37:46.704+0000] {logging_mixin.py:137} INFO - [2025-02-13T17:37:46.704+0000] {taskmixin.py:205} WARNING - Dependency <Task(EmailOperator): send_email>, prepare_email already registered for DAG: example_dag_decorator
[2025-02-13T17:37:46.725+0000] {processor.py:766} INFO - DAG(s) dict_keys(['example_dag_decorator']) retrieved from /home/airflow/.local/lib/python3.7/site-packages/airflow/example_dags/example_dag_decorator.py
[2025-02-13T17:37:46.894+0000] {logging_mixin.py:137} INFO - [2025-02-13T17:37:46.893+0000] {dag.py:2585} INFO - Sync 1 DAGs
[2025-02-13T17:37:46.984+0000] {logging_mixin.py:137} INFO - [2025-02-13T17:37:46.984+0000] {dag.py:3340} INFO - Setting next_dagrun for example_dag_decorator to None, run_after=None
[2025-02-13T17:37:47.057+0000] {processor.py:176} INFO - Processing /home/airflow/.local/lib/python3.7/site-packages/airflow/example_dags/example_dag_decorator.py took 0.392 seconds
[2025-02-13T17:38:17.507+0000] {processor.py:154} INFO - Started process (PID=4834) to work on /home/airflow/.local/lib/python3.7/site-packages/airflow/example_dags/example_dag_decorator.py
[2025-02-13T17:38:17.509+0000] {processor.py:756} INFO - Processing file /home/airflow/.local/lib/python3.7/site-packages/airflow/example_dags/example_dag_decorator.py for tasks to queue
[2025-02-13T17:38:17.511+0000] {logging_mixin.py:137} INFO - [2025-02-13T17:38:17.510+0000] {dagbag.py:537} INFO - Filling up the DagBag from /home/airflow/.local/lib/python3.7/site-packages/airflow/example_dags/example_dag_decorator.py
[2025-02-13T17:38:17.537+0000] {logging_mixin.py:137} INFO - [2025-02-13T17:38:17.537+0000] {taskmixin.py:205} WARNING - Dependency <Task(_PythonDecoratedOperator): prepare_email>, send_email already registered for DAG: example_dag_decorator
[2025-02-13T17:38:17.539+0000] {logging_mixin.py:137} INFO - [2025-02-13T17:38:17.538+0000] {taskmixin.py:205} WARNING - Dependency <Task(EmailOperator): send_email>, prepare_email already registered for DAG: example_dag_decorator
[2025-02-13T17:38:17.562+0000] {processor.py:766} INFO - DAG(s) dict_keys(['example_dag_decorator']) retrieved from /home/airflow/.local/lib/python3.7/site-packages/airflow/example_dags/example_dag_decorator.py
[2025-02-13T17:38:17.699+0000] {logging_mixin.py:137} INFO - [2025-02-13T17:38:17.699+0000] {dag.py:2585} INFO - Sync 1 DAGs
[2025-02-13T17:38:17.741+0000] {logging_mixin.py:137} INFO - [2025-02-13T17:38:17.741+0000] {dag.py:3340} INFO - Setting next_dagrun for example_dag_decorator to None, run_after=None
[2025-02-13T17:38:17.779+0000] {processor.py:176} INFO - Processing /home/airflow/.local/lib/python3.7/site-packages/airflow/example_dags/example_dag_decorator.py took 0.277 seconds
[2025-02-13T17:38:48.211+0000] {processor.py:154} INFO - Started process (PID=5014) to work on /home/airflow/.local/lib/python3.7/site-packages/airflow/example_dags/example_dag_decorator.py
[2025-02-13T17:38:48.213+0000] {processor.py:756} INFO - Processing file /home/airflow/.local/lib/python3.7/site-packages/airflow/example_dags/example_dag_decorator.py for tasks to queue
[2025-02-13T17:38:48.215+0000] {logging_mixin.py:137} INFO - [2025-02-13T17:38:48.215+0000] {dagbag.py:537} INFO - Filling up the DagBag from /home/airflow/.local/lib/python3.7/site-packages/airflow/example_dags/example_dag_decorator.py
[2025-02-13T17:38:48.243+0000] {logging_mixin.py:137} INFO - [2025-02-13T17:38:48.242+0000] {taskmixin.py:205} WARNING - Dependency <Task(_PythonDecoratedOperator): prepare_email>, send_email already registered for DAG: example_dag_decorator
[2025-02-13T17:38:48.244+0000] {logging_mixin.py:137} INFO - [2025-02-13T17:38:48.243+0000] {taskmixin.py:205} WARNING - Dependency <Task(EmailOperator): send_email>, prepare_email already registered for DAG: example_dag_decorator
[2025-02-13T17:38:48.266+0000] {processor.py:766} INFO - DAG(s) dict_keys(['example_dag_decorator']) retrieved from /home/airflow/.local/lib/python3.7/site-packages/airflow/example_dags/example_dag_decorator.py
[2025-02-13T17:38:48.443+0000] {logging_mixin.py:137} INFO - [2025-02-13T17:38:48.443+0000] {dag.py:2585} INFO - Sync 1 DAGs
[2025-02-13T17:38:48.492+0000] {logging_mixin.py:137} INFO - [2025-02-13T17:38:48.491+0000] {dag.py:3340} INFO - Setting next_dagrun for example_dag_decorator to None, run_after=None
[2025-02-13T17:38:48.528+0000] {processor.py:176} INFO - Processing /home/airflow/.local/lib/python3.7/site-packages/airflow/example_dags/example_dag_decorator.py took 0.322 seconds
[2025-02-13T17:39:41.452+0000] {processor.py:154} INFO - Started process (PID=5179) to work on /home/airflow/.local/lib/python3.7/site-packages/airflow/example_dags/example_dag_decorator.py
[2025-02-13T17:39:41.453+0000] {processor.py:756} INFO - Processing file /home/airflow/.local/lib/python3.7/site-packages/airflow/example_dags/example_dag_decorator.py for tasks to queue
[2025-02-13T17:39:41.454+0000] {logging_mixin.py:137} INFO - [2025-02-13T17:39:41.454+0000] {dagbag.py:537} INFO - Filling up the DagBag from /home/airflow/.local/lib/python3.7/site-packages/airflow/example_dags/example_dag_decorator.py
[2025-02-13T17:39:41.467+0000] {logging_mixin.py:137} INFO - [2025-02-13T17:39:41.467+0000] {taskmixin.py:205} WARNING - Dependency <Task(_PythonDecoratedOperator): prepare_email>, send_email already registered for DAG: example_dag_decorator
[2025-02-13T17:39:41.468+0000] {logging_mixin.py:137} INFO - [2025-02-13T17:39:41.468+0000] {taskmixin.py:205} WARNING - Dependency <Task(EmailOperator): send_email>, prepare_email already registered for DAG: example_dag_decorator
[2025-02-13T17:39:41.480+0000] {processor.py:766} INFO - DAG(s) dict_keys(['example_dag_decorator']) retrieved from /home/airflow/.local/lib/python3.7/site-packages/airflow/example_dags/example_dag_decorator.py
[2025-02-13T17:39:41.548+0000] {logging_mixin.py:137} INFO - [2025-02-13T17:39:41.548+0000] {dag.py:2585} INFO - Sync 1 DAGs
[2025-02-13T17:39:41.567+0000] {logging_mixin.py:137} INFO - [2025-02-13T17:39:41.567+0000] {dag.py:3340} INFO - Setting next_dagrun for example_dag_decorator to None, run_after=None
[2025-02-13T17:39:41.587+0000] {processor.py:176} INFO - Processing /home/airflow/.local/lib/python3.7/site-packages/airflow/example_dags/example_dag_decorator.py took 0.138 seconds
[2025-02-13T17:40:13.318+0000] {processor.py:154} INFO - Started process (PID=5359) to work on /home/airflow/.local/lib/python3.7/site-packages/airflow/example_dags/example_dag_decorator.py
[2025-02-13T17:40:13.321+0000] {processor.py:756} INFO - Processing file /home/airflow/.local/lib/python3.7/site-packages/airflow/example_dags/example_dag_decorator.py for tasks to queue
[2025-02-13T17:40:13.323+0000] {logging_mixin.py:137} INFO - [2025-02-13T17:40:13.323+0000] {dagbag.py:537} INFO - Filling up the DagBag from /home/airflow/.local/lib/python3.7/site-packages/airflow/example_dags/example_dag_decorator.py
[2025-02-13T17:40:13.349+0000] {logging_mixin.py:137} INFO - [2025-02-13T17:40:13.348+0000] {taskmixin.py:205} WARNING - Dependency <Task(_PythonDecoratedOperator): prepare_email>, send_email already registered for DAG: example_dag_decorator
[2025-02-13T17:40:13.350+0000] {logging_mixin.py:137} INFO - [2025-02-13T17:40:13.350+0000] {taskmixin.py:205} WARNING - Dependency <Task(EmailOperator): send_email>, prepare_email already registered for DAG: example_dag_decorator
[2025-02-13T17:40:13.368+0000] {processor.py:766} INFO - DAG(s) dict_keys(['example_dag_decorator']) retrieved from /home/airflow/.local/lib/python3.7/site-packages/airflow/example_dags/example_dag_decorator.py
[2025-02-13T17:40:13.512+0000] {logging_mixin.py:137} INFO - [2025-02-13T17:40:13.512+0000] {dag.py:2585} INFO - Sync 1 DAGs
[2025-02-13T17:40:13.550+0000] {logging_mixin.py:137} INFO - [2025-02-13T17:40:13.550+0000] {dag.py:3340} INFO - Setting next_dagrun for example_dag_decorator to None, run_after=None
[2025-02-13T17:40:13.586+0000] {processor.py:176} INFO - Processing /home/airflow/.local/lib/python3.7/site-packages/airflow/example_dags/example_dag_decorator.py took 0.272 seconds
[2025-02-13T17:40:45.645+0000] {processor.py:154} INFO - Started process (PID=5539) to work on /home/airflow/.local/lib/python3.7/site-packages/airflow/example_dags/example_dag_decorator.py
[2025-02-13T17:40:45.648+0000] {processor.py:756} INFO - Processing file /home/airflow/.local/lib/python3.7/site-packages/airflow/example_dags/example_dag_decorator.py for tasks to queue
[2025-02-13T17:40:45.652+0000] {logging_mixin.py:137} INFO - [2025-02-13T17:40:45.651+0000] {dagbag.py:537} INFO - Filling up the DagBag from /home/airflow/.local/lib/python3.7/site-packages/airflow/example_dags/example_dag_decorator.py
[2025-02-13T17:40:45.693+0000] {logging_mixin.py:137} INFO - [2025-02-13T17:40:45.693+0000] {taskmixin.py:205} WARNING - Dependency <Task(_PythonDecoratedOperator): prepare_email>, send_email already registered for DAG: example_dag_decorator
[2025-02-13T17:40:45.695+0000] {logging_mixin.py:137} INFO - [2025-02-13T17:40:45.694+0000] {taskmixin.py:205} WARNING - Dependency <Task(EmailOperator): send_email>, prepare_email already registered for DAG: example_dag_decorator
[2025-02-13T17:40:45.737+0000] {processor.py:766} INFO - DAG(s) dict_keys(['example_dag_decorator']) retrieved from /home/airflow/.local/lib/python3.7/site-packages/airflow/example_dags/example_dag_decorator.py
[2025-02-13T17:40:46.075+0000] {logging_mixin.py:137} INFO - [2025-02-13T17:40:46.073+0000] {dag.py:2585} INFO - Sync 1 DAGs
[2025-02-13T17:40:46.174+0000] {logging_mixin.py:137} INFO - [2025-02-13T17:40:46.174+0000] {dag.py:3340} INFO - Setting next_dagrun for example_dag_decorator to None, run_after=None
[2025-02-13T17:40:46.242+0000] {processor.py:176} INFO - Processing /home/airflow/.local/lib/python3.7/site-packages/airflow/example_dags/example_dag_decorator.py took 0.606 seconds
[2025-02-13T17:41:16.700+0000] {processor.py:154} INFO - Started process (PID=5721) to work on /home/airflow/.local/lib/python3.7/site-packages/airflow/example_dags/example_dag_decorator.py
[2025-02-13T17:41:16.702+0000] {processor.py:756} INFO - Processing file /home/airflow/.local/lib/python3.7/site-packages/airflow/example_dags/example_dag_decorator.py for tasks to queue
[2025-02-13T17:41:16.704+0000] {logging_mixin.py:137} INFO - [2025-02-13T17:41:16.703+0000] {dagbag.py:537} INFO - Filling up the DagBag from /home/airflow/.local/lib/python3.7/site-packages/airflow/example_dags/example_dag_decorator.py
[2025-02-13T17:41:16.724+0000] {logging_mixin.py:137} INFO - [2025-02-13T17:41:16.724+0000] {taskmixin.py:205} WARNING - Dependency <Task(_PythonDecoratedOperator): prepare_email>, send_email already registered for DAG: example_dag_decorator
[2025-02-13T17:41:16.725+0000] {logging_mixin.py:137} INFO - [2025-02-13T17:41:16.725+0000] {taskmixin.py:205} WARNING - Dependency <Task(EmailOperator): send_email>, prepare_email already registered for DAG: example_dag_decorator
[2025-02-13T17:41:16.744+0000] {processor.py:766} INFO - DAG(s) dict_keys(['example_dag_decorator']) retrieved from /home/airflow/.local/lib/python3.7/site-packages/airflow/example_dags/example_dag_decorator.py
[2025-02-13T17:41:16.860+0000] {logging_mixin.py:137} INFO - [2025-02-13T17:41:16.860+0000] {dag.py:2585} INFO - Sync 1 DAGs
[2025-02-13T17:41:16.891+0000] {logging_mixin.py:137} INFO - [2025-02-13T17:41:16.891+0000] {dag.py:3340} INFO - Setting next_dagrun for example_dag_decorator to None, run_after=None
[2025-02-13T17:41:16.930+0000] {processor.py:176} INFO - Processing /home/airflow/.local/lib/python3.7/site-packages/airflow/example_dags/example_dag_decorator.py took 0.233 seconds
[2025-02-13T17:41:47.195+0000] {processor.py:154} INFO - Started process (PID=5899) to work on /home/airflow/.local/lib/python3.7/site-packages/airflow/example_dags/example_dag_decorator.py
[2025-02-13T17:41:47.197+0000] {processor.py:756} INFO - Processing file /home/airflow/.local/lib/python3.7/site-packages/airflow/example_dags/example_dag_decorator.py for tasks to queue
[2025-02-13T17:41:47.198+0000] {logging_mixin.py:137} INFO - [2025-02-13T17:41:47.198+0000] {dagbag.py:537} INFO - Filling up the DagBag from /home/airflow/.local/lib/python3.7/site-packages/airflow/example_dags/example_dag_decorator.py
[2025-02-13T17:41:47.219+0000] {logging_mixin.py:137} INFO - [2025-02-13T17:41:47.219+0000] {taskmixin.py:205} WARNING - Dependency <Task(_PythonDecoratedOperator): prepare_email>, send_email already registered for DAG: example_dag_decorator
[2025-02-13T17:41:47.221+0000] {logging_mixin.py:137} INFO - [2025-02-13T17:41:47.220+0000] {taskmixin.py:205} WARNING - Dependency <Task(EmailOperator): send_email>, prepare_email already registered for DAG: example_dag_decorator
[2025-02-13T17:41:47.238+0000] {processor.py:766} INFO - DAG(s) dict_keys(['example_dag_decorator']) retrieved from /home/airflow/.local/lib/python3.7/site-packages/airflow/example_dags/example_dag_decorator.py
[2025-02-13T17:41:47.369+0000] {logging_mixin.py:137} INFO - [2025-02-13T17:41:47.368+0000] {dag.py:2585} INFO - Sync 1 DAGs
[2025-02-13T17:41:47.406+0000] {logging_mixin.py:137} INFO - [2025-02-13T17:41:47.406+0000] {dag.py:3340} INFO - Setting next_dagrun for example_dag_decorator to None, run_after=None
[2025-02-13T17:41:47.444+0000] {processor.py:176} INFO - Processing /home/airflow/.local/lib/python3.7/site-packages/airflow/example_dags/example_dag_decorator.py took 0.252 seconds
[2025-02-13T17:42:17.927+0000] {processor.py:154} INFO - Started process (PID=6081) to work on /home/airflow/.local/lib/python3.7/site-packages/airflow/example_dags/example_dag_decorator.py
[2025-02-13T17:42:17.929+0000] {processor.py:756} INFO - Processing file /home/airflow/.local/lib/python3.7/site-packages/airflow/example_dags/example_dag_decorator.py for tasks to queue
[2025-02-13T17:42:17.931+0000] {logging_mixin.py:137} INFO - [2025-02-13T17:42:17.931+0000] {dagbag.py:537} INFO - Filling up the DagBag from /home/airflow/.local/lib/python3.7/site-packages/airflow/example_dags/example_dag_decorator.py
[2025-02-13T17:42:17.958+0000] {logging_mixin.py:137} INFO - [2025-02-13T17:42:17.958+0000] {taskmixin.py:205} WARNING - Dependency <Task(_PythonDecoratedOperator): prepare_email>, send_email already registered for DAG: example_dag_decorator
[2025-02-13T17:42:17.960+0000] {logging_mixin.py:137} INFO - [2025-02-13T17:42:17.959+0000] {taskmixin.py:205} WARNING - Dependency <Task(EmailOperator): send_email>, prepare_email already registered for DAG: example_dag_decorator
[2025-02-13T17:42:17.987+0000] {processor.py:766} INFO - DAG(s) dict_keys(['example_dag_decorator']) retrieved from /home/airflow/.local/lib/python3.7/site-packages/airflow/example_dags/example_dag_decorator.py
[2025-02-13T17:42:18.156+0000] {logging_mixin.py:137} INFO - [2025-02-13T17:42:18.155+0000] {dag.py:2585} INFO - Sync 1 DAGs
[2025-02-13T17:42:18.210+0000] {logging_mixin.py:137} INFO - [2025-02-13T17:42:18.209+0000] {dag.py:3340} INFO - Setting next_dagrun for example_dag_decorator to None, run_after=None
[2025-02-13T17:42:18.262+0000] {processor.py:176} INFO - Processing /home/airflow/.local/lib/python3.7/site-packages/airflow/example_dags/example_dag_decorator.py took 0.340 seconds
[2025-02-13T17:42:48.663+0000] {processor.py:154} INFO - Started process (PID=6266) to work on /home/airflow/.local/lib/python3.7/site-packages/airflow/example_dags/example_dag_decorator.py
[2025-02-13T17:42:48.665+0000] {processor.py:756} INFO - Processing file /home/airflow/.local/lib/python3.7/site-packages/airflow/example_dags/example_dag_decorator.py for tasks to queue
[2025-02-13T17:42:48.667+0000] {logging_mixin.py:137} INFO - [2025-02-13T17:42:48.666+0000] {dagbag.py:537} INFO - Filling up the DagBag from /home/airflow/.local/lib/python3.7/site-packages/airflow/example_dags/example_dag_decorator.py
[2025-02-13T17:42:48.697+0000] {logging_mixin.py:137} INFO - [2025-02-13T17:42:48.697+0000] {taskmixin.py:205} WARNING - Dependency <Task(_PythonDecoratedOperator): prepare_email>, send_email already registered for DAG: example_dag_decorator
[2025-02-13T17:42:48.698+0000] {logging_mixin.py:137} INFO - [2025-02-13T17:42:48.698+0000] {taskmixin.py:205} WARNING - Dependency <Task(EmailOperator): send_email>, prepare_email already registered for DAG: example_dag_decorator
[2025-02-13T17:42:48.720+0000] {processor.py:766} INFO - DAG(s) dict_keys(['example_dag_decorator']) retrieved from /home/airflow/.local/lib/python3.7/site-packages/airflow/example_dags/example_dag_decorator.py
[2025-02-13T17:42:48.879+0000] {logging_mixin.py:137} INFO - [2025-02-13T17:42:48.879+0000] {dag.py:2585} INFO - Sync 1 DAGs
[2025-02-13T17:42:48.939+0000] {logging_mixin.py:137} INFO - [2025-02-13T17:42:48.939+0000] {dag.py:3340} INFO - Setting next_dagrun for example_dag_decorator to None, run_after=None
[2025-02-13T17:42:48.996+0000] {processor.py:176} INFO - Processing /home/airflow/.local/lib/python3.7/site-packages/airflow/example_dags/example_dag_decorator.py took 0.338 seconds
[2025-02-13T17:43:19.579+0000] {processor.py:154} INFO - Started process (PID=6441) to work on /home/airflow/.local/lib/python3.7/site-packages/airflow/example_dags/example_dag_decorator.py
[2025-02-13T17:43:19.581+0000] {processor.py:756} INFO - Processing file /home/airflow/.local/lib/python3.7/site-packages/airflow/example_dags/example_dag_decorator.py for tasks to queue
[2025-02-13T17:43:19.583+0000] {logging_mixin.py:137} INFO - [2025-02-13T17:43:19.582+0000] {dagbag.py:537} INFO - Filling up the DagBag from /home/airflow/.local/lib/python3.7/site-packages/airflow/example_dags/example_dag_decorator.py
[2025-02-13T17:43:19.609+0000] {logging_mixin.py:137} INFO - [2025-02-13T17:43:19.609+0000] {taskmixin.py:205} WARNING - Dependency <Task(_PythonDecoratedOperator): prepare_email>, send_email already registered for DAG: example_dag_decorator
[2025-02-13T17:43:19.610+0000] {logging_mixin.py:137} INFO - [2025-02-13T17:43:19.610+0000] {taskmixin.py:205} WARNING - Dependency <Task(EmailOperator): send_email>, prepare_email already registered for DAG: example_dag_decorator
[2025-02-13T17:43:19.631+0000] {processor.py:766} INFO - DAG(s) dict_keys(['example_dag_decorator']) retrieved from /home/airflow/.local/lib/python3.7/site-packages/airflow/example_dags/example_dag_decorator.py
[2025-02-13T17:43:19.760+0000] {logging_mixin.py:137} INFO - [2025-02-13T17:43:19.760+0000] {dag.py:2585} INFO - Sync 1 DAGs
[2025-02-13T17:43:19.796+0000] {logging_mixin.py:137} INFO - [2025-02-13T17:43:19.796+0000] {dag.py:3340} INFO - Setting next_dagrun for example_dag_decorator to None, run_after=None
[2025-02-13T17:43:19.833+0000] {processor.py:176} INFO - Processing /home/airflow/.local/lib/python3.7/site-packages/airflow/example_dags/example_dag_decorator.py took 0.261 seconds
[2025-02-13T17:43:49.913+0000] {processor.py:154} INFO - Started process (PID=6619) to work on /home/airflow/.local/lib/python3.7/site-packages/airflow/example_dags/example_dag_decorator.py
[2025-02-13T17:43:49.915+0000] {processor.py:756} INFO - Processing file /home/airflow/.local/lib/python3.7/site-packages/airflow/example_dags/example_dag_decorator.py for tasks to queue
[2025-02-13T17:43:49.916+0000] {logging_mixin.py:137} INFO - [2025-02-13T17:43:49.916+0000] {dagbag.py:537} INFO - Filling up the DagBag from /home/airflow/.local/lib/python3.7/site-packages/airflow/example_dags/example_dag_decorator.py
[2025-02-13T17:43:49.946+0000] {logging_mixin.py:137} INFO - [2025-02-13T17:43:49.945+0000] {taskmixin.py:205} WARNING - Dependency <Task(_PythonDecoratedOperator): prepare_email>, send_email already registered for DAG: example_dag_decorator
[2025-02-13T17:43:49.947+0000] {logging_mixin.py:137} INFO - [2025-02-13T17:43:49.946+0000] {taskmixin.py:205} WARNING - Dependency <Task(EmailOperator): send_email>, prepare_email already registered for DAG: example_dag_decorator
[2025-02-13T17:43:49.969+0000] {processor.py:766} INFO - DAG(s) dict_keys(['example_dag_decorator']) retrieved from /home/airflow/.local/lib/python3.7/site-packages/airflow/example_dags/example_dag_decorator.py
[2025-02-13T17:43:50.120+0000] {logging_mixin.py:137} INFO - [2025-02-13T17:43:50.119+0000] {dag.py:2585} INFO - Sync 1 DAGs
[2025-02-13T17:43:50.164+0000] {logging_mixin.py:137} INFO - [2025-02-13T17:43:50.164+0000] {dag.py:3340} INFO - Setting next_dagrun for example_dag_decorator to None, run_after=None
[2025-02-13T17:43:50.234+0000] {processor.py:176} INFO - Processing /home/airflow/.local/lib/python3.7/site-packages/airflow/example_dags/example_dag_decorator.py took 0.328 seconds
[2025-02-13T17:44:21.083+0000] {processor.py:154} INFO - Started process (PID=6799) to work on /home/airflow/.local/lib/python3.7/site-packages/airflow/example_dags/example_dag_decorator.py
[2025-02-13T17:44:21.086+0000] {processor.py:756} INFO - Processing file /home/airflow/.local/lib/python3.7/site-packages/airflow/example_dags/example_dag_decorator.py for tasks to queue
[2025-02-13T17:44:21.088+0000] {logging_mixin.py:137} INFO - [2025-02-13T17:44:21.087+0000] {dagbag.py:537} INFO - Filling up the DagBag from /home/airflow/.local/lib/python3.7/site-packages/airflow/example_dags/example_dag_decorator.py
[2025-02-13T17:44:21.121+0000] {logging_mixin.py:137} INFO - [2025-02-13T17:44:21.121+0000] {taskmixin.py:205} WARNING - Dependency <Task(_PythonDecoratedOperator): prepare_email>, send_email already registered for DAG: example_dag_decorator
[2025-02-13T17:44:21.123+0000] {logging_mixin.py:137} INFO - [2025-02-13T17:44:21.122+0000] {taskmixin.py:205} WARNING - Dependency <Task(EmailOperator): send_email>, prepare_email already registered for DAG: example_dag_decorator
[2025-02-13T17:44:21.151+0000] {processor.py:766} INFO - DAG(s) dict_keys(['example_dag_decorator']) retrieved from /home/airflow/.local/lib/python3.7/site-packages/airflow/example_dags/example_dag_decorator.py
[2025-02-13T17:44:21.305+0000] {logging_mixin.py:137} INFO - [2025-02-13T17:44:21.305+0000] {dag.py:2585} INFO - Sync 1 DAGs
[2025-02-13T17:44:21.346+0000] {logging_mixin.py:137} INFO - [2025-02-13T17:44:21.345+0000] {dag.py:3340} INFO - Setting next_dagrun for example_dag_decorator to None, run_after=None
[2025-02-13T17:44:21.396+0000] {processor.py:176} INFO - Processing /home/airflow/.local/lib/python3.7/site-packages/airflow/example_dags/example_dag_decorator.py took 0.331 seconds
[2025-02-13T17:44:51.462+0000] {processor.py:154} INFO - Started process (PID=6981) to work on /home/airflow/.local/lib/python3.7/site-packages/airflow/example_dags/example_dag_decorator.py
[2025-02-13T17:44:51.464+0000] {processor.py:756} INFO - Processing file /home/airflow/.local/lib/python3.7/site-packages/airflow/example_dags/example_dag_decorator.py for tasks to queue
[2025-02-13T17:44:51.466+0000] {logging_mixin.py:137} INFO - [2025-02-13T17:44:51.466+0000] {dagbag.py:537} INFO - Filling up the DagBag from /home/airflow/.local/lib/python3.7/site-packages/airflow/example_dags/example_dag_decorator.py
[2025-02-13T17:44:51.486+0000] {logging_mixin.py:137} INFO - [2025-02-13T17:44:51.486+0000] {taskmixin.py:205} WARNING - Dependency <Task(_PythonDecoratedOperator): prepare_email>, send_email already registered for DAG: example_dag_decorator
[2025-02-13T17:44:51.487+0000] {logging_mixin.py:137} INFO - [2025-02-13T17:44:51.487+0000] {taskmixin.py:205} WARNING - Dependency <Task(EmailOperator): send_email>, prepare_email already registered for DAG: example_dag_decorator
[2025-02-13T17:44:51.504+0000] {processor.py:766} INFO - DAG(s) dict_keys(['example_dag_decorator']) retrieved from /home/airflow/.local/lib/python3.7/site-packages/airflow/example_dags/example_dag_decorator.py
[2025-02-13T17:44:51.626+0000] {logging_mixin.py:137} INFO - [2025-02-13T17:44:51.626+0000] {dag.py:2585} INFO - Sync 1 DAGs
[2025-02-13T17:44:51.663+0000] {logging_mixin.py:137} INFO - [2025-02-13T17:44:51.662+0000] {dag.py:3340} INFO - Setting next_dagrun for example_dag_decorator to None, run_after=None
[2025-02-13T17:44:51.702+0000] {processor.py:176} INFO - Processing /home/airflow/.local/lib/python3.7/site-packages/airflow/example_dags/example_dag_decorator.py took 0.243 seconds
[2025-02-13T17:45:21.990+0000] {processor.py:154} INFO - Started process (PID=7166) to work on /home/airflow/.local/lib/python3.7/site-packages/airflow/example_dags/example_dag_decorator.py
[2025-02-13T17:45:21.993+0000] {processor.py:756} INFO - Processing file /home/airflow/.local/lib/python3.7/site-packages/airflow/example_dags/example_dag_decorator.py for tasks to queue
[2025-02-13T17:45:21.996+0000] {logging_mixin.py:137} INFO - [2025-02-13T17:45:21.995+0000] {dagbag.py:537} INFO - Filling up the DagBag from /home/airflow/.local/lib/python3.7/site-packages/airflow/example_dags/example_dag_decorator.py
[2025-02-13T17:45:22.028+0000] {logging_mixin.py:137} INFO - [2025-02-13T17:45:22.027+0000] {taskmixin.py:205} WARNING - Dependency <Task(_PythonDecoratedOperator): prepare_email>, send_email already registered for DAG: example_dag_decorator
[2025-02-13T17:45:22.029+0000] {logging_mixin.py:137} INFO - [2025-02-13T17:45:22.029+0000] {taskmixin.py:205} WARNING - Dependency <Task(EmailOperator): send_email>, prepare_email already registered for DAG: example_dag_decorator
[2025-02-13T17:45:22.051+0000] {processor.py:766} INFO - DAG(s) dict_keys(['example_dag_decorator']) retrieved from /home/airflow/.local/lib/python3.7/site-packages/airflow/example_dags/example_dag_decorator.py
[2025-02-13T17:45:22.201+0000] {logging_mixin.py:137} INFO - [2025-02-13T17:45:22.201+0000] {dag.py:2585} INFO - Sync 1 DAGs
[2025-02-13T17:45:22.237+0000] {logging_mixin.py:137} INFO - [2025-02-13T17:45:22.237+0000] {dag.py:3340} INFO - Setting next_dagrun for example_dag_decorator to None, run_after=None
[2025-02-13T17:45:22.275+0000] {processor.py:176} INFO - Processing /home/airflow/.local/lib/python3.7/site-packages/airflow/example_dags/example_dag_decorator.py took 0.291 seconds
[2025-02-13T17:45:52.511+0000] {processor.py:154} INFO - Started process (PID=7344) to work on /home/airflow/.local/lib/python3.7/site-packages/airflow/example_dags/example_dag_decorator.py
[2025-02-13T17:45:52.513+0000] {processor.py:756} INFO - Processing file /home/airflow/.local/lib/python3.7/site-packages/airflow/example_dags/example_dag_decorator.py for tasks to queue
[2025-02-13T17:45:52.514+0000] {logging_mixin.py:137} INFO - [2025-02-13T17:45:52.514+0000] {dagbag.py:537} INFO - Filling up the DagBag from /home/airflow/.local/lib/python3.7/site-packages/airflow/example_dags/example_dag_decorator.py
[2025-02-13T17:45:52.538+0000] {logging_mixin.py:137} INFO - [2025-02-13T17:45:52.537+0000] {taskmixin.py:205} WARNING - Dependency <Task(_PythonDecoratedOperator): prepare_email>, send_email already registered for DAG: example_dag_decorator
[2025-02-13T17:45:52.539+0000] {logging_mixin.py:137} INFO - [2025-02-13T17:45:52.539+0000] {taskmixin.py:205} WARNING - Dependency <Task(EmailOperator): send_email>, prepare_email already registered for DAG: example_dag_decorator
[2025-02-13T17:45:52.560+0000] {processor.py:766} INFO - DAG(s) dict_keys(['example_dag_decorator']) retrieved from /home/airflow/.local/lib/python3.7/site-packages/airflow/example_dags/example_dag_decorator.py
[2025-02-13T17:45:52.731+0000] {logging_mixin.py:137} INFO - [2025-02-13T17:45:52.731+0000] {dag.py:2585} INFO - Sync 1 DAGs
[2025-02-13T17:45:52.764+0000] {logging_mixin.py:137} INFO - [2025-02-13T17:45:52.764+0000] {dag.py:3340} INFO - Setting next_dagrun for example_dag_decorator to None, run_after=None
[2025-02-13T17:45:52.798+0000] {processor.py:176} INFO - Processing /home/airflow/.local/lib/python3.7/site-packages/airflow/example_dags/example_dag_decorator.py took 0.291 seconds
[2025-02-13T17:47:39.649+0000] {processor.py:154} INFO - Started process (PID=316) to work on /home/airflow/.local/lib/python3.7/site-packages/airflow/example_dags/example_dag_decorator.py
[2025-02-13T17:47:39.651+0000] {processor.py:756} INFO - Processing file /home/airflow/.local/lib/python3.7/site-packages/airflow/example_dags/example_dag_decorator.py for tasks to queue
[2025-02-13T17:47:39.653+0000] {logging_mixin.py:137} INFO - [2025-02-13T17:47:39.653+0000] {dagbag.py:537} INFO - Filling up the DagBag from /home/airflow/.local/lib/python3.7/site-packages/airflow/example_dags/example_dag_decorator.py
[2025-02-13T17:47:39.685+0000] {logging_mixin.py:137} INFO - [2025-02-13T17:47:39.685+0000] {taskmixin.py:205} WARNING - Dependency <Task(_PythonDecoratedOperator): prepare_email>, send_email already registered for DAG: example_dag_decorator
[2025-02-13T17:47:39.686+0000] {logging_mixin.py:137} INFO - [2025-02-13T17:47:39.686+0000] {taskmixin.py:205} WARNING - Dependency <Task(EmailOperator): send_email>, prepare_email already registered for DAG: example_dag_decorator
[2025-02-13T17:47:39.726+0000] {processor.py:766} INFO - DAG(s) dict_keys(['example_dag_decorator']) retrieved from /home/airflow/.local/lib/python3.7/site-packages/airflow/example_dags/example_dag_decorator.py
[2025-02-13T17:47:39.914+0000] {logging_mixin.py:137} INFO - [2025-02-13T17:47:39.913+0000] {dag.py:2585} INFO - Sync 1 DAGs
[2025-02-13T17:47:39.963+0000] {logging_mixin.py:137} INFO - [2025-02-13T17:47:39.963+0000] {dag.py:3340} INFO - Setting next_dagrun for example_dag_decorator to None, run_after=None
[2025-02-13T17:47:40.022+0000] {processor.py:176} INFO - Processing /home/airflow/.local/lib/python3.7/site-packages/airflow/example_dags/example_dag_decorator.py took 0.383 seconds
[2025-02-13T17:48:10.205+0000] {processor.py:154} INFO - Started process (PID=496) to work on /home/airflow/.local/lib/python3.7/site-packages/airflow/example_dags/example_dag_decorator.py
[2025-02-13T17:48:10.207+0000] {processor.py:756} INFO - Processing file /home/airflow/.local/lib/python3.7/site-packages/airflow/example_dags/example_dag_decorator.py for tasks to queue
[2025-02-13T17:48:10.209+0000] {logging_mixin.py:137} INFO - [2025-02-13T17:48:10.209+0000] {dagbag.py:537} INFO - Filling up the DagBag from /home/airflow/.local/lib/python3.7/site-packages/airflow/example_dags/example_dag_decorator.py
[2025-02-13T17:48:10.241+0000] {logging_mixin.py:137} INFO - [2025-02-13T17:48:10.241+0000] {taskmixin.py:205} WARNING - Dependency <Task(_PythonDecoratedOperator): prepare_email>, send_email already registered for DAG: example_dag_decorator
[2025-02-13T17:48:10.242+0000] {logging_mixin.py:137} INFO - [2025-02-13T17:48:10.242+0000] {taskmixin.py:205} WARNING - Dependency <Task(EmailOperator): send_email>, prepare_email already registered for DAG: example_dag_decorator
[2025-02-13T17:48:10.265+0000] {processor.py:766} INFO - DAG(s) dict_keys(['example_dag_decorator']) retrieved from /home/airflow/.local/lib/python3.7/site-packages/airflow/example_dags/example_dag_decorator.py
[2025-02-13T17:48:10.309+0000] {logging_mixin.py:137} INFO - [2025-02-13T17:48:10.309+0000] {dag.py:2585} INFO - Sync 1 DAGs
[2025-02-13T17:48:10.382+0000] {logging_mixin.py:137} INFO - [2025-02-13T17:48:10.382+0000] {dag.py:3340} INFO - Setting next_dagrun for example_dag_decorator to None, run_after=None
[2025-02-13T17:48:10.437+0000] {processor.py:176} INFO - Processing /home/airflow/.local/lib/python3.7/site-packages/airflow/example_dags/example_dag_decorator.py took 0.237 seconds
[2025-02-13T17:48:40.714+0000] {processor.py:154} INFO - Started process (PID=676) to work on /home/airflow/.local/lib/python3.7/site-packages/airflow/example_dags/example_dag_decorator.py
[2025-02-13T17:48:40.716+0000] {processor.py:756} INFO - Processing file /home/airflow/.local/lib/python3.7/site-packages/airflow/example_dags/example_dag_decorator.py for tasks to queue
[2025-02-13T17:48:40.718+0000] {logging_mixin.py:137} INFO - [2025-02-13T17:48:40.718+0000] {dagbag.py:537} INFO - Filling up the DagBag from /home/airflow/.local/lib/python3.7/site-packages/airflow/example_dags/example_dag_decorator.py
[2025-02-13T17:48:40.741+0000] {logging_mixin.py:137} INFO - [2025-02-13T17:48:40.740+0000] {taskmixin.py:205} WARNING - Dependency <Task(_PythonDecoratedOperator): prepare_email>, send_email already registered for DAG: example_dag_decorator
[2025-02-13T17:48:40.742+0000] {logging_mixin.py:137} INFO - [2025-02-13T17:48:40.741+0000] {taskmixin.py:205} WARNING - Dependency <Task(EmailOperator): send_email>, prepare_email already registered for DAG: example_dag_decorator
[2025-02-13T17:48:40.760+0000] {processor.py:766} INFO - DAG(s) dict_keys(['example_dag_decorator']) retrieved from /home/airflow/.local/lib/python3.7/site-packages/airflow/example_dags/example_dag_decorator.py
[2025-02-13T17:48:40.894+0000] {logging_mixin.py:137} INFO - [2025-02-13T17:48:40.894+0000] {dag.py:2585} INFO - Sync 1 DAGs
[2025-02-13T17:48:40.936+0000] {logging_mixin.py:137} INFO - [2025-02-13T17:48:40.936+0000] {dag.py:3340} INFO - Setting next_dagrun for example_dag_decorator to None, run_after=None
[2025-02-13T17:48:40.988+0000] {processor.py:176} INFO - Processing /home/airflow/.local/lib/python3.7/site-packages/airflow/example_dags/example_dag_decorator.py took 0.278 seconds
[2025-02-13T17:49:11.921+0000] {processor.py:154} INFO - Started process (PID=856) to work on /home/airflow/.local/lib/python3.7/site-packages/airflow/example_dags/example_dag_decorator.py
[2025-02-13T17:49:11.922+0000] {processor.py:756} INFO - Processing file /home/airflow/.local/lib/python3.7/site-packages/airflow/example_dags/example_dag_decorator.py for tasks to queue
[2025-02-13T17:49:11.923+0000] {logging_mixin.py:137} INFO - [2025-02-13T17:49:11.923+0000] {dagbag.py:537} INFO - Filling up the DagBag from /home/airflow/.local/lib/python3.7/site-packages/airflow/example_dags/example_dag_decorator.py
[2025-02-13T17:49:11.945+0000] {logging_mixin.py:137} INFO - [2025-02-13T17:49:11.945+0000] {taskmixin.py:205} WARNING - Dependency <Task(_PythonDecoratedOperator): prepare_email>, send_email already registered for DAG: example_dag_decorator
[2025-02-13T17:49:11.946+0000] {logging_mixin.py:137} INFO - [2025-02-13T17:49:11.946+0000] {taskmixin.py:205} WARNING - Dependency <Task(EmailOperator): send_email>, prepare_email already registered for DAG: example_dag_decorator
[2025-02-13T17:49:11.964+0000] {processor.py:766} INFO - DAG(s) dict_keys(['example_dag_decorator']) retrieved from /home/airflow/.local/lib/python3.7/site-packages/airflow/example_dags/example_dag_decorator.py
[2025-02-13T17:49:12.090+0000] {logging_mixin.py:137} INFO - [2025-02-13T17:49:12.089+0000] {dag.py:2585} INFO - Sync 1 DAGs
[2025-02-13T17:49:12.130+0000] {logging_mixin.py:137} INFO - [2025-02-13T17:49:12.130+0000] {dag.py:3340} INFO - Setting next_dagrun for example_dag_decorator to None, run_after=None
[2025-02-13T17:49:12.165+0000] {processor.py:176} INFO - Processing /home/airflow/.local/lib/python3.7/site-packages/airflow/example_dags/example_dag_decorator.py took 0.248 seconds
[2025-02-13T17:49:42.443+0000] {processor.py:154} INFO - Started process (PID=1039) to work on /home/airflow/.local/lib/python3.7/site-packages/airflow/example_dags/example_dag_decorator.py
[2025-02-13T17:49:42.444+0000] {processor.py:756} INFO - Processing file /home/airflow/.local/lib/python3.7/site-packages/airflow/example_dags/example_dag_decorator.py for tasks to queue
[2025-02-13T17:49:42.446+0000] {logging_mixin.py:137} INFO - [2025-02-13T17:49:42.445+0000] {dagbag.py:537} INFO - Filling up the DagBag from /home/airflow/.local/lib/python3.7/site-packages/airflow/example_dags/example_dag_decorator.py
[2025-02-13T17:49:42.466+0000] {logging_mixin.py:137} INFO - [2025-02-13T17:49:42.466+0000] {taskmixin.py:205} WARNING - Dependency <Task(_PythonDecoratedOperator): prepare_email>, send_email already registered for DAG: example_dag_decorator
[2025-02-13T17:49:42.467+0000] {logging_mixin.py:137} INFO - [2025-02-13T17:49:42.467+0000] {taskmixin.py:205} WARNING - Dependency <Task(EmailOperator): send_email>, prepare_email already registered for DAG: example_dag_decorator
[2025-02-13T17:49:42.484+0000] {processor.py:766} INFO - DAG(s) dict_keys(['example_dag_decorator']) retrieved from /home/airflow/.local/lib/python3.7/site-packages/airflow/example_dags/example_dag_decorator.py
[2025-02-13T17:49:42.586+0000] {logging_mixin.py:137} INFO - [2025-02-13T17:49:42.586+0000] {dag.py:2585} INFO - Sync 1 DAGs
[2025-02-13T17:49:42.618+0000] {logging_mixin.py:137} INFO - [2025-02-13T17:49:42.618+0000] {dag.py:3340} INFO - Setting next_dagrun for example_dag_decorator to None, run_after=None
[2025-02-13T17:49:42.653+0000] {processor.py:176} INFO - Processing /home/airflow/.local/lib/python3.7/site-packages/airflow/example_dags/example_dag_decorator.py took 0.214 seconds
[2025-02-13T17:50:12.920+0000] {processor.py:154} INFO - Started process (PID=1219) to work on /home/airflow/.local/lib/python3.7/site-packages/airflow/example_dags/example_dag_decorator.py
[2025-02-13T17:50:12.921+0000] {processor.py:756} INFO - Processing file /home/airflow/.local/lib/python3.7/site-packages/airflow/example_dags/example_dag_decorator.py for tasks to queue
[2025-02-13T17:50:12.922+0000] {logging_mixin.py:137} INFO - [2025-02-13T17:50:12.922+0000] {dagbag.py:537} INFO - Filling up the DagBag from /home/airflow/.local/lib/python3.7/site-packages/airflow/example_dags/example_dag_decorator.py
[2025-02-13T17:50:12.942+0000] {logging_mixin.py:137} INFO - [2025-02-13T17:50:12.942+0000] {taskmixin.py:205} WARNING - Dependency <Task(_PythonDecoratedOperator): prepare_email>, send_email already registered for DAG: example_dag_decorator
[2025-02-13T17:50:12.943+0000] {logging_mixin.py:137} INFO - [2025-02-13T17:50:12.942+0000] {taskmixin.py:205} WARNING - Dependency <Task(EmailOperator): send_email>, prepare_email already registered for DAG: example_dag_decorator
[2025-02-13T17:50:12.958+0000] {processor.py:766} INFO - DAG(s) dict_keys(['example_dag_decorator']) retrieved from /home/airflow/.local/lib/python3.7/site-packages/airflow/example_dags/example_dag_decorator.py
[2025-02-13T17:50:13.068+0000] {logging_mixin.py:137} INFO - [2025-02-13T17:50:13.068+0000] {dag.py:2585} INFO - Sync 1 DAGs
[2025-02-13T17:50:13.097+0000] {logging_mixin.py:137} INFO - [2025-02-13T17:50:13.097+0000] {dag.py:3340} INFO - Setting next_dagrun for example_dag_decorator to None, run_after=None
[2025-02-13T17:50:13.127+0000] {processor.py:176} INFO - Processing /home/airflow/.local/lib/python3.7/site-packages/airflow/example_dags/example_dag_decorator.py took 0.211 seconds
[2025-02-13T17:50:43.885+0000] {processor.py:154} INFO - Started process (PID=1399) to work on /home/airflow/.local/lib/python3.7/site-packages/airflow/example_dags/example_dag_decorator.py
[2025-02-13T17:50:43.886+0000] {processor.py:756} INFO - Processing file /home/airflow/.local/lib/python3.7/site-packages/airflow/example_dags/example_dag_decorator.py for tasks to queue
[2025-02-13T17:50:43.888+0000] {logging_mixin.py:137} INFO - [2025-02-13T17:50:43.888+0000] {dagbag.py:537} INFO - Filling up the DagBag from /home/airflow/.local/lib/python3.7/site-packages/airflow/example_dags/example_dag_decorator.py
[2025-02-13T17:50:43.906+0000] {logging_mixin.py:137} INFO - [2025-02-13T17:50:43.906+0000] {taskmixin.py:205} WARNING - Dependency <Task(_PythonDecoratedOperator): prepare_email>, send_email already registered for DAG: example_dag_decorator
[2025-02-13T17:50:43.907+0000] {logging_mixin.py:137} INFO - [2025-02-13T17:50:43.907+0000] {taskmixin.py:205} WARNING - Dependency <Task(EmailOperator): send_email>, prepare_email already registered for DAG: example_dag_decorator
[2025-02-13T17:50:43.923+0000] {processor.py:766} INFO - DAG(s) dict_keys(['example_dag_decorator']) retrieved from /home/airflow/.local/lib/python3.7/site-packages/airflow/example_dags/example_dag_decorator.py
[2025-02-13T17:50:44.058+0000] {logging_mixin.py:137} INFO - [2025-02-13T17:50:44.057+0000] {dag.py:2585} INFO - Sync 1 DAGs
[2025-02-13T17:50:44.106+0000] {logging_mixin.py:137} INFO - [2025-02-13T17:50:44.106+0000] {dag.py:3340} INFO - Setting next_dagrun for example_dag_decorator to None, run_after=None
[2025-02-13T17:50:44.150+0000] {processor.py:176} INFO - Processing /home/airflow/.local/lib/python3.7/site-packages/airflow/example_dags/example_dag_decorator.py took 0.269 seconds
[2025-02-13T17:51:14.960+0000] {processor.py:154} INFO - Started process (PID=1579) to work on /home/airflow/.local/lib/python3.7/site-packages/airflow/example_dags/example_dag_decorator.py
[2025-02-13T17:51:14.962+0000] {processor.py:756} INFO - Processing file /home/airflow/.local/lib/python3.7/site-packages/airflow/example_dags/example_dag_decorator.py for tasks to queue
[2025-02-13T17:51:14.964+0000] {logging_mixin.py:137} INFO - [2025-02-13T17:51:14.964+0000] {dagbag.py:537} INFO - Filling up the DagBag from /home/airflow/.local/lib/python3.7/site-packages/airflow/example_dags/example_dag_decorator.py
[2025-02-13T17:51:14.992+0000] {logging_mixin.py:137} INFO - [2025-02-13T17:51:14.992+0000] {taskmixin.py:205} WARNING - Dependency <Task(_PythonDecoratedOperator): prepare_email>, send_email already registered for DAG: example_dag_decorator
[2025-02-13T17:51:14.993+0000] {logging_mixin.py:137} INFO - [2025-02-13T17:51:14.993+0000] {taskmixin.py:205} WARNING - Dependency <Task(EmailOperator): send_email>, prepare_email already registered for DAG: example_dag_decorator
[2025-02-13T17:51:15.011+0000] {processor.py:766} INFO - DAG(s) dict_keys(['example_dag_decorator']) retrieved from /home/airflow/.local/lib/python3.7/site-packages/airflow/example_dags/example_dag_decorator.py
[2025-02-13T17:51:15.137+0000] {logging_mixin.py:137} INFO - [2025-02-13T17:51:15.137+0000] {dag.py:2585} INFO - Sync 1 DAGs
[2025-02-13T17:51:15.168+0000] {logging_mixin.py:137} INFO - [2025-02-13T17:51:15.168+0000] {dag.py:3340} INFO - Setting next_dagrun for example_dag_decorator to None, run_after=None
[2025-02-13T17:51:15.229+0000] {processor.py:176} INFO - Processing /home/airflow/.local/lib/python3.7/site-packages/airflow/example_dags/example_dag_decorator.py took 0.275 seconds
[2025-02-13T17:51:45.821+0000] {processor.py:154} INFO - Started process (PID=1759) to work on /home/airflow/.local/lib/python3.7/site-packages/airflow/example_dags/example_dag_decorator.py
[2025-02-13T17:51:45.829+0000] {processor.py:756} INFO - Processing file /home/airflow/.local/lib/python3.7/site-packages/airflow/example_dags/example_dag_decorator.py for tasks to queue
[2025-02-13T17:51:45.837+0000] {logging_mixin.py:137} INFO - [2025-02-13T17:51:45.836+0000] {dagbag.py:537} INFO - Filling up the DagBag from /home/airflow/.local/lib/python3.7/site-packages/airflow/example_dags/example_dag_decorator.py
[2025-02-13T17:51:45.879+0000] {logging_mixin.py:137} INFO - [2025-02-13T17:51:45.878+0000] {taskmixin.py:205} WARNING - Dependency <Task(_PythonDecoratedOperator): prepare_email>, send_email already registered for DAG: example_dag_decorator
[2025-02-13T17:51:45.880+0000] {logging_mixin.py:137} INFO - [2025-02-13T17:51:45.880+0000] {taskmixin.py:205} WARNING - Dependency <Task(EmailOperator): send_email>, prepare_email already registered for DAG: example_dag_decorator
[2025-02-13T17:51:45.913+0000] {processor.py:766} INFO - DAG(s) dict_keys(['example_dag_decorator']) retrieved from /home/airflow/.local/lib/python3.7/site-packages/airflow/example_dags/example_dag_decorator.py
[2025-02-13T17:51:46.045+0000] {logging_mixin.py:137} INFO - [2025-02-13T17:51:46.045+0000] {dag.py:2585} INFO - Sync 1 DAGs
[2025-02-13T17:51:46.082+0000] {logging_mixin.py:137} INFO - [2025-02-13T17:51:46.081+0000] {dag.py:3340} INFO - Setting next_dagrun for example_dag_decorator to None, run_after=None
[2025-02-13T17:51:46.133+0000] {processor.py:176} INFO - Processing /home/airflow/.local/lib/python3.7/site-packages/airflow/example_dags/example_dag_decorator.py took 0.336 seconds
