[2025-02-13T17:24:18.538+0000] {processor.py:154} INFO - Started process (PID=206) to work on /home/airflow/.local/lib/python3.7/site-packages/airflow/example_dags/example_trigger_controller_dag.py
[2025-02-13T17:24:18.543+0000] {processor.py:756} INFO - Processing file /home/airflow/.local/lib/python3.7/site-packages/airflow/example_dags/example_trigger_controller_dag.py for tasks to queue
[2025-02-13T17:24:18.546+0000] {logging_mixin.py:137} INFO - [2025-02-13T17:24:18.545+0000] {dagbag.py:537} INFO - Filling up the DagBag from /home/airflow/.local/lib/python3.7/site-packages/airflow/example_dags/example_trigger_controller_dag.py
[2025-02-13T17:24:18.577+0000] {processor.py:766} INFO - DAG(s) dict_keys(['example_trigger_controller_dag']) retrieved from /home/airflow/.local/lib/python3.7/site-packages/airflow/example_dags/example_trigger_controller_dag.py
[2025-02-13T17:24:18.889+0000] {logging_mixin.py:137} INFO - [2025-02-13T17:24:18.888+0000] {dag.py:2585} INFO - Sync 1 DAGs
[2025-02-13T17:24:18.958+0000] {logging_mixin.py:137} INFO - [2025-02-13T17:24:18.957+0000] {dag.py:3340} INFO - Setting next_dagrun for example_trigger_controller_dag to 2021-01-01T00:00:00+00:00, run_after=2021-01-01T00:00:00+00:00
[2025-02-13T17:24:19.016+0000] {processor.py:176} INFO - Processing /home/airflow/.local/lib/python3.7/site-packages/airflow/example_dags/example_trigger_controller_dag.py took 0.494 seconds
[2025-02-13T17:25:19.590+0000] {processor.py:154} INFO - Started process (PID=206) to work on /home/airflow/.local/lib/python3.7/site-packages/airflow/example_dags/example_trigger_controller_dag.py
[2025-02-13T17:25:19.593+0000] {processor.py:756} INFO - Processing file /home/airflow/.local/lib/python3.7/site-packages/airflow/example_dags/example_trigger_controller_dag.py for tasks to queue
[2025-02-13T17:25:19.596+0000] {logging_mixin.py:137} INFO - [2025-02-13T17:25:19.596+0000] {dagbag.py:537} INFO - Filling up the DagBag from /home/airflow/.local/lib/python3.7/site-packages/airflow/example_dags/example_trigger_controller_dag.py
[2025-02-13T17:25:19.637+0000] {processor.py:766} INFO - DAG(s) dict_keys(['example_trigger_controller_dag']) retrieved from /home/airflow/.local/lib/python3.7/site-packages/airflow/example_dags/example_trigger_controller_dag.py
[2025-02-13T17:25:19.787+0000] {logging_mixin.py:137} INFO - [2025-02-13T17:25:19.786+0000] {dag.py:2585} INFO - Sync 1 DAGs
[2025-02-13T17:25:19.931+0000] {logging_mixin.py:137} INFO - [2025-02-13T17:25:19.930+0000] {dag.py:3340} INFO - Setting next_dagrun for example_trigger_controller_dag to 2021-01-01T00:00:00+00:00, run_after=2021-01-01T00:00:00+00:00
[2025-02-13T17:25:20.018+0000] {processor.py:176} INFO - Processing /home/airflow/.local/lib/python3.7/site-packages/airflow/example_dags/example_trigger_controller_dag.py took 0.433 seconds
[2025-02-13T17:25:50.563+0000] {processor.py:154} INFO - Started process (PID=386) to work on /home/airflow/.local/lib/python3.7/site-packages/airflow/example_dags/example_trigger_controller_dag.py
[2025-02-13T17:25:50.567+0000] {processor.py:756} INFO - Processing file /home/airflow/.local/lib/python3.7/site-packages/airflow/example_dags/example_trigger_controller_dag.py for tasks to queue
[2025-02-13T17:25:50.570+0000] {logging_mixin.py:137} INFO - [2025-02-13T17:25:50.569+0000] {dagbag.py:537} INFO - Filling up the DagBag from /home/airflow/.local/lib/python3.7/site-packages/airflow/example_dags/example_trigger_controller_dag.py
[2025-02-13T17:25:50.604+0000] {processor.py:766} INFO - DAG(s) dict_keys(['example_trigger_controller_dag']) retrieved from /home/airflow/.local/lib/python3.7/site-packages/airflow/example_dags/example_trigger_controller_dag.py
[2025-02-13T17:25:50.719+0000] {logging_mixin.py:137} INFO - [2025-02-13T17:25:50.718+0000] {dag.py:2585} INFO - Sync 1 DAGs
[2025-02-13T17:25:50.812+0000] {logging_mixin.py:137} INFO - [2025-02-13T17:25:50.812+0000] {dag.py:3340} INFO - Setting next_dagrun for example_trigger_controller_dag to 2021-01-01T00:00:00+00:00, run_after=2021-01-01T00:00:00+00:00
[2025-02-13T17:25:50.891+0000] {processor.py:176} INFO - Processing /home/airflow/.local/lib/python3.7/site-packages/airflow/example_dags/example_trigger_controller_dag.py took 0.339 seconds
[2025-02-13T17:26:21.089+0000] {processor.py:154} INFO - Started process (PID=564) to work on /home/airflow/.local/lib/python3.7/site-packages/airflow/example_dags/example_trigger_controller_dag.py
[2025-02-13T17:26:21.092+0000] {processor.py:756} INFO - Processing file /home/airflow/.local/lib/python3.7/site-packages/airflow/example_dags/example_trigger_controller_dag.py for tasks to queue
[2025-02-13T17:26:21.095+0000] {logging_mixin.py:137} INFO - [2025-02-13T17:26:21.094+0000] {dagbag.py:537} INFO - Filling up the DagBag from /home/airflow/.local/lib/python3.7/site-packages/airflow/example_dags/example_trigger_controller_dag.py
[2025-02-13T17:26:21.114+0000] {processor.py:766} INFO - DAG(s) dict_keys(['example_trigger_controller_dag']) retrieved from /home/airflow/.local/lib/python3.7/site-packages/airflow/example_dags/example_trigger_controller_dag.py
[2025-02-13T17:26:21.193+0000] {logging_mixin.py:137} INFO - [2025-02-13T17:26:21.193+0000] {dag.py:2585} INFO - Sync 1 DAGs
[2025-02-13T17:26:21.247+0000] {logging_mixin.py:137} INFO - [2025-02-13T17:26:21.247+0000] {dag.py:3340} INFO - Setting next_dagrun for example_trigger_controller_dag to 2021-01-01T00:00:00+00:00, run_after=2021-01-01T00:00:00+00:00
[2025-02-13T17:26:21.294+0000] {processor.py:176} INFO - Processing /home/airflow/.local/lib/python3.7/site-packages/airflow/example_dags/example_trigger_controller_dag.py took 0.209 seconds
[2025-02-13T17:26:51.406+0000] {processor.py:154} INFO - Started process (PID=742) to work on /home/airflow/.local/lib/python3.7/site-packages/airflow/example_dags/example_trigger_controller_dag.py
[2025-02-13T17:26:51.409+0000] {processor.py:756} INFO - Processing file /home/airflow/.local/lib/python3.7/site-packages/airflow/example_dags/example_trigger_controller_dag.py for tasks to queue
[2025-02-13T17:26:51.412+0000] {logging_mixin.py:137} INFO - [2025-02-13T17:26:51.411+0000] {dagbag.py:537} INFO - Filling up the DagBag from /home/airflow/.local/lib/python3.7/site-packages/airflow/example_dags/example_trigger_controller_dag.py
[2025-02-13T17:26:51.433+0000] {processor.py:766} INFO - DAG(s) dict_keys(['example_trigger_controller_dag']) retrieved from /home/airflow/.local/lib/python3.7/site-packages/airflow/example_dags/example_trigger_controller_dag.py
[2025-02-13T17:26:51.480+0000] {logging_mixin.py:137} INFO - [2025-02-13T17:26:51.480+0000] {dag.py:2585} INFO - Sync 1 DAGs
[2025-02-13T17:26:51.521+0000] {logging_mixin.py:137} INFO - [2025-02-13T17:26:51.520+0000] {dag.py:3340} INFO - Setting next_dagrun for example_trigger_controller_dag to 2021-01-01T00:00:00+00:00, run_after=2021-01-01T00:00:00+00:00
[2025-02-13T17:26:51.551+0000] {processor.py:176} INFO - Processing /home/airflow/.local/lib/python3.7/site-packages/airflow/example_dags/example_trigger_controller_dag.py took 0.151 seconds
[2025-02-13T17:27:22.347+0000] {processor.py:154} INFO - Started process (PID=922) to work on /home/airflow/.local/lib/python3.7/site-packages/airflow/example_dags/example_trigger_controller_dag.py
[2025-02-13T17:27:22.349+0000] {processor.py:756} INFO - Processing file /home/airflow/.local/lib/python3.7/site-packages/airflow/example_dags/example_trigger_controller_dag.py for tasks to queue
[2025-02-13T17:27:22.351+0000] {logging_mixin.py:137} INFO - [2025-02-13T17:27:22.351+0000] {dagbag.py:537} INFO - Filling up the DagBag from /home/airflow/.local/lib/python3.7/site-packages/airflow/example_dags/example_trigger_controller_dag.py
[2025-02-13T17:27:22.372+0000] {processor.py:766} INFO - DAG(s) dict_keys(['example_trigger_controller_dag']) retrieved from /home/airflow/.local/lib/python3.7/site-packages/airflow/example_dags/example_trigger_controller_dag.py
[2025-02-13T17:27:22.424+0000] {logging_mixin.py:137} INFO - [2025-02-13T17:27:22.424+0000] {dag.py:2585} INFO - Sync 1 DAGs
[2025-02-13T17:27:22.466+0000] {logging_mixin.py:137} INFO - [2025-02-13T17:27:22.465+0000] {dag.py:3340} INFO - Setting next_dagrun for example_trigger_controller_dag to 2021-01-01T00:00:00+00:00, run_after=2021-01-01T00:00:00+00:00
[2025-02-13T17:27:22.505+0000] {processor.py:176} INFO - Processing /home/airflow/.local/lib/python3.7/site-packages/airflow/example_dags/example_trigger_controller_dag.py took 0.169 seconds
[2025-02-13T17:27:53.019+0000] {processor.py:154} INFO - Started process (PID=1104) to work on /home/airflow/.local/lib/python3.7/site-packages/airflow/example_dags/example_trigger_controller_dag.py
[2025-02-13T17:27:53.022+0000] {processor.py:756} INFO - Processing file /home/airflow/.local/lib/python3.7/site-packages/airflow/example_dags/example_trigger_controller_dag.py for tasks to queue
[2025-02-13T17:27:53.025+0000] {logging_mixin.py:137} INFO - [2025-02-13T17:27:53.025+0000] {dagbag.py:537} INFO - Filling up the DagBag from /home/airflow/.local/lib/python3.7/site-packages/airflow/example_dags/example_trigger_controller_dag.py
[2025-02-13T17:27:53.048+0000] {processor.py:766} INFO - DAG(s) dict_keys(['example_trigger_controller_dag']) retrieved from /home/airflow/.local/lib/python3.7/site-packages/airflow/example_dags/example_trigger_controller_dag.py
[2025-02-13T17:27:53.100+0000] {logging_mixin.py:137} INFO - [2025-02-13T17:27:53.100+0000] {dag.py:2585} INFO - Sync 1 DAGs
[2025-02-13T17:27:53.164+0000] {logging_mixin.py:137} INFO - [2025-02-13T17:27:53.163+0000] {dag.py:3340} INFO - Setting next_dagrun for example_trigger_controller_dag to 2021-01-01T00:00:00+00:00, run_after=2021-01-01T00:00:00+00:00
[2025-02-13T17:27:53.214+0000] {processor.py:176} INFO - Processing /home/airflow/.local/lib/python3.7/site-packages/airflow/example_dags/example_trigger_controller_dag.py took 0.200 seconds
[2025-02-13T17:28:23.745+0000] {processor.py:154} INFO - Started process (PID=1282) to work on /home/airflow/.local/lib/python3.7/site-packages/airflow/example_dags/example_trigger_controller_dag.py
[2025-02-13T17:28:23.747+0000] {processor.py:756} INFO - Processing file /home/airflow/.local/lib/python3.7/site-packages/airflow/example_dags/example_trigger_controller_dag.py for tasks to queue
[2025-02-13T17:28:23.749+0000] {logging_mixin.py:137} INFO - [2025-02-13T17:28:23.748+0000] {dagbag.py:537} INFO - Filling up the DagBag from /home/airflow/.local/lib/python3.7/site-packages/airflow/example_dags/example_trigger_controller_dag.py
[2025-02-13T17:28:23.767+0000] {processor.py:766} INFO - DAG(s) dict_keys(['example_trigger_controller_dag']) retrieved from /home/airflow/.local/lib/python3.7/site-packages/airflow/example_dags/example_trigger_controller_dag.py
[2025-02-13T17:28:23.809+0000] {logging_mixin.py:137} INFO - [2025-02-13T17:28:23.809+0000] {dag.py:2585} INFO - Sync 1 DAGs
[2025-02-13T17:28:23.869+0000] {logging_mixin.py:137} INFO - [2025-02-13T17:28:23.869+0000] {dag.py:3340} INFO - Setting next_dagrun for example_trigger_controller_dag to 2021-01-01T00:00:00+00:00, run_after=2021-01-01T00:00:00+00:00
[2025-02-13T17:28:23.914+0000] {processor.py:176} INFO - Processing /home/airflow/.local/lib/python3.7/site-packages/airflow/example_dags/example_trigger_controller_dag.py took 0.174 seconds
[2025-02-13T17:28:54.485+0000] {processor.py:154} INFO - Started process (PID=1462) to work on /home/airflow/.local/lib/python3.7/site-packages/airflow/example_dags/example_trigger_controller_dag.py
[2025-02-13T17:28:54.486+0000] {processor.py:756} INFO - Processing file /home/airflow/.local/lib/python3.7/site-packages/airflow/example_dags/example_trigger_controller_dag.py for tasks to queue
[2025-02-13T17:28:54.487+0000] {logging_mixin.py:137} INFO - [2025-02-13T17:28:54.487+0000] {dagbag.py:537} INFO - Filling up the DagBag from /home/airflow/.local/lib/python3.7/site-packages/airflow/example_dags/example_trigger_controller_dag.py
[2025-02-13T17:28:54.502+0000] {processor.py:766} INFO - DAG(s) dict_keys(['example_trigger_controller_dag']) retrieved from /home/airflow/.local/lib/python3.7/site-packages/airflow/example_dags/example_trigger_controller_dag.py
[2025-02-13T17:28:54.540+0000] {logging_mixin.py:137} INFO - [2025-02-13T17:28:54.540+0000] {dag.py:2585} INFO - Sync 1 DAGs
[2025-02-13T17:28:54.597+0000] {logging_mixin.py:137} INFO - [2025-02-13T17:28:54.596+0000] {dag.py:3340} INFO - Setting next_dagrun for example_trigger_controller_dag to 2021-01-01T00:00:00+00:00, run_after=2021-01-01T00:00:00+00:00
[2025-02-13T17:28:54.634+0000] {processor.py:176} INFO - Processing /home/airflow/.local/lib/python3.7/site-packages/airflow/example_dags/example_trigger_controller_dag.py took 0.154 seconds
[2025-02-13T17:29:25.024+0000] {processor.py:154} INFO - Started process (PID=1642) to work on /home/airflow/.local/lib/python3.7/site-packages/airflow/example_dags/example_trigger_controller_dag.py
[2025-02-13T17:29:25.026+0000] {processor.py:756} INFO - Processing file /home/airflow/.local/lib/python3.7/site-packages/airflow/example_dags/example_trigger_controller_dag.py for tasks to queue
[2025-02-13T17:29:25.029+0000] {logging_mixin.py:137} INFO - [2025-02-13T17:29:25.028+0000] {dagbag.py:537} INFO - Filling up the DagBag from /home/airflow/.local/lib/python3.7/site-packages/airflow/example_dags/example_trigger_controller_dag.py
[2025-02-13T17:29:25.047+0000] {processor.py:766} INFO - DAG(s) dict_keys(['example_trigger_controller_dag']) retrieved from /home/airflow/.local/lib/python3.7/site-packages/airflow/example_dags/example_trigger_controller_dag.py
[2025-02-13T17:29:25.105+0000] {logging_mixin.py:137} INFO - [2025-02-13T17:29:25.105+0000] {dag.py:2585} INFO - Sync 1 DAGs
[2025-02-13T17:29:25.158+0000] {logging_mixin.py:137} INFO - [2025-02-13T17:29:25.158+0000] {dag.py:3340} INFO - Setting next_dagrun for example_trigger_controller_dag to 2021-01-01T00:00:00+00:00, run_after=2021-01-01T00:00:00+00:00
[2025-02-13T17:29:25.202+0000] {processor.py:176} INFO - Processing /home/airflow/.local/lib/python3.7/site-packages/airflow/example_dags/example_trigger_controller_dag.py took 0.184 seconds
[2025-02-13T17:29:55.805+0000] {processor.py:154} INFO - Started process (PID=1822) to work on /home/airflow/.local/lib/python3.7/site-packages/airflow/example_dags/example_trigger_controller_dag.py
[2025-02-13T17:29:55.818+0000] {processor.py:756} INFO - Processing file /home/airflow/.local/lib/python3.7/site-packages/airflow/example_dags/example_trigger_controller_dag.py for tasks to queue
[2025-02-13T17:29:55.821+0000] {logging_mixin.py:137} INFO - [2025-02-13T17:29:55.820+0000] {dagbag.py:537} INFO - Filling up the DagBag from /home/airflow/.local/lib/python3.7/site-packages/airflow/example_dags/example_trigger_controller_dag.py
[2025-02-13T17:29:55.865+0000] {processor.py:766} INFO - DAG(s) dict_keys(['example_trigger_controller_dag']) retrieved from /home/airflow/.local/lib/python3.7/site-packages/airflow/example_dags/example_trigger_controller_dag.py
[2025-02-13T17:29:55.994+0000] {logging_mixin.py:137} INFO - [2025-02-13T17:29:55.993+0000] {dag.py:2585} INFO - Sync 1 DAGs
[2025-02-13T17:29:56.125+0000] {logging_mixin.py:137} INFO - [2025-02-13T17:29:56.125+0000] {dag.py:3340} INFO - Setting next_dagrun for example_trigger_controller_dag to 2021-01-01T00:00:00+00:00, run_after=2021-01-01T00:00:00+00:00
[2025-02-13T17:29:56.198+0000] {processor.py:176} INFO - Processing /home/airflow/.local/lib/python3.7/site-packages/airflow/example_dags/example_trigger_controller_dag.py took 0.415 seconds
[2025-02-13T17:30:26.648+0000] {processor.py:154} INFO - Started process (PID=2004) to work on /home/airflow/.local/lib/python3.7/site-packages/airflow/example_dags/example_trigger_controller_dag.py
[2025-02-13T17:30:26.651+0000] {processor.py:756} INFO - Processing file /home/airflow/.local/lib/python3.7/site-packages/airflow/example_dags/example_trigger_controller_dag.py for tasks to queue
[2025-02-13T17:30:26.653+0000] {logging_mixin.py:137} INFO - [2025-02-13T17:30:26.653+0000] {dagbag.py:537} INFO - Filling up the DagBag from /home/airflow/.local/lib/python3.7/site-packages/airflow/example_dags/example_trigger_controller_dag.py
[2025-02-13T17:30:26.686+0000] {processor.py:766} INFO - DAG(s) dict_keys(['example_trigger_controller_dag']) retrieved from /home/airflow/.local/lib/python3.7/site-packages/airflow/example_dags/example_trigger_controller_dag.py
[2025-02-13T17:30:26.742+0000] {logging_mixin.py:137} INFO - [2025-02-13T17:30:26.742+0000] {dag.py:2585} INFO - Sync 1 DAGs
[2025-02-13T17:30:26.793+0000] {logging_mixin.py:137} INFO - [2025-02-13T17:30:26.793+0000] {dag.py:3340} INFO - Setting next_dagrun for example_trigger_controller_dag to 2021-01-01T00:00:00+00:00, run_after=2021-01-01T00:00:00+00:00
[2025-02-13T17:30:26.834+0000] {processor.py:176} INFO - Processing /home/airflow/.local/lib/python3.7/site-packages/airflow/example_dags/example_trigger_controller_dag.py took 0.197 seconds
[2025-02-13T17:30:57.497+0000] {processor.py:154} INFO - Started process (PID=2182) to work on /home/airflow/.local/lib/python3.7/site-packages/airflow/example_dags/example_trigger_controller_dag.py
[2025-02-13T17:30:57.499+0000] {processor.py:756} INFO - Processing file /home/airflow/.local/lib/python3.7/site-packages/airflow/example_dags/example_trigger_controller_dag.py for tasks to queue
[2025-02-13T17:30:57.502+0000] {logging_mixin.py:137} INFO - [2025-02-13T17:30:57.502+0000] {dagbag.py:537} INFO - Filling up the DagBag from /home/airflow/.local/lib/python3.7/site-packages/airflow/example_dags/example_trigger_controller_dag.py
[2025-02-13T17:30:57.538+0000] {processor.py:766} INFO - DAG(s) dict_keys(['example_trigger_controller_dag']) retrieved from /home/airflow/.local/lib/python3.7/site-packages/airflow/example_dags/example_trigger_controller_dag.py
[2025-02-13T17:30:57.601+0000] {logging_mixin.py:137} INFO - [2025-02-13T17:30:57.600+0000] {dag.py:2585} INFO - Sync 1 DAGs
[2025-02-13T17:30:57.664+0000] {logging_mixin.py:137} INFO - [2025-02-13T17:30:57.663+0000] {dag.py:3340} INFO - Setting next_dagrun for example_trigger_controller_dag to 2021-01-01T00:00:00+00:00, run_after=2021-01-01T00:00:00+00:00
[2025-02-13T17:30:57.728+0000] {processor.py:176} INFO - Processing /home/airflow/.local/lib/python3.7/site-packages/airflow/example_dags/example_trigger_controller_dag.py took 0.238 seconds
[2025-02-13T17:31:28.277+0000] {processor.py:154} INFO - Started process (PID=2362) to work on /home/airflow/.local/lib/python3.7/site-packages/airflow/example_dags/example_trigger_controller_dag.py
[2025-02-13T17:31:28.279+0000] {processor.py:756} INFO - Processing file /home/airflow/.local/lib/python3.7/site-packages/airflow/example_dags/example_trigger_controller_dag.py for tasks to queue
[2025-02-13T17:31:28.281+0000] {logging_mixin.py:137} INFO - [2025-02-13T17:31:28.280+0000] {dagbag.py:537} INFO - Filling up the DagBag from /home/airflow/.local/lib/python3.7/site-packages/airflow/example_dags/example_trigger_controller_dag.py
[2025-02-13T17:31:28.298+0000] {processor.py:766} INFO - DAG(s) dict_keys(['example_trigger_controller_dag']) retrieved from /home/airflow/.local/lib/python3.7/site-packages/airflow/example_dags/example_trigger_controller_dag.py
[2025-02-13T17:31:28.374+0000] {logging_mixin.py:137} INFO - [2025-02-13T17:31:28.373+0000] {dag.py:2585} INFO - Sync 1 DAGs
[2025-02-13T17:31:28.425+0000] {logging_mixin.py:137} INFO - [2025-02-13T17:31:28.424+0000] {dag.py:3340} INFO - Setting next_dagrun for example_trigger_controller_dag to 2021-01-01T00:00:00+00:00, run_after=2021-01-01T00:00:00+00:00
[2025-02-13T17:31:28.488+0000] {processor.py:176} INFO - Processing /home/airflow/.local/lib/python3.7/site-packages/airflow/example_dags/example_trigger_controller_dag.py took 0.218 seconds
[2025-02-13T17:31:59.248+0000] {processor.py:154} INFO - Started process (PID=2541) to work on /home/airflow/.local/lib/python3.7/site-packages/airflow/example_dags/example_trigger_controller_dag.py
[2025-02-13T17:31:59.250+0000] {processor.py:756} INFO - Processing file /home/airflow/.local/lib/python3.7/site-packages/airflow/example_dags/example_trigger_controller_dag.py for tasks to queue
[2025-02-13T17:31:59.253+0000] {logging_mixin.py:137} INFO - [2025-02-13T17:31:59.253+0000] {dagbag.py:537} INFO - Filling up the DagBag from /home/airflow/.local/lib/python3.7/site-packages/airflow/example_dags/example_trigger_controller_dag.py
[2025-02-13T17:31:59.287+0000] {processor.py:766} INFO - DAG(s) dict_keys(['example_trigger_controller_dag']) retrieved from /home/airflow/.local/lib/python3.7/site-packages/airflow/example_dags/example_trigger_controller_dag.py
[2025-02-13T17:31:59.390+0000] {logging_mixin.py:137} INFO - [2025-02-13T17:31:59.390+0000] {dag.py:2585} INFO - Sync 1 DAGs
[2025-02-13T17:31:59.469+0000] {logging_mixin.py:137} INFO - [2025-02-13T17:31:59.469+0000] {dag.py:3340} INFO - Setting next_dagrun for example_trigger_controller_dag to 2021-01-01T00:00:00+00:00, run_after=2021-01-01T00:00:00+00:00
[2025-02-13T17:31:59.522+0000] {processor.py:176} INFO - Processing /home/airflow/.local/lib/python3.7/site-packages/airflow/example_dags/example_trigger_controller_dag.py took 0.285 seconds
[2025-02-13T17:32:29.643+0000] {processor.py:154} INFO - Started process (PID=2722) to work on /home/airflow/.local/lib/python3.7/site-packages/airflow/example_dags/example_trigger_controller_dag.py
[2025-02-13T17:32:29.646+0000] {processor.py:756} INFO - Processing file /home/airflow/.local/lib/python3.7/site-packages/airflow/example_dags/example_trigger_controller_dag.py for tasks to queue
[2025-02-13T17:32:29.650+0000] {logging_mixin.py:137} INFO - [2025-02-13T17:32:29.649+0000] {dagbag.py:537} INFO - Filling up the DagBag from /home/airflow/.local/lib/python3.7/site-packages/airflow/example_dags/example_trigger_controller_dag.py
[2025-02-13T17:32:29.681+0000] {processor.py:766} INFO - DAG(s) dict_keys(['example_trigger_controller_dag']) retrieved from /home/airflow/.local/lib/python3.7/site-packages/airflow/example_dags/example_trigger_controller_dag.py
[2025-02-13T17:32:29.781+0000] {logging_mixin.py:137} INFO - [2025-02-13T17:32:29.781+0000] {dag.py:2585} INFO - Sync 1 DAGs
[2025-02-13T17:32:29.839+0000] {logging_mixin.py:137} INFO - [2025-02-13T17:32:29.838+0000] {dag.py:3340} INFO - Setting next_dagrun for example_trigger_controller_dag to 2021-01-01T00:00:00+00:00, run_after=2021-01-01T00:00:00+00:00
[2025-02-13T17:32:29.906+0000] {processor.py:176} INFO - Processing /home/airflow/.local/lib/python3.7/site-packages/airflow/example_dags/example_trigger_controller_dag.py took 0.274 seconds
[2025-02-13T17:33:00.574+0000] {processor.py:154} INFO - Started process (PID=2904) to work on /home/airflow/.local/lib/python3.7/site-packages/airflow/example_dags/example_trigger_controller_dag.py
[2025-02-13T17:33:00.575+0000] {processor.py:756} INFO - Processing file /home/airflow/.local/lib/python3.7/site-packages/airflow/example_dags/example_trigger_controller_dag.py for tasks to queue
[2025-02-13T17:33:00.577+0000] {logging_mixin.py:137} INFO - [2025-02-13T17:33:00.576+0000] {dagbag.py:537} INFO - Filling up the DagBag from /home/airflow/.local/lib/python3.7/site-packages/airflow/example_dags/example_trigger_controller_dag.py
[2025-02-13T17:33:00.594+0000] {processor.py:766} INFO - DAG(s) dict_keys(['example_trigger_controller_dag']) retrieved from /home/airflow/.local/lib/python3.7/site-packages/airflow/example_dags/example_trigger_controller_dag.py
[2025-02-13T17:33:00.631+0000] {logging_mixin.py:137} INFO - [2025-02-13T17:33:00.631+0000] {dag.py:2585} INFO - Sync 1 DAGs
[2025-02-13T17:33:00.669+0000] {logging_mixin.py:137} INFO - [2025-02-13T17:33:00.668+0000] {dag.py:3340} INFO - Setting next_dagrun for example_trigger_controller_dag to 2021-01-01T00:00:00+00:00, run_after=2021-01-01T00:00:00+00:00
[2025-02-13T17:33:00.702+0000] {processor.py:176} INFO - Processing /home/airflow/.local/lib/python3.7/site-packages/airflow/example_dags/example_trigger_controller_dag.py took 0.132 seconds
[2025-02-13T17:33:31.654+0000] {processor.py:154} INFO - Started process (PID=3084) to work on /home/airflow/.local/lib/python3.7/site-packages/airflow/example_dags/example_trigger_controller_dag.py
[2025-02-13T17:33:31.657+0000] {processor.py:756} INFO - Processing file /home/airflow/.local/lib/python3.7/site-packages/airflow/example_dags/example_trigger_controller_dag.py for tasks to queue
[2025-02-13T17:33:31.658+0000] {logging_mixin.py:137} INFO - [2025-02-13T17:33:31.658+0000] {dagbag.py:537} INFO - Filling up the DagBag from /home/airflow/.local/lib/python3.7/site-packages/airflow/example_dags/example_trigger_controller_dag.py
[2025-02-13T17:33:31.678+0000] {processor.py:766} INFO - DAG(s) dict_keys(['example_trigger_controller_dag']) retrieved from /home/airflow/.local/lib/python3.7/site-packages/airflow/example_dags/example_trigger_controller_dag.py
[2025-02-13T17:33:31.748+0000] {logging_mixin.py:137} INFO - [2025-02-13T17:33:31.748+0000] {dag.py:2585} INFO - Sync 1 DAGs
[2025-02-13T17:33:31.795+0000] {logging_mixin.py:137} INFO - [2025-02-13T17:33:31.794+0000] {dag.py:3340} INFO - Setting next_dagrun for example_trigger_controller_dag to 2021-01-01T00:00:00+00:00, run_after=2021-01-01T00:00:00+00:00
[2025-02-13T17:33:31.828+0000] {processor.py:176} INFO - Processing /home/airflow/.local/lib/python3.7/site-packages/airflow/example_dags/example_trigger_controller_dag.py took 0.182 seconds
[2025-02-13T17:34:02.099+0000] {processor.py:154} INFO - Started process (PID=3264) to work on /home/airflow/.local/lib/python3.7/site-packages/airflow/example_dags/example_trigger_controller_dag.py
[2025-02-13T17:34:02.101+0000] {processor.py:756} INFO - Processing file /home/airflow/.local/lib/python3.7/site-packages/airflow/example_dags/example_trigger_controller_dag.py for tasks to queue
[2025-02-13T17:34:02.102+0000] {logging_mixin.py:137} INFO - [2025-02-13T17:34:02.102+0000] {dagbag.py:537} INFO - Filling up the DagBag from /home/airflow/.local/lib/python3.7/site-packages/airflow/example_dags/example_trigger_controller_dag.py
[2025-02-13T17:34:02.119+0000] {processor.py:766} INFO - DAG(s) dict_keys(['example_trigger_controller_dag']) retrieved from /home/airflow/.local/lib/python3.7/site-packages/airflow/example_dags/example_trigger_controller_dag.py
[2025-02-13T17:34:02.178+0000] {logging_mixin.py:137} INFO - [2025-02-13T17:34:02.178+0000] {dag.py:2585} INFO - Sync 1 DAGs
[2025-02-13T17:34:02.221+0000] {logging_mixin.py:137} INFO - [2025-02-13T17:34:02.220+0000] {dag.py:3340} INFO - Setting next_dagrun for example_trigger_controller_dag to 2021-01-01T00:00:00+00:00, run_after=2021-01-01T00:00:00+00:00
[2025-02-13T17:34:02.259+0000] {processor.py:176} INFO - Processing /home/airflow/.local/lib/python3.7/site-packages/airflow/example_dags/example_trigger_controller_dag.py took 0.165 seconds
[2025-02-13T17:34:32.406+0000] {processor.py:154} INFO - Started process (PID=3442) to work on /home/airflow/.local/lib/python3.7/site-packages/airflow/example_dags/example_trigger_controller_dag.py
[2025-02-13T17:34:32.410+0000] {processor.py:756} INFO - Processing file /home/airflow/.local/lib/python3.7/site-packages/airflow/example_dags/example_trigger_controller_dag.py for tasks to queue
[2025-02-13T17:34:32.413+0000] {logging_mixin.py:137} INFO - [2025-02-13T17:34:32.412+0000] {dagbag.py:537} INFO - Filling up the DagBag from /home/airflow/.local/lib/python3.7/site-packages/airflow/example_dags/example_trigger_controller_dag.py
[2025-02-13T17:34:32.449+0000] {processor.py:766} INFO - DAG(s) dict_keys(['example_trigger_controller_dag']) retrieved from /home/airflow/.local/lib/python3.7/site-packages/airflow/example_dags/example_trigger_controller_dag.py
[2025-02-13T17:34:32.539+0000] {logging_mixin.py:137} INFO - [2025-02-13T17:34:32.539+0000] {dag.py:2585} INFO - Sync 1 DAGs
[2025-02-13T17:34:32.587+0000] {logging_mixin.py:137} INFO - [2025-02-13T17:34:32.587+0000] {dag.py:3340} INFO - Setting next_dagrun for example_trigger_controller_dag to 2021-01-01T00:00:00+00:00, run_after=2021-01-01T00:00:00+00:00
[2025-02-13T17:34:32.634+0000] {processor.py:176} INFO - Processing /home/airflow/.local/lib/python3.7/site-packages/airflow/example_dags/example_trigger_controller_dag.py took 0.236 seconds
[2025-02-13T17:35:03.255+0000] {processor.py:154} INFO - Started process (PID=3624) to work on /home/airflow/.local/lib/python3.7/site-packages/airflow/example_dags/example_trigger_controller_dag.py
[2025-02-13T17:35:03.257+0000] {processor.py:756} INFO - Processing file /home/airflow/.local/lib/python3.7/site-packages/airflow/example_dags/example_trigger_controller_dag.py for tasks to queue
[2025-02-13T17:35:03.260+0000] {logging_mixin.py:137} INFO - [2025-02-13T17:35:03.259+0000] {dagbag.py:537} INFO - Filling up the DagBag from /home/airflow/.local/lib/python3.7/site-packages/airflow/example_dags/example_trigger_controller_dag.py
[2025-02-13T17:35:03.287+0000] {processor.py:766} INFO - DAG(s) dict_keys(['example_trigger_controller_dag']) retrieved from /home/airflow/.local/lib/python3.7/site-packages/airflow/example_dags/example_trigger_controller_dag.py
[2025-02-13T17:35:03.377+0000] {logging_mixin.py:137} INFO - [2025-02-13T17:35:03.377+0000] {dag.py:2585} INFO - Sync 1 DAGs
[2025-02-13T17:35:03.420+0000] {logging_mixin.py:137} INFO - [2025-02-13T17:35:03.419+0000] {dag.py:3340} INFO - Setting next_dagrun for example_trigger_controller_dag to 2021-01-01T00:00:00+00:00, run_after=2021-01-01T00:00:00+00:00
[2025-02-13T17:35:03.458+0000] {processor.py:176} INFO - Processing /home/airflow/.local/lib/python3.7/site-packages/airflow/example_dags/example_trigger_controller_dag.py took 0.211 seconds
[2025-02-13T17:35:33.745+0000] {processor.py:154} INFO - Started process (PID=3804) to work on /home/airflow/.local/lib/python3.7/site-packages/airflow/example_dags/example_trigger_controller_dag.py
[2025-02-13T17:35:33.747+0000] {processor.py:756} INFO - Processing file /home/airflow/.local/lib/python3.7/site-packages/airflow/example_dags/example_trigger_controller_dag.py for tasks to queue
[2025-02-13T17:35:33.748+0000] {logging_mixin.py:137} INFO - [2025-02-13T17:35:33.748+0000] {dagbag.py:537} INFO - Filling up the DagBag from /home/airflow/.local/lib/python3.7/site-packages/airflow/example_dags/example_trigger_controller_dag.py
[2025-02-13T17:35:33.764+0000] {processor.py:766} INFO - DAG(s) dict_keys(['example_trigger_controller_dag']) retrieved from /home/airflow/.local/lib/python3.7/site-packages/airflow/example_dags/example_trigger_controller_dag.py
[2025-02-13T17:35:33.824+0000] {logging_mixin.py:137} INFO - [2025-02-13T17:35:33.823+0000] {dag.py:2585} INFO - Sync 1 DAGs
[2025-02-13T17:35:33.859+0000] {logging_mixin.py:137} INFO - [2025-02-13T17:35:33.859+0000] {dag.py:3340} INFO - Setting next_dagrun for example_trigger_controller_dag to 2021-01-01T00:00:00+00:00, run_after=2021-01-01T00:00:00+00:00
[2025-02-13T17:35:33.920+0000] {processor.py:176} INFO - Processing /home/airflow/.local/lib/python3.7/site-packages/airflow/example_dags/example_trigger_controller_dag.py took 0.178 seconds
[2025-02-13T17:36:04.092+0000] {processor.py:154} INFO - Started process (PID=3984) to work on /home/airflow/.local/lib/python3.7/site-packages/airflow/example_dags/example_trigger_controller_dag.py
[2025-02-13T17:36:04.094+0000] {processor.py:756} INFO - Processing file /home/airflow/.local/lib/python3.7/site-packages/airflow/example_dags/example_trigger_controller_dag.py for tasks to queue
[2025-02-13T17:36:04.096+0000] {logging_mixin.py:137} INFO - [2025-02-13T17:36:04.095+0000] {dagbag.py:537} INFO - Filling up the DagBag from /home/airflow/.local/lib/python3.7/site-packages/airflow/example_dags/example_trigger_controller_dag.py
[2025-02-13T17:36:04.115+0000] {processor.py:766} INFO - DAG(s) dict_keys(['example_trigger_controller_dag']) retrieved from /home/airflow/.local/lib/python3.7/site-packages/airflow/example_dags/example_trigger_controller_dag.py
[2025-02-13T17:36:04.182+0000] {logging_mixin.py:137} INFO - [2025-02-13T17:36:04.182+0000] {dag.py:2585} INFO - Sync 1 DAGs
[2025-02-13T17:36:04.228+0000] {logging_mixin.py:137} INFO - [2025-02-13T17:36:04.228+0000] {dag.py:3340} INFO - Setting next_dagrun for example_trigger_controller_dag to 2021-01-01T00:00:00+00:00, run_after=2021-01-01T00:00:00+00:00
[2025-02-13T17:36:04.270+0000] {processor.py:176} INFO - Processing /home/airflow/.local/lib/python3.7/site-packages/airflow/example_dags/example_trigger_controller_dag.py took 0.183 seconds
[2025-02-13T17:36:34.672+0000] {processor.py:154} INFO - Started process (PID=4164) to work on /home/airflow/.local/lib/python3.7/site-packages/airflow/example_dags/example_trigger_controller_dag.py
[2025-02-13T17:36:34.675+0000] {processor.py:756} INFO - Processing file /home/airflow/.local/lib/python3.7/site-packages/airflow/example_dags/example_trigger_controller_dag.py for tasks to queue
[2025-02-13T17:36:34.677+0000] {logging_mixin.py:137} INFO - [2025-02-13T17:36:34.676+0000] {dagbag.py:537} INFO - Filling up the DagBag from /home/airflow/.local/lib/python3.7/site-packages/airflow/example_dags/example_trigger_controller_dag.py
[2025-02-13T17:36:34.699+0000] {processor.py:766} INFO - DAG(s) dict_keys(['example_trigger_controller_dag']) retrieved from /home/airflow/.local/lib/python3.7/site-packages/airflow/example_dags/example_trigger_controller_dag.py
[2025-02-13T17:36:34.772+0000] {logging_mixin.py:137} INFO - [2025-02-13T17:36:34.772+0000] {dag.py:2585} INFO - Sync 1 DAGs
[2025-02-13T17:36:34.817+0000] {logging_mixin.py:137} INFO - [2025-02-13T17:36:34.816+0000] {dag.py:3340} INFO - Setting next_dagrun for example_trigger_controller_dag to 2021-01-01T00:00:00+00:00, run_after=2021-01-01T00:00:00+00:00
[2025-02-13T17:36:34.855+0000] {processor.py:176} INFO - Processing /home/airflow/.local/lib/python3.7/site-packages/airflow/example_dags/example_trigger_controller_dag.py took 0.189 seconds
[2025-02-13T17:37:05.145+0000] {processor.py:154} INFO - Started process (PID=4344) to work on /home/airflow/.local/lib/python3.7/site-packages/airflow/example_dags/example_trigger_controller_dag.py
[2025-02-13T17:37:05.147+0000] {processor.py:756} INFO - Processing file /home/airflow/.local/lib/python3.7/site-packages/airflow/example_dags/example_trigger_controller_dag.py for tasks to queue
[2025-02-13T17:37:05.148+0000] {logging_mixin.py:137} INFO - [2025-02-13T17:37:05.148+0000] {dagbag.py:537} INFO - Filling up the DagBag from /home/airflow/.local/lib/python3.7/site-packages/airflow/example_dags/example_trigger_controller_dag.py
[2025-02-13T17:37:05.166+0000] {processor.py:766} INFO - DAG(s) dict_keys(['example_trigger_controller_dag']) retrieved from /home/airflow/.local/lib/python3.7/site-packages/airflow/example_dags/example_trigger_controller_dag.py
[2025-02-13T17:37:05.231+0000] {logging_mixin.py:137} INFO - [2025-02-13T17:37:05.230+0000] {dag.py:2585} INFO - Sync 1 DAGs
[2025-02-13T17:37:05.273+0000] {logging_mixin.py:137} INFO - [2025-02-13T17:37:05.273+0000] {dag.py:3340} INFO - Setting next_dagrun for example_trigger_controller_dag to 2021-01-01T00:00:00+00:00, run_after=2021-01-01T00:00:00+00:00
[2025-02-13T17:37:05.310+0000] {processor.py:176} INFO - Processing /home/airflow/.local/lib/python3.7/site-packages/airflow/example_dags/example_trigger_controller_dag.py took 0.170 seconds
[2025-02-13T17:37:35.718+0000] {processor.py:154} INFO - Started process (PID=4524) to work on /home/airflow/.local/lib/python3.7/site-packages/airflow/example_dags/example_trigger_controller_dag.py
[2025-02-13T17:37:35.720+0000] {processor.py:756} INFO - Processing file /home/airflow/.local/lib/python3.7/site-packages/airflow/example_dags/example_trigger_controller_dag.py for tasks to queue
[2025-02-13T17:37:35.721+0000] {logging_mixin.py:137} INFO - [2025-02-13T17:37:35.721+0000] {dagbag.py:537} INFO - Filling up the DagBag from /home/airflow/.local/lib/python3.7/site-packages/airflow/example_dags/example_trigger_controller_dag.py
[2025-02-13T17:37:35.740+0000] {processor.py:766} INFO - DAG(s) dict_keys(['example_trigger_controller_dag']) retrieved from /home/airflow/.local/lib/python3.7/site-packages/airflow/example_dags/example_trigger_controller_dag.py
[2025-02-13T17:37:35.825+0000] {logging_mixin.py:137} INFO - [2025-02-13T17:37:35.825+0000] {dag.py:2585} INFO - Sync 1 DAGs
[2025-02-13T17:37:35.906+0000] {logging_mixin.py:137} INFO - [2025-02-13T17:37:35.905+0000] {dag.py:3340} INFO - Setting next_dagrun for example_trigger_controller_dag to 2021-01-01T00:00:00+00:00, run_after=2021-01-01T00:00:00+00:00
[2025-02-13T17:37:35.953+0000] {processor.py:176} INFO - Processing /home/airflow/.local/lib/python3.7/site-packages/airflow/example_dags/example_trigger_controller_dag.py took 0.242 seconds
[2025-02-13T17:38:06.550+0000] {processor.py:154} INFO - Started process (PID=4704) to work on /home/airflow/.local/lib/python3.7/site-packages/airflow/example_dags/example_trigger_controller_dag.py
[2025-02-13T17:38:06.552+0000] {processor.py:756} INFO - Processing file /home/airflow/.local/lib/python3.7/site-packages/airflow/example_dags/example_trigger_controller_dag.py for tasks to queue
[2025-02-13T17:38:06.554+0000] {logging_mixin.py:137} INFO - [2025-02-13T17:38:06.554+0000] {dagbag.py:537} INFO - Filling up the DagBag from /home/airflow/.local/lib/python3.7/site-packages/airflow/example_dags/example_trigger_controller_dag.py
[2025-02-13T17:38:06.574+0000] {processor.py:766} INFO - DAG(s) dict_keys(['example_trigger_controller_dag']) retrieved from /home/airflow/.local/lib/python3.7/site-packages/airflow/example_dags/example_trigger_controller_dag.py
[2025-02-13T17:38:06.650+0000] {logging_mixin.py:137} INFO - [2025-02-13T17:38:06.650+0000] {dag.py:2585} INFO - Sync 1 DAGs
[2025-02-13T17:38:06.695+0000] {logging_mixin.py:137} INFO - [2025-02-13T17:38:06.694+0000] {dag.py:3340} INFO - Setting next_dagrun for example_trigger_controller_dag to 2021-01-01T00:00:00+00:00, run_after=2021-01-01T00:00:00+00:00
[2025-02-13T17:38:06.736+0000] {processor.py:176} INFO - Processing /home/airflow/.local/lib/python3.7/site-packages/airflow/example_dags/example_trigger_controller_dag.py took 0.191 seconds
[2025-02-13T17:38:37.481+0000] {processor.py:154} INFO - Started process (PID=4884) to work on /home/airflow/.local/lib/python3.7/site-packages/airflow/example_dags/example_trigger_controller_dag.py
[2025-02-13T17:38:37.484+0000] {processor.py:756} INFO - Processing file /home/airflow/.local/lib/python3.7/site-packages/airflow/example_dags/example_trigger_controller_dag.py for tasks to queue
[2025-02-13T17:38:37.486+0000] {logging_mixin.py:137} INFO - [2025-02-13T17:38:37.485+0000] {dagbag.py:537} INFO - Filling up the DagBag from /home/airflow/.local/lib/python3.7/site-packages/airflow/example_dags/example_trigger_controller_dag.py
[2025-02-13T17:38:37.514+0000] {processor.py:766} INFO - DAG(s) dict_keys(['example_trigger_controller_dag']) retrieved from /home/airflow/.local/lib/python3.7/site-packages/airflow/example_dags/example_trigger_controller_dag.py
[2025-02-13T17:38:37.602+0000] {logging_mixin.py:137} INFO - [2025-02-13T17:38:37.602+0000] {dag.py:2585} INFO - Sync 1 DAGs
[2025-02-13T17:38:37.648+0000] {logging_mixin.py:137} INFO - [2025-02-13T17:38:37.647+0000] {dag.py:3340} INFO - Setting next_dagrun for example_trigger_controller_dag to 2021-01-01T00:00:00+00:00, run_after=2021-01-01T00:00:00+00:00
[2025-02-13T17:38:37.685+0000] {processor.py:176} INFO - Processing /home/airflow/.local/lib/python3.7/site-packages/airflow/example_dags/example_trigger_controller_dag.py took 0.210 seconds
[2025-02-13T17:39:38.857+0000] {processor.py:154} INFO - Started process (PID=5069) to work on /home/airflow/.local/lib/python3.7/site-packages/airflow/example_dags/example_trigger_controller_dag.py
[2025-02-13T17:39:38.858+0000] {processor.py:756} INFO - Processing file /home/airflow/.local/lib/python3.7/site-packages/airflow/example_dags/example_trigger_controller_dag.py for tasks to queue
[2025-02-13T17:39:38.859+0000] {logging_mixin.py:137} INFO - [2025-02-13T17:39:38.859+0000] {dagbag.py:537} INFO - Filling up the DagBag from /home/airflow/.local/lib/python3.7/site-packages/airflow/example_dags/example_trigger_controller_dag.py
[2025-02-13T17:39:38.871+0000] {processor.py:766} INFO - DAG(s) dict_keys(['example_trigger_controller_dag']) retrieved from /home/airflow/.local/lib/python3.7/site-packages/airflow/example_dags/example_trigger_controller_dag.py
[2025-02-13T17:39:38.916+0000] {logging_mixin.py:137} INFO - [2025-02-13T17:39:38.916+0000] {dag.py:2585} INFO - Sync 1 DAGs
[2025-02-13T17:39:38.941+0000] {logging_mixin.py:137} INFO - [2025-02-13T17:39:38.941+0000] {dag.py:3340} INFO - Setting next_dagrun for example_trigger_controller_dag to 2021-01-01T00:00:00+00:00, run_after=2021-01-01T00:00:00+00:00
[2025-02-13T17:39:38.969+0000] {processor.py:176} INFO - Processing /home/airflow/.local/lib/python3.7/site-packages/airflow/example_dags/example_trigger_controller_dag.py took 0.115 seconds
[2025-02-13T17:40:09.909+0000] {processor.py:154} INFO - Started process (PID=5249) to work on /home/airflow/.local/lib/python3.7/site-packages/airflow/example_dags/example_trigger_controller_dag.py
[2025-02-13T17:40:09.911+0000] {processor.py:756} INFO - Processing file /home/airflow/.local/lib/python3.7/site-packages/airflow/example_dags/example_trigger_controller_dag.py for tasks to queue
[2025-02-13T17:40:09.914+0000] {logging_mixin.py:137} INFO - [2025-02-13T17:40:09.913+0000] {dagbag.py:537} INFO - Filling up the DagBag from /home/airflow/.local/lib/python3.7/site-packages/airflow/example_dags/example_trigger_controller_dag.py
[2025-02-13T17:40:09.942+0000] {processor.py:766} INFO - DAG(s) dict_keys(['example_trigger_controller_dag']) retrieved from /home/airflow/.local/lib/python3.7/site-packages/airflow/example_dags/example_trigger_controller_dag.py
[2025-02-13T17:40:10.016+0000] {logging_mixin.py:137} INFO - [2025-02-13T17:40:10.015+0000] {dag.py:2585} INFO - Sync 1 DAGs
[2025-02-13T17:40:10.066+0000] {logging_mixin.py:137} INFO - [2025-02-13T17:40:10.066+0000] {dag.py:3340} INFO - Setting next_dagrun for example_trigger_controller_dag to 2021-01-01T00:00:00+00:00, run_after=2021-01-01T00:00:00+00:00
[2025-02-13T17:40:10.122+0000] {processor.py:176} INFO - Processing /home/airflow/.local/lib/python3.7/site-packages/airflow/example_dags/example_trigger_controller_dag.py took 0.218 seconds
[2025-02-13T17:40:40.234+0000] {processor.py:154} INFO - Started process (PID=5429) to work on /home/airflow/.local/lib/python3.7/site-packages/airflow/example_dags/example_trigger_controller_dag.py
[2025-02-13T17:40:40.236+0000] {processor.py:756} INFO - Processing file /home/airflow/.local/lib/python3.7/site-packages/airflow/example_dags/example_trigger_controller_dag.py for tasks to queue
[2025-02-13T17:40:40.237+0000] {logging_mixin.py:137} INFO - [2025-02-13T17:40:40.237+0000] {dagbag.py:537} INFO - Filling up the DagBag from /home/airflow/.local/lib/python3.7/site-packages/airflow/example_dags/example_trigger_controller_dag.py
[2025-02-13T17:40:40.257+0000] {processor.py:766} INFO - DAG(s) dict_keys(['example_trigger_controller_dag']) retrieved from /home/airflow/.local/lib/python3.7/site-packages/airflow/example_dags/example_trigger_controller_dag.py
[2025-02-13T17:40:40.317+0000] {logging_mixin.py:137} INFO - [2025-02-13T17:40:40.317+0000] {dag.py:2585} INFO - Sync 1 DAGs
[2025-02-13T17:40:40.376+0000] {logging_mixin.py:137} INFO - [2025-02-13T17:40:40.376+0000] {dag.py:3340} INFO - Setting next_dagrun for example_trigger_controller_dag to 2021-01-01T00:00:00+00:00, run_after=2021-01-01T00:00:00+00:00
[2025-02-13T17:40:40.417+0000] {processor.py:176} INFO - Processing /home/airflow/.local/lib/python3.7/site-packages/airflow/example_dags/example_trigger_controller_dag.py took 0.188 seconds
[2025-02-13T17:41:11.802+0000] {processor.py:154} INFO - Started process (PID=5609) to work on /home/airflow/.local/lib/python3.7/site-packages/airflow/example_dags/example_trigger_controller_dag.py
[2025-02-13T17:41:11.811+0000] {processor.py:756} INFO - Processing file /home/airflow/.local/lib/python3.7/site-packages/airflow/example_dags/example_trigger_controller_dag.py for tasks to queue
[2025-02-13T17:41:11.814+0000] {logging_mixin.py:137} INFO - [2025-02-13T17:41:11.813+0000] {dagbag.py:537} INFO - Filling up the DagBag from /home/airflow/.local/lib/python3.7/site-packages/airflow/example_dags/example_trigger_controller_dag.py
[2025-02-13T17:41:11.837+0000] {processor.py:766} INFO - DAG(s) dict_keys(['example_trigger_controller_dag']) retrieved from /home/airflow/.local/lib/python3.7/site-packages/airflow/example_dags/example_trigger_controller_dag.py
[2025-02-13T17:41:11.918+0000] {logging_mixin.py:137} INFO - [2025-02-13T17:41:11.918+0000] {dag.py:2585} INFO - Sync 1 DAGs
[2025-02-13T17:41:11.965+0000] {logging_mixin.py:137} INFO - [2025-02-13T17:41:11.965+0000] {dag.py:3340} INFO - Setting next_dagrun for example_trigger_controller_dag to 2021-01-01T00:00:00+00:00, run_after=2021-01-01T00:00:00+00:00
[2025-02-13T17:41:12.013+0000] {processor.py:176} INFO - Processing /home/airflow/.local/lib/python3.7/site-packages/airflow/example_dags/example_trigger_controller_dag.py took 0.216 seconds
[2025-02-13T17:41:42.492+0000] {processor.py:154} INFO - Started process (PID=5789) to work on /home/airflow/.local/lib/python3.7/site-packages/airflow/example_dags/example_trigger_controller_dag.py
[2025-02-13T17:41:42.493+0000] {processor.py:756} INFO - Processing file /home/airflow/.local/lib/python3.7/site-packages/airflow/example_dags/example_trigger_controller_dag.py for tasks to queue
[2025-02-13T17:41:42.496+0000] {logging_mixin.py:137} INFO - [2025-02-13T17:41:42.496+0000] {dagbag.py:537} INFO - Filling up the DagBag from /home/airflow/.local/lib/python3.7/site-packages/airflow/example_dags/example_trigger_controller_dag.py
[2025-02-13T17:41:42.512+0000] {processor.py:766} INFO - DAG(s) dict_keys(['example_trigger_controller_dag']) retrieved from /home/airflow/.local/lib/python3.7/site-packages/airflow/example_dags/example_trigger_controller_dag.py
[2025-02-13T17:41:42.560+0000] {logging_mixin.py:137} INFO - [2025-02-13T17:41:42.560+0000] {dag.py:2585} INFO - Sync 1 DAGs
[2025-02-13T17:41:42.594+0000] {logging_mixin.py:137} INFO - [2025-02-13T17:41:42.593+0000] {dag.py:3340} INFO - Setting next_dagrun for example_trigger_controller_dag to 2021-01-01T00:00:00+00:00, run_after=2021-01-01T00:00:00+00:00
[2025-02-13T17:41:42.615+0000] {processor.py:176} INFO - Processing /home/airflow/.local/lib/python3.7/site-packages/airflow/example_dags/example_trigger_controller_dag.py took 0.130 seconds
[2025-02-13T17:42:12.841+0000] {processor.py:154} INFO - Started process (PID=5969) to work on /home/airflow/.local/lib/python3.7/site-packages/airflow/example_dags/example_trigger_controller_dag.py
[2025-02-13T17:42:12.843+0000] {processor.py:756} INFO - Processing file /home/airflow/.local/lib/python3.7/site-packages/airflow/example_dags/example_trigger_controller_dag.py for tasks to queue
[2025-02-13T17:42:12.845+0000] {logging_mixin.py:137} INFO - [2025-02-13T17:42:12.845+0000] {dagbag.py:537} INFO - Filling up the DagBag from /home/airflow/.local/lib/python3.7/site-packages/airflow/example_dags/example_trigger_controller_dag.py
[2025-02-13T17:42:12.863+0000] {processor.py:766} INFO - DAG(s) dict_keys(['example_trigger_controller_dag']) retrieved from /home/airflow/.local/lib/python3.7/site-packages/airflow/example_dags/example_trigger_controller_dag.py
[2025-02-13T17:42:12.937+0000] {logging_mixin.py:137} INFO - [2025-02-13T17:42:12.937+0000] {dag.py:2585} INFO - Sync 1 DAGs
[2025-02-13T17:42:12.980+0000] {logging_mixin.py:137} INFO - [2025-02-13T17:42:12.980+0000] {dag.py:3340} INFO - Setting next_dagrun for example_trigger_controller_dag to 2021-01-01T00:00:00+00:00, run_after=2021-01-01T00:00:00+00:00
[2025-02-13T17:42:13.020+0000] {processor.py:176} INFO - Processing /home/airflow/.local/lib/python3.7/site-packages/airflow/example_dags/example_trigger_controller_dag.py took 0.184 seconds
[2025-02-13T17:42:43.093+0000] {processor.py:154} INFO - Started process (PID=6144) to work on /home/airflow/.local/lib/python3.7/site-packages/airflow/example_dags/example_trigger_controller_dag.py
[2025-02-13T17:42:43.095+0000] {processor.py:756} INFO - Processing file /home/airflow/.local/lib/python3.7/site-packages/airflow/example_dags/example_trigger_controller_dag.py for tasks to queue
[2025-02-13T17:42:43.097+0000] {logging_mixin.py:137} INFO - [2025-02-13T17:42:43.097+0000] {dagbag.py:537} INFO - Filling up the DagBag from /home/airflow/.local/lib/python3.7/site-packages/airflow/example_dags/example_trigger_controller_dag.py
[2025-02-13T17:42:43.113+0000] {processor.py:766} INFO - DAG(s) dict_keys(['example_trigger_controller_dag']) retrieved from /home/airflow/.local/lib/python3.7/site-packages/airflow/example_dags/example_trigger_controller_dag.py
[2025-02-13T17:42:43.172+0000] {logging_mixin.py:137} INFO - [2025-02-13T17:42:43.171+0000] {dag.py:2585} INFO - Sync 1 DAGs
[2025-02-13T17:42:43.210+0000] {logging_mixin.py:137} INFO - [2025-02-13T17:42:43.210+0000] {dag.py:3340} INFO - Setting next_dagrun for example_trigger_controller_dag to 2021-01-01T00:00:00+00:00, run_after=2021-01-01T00:00:00+00:00
[2025-02-13T17:42:43.243+0000] {processor.py:176} INFO - Processing /home/airflow/.local/lib/python3.7/site-packages/airflow/example_dags/example_trigger_controller_dag.py took 0.155 seconds
[2025-02-13T17:43:13.946+0000] {processor.py:154} INFO - Started process (PID=6324) to work on /home/airflow/.local/lib/python3.7/site-packages/airflow/example_dags/example_trigger_controller_dag.py
[2025-02-13T17:43:13.948+0000] {processor.py:756} INFO - Processing file /home/airflow/.local/lib/python3.7/site-packages/airflow/example_dags/example_trigger_controller_dag.py for tasks to queue
[2025-02-13T17:43:13.949+0000] {logging_mixin.py:137} INFO - [2025-02-13T17:43:13.949+0000] {dagbag.py:537} INFO - Filling up the DagBag from /home/airflow/.local/lib/python3.7/site-packages/airflow/example_dags/example_trigger_controller_dag.py
[2025-02-13T17:43:13.970+0000] {processor.py:766} INFO - DAG(s) dict_keys(['example_trigger_controller_dag']) retrieved from /home/airflow/.local/lib/python3.7/site-packages/airflow/example_dags/example_trigger_controller_dag.py
[2025-02-13T17:43:14.042+0000] {logging_mixin.py:137} INFO - [2025-02-13T17:43:14.042+0000] {dag.py:2585} INFO - Sync 1 DAGs
[2025-02-13T17:43:14.087+0000] {logging_mixin.py:137} INFO - [2025-02-13T17:43:14.087+0000] {dag.py:3340} INFO - Setting next_dagrun for example_trigger_controller_dag to 2021-01-01T00:00:00+00:00, run_after=2021-01-01T00:00:00+00:00
[2025-02-13T17:43:14.127+0000] {processor.py:176} INFO - Processing /home/airflow/.local/lib/python3.7/site-packages/airflow/example_dags/example_trigger_controller_dag.py took 0.186 seconds
[2025-02-13T17:43:44.533+0000] {processor.py:154} INFO - Started process (PID=6504) to work on /home/airflow/.local/lib/python3.7/site-packages/airflow/example_dags/example_trigger_controller_dag.py
[2025-02-13T17:43:44.535+0000] {processor.py:756} INFO - Processing file /home/airflow/.local/lib/python3.7/site-packages/airflow/example_dags/example_trigger_controller_dag.py for tasks to queue
[2025-02-13T17:43:44.536+0000] {logging_mixin.py:137} INFO - [2025-02-13T17:43:44.536+0000] {dagbag.py:537} INFO - Filling up the DagBag from /home/airflow/.local/lib/python3.7/site-packages/airflow/example_dags/example_trigger_controller_dag.py
[2025-02-13T17:43:44.556+0000] {processor.py:766} INFO - DAG(s) dict_keys(['example_trigger_controller_dag']) retrieved from /home/airflow/.local/lib/python3.7/site-packages/airflow/example_dags/example_trigger_controller_dag.py
[2025-02-13T17:43:44.626+0000] {logging_mixin.py:137} INFO - [2025-02-13T17:43:44.626+0000] {dag.py:2585} INFO - Sync 1 DAGs
[2025-02-13T17:43:44.667+0000] {logging_mixin.py:137} INFO - [2025-02-13T17:43:44.667+0000] {dag.py:3340} INFO - Setting next_dagrun for example_trigger_controller_dag to 2021-01-01T00:00:00+00:00, run_after=2021-01-01T00:00:00+00:00
[2025-02-13T17:43:44.708+0000] {processor.py:176} INFO - Processing /home/airflow/.local/lib/python3.7/site-packages/airflow/example_dags/example_trigger_controller_dag.py took 0.181 seconds
[2025-02-13T17:44:15.148+0000] {processor.py:154} INFO - Started process (PID=6684) to work on /home/airflow/.local/lib/python3.7/site-packages/airflow/example_dags/example_trigger_controller_dag.py
[2025-02-13T17:44:15.149+0000] {processor.py:756} INFO - Processing file /home/airflow/.local/lib/python3.7/site-packages/airflow/example_dags/example_trigger_controller_dag.py for tasks to queue
[2025-02-13T17:44:15.152+0000] {logging_mixin.py:137} INFO - [2025-02-13T17:44:15.151+0000] {dagbag.py:537} INFO - Filling up the DagBag from /home/airflow/.local/lib/python3.7/site-packages/airflow/example_dags/example_trigger_controller_dag.py
[2025-02-13T17:44:15.171+0000] {processor.py:766} INFO - DAG(s) dict_keys(['example_trigger_controller_dag']) retrieved from /home/airflow/.local/lib/python3.7/site-packages/airflow/example_dags/example_trigger_controller_dag.py
[2025-02-13T17:44:15.237+0000] {logging_mixin.py:137} INFO - [2025-02-13T17:44:15.237+0000] {dag.py:2585} INFO - Sync 1 DAGs
[2025-02-13T17:44:15.285+0000] {logging_mixin.py:137} INFO - [2025-02-13T17:44:15.285+0000] {dag.py:3340} INFO - Setting next_dagrun for example_trigger_controller_dag to 2021-01-01T00:00:00+00:00, run_after=2021-01-01T00:00:00+00:00
[2025-02-13T17:44:15.325+0000] {processor.py:176} INFO - Processing /home/airflow/.local/lib/python3.7/site-packages/airflow/example_dags/example_trigger_controller_dag.py took 0.183 seconds
[2025-02-13T17:44:45.986+0000] {processor.py:154} INFO - Started process (PID=6869) to work on /home/airflow/.local/lib/python3.7/site-packages/airflow/example_dags/example_trigger_controller_dag.py
[2025-02-13T17:44:45.988+0000] {processor.py:756} INFO - Processing file /home/airflow/.local/lib/python3.7/site-packages/airflow/example_dags/example_trigger_controller_dag.py for tasks to queue
[2025-02-13T17:44:45.990+0000] {logging_mixin.py:137} INFO - [2025-02-13T17:44:45.990+0000] {dagbag.py:537} INFO - Filling up the DagBag from /home/airflow/.local/lib/python3.7/site-packages/airflow/example_dags/example_trigger_controller_dag.py
[2025-02-13T17:44:46.018+0000] {processor.py:766} INFO - DAG(s) dict_keys(['example_trigger_controller_dag']) retrieved from /home/airflow/.local/lib/python3.7/site-packages/airflow/example_dags/example_trigger_controller_dag.py
[2025-02-13T17:44:46.087+0000] {logging_mixin.py:137} INFO - [2025-02-13T17:44:46.087+0000] {dag.py:2585} INFO - Sync 1 DAGs
[2025-02-13T17:44:46.137+0000] {logging_mixin.py:137} INFO - [2025-02-13T17:44:46.136+0000] {dag.py:3340} INFO - Setting next_dagrun for example_trigger_controller_dag to 2021-01-01T00:00:00+00:00, run_after=2021-01-01T00:00:00+00:00
[2025-02-13T17:44:46.178+0000] {processor.py:176} INFO - Processing /home/airflow/.local/lib/python3.7/site-packages/airflow/example_dags/example_trigger_controller_dag.py took 0.197 seconds
[2025-02-13T17:45:16.482+0000] {processor.py:154} INFO - Started process (PID=7049) to work on /home/airflow/.local/lib/python3.7/site-packages/airflow/example_dags/example_trigger_controller_dag.py
[2025-02-13T17:45:16.484+0000] {processor.py:756} INFO - Processing file /home/airflow/.local/lib/python3.7/site-packages/airflow/example_dags/example_trigger_controller_dag.py for tasks to queue
[2025-02-13T17:45:16.485+0000] {logging_mixin.py:137} INFO - [2025-02-13T17:45:16.485+0000] {dagbag.py:537} INFO - Filling up the DagBag from /home/airflow/.local/lib/python3.7/site-packages/airflow/example_dags/example_trigger_controller_dag.py
[2025-02-13T17:45:16.502+0000] {processor.py:766} INFO - DAG(s) dict_keys(['example_trigger_controller_dag']) retrieved from /home/airflow/.local/lib/python3.7/site-packages/airflow/example_dags/example_trigger_controller_dag.py
[2025-02-13T17:45:16.564+0000] {logging_mixin.py:137} INFO - [2025-02-13T17:45:16.564+0000] {dag.py:2585} INFO - Sync 1 DAGs
[2025-02-13T17:45:16.596+0000] {logging_mixin.py:137} INFO - [2025-02-13T17:45:16.596+0000] {dag.py:3340} INFO - Setting next_dagrun for example_trigger_controller_dag to 2021-01-01T00:00:00+00:00, run_after=2021-01-01T00:00:00+00:00
[2025-02-13T17:45:16.629+0000] {processor.py:176} INFO - Processing /home/airflow/.local/lib/python3.7/site-packages/airflow/example_dags/example_trigger_controller_dag.py took 0.151 seconds
[2025-02-13T17:45:47.372+0000] {processor.py:154} INFO - Started process (PID=7229) to work on /home/airflow/.local/lib/python3.7/site-packages/airflow/example_dags/example_trigger_controller_dag.py
[2025-02-13T17:45:47.374+0000] {processor.py:756} INFO - Processing file /home/airflow/.local/lib/python3.7/site-packages/airflow/example_dags/example_trigger_controller_dag.py for tasks to queue
[2025-02-13T17:45:47.377+0000] {logging_mixin.py:137} INFO - [2025-02-13T17:45:47.376+0000] {dagbag.py:537} INFO - Filling up the DagBag from /home/airflow/.local/lib/python3.7/site-packages/airflow/example_dags/example_trigger_controller_dag.py
[2025-02-13T17:45:47.393+0000] {processor.py:766} INFO - DAG(s) dict_keys(['example_trigger_controller_dag']) retrieved from /home/airflow/.local/lib/python3.7/site-packages/airflow/example_dags/example_trigger_controller_dag.py
[2025-02-13T17:45:47.470+0000] {logging_mixin.py:137} INFO - [2025-02-13T17:45:47.470+0000] {dag.py:2585} INFO - Sync 1 DAGs
[2025-02-13T17:45:47.509+0000] {logging_mixin.py:137} INFO - [2025-02-13T17:45:47.509+0000] {dag.py:3340} INFO - Setting next_dagrun for example_trigger_controller_dag to 2021-01-01T00:00:00+00:00, run_after=2021-01-01T00:00:00+00:00
[2025-02-13T17:45:47.548+0000] {processor.py:176} INFO - Processing /home/airflow/.local/lib/python3.7/site-packages/airflow/example_dags/example_trigger_controller_dag.py took 0.181 seconds
[2025-02-13T17:47:34.832+0000] {processor.py:154} INFO - Started process (PID=206) to work on /home/airflow/.local/lib/python3.7/site-packages/airflow/example_dags/example_trigger_controller_dag.py
[2025-02-13T17:47:34.834+0000] {processor.py:756} INFO - Processing file /home/airflow/.local/lib/python3.7/site-packages/airflow/example_dags/example_trigger_controller_dag.py for tasks to queue
[2025-02-13T17:47:34.836+0000] {logging_mixin.py:137} INFO - [2025-02-13T17:47:34.835+0000] {dagbag.py:537} INFO - Filling up the DagBag from /home/airflow/.local/lib/python3.7/site-packages/airflow/example_dags/example_trigger_controller_dag.py
[2025-02-13T17:47:34.856+0000] {processor.py:766} INFO - DAG(s) dict_keys(['example_trigger_controller_dag']) retrieved from /home/airflow/.local/lib/python3.7/site-packages/airflow/example_dags/example_trigger_controller_dag.py
[2025-02-13T17:47:34.959+0000] {logging_mixin.py:137} INFO - [2025-02-13T17:47:34.958+0000] {dag.py:2585} INFO - Sync 1 DAGs
[2025-02-13T17:47:35.021+0000] {logging_mixin.py:137} INFO - [2025-02-13T17:47:35.021+0000] {dag.py:3340} INFO - Setting next_dagrun for example_trigger_controller_dag to 2021-01-01T00:00:00+00:00, run_after=2021-01-01T00:00:00+00:00
[2025-02-13T17:47:35.103+0000] {processor.py:176} INFO - Processing /home/airflow/.local/lib/python3.7/site-packages/airflow/example_dags/example_trigger_controller_dag.py took 0.278 seconds
[2025-02-13T17:48:05.285+0000] {processor.py:154} INFO - Started process (PID=382) to work on /home/airflow/.local/lib/python3.7/site-packages/airflow/example_dags/example_trigger_controller_dag.py
[2025-02-13T17:48:05.287+0000] {processor.py:756} INFO - Processing file /home/airflow/.local/lib/python3.7/site-packages/airflow/example_dags/example_trigger_controller_dag.py for tasks to queue
[2025-02-13T17:48:05.290+0000] {logging_mixin.py:137} INFO - [2025-02-13T17:48:05.289+0000] {dagbag.py:537} INFO - Filling up the DagBag from /home/airflow/.local/lib/python3.7/site-packages/airflow/example_dags/example_trigger_controller_dag.py
[2025-02-13T17:48:05.320+0000] {processor.py:766} INFO - DAG(s) dict_keys(['example_trigger_controller_dag']) retrieved from /home/airflow/.local/lib/python3.7/site-packages/airflow/example_dags/example_trigger_controller_dag.py
[2025-02-13T17:48:05.373+0000] {logging_mixin.py:137} INFO - [2025-02-13T17:48:05.372+0000] {dag.py:2585} INFO - Sync 1 DAGs
[2025-02-13T17:48:05.422+0000] {logging_mixin.py:137} INFO - [2025-02-13T17:48:05.422+0000] {dag.py:3340} INFO - Setting next_dagrun for example_trigger_controller_dag to 2021-01-01T00:00:00+00:00, run_after=2021-01-01T00:00:00+00:00
[2025-02-13T17:48:05.471+0000] {processor.py:176} INFO - Processing /home/airflow/.local/lib/python3.7/site-packages/airflow/example_dags/example_trigger_controller_dag.py took 0.196 seconds
[2025-02-13T17:48:36.119+0000] {processor.py:154} INFO - Started process (PID=562) to work on /home/airflow/.local/lib/python3.7/site-packages/airflow/example_dags/example_trigger_controller_dag.py
[2025-02-13T17:48:36.120+0000] {processor.py:756} INFO - Processing file /home/airflow/.local/lib/python3.7/site-packages/airflow/example_dags/example_trigger_controller_dag.py for tasks to queue
[2025-02-13T17:48:36.122+0000] {logging_mixin.py:137} INFO - [2025-02-13T17:48:36.122+0000] {dagbag.py:537} INFO - Filling up the DagBag from /home/airflow/.local/lib/python3.7/site-packages/airflow/example_dags/example_trigger_controller_dag.py
[2025-02-13T17:48:36.139+0000] {processor.py:766} INFO - DAG(s) dict_keys(['example_trigger_controller_dag']) retrieved from /home/airflow/.local/lib/python3.7/site-packages/airflow/example_dags/example_trigger_controller_dag.py
[2025-02-13T17:48:36.209+0000] {logging_mixin.py:137} INFO - [2025-02-13T17:48:36.209+0000] {dag.py:2585} INFO - Sync 1 DAGs
[2025-02-13T17:48:36.262+0000] {logging_mixin.py:137} INFO - [2025-02-13T17:48:36.262+0000] {dag.py:3340} INFO - Setting next_dagrun for example_trigger_controller_dag to 2021-01-01T00:00:00+00:00, run_after=2021-01-01T00:00:00+00:00
[2025-02-13T17:48:36.309+0000] {processor.py:176} INFO - Processing /home/airflow/.local/lib/python3.7/site-packages/airflow/example_dags/example_trigger_controller_dag.py took 0.198 seconds
[2025-02-13T17:49:06.636+0000] {processor.py:154} INFO - Started process (PID=742) to work on /home/airflow/.local/lib/python3.7/site-packages/airflow/example_dags/example_trigger_controller_dag.py
[2025-02-13T17:49:06.638+0000] {processor.py:756} INFO - Processing file /home/airflow/.local/lib/python3.7/site-packages/airflow/example_dags/example_trigger_controller_dag.py for tasks to queue
[2025-02-13T17:49:06.639+0000] {logging_mixin.py:137} INFO - [2025-02-13T17:49:06.639+0000] {dagbag.py:537} INFO - Filling up the DagBag from /home/airflow/.local/lib/python3.7/site-packages/airflow/example_dags/example_trigger_controller_dag.py
[2025-02-13T17:49:06.656+0000] {processor.py:766} INFO - DAG(s) dict_keys(['example_trigger_controller_dag']) retrieved from /home/airflow/.local/lib/python3.7/site-packages/airflow/example_dags/example_trigger_controller_dag.py
[2025-02-13T17:49:06.711+0000] {logging_mixin.py:137} INFO - [2025-02-13T17:49:06.710+0000] {dag.py:2585} INFO - Sync 1 DAGs
[2025-02-13T17:49:06.746+0000] {logging_mixin.py:137} INFO - [2025-02-13T17:49:06.745+0000] {dag.py:3340} INFO - Setting next_dagrun for example_trigger_controller_dag to 2021-01-01T00:00:00+00:00, run_after=2021-01-01T00:00:00+00:00
[2025-02-13T17:49:06.779+0000] {processor.py:176} INFO - Processing /home/airflow/.local/lib/python3.7/site-packages/airflow/example_dags/example_trigger_controller_dag.py took 0.146 seconds
[2025-02-13T17:49:38.037+0000] {processor.py:154} INFO - Started process (PID=929) to work on /home/airflow/.local/lib/python3.7/site-packages/airflow/example_dags/example_trigger_controller_dag.py
[2025-02-13T17:49:38.040+0000] {processor.py:756} INFO - Processing file /home/airflow/.local/lib/python3.7/site-packages/airflow/example_dags/example_trigger_controller_dag.py for tasks to queue
[2025-02-13T17:49:38.051+0000] {logging_mixin.py:137} INFO - [2025-02-13T17:49:38.051+0000] {dagbag.py:537} INFO - Filling up the DagBag from /home/airflow/.local/lib/python3.7/site-packages/airflow/example_dags/example_trigger_controller_dag.py
[2025-02-13T17:49:38.083+0000] {processor.py:766} INFO - DAG(s) dict_keys(['example_trigger_controller_dag']) retrieved from /home/airflow/.local/lib/python3.7/site-packages/airflow/example_dags/example_trigger_controller_dag.py
[2025-02-13T17:49:38.150+0000] {logging_mixin.py:137} INFO - [2025-02-13T17:49:38.149+0000] {dag.py:2585} INFO - Sync 1 DAGs
[2025-02-13T17:49:38.193+0000] {logging_mixin.py:137} INFO - [2025-02-13T17:49:38.192+0000] {dag.py:3340} INFO - Setting next_dagrun for example_trigger_controller_dag to 2021-01-01T00:00:00+00:00, run_after=2021-01-01T00:00:00+00:00
[2025-02-13T17:49:38.239+0000] {processor.py:176} INFO - Processing /home/airflow/.local/lib/python3.7/site-packages/airflow/example_dags/example_trigger_controller_dag.py took 0.210 seconds
[2025-02-13T17:50:08.362+0000] {processor.py:154} INFO - Started process (PID=1109) to work on /home/airflow/.local/lib/python3.7/site-packages/airflow/example_dags/example_trigger_controller_dag.py
[2025-02-13T17:50:08.363+0000] {processor.py:756} INFO - Processing file /home/airflow/.local/lib/python3.7/site-packages/airflow/example_dags/example_trigger_controller_dag.py for tasks to queue
[2025-02-13T17:50:08.365+0000] {logging_mixin.py:137} INFO - [2025-02-13T17:50:08.365+0000] {dagbag.py:537} INFO - Filling up the DagBag from /home/airflow/.local/lib/python3.7/site-packages/airflow/example_dags/example_trigger_controller_dag.py
[2025-02-13T17:50:08.383+0000] {processor.py:766} INFO - DAG(s) dict_keys(['example_trigger_controller_dag']) retrieved from /home/airflow/.local/lib/python3.7/site-packages/airflow/example_dags/example_trigger_controller_dag.py
[2025-02-13T17:50:08.440+0000] {logging_mixin.py:137} INFO - [2025-02-13T17:50:08.440+0000] {dag.py:2585} INFO - Sync 1 DAGs
[2025-02-13T17:50:08.471+0000] {logging_mixin.py:137} INFO - [2025-02-13T17:50:08.471+0000] {dag.py:3340} INFO - Setting next_dagrun for example_trigger_controller_dag to 2021-01-01T00:00:00+00:00, run_after=2021-01-01T00:00:00+00:00
[2025-02-13T17:50:08.503+0000] {processor.py:176} INFO - Processing /home/airflow/.local/lib/python3.7/site-packages/airflow/example_dags/example_trigger_controller_dag.py took 0.147 seconds
[2025-02-13T17:50:38.554+0000] {processor.py:154} INFO - Started process (PID=1287) to work on /home/airflow/.local/lib/python3.7/site-packages/airflow/example_dags/example_trigger_controller_dag.py
[2025-02-13T17:50:38.556+0000] {processor.py:756} INFO - Processing file /home/airflow/.local/lib/python3.7/site-packages/airflow/example_dags/example_trigger_controller_dag.py for tasks to queue
[2025-02-13T17:50:38.558+0000] {logging_mixin.py:137} INFO - [2025-02-13T17:50:38.558+0000] {dagbag.py:537} INFO - Filling up the DagBag from /home/airflow/.local/lib/python3.7/site-packages/airflow/example_dags/example_trigger_controller_dag.py
[2025-02-13T17:50:38.572+0000] {processor.py:766} INFO - DAG(s) dict_keys(['example_trigger_controller_dag']) retrieved from /home/airflow/.local/lib/python3.7/site-packages/airflow/example_dags/example_trigger_controller_dag.py
[2025-02-13T17:50:38.622+0000] {logging_mixin.py:137} INFO - [2025-02-13T17:50:38.622+0000] {dag.py:2585} INFO - Sync 1 DAGs
[2025-02-13T17:50:38.659+0000] {logging_mixin.py:137} INFO - [2025-02-13T17:50:38.658+0000] {dag.py:3340} INFO - Setting next_dagrun for example_trigger_controller_dag to 2021-01-01T00:00:00+00:00, run_after=2021-01-01T00:00:00+00:00
[2025-02-13T17:50:38.703+0000] {processor.py:176} INFO - Processing /home/airflow/.local/lib/python3.7/site-packages/airflow/example_dags/example_trigger_controller_dag.py took 0.152 seconds
[2025-02-13T17:51:09.796+0000] {processor.py:154} INFO - Started process (PID=1467) to work on /home/airflow/.local/lib/python3.7/site-packages/airflow/example_dags/example_trigger_controller_dag.py
[2025-02-13T17:51:09.798+0000] {processor.py:756} INFO - Processing file /home/airflow/.local/lib/python3.7/site-packages/airflow/example_dags/example_trigger_controller_dag.py for tasks to queue
[2025-02-13T17:51:09.800+0000] {logging_mixin.py:137} INFO - [2025-02-13T17:51:09.800+0000] {dagbag.py:537} INFO - Filling up the DagBag from /home/airflow/.local/lib/python3.7/site-packages/airflow/example_dags/example_trigger_controller_dag.py
[2025-02-13T17:51:09.815+0000] {processor.py:766} INFO - DAG(s) dict_keys(['example_trigger_controller_dag']) retrieved from /home/airflow/.local/lib/python3.7/site-packages/airflow/example_dags/example_trigger_controller_dag.py
[2025-02-13T17:51:09.883+0000] {logging_mixin.py:137} INFO - [2025-02-13T17:51:09.883+0000] {dag.py:2585} INFO - Sync 1 DAGs
[2025-02-13T17:51:09.920+0000] {logging_mixin.py:137} INFO - [2025-02-13T17:51:09.920+0000] {dag.py:3340} INFO - Setting next_dagrun for example_trigger_controller_dag to 2021-01-01T00:00:00+00:00, run_after=2021-01-01T00:00:00+00:00
[2025-02-13T17:51:09.952+0000] {processor.py:176} INFO - Processing /home/airflow/.local/lib/python3.7/site-packages/airflow/example_dags/example_trigger_controller_dag.py took 0.160 seconds
[2025-02-13T17:51:40.057+0000] {processor.py:154} INFO - Started process (PID=1647) to work on /home/airflow/.local/lib/python3.7/site-packages/airflow/example_dags/example_trigger_controller_dag.py
[2025-02-13T17:51:40.059+0000] {processor.py:756} INFO - Processing file /home/airflow/.local/lib/python3.7/site-packages/airflow/example_dags/example_trigger_controller_dag.py for tasks to queue
[2025-02-13T17:51:40.061+0000] {logging_mixin.py:137} INFO - [2025-02-13T17:51:40.061+0000] {dagbag.py:537} INFO - Filling up the DagBag from /home/airflow/.local/lib/python3.7/site-packages/airflow/example_dags/example_trigger_controller_dag.py
[2025-02-13T17:51:40.078+0000] {processor.py:766} INFO - DAG(s) dict_keys(['example_trigger_controller_dag']) retrieved from /home/airflow/.local/lib/python3.7/site-packages/airflow/example_dags/example_trigger_controller_dag.py
[2025-02-13T17:51:40.136+0000] {logging_mixin.py:137} INFO - [2025-02-13T17:51:40.136+0000] {dag.py:2585} INFO - Sync 1 DAGs
[2025-02-13T17:51:40.170+0000] {logging_mixin.py:137} INFO - [2025-02-13T17:51:40.170+0000] {dag.py:3340} INFO - Setting next_dagrun for example_trigger_controller_dag to 2021-01-01T00:00:00+00:00, run_after=2021-01-01T00:00:00+00:00
[2025-02-13T17:51:40.204+0000] {processor.py:176} INFO - Processing /home/airflow/.local/lib/python3.7/site-packages/airflow/example_dags/example_trigger_controller_dag.py took 0.150 seconds
