[2025-02-13T17:24:19.763+0000] {processor.py:154} INFO - Started process (PID=226) to work on /home/airflow/.local/lib/python3.7/site-packages/airflow/example_dags/example_xcomargs.py
[2025-02-13T17:24:19.767+0000] {processor.py:756} INFO - Processing file /home/airflow/.local/lib/python3.7/site-packages/airflow/example_dags/example_xcomargs.py for tasks to queue
[2025-02-13T17:24:19.771+0000] {logging_mixin.py:137} INFO - [2025-02-13T17:24:19.771+0000] {dagbag.py:537} INFO - Filling up the DagBag from /home/airflow/.local/lib/python3.7/site-packages/airflow/example_dags/example_xcomargs.py
[2025-02-13T17:24:20.018+0000] {processor.py:766} INFO - DAG(s) dict_keys(['example_xcom_args', 'example_xcom_args_with_operators']) retrieved from /home/airflow/.local/lib/python3.7/site-packages/airflow/example_dags/example_xcomargs.py
[2025-02-13T17:24:20.144+0000] {logging_mixin.py:137} INFO - [2025-02-13T17:24:20.143+0000] {dag.py:2585} INFO - Sync 2 DAGs
[2025-02-13T17:24:20.234+0000] {logging_mixin.py:137} INFO - [2025-02-13T17:24:20.233+0000] {dag.py:3340} INFO - Setting next_dagrun for example_xcom_args to None, run_after=None
[2025-02-13T17:24:20.242+0000] {logging_mixin.py:137} INFO - [2025-02-13T17:24:20.242+0000] {dag.py:3340} INFO - Setting next_dagrun for example_xcom_args_with_operators to None, run_after=None
[2025-02-13T17:24:20.288+0000] {processor.py:176} INFO - Processing /home/airflow/.local/lib/python3.7/site-packages/airflow/example_dags/example_xcomargs.py took 0.537 seconds
[2025-02-13T17:25:20.547+0000] {processor.py:154} INFO - Started process (PID=226) to work on /home/airflow/.local/lib/python3.7/site-packages/airflow/example_dags/example_xcomargs.py
[2025-02-13T17:25:20.550+0000] {processor.py:756} INFO - Processing file /home/airflow/.local/lib/python3.7/site-packages/airflow/example_dags/example_xcomargs.py for tasks to queue
[2025-02-13T17:25:20.552+0000] {logging_mixin.py:137} INFO - [2025-02-13T17:25:20.552+0000] {dagbag.py:537} INFO - Filling up the DagBag from /home/airflow/.local/lib/python3.7/site-packages/airflow/example_dags/example_xcomargs.py
[2025-02-13T17:25:20.606+0000] {processor.py:766} INFO - DAG(s) dict_keys(['example_xcom_args', 'example_xcom_args_with_operators']) retrieved from /home/airflow/.local/lib/python3.7/site-packages/airflow/example_dags/example_xcomargs.py
[2025-02-13T17:25:20.717+0000] {logging_mixin.py:137} INFO - [2025-02-13T17:25:20.716+0000] {dag.py:2585} INFO - Sync 2 DAGs
[2025-02-13T17:25:20.782+0000] {logging_mixin.py:137} INFO - [2025-02-13T17:25:20.781+0000] {dag.py:3340} INFO - Setting next_dagrun for example_xcom_args to None, run_after=None
[2025-02-13T17:25:20.792+0000] {logging_mixin.py:137} INFO - [2025-02-13T17:25:20.792+0000] {dag.py:3340} INFO - Setting next_dagrun for example_xcom_args_with_operators to None, run_after=None
[2025-02-13T17:25:20.839+0000] {processor.py:176} INFO - Processing /home/airflow/.local/lib/python3.7/site-packages/airflow/example_dags/example_xcomargs.py took 0.303 seconds
[2025-02-13T17:25:51.913+0000] {processor.py:154} INFO - Started process (PID=406) to work on /home/airflow/.local/lib/python3.7/site-packages/airflow/example_dags/example_xcomargs.py
[2025-02-13T17:25:51.917+0000] {processor.py:756} INFO - Processing file /home/airflow/.local/lib/python3.7/site-packages/airflow/example_dags/example_xcomargs.py for tasks to queue
[2025-02-13T17:25:51.921+0000] {logging_mixin.py:137} INFO - [2025-02-13T17:25:51.920+0000] {dagbag.py:537} INFO - Filling up the DagBag from /home/airflow/.local/lib/python3.7/site-packages/airflow/example_dags/example_xcomargs.py
[2025-02-13T17:25:52.007+0000] {processor.py:766} INFO - DAG(s) dict_keys(['example_xcom_args_with_operators', 'example_xcom_args']) retrieved from /home/airflow/.local/lib/python3.7/site-packages/airflow/example_dags/example_xcomargs.py
[2025-02-13T17:25:52.231+0000] {logging_mixin.py:137} INFO - [2025-02-13T17:25:52.225+0000] {dag.py:2585} INFO - Sync 2 DAGs
[2025-02-13T17:25:52.365+0000] {logging_mixin.py:137} INFO - [2025-02-13T17:25:52.362+0000] {dag.py:3340} INFO - Setting next_dagrun for example_xcom_args to None, run_after=None
[2025-02-13T17:25:52.380+0000] {logging_mixin.py:137} INFO - [2025-02-13T17:25:52.379+0000] {dag.py:3340} INFO - Setting next_dagrun for example_xcom_args_with_operators to None, run_after=None
[2025-02-13T17:25:52.459+0000] {processor.py:176} INFO - Processing /home/airflow/.local/lib/python3.7/site-packages/airflow/example_dags/example_xcomargs.py took 0.554 seconds
[2025-02-13T17:26:22.715+0000] {processor.py:154} INFO - Started process (PID=589) to work on /home/airflow/.local/lib/python3.7/site-packages/airflow/example_dags/example_xcomargs.py
[2025-02-13T17:26:22.719+0000] {processor.py:756} INFO - Processing file /home/airflow/.local/lib/python3.7/site-packages/airflow/example_dags/example_xcomargs.py for tasks to queue
[2025-02-13T17:26:22.721+0000] {logging_mixin.py:137} INFO - [2025-02-13T17:26:22.721+0000] {dagbag.py:537} INFO - Filling up the DagBag from /home/airflow/.local/lib/python3.7/site-packages/airflow/example_dags/example_xcomargs.py
[2025-02-13T17:26:22.759+0000] {processor.py:766} INFO - DAG(s) dict_keys(['example_xcom_args_with_operators', 'example_xcom_args']) retrieved from /home/airflow/.local/lib/python3.7/site-packages/airflow/example_dags/example_xcomargs.py
[2025-02-13T17:26:22.894+0000] {logging_mixin.py:137} INFO - [2025-02-13T17:26:22.893+0000] {dag.py:2585} INFO - Sync 2 DAGs
[2025-02-13T17:26:22.958+0000] {logging_mixin.py:137} INFO - [2025-02-13T17:26:22.957+0000] {dag.py:3340} INFO - Setting next_dagrun for example_xcom_args to None, run_after=None
[2025-02-13T17:26:22.970+0000] {logging_mixin.py:137} INFO - [2025-02-13T17:26:22.969+0000] {dag.py:3340} INFO - Setting next_dagrun for example_xcom_args_with_operators to None, run_after=None
[2025-02-13T17:26:23.032+0000] {processor.py:176} INFO - Processing /home/airflow/.local/lib/python3.7/site-packages/airflow/example_dags/example_xcomargs.py took 0.324 seconds
[2025-02-13T17:26:53.430+0000] {processor.py:154} INFO - Started process (PID=769) to work on /home/airflow/.local/lib/python3.7/site-packages/airflow/example_dags/example_xcomargs.py
[2025-02-13T17:26:53.432+0000] {processor.py:756} INFO - Processing file /home/airflow/.local/lib/python3.7/site-packages/airflow/example_dags/example_xcomargs.py for tasks to queue
[2025-02-13T17:26:53.434+0000] {logging_mixin.py:137} INFO - [2025-02-13T17:26:53.434+0000] {dagbag.py:537} INFO - Filling up the DagBag from /home/airflow/.local/lib/python3.7/site-packages/airflow/example_dags/example_xcomargs.py
[2025-02-13T17:26:53.466+0000] {processor.py:766} INFO - DAG(s) dict_keys(['example_xcom_args', 'example_xcom_args_with_operators']) retrieved from /home/airflow/.local/lib/python3.7/site-packages/airflow/example_dags/example_xcomargs.py
[2025-02-13T17:26:53.517+0000] {logging_mixin.py:137} INFO - [2025-02-13T17:26:53.516+0000] {dag.py:2585} INFO - Sync 2 DAGs
[2025-02-13T17:26:53.594+0000] {logging_mixin.py:137} INFO - [2025-02-13T17:26:53.593+0000] {dag.py:3340} INFO - Setting next_dagrun for example_xcom_args to None, run_after=None
[2025-02-13T17:26:53.608+0000] {logging_mixin.py:137} INFO - [2025-02-13T17:26:53.608+0000] {dag.py:3340} INFO - Setting next_dagrun for example_xcom_args_with_operators to None, run_after=None
[2025-02-13T17:26:53.676+0000] {processor.py:176} INFO - Processing /home/airflow/.local/lib/python3.7/site-packages/airflow/example_dags/example_xcomargs.py took 0.251 seconds
[2025-02-13T17:27:24.136+0000] {processor.py:154} INFO - Started process (PID=947) to work on /home/airflow/.local/lib/python3.7/site-packages/airflow/example_dags/example_xcomargs.py
[2025-02-13T17:27:24.139+0000] {processor.py:756} INFO - Processing file /home/airflow/.local/lib/python3.7/site-packages/airflow/example_dags/example_xcomargs.py for tasks to queue
[2025-02-13T17:27:24.142+0000] {logging_mixin.py:137} INFO - [2025-02-13T17:27:24.142+0000] {dagbag.py:537} INFO - Filling up the DagBag from /home/airflow/.local/lib/python3.7/site-packages/airflow/example_dags/example_xcomargs.py
[2025-02-13T17:27:24.178+0000] {processor.py:766} INFO - DAG(s) dict_keys(['example_xcom_args', 'example_xcom_args_with_operators']) retrieved from /home/airflow/.local/lib/python3.7/site-packages/airflow/example_dags/example_xcomargs.py
[2025-02-13T17:27:24.237+0000] {logging_mixin.py:137} INFO - [2025-02-13T17:27:24.237+0000] {dag.py:2585} INFO - Sync 2 DAGs
[2025-02-13T17:27:24.284+0000] {logging_mixin.py:137} INFO - [2025-02-13T17:27:24.284+0000] {dag.py:3340} INFO - Setting next_dagrun for example_xcom_args to None, run_after=None
[2025-02-13T17:27:24.295+0000] {logging_mixin.py:137} INFO - [2025-02-13T17:27:24.294+0000] {dag.py:3340} INFO - Setting next_dagrun for example_xcom_args_with_operators to None, run_after=None
[2025-02-13T17:27:24.355+0000] {processor.py:176} INFO - Processing /home/airflow/.local/lib/python3.7/site-packages/airflow/example_dags/example_xcomargs.py took 0.224 seconds
[2025-02-13T17:27:54.652+0000] {processor.py:154} INFO - Started process (PID=1129) to work on /home/airflow/.local/lib/python3.7/site-packages/airflow/example_dags/example_xcomargs.py
[2025-02-13T17:27:54.654+0000] {processor.py:756} INFO - Processing file /home/airflow/.local/lib/python3.7/site-packages/airflow/example_dags/example_xcomargs.py for tasks to queue
[2025-02-13T17:27:54.657+0000] {logging_mixin.py:137} INFO - [2025-02-13T17:27:54.656+0000] {dagbag.py:537} INFO - Filling up the DagBag from /home/airflow/.local/lib/python3.7/site-packages/airflow/example_dags/example_xcomargs.py
[2025-02-13T17:27:54.705+0000] {processor.py:766} INFO - DAG(s) dict_keys(['example_xcom_args', 'example_xcom_args_with_operators']) retrieved from /home/airflow/.local/lib/python3.7/site-packages/airflow/example_dags/example_xcomargs.py
[2025-02-13T17:27:54.784+0000] {logging_mixin.py:137} INFO - [2025-02-13T17:27:54.783+0000] {dag.py:2585} INFO - Sync 2 DAGs
[2025-02-13T17:27:54.845+0000] {logging_mixin.py:137} INFO - [2025-02-13T17:27:54.845+0000] {dag.py:3340} INFO - Setting next_dagrun for example_xcom_args to None, run_after=None
[2025-02-13T17:27:54.859+0000] {logging_mixin.py:137} INFO - [2025-02-13T17:27:54.858+0000] {dag.py:3340} INFO - Setting next_dagrun for example_xcom_args_with_operators to None, run_after=None
[2025-02-13T17:27:54.902+0000] {processor.py:176} INFO - Processing /home/airflow/.local/lib/python3.7/site-packages/airflow/example_dags/example_xcomargs.py took 0.254 seconds
[2025-02-13T17:28:25.348+0000] {processor.py:154} INFO - Started process (PID=1308) to work on /home/airflow/.local/lib/python3.7/site-packages/airflow/example_dags/example_xcomargs.py
[2025-02-13T17:28:25.350+0000] {processor.py:756} INFO - Processing file /home/airflow/.local/lib/python3.7/site-packages/airflow/example_dags/example_xcomargs.py for tasks to queue
[2025-02-13T17:28:25.352+0000] {logging_mixin.py:137} INFO - [2025-02-13T17:28:25.352+0000] {dagbag.py:537} INFO - Filling up the DagBag from /home/airflow/.local/lib/python3.7/site-packages/airflow/example_dags/example_xcomargs.py
[2025-02-13T17:28:25.387+0000] {processor.py:766} INFO - DAG(s) dict_keys(['example_xcom_args', 'example_xcom_args_with_operators']) retrieved from /home/airflow/.local/lib/python3.7/site-packages/airflow/example_dags/example_xcomargs.py
[2025-02-13T17:28:25.430+0000] {logging_mixin.py:137} INFO - [2025-02-13T17:28:25.430+0000] {dag.py:2585} INFO - Sync 2 DAGs
[2025-02-13T17:28:25.486+0000] {logging_mixin.py:137} INFO - [2025-02-13T17:28:25.485+0000] {dag.py:3340} INFO - Setting next_dagrun for example_xcom_args to None, run_after=None
[2025-02-13T17:28:25.497+0000] {logging_mixin.py:137} INFO - [2025-02-13T17:28:25.496+0000] {dag.py:3340} INFO - Setting next_dagrun for example_xcom_args_with_operators to None, run_after=None
[2025-02-13T17:28:25.570+0000] {processor.py:176} INFO - Processing /home/airflow/.local/lib/python3.7/site-packages/airflow/example_dags/example_xcomargs.py took 0.227 seconds
[2025-02-13T17:28:56.285+0000] {processor.py:154} INFO - Started process (PID=1489) to work on /home/airflow/.local/lib/python3.7/site-packages/airflow/example_dags/example_xcomargs.py
[2025-02-13T17:28:56.288+0000] {processor.py:756} INFO - Processing file /home/airflow/.local/lib/python3.7/site-packages/airflow/example_dags/example_xcomargs.py for tasks to queue
[2025-02-13T17:28:56.291+0000] {logging_mixin.py:137} INFO - [2025-02-13T17:28:56.290+0000] {dagbag.py:537} INFO - Filling up the DagBag from /home/airflow/.local/lib/python3.7/site-packages/airflow/example_dags/example_xcomargs.py
[2025-02-13T17:28:56.330+0000] {processor.py:766} INFO - DAG(s) dict_keys(['example_xcom_args_with_operators', 'example_xcom_args']) retrieved from /home/airflow/.local/lib/python3.7/site-packages/airflow/example_dags/example_xcomargs.py
[2025-02-13T17:28:56.385+0000] {logging_mixin.py:137} INFO - [2025-02-13T17:28:56.384+0000] {dag.py:2585} INFO - Sync 2 DAGs
[2025-02-13T17:28:56.442+0000] {logging_mixin.py:137} INFO - [2025-02-13T17:28:56.442+0000] {dag.py:3340} INFO - Setting next_dagrun for example_xcom_args to None, run_after=None
[2025-02-13T17:28:56.450+0000] {logging_mixin.py:137} INFO - [2025-02-13T17:28:56.449+0000] {dag.py:3340} INFO - Setting next_dagrun for example_xcom_args_with_operators to None, run_after=None
[2025-02-13T17:28:56.490+0000] {processor.py:176} INFO - Processing /home/airflow/.local/lib/python3.7/site-packages/airflow/example_dags/example_xcomargs.py took 0.210 seconds
[2025-02-13T17:29:26.685+0000] {processor.py:154} INFO - Started process (PID=1667) to work on /home/airflow/.local/lib/python3.7/site-packages/airflow/example_dags/example_xcomargs.py
[2025-02-13T17:29:26.687+0000] {processor.py:756} INFO - Processing file /home/airflow/.local/lib/python3.7/site-packages/airflow/example_dags/example_xcomargs.py for tasks to queue
[2025-02-13T17:29:26.689+0000] {logging_mixin.py:137} INFO - [2025-02-13T17:29:26.689+0000] {dagbag.py:537} INFO - Filling up the DagBag from /home/airflow/.local/lib/python3.7/site-packages/airflow/example_dags/example_xcomargs.py
[2025-02-13T17:29:26.740+0000] {processor.py:766} INFO - DAG(s) dict_keys(['example_xcom_args', 'example_xcom_args_with_operators']) retrieved from /home/airflow/.local/lib/python3.7/site-packages/airflow/example_dags/example_xcomargs.py
[2025-02-13T17:29:26.787+0000] {logging_mixin.py:137} INFO - [2025-02-13T17:29:26.786+0000] {dag.py:2585} INFO - Sync 2 DAGs
[2025-02-13T17:29:26.855+0000] {logging_mixin.py:137} INFO - [2025-02-13T17:29:26.854+0000] {dag.py:3340} INFO - Setting next_dagrun for example_xcom_args to None, run_after=None
[2025-02-13T17:29:26.864+0000] {logging_mixin.py:137} INFO - [2025-02-13T17:29:26.864+0000] {dag.py:3340} INFO - Setting next_dagrun for example_xcom_args_with_operators to None, run_after=None
[2025-02-13T17:29:26.901+0000] {processor.py:176} INFO - Processing /home/airflow/.local/lib/python3.7/site-packages/airflow/example_dags/example_xcomargs.py took 0.221 seconds
[2025-02-13T17:29:57.844+0000] {processor.py:154} INFO - Started process (PID=1847) to work on /home/airflow/.local/lib/python3.7/site-packages/airflow/example_dags/example_xcomargs.py
[2025-02-13T17:29:57.847+0000] {processor.py:756} INFO - Processing file /home/airflow/.local/lib/python3.7/site-packages/airflow/example_dags/example_xcomargs.py for tasks to queue
[2025-02-13T17:29:57.852+0000] {logging_mixin.py:137} INFO - [2025-02-13T17:29:57.851+0000] {dagbag.py:537} INFO - Filling up the DagBag from /home/airflow/.local/lib/python3.7/site-packages/airflow/example_dags/example_xcomargs.py
[2025-02-13T17:29:57.915+0000] {processor.py:766} INFO - DAG(s) dict_keys(['example_xcom_args', 'example_xcom_args_with_operators']) retrieved from /home/airflow/.local/lib/python3.7/site-packages/airflow/example_dags/example_xcomargs.py
[2025-02-13T17:29:58.002+0000] {logging_mixin.py:137} INFO - [2025-02-13T17:29:58.001+0000] {dag.py:2585} INFO - Sync 2 DAGs
[2025-02-13T17:29:58.133+0000] {logging_mixin.py:137} INFO - [2025-02-13T17:29:58.132+0000] {dag.py:3340} INFO - Setting next_dagrun for example_xcom_args to None, run_after=None
[2025-02-13T17:29:58.150+0000] {logging_mixin.py:137} INFO - [2025-02-13T17:29:58.149+0000] {dag.py:3340} INFO - Setting next_dagrun for example_xcom_args_with_operators to None, run_after=None
[2025-02-13T17:29:58.261+0000] {processor.py:176} INFO - Processing /home/airflow/.local/lib/python3.7/site-packages/airflow/example_dags/example_xcomargs.py took 0.424 seconds
[2025-02-13T17:30:29.294+0000] {processor.py:154} INFO - Started process (PID=2029) to work on /home/airflow/.local/lib/python3.7/site-packages/airflow/example_dags/example_xcomargs.py
[2025-02-13T17:30:29.297+0000] {processor.py:756} INFO - Processing file /home/airflow/.local/lib/python3.7/site-packages/airflow/example_dags/example_xcomargs.py for tasks to queue
[2025-02-13T17:30:29.300+0000] {logging_mixin.py:137} INFO - [2025-02-13T17:30:29.299+0000] {dagbag.py:537} INFO - Filling up the DagBag from /home/airflow/.local/lib/python3.7/site-packages/airflow/example_dags/example_xcomargs.py
[2025-02-13T17:30:29.374+0000] {processor.py:766} INFO - DAG(s) dict_keys(['example_xcom_args_with_operators', 'example_xcom_args']) retrieved from /home/airflow/.local/lib/python3.7/site-packages/airflow/example_dags/example_xcomargs.py
[2025-02-13T17:30:29.435+0000] {logging_mixin.py:137} INFO - [2025-02-13T17:30:29.435+0000] {dag.py:2585} INFO - Sync 2 DAGs
[2025-02-13T17:30:29.506+0000] {logging_mixin.py:137} INFO - [2025-02-13T17:30:29.505+0000] {dag.py:3340} INFO - Setting next_dagrun for example_xcom_args to None, run_after=None
[2025-02-13T17:30:29.514+0000] {logging_mixin.py:137} INFO - [2025-02-13T17:30:29.514+0000] {dag.py:3340} INFO - Setting next_dagrun for example_xcom_args_with_operators to None, run_after=None
[2025-02-13T17:30:29.606+0000] {processor.py:176} INFO - Processing /home/airflow/.local/lib/python3.7/site-packages/airflow/example_dags/example_xcomargs.py took 0.321 seconds
[2025-02-13T17:31:00.480+0000] {processor.py:154} INFO - Started process (PID=2209) to work on /home/airflow/.local/lib/python3.7/site-packages/airflow/example_dags/example_xcomargs.py
[2025-02-13T17:31:00.483+0000] {processor.py:756} INFO - Processing file /home/airflow/.local/lib/python3.7/site-packages/airflow/example_dags/example_xcomargs.py for tasks to queue
[2025-02-13T17:31:00.484+0000] {logging_mixin.py:137} INFO - [2025-02-13T17:31:00.484+0000] {dagbag.py:537} INFO - Filling up the DagBag from /home/airflow/.local/lib/python3.7/site-packages/airflow/example_dags/example_xcomargs.py
[2025-02-13T17:31:00.541+0000] {processor.py:766} INFO - DAG(s) dict_keys(['example_xcom_args_with_operators', 'example_xcom_args']) retrieved from /home/airflow/.local/lib/python3.7/site-packages/airflow/example_dags/example_xcomargs.py
[2025-02-13T17:31:00.631+0000] {logging_mixin.py:137} INFO - [2025-02-13T17:31:00.631+0000] {dag.py:2585} INFO - Sync 2 DAGs
[2025-02-13T17:31:00.696+0000] {logging_mixin.py:137} INFO - [2025-02-13T17:31:00.696+0000] {dag.py:3340} INFO - Setting next_dagrun for example_xcom_args to None, run_after=None
[2025-02-13T17:31:00.706+0000] {logging_mixin.py:137} INFO - [2025-02-13T17:31:00.705+0000] {dag.py:3340} INFO - Setting next_dagrun for example_xcom_args_with_operators to None, run_after=None
[2025-02-13T17:31:00.751+0000] {processor.py:176} INFO - Processing /home/airflow/.local/lib/python3.7/site-packages/airflow/example_dags/example_xcomargs.py took 0.279 seconds
[2025-02-13T17:31:30.916+0000] {processor.py:154} INFO - Started process (PID=2389) to work on /home/airflow/.local/lib/python3.7/site-packages/airflow/example_dags/example_xcomargs.py
[2025-02-13T17:31:30.918+0000] {processor.py:756} INFO - Processing file /home/airflow/.local/lib/python3.7/site-packages/airflow/example_dags/example_xcomargs.py for tasks to queue
[2025-02-13T17:31:30.921+0000] {logging_mixin.py:137} INFO - [2025-02-13T17:31:30.920+0000] {dagbag.py:537} INFO - Filling up the DagBag from /home/airflow/.local/lib/python3.7/site-packages/airflow/example_dags/example_xcomargs.py
[2025-02-13T17:31:30.985+0000] {processor.py:766} INFO - DAG(s) dict_keys(['example_xcom_args_with_operators', 'example_xcom_args']) retrieved from /home/airflow/.local/lib/python3.7/site-packages/airflow/example_dags/example_xcomargs.py
[2025-02-13T17:31:31.047+0000] {logging_mixin.py:137} INFO - [2025-02-13T17:31:31.046+0000] {dag.py:2585} INFO - Sync 2 DAGs
[2025-02-13T17:31:31.116+0000] {logging_mixin.py:137} INFO - [2025-02-13T17:31:31.115+0000] {dag.py:3340} INFO - Setting next_dagrun for example_xcom_args to None, run_after=None
[2025-02-13T17:31:31.125+0000] {logging_mixin.py:137} INFO - [2025-02-13T17:31:31.125+0000] {dag.py:3340} INFO - Setting next_dagrun for example_xcom_args_with_operators to None, run_after=None
[2025-02-13T17:31:31.183+0000] {processor.py:176} INFO - Processing /home/airflow/.local/lib/python3.7/site-packages/airflow/example_dags/example_xcomargs.py took 0.272 seconds
[2025-02-13T17:32:01.641+0000] {processor.py:154} INFO - Started process (PID=2569) to work on /home/airflow/.local/lib/python3.7/site-packages/airflow/example_dags/example_xcomargs.py
[2025-02-13T17:32:01.643+0000] {processor.py:756} INFO - Processing file /home/airflow/.local/lib/python3.7/site-packages/airflow/example_dags/example_xcomargs.py for tasks to queue
[2025-02-13T17:32:01.647+0000] {logging_mixin.py:137} INFO - [2025-02-13T17:32:01.646+0000] {dagbag.py:537} INFO - Filling up the DagBag from /home/airflow/.local/lib/python3.7/site-packages/airflow/example_dags/example_xcomargs.py
[2025-02-13T17:32:01.757+0000] {processor.py:766} INFO - DAG(s) dict_keys(['example_xcom_args', 'example_xcom_args_with_operators']) retrieved from /home/airflow/.local/lib/python3.7/site-packages/airflow/example_dags/example_xcomargs.py
[2025-02-13T17:32:01.864+0000] {logging_mixin.py:137} INFO - [2025-02-13T17:32:01.864+0000] {dag.py:2585} INFO - Sync 2 DAGs
[2025-02-13T17:32:01.916+0000] {logging_mixin.py:137} INFO - [2025-02-13T17:32:01.916+0000] {dag.py:3340} INFO - Setting next_dagrun for example_xcom_args to None, run_after=None
[2025-02-13T17:32:01.925+0000] {logging_mixin.py:137} INFO - [2025-02-13T17:32:01.924+0000] {dag.py:3340} INFO - Setting next_dagrun for example_xcom_args_with_operators to None, run_after=None
[2025-02-13T17:32:01.981+0000] {processor.py:176} INFO - Processing /home/airflow/.local/lib/python3.7/site-packages/airflow/example_dags/example_xcomargs.py took 0.352 seconds
[2025-02-13T17:32:32.414+0000] {processor.py:154} INFO - Started process (PID=2749) to work on /home/airflow/.local/lib/python3.7/site-packages/airflow/example_dags/example_xcomargs.py
[2025-02-13T17:32:32.415+0000] {processor.py:756} INFO - Processing file /home/airflow/.local/lib/python3.7/site-packages/airflow/example_dags/example_xcomargs.py for tasks to queue
[2025-02-13T17:32:32.417+0000] {logging_mixin.py:137} INFO - [2025-02-13T17:32:32.417+0000] {dagbag.py:537} INFO - Filling up the DagBag from /home/airflow/.local/lib/python3.7/site-packages/airflow/example_dags/example_xcomargs.py
[2025-02-13T17:32:32.481+0000] {processor.py:766} INFO - DAG(s) dict_keys(['example_xcom_args', 'example_xcom_args_with_operators']) retrieved from /home/airflow/.local/lib/python3.7/site-packages/airflow/example_dags/example_xcomargs.py
[2025-02-13T17:32:32.583+0000] {logging_mixin.py:137} INFO - [2025-02-13T17:32:32.583+0000] {dag.py:2585} INFO - Sync 2 DAGs
[2025-02-13T17:32:32.636+0000] {logging_mixin.py:137} INFO - [2025-02-13T17:32:32.636+0000] {dag.py:3340} INFO - Setting next_dagrun for example_xcom_args to None, run_after=None
[2025-02-13T17:32:32.645+0000] {logging_mixin.py:137} INFO - [2025-02-13T17:32:32.645+0000] {dag.py:3340} INFO - Setting next_dagrun for example_xcom_args_with_operators to None, run_after=None
[2025-02-13T17:32:32.686+0000] {processor.py:176} INFO - Processing /home/airflow/.local/lib/python3.7/site-packages/airflow/example_dags/example_xcomargs.py took 0.278 seconds
[2025-02-13T17:33:03.164+0000] {processor.py:154} INFO - Started process (PID=2929) to work on /home/airflow/.local/lib/python3.7/site-packages/airflow/example_dags/example_xcomargs.py
[2025-02-13T17:33:03.168+0000] {processor.py:756} INFO - Processing file /home/airflow/.local/lib/python3.7/site-packages/airflow/example_dags/example_xcomargs.py for tasks to queue
[2025-02-13T17:33:03.170+0000] {logging_mixin.py:137} INFO - [2025-02-13T17:33:03.170+0000] {dagbag.py:537} INFO - Filling up the DagBag from /home/airflow/.local/lib/python3.7/site-packages/airflow/example_dags/example_xcomargs.py
[2025-02-13T17:33:03.272+0000] {processor.py:766} INFO - DAG(s) dict_keys(['example_xcom_args', 'example_xcom_args_with_operators']) retrieved from /home/airflow/.local/lib/python3.7/site-packages/airflow/example_dags/example_xcomargs.py
[2025-02-13T17:33:03.340+0000] {logging_mixin.py:137} INFO - [2025-02-13T17:33:03.340+0000] {dag.py:2585} INFO - Sync 2 DAGs
[2025-02-13T17:33:03.397+0000] {logging_mixin.py:137} INFO - [2025-02-13T17:33:03.396+0000] {dag.py:3340} INFO - Setting next_dagrun for example_xcom_args to None, run_after=None
[2025-02-13T17:33:03.408+0000] {logging_mixin.py:137} INFO - [2025-02-13T17:33:03.408+0000] {dag.py:3340} INFO - Setting next_dagrun for example_xcom_args_with_operators to None, run_after=None
[2025-02-13T17:33:03.456+0000] {processor.py:176} INFO - Processing /home/airflow/.local/lib/python3.7/site-packages/airflow/example_dags/example_xcomargs.py took 0.298 seconds
[2025-02-13T17:33:33.626+0000] {processor.py:154} INFO - Started process (PID=3109) to work on /home/airflow/.local/lib/python3.7/site-packages/airflow/example_dags/example_xcomargs.py
[2025-02-13T17:33:33.628+0000] {processor.py:756} INFO - Processing file /home/airflow/.local/lib/python3.7/site-packages/airflow/example_dags/example_xcomargs.py for tasks to queue
[2025-02-13T17:33:33.630+0000] {logging_mixin.py:137} INFO - [2025-02-13T17:33:33.630+0000] {dagbag.py:537} INFO - Filling up the DagBag from /home/airflow/.local/lib/python3.7/site-packages/airflow/example_dags/example_xcomargs.py
[2025-02-13T17:33:33.720+0000] {processor.py:766} INFO - DAG(s) dict_keys(['example_xcom_args_with_operators', 'example_xcom_args']) retrieved from /home/airflow/.local/lib/python3.7/site-packages/airflow/example_dags/example_xcomargs.py
[2025-02-13T17:33:33.822+0000] {logging_mixin.py:137} INFO - [2025-02-13T17:33:33.822+0000] {dag.py:2585} INFO - Sync 2 DAGs
[2025-02-13T17:33:33.879+0000] {logging_mixin.py:137} INFO - [2025-02-13T17:33:33.878+0000] {dag.py:3340} INFO - Setting next_dagrun for example_xcom_args to None, run_after=None
[2025-02-13T17:33:33.890+0000] {logging_mixin.py:137} INFO - [2025-02-13T17:33:33.890+0000] {dag.py:3340} INFO - Setting next_dagrun for example_xcom_args_with_operators to None, run_after=None
[2025-02-13T17:33:33.935+0000] {processor.py:176} INFO - Processing /home/airflow/.local/lib/python3.7/site-packages/airflow/example_dags/example_xcomargs.py took 0.316 seconds
[2025-02-13T17:34:04.315+0000] {processor.py:154} INFO - Started process (PID=3289) to work on /home/airflow/.local/lib/python3.7/site-packages/airflow/example_dags/example_xcomargs.py
[2025-02-13T17:34:04.317+0000] {processor.py:756} INFO - Processing file /home/airflow/.local/lib/python3.7/site-packages/airflow/example_dags/example_xcomargs.py for tasks to queue
[2025-02-13T17:34:04.319+0000] {logging_mixin.py:137} INFO - [2025-02-13T17:34:04.318+0000] {dagbag.py:537} INFO - Filling up the DagBag from /home/airflow/.local/lib/python3.7/site-packages/airflow/example_dags/example_xcomargs.py
[2025-02-13T17:34:04.366+0000] {processor.py:766} INFO - DAG(s) dict_keys(['example_xcom_args_with_operators', 'example_xcom_args']) retrieved from /home/airflow/.local/lib/python3.7/site-packages/airflow/example_dags/example_xcomargs.py
[2025-02-13T17:34:04.455+0000] {logging_mixin.py:137} INFO - [2025-02-13T17:34:04.455+0000] {dag.py:2585} INFO - Sync 2 DAGs
[2025-02-13T17:34:04.502+0000] {logging_mixin.py:137} INFO - [2025-02-13T17:34:04.502+0000] {dag.py:3340} INFO - Setting next_dagrun for example_xcom_args to None, run_after=None
[2025-02-13T17:34:04.508+0000] {logging_mixin.py:137} INFO - [2025-02-13T17:34:04.508+0000] {dag.py:3340} INFO - Setting next_dagrun for example_xcom_args_with_operators to None, run_after=None
[2025-02-13T17:34:04.546+0000] {processor.py:176} INFO - Processing /home/airflow/.local/lib/python3.7/site-packages/airflow/example_dags/example_xcomargs.py took 0.244 seconds
[2025-02-13T17:34:34.687+0000] {processor.py:154} INFO - Started process (PID=3469) to work on /home/airflow/.local/lib/python3.7/site-packages/airflow/example_dags/example_xcomargs.py
[2025-02-13T17:34:34.689+0000] {processor.py:756} INFO - Processing file /home/airflow/.local/lib/python3.7/site-packages/airflow/example_dags/example_xcomargs.py for tasks to queue
[2025-02-13T17:34:34.691+0000] {logging_mixin.py:137} INFO - [2025-02-13T17:34:34.691+0000] {dagbag.py:537} INFO - Filling up the DagBag from /home/airflow/.local/lib/python3.7/site-packages/airflow/example_dags/example_xcomargs.py
[2025-02-13T17:34:34.748+0000] {processor.py:766} INFO - DAG(s) dict_keys(['example_xcom_args_with_operators', 'example_xcom_args']) retrieved from /home/airflow/.local/lib/python3.7/site-packages/airflow/example_dags/example_xcomargs.py
[2025-02-13T17:34:34.874+0000] {logging_mixin.py:137} INFO - [2025-02-13T17:34:34.873+0000] {dag.py:2585} INFO - Sync 2 DAGs
[2025-02-13T17:34:34.931+0000] {logging_mixin.py:137} INFO - [2025-02-13T17:34:34.931+0000] {dag.py:3340} INFO - Setting next_dagrun for example_xcom_args to None, run_after=None
[2025-02-13T17:34:34.940+0000] {logging_mixin.py:137} INFO - [2025-02-13T17:34:34.939+0000] {dag.py:3340} INFO - Setting next_dagrun for example_xcom_args_with_operators to None, run_after=None
[2025-02-13T17:34:34.977+0000] {processor.py:176} INFO - Processing /home/airflow/.local/lib/python3.7/site-packages/airflow/example_dags/example_xcomargs.py took 0.294 seconds
[2025-02-13T17:35:05.103+0000] {processor.py:154} INFO - Started process (PID=3649) to work on /home/airflow/.local/lib/python3.7/site-packages/airflow/example_dags/example_xcomargs.py
[2025-02-13T17:35:05.105+0000] {processor.py:756} INFO - Processing file /home/airflow/.local/lib/python3.7/site-packages/airflow/example_dags/example_xcomargs.py for tasks to queue
[2025-02-13T17:35:05.107+0000] {logging_mixin.py:137} INFO - [2025-02-13T17:35:05.107+0000] {dagbag.py:537} INFO - Filling up the DagBag from /home/airflow/.local/lib/python3.7/site-packages/airflow/example_dags/example_xcomargs.py
[2025-02-13T17:35:05.168+0000] {processor.py:766} INFO - DAG(s) dict_keys(['example_xcom_args', 'example_xcom_args_with_operators']) retrieved from /home/airflow/.local/lib/python3.7/site-packages/airflow/example_dags/example_xcomargs.py
[2025-02-13T17:35:05.248+0000] {logging_mixin.py:137} INFO - [2025-02-13T17:35:05.247+0000] {dag.py:2585} INFO - Sync 2 DAGs
[2025-02-13T17:35:05.300+0000] {logging_mixin.py:137} INFO - [2025-02-13T17:35:05.300+0000] {dag.py:3340} INFO - Setting next_dagrun for example_xcom_args to None, run_after=None
[2025-02-13T17:35:05.309+0000] {logging_mixin.py:137} INFO - [2025-02-13T17:35:05.309+0000] {dag.py:3340} INFO - Setting next_dagrun for example_xcom_args_with_operators to None, run_after=None
[2025-02-13T17:35:05.364+0000] {processor.py:176} INFO - Processing /home/airflow/.local/lib/python3.7/site-packages/airflow/example_dags/example_xcomargs.py took 0.267 seconds
[2025-02-13T17:35:35.571+0000] {processor.py:154} INFO - Started process (PID=3829) to work on /home/airflow/.local/lib/python3.7/site-packages/airflow/example_dags/example_xcomargs.py
[2025-02-13T17:35:35.573+0000] {processor.py:756} INFO - Processing file /home/airflow/.local/lib/python3.7/site-packages/airflow/example_dags/example_xcomargs.py for tasks to queue
[2025-02-13T17:35:35.574+0000] {logging_mixin.py:137} INFO - [2025-02-13T17:35:35.574+0000] {dagbag.py:537} INFO - Filling up the DagBag from /home/airflow/.local/lib/python3.7/site-packages/airflow/example_dags/example_xcomargs.py
[2025-02-13T17:35:35.605+0000] {processor.py:766} INFO - DAG(s) dict_keys(['example_xcom_args', 'example_xcom_args_with_operators']) retrieved from /home/airflow/.local/lib/python3.7/site-packages/airflow/example_dags/example_xcomargs.py
[2025-02-13T17:35:35.671+0000] {logging_mixin.py:137} INFO - [2025-02-13T17:35:35.671+0000] {dag.py:2585} INFO - Sync 2 DAGs
[2025-02-13T17:35:35.707+0000] {logging_mixin.py:137} INFO - [2025-02-13T17:35:35.707+0000] {dag.py:3340} INFO - Setting next_dagrun for example_xcom_args to None, run_after=None
[2025-02-13T17:35:35.714+0000] {logging_mixin.py:137} INFO - [2025-02-13T17:35:35.714+0000] {dag.py:3340} INFO - Setting next_dagrun for example_xcom_args_with_operators to None, run_after=None
[2025-02-13T17:35:35.762+0000] {processor.py:176} INFO - Processing /home/airflow/.local/lib/python3.7/site-packages/airflow/example_dags/example_xcomargs.py took 0.195 seconds
[2025-02-13T17:36:05.956+0000] {processor.py:154} INFO - Started process (PID=4009) to work on /home/airflow/.local/lib/python3.7/site-packages/airflow/example_dags/example_xcomargs.py
[2025-02-13T17:36:05.959+0000] {processor.py:756} INFO - Processing file /home/airflow/.local/lib/python3.7/site-packages/airflow/example_dags/example_xcomargs.py for tasks to queue
[2025-02-13T17:36:05.962+0000] {logging_mixin.py:137} INFO - [2025-02-13T17:36:05.961+0000] {dagbag.py:537} INFO - Filling up the DagBag from /home/airflow/.local/lib/python3.7/site-packages/airflow/example_dags/example_xcomargs.py
[2025-02-13T17:36:06.038+0000] {processor.py:766} INFO - DAG(s) dict_keys(['example_xcom_args_with_operators', 'example_xcom_args']) retrieved from /home/airflow/.local/lib/python3.7/site-packages/airflow/example_dags/example_xcomargs.py
[2025-02-13T17:36:06.161+0000] {logging_mixin.py:137} INFO - [2025-02-13T17:36:06.161+0000] {dag.py:2585} INFO - Sync 2 DAGs
[2025-02-13T17:36:06.251+0000] {logging_mixin.py:137} INFO - [2025-02-13T17:36:06.251+0000] {dag.py:3340} INFO - Setting next_dagrun for example_xcom_args to None, run_after=None
[2025-02-13T17:36:06.261+0000] {logging_mixin.py:137} INFO - [2025-02-13T17:36:06.260+0000] {dag.py:3340} INFO - Setting next_dagrun for example_xcom_args_with_operators to None, run_after=None
[2025-02-13T17:36:06.321+0000] {processor.py:176} INFO - Processing /home/airflow/.local/lib/python3.7/site-packages/airflow/example_dags/example_xcomargs.py took 0.377 seconds
[2025-02-13T17:36:36.488+0000] {processor.py:154} INFO - Started process (PID=4189) to work on /home/airflow/.local/lib/python3.7/site-packages/airflow/example_dags/example_xcomargs.py
[2025-02-13T17:36:36.491+0000] {processor.py:756} INFO - Processing file /home/airflow/.local/lib/python3.7/site-packages/airflow/example_dags/example_xcomargs.py for tasks to queue
[2025-02-13T17:36:36.493+0000] {logging_mixin.py:137} INFO - [2025-02-13T17:36:36.493+0000] {dagbag.py:537} INFO - Filling up the DagBag from /home/airflow/.local/lib/python3.7/site-packages/airflow/example_dags/example_xcomargs.py
[2025-02-13T17:36:36.555+0000] {processor.py:766} INFO - DAG(s) dict_keys(['example_xcom_args_with_operators', 'example_xcom_args']) retrieved from /home/airflow/.local/lib/python3.7/site-packages/airflow/example_dags/example_xcomargs.py
[2025-02-13T17:36:36.636+0000] {logging_mixin.py:137} INFO - [2025-02-13T17:36:36.636+0000] {dag.py:2585} INFO - Sync 2 DAGs
[2025-02-13T17:36:36.687+0000] {logging_mixin.py:137} INFO - [2025-02-13T17:36:36.686+0000] {dag.py:3340} INFO - Setting next_dagrun for example_xcom_args to None, run_after=None
[2025-02-13T17:36:36.698+0000] {logging_mixin.py:137} INFO - [2025-02-13T17:36:36.698+0000] {dag.py:3340} INFO - Setting next_dagrun for example_xcom_args_with_operators to None, run_after=None
[2025-02-13T17:36:36.735+0000] {processor.py:176} INFO - Processing /home/airflow/.local/lib/python3.7/site-packages/airflow/example_dags/example_xcomargs.py took 0.256 seconds
[2025-02-13T17:37:06.937+0000] {processor.py:154} INFO - Started process (PID=4369) to work on /home/airflow/.local/lib/python3.7/site-packages/airflow/example_dags/example_xcomargs.py
[2025-02-13T17:37:06.940+0000] {processor.py:756} INFO - Processing file /home/airflow/.local/lib/python3.7/site-packages/airflow/example_dags/example_xcomargs.py for tasks to queue
[2025-02-13T17:37:06.943+0000] {logging_mixin.py:137} INFO - [2025-02-13T17:37:06.943+0000] {dagbag.py:537} INFO - Filling up the DagBag from /home/airflow/.local/lib/python3.7/site-packages/airflow/example_dags/example_xcomargs.py
[2025-02-13T17:37:06.994+0000] {processor.py:766} INFO - DAG(s) dict_keys(['example_xcom_args', 'example_xcom_args_with_operators']) retrieved from /home/airflow/.local/lib/python3.7/site-packages/airflow/example_dags/example_xcomargs.py
[2025-02-13T17:37:07.098+0000] {logging_mixin.py:137} INFO - [2025-02-13T17:37:07.097+0000] {dag.py:2585} INFO - Sync 2 DAGs
[2025-02-13T17:37:07.147+0000] {logging_mixin.py:137} INFO - [2025-02-13T17:37:07.146+0000] {dag.py:3340} INFO - Setting next_dagrun for example_xcom_args to None, run_after=None
[2025-02-13T17:37:07.155+0000] {logging_mixin.py:137} INFO - [2025-02-13T17:37:07.154+0000] {dag.py:3340} INFO - Setting next_dagrun for example_xcom_args_with_operators to None, run_after=None
[2025-02-13T17:37:07.193+0000] {processor.py:176} INFO - Processing /home/airflow/.local/lib/python3.7/site-packages/airflow/example_dags/example_xcomargs.py took 0.265 seconds
[2025-02-13T17:37:37.717+0000] {processor.py:154} INFO - Started process (PID=4549) to work on /home/airflow/.local/lib/python3.7/site-packages/airflow/example_dags/example_xcomargs.py
[2025-02-13T17:37:37.719+0000] {processor.py:756} INFO - Processing file /home/airflow/.local/lib/python3.7/site-packages/airflow/example_dags/example_xcomargs.py for tasks to queue
[2025-02-13T17:37:37.720+0000] {logging_mixin.py:137} INFO - [2025-02-13T17:37:37.720+0000] {dagbag.py:537} INFO - Filling up the DagBag from /home/airflow/.local/lib/python3.7/site-packages/airflow/example_dags/example_xcomargs.py
[2025-02-13T17:37:37.766+0000] {processor.py:766} INFO - DAG(s) dict_keys(['example_xcom_args_with_operators', 'example_xcom_args']) retrieved from /home/airflow/.local/lib/python3.7/site-packages/airflow/example_dags/example_xcomargs.py
[2025-02-13T17:37:37.870+0000] {logging_mixin.py:137} INFO - [2025-02-13T17:37:37.870+0000] {dag.py:2585} INFO - Sync 2 DAGs
[2025-02-13T17:37:37.939+0000] {logging_mixin.py:137} INFO - [2025-02-13T17:37:37.939+0000] {dag.py:3340} INFO - Setting next_dagrun for example_xcom_args to None, run_after=None
[2025-02-13T17:37:37.948+0000] {logging_mixin.py:137} INFO - [2025-02-13T17:37:37.947+0000] {dag.py:3340} INFO - Setting next_dagrun for example_xcom_args_with_operators to None, run_after=None
[2025-02-13T17:37:37.989+0000] {processor.py:176} INFO - Processing /home/airflow/.local/lib/python3.7/site-packages/airflow/example_dags/example_xcomargs.py took 0.277 seconds
[2025-02-13T17:38:08.311+0000] {processor.py:154} INFO - Started process (PID=4729) to work on /home/airflow/.local/lib/python3.7/site-packages/airflow/example_dags/example_xcomargs.py
[2025-02-13T17:38:08.313+0000] {processor.py:756} INFO - Processing file /home/airflow/.local/lib/python3.7/site-packages/airflow/example_dags/example_xcomargs.py for tasks to queue
[2025-02-13T17:38:08.315+0000] {logging_mixin.py:137} INFO - [2025-02-13T17:38:08.314+0000] {dagbag.py:537} INFO - Filling up the DagBag from /home/airflow/.local/lib/python3.7/site-packages/airflow/example_dags/example_xcomargs.py
[2025-02-13T17:38:08.358+0000] {processor.py:766} INFO - DAG(s) dict_keys(['example_xcom_args_with_operators', 'example_xcom_args']) retrieved from /home/airflow/.local/lib/python3.7/site-packages/airflow/example_dags/example_xcomargs.py
[2025-02-13T17:38:08.441+0000] {logging_mixin.py:137} INFO - [2025-02-13T17:38:08.441+0000] {dag.py:2585} INFO - Sync 2 DAGs
[2025-02-13T17:38:08.489+0000] {logging_mixin.py:137} INFO - [2025-02-13T17:38:08.488+0000] {dag.py:3340} INFO - Setting next_dagrun for example_xcom_args to None, run_after=None
[2025-02-13T17:38:08.497+0000] {logging_mixin.py:137} INFO - [2025-02-13T17:38:08.497+0000] {dag.py:3340} INFO - Setting next_dagrun for example_xcom_args_with_operators to None, run_after=None
[2025-02-13T17:38:08.535+0000] {processor.py:176} INFO - Processing /home/airflow/.local/lib/python3.7/site-packages/airflow/example_dags/example_xcomargs.py took 0.231 seconds
[2025-02-13T17:38:39.184+0000] {processor.py:154} INFO - Started process (PID=4909) to work on /home/airflow/.local/lib/python3.7/site-packages/airflow/example_dags/example_xcomargs.py
[2025-02-13T17:38:39.187+0000] {processor.py:756} INFO - Processing file /home/airflow/.local/lib/python3.7/site-packages/airflow/example_dags/example_xcomargs.py for tasks to queue
[2025-02-13T17:38:39.191+0000] {logging_mixin.py:137} INFO - [2025-02-13T17:38:39.190+0000] {dagbag.py:537} INFO - Filling up the DagBag from /home/airflow/.local/lib/python3.7/site-packages/airflow/example_dags/example_xcomargs.py
[2025-02-13T17:38:39.248+0000] {processor.py:766} INFO - DAG(s) dict_keys(['example_xcom_args', 'example_xcom_args_with_operators']) retrieved from /home/airflow/.local/lib/python3.7/site-packages/airflow/example_dags/example_xcomargs.py
[2025-02-13T17:38:39.322+0000] {logging_mixin.py:137} INFO - [2025-02-13T17:38:39.322+0000] {dag.py:2585} INFO - Sync 2 DAGs
[2025-02-13T17:38:39.367+0000] {logging_mixin.py:137} INFO - [2025-02-13T17:38:39.367+0000] {dag.py:3340} INFO - Setting next_dagrun for example_xcom_args to None, run_after=None
[2025-02-13T17:38:39.374+0000] {logging_mixin.py:137} INFO - [2025-02-13T17:38:39.374+0000] {dag.py:3340} INFO - Setting next_dagrun for example_xcom_args_with_operators to None, run_after=None
[2025-02-13T17:38:39.415+0000] {processor.py:176} INFO - Processing /home/airflow/.local/lib/python3.7/site-packages/airflow/example_dags/example_xcomargs.py took 0.238 seconds
[2025-02-13T17:39:39.202+0000] {processor.py:154} INFO - Started process (PID=5089) to work on /home/airflow/.local/lib/python3.7/site-packages/airflow/example_dags/example_xcomargs.py
[2025-02-13T17:39:39.204+0000] {processor.py:756} INFO - Processing file /home/airflow/.local/lib/python3.7/site-packages/airflow/example_dags/example_xcomargs.py for tasks to queue
[2025-02-13T17:39:39.206+0000] {logging_mixin.py:137} INFO - [2025-02-13T17:39:39.206+0000] {dagbag.py:537} INFO - Filling up the DagBag from /home/airflow/.local/lib/python3.7/site-packages/airflow/example_dags/example_xcomargs.py
[2025-02-13T17:39:39.249+0000] {processor.py:766} INFO - DAG(s) dict_keys(['example_xcom_args_with_operators', 'example_xcom_args']) retrieved from /home/airflow/.local/lib/python3.7/site-packages/airflow/example_dags/example_xcomargs.py
[2025-02-13T17:39:39.365+0000] {logging_mixin.py:137} INFO - [2025-02-13T17:39:39.364+0000] {dag.py:2585} INFO - Sync 2 DAGs
[2025-02-13T17:39:39.527+0000] {logging_mixin.py:137} INFO - [2025-02-13T17:39:39.526+0000] {dag.py:3340} INFO - Setting next_dagrun for example_xcom_args to None, run_after=None
[2025-02-13T17:39:39.559+0000] {logging_mixin.py:137} INFO - [2025-02-13T17:39:39.559+0000] {dag.py:3340} INFO - Setting next_dagrun for example_xcom_args_with_operators to None, run_after=None
[2025-02-13T17:39:39.654+0000] {processor.py:176} INFO - Processing /home/airflow/.local/lib/python3.7/site-packages/airflow/example_dags/example_xcomargs.py took 0.457 seconds
[2025-02-13T17:40:10.485+0000] {processor.py:154} INFO - Started process (PID=5269) to work on /home/airflow/.local/lib/python3.7/site-packages/airflow/example_dags/example_xcomargs.py
[2025-02-13T17:40:10.487+0000] {processor.py:756} INFO - Processing file /home/airflow/.local/lib/python3.7/site-packages/airflow/example_dags/example_xcomargs.py for tasks to queue
[2025-02-13T17:40:10.489+0000] {logging_mixin.py:137} INFO - [2025-02-13T17:40:10.489+0000] {dagbag.py:537} INFO - Filling up the DagBag from /home/airflow/.local/lib/python3.7/site-packages/airflow/example_dags/example_xcomargs.py
[2025-02-13T17:40:10.525+0000] {processor.py:766} INFO - DAG(s) dict_keys(['example_xcom_args', 'example_xcom_args_with_operators']) retrieved from /home/airflow/.local/lib/python3.7/site-packages/airflow/example_dags/example_xcomargs.py
[2025-02-13T17:40:10.608+0000] {logging_mixin.py:137} INFO - [2025-02-13T17:40:10.608+0000] {dag.py:2585} INFO - Sync 2 DAGs
[2025-02-13T17:40:10.673+0000] {logging_mixin.py:137} INFO - [2025-02-13T17:40:10.673+0000] {dag.py:3340} INFO - Setting next_dagrun for example_xcom_args to None, run_after=None
[2025-02-13T17:40:10.680+0000] {logging_mixin.py:137} INFO - [2025-02-13T17:40:10.680+0000] {dag.py:3340} INFO - Setting next_dagrun for example_xcom_args_with_operators to None, run_after=None
[2025-02-13T17:40:10.719+0000] {processor.py:176} INFO - Processing /home/airflow/.local/lib/python3.7/site-packages/airflow/example_dags/example_xcomargs.py took 0.239 seconds
[2025-02-13T17:40:40.938+0000] {processor.py:154} INFO - Started process (PID=5451) to work on /home/airflow/.local/lib/python3.7/site-packages/airflow/example_dags/example_xcomargs.py
[2025-02-13T17:40:40.939+0000] {processor.py:756} INFO - Processing file /home/airflow/.local/lib/python3.7/site-packages/airflow/example_dags/example_xcomargs.py for tasks to queue
[2025-02-13T17:40:40.940+0000] {logging_mixin.py:137} INFO - [2025-02-13T17:40:40.940+0000] {dagbag.py:537} INFO - Filling up the DagBag from /home/airflow/.local/lib/python3.7/site-packages/airflow/example_dags/example_xcomargs.py
[2025-02-13T17:40:40.964+0000] {processor.py:766} INFO - DAG(s) dict_keys(['example_xcom_args_with_operators', 'example_xcom_args']) retrieved from /home/airflow/.local/lib/python3.7/site-packages/airflow/example_dags/example_xcomargs.py
[2025-02-13T17:40:41.069+0000] {logging_mixin.py:137} INFO - [2025-02-13T17:40:41.068+0000] {dag.py:2585} INFO - Sync 2 DAGs
[2025-02-13T17:40:41.148+0000] {logging_mixin.py:137} INFO - [2025-02-13T17:40:41.148+0000] {dag.py:3340} INFO - Setting next_dagrun for example_xcom_args to None, run_after=None
[2025-02-13T17:40:41.162+0000] {logging_mixin.py:137} INFO - [2025-02-13T17:40:41.162+0000] {dag.py:3340} INFO - Setting next_dagrun for example_xcom_args_with_operators to None, run_after=None
[2025-02-13T17:40:41.225+0000] {processor.py:176} INFO - Processing /home/airflow/.local/lib/python3.7/site-packages/airflow/example_dags/example_xcomargs.py took 0.292 seconds
[2025-02-13T17:41:12.513+0000] {processor.py:154} INFO - Started process (PID=5629) to work on /home/airflow/.local/lib/python3.7/site-packages/airflow/example_dags/example_xcomargs.py
[2025-02-13T17:41:12.516+0000] {processor.py:756} INFO - Processing file /home/airflow/.local/lib/python3.7/site-packages/airflow/example_dags/example_xcomargs.py for tasks to queue
[2025-02-13T17:41:12.519+0000] {logging_mixin.py:137} INFO - [2025-02-13T17:41:12.519+0000] {dagbag.py:537} INFO - Filling up the DagBag from /home/airflow/.local/lib/python3.7/site-packages/airflow/example_dags/example_xcomargs.py
[2025-02-13T17:41:12.565+0000] {processor.py:766} INFO - DAG(s) dict_keys(['example_xcom_args_with_operators', 'example_xcom_args']) retrieved from /home/airflow/.local/lib/python3.7/site-packages/airflow/example_dags/example_xcomargs.py
[2025-02-13T17:41:12.642+0000] {logging_mixin.py:137} INFO - [2025-02-13T17:41:12.641+0000] {dag.py:2585} INFO - Sync 2 DAGs
[2025-02-13T17:41:12.696+0000] {logging_mixin.py:137} INFO - [2025-02-13T17:41:12.696+0000] {dag.py:3340} INFO - Setting next_dagrun for example_xcom_args to None, run_after=None
[2025-02-13T17:41:12.705+0000] {logging_mixin.py:137} INFO - [2025-02-13T17:41:12.705+0000] {dag.py:3340} INFO - Setting next_dagrun for example_xcom_args_with_operators to None, run_after=None
[2025-02-13T17:41:12.747+0000] {processor.py:176} INFO - Processing /home/airflow/.local/lib/python3.7/site-packages/airflow/example_dags/example_xcomargs.py took 0.240 seconds
[2025-02-13T17:41:42.855+0000] {processor.py:154} INFO - Started process (PID=5809) to work on /home/airflow/.local/lib/python3.7/site-packages/airflow/example_dags/example_xcomargs.py
[2025-02-13T17:41:42.857+0000] {processor.py:756} INFO - Processing file /home/airflow/.local/lib/python3.7/site-packages/airflow/example_dags/example_xcomargs.py for tasks to queue
[2025-02-13T17:41:42.859+0000] {logging_mixin.py:137} INFO - [2025-02-13T17:41:42.858+0000] {dagbag.py:537} INFO - Filling up the DagBag from /home/airflow/.local/lib/python3.7/site-packages/airflow/example_dags/example_xcomargs.py
[2025-02-13T17:41:42.888+0000] {processor.py:766} INFO - DAG(s) dict_keys(['example_xcom_args', 'example_xcom_args_with_operators']) retrieved from /home/airflow/.local/lib/python3.7/site-packages/airflow/example_dags/example_xcomargs.py
[2025-02-13T17:41:42.936+0000] {logging_mixin.py:137} INFO - [2025-02-13T17:41:42.936+0000] {dag.py:2585} INFO - Sync 2 DAGs
[2025-02-13T17:41:42.985+0000] {logging_mixin.py:137} INFO - [2025-02-13T17:41:42.984+0000] {dag.py:3340} INFO - Setting next_dagrun for example_xcom_args to None, run_after=None
[2025-02-13T17:41:42.992+0000] {logging_mixin.py:137} INFO - [2025-02-13T17:41:42.991+0000] {dag.py:3340} INFO - Setting next_dagrun for example_xcom_args_with_operators to None, run_after=None
[2025-02-13T17:41:43.027+0000] {processor.py:176} INFO - Processing /home/airflow/.local/lib/python3.7/site-packages/airflow/example_dags/example_xcomargs.py took 0.176 seconds
[2025-02-13T17:42:13.504+0000] {processor.py:154} INFO - Started process (PID=5989) to work on /home/airflow/.local/lib/python3.7/site-packages/airflow/example_dags/example_xcomargs.py
[2025-02-13T17:42:13.506+0000] {processor.py:756} INFO - Processing file /home/airflow/.local/lib/python3.7/site-packages/airflow/example_dags/example_xcomargs.py for tasks to queue
[2025-02-13T17:42:13.508+0000] {logging_mixin.py:137} INFO - [2025-02-13T17:42:13.507+0000] {dagbag.py:537} INFO - Filling up the DagBag from /home/airflow/.local/lib/python3.7/site-packages/airflow/example_dags/example_xcomargs.py
[2025-02-13T17:42:13.538+0000] {processor.py:766} INFO - DAG(s) dict_keys(['example_xcom_args_with_operators', 'example_xcom_args']) retrieved from /home/airflow/.local/lib/python3.7/site-packages/airflow/example_dags/example_xcomargs.py
[2025-02-13T17:42:13.599+0000] {logging_mixin.py:137} INFO - [2025-02-13T17:42:13.598+0000] {dag.py:2585} INFO - Sync 2 DAGs
[2025-02-13T17:42:13.641+0000] {logging_mixin.py:137} INFO - [2025-02-13T17:42:13.641+0000] {dag.py:3340} INFO - Setting next_dagrun for example_xcom_args to None, run_after=None
[2025-02-13T17:42:13.647+0000] {logging_mixin.py:137} INFO - [2025-02-13T17:42:13.647+0000] {dag.py:3340} INFO - Setting next_dagrun for example_xcom_args_with_operators to None, run_after=None
[2025-02-13T17:42:13.687+0000] {processor.py:176} INFO - Processing /home/airflow/.local/lib/python3.7/site-packages/airflow/example_dags/example_xcomargs.py took 0.187 seconds
[2025-02-13T17:42:43.938+0000] {processor.py:154} INFO - Started process (PID=6171) to work on /home/airflow/.local/lib/python3.7/site-packages/airflow/example_dags/example_xcomargs.py
[2025-02-13T17:42:43.940+0000] {processor.py:756} INFO - Processing file /home/airflow/.local/lib/python3.7/site-packages/airflow/example_dags/example_xcomargs.py for tasks to queue
[2025-02-13T17:42:43.942+0000] {logging_mixin.py:137} INFO - [2025-02-13T17:42:43.941+0000] {dagbag.py:537} INFO - Filling up the DagBag from /home/airflow/.local/lib/python3.7/site-packages/airflow/example_dags/example_xcomargs.py
[2025-02-13T17:42:43.976+0000] {processor.py:766} INFO - DAG(s) dict_keys(['example_xcom_args_with_operators', 'example_xcom_args']) retrieved from /home/airflow/.local/lib/python3.7/site-packages/airflow/example_dags/example_xcomargs.py
[2025-02-13T17:42:44.036+0000] {logging_mixin.py:137} INFO - [2025-02-13T17:42:44.036+0000] {dag.py:2585} INFO - Sync 2 DAGs
[2025-02-13T17:42:44.078+0000] {logging_mixin.py:137} INFO - [2025-02-13T17:42:44.076+0000] {dag.py:3340} INFO - Setting next_dagrun for example_xcom_args to None, run_after=None
[2025-02-13T17:42:44.083+0000] {logging_mixin.py:137} INFO - [2025-02-13T17:42:44.083+0000] {dag.py:3340} INFO - Setting next_dagrun for example_xcom_args_with_operators to None, run_after=None
[2025-02-13T17:42:44.111+0000] {processor.py:176} INFO - Processing /home/airflow/.local/lib/python3.7/site-packages/airflow/example_dags/example_xcomargs.py took 0.176 seconds
[2025-02-13T17:43:14.582+0000] {processor.py:154} INFO - Started process (PID=6349) to work on /home/airflow/.local/lib/python3.7/site-packages/airflow/example_dags/example_xcomargs.py
[2025-02-13T17:43:14.584+0000] {processor.py:756} INFO - Processing file /home/airflow/.local/lib/python3.7/site-packages/airflow/example_dags/example_xcomargs.py for tasks to queue
[2025-02-13T17:43:14.586+0000] {logging_mixin.py:137} INFO - [2025-02-13T17:43:14.586+0000] {dagbag.py:537} INFO - Filling up the DagBag from /home/airflow/.local/lib/python3.7/site-packages/airflow/example_dags/example_xcomargs.py
[2025-02-13T17:43:14.623+0000] {processor.py:766} INFO - DAG(s) dict_keys(['example_xcom_args_with_operators', 'example_xcom_args']) retrieved from /home/airflow/.local/lib/python3.7/site-packages/airflow/example_dags/example_xcomargs.py
[2025-02-13T17:43:14.705+0000] {logging_mixin.py:137} INFO - [2025-02-13T17:43:14.705+0000] {dag.py:2585} INFO - Sync 2 DAGs
[2025-02-13T17:43:14.749+0000] {logging_mixin.py:137} INFO - [2025-02-13T17:43:14.748+0000] {dag.py:3340} INFO - Setting next_dagrun for example_xcom_args to None, run_after=None
[2025-02-13T17:43:14.756+0000] {logging_mixin.py:137} INFO - [2025-02-13T17:43:14.756+0000] {dag.py:3340} INFO - Setting next_dagrun for example_xcom_args_with_operators to None, run_after=None
[2025-02-13T17:43:14.791+0000] {processor.py:176} INFO - Processing /home/airflow/.local/lib/python3.7/site-packages/airflow/example_dags/example_xcomargs.py took 0.214 seconds
[2025-02-13T17:43:45.180+0000] {processor.py:154} INFO - Started process (PID=6529) to work on /home/airflow/.local/lib/python3.7/site-packages/airflow/example_dags/example_xcomargs.py
[2025-02-13T17:43:45.182+0000] {processor.py:756} INFO - Processing file /home/airflow/.local/lib/python3.7/site-packages/airflow/example_dags/example_xcomargs.py for tasks to queue
[2025-02-13T17:43:45.184+0000] {logging_mixin.py:137} INFO - [2025-02-13T17:43:45.184+0000] {dagbag.py:537} INFO - Filling up the DagBag from /home/airflow/.local/lib/python3.7/site-packages/airflow/example_dags/example_xcomargs.py
[2025-02-13T17:43:45.229+0000] {processor.py:766} INFO - DAG(s) dict_keys(['example_xcom_args_with_operators', 'example_xcom_args']) retrieved from /home/airflow/.local/lib/python3.7/site-packages/airflow/example_dags/example_xcomargs.py
[2025-02-13T17:43:45.306+0000] {logging_mixin.py:137} INFO - [2025-02-13T17:43:45.306+0000] {dag.py:2585} INFO - Sync 2 DAGs
[2025-02-13T17:43:45.347+0000] {logging_mixin.py:137} INFO - [2025-02-13T17:43:45.347+0000] {dag.py:3340} INFO - Setting next_dagrun for example_xcom_args to None, run_after=None
[2025-02-13T17:43:45.355+0000] {logging_mixin.py:137} INFO - [2025-02-13T17:43:45.355+0000] {dag.py:3340} INFO - Setting next_dagrun for example_xcom_args_with_operators to None, run_after=None
[2025-02-13T17:43:45.385+0000] {processor.py:176} INFO - Processing /home/airflow/.local/lib/python3.7/site-packages/airflow/example_dags/example_xcomargs.py took 0.211 seconds
[2025-02-13T17:44:15.761+0000] {processor.py:154} INFO - Started process (PID=6709) to work on /home/airflow/.local/lib/python3.7/site-packages/airflow/example_dags/example_xcomargs.py
[2025-02-13T17:44:15.763+0000] {processor.py:756} INFO - Processing file /home/airflow/.local/lib/python3.7/site-packages/airflow/example_dags/example_xcomargs.py for tasks to queue
[2025-02-13T17:44:15.765+0000] {logging_mixin.py:137} INFO - [2025-02-13T17:44:15.764+0000] {dagbag.py:537} INFO - Filling up the DagBag from /home/airflow/.local/lib/python3.7/site-packages/airflow/example_dags/example_xcomargs.py
[2025-02-13T17:44:15.802+0000] {processor.py:766} INFO - DAG(s) dict_keys(['example_xcom_args_with_operators', 'example_xcom_args']) retrieved from /home/airflow/.local/lib/python3.7/site-packages/airflow/example_dags/example_xcomargs.py
[2025-02-13T17:44:15.881+0000] {logging_mixin.py:137} INFO - [2025-02-13T17:44:15.880+0000] {dag.py:2585} INFO - Sync 2 DAGs
[2025-02-13T17:44:15.925+0000] {logging_mixin.py:137} INFO - [2025-02-13T17:44:15.925+0000] {dag.py:3340} INFO - Setting next_dagrun for example_xcom_args to None, run_after=None
[2025-02-13T17:44:15.933+0000] {logging_mixin.py:137} INFO - [2025-02-13T17:44:15.933+0000] {dag.py:3340} INFO - Setting next_dagrun for example_xcom_args_with_operators to None, run_after=None
[2025-02-13T17:44:15.969+0000] {processor.py:176} INFO - Processing /home/airflow/.local/lib/python3.7/site-packages/airflow/example_dags/example_xcomargs.py took 0.214 seconds
[2025-02-13T17:44:46.764+0000] {processor.py:154} INFO - Started process (PID=6889) to work on /home/airflow/.local/lib/python3.7/site-packages/airflow/example_dags/example_xcomargs.py
[2025-02-13T17:44:46.766+0000] {processor.py:756} INFO - Processing file /home/airflow/.local/lib/python3.7/site-packages/airflow/example_dags/example_xcomargs.py for tasks to queue
[2025-02-13T17:44:46.768+0000] {logging_mixin.py:137} INFO - [2025-02-13T17:44:46.768+0000] {dagbag.py:537} INFO - Filling up the DagBag from /home/airflow/.local/lib/python3.7/site-packages/airflow/example_dags/example_xcomargs.py
[2025-02-13T17:44:46.815+0000] {processor.py:766} INFO - DAG(s) dict_keys(['example_xcom_args_with_operators', 'example_xcom_args']) retrieved from /home/airflow/.local/lib/python3.7/site-packages/airflow/example_dags/example_xcomargs.py
[2025-02-13T17:44:46.906+0000] {logging_mixin.py:137} INFO - [2025-02-13T17:44:46.906+0000] {dag.py:2585} INFO - Sync 2 DAGs
[2025-02-13T17:44:46.986+0000] {logging_mixin.py:137} INFO - [2025-02-13T17:44:46.986+0000] {dag.py:3340} INFO - Setting next_dagrun for example_xcom_args to None, run_after=None
[2025-02-13T17:44:46.999+0000] {logging_mixin.py:137} INFO - [2025-02-13T17:44:46.999+0000] {dag.py:3340} INFO - Setting next_dagrun for example_xcom_args_with_operators to None, run_after=None
[2025-02-13T17:44:47.098+0000] {processor.py:176} INFO - Processing /home/airflow/.local/lib/python3.7/site-packages/airflow/example_dags/example_xcomargs.py took 0.342 seconds
[2025-02-13T17:45:17.389+0000] {processor.py:154} INFO - Started process (PID=7071) to work on /home/airflow/.local/lib/python3.7/site-packages/airflow/example_dags/example_xcomargs.py
[2025-02-13T17:45:17.391+0000] {processor.py:756} INFO - Processing file /home/airflow/.local/lib/python3.7/site-packages/airflow/example_dags/example_xcomargs.py for tasks to queue
[2025-02-13T17:45:17.393+0000] {logging_mixin.py:137} INFO - [2025-02-13T17:45:17.393+0000] {dagbag.py:537} INFO - Filling up the DagBag from /home/airflow/.local/lib/python3.7/site-packages/airflow/example_dags/example_xcomargs.py
[2025-02-13T17:45:17.423+0000] {processor.py:766} INFO - DAG(s) dict_keys(['example_xcom_args', 'example_xcom_args_with_operators']) retrieved from /home/airflow/.local/lib/python3.7/site-packages/airflow/example_dags/example_xcomargs.py
[2025-02-13T17:45:17.485+0000] {logging_mixin.py:137} INFO - [2025-02-13T17:45:17.484+0000] {dag.py:2585} INFO - Sync 2 DAGs
[2025-02-13T17:45:17.523+0000] {logging_mixin.py:137} INFO - [2025-02-13T17:45:17.523+0000] {dag.py:3340} INFO - Setting next_dagrun for example_xcom_args to None, run_after=None
[2025-02-13T17:45:17.528+0000] {logging_mixin.py:137} INFO - [2025-02-13T17:45:17.528+0000] {dag.py:3340} INFO - Setting next_dagrun for example_xcom_args_with_operators to None, run_after=None
[2025-02-13T17:45:17.560+0000] {processor.py:176} INFO - Processing /home/airflow/.local/lib/python3.7/site-packages/airflow/example_dags/example_xcomargs.py took 0.176 seconds
[2025-02-13T17:45:47.872+0000] {processor.py:154} INFO - Started process (PID=7249) to work on /home/airflow/.local/lib/python3.7/site-packages/airflow/example_dags/example_xcomargs.py
[2025-02-13T17:45:47.874+0000] {processor.py:756} INFO - Processing file /home/airflow/.local/lib/python3.7/site-packages/airflow/example_dags/example_xcomargs.py for tasks to queue
[2025-02-13T17:45:47.876+0000] {logging_mixin.py:137} INFO - [2025-02-13T17:45:47.875+0000] {dagbag.py:537} INFO - Filling up the DagBag from /home/airflow/.local/lib/python3.7/site-packages/airflow/example_dags/example_xcomargs.py
[2025-02-13T17:45:47.923+0000] {processor.py:766} INFO - DAG(s) dict_keys(['example_xcom_args', 'example_xcom_args_with_operators']) retrieved from /home/airflow/.local/lib/python3.7/site-packages/airflow/example_dags/example_xcomargs.py
[2025-02-13T17:45:47.994+0000] {logging_mixin.py:137} INFO - [2025-02-13T17:45:47.993+0000] {dag.py:2585} INFO - Sync 2 DAGs
[2025-02-13T17:45:48.037+0000] {logging_mixin.py:137} INFO - [2025-02-13T17:45:48.037+0000] {dag.py:3340} INFO - Setting next_dagrun for example_xcom_args to None, run_after=None
[2025-02-13T17:45:48.043+0000] {logging_mixin.py:137} INFO - [2025-02-13T17:45:48.043+0000] {dag.py:3340} INFO - Setting next_dagrun for example_xcom_args_with_operators to None, run_after=None
[2025-02-13T17:45:48.089+0000] {processor.py:176} INFO - Processing /home/airflow/.local/lib/python3.7/site-packages/airflow/example_dags/example_xcomargs.py took 0.222 seconds
[2025-02-13T17:47:35.824+0000] {processor.py:154} INFO - Started process (PID=226) to work on /home/airflow/.local/lib/python3.7/site-packages/airflow/example_dags/example_xcomargs.py
[2025-02-13T17:47:35.826+0000] {processor.py:756} INFO - Processing file /home/airflow/.local/lib/python3.7/site-packages/airflow/example_dags/example_xcomargs.py for tasks to queue
[2025-02-13T17:47:35.829+0000] {logging_mixin.py:137} INFO - [2025-02-13T17:47:35.828+0000] {dagbag.py:537} INFO - Filling up the DagBag from /home/airflow/.local/lib/python3.7/site-packages/airflow/example_dags/example_xcomargs.py
[2025-02-13T17:47:35.883+0000] {processor.py:766} INFO - DAG(s) dict_keys(['example_xcom_args', 'example_xcom_args_with_operators']) retrieved from /home/airflow/.local/lib/python3.7/site-packages/airflow/example_dags/example_xcomargs.py
[2025-02-13T17:47:35.976+0000] {logging_mixin.py:137} INFO - [2025-02-13T17:47:35.976+0000] {dag.py:2585} INFO - Sync 2 DAGs
[2025-02-13T17:47:36.060+0000] {logging_mixin.py:137} INFO - [2025-02-13T17:47:36.060+0000] {dag.py:3340} INFO - Setting next_dagrun for example_xcom_args to None, run_after=None
[2025-02-13T17:47:36.076+0000] {logging_mixin.py:137} INFO - [2025-02-13T17:47:36.076+0000] {dag.py:3340} INFO - Setting next_dagrun for example_xcom_args_with_operators to None, run_after=None
[2025-02-13T17:47:36.133+0000] {processor.py:176} INFO - Processing /home/airflow/.local/lib/python3.7/site-packages/airflow/example_dags/example_xcomargs.py took 0.313 seconds
[2025-02-13T17:48:06.216+0000] {processor.py:154} INFO - Started process (PID=406) to work on /home/airflow/.local/lib/python3.7/site-packages/airflow/example_dags/example_xcomargs.py
[2025-02-13T17:48:06.217+0000] {processor.py:756} INFO - Processing file /home/airflow/.local/lib/python3.7/site-packages/airflow/example_dags/example_xcomargs.py for tasks to queue
[2025-02-13T17:48:06.219+0000] {logging_mixin.py:137} INFO - [2025-02-13T17:48:06.219+0000] {dagbag.py:537} INFO - Filling up the DagBag from /home/airflow/.local/lib/python3.7/site-packages/airflow/example_dags/example_xcomargs.py
[2025-02-13T17:48:06.290+0000] {processor.py:766} INFO - DAG(s) dict_keys(['example_xcom_args_with_operators', 'example_xcom_args']) retrieved from /home/airflow/.local/lib/python3.7/site-packages/airflow/example_dags/example_xcomargs.py
[2025-02-13T17:48:06.336+0000] {logging_mixin.py:137} INFO - [2025-02-13T17:48:06.336+0000] {dag.py:2585} INFO - Sync 2 DAGs
[2025-02-13T17:48:06.392+0000] {logging_mixin.py:137} INFO - [2025-02-13T17:48:06.391+0000] {dag.py:3340} INFO - Setting next_dagrun for example_xcom_args to None, run_after=None
[2025-02-13T17:48:06.403+0000] {logging_mixin.py:137} INFO - [2025-02-13T17:48:06.403+0000] {dag.py:3340} INFO - Setting next_dagrun for example_xcom_args_with_operators to None, run_after=None
[2025-02-13T17:48:06.449+0000] {processor.py:176} INFO - Processing /home/airflow/.local/lib/python3.7/site-packages/airflow/example_dags/example_xcomargs.py took 0.237 seconds
[2025-02-13T17:48:36.908+0000] {processor.py:154} INFO - Started process (PID=587) to work on /home/airflow/.local/lib/python3.7/site-packages/airflow/example_dags/example_xcomargs.py
[2025-02-13T17:48:36.910+0000] {processor.py:756} INFO - Processing file /home/airflow/.local/lib/python3.7/site-packages/airflow/example_dags/example_xcomargs.py for tasks to queue
[2025-02-13T17:48:36.912+0000] {logging_mixin.py:137} INFO - [2025-02-13T17:48:36.912+0000] {dagbag.py:537} INFO - Filling up the DagBag from /home/airflow/.local/lib/python3.7/site-packages/airflow/example_dags/example_xcomargs.py
[2025-02-13T17:48:36.946+0000] {processor.py:766} INFO - DAG(s) dict_keys(['example_xcom_args_with_operators', 'example_xcom_args']) retrieved from /home/airflow/.local/lib/python3.7/site-packages/airflow/example_dags/example_xcomargs.py
[2025-02-13T17:48:37.044+0000] {logging_mixin.py:137} INFO - [2025-02-13T17:48:37.044+0000] {dag.py:2585} INFO - Sync 2 DAGs
[2025-02-13T17:48:37.085+0000] {logging_mixin.py:137} INFO - [2025-02-13T17:48:37.084+0000] {dag.py:3340} INFO - Setting next_dagrun for example_xcom_args to None, run_after=None
[2025-02-13T17:48:37.091+0000] {logging_mixin.py:137} INFO - [2025-02-13T17:48:37.091+0000] {dag.py:3340} INFO - Setting next_dagrun for example_xcom_args_with_operators to None, run_after=None
[2025-02-13T17:48:37.128+0000] {processor.py:176} INFO - Processing /home/airflow/.local/lib/python3.7/site-packages/airflow/example_dags/example_xcomargs.py took 0.224 seconds
[2025-02-13T17:49:07.240+0000] {processor.py:154} INFO - Started process (PID=767) to work on /home/airflow/.local/lib/python3.7/site-packages/airflow/example_dags/example_xcomargs.py
[2025-02-13T17:49:07.243+0000] {processor.py:756} INFO - Processing file /home/airflow/.local/lib/python3.7/site-packages/airflow/example_dags/example_xcomargs.py for tasks to queue
[2025-02-13T17:49:07.244+0000] {logging_mixin.py:137} INFO - [2025-02-13T17:49:07.244+0000] {dagbag.py:537} INFO - Filling up the DagBag from /home/airflow/.local/lib/python3.7/site-packages/airflow/example_dags/example_xcomargs.py
[2025-02-13T17:49:07.275+0000] {processor.py:766} INFO - DAG(s) dict_keys(['example_xcom_args', 'example_xcom_args_with_operators']) retrieved from /home/airflow/.local/lib/python3.7/site-packages/airflow/example_dags/example_xcomargs.py
[2025-02-13T17:49:07.339+0000] {logging_mixin.py:137} INFO - [2025-02-13T17:49:07.339+0000] {dag.py:2585} INFO - Sync 2 DAGs
[2025-02-13T17:49:07.374+0000] {logging_mixin.py:137} INFO - [2025-02-13T17:49:07.374+0000] {dag.py:3340} INFO - Setting next_dagrun for example_xcom_args to None, run_after=None
[2025-02-13T17:49:07.380+0000] {logging_mixin.py:137} INFO - [2025-02-13T17:49:07.379+0000] {dag.py:3340} INFO - Setting next_dagrun for example_xcom_args_with_operators to None, run_after=None
[2025-02-13T17:49:07.407+0000] {processor.py:176} INFO - Processing /home/airflow/.local/lib/python3.7/site-packages/airflow/example_dags/example_xcomargs.py took 0.172 seconds
[2025-02-13T17:49:38.598+0000] {processor.py:154} INFO - Started process (PID=949) to work on /home/airflow/.local/lib/python3.7/site-packages/airflow/example_dags/example_xcomargs.py
[2025-02-13T17:49:38.600+0000] {processor.py:756} INFO - Processing file /home/airflow/.local/lib/python3.7/site-packages/airflow/example_dags/example_xcomargs.py for tasks to queue
[2025-02-13T17:49:38.603+0000] {logging_mixin.py:137} INFO - [2025-02-13T17:49:38.602+0000] {dagbag.py:537} INFO - Filling up the DagBag from /home/airflow/.local/lib/python3.7/site-packages/airflow/example_dags/example_xcomargs.py
[2025-02-13T17:49:38.635+0000] {processor.py:766} INFO - DAG(s) dict_keys(['example_xcom_args', 'example_xcom_args_with_operators']) retrieved from /home/airflow/.local/lib/python3.7/site-packages/airflow/example_dags/example_xcomargs.py
[2025-02-13T17:49:38.705+0000] {logging_mixin.py:137} INFO - [2025-02-13T17:49:38.705+0000] {dag.py:2585} INFO - Sync 2 DAGs
[2025-02-13T17:49:38.746+0000] {logging_mixin.py:137} INFO - [2025-02-13T17:49:38.746+0000] {dag.py:3340} INFO - Setting next_dagrun for example_xcom_args to None, run_after=None
[2025-02-13T17:49:38.755+0000] {logging_mixin.py:137} INFO - [2025-02-13T17:49:38.755+0000] {dag.py:3340} INFO - Setting next_dagrun for example_xcom_args_with_operators to None, run_after=None
[2025-02-13T17:49:38.784+0000] {processor.py:176} INFO - Processing /home/airflow/.local/lib/python3.7/site-packages/airflow/example_dags/example_xcomargs.py took 0.190 seconds
[2025-02-13T17:50:09.636+0000] {processor.py:154} INFO - Started process (PID=1129) to work on /home/airflow/.local/lib/python3.7/site-packages/airflow/example_dags/example_xcomargs.py
[2025-02-13T17:50:09.638+0000] {processor.py:756} INFO - Processing file /home/airflow/.local/lib/python3.7/site-packages/airflow/example_dags/example_xcomargs.py for tasks to queue
[2025-02-13T17:50:09.639+0000] {logging_mixin.py:137} INFO - [2025-02-13T17:50:09.639+0000] {dagbag.py:537} INFO - Filling up the DagBag from /home/airflow/.local/lib/python3.7/site-packages/airflow/example_dags/example_xcomargs.py
[2025-02-13T17:50:09.669+0000] {processor.py:766} INFO - DAG(s) dict_keys(['example_xcom_args_with_operators', 'example_xcom_args']) retrieved from /home/airflow/.local/lib/python3.7/site-packages/airflow/example_dags/example_xcomargs.py
[2025-02-13T17:50:09.724+0000] {logging_mixin.py:137} INFO - [2025-02-13T17:50:09.724+0000] {dag.py:2585} INFO - Sync 2 DAGs
[2025-02-13T17:50:09.758+0000] {logging_mixin.py:137} INFO - [2025-02-13T17:50:09.758+0000] {dag.py:3340} INFO - Setting next_dagrun for example_xcom_args to None, run_after=None
[2025-02-13T17:50:09.763+0000] {logging_mixin.py:137} INFO - [2025-02-13T17:50:09.763+0000] {dag.py:3340} INFO - Setting next_dagrun for example_xcom_args_with_operators to None, run_after=None
[2025-02-13T17:50:09.792+0000] {processor.py:176} INFO - Processing /home/airflow/.local/lib/python3.7/site-packages/airflow/example_dags/example_xcomargs.py took 0.160 seconds
[2025-02-13T17:50:40.119+0000] {processor.py:154} INFO - Started process (PID=1309) to work on /home/airflow/.local/lib/python3.7/site-packages/airflow/example_dags/example_xcomargs.py
[2025-02-13T17:50:40.121+0000] {processor.py:756} INFO - Processing file /home/airflow/.local/lib/python3.7/site-packages/airflow/example_dags/example_xcomargs.py for tasks to queue
[2025-02-13T17:50:40.123+0000] {logging_mixin.py:137} INFO - [2025-02-13T17:50:40.123+0000] {dagbag.py:537} INFO - Filling up the DagBag from /home/airflow/.local/lib/python3.7/site-packages/airflow/example_dags/example_xcomargs.py
[2025-02-13T17:50:40.152+0000] {processor.py:766} INFO - DAG(s) dict_keys(['example_xcom_args', 'example_xcom_args_with_operators']) retrieved from /home/airflow/.local/lib/python3.7/site-packages/airflow/example_dags/example_xcomargs.py
[2025-02-13T17:50:40.215+0000] {logging_mixin.py:137} INFO - [2025-02-13T17:50:40.214+0000] {dag.py:2585} INFO - Sync 2 DAGs
[2025-02-13T17:50:40.248+0000] {logging_mixin.py:137} INFO - [2025-02-13T17:50:40.248+0000] {dag.py:3340} INFO - Setting next_dagrun for example_xcom_args to None, run_after=None
[2025-02-13T17:50:40.255+0000] {logging_mixin.py:137} INFO - [2025-02-13T17:50:40.255+0000] {dag.py:3340} INFO - Setting next_dagrun for example_xcom_args_with_operators to None, run_after=None
[2025-02-13T17:50:40.289+0000] {processor.py:176} INFO - Processing /home/airflow/.local/lib/python3.7/site-packages/airflow/example_dags/example_xcomargs.py took 0.174 seconds
[2025-02-13T17:51:11.253+0000] {processor.py:154} INFO - Started process (PID=1489) to work on /home/airflow/.local/lib/python3.7/site-packages/airflow/example_dags/example_xcomargs.py
[2025-02-13T17:51:11.254+0000] {processor.py:756} INFO - Processing file /home/airflow/.local/lib/python3.7/site-packages/airflow/example_dags/example_xcomargs.py for tasks to queue
[2025-02-13T17:51:11.256+0000] {logging_mixin.py:137} INFO - [2025-02-13T17:51:11.256+0000] {dagbag.py:537} INFO - Filling up the DagBag from /home/airflow/.local/lib/python3.7/site-packages/airflow/example_dags/example_xcomargs.py
[2025-02-13T17:51:11.284+0000] {processor.py:766} INFO - DAG(s) dict_keys(['example_xcom_args', 'example_xcom_args_with_operators']) retrieved from /home/airflow/.local/lib/python3.7/site-packages/airflow/example_dags/example_xcomargs.py
[2025-02-13T17:51:11.349+0000] {logging_mixin.py:137} INFO - [2025-02-13T17:51:11.349+0000] {dag.py:2585} INFO - Sync 2 DAGs
[2025-02-13T17:51:11.384+0000] {logging_mixin.py:137} INFO - [2025-02-13T17:51:11.384+0000] {dag.py:3340} INFO - Setting next_dagrun for example_xcom_args to None, run_after=None
[2025-02-13T17:51:11.391+0000] {logging_mixin.py:137} INFO - [2025-02-13T17:51:11.390+0000] {dag.py:3340} INFO - Setting next_dagrun for example_xcom_args_with_operators to None, run_after=None
[2025-02-13T17:51:11.421+0000] {processor.py:176} INFO - Processing /home/airflow/.local/lib/python3.7/site-packages/airflow/example_dags/example_xcomargs.py took 0.172 seconds
[2025-02-13T17:51:41.489+0000] {processor.py:154} INFO - Started process (PID=1668) to work on /home/airflow/.local/lib/python3.7/site-packages/airflow/example_dags/example_xcomargs.py
[2025-02-13T17:51:41.491+0000] {processor.py:756} INFO - Processing file /home/airflow/.local/lib/python3.7/site-packages/airflow/example_dags/example_xcomargs.py for tasks to queue
[2025-02-13T17:51:41.492+0000] {logging_mixin.py:137} INFO - [2025-02-13T17:51:41.492+0000] {dagbag.py:537} INFO - Filling up the DagBag from /home/airflow/.local/lib/python3.7/site-packages/airflow/example_dags/example_xcomargs.py
[2025-02-13T17:51:41.520+0000] {processor.py:766} INFO - DAG(s) dict_keys(['example_xcom_args_with_operators', 'example_xcom_args']) retrieved from /home/airflow/.local/lib/python3.7/site-packages/airflow/example_dags/example_xcomargs.py
[2025-02-13T17:51:41.576+0000] {logging_mixin.py:137} INFO - [2025-02-13T17:51:41.576+0000] {dag.py:2585} INFO - Sync 2 DAGs
[2025-02-13T17:51:41.611+0000] {logging_mixin.py:137} INFO - [2025-02-13T17:51:41.611+0000] {dag.py:3340} INFO - Setting next_dagrun for example_xcom_args to None, run_after=None
[2025-02-13T17:51:41.618+0000] {logging_mixin.py:137} INFO - [2025-02-13T17:51:41.618+0000] {dag.py:3340} INFO - Setting next_dagrun for example_xcom_args_with_operators to None, run_after=None
[2025-02-13T17:51:41.663+0000] {processor.py:176} INFO - Processing /home/airflow/.local/lib/python3.7/site-packages/airflow/example_dags/example_xcomargs.py took 0.180 seconds
