[2025-02-13T17:24:16.965+0000] {processor.py:154} INFO - Started process (PID=186) to work on /home/airflow/.local/lib/python3.7/site-packages/airflow/example_dags/example_branch_python_dop_operator_3.py
[2025-02-13T17:24:16.967+0000] {processor.py:756} INFO - Processing file /home/airflow/.local/lib/python3.7/site-packages/airflow/example_dags/example_branch_python_dop_operator_3.py for tasks to queue
[2025-02-13T17:24:16.970+0000] {logging_mixin.py:137} INFO - [2025-02-13T17:24:16.969+0000] {dagbag.py:537} INFO - Filling up the DagBag from /home/airflow/.local/lib/python3.7/site-packages/airflow/example_dags/example_branch_python_dop_operator_3.py
[2025-02-13T17:24:17.041+0000] {processor.py:766} INFO - DAG(s) dict_keys(['example_branch_dop_operator_v3']) retrieved from /home/airflow/.local/lib/python3.7/site-packages/airflow/example_dags/example_branch_python_dop_operator_3.py
[2025-02-13T17:24:17.614+0000] {logging_mixin.py:137} INFO - [2025-02-13T17:24:17.614+0000] {dag.py:2585} INFO - Sync 1 DAGs
[2025-02-13T17:24:17.748+0000] {logging_mixin.py:137} INFO - [2025-02-13T17:24:17.748+0000] {dag.py:3340} INFO - Setting next_dagrun for example_branch_dop_operator_v3 to 2025-02-13T17:23:00+00:00, run_after=2025-02-13T17:24:00+00:00
[2025-02-13T17:24:17.818+0000] {processor.py:176} INFO - Processing /home/airflow/.local/lib/python3.7/site-packages/airflow/example_dags/example_branch_python_dop_operator_3.py took 0.859 seconds
[2025-02-13T17:25:18.796+0000] {processor.py:154} INFO - Started process (PID=186) to work on /home/airflow/.local/lib/python3.7/site-packages/airflow/example_dags/example_branch_python_dop_operator_3.py
[2025-02-13T17:25:18.799+0000] {processor.py:756} INFO - Processing file /home/airflow/.local/lib/python3.7/site-packages/airflow/example_dags/example_branch_python_dop_operator_3.py for tasks to queue
[2025-02-13T17:25:18.802+0000] {logging_mixin.py:137} INFO - [2025-02-13T17:25:18.802+0000] {dagbag.py:537} INFO - Filling up the DagBag from /home/airflow/.local/lib/python3.7/site-packages/airflow/example_dags/example_branch_python_dop_operator_3.py
[2025-02-13T17:25:18.856+0000] {processor.py:766} INFO - DAG(s) dict_keys(['example_branch_dop_operator_v3']) retrieved from /home/airflow/.local/lib/python3.7/site-packages/airflow/example_dags/example_branch_python_dop_operator_3.py
[2025-02-13T17:25:18.969+0000] {logging_mixin.py:137} INFO - [2025-02-13T17:25:18.969+0000] {dag.py:2585} INFO - Sync 1 DAGs
[2025-02-13T17:25:19.053+0000] {logging_mixin.py:137} INFO - [2025-02-13T17:25:19.052+0000] {dag.py:3340} INFO - Setting next_dagrun for example_branch_dop_operator_v3 to 2025-02-13T17:24:00+00:00, run_after=2025-02-13T17:25:00+00:00
[2025-02-13T17:25:19.121+0000] {processor.py:176} INFO - Processing /home/airflow/.local/lib/python3.7/site-packages/airflow/example_dags/example_branch_python_dop_operator_3.py took 0.337 seconds
[2025-02-13T17:25:49.590+0000] {processor.py:154} INFO - Started process (PID=366) to work on /home/airflow/.local/lib/python3.7/site-packages/airflow/example_dags/example_branch_python_dop_operator_3.py
[2025-02-13T17:25:49.593+0000] {processor.py:756} INFO - Processing file /home/airflow/.local/lib/python3.7/site-packages/airflow/example_dags/example_branch_python_dop_operator_3.py for tasks to queue
[2025-02-13T17:25:49.595+0000] {logging_mixin.py:137} INFO - [2025-02-13T17:25:49.595+0000] {dagbag.py:537} INFO - Filling up the DagBag from /home/airflow/.local/lib/python3.7/site-packages/airflow/example_dags/example_branch_python_dop_operator_3.py
[2025-02-13T17:25:49.659+0000] {processor.py:766} INFO - DAG(s) dict_keys(['example_branch_dop_operator_v3']) retrieved from /home/airflow/.local/lib/python3.7/site-packages/airflow/example_dags/example_branch_python_dop_operator_3.py
[2025-02-13T17:25:49.777+0000] {logging_mixin.py:137} INFO - [2025-02-13T17:25:49.777+0000] {dag.py:2585} INFO - Sync 1 DAGs
[2025-02-13T17:25:49.865+0000] {logging_mixin.py:137} INFO - [2025-02-13T17:25:49.865+0000] {dag.py:3340} INFO - Setting next_dagrun for example_branch_dop_operator_v3 to 2025-02-13T17:24:00+00:00, run_after=2025-02-13T17:25:00+00:00
[2025-02-13T17:25:49.938+0000] {processor.py:176} INFO - Processing /home/airflow/.local/lib/python3.7/site-packages/airflow/example_dags/example_branch_python_dop_operator_3.py took 0.354 seconds
[2025-02-13T17:26:20.337+0000] {processor.py:154} INFO - Started process (PID=547) to work on /home/airflow/.local/lib/python3.7/site-packages/airflow/example_dags/example_branch_python_dop_operator_3.py
[2025-02-13T17:26:20.340+0000] {processor.py:756} INFO - Processing file /home/airflow/.local/lib/python3.7/site-packages/airflow/example_dags/example_branch_python_dop_operator_3.py for tasks to queue
[2025-02-13T17:26:20.343+0000] {logging_mixin.py:137} INFO - [2025-02-13T17:26:20.342+0000] {dagbag.py:537} INFO - Filling up the DagBag from /home/airflow/.local/lib/python3.7/site-packages/airflow/example_dags/example_branch_python_dop_operator_3.py
[2025-02-13T17:26:20.395+0000] {processor.py:766} INFO - DAG(s) dict_keys(['example_branch_dop_operator_v3']) retrieved from /home/airflow/.local/lib/python3.7/site-packages/airflow/example_dags/example_branch_python_dop_operator_3.py
[2025-02-13T17:26:20.502+0000] {logging_mixin.py:137} INFO - [2025-02-13T17:26:20.502+0000] {dag.py:2585} INFO - Sync 1 DAGs
[2025-02-13T17:26:20.566+0000] {logging_mixin.py:137} INFO - [2025-02-13T17:26:20.566+0000] {dag.py:3340} INFO - Setting next_dagrun for example_branch_dop_operator_v3 to 2025-02-13T17:25:00+00:00, run_after=2025-02-13T17:26:00+00:00
[2025-02-13T17:26:20.628+0000] {processor.py:176} INFO - Processing /home/airflow/.local/lib/python3.7/site-packages/airflow/example_dags/example_branch_python_dop_operator_3.py took 0.300 seconds
[2025-02-13T17:26:50.937+0000] {processor.py:154} INFO - Started process (PID=727) to work on /home/airflow/.local/lib/python3.7/site-packages/airflow/example_dags/example_branch_python_dop_operator_3.py
[2025-02-13T17:26:50.941+0000] {processor.py:756} INFO - Processing file /home/airflow/.local/lib/python3.7/site-packages/airflow/example_dags/example_branch_python_dop_operator_3.py for tasks to queue
[2025-02-13T17:26:50.944+0000] {logging_mixin.py:137} INFO - [2025-02-13T17:26:50.943+0000] {dagbag.py:537} INFO - Filling up the DagBag from /home/airflow/.local/lib/python3.7/site-packages/airflow/example_dags/example_branch_python_dop_operator_3.py
[2025-02-13T17:26:50.989+0000] {processor.py:766} INFO - DAG(s) dict_keys(['example_branch_dop_operator_v3']) retrieved from /home/airflow/.local/lib/python3.7/site-packages/airflow/example_dags/example_branch_python_dop_operator_3.py
[2025-02-13T17:26:51.029+0000] {logging_mixin.py:137} INFO - [2025-02-13T17:26:51.029+0000] {dag.py:2585} INFO - Sync 1 DAGs
[2025-02-13T17:26:51.084+0000] {logging_mixin.py:137} INFO - [2025-02-13T17:26:51.084+0000] {dag.py:3340} INFO - Setting next_dagrun for example_branch_dop_operator_v3 to 2025-02-13T17:25:00+00:00, run_after=2025-02-13T17:26:00+00:00
[2025-02-13T17:26:51.136+0000] {processor.py:176} INFO - Processing /home/airflow/.local/lib/python3.7/site-packages/airflow/example_dags/example_branch_python_dop_operator_3.py took 0.207 seconds
[2025-02-13T17:27:21.830+0000] {processor.py:154} INFO - Started process (PID=907) to work on /home/airflow/.local/lib/python3.7/site-packages/airflow/example_dags/example_branch_python_dop_operator_3.py
[2025-02-13T17:27:21.834+0000] {processor.py:756} INFO - Processing file /home/airflow/.local/lib/python3.7/site-packages/airflow/example_dags/example_branch_python_dop_operator_3.py for tasks to queue
[2025-02-13T17:27:21.838+0000] {logging_mixin.py:137} INFO - [2025-02-13T17:27:21.837+0000] {dagbag.py:537} INFO - Filling up the DagBag from /home/airflow/.local/lib/python3.7/site-packages/airflow/example_dags/example_branch_python_dop_operator_3.py
[2025-02-13T17:27:21.919+0000] {processor.py:766} INFO - DAG(s) dict_keys(['example_branch_dop_operator_v3']) retrieved from /home/airflow/.local/lib/python3.7/site-packages/airflow/example_dags/example_branch_python_dop_operator_3.py
[2025-02-13T17:27:21.999+0000] {logging_mixin.py:137} INFO - [2025-02-13T17:27:21.999+0000] {dag.py:2585} INFO - Sync 1 DAGs
[2025-02-13T17:27:22.058+0000] {logging_mixin.py:137} INFO - [2025-02-13T17:27:22.058+0000] {dag.py:3340} INFO - Setting next_dagrun for example_branch_dop_operator_v3 to 2025-02-13T17:26:00+00:00, run_after=2025-02-13T17:27:00+00:00
[2025-02-13T17:27:22.106+0000] {processor.py:176} INFO - Processing /home/airflow/.local/lib/python3.7/site-packages/airflow/example_dags/example_branch_python_dop_operator_3.py took 0.287 seconds
[2025-02-13T17:27:52.343+0000] {processor.py:154} INFO - Started process (PID=1089) to work on /home/airflow/.local/lib/python3.7/site-packages/airflow/example_dags/example_branch_python_dop_operator_3.py
[2025-02-13T17:27:52.345+0000] {processor.py:756} INFO - Processing file /home/airflow/.local/lib/python3.7/site-packages/airflow/example_dags/example_branch_python_dop_operator_3.py for tasks to queue
[2025-02-13T17:27:52.347+0000] {logging_mixin.py:137} INFO - [2025-02-13T17:27:52.347+0000] {dagbag.py:537} INFO - Filling up the DagBag from /home/airflow/.local/lib/python3.7/site-packages/airflow/example_dags/example_branch_python_dop_operator_3.py
[2025-02-13T17:27:52.378+0000] {processor.py:766} INFO - DAG(s) dict_keys(['example_branch_dop_operator_v3']) retrieved from /home/airflow/.local/lib/python3.7/site-packages/airflow/example_dags/example_branch_python_dop_operator_3.py
[2025-02-13T17:27:52.420+0000] {logging_mixin.py:137} INFO - [2025-02-13T17:27:52.419+0000] {dag.py:2585} INFO - Sync 1 DAGs
[2025-02-13T17:27:52.492+0000] {logging_mixin.py:137} INFO - [2025-02-13T17:27:52.492+0000] {dag.py:3340} INFO - Setting next_dagrun for example_branch_dop_operator_v3 to 2025-02-13T17:26:00+00:00, run_after=2025-02-13T17:27:00+00:00
[2025-02-13T17:27:52.545+0000] {processor.py:176} INFO - Processing /home/airflow/.local/lib/python3.7/site-packages/airflow/example_dags/example_branch_python_dop_operator_3.py took 0.207 seconds
[2025-02-13T17:28:23.259+0000] {processor.py:154} INFO - Started process (PID=1267) to work on /home/airflow/.local/lib/python3.7/site-packages/airflow/example_dags/example_branch_python_dop_operator_3.py
[2025-02-13T17:28:23.262+0000] {processor.py:756} INFO - Processing file /home/airflow/.local/lib/python3.7/site-packages/airflow/example_dags/example_branch_python_dop_operator_3.py for tasks to queue
[2025-02-13T17:28:23.264+0000] {logging_mixin.py:137} INFO - [2025-02-13T17:28:23.264+0000] {dagbag.py:537} INFO - Filling up the DagBag from /home/airflow/.local/lib/python3.7/site-packages/airflow/example_dags/example_branch_python_dop_operator_3.py
[2025-02-13T17:28:23.308+0000] {processor.py:766} INFO - DAG(s) dict_keys(['example_branch_dop_operator_v3']) retrieved from /home/airflow/.local/lib/python3.7/site-packages/airflow/example_dags/example_branch_python_dop_operator_3.py
[2025-02-13T17:28:23.368+0000] {logging_mixin.py:137} INFO - [2025-02-13T17:28:23.368+0000] {dag.py:2585} INFO - Sync 1 DAGs
[2025-02-13T17:28:23.423+0000] {logging_mixin.py:137} INFO - [2025-02-13T17:28:23.422+0000] {dag.py:3340} INFO - Setting next_dagrun for example_branch_dop_operator_v3 to 2025-02-13T17:27:00+00:00, run_after=2025-02-13T17:28:00+00:00
[2025-02-13T17:28:23.468+0000] {processor.py:176} INFO - Processing /home/airflow/.local/lib/python3.7/site-packages/airflow/example_dags/example_branch_python_dop_operator_3.py took 0.214 seconds
[2025-02-13T17:28:53.948+0000] {processor.py:154} INFO - Started process (PID=1449) to work on /home/airflow/.local/lib/python3.7/site-packages/airflow/example_dags/example_branch_python_dop_operator_3.py
[2025-02-13T17:28:53.950+0000] {processor.py:756} INFO - Processing file /home/airflow/.local/lib/python3.7/site-packages/airflow/example_dags/example_branch_python_dop_operator_3.py for tasks to queue
[2025-02-13T17:28:53.952+0000] {logging_mixin.py:137} INFO - [2025-02-13T17:28:53.952+0000] {dagbag.py:537} INFO - Filling up the DagBag from /home/airflow/.local/lib/python3.7/site-packages/airflow/example_dags/example_branch_python_dop_operator_3.py
[2025-02-13T17:28:53.985+0000] {processor.py:766} INFO - DAG(s) dict_keys(['example_branch_dop_operator_v3']) retrieved from /home/airflow/.local/lib/python3.7/site-packages/airflow/example_dags/example_branch_python_dop_operator_3.py
[2025-02-13T17:28:54.026+0000] {logging_mixin.py:137} INFO - [2025-02-13T17:28:54.026+0000] {dag.py:2585} INFO - Sync 1 DAGs
[2025-02-13T17:28:54.075+0000] {logging_mixin.py:137} INFO - [2025-02-13T17:28:54.074+0000] {dag.py:3340} INFO - Setting next_dagrun for example_branch_dop_operator_v3 to 2025-02-13T17:27:00+00:00, run_after=2025-02-13T17:28:00+00:00
[2025-02-13T17:28:54.113+0000] {processor.py:176} INFO - Processing /home/airflow/.local/lib/python3.7/site-packages/airflow/example_dags/example_branch_python_dop_operator_3.py took 0.170 seconds
[2025-02-13T17:29:24.527+0000] {processor.py:154} INFO - Started process (PID=1627) to work on /home/airflow/.local/lib/python3.7/site-packages/airflow/example_dags/example_branch_python_dop_operator_3.py
[2025-02-13T17:29:24.531+0000] {processor.py:756} INFO - Processing file /home/airflow/.local/lib/python3.7/site-packages/airflow/example_dags/example_branch_python_dop_operator_3.py for tasks to queue
[2025-02-13T17:29:24.534+0000] {logging_mixin.py:137} INFO - [2025-02-13T17:29:24.534+0000] {dagbag.py:537} INFO - Filling up the DagBag from /home/airflow/.local/lib/python3.7/site-packages/airflow/example_dags/example_branch_python_dop_operator_3.py
[2025-02-13T17:29:24.583+0000] {processor.py:766} INFO - DAG(s) dict_keys(['example_branch_dop_operator_v3']) retrieved from /home/airflow/.local/lib/python3.7/site-packages/airflow/example_dags/example_branch_python_dop_operator_3.py
[2025-02-13T17:29:24.636+0000] {logging_mixin.py:137} INFO - [2025-02-13T17:29:24.636+0000] {dag.py:2585} INFO - Sync 1 DAGs
[2025-02-13T17:29:24.698+0000] {logging_mixin.py:137} INFO - [2025-02-13T17:29:24.698+0000] {dag.py:3340} INFO - Setting next_dagrun for example_branch_dop_operator_v3 to 2025-02-13T17:28:00+00:00, run_after=2025-02-13T17:29:00+00:00
[2025-02-13T17:29:24.749+0000] {processor.py:176} INFO - Processing /home/airflow/.local/lib/python3.7/site-packages/airflow/example_dags/example_branch_python_dop_operator_3.py took 0.233 seconds
[2025-02-13T17:29:55.139+0000] {processor.py:154} INFO - Started process (PID=1807) to work on /home/airflow/.local/lib/python3.7/site-packages/airflow/example_dags/example_branch_python_dop_operator_3.py
[2025-02-13T17:29:55.142+0000] {processor.py:756} INFO - Processing file /home/airflow/.local/lib/python3.7/site-packages/airflow/example_dags/example_branch_python_dop_operator_3.py for tasks to queue
[2025-02-13T17:29:55.145+0000] {logging_mixin.py:137} INFO - [2025-02-13T17:29:55.144+0000] {dagbag.py:537} INFO - Filling up the DagBag from /home/airflow/.local/lib/python3.7/site-packages/airflow/example_dags/example_branch_python_dop_operator_3.py
[2025-02-13T17:29:55.202+0000] {processor.py:766} INFO - DAG(s) dict_keys(['example_branch_dop_operator_v3']) retrieved from /home/airflow/.local/lib/python3.7/site-packages/airflow/example_dags/example_branch_python_dop_operator_3.py
[2025-02-13T17:29:55.255+0000] {logging_mixin.py:137} INFO - [2025-02-13T17:29:55.254+0000] {dag.py:2585} INFO - Sync 1 DAGs
[2025-02-13T17:29:55.324+0000] {logging_mixin.py:137} INFO - [2025-02-13T17:29:55.323+0000] {dag.py:3340} INFO - Setting next_dagrun for example_branch_dop_operator_v3 to 2025-02-13T17:28:00+00:00, run_after=2025-02-13T17:29:00+00:00
[2025-02-13T17:29:55.383+0000] {processor.py:176} INFO - Processing /home/airflow/.local/lib/python3.7/site-packages/airflow/example_dags/example_branch_python_dop_operator_3.py took 0.247 seconds
[2025-02-13T17:30:25.923+0000] {processor.py:154} INFO - Started process (PID=1989) to work on /home/airflow/.local/lib/python3.7/site-packages/airflow/example_dags/example_branch_python_dop_operator_3.py
[2025-02-13T17:30:25.926+0000] {processor.py:756} INFO - Processing file /home/airflow/.local/lib/python3.7/site-packages/airflow/example_dags/example_branch_python_dop_operator_3.py for tasks to queue
[2025-02-13T17:30:25.929+0000] {logging_mixin.py:137} INFO - [2025-02-13T17:30:25.928+0000] {dagbag.py:537} INFO - Filling up the DagBag from /home/airflow/.local/lib/python3.7/site-packages/airflow/example_dags/example_branch_python_dop_operator_3.py
[2025-02-13T17:30:25.992+0000] {processor.py:766} INFO - DAG(s) dict_keys(['example_branch_dop_operator_v3']) retrieved from /home/airflow/.local/lib/python3.7/site-packages/airflow/example_dags/example_branch_python_dop_operator_3.py
[2025-02-13T17:30:26.062+0000] {logging_mixin.py:137} INFO - [2025-02-13T17:30:26.062+0000] {dag.py:2585} INFO - Sync 1 DAGs
[2025-02-13T17:30:26.151+0000] {logging_mixin.py:137} INFO - [2025-02-13T17:30:26.150+0000] {dag.py:3340} INFO - Setting next_dagrun for example_branch_dop_operator_v3 to 2025-02-13T17:29:00+00:00, run_after=2025-02-13T17:30:00+00:00
[2025-02-13T17:30:26.213+0000] {processor.py:176} INFO - Processing /home/airflow/.local/lib/python3.7/site-packages/airflow/example_dags/example_branch_python_dop_operator_3.py took 0.296 seconds
[2025-02-13T17:30:57.099+0000] {processor.py:154} INFO - Started process (PID=2169) to work on /home/airflow/.local/lib/python3.7/site-packages/airflow/example_dags/example_branch_python_dop_operator_3.py
[2025-02-13T17:30:57.102+0000] {processor.py:756} INFO - Processing file /home/airflow/.local/lib/python3.7/site-packages/airflow/example_dags/example_branch_python_dop_operator_3.py for tasks to queue
[2025-02-13T17:30:57.105+0000] {logging_mixin.py:137} INFO - [2025-02-13T17:30:57.105+0000] {dagbag.py:537} INFO - Filling up the DagBag from /home/airflow/.local/lib/python3.7/site-packages/airflow/example_dags/example_branch_python_dop_operator_3.py
[2025-02-13T17:30:57.171+0000] {processor.py:766} INFO - DAG(s) dict_keys(['example_branch_dop_operator_v3']) retrieved from /home/airflow/.local/lib/python3.7/site-packages/airflow/example_dags/example_branch_python_dop_operator_3.py
[2025-02-13T17:30:57.265+0000] {logging_mixin.py:137} INFO - [2025-02-13T17:30:57.264+0000] {dag.py:2585} INFO - Sync 1 DAGs
[2025-02-13T17:30:57.356+0000] {logging_mixin.py:137} INFO - [2025-02-13T17:30:57.356+0000] {dag.py:3340} INFO - Setting next_dagrun for example_branch_dop_operator_v3 to 2025-02-13T17:29:00+00:00, run_after=2025-02-13T17:30:00+00:00
[2025-02-13T17:30:57.412+0000] {processor.py:176} INFO - Processing /home/airflow/.local/lib/python3.7/site-packages/airflow/example_dags/example_branch_python_dop_operator_3.py took 0.325 seconds
[2025-02-13T17:31:27.904+0000] {processor.py:154} INFO - Started process (PID=2347) to work on /home/airflow/.local/lib/python3.7/site-packages/airflow/example_dags/example_branch_python_dop_operator_3.py
[2025-02-13T17:31:27.907+0000] {processor.py:756} INFO - Processing file /home/airflow/.local/lib/python3.7/site-packages/airflow/example_dags/example_branch_python_dop_operator_3.py for tasks to queue
[2025-02-13T17:31:27.910+0000] {logging_mixin.py:137} INFO - [2025-02-13T17:31:27.909+0000] {dagbag.py:537} INFO - Filling up the DagBag from /home/airflow/.local/lib/python3.7/site-packages/airflow/example_dags/example_branch_python_dop_operator_3.py
[2025-02-13T17:31:27.962+0000] {processor.py:766} INFO - DAG(s) dict_keys(['example_branch_dop_operator_v3']) retrieved from /home/airflow/.local/lib/python3.7/site-packages/airflow/example_dags/example_branch_python_dop_operator_3.py
[2025-02-13T17:31:28.045+0000] {logging_mixin.py:137} INFO - [2025-02-13T17:31:28.045+0000] {dag.py:2585} INFO - Sync 1 DAGs
[2025-02-13T17:31:28.123+0000] {logging_mixin.py:137} INFO - [2025-02-13T17:31:28.123+0000] {dag.py:3340} INFO - Setting next_dagrun for example_branch_dop_operator_v3 to 2025-02-13T17:30:00+00:00, run_after=2025-02-13T17:31:00+00:00
[2025-02-13T17:31:28.180+0000] {processor.py:176} INFO - Processing /home/airflow/.local/lib/python3.7/site-packages/airflow/example_dags/example_branch_python_dop_operator_3.py took 0.280 seconds
[2025-02-13T17:31:58.557+0000] {processor.py:154} INFO - Started process (PID=2529) to work on /home/airflow/.local/lib/python3.7/site-packages/airflow/example_dags/example_branch_python_dop_operator_3.py
[2025-02-13T17:31:58.560+0000] {processor.py:756} INFO - Processing file /home/airflow/.local/lib/python3.7/site-packages/airflow/example_dags/example_branch_python_dop_operator_3.py for tasks to queue
[2025-02-13T17:31:58.562+0000] {logging_mixin.py:137} INFO - [2025-02-13T17:31:58.562+0000] {dagbag.py:537} INFO - Filling up the DagBag from /home/airflow/.local/lib/python3.7/site-packages/airflow/example_dags/example_branch_python_dop_operator_3.py
[2025-02-13T17:31:58.604+0000] {processor.py:766} INFO - DAG(s) dict_keys(['example_branch_dop_operator_v3']) retrieved from /home/airflow/.local/lib/python3.7/site-packages/airflow/example_dags/example_branch_python_dop_operator_3.py
[2025-02-13T17:31:58.691+0000] {logging_mixin.py:137} INFO - [2025-02-13T17:31:58.691+0000] {dag.py:2585} INFO - Sync 1 DAGs
[2025-02-13T17:31:58.761+0000] {logging_mixin.py:137} INFO - [2025-02-13T17:31:58.761+0000] {dag.py:3340} INFO - Setting next_dagrun for example_branch_dop_operator_v3 to 2025-02-13T17:30:00+00:00, run_after=2025-02-13T17:31:00+00:00
[2025-02-13T17:31:58.817+0000] {processor.py:176} INFO - Processing /home/airflow/.local/lib/python3.7/site-packages/airflow/example_dags/example_branch_python_dop_operator_3.py took 0.269 seconds
[2025-02-13T17:32:28.976+0000] {processor.py:154} INFO - Started process (PID=2709) to work on /home/airflow/.local/lib/python3.7/site-packages/airflow/example_dags/example_branch_python_dop_operator_3.py
[2025-02-13T17:32:28.979+0000] {processor.py:756} INFO - Processing file /home/airflow/.local/lib/python3.7/site-packages/airflow/example_dags/example_branch_python_dop_operator_3.py for tasks to queue
[2025-02-13T17:32:28.981+0000] {logging_mixin.py:137} INFO - [2025-02-13T17:32:28.981+0000] {dagbag.py:537} INFO - Filling up the DagBag from /home/airflow/.local/lib/python3.7/site-packages/airflow/example_dags/example_branch_python_dop_operator_3.py
[2025-02-13T17:32:29.027+0000] {processor.py:766} INFO - DAG(s) dict_keys(['example_branch_dop_operator_v3']) retrieved from /home/airflow/.local/lib/python3.7/site-packages/airflow/example_dags/example_branch_python_dop_operator_3.py
[2025-02-13T17:32:29.117+0000] {logging_mixin.py:137} INFO - [2025-02-13T17:32:29.117+0000] {dag.py:2585} INFO - Sync 1 DAGs
[2025-02-13T17:32:29.177+0000] {logging_mixin.py:137} INFO - [2025-02-13T17:32:29.176+0000] {dag.py:3340} INFO - Setting next_dagrun for example_branch_dop_operator_v3 to 2025-02-13T17:31:00+00:00, run_after=2025-02-13T17:32:00+00:00
[2025-02-13T17:32:29.221+0000] {processor.py:176} INFO - Processing /home/airflow/.local/lib/python3.7/site-packages/airflow/example_dags/example_branch_python_dop_operator_3.py took 0.251 seconds
[2025-02-13T17:32:59.331+0000] {processor.py:154} INFO - Started process (PID=2889) to work on /home/airflow/.local/lib/python3.7/site-packages/airflow/example_dags/example_branch_python_dop_operator_3.py
[2025-02-13T17:32:59.332+0000] {processor.py:756} INFO - Processing file /home/airflow/.local/lib/python3.7/site-packages/airflow/example_dags/example_branch_python_dop_operator_3.py for tasks to queue
[2025-02-13T17:32:59.333+0000] {logging_mixin.py:137} INFO - [2025-02-13T17:32:59.333+0000] {dagbag.py:537} INFO - Filling up the DagBag from /home/airflow/.local/lib/python3.7/site-packages/airflow/example_dags/example_branch_python_dop_operator_3.py
[2025-02-13T17:32:59.363+0000] {processor.py:766} INFO - DAG(s) dict_keys(['example_branch_dop_operator_v3']) retrieved from /home/airflow/.local/lib/python3.7/site-packages/airflow/example_dags/example_branch_python_dop_operator_3.py
[2025-02-13T17:32:59.395+0000] {logging_mixin.py:137} INFO - [2025-02-13T17:32:59.395+0000] {dag.py:2585} INFO - Sync 1 DAGs
[2025-02-13T17:32:59.439+0000] {logging_mixin.py:137} INFO - [2025-02-13T17:32:59.438+0000] {dag.py:3340} INFO - Setting next_dagrun for example_branch_dop_operator_v3 to 2025-02-13T17:31:00+00:00, run_after=2025-02-13T17:32:00+00:00
[2025-02-13T17:32:59.469+0000] {processor.py:176} INFO - Processing /home/airflow/.local/lib/python3.7/site-packages/airflow/example_dags/example_branch_python_dop_operator_3.py took 0.143 seconds
[2025-02-13T17:33:30.303+0000] {processor.py:154} INFO - Started process (PID=3067) to work on /home/airflow/.local/lib/python3.7/site-packages/airflow/example_dags/example_branch_python_dop_operator_3.py
[2025-02-13T17:33:30.305+0000] {processor.py:756} INFO - Processing file /home/airflow/.local/lib/python3.7/site-packages/airflow/example_dags/example_branch_python_dop_operator_3.py for tasks to queue
[2025-02-13T17:33:30.307+0000] {logging_mixin.py:137} INFO - [2025-02-13T17:33:30.307+0000] {dagbag.py:537} INFO - Filling up the DagBag from /home/airflow/.local/lib/python3.7/site-packages/airflow/example_dags/example_branch_python_dop_operator_3.py
[2025-02-13T17:33:30.346+0000] {processor.py:766} INFO - DAG(s) dict_keys(['example_branch_dop_operator_v3']) retrieved from /home/airflow/.local/lib/python3.7/site-packages/airflow/example_dags/example_branch_python_dop_operator_3.py
[2025-02-13T17:33:30.413+0000] {logging_mixin.py:137} INFO - [2025-02-13T17:33:30.413+0000] {dag.py:2585} INFO - Sync 1 DAGs
[2025-02-13T17:33:30.465+0000] {logging_mixin.py:137} INFO - [2025-02-13T17:33:30.465+0000] {dag.py:3340} INFO - Setting next_dagrun for example_branch_dop_operator_v3 to 2025-02-13T17:32:00+00:00, run_after=2025-02-13T17:33:00+00:00
[2025-02-13T17:33:30.502+0000] {processor.py:176} INFO - Processing /home/airflow/.local/lib/python3.7/site-packages/airflow/example_dags/example_branch_python_dop_operator_3.py took 0.206 seconds
[2025-02-13T17:34:00.762+0000] {processor.py:154} INFO - Started process (PID=3249) to work on /home/airflow/.local/lib/python3.7/site-packages/airflow/example_dags/example_branch_python_dop_operator_3.py
[2025-02-13T17:34:00.764+0000] {processor.py:756} INFO - Processing file /home/airflow/.local/lib/python3.7/site-packages/airflow/example_dags/example_branch_python_dop_operator_3.py for tasks to queue
[2025-02-13T17:34:00.765+0000] {logging_mixin.py:137} INFO - [2025-02-13T17:34:00.765+0000] {dagbag.py:537} INFO - Filling up the DagBag from /home/airflow/.local/lib/python3.7/site-packages/airflow/example_dags/example_branch_python_dop_operator_3.py
[2025-02-13T17:34:00.802+0000] {processor.py:766} INFO - DAG(s) dict_keys(['example_branch_dop_operator_v3']) retrieved from /home/airflow/.local/lib/python3.7/site-packages/airflow/example_dags/example_branch_python_dop_operator_3.py
[2025-02-13T17:34:00.878+0000] {logging_mixin.py:137} INFO - [2025-02-13T17:34:00.877+0000] {dag.py:2585} INFO - Sync 1 DAGs
[2025-02-13T17:34:00.935+0000] {logging_mixin.py:137} INFO - [2025-02-13T17:34:00.935+0000] {dag.py:3340} INFO - Setting next_dagrun for example_branch_dop_operator_v3 to 2025-02-13T17:33:00+00:00, run_after=2025-02-13T17:34:00+00:00
[2025-02-13T17:34:00.980+0000] {processor.py:176} INFO - Processing /home/airflow/.local/lib/python3.7/site-packages/airflow/example_dags/example_branch_python_dop_operator_3.py took 0.222 seconds
[2025-02-13T17:34:31.091+0000] {processor.py:154} INFO - Started process (PID=3429) to work on /home/airflow/.local/lib/python3.7/site-packages/airflow/example_dags/example_branch_python_dop_operator_3.py
[2025-02-13T17:34:31.092+0000] {processor.py:756} INFO - Processing file /home/airflow/.local/lib/python3.7/site-packages/airflow/example_dags/example_branch_python_dop_operator_3.py for tasks to queue
[2025-02-13T17:34:31.094+0000] {logging_mixin.py:137} INFO - [2025-02-13T17:34:31.094+0000] {dagbag.py:537} INFO - Filling up the DagBag from /home/airflow/.local/lib/python3.7/site-packages/airflow/example_dags/example_branch_python_dop_operator_3.py
[2025-02-13T17:34:31.135+0000] {processor.py:766} INFO - DAG(s) dict_keys(['example_branch_dop_operator_v3']) retrieved from /home/airflow/.local/lib/python3.7/site-packages/airflow/example_dags/example_branch_python_dop_operator_3.py
[2025-02-13T17:34:31.197+0000] {logging_mixin.py:137} INFO - [2025-02-13T17:34:31.197+0000] {dag.py:2585} INFO - Sync 1 DAGs
[2025-02-13T17:34:31.258+0000] {logging_mixin.py:137} INFO - [2025-02-13T17:34:31.257+0000] {dag.py:3340} INFO - Setting next_dagrun for example_branch_dop_operator_v3 to 2025-02-13T17:33:00+00:00, run_after=2025-02-13T17:34:00+00:00
[2025-02-13T17:34:31.359+0000] {processor.py:176} INFO - Processing /home/airflow/.local/lib/python3.7/site-packages/airflow/example_dags/example_branch_python_dop_operator_3.py took 0.275 seconds
[2025-02-13T17:35:01.542+0000] {processor.py:154} INFO - Started process (PID=3607) to work on /home/airflow/.local/lib/python3.7/site-packages/airflow/example_dags/example_branch_python_dop_operator_3.py
[2025-02-13T17:35:01.545+0000] {processor.py:756} INFO - Processing file /home/airflow/.local/lib/python3.7/site-packages/airflow/example_dags/example_branch_python_dop_operator_3.py for tasks to queue
[2025-02-13T17:35:01.547+0000] {logging_mixin.py:137} INFO - [2025-02-13T17:35:01.547+0000] {dagbag.py:537} INFO - Filling up the DagBag from /home/airflow/.local/lib/python3.7/site-packages/airflow/example_dags/example_branch_python_dop_operator_3.py
[2025-02-13T17:35:01.593+0000] {processor.py:766} INFO - DAG(s) dict_keys(['example_branch_dop_operator_v3']) retrieved from /home/airflow/.local/lib/python3.7/site-packages/airflow/example_dags/example_branch_python_dop_operator_3.py
[2025-02-13T17:35:01.662+0000] {logging_mixin.py:137} INFO - [2025-02-13T17:35:01.661+0000] {dag.py:2585} INFO - Sync 1 DAGs
[2025-02-13T17:35:01.726+0000] {logging_mixin.py:137} INFO - [2025-02-13T17:35:01.726+0000] {dag.py:3340} INFO - Setting next_dagrun for example_branch_dop_operator_v3 to 2025-02-13T17:34:00+00:00, run_after=2025-02-13T17:35:00+00:00
[2025-02-13T17:35:01.852+0000] {processor.py:176} INFO - Processing /home/airflow/.local/lib/python3.7/site-packages/airflow/example_dags/example_branch_python_dop_operator_3.py took 0.316 seconds
[2025-02-13T17:35:32.226+0000] {processor.py:154} INFO - Started process (PID=3789) to work on /home/airflow/.local/lib/python3.7/site-packages/airflow/example_dags/example_branch_python_dop_operator_3.py
[2025-02-13T17:35:32.228+0000] {processor.py:756} INFO - Processing file /home/airflow/.local/lib/python3.7/site-packages/airflow/example_dags/example_branch_python_dop_operator_3.py for tasks to queue
[2025-02-13T17:35:32.230+0000] {logging_mixin.py:137} INFO - [2025-02-13T17:35:32.230+0000] {dagbag.py:537} INFO - Filling up the DagBag from /home/airflow/.local/lib/python3.7/site-packages/airflow/example_dags/example_branch_python_dop_operator_3.py
[2025-02-13T17:35:32.266+0000] {processor.py:766} INFO - DAG(s) dict_keys(['example_branch_dop_operator_v3']) retrieved from /home/airflow/.local/lib/python3.7/site-packages/airflow/example_dags/example_branch_python_dop_operator_3.py
[2025-02-13T17:35:32.333+0000] {logging_mixin.py:137} INFO - [2025-02-13T17:35:32.333+0000] {dag.py:2585} INFO - Sync 1 DAGs
[2025-02-13T17:35:32.377+0000] {logging_mixin.py:137} INFO - [2025-02-13T17:35:32.377+0000] {dag.py:3340} INFO - Setting next_dagrun for example_branch_dop_operator_v3 to 2025-02-13T17:34:00+00:00, run_after=2025-02-13T17:35:00+00:00
[2025-02-13T17:35:32.446+0000] {processor.py:176} INFO - Processing /home/airflow/.local/lib/python3.7/site-packages/airflow/example_dags/example_branch_python_dop_operator_3.py took 0.226 seconds
[2025-02-13T17:36:02.521+0000] {processor.py:154} INFO - Started process (PID=3967) to work on /home/airflow/.local/lib/python3.7/site-packages/airflow/example_dags/example_branch_python_dop_operator_3.py
[2025-02-13T17:36:02.522+0000] {processor.py:756} INFO - Processing file /home/airflow/.local/lib/python3.7/site-packages/airflow/example_dags/example_branch_python_dop_operator_3.py for tasks to queue
[2025-02-13T17:36:02.524+0000] {logging_mixin.py:137} INFO - [2025-02-13T17:36:02.524+0000] {dagbag.py:537} INFO - Filling up the DagBag from /home/airflow/.local/lib/python3.7/site-packages/airflow/example_dags/example_branch_python_dop_operator_3.py
[2025-02-13T17:36:02.565+0000] {processor.py:766} INFO - DAG(s) dict_keys(['example_branch_dop_operator_v3']) retrieved from /home/airflow/.local/lib/python3.7/site-packages/airflow/example_dags/example_branch_python_dop_operator_3.py
[2025-02-13T17:36:02.637+0000] {logging_mixin.py:137} INFO - [2025-02-13T17:36:02.637+0000] {dag.py:2585} INFO - Sync 1 DAGs
[2025-02-13T17:36:02.694+0000] {logging_mixin.py:137} INFO - [2025-02-13T17:36:02.694+0000] {dag.py:3340} INFO - Setting next_dagrun for example_branch_dop_operator_v3 to 2025-02-13T17:35:00+00:00, run_after=2025-02-13T17:36:00+00:00
[2025-02-13T17:36:02.735+0000] {processor.py:176} INFO - Processing /home/airflow/.local/lib/python3.7/site-packages/airflow/example_dags/example_branch_python_dop_operator_3.py took 0.220 seconds
[2025-02-13T17:36:33.364+0000] {processor.py:154} INFO - Started process (PID=4149) to work on /home/airflow/.local/lib/python3.7/site-packages/airflow/example_dags/example_branch_python_dop_operator_3.py
[2025-02-13T17:36:33.366+0000] {processor.py:756} INFO - Processing file /home/airflow/.local/lib/python3.7/site-packages/airflow/example_dags/example_branch_python_dop_operator_3.py for tasks to queue
[2025-02-13T17:36:33.368+0000] {logging_mixin.py:137} INFO - [2025-02-13T17:36:33.368+0000] {dagbag.py:537} INFO - Filling up the DagBag from /home/airflow/.local/lib/python3.7/site-packages/airflow/example_dags/example_branch_python_dop_operator_3.py
[2025-02-13T17:36:33.411+0000] {processor.py:766} INFO - DAG(s) dict_keys(['example_branch_dop_operator_v3']) retrieved from /home/airflow/.local/lib/python3.7/site-packages/airflow/example_dags/example_branch_python_dop_operator_3.py
[2025-02-13T17:36:33.480+0000] {logging_mixin.py:137} INFO - [2025-02-13T17:36:33.480+0000] {dag.py:2585} INFO - Sync 1 DAGs
[2025-02-13T17:36:33.531+0000] {logging_mixin.py:137} INFO - [2025-02-13T17:36:33.531+0000] {dag.py:3340} INFO - Setting next_dagrun for example_branch_dop_operator_v3 to 2025-02-13T17:35:00+00:00, run_after=2025-02-13T17:36:00+00:00
[2025-02-13T17:36:33.569+0000] {processor.py:176} INFO - Processing /home/airflow/.local/lib/python3.7/site-packages/airflow/example_dags/example_branch_python_dop_operator_3.py took 0.214 seconds
[2025-02-13T17:37:03.791+0000] {processor.py:154} INFO - Started process (PID=4329) to work on /home/airflow/.local/lib/python3.7/site-packages/airflow/example_dags/example_branch_python_dop_operator_3.py
[2025-02-13T17:37:03.793+0000] {processor.py:756} INFO - Processing file /home/airflow/.local/lib/python3.7/site-packages/airflow/example_dags/example_branch_python_dop_operator_3.py for tasks to queue
[2025-02-13T17:37:03.796+0000] {logging_mixin.py:137} INFO - [2025-02-13T17:37:03.795+0000] {dagbag.py:537} INFO - Filling up the DagBag from /home/airflow/.local/lib/python3.7/site-packages/airflow/example_dags/example_branch_python_dop_operator_3.py
[2025-02-13T17:37:03.836+0000] {processor.py:766} INFO - DAG(s) dict_keys(['example_branch_dop_operator_v3']) retrieved from /home/airflow/.local/lib/python3.7/site-packages/airflow/example_dags/example_branch_python_dop_operator_3.py
[2025-02-13T17:37:03.905+0000] {logging_mixin.py:137} INFO - [2025-02-13T17:37:03.904+0000] {dag.py:2585} INFO - Sync 1 DAGs
[2025-02-13T17:37:03.957+0000] {logging_mixin.py:137} INFO - [2025-02-13T17:37:03.957+0000] {dag.py:3340} INFO - Setting next_dagrun for example_branch_dop_operator_v3 to 2025-02-13T17:36:00+00:00, run_after=2025-02-13T17:37:00+00:00
[2025-02-13T17:37:03.997+0000] {processor.py:176} INFO - Processing /home/airflow/.local/lib/python3.7/site-packages/airflow/example_dags/example_branch_python_dop_operator_3.py took 0.213 seconds
[2025-02-13T17:37:34.334+0000] {processor.py:154} INFO - Started process (PID=4507) to work on /home/airflow/.local/lib/python3.7/site-packages/airflow/example_dags/example_branch_python_dop_operator_3.py
[2025-02-13T17:37:34.337+0000] {processor.py:756} INFO - Processing file /home/airflow/.local/lib/python3.7/site-packages/airflow/example_dags/example_branch_python_dop_operator_3.py for tasks to queue
[2025-02-13T17:37:34.338+0000] {logging_mixin.py:137} INFO - [2025-02-13T17:37:34.338+0000] {dagbag.py:537} INFO - Filling up the DagBag from /home/airflow/.local/lib/python3.7/site-packages/airflow/example_dags/example_branch_python_dop_operator_3.py
[2025-02-13T17:37:34.384+0000] {processor.py:766} INFO - DAG(s) dict_keys(['example_branch_dop_operator_v3']) retrieved from /home/airflow/.local/lib/python3.7/site-packages/airflow/example_dags/example_branch_python_dop_operator_3.py
[2025-02-13T17:37:34.463+0000] {logging_mixin.py:137} INFO - [2025-02-13T17:37:34.463+0000] {dag.py:2585} INFO - Sync 1 DAGs
[2025-02-13T17:37:34.523+0000] {logging_mixin.py:137} INFO - [2025-02-13T17:37:34.523+0000] {dag.py:3340} INFO - Setting next_dagrun for example_branch_dop_operator_v3 to 2025-02-13T17:36:00+00:00, run_after=2025-02-13T17:37:00+00:00
[2025-02-13T17:37:34.570+0000] {processor.py:176} INFO - Processing /home/airflow/.local/lib/python3.7/site-packages/airflow/example_dags/example_branch_python_dop_operator_3.py took 0.242 seconds
[2025-02-13T17:38:05.145+0000] {processor.py:154} INFO - Started process (PID=4689) to work on /home/airflow/.local/lib/python3.7/site-packages/airflow/example_dags/example_branch_python_dop_operator_3.py
[2025-02-13T17:38:05.147+0000] {processor.py:756} INFO - Processing file /home/airflow/.local/lib/python3.7/site-packages/airflow/example_dags/example_branch_python_dop_operator_3.py for tasks to queue
[2025-02-13T17:38:05.149+0000] {logging_mixin.py:137} INFO - [2025-02-13T17:38:05.148+0000] {dagbag.py:537} INFO - Filling up the DagBag from /home/airflow/.local/lib/python3.7/site-packages/airflow/example_dags/example_branch_python_dop_operator_3.py
[2025-02-13T17:38:05.186+0000] {processor.py:766} INFO - DAG(s) dict_keys(['example_branch_dop_operator_v3']) retrieved from /home/airflow/.local/lib/python3.7/site-packages/airflow/example_dags/example_branch_python_dop_operator_3.py
[2025-02-13T17:38:05.255+0000] {logging_mixin.py:137} INFO - [2025-02-13T17:38:05.255+0000] {dag.py:2585} INFO - Sync 1 DAGs
[2025-02-13T17:38:05.306+0000] {logging_mixin.py:137} INFO - [2025-02-13T17:38:05.306+0000] {dag.py:3340} INFO - Setting next_dagrun for example_branch_dop_operator_v3 to 2025-02-13T17:37:00+00:00, run_after=2025-02-13T17:38:00+00:00
[2025-02-13T17:38:05.354+0000] {processor.py:176} INFO - Processing /home/airflow/.local/lib/python3.7/site-packages/airflow/example_dags/example_branch_python_dop_operator_3.py took 0.214 seconds
[2025-02-13T17:38:35.759+0000] {processor.py:154} INFO - Started process (PID=4867) to work on /home/airflow/.local/lib/python3.7/site-packages/airflow/example_dags/example_branch_python_dop_operator_3.py
[2025-02-13T17:38:35.762+0000] {processor.py:756} INFO - Processing file /home/airflow/.local/lib/python3.7/site-packages/airflow/example_dags/example_branch_python_dop_operator_3.py for tasks to queue
[2025-02-13T17:38:35.764+0000] {logging_mixin.py:137} INFO - [2025-02-13T17:38:35.763+0000] {dagbag.py:537} INFO - Filling up the DagBag from /home/airflow/.local/lib/python3.7/site-packages/airflow/example_dags/example_branch_python_dop_operator_3.py
[2025-02-13T17:38:35.822+0000] {processor.py:766} INFO - DAG(s) dict_keys(['example_branch_dop_operator_v3']) retrieved from /home/airflow/.local/lib/python3.7/site-packages/airflow/example_dags/example_branch_python_dop_operator_3.py
[2025-02-13T17:38:35.964+0000] {logging_mixin.py:137} INFO - [2025-02-13T17:38:35.964+0000] {dag.py:2585} INFO - Sync 1 DAGs
[2025-02-13T17:38:36.057+0000] {logging_mixin.py:137} INFO - [2025-02-13T17:38:36.056+0000] {dag.py:3340} INFO - Setting next_dagrun for example_branch_dop_operator_v3 to 2025-02-13T17:37:00+00:00, run_after=2025-02-13T17:38:00+00:00
[2025-02-13T17:38:36.119+0000] {processor.py:176} INFO - Processing /home/airflow/.local/lib/python3.7/site-packages/airflow/example_dags/example_branch_python_dop_operator_3.py took 0.373 seconds
[2025-02-13T17:39:38.526+0000] {processor.py:154} INFO - Started process (PID=5049) to work on /home/airflow/.local/lib/python3.7/site-packages/airflow/example_dags/example_branch_python_dop_operator_3.py
[2025-02-13T17:39:38.527+0000] {processor.py:756} INFO - Processing file /home/airflow/.local/lib/python3.7/site-packages/airflow/example_dags/example_branch_python_dop_operator_3.py for tasks to queue
[2025-02-13T17:39:38.529+0000] {logging_mixin.py:137} INFO - [2025-02-13T17:39:38.529+0000] {dagbag.py:537} INFO - Filling up the DagBag from /home/airflow/.local/lib/python3.7/site-packages/airflow/example_dags/example_branch_python_dop_operator_3.py
[2025-02-13T17:39:38.563+0000] {processor.py:766} INFO - DAG(s) dict_keys(['example_branch_dop_operator_v3']) retrieved from /home/airflow/.local/lib/python3.7/site-packages/airflow/example_dags/example_branch_python_dop_operator_3.py
[2025-02-13T17:39:38.602+0000] {logging_mixin.py:137} INFO - [2025-02-13T17:39:38.602+0000] {dag.py:2585} INFO - Sync 1 DAGs
[2025-02-13T17:39:38.640+0000] {logging_mixin.py:137} INFO - [2025-02-13T17:39:38.640+0000] {dag.py:3340} INFO - Setting next_dagrun for example_branch_dop_operator_v3 to 2025-02-13T17:38:00+00:00, run_after=2025-02-13T17:39:00+00:00
[2025-02-13T17:39:38.665+0000] {processor.py:176} INFO - Processing /home/airflow/.local/lib/python3.7/site-packages/airflow/example_dags/example_branch_python_dop_operator_3.py took 0.143 seconds
[2025-02-13T17:40:09.308+0000] {processor.py:154} INFO - Started process (PID=5230) to work on /home/airflow/.local/lib/python3.7/site-packages/airflow/example_dags/example_branch_python_dop_operator_3.py
[2025-02-13T17:40:09.310+0000] {processor.py:756} INFO - Processing file /home/airflow/.local/lib/python3.7/site-packages/airflow/example_dags/example_branch_python_dop_operator_3.py for tasks to queue
[2025-02-13T17:40:09.311+0000] {logging_mixin.py:137} INFO - [2025-02-13T17:40:09.311+0000] {dagbag.py:537} INFO - Filling up the DagBag from /home/airflow/.local/lib/python3.7/site-packages/airflow/example_dags/example_branch_python_dop_operator_3.py
[2025-02-13T17:40:09.351+0000] {processor.py:766} INFO - DAG(s) dict_keys(['example_branch_dop_operator_v3']) retrieved from /home/airflow/.local/lib/python3.7/site-packages/airflow/example_dags/example_branch_python_dop_operator_3.py
[2025-02-13T17:40:09.423+0000] {logging_mixin.py:137} INFO - [2025-02-13T17:40:09.423+0000] {dag.py:2585} INFO - Sync 1 DAGs
[2025-02-13T17:40:09.483+0000] {logging_mixin.py:137} INFO - [2025-02-13T17:40:09.483+0000] {dag.py:3340} INFO - Setting next_dagrun for example_branch_dop_operator_v3 to 2025-02-13T17:39:00+00:00, run_after=2025-02-13T17:40:00+00:00
[2025-02-13T17:40:09.533+0000] {processor.py:176} INFO - Processing /home/airflow/.local/lib/python3.7/site-packages/airflow/example_dags/example_branch_python_dop_operator_3.py took 0.231 seconds
[2025-02-13T17:40:39.744+0000] {processor.py:154} INFO - Started process (PID=5409) to work on /home/airflow/.local/lib/python3.7/site-packages/airflow/example_dags/example_branch_python_dop_operator_3.py
[2025-02-13T17:40:39.746+0000] {processor.py:756} INFO - Processing file /home/airflow/.local/lib/python3.7/site-packages/airflow/example_dags/example_branch_python_dop_operator_3.py for tasks to queue
[2025-02-13T17:40:39.748+0000] {logging_mixin.py:137} INFO - [2025-02-13T17:40:39.748+0000] {dagbag.py:537} INFO - Filling up the DagBag from /home/airflow/.local/lib/python3.7/site-packages/airflow/example_dags/example_branch_python_dop_operator_3.py
[2025-02-13T17:40:39.777+0000] {processor.py:766} INFO - DAG(s) dict_keys(['example_branch_dop_operator_v3']) retrieved from /home/airflow/.local/lib/python3.7/site-packages/airflow/example_dags/example_branch_python_dop_operator_3.py
[2025-02-13T17:40:39.833+0000] {logging_mixin.py:137} INFO - [2025-02-13T17:40:39.833+0000] {dag.py:2585} INFO - Sync 1 DAGs
[2025-02-13T17:40:39.877+0000] {logging_mixin.py:137} INFO - [2025-02-13T17:40:39.877+0000] {dag.py:3340} INFO - Setting next_dagrun for example_branch_dop_operator_v3 to 2025-02-13T17:39:00+00:00, run_after=2025-02-13T17:40:00+00:00
[2025-02-13T17:40:39.919+0000] {processor.py:176} INFO - Processing /home/airflow/.local/lib/python3.7/site-packages/airflow/example_dags/example_branch_python_dop_operator_3.py took 0.179 seconds
[2025-02-13T17:41:11.071+0000] {processor.py:154} INFO - Started process (PID=5589) to work on /home/airflow/.local/lib/python3.7/site-packages/airflow/example_dags/example_branch_python_dop_operator_3.py
[2025-02-13T17:41:11.073+0000] {processor.py:756} INFO - Processing file /home/airflow/.local/lib/python3.7/site-packages/airflow/example_dags/example_branch_python_dop_operator_3.py for tasks to queue
[2025-02-13T17:41:11.077+0000] {logging_mixin.py:137} INFO - [2025-02-13T17:41:11.076+0000] {dagbag.py:537} INFO - Filling up the DagBag from /home/airflow/.local/lib/python3.7/site-packages/airflow/example_dags/example_branch_python_dop_operator_3.py
[2025-02-13T17:41:11.148+0000] {processor.py:766} INFO - DAG(s) dict_keys(['example_branch_dop_operator_v3']) retrieved from /home/airflow/.local/lib/python3.7/site-packages/airflow/example_dags/example_branch_python_dop_operator_3.py
[2025-02-13T17:41:11.263+0000] {logging_mixin.py:137} INFO - [2025-02-13T17:41:11.263+0000] {dag.py:2585} INFO - Sync 1 DAGs
[2025-02-13T17:41:11.315+0000] {logging_mixin.py:137} INFO - [2025-02-13T17:41:11.314+0000] {dag.py:3340} INFO - Setting next_dagrun for example_branch_dop_operator_v3 to 2025-02-13T17:40:00+00:00, run_after=2025-02-13T17:41:00+00:00
[2025-02-13T17:41:11.357+0000] {processor.py:176} INFO - Processing /home/airflow/.local/lib/python3.7/site-packages/airflow/example_dags/example_branch_python_dop_operator_3.py took 0.295 seconds
[2025-02-13T17:41:41.492+0000] {processor.py:154} INFO - Started process (PID=5769) to work on /home/airflow/.local/lib/python3.7/site-packages/airflow/example_dags/example_branch_python_dop_operator_3.py
[2025-02-13T17:41:41.494+0000] {processor.py:756} INFO - Processing file /home/airflow/.local/lib/python3.7/site-packages/airflow/example_dags/example_branch_python_dop_operator_3.py for tasks to queue
[2025-02-13T17:41:41.495+0000] {logging_mixin.py:137} INFO - [2025-02-13T17:41:41.495+0000] {dagbag.py:537} INFO - Filling up the DagBag from /home/airflow/.local/lib/python3.7/site-packages/airflow/example_dags/example_branch_python_dop_operator_3.py
[2025-02-13T17:41:41.527+0000] {processor.py:766} INFO - DAG(s) dict_keys(['example_branch_dop_operator_v3']) retrieved from /home/airflow/.local/lib/python3.7/site-packages/airflow/example_dags/example_branch_python_dop_operator_3.py
[2025-02-13T17:41:41.587+0000] {logging_mixin.py:137} INFO - [2025-02-13T17:41:41.586+0000] {dag.py:2585} INFO - Sync 1 DAGs
[2025-02-13T17:41:41.636+0000] {logging_mixin.py:137} INFO - [2025-02-13T17:41:41.636+0000] {dag.py:3340} INFO - Setting next_dagrun for example_branch_dop_operator_v3 to 2025-02-13T17:40:00+00:00, run_after=2025-02-13T17:41:00+00:00
[2025-02-13T17:41:41.678+0000] {processor.py:176} INFO - Processing /home/airflow/.local/lib/python3.7/site-packages/airflow/example_dags/example_branch_python_dop_operator_3.py took 0.190 seconds
[2025-02-13T17:42:12.032+0000] {processor.py:154} INFO - Started process (PID=5949) to work on /home/airflow/.local/lib/python3.7/site-packages/airflow/example_dags/example_branch_python_dop_operator_3.py
[2025-02-13T17:42:12.034+0000] {processor.py:756} INFO - Processing file /home/airflow/.local/lib/python3.7/site-packages/airflow/example_dags/example_branch_python_dop_operator_3.py for tasks to queue
[2025-02-13T17:42:12.035+0000] {logging_mixin.py:137} INFO - [2025-02-13T17:42:12.035+0000] {dagbag.py:537} INFO - Filling up the DagBag from /home/airflow/.local/lib/python3.7/site-packages/airflow/example_dags/example_branch_python_dop_operator_3.py
[2025-02-13T17:42:12.082+0000] {processor.py:766} INFO - DAG(s) dict_keys(['example_branch_dop_operator_v3']) retrieved from /home/airflow/.local/lib/python3.7/site-packages/airflow/example_dags/example_branch_python_dop_operator_3.py
[2025-02-13T17:42:12.152+0000] {logging_mixin.py:137} INFO - [2025-02-13T17:42:12.151+0000] {dag.py:2585} INFO - Sync 1 DAGs
[2025-02-13T17:42:12.202+0000] {logging_mixin.py:137} INFO - [2025-02-13T17:42:12.202+0000] {dag.py:3340} INFO - Setting next_dagrun for example_branch_dop_operator_v3 to 2025-02-13T17:41:00+00:00, run_after=2025-02-13T17:42:00+00:00
[2025-02-13T17:42:12.240+0000] {processor.py:176} INFO - Processing /home/airflow/.local/lib/python3.7/site-packages/airflow/example_dags/example_branch_python_dop_operator_3.py took 0.215 seconds
[2025-02-13T17:42:42.718+0000] {processor.py:154} INFO - Started process (PID=6129) to work on /home/airflow/.local/lib/python3.7/site-packages/airflow/example_dags/example_branch_python_dop_operator_3.py
[2025-02-13T17:42:42.720+0000] {processor.py:756} INFO - Processing file /home/airflow/.local/lib/python3.7/site-packages/airflow/example_dags/example_branch_python_dop_operator_3.py for tasks to queue
[2025-02-13T17:42:42.721+0000] {logging_mixin.py:137} INFO - [2025-02-13T17:42:42.721+0000] {dagbag.py:537} INFO - Filling up the DagBag from /home/airflow/.local/lib/python3.7/site-packages/airflow/example_dags/example_branch_python_dop_operator_3.py
[2025-02-13T17:42:42.751+0000] {processor.py:766} INFO - DAG(s) dict_keys(['example_branch_dop_operator_v3']) retrieved from /home/airflow/.local/lib/python3.7/site-packages/airflow/example_dags/example_branch_python_dop_operator_3.py
[2025-02-13T17:42:42.808+0000] {logging_mixin.py:137} INFO - [2025-02-13T17:42:42.808+0000] {dag.py:2585} INFO - Sync 1 DAGs
[2025-02-13T17:42:42.856+0000] {logging_mixin.py:137} INFO - [2025-02-13T17:42:42.856+0000] {dag.py:3340} INFO - Setting next_dagrun for example_branch_dop_operator_v3 to 2025-02-13T17:41:00+00:00, run_after=2025-02-13T17:42:00+00:00
[2025-02-13T17:42:42.896+0000] {processor.py:176} INFO - Processing /home/airflow/.local/lib/python3.7/site-packages/airflow/example_dags/example_branch_python_dop_operator_3.py took 0.182 seconds
[2025-02-13T17:43:13.463+0000] {processor.py:154} INFO - Started process (PID=6309) to work on /home/airflow/.local/lib/python3.7/site-packages/airflow/example_dags/example_branch_python_dop_operator_3.py
[2025-02-13T17:43:13.465+0000] {processor.py:756} INFO - Processing file /home/airflow/.local/lib/python3.7/site-packages/airflow/example_dags/example_branch_python_dop_operator_3.py for tasks to queue
[2025-02-13T17:43:13.467+0000] {logging_mixin.py:137} INFO - [2025-02-13T17:43:13.466+0000] {dagbag.py:537} INFO - Filling up the DagBag from /home/airflow/.local/lib/python3.7/site-packages/airflow/example_dags/example_branch_python_dop_operator_3.py
[2025-02-13T17:43:13.504+0000] {processor.py:766} INFO - DAG(s) dict_keys(['example_branch_dop_operator_v3']) retrieved from /home/airflow/.local/lib/python3.7/site-packages/airflow/example_dags/example_branch_python_dop_operator_3.py
[2025-02-13T17:43:13.576+0000] {logging_mixin.py:137} INFO - [2025-02-13T17:43:13.576+0000] {dag.py:2585} INFO - Sync 1 DAGs
[2025-02-13T17:43:13.629+0000] {logging_mixin.py:137} INFO - [2025-02-13T17:43:13.629+0000] {dag.py:3340} INFO - Setting next_dagrun for example_branch_dop_operator_v3 to 2025-02-13T17:42:00+00:00, run_after=2025-02-13T17:43:00+00:00
[2025-02-13T17:43:13.673+0000] {processor.py:176} INFO - Processing /home/airflow/.local/lib/python3.7/site-packages/airflow/example_dags/example_branch_python_dop_operator_3.py took 0.215 seconds
[2025-02-13T17:43:44.067+0000] {processor.py:154} INFO - Started process (PID=6489) to work on /home/airflow/.local/lib/python3.7/site-packages/airflow/example_dags/example_branch_python_dop_operator_3.py
[2025-02-13T17:43:44.069+0000] {processor.py:756} INFO - Processing file /home/airflow/.local/lib/python3.7/site-packages/airflow/example_dags/example_branch_python_dop_operator_3.py for tasks to queue
[2025-02-13T17:43:44.071+0000] {logging_mixin.py:137} INFO - [2025-02-13T17:43:44.070+0000] {dagbag.py:537} INFO - Filling up the DagBag from /home/airflow/.local/lib/python3.7/site-packages/airflow/example_dags/example_branch_python_dop_operator_3.py
[2025-02-13T17:43:44.115+0000] {processor.py:766} INFO - DAG(s) dict_keys(['example_branch_dop_operator_v3']) retrieved from /home/airflow/.local/lib/python3.7/site-packages/airflow/example_dags/example_branch_python_dop_operator_3.py
[2025-02-13T17:43:44.188+0000] {logging_mixin.py:137} INFO - [2025-02-13T17:43:44.188+0000] {dag.py:2585} INFO - Sync 1 DAGs
[2025-02-13T17:43:44.239+0000] {logging_mixin.py:137} INFO - [2025-02-13T17:43:44.238+0000] {dag.py:3340} INFO - Setting next_dagrun for example_branch_dop_operator_v3 to 2025-02-13T17:42:00+00:00, run_after=2025-02-13T17:43:00+00:00
[2025-02-13T17:43:44.281+0000] {processor.py:176} INFO - Processing /home/airflow/.local/lib/python3.7/site-packages/airflow/example_dags/example_branch_python_dop_operator_3.py took 0.219 seconds
[2025-02-13T17:44:14.630+0000] {processor.py:154} INFO - Started process (PID=6669) to work on /home/airflow/.local/lib/python3.7/site-packages/airflow/example_dags/example_branch_python_dop_operator_3.py
[2025-02-13T17:44:14.632+0000] {processor.py:756} INFO - Processing file /home/airflow/.local/lib/python3.7/site-packages/airflow/example_dags/example_branch_python_dop_operator_3.py for tasks to queue
[2025-02-13T17:44:14.633+0000] {logging_mixin.py:137} INFO - [2025-02-13T17:44:14.633+0000] {dagbag.py:537} INFO - Filling up the DagBag from /home/airflow/.local/lib/python3.7/site-packages/airflow/example_dags/example_branch_python_dop_operator_3.py
[2025-02-13T17:44:14.678+0000] {processor.py:766} INFO - DAG(s) dict_keys(['example_branch_dop_operator_v3']) retrieved from /home/airflow/.local/lib/python3.7/site-packages/airflow/example_dags/example_branch_python_dop_operator_3.py
[2025-02-13T17:44:14.747+0000] {logging_mixin.py:137} INFO - [2025-02-13T17:44:14.747+0000] {dag.py:2585} INFO - Sync 1 DAGs
[2025-02-13T17:44:14.798+0000] {logging_mixin.py:137} INFO - [2025-02-13T17:44:14.798+0000] {dag.py:3340} INFO - Setting next_dagrun for example_branch_dop_operator_v3 to 2025-02-13T17:43:00+00:00, run_after=2025-02-13T17:44:00+00:00
[2025-02-13T17:44:14.836+0000] {processor.py:176} INFO - Processing /home/airflow/.local/lib/python3.7/site-packages/airflow/example_dags/example_branch_python_dop_operator_3.py took 0.213 seconds
[2025-02-13T17:44:45.338+0000] {processor.py:154} INFO - Started process (PID=6849) to work on /home/airflow/.local/lib/python3.7/site-packages/airflow/example_dags/example_branch_python_dop_operator_3.py
[2025-02-13T17:44:45.340+0000] {processor.py:756} INFO - Processing file /home/airflow/.local/lib/python3.7/site-packages/airflow/example_dags/example_branch_python_dop_operator_3.py for tasks to queue
[2025-02-13T17:44:45.342+0000] {logging_mixin.py:137} INFO - [2025-02-13T17:44:45.341+0000] {dagbag.py:537} INFO - Filling up the DagBag from /home/airflow/.local/lib/python3.7/site-packages/airflow/example_dags/example_branch_python_dop_operator_3.py
[2025-02-13T17:44:45.384+0000] {processor.py:766} INFO - DAG(s) dict_keys(['example_branch_dop_operator_v3']) retrieved from /home/airflow/.local/lib/python3.7/site-packages/airflow/example_dags/example_branch_python_dop_operator_3.py
[2025-02-13T17:44:45.457+0000] {logging_mixin.py:137} INFO - [2025-02-13T17:44:45.457+0000] {dag.py:2585} INFO - Sync 1 DAGs
[2025-02-13T17:44:45.512+0000] {logging_mixin.py:137} INFO - [2025-02-13T17:44:45.511+0000] {dag.py:3340} INFO - Setting next_dagrun for example_branch_dop_operator_v3 to 2025-02-13T17:43:00+00:00, run_after=2025-02-13T17:44:00+00:00
[2025-02-13T17:44:45.556+0000] {processor.py:176} INFO - Processing /home/airflow/.local/lib/python3.7/site-packages/airflow/example_dags/example_branch_python_dop_operator_3.py took 0.224 seconds
[2025-02-13T17:45:16.012+0000] {processor.py:154} INFO - Started process (PID=7029) to work on /home/airflow/.local/lib/python3.7/site-packages/airflow/example_dags/example_branch_python_dop_operator_3.py
[2025-02-13T17:45:16.014+0000] {processor.py:756} INFO - Processing file /home/airflow/.local/lib/python3.7/site-packages/airflow/example_dags/example_branch_python_dop_operator_3.py for tasks to queue
[2025-02-13T17:45:16.015+0000] {logging_mixin.py:137} INFO - [2025-02-13T17:45:16.015+0000] {dagbag.py:537} INFO - Filling up the DagBag from /home/airflow/.local/lib/python3.7/site-packages/airflow/example_dags/example_branch_python_dop_operator_3.py
[2025-02-13T17:45:16.048+0000] {processor.py:766} INFO - DAG(s) dict_keys(['example_branch_dop_operator_v3']) retrieved from /home/airflow/.local/lib/python3.7/site-packages/airflow/example_dags/example_branch_python_dop_operator_3.py
[2025-02-13T17:45:16.108+0000] {logging_mixin.py:137} INFO - [2025-02-13T17:45:16.108+0000] {dag.py:2585} INFO - Sync 1 DAGs
[2025-02-13T17:45:16.150+0000] {logging_mixin.py:137} INFO - [2025-02-13T17:45:16.150+0000] {dag.py:3340} INFO - Setting next_dagrun for example_branch_dop_operator_v3 to 2025-02-13T17:44:00+00:00, run_after=2025-02-13T17:45:00+00:00
[2025-02-13T17:45:16.184+0000] {processor.py:176} INFO - Processing /home/airflow/.local/lib/python3.7/site-packages/airflow/example_dags/example_branch_python_dop_operator_3.py took 0.175 seconds
[2025-02-13T17:45:46.614+0000] {processor.py:154} INFO - Started process (PID=7209) to work on /home/airflow/.local/lib/python3.7/site-packages/airflow/example_dags/example_branch_python_dop_operator_3.py
[2025-02-13T17:45:46.616+0000] {processor.py:756} INFO - Processing file /home/airflow/.local/lib/python3.7/site-packages/airflow/example_dags/example_branch_python_dop_operator_3.py for tasks to queue
[2025-02-13T17:45:46.619+0000] {logging_mixin.py:137} INFO - [2025-02-13T17:45:46.619+0000] {dagbag.py:537} INFO - Filling up the DagBag from /home/airflow/.local/lib/python3.7/site-packages/airflow/example_dags/example_branch_python_dop_operator_3.py
[2025-02-13T17:45:46.675+0000] {processor.py:766} INFO - DAG(s) dict_keys(['example_branch_dop_operator_v3']) retrieved from /home/airflow/.local/lib/python3.7/site-packages/airflow/example_dags/example_branch_python_dop_operator_3.py
[2025-02-13T17:45:46.740+0000] {logging_mixin.py:137} INFO - [2025-02-13T17:45:46.739+0000] {dag.py:2585} INFO - Sync 1 DAGs
[2025-02-13T17:45:46.783+0000] {logging_mixin.py:137} INFO - [2025-02-13T17:45:46.783+0000] {dag.py:3340} INFO - Setting next_dagrun for example_branch_dop_operator_v3 to 2025-02-13T17:44:00+00:00, run_after=2025-02-13T17:45:00+00:00
[2025-02-13T17:45:46.821+0000] {processor.py:176} INFO - Processing /home/airflow/.local/lib/python3.7/site-packages/airflow/example_dags/example_branch_python_dop_operator_3.py took 0.213 seconds
[2025-02-13T17:46:17.517+0000] {processor.py:154} INFO - Started process (PID=7387) to work on /home/airflow/.local/lib/python3.7/site-packages/airflow/example_dags/example_branch_python_dop_operator_3.py
[2025-02-13T17:46:17.519+0000] {processor.py:756} INFO - Processing file /home/airflow/.local/lib/python3.7/site-packages/airflow/example_dags/example_branch_python_dop_operator_3.py for tasks to queue
[2025-02-13T17:46:17.522+0000] {logging_mixin.py:137} INFO - [2025-02-13T17:46:17.522+0000] {dagbag.py:537} INFO - Filling up the DagBag from /home/airflow/.local/lib/python3.7/site-packages/airflow/example_dags/example_branch_python_dop_operator_3.py
[2025-02-13T17:46:17.582+0000] {processor.py:766} INFO - DAG(s) dict_keys(['example_branch_dop_operator_v3']) retrieved from /home/airflow/.local/lib/python3.7/site-packages/airflow/example_dags/example_branch_python_dop_operator_3.py
[2025-02-13T17:46:17.692+0000] {logging_mixin.py:137} INFO - [2025-02-13T17:46:17.691+0000] {dag.py:2585} INFO - Sync 1 DAGs
[2025-02-13T17:46:17.837+0000] {logging_mixin.py:137} INFO - [2025-02-13T17:46:17.837+0000] {dag.py:3340} INFO - Setting next_dagrun for example_branch_dop_operator_v3 to 2025-02-13T17:45:00+00:00, run_after=2025-02-13T17:46:00+00:00
[2025-02-13T17:46:17.939+0000] {processor.py:176} INFO - Processing /home/airflow/.local/lib/python3.7/site-packages/airflow/example_dags/example_branch_python_dop_operator_3.py took 0.428 seconds
[2025-02-13T17:47:34.095+0000] {processor.py:154} INFO - Started process (PID=186) to work on /home/airflow/.local/lib/python3.7/site-packages/airflow/example_dags/example_branch_python_dop_operator_3.py
[2025-02-13T17:47:34.098+0000] {processor.py:756} INFO - Processing file /home/airflow/.local/lib/python3.7/site-packages/airflow/example_dags/example_branch_python_dop_operator_3.py for tasks to queue
[2025-02-13T17:47:34.100+0000] {logging_mixin.py:137} INFO - [2025-02-13T17:47:34.100+0000] {dagbag.py:537} INFO - Filling up the DagBag from /home/airflow/.local/lib/python3.7/site-packages/airflow/example_dags/example_branch_python_dop_operator_3.py
[2025-02-13T17:47:34.144+0000] {processor.py:766} INFO - DAG(s) dict_keys(['example_branch_dop_operator_v3']) retrieved from /home/airflow/.local/lib/python3.7/site-packages/airflow/example_dags/example_branch_python_dop_operator_3.py
[2025-02-13T17:47:34.250+0000] {logging_mixin.py:137} INFO - [2025-02-13T17:47:34.249+0000] {dag.py:2585} INFO - Sync 1 DAGs
[2025-02-13T17:47:34.313+0000] {logging_mixin.py:137} INFO - [2025-02-13T17:47:34.313+0000] {dag.py:3340} INFO - Setting next_dagrun for example_branch_dop_operator_v3 to 2025-02-13T17:46:00+00:00, run_after=2025-02-13T17:47:00+00:00
[2025-02-13T17:47:34.365+0000] {processor.py:176} INFO - Processing /home/airflow/.local/lib/python3.7/site-packages/airflow/example_dags/example_branch_python_dop_operator_3.py took 0.283 seconds
[2025-02-13T17:48:04.711+0000] {processor.py:154} INFO - Started process (PID=368) to work on /home/airflow/.local/lib/python3.7/site-packages/airflow/example_dags/example_branch_python_dop_operator_3.py
[2025-02-13T17:48:04.713+0000] {processor.py:756} INFO - Processing file /home/airflow/.local/lib/python3.7/site-packages/airflow/example_dags/example_branch_python_dop_operator_3.py for tasks to queue
[2025-02-13T17:48:04.715+0000] {logging_mixin.py:137} INFO - [2025-02-13T17:48:04.714+0000] {dagbag.py:537} INFO - Filling up the DagBag from /home/airflow/.local/lib/python3.7/site-packages/airflow/example_dags/example_branch_python_dop_operator_3.py
[2025-02-13T17:48:04.747+0000] {processor.py:766} INFO - DAG(s) dict_keys(['example_branch_dop_operator_v3']) retrieved from /home/airflow/.local/lib/python3.7/site-packages/airflow/example_dags/example_branch_python_dop_operator_3.py
[2025-02-13T17:48:04.790+0000] {logging_mixin.py:137} INFO - [2025-02-13T17:48:04.789+0000] {dag.py:2585} INFO - Sync 1 DAGs
[2025-02-13T17:48:04.830+0000] {logging_mixin.py:137} INFO - [2025-02-13T17:48:04.830+0000] {dag.py:3340} INFO - Setting next_dagrun for example_branch_dop_operator_v3 to 2025-02-13T17:47:00+00:00, run_after=2025-02-13T17:48:00+00:00
[2025-02-13T17:48:04.884+0000] {processor.py:176} INFO - Processing /home/airflow/.local/lib/python3.7/site-packages/airflow/example_dags/example_branch_python_dop_operator_3.py took 0.177 seconds
[2025-02-13T17:48:35.621+0000] {processor.py:154} INFO - Started process (PID=547) to work on /home/airflow/.local/lib/python3.7/site-packages/airflow/example_dags/example_branch_python_dop_operator_3.py
[2025-02-13T17:48:35.624+0000] {processor.py:756} INFO - Processing file /home/airflow/.local/lib/python3.7/site-packages/airflow/example_dags/example_branch_python_dop_operator_3.py for tasks to queue
[2025-02-13T17:48:35.626+0000] {logging_mixin.py:137} INFO - [2025-02-13T17:48:35.626+0000] {dagbag.py:537} INFO - Filling up the DagBag from /home/airflow/.local/lib/python3.7/site-packages/airflow/example_dags/example_branch_python_dop_operator_3.py
[2025-02-13T17:48:35.663+0000] {processor.py:766} INFO - DAG(s) dict_keys(['example_branch_dop_operator_v3']) retrieved from /home/airflow/.local/lib/python3.7/site-packages/airflow/example_dags/example_branch_python_dop_operator_3.py
[2025-02-13T17:48:35.736+0000] {logging_mixin.py:137} INFO - [2025-02-13T17:48:35.735+0000] {dag.py:2585} INFO - Sync 1 DAGs
[2025-02-13T17:48:35.780+0000] {logging_mixin.py:137} INFO - [2025-02-13T17:48:35.779+0000] {dag.py:3340} INFO - Setting next_dagrun for example_branch_dop_operator_v3 to 2025-02-13T17:47:00+00:00, run_after=2025-02-13T17:48:00+00:00
[2025-02-13T17:48:35.820+0000] {processor.py:176} INFO - Processing /home/airflow/.local/lib/python3.7/site-packages/airflow/example_dags/example_branch_python_dop_operator_3.py took 0.202 seconds
[2025-02-13T17:49:06.166+0000] {processor.py:154} INFO - Started process (PID=727) to work on /home/airflow/.local/lib/python3.7/site-packages/airflow/example_dags/example_branch_python_dop_operator_3.py
[2025-02-13T17:49:06.168+0000] {processor.py:756} INFO - Processing file /home/airflow/.local/lib/python3.7/site-packages/airflow/example_dags/example_branch_python_dop_operator_3.py for tasks to queue
[2025-02-13T17:49:06.171+0000] {logging_mixin.py:137} INFO - [2025-02-13T17:49:06.170+0000] {dagbag.py:537} INFO - Filling up the DagBag from /home/airflow/.local/lib/python3.7/site-packages/airflow/example_dags/example_branch_python_dop_operator_3.py
[2025-02-13T17:49:06.225+0000] {processor.py:766} INFO - DAG(s) dict_keys(['example_branch_dop_operator_v3']) retrieved from /home/airflow/.local/lib/python3.7/site-packages/airflow/example_dags/example_branch_python_dop_operator_3.py
[2025-02-13T17:49:06.301+0000] {logging_mixin.py:137} INFO - [2025-02-13T17:49:06.300+0000] {dag.py:2585} INFO - Sync 1 DAGs
[2025-02-13T17:49:06.346+0000] {logging_mixin.py:137} INFO - [2025-02-13T17:49:06.345+0000] {dag.py:3340} INFO - Setting next_dagrun for example_branch_dop_operator_v3 to 2025-02-13T17:48:00+00:00, run_after=2025-02-13T17:49:00+00:00
[2025-02-13T17:49:06.377+0000] {processor.py:176} INFO - Processing /home/airflow/.local/lib/python3.7/site-packages/airflow/example_dags/example_branch_python_dop_operator_3.py took 0.214 seconds
[2025-02-13T17:49:37.211+0000] {processor.py:154} INFO - Started process (PID=907) to work on /home/airflow/.local/lib/python3.7/site-packages/airflow/example_dags/example_branch_python_dop_operator_3.py
[2025-02-13T17:49:37.213+0000] {processor.py:756} INFO - Processing file /home/airflow/.local/lib/python3.7/site-packages/airflow/example_dags/example_branch_python_dop_operator_3.py for tasks to queue
[2025-02-13T17:49:37.215+0000] {logging_mixin.py:137} INFO - [2025-02-13T17:49:37.215+0000] {dagbag.py:537} INFO - Filling up the DagBag from /home/airflow/.local/lib/python3.7/site-packages/airflow/example_dags/example_branch_python_dop_operator_3.py
[2025-02-13T17:49:37.250+0000] {processor.py:766} INFO - DAG(s) dict_keys(['example_branch_dop_operator_v3']) retrieved from /home/airflow/.local/lib/python3.7/site-packages/airflow/example_dags/example_branch_python_dop_operator_3.py
[2025-02-13T17:49:37.310+0000] {logging_mixin.py:137} INFO - [2025-02-13T17:49:37.309+0000] {dag.py:2585} INFO - Sync 1 DAGs
[2025-02-13T17:49:37.353+0000] {logging_mixin.py:137} INFO - [2025-02-13T17:49:37.353+0000] {dag.py:3340} INFO - Setting next_dagrun for example_branch_dop_operator_v3 to 2025-02-13T17:48:00+00:00, run_after=2025-02-13T17:49:00+00:00
[2025-02-13T17:49:37.386+0000] {processor.py:176} INFO - Processing /home/airflow/.local/lib/python3.7/site-packages/airflow/example_dags/example_branch_python_dop_operator_3.py took 0.180 seconds
[2025-02-13T17:50:07.616+0000] {processor.py:154} INFO - Started process (PID=1087) to work on /home/airflow/.local/lib/python3.7/site-packages/airflow/example_dags/example_branch_python_dop_operator_3.py
[2025-02-13T17:50:07.618+0000] {processor.py:756} INFO - Processing file /home/airflow/.local/lib/python3.7/site-packages/airflow/example_dags/example_branch_python_dop_operator_3.py for tasks to queue
[2025-02-13T17:50:07.619+0000] {logging_mixin.py:137} INFO - [2025-02-13T17:50:07.619+0000] {dagbag.py:537} INFO - Filling up the DagBag from /home/airflow/.local/lib/python3.7/site-packages/airflow/example_dags/example_branch_python_dop_operator_3.py
[2025-02-13T17:50:07.650+0000] {processor.py:766} INFO - DAG(s) dict_keys(['example_branch_dop_operator_v3']) retrieved from /home/airflow/.local/lib/python3.7/site-packages/airflow/example_dags/example_branch_python_dop_operator_3.py
[2025-02-13T17:50:07.704+0000] {logging_mixin.py:137} INFO - [2025-02-13T17:50:07.704+0000] {dag.py:2585} INFO - Sync 1 DAGs
[2025-02-13T17:50:07.746+0000] {logging_mixin.py:137} INFO - [2025-02-13T17:50:07.746+0000] {dag.py:3340} INFO - Setting next_dagrun for example_branch_dop_operator_v3 to 2025-02-13T17:49:00+00:00, run_after=2025-02-13T17:50:00+00:00
[2025-02-13T17:50:07.773+0000] {processor.py:176} INFO - Processing /home/airflow/.local/lib/python3.7/site-packages/airflow/example_dags/example_branch_python_dop_operator_3.py took 0.163 seconds
[2025-02-13T17:50:38.034+0000] {processor.py:154} INFO - Started process (PID=1267) to work on /home/airflow/.local/lib/python3.7/site-packages/airflow/example_dags/example_branch_python_dop_operator_3.py
[2025-02-13T17:50:38.036+0000] {processor.py:756} INFO - Processing file /home/airflow/.local/lib/python3.7/site-packages/airflow/example_dags/example_branch_python_dop_operator_3.py for tasks to queue
[2025-02-13T17:50:38.037+0000] {logging_mixin.py:137} INFO - [2025-02-13T17:50:38.037+0000] {dagbag.py:537} INFO - Filling up the DagBag from /home/airflow/.local/lib/python3.7/site-packages/airflow/example_dags/example_branch_python_dop_operator_3.py
[2025-02-13T17:50:38.078+0000] {processor.py:766} INFO - DAG(s) dict_keys(['example_branch_dop_operator_v3']) retrieved from /home/airflow/.local/lib/python3.7/site-packages/airflow/example_dags/example_branch_python_dop_operator_3.py
[2025-02-13T17:50:38.147+0000] {logging_mixin.py:137} INFO - [2025-02-13T17:50:38.147+0000] {dag.py:2585} INFO - Sync 1 DAGs
[2025-02-13T17:50:38.196+0000] {logging_mixin.py:137} INFO - [2025-02-13T17:50:38.196+0000] {dag.py:3340} INFO - Setting next_dagrun for example_branch_dop_operator_v3 to 2025-02-13T17:49:00+00:00, run_after=2025-02-13T17:50:00+00:00
[2025-02-13T17:50:38.232+0000] {processor.py:176} INFO - Processing /home/airflow/.local/lib/python3.7/site-packages/airflow/example_dags/example_branch_python_dop_operator_3.py took 0.203 seconds
[2025-02-13T17:51:09.181+0000] {processor.py:154} INFO - Started process (PID=1447) to work on /home/airflow/.local/lib/python3.7/site-packages/airflow/example_dags/example_branch_python_dop_operator_3.py
[2025-02-13T17:51:09.184+0000] {processor.py:756} INFO - Processing file /home/airflow/.local/lib/python3.7/site-packages/airflow/example_dags/example_branch_python_dop_operator_3.py for tasks to queue
[2025-02-13T17:51:09.186+0000] {logging_mixin.py:137} INFO - [2025-02-13T17:51:09.186+0000] {dagbag.py:537} INFO - Filling up the DagBag from /home/airflow/.local/lib/python3.7/site-packages/airflow/example_dags/example_branch_python_dop_operator_3.py
[2025-02-13T17:51:09.225+0000] {processor.py:766} INFO - DAG(s) dict_keys(['example_branch_dop_operator_v3']) retrieved from /home/airflow/.local/lib/python3.7/site-packages/airflow/example_dags/example_branch_python_dop_operator_3.py
[2025-02-13T17:51:09.280+0000] {logging_mixin.py:137} INFO - [2025-02-13T17:51:09.280+0000] {dag.py:2585} INFO - Sync 1 DAGs
[2025-02-13T17:51:09.321+0000] {logging_mixin.py:137} INFO - [2025-02-13T17:51:09.320+0000] {dag.py:3340} INFO - Setting next_dagrun for example_branch_dop_operator_v3 to 2025-02-13T17:50:00+00:00, run_after=2025-02-13T17:51:00+00:00
[2025-02-13T17:51:09.352+0000] {processor.py:176} INFO - Processing /home/airflow/.local/lib/python3.7/site-packages/airflow/example_dags/example_branch_python_dop_operator_3.py took 0.180 seconds
[2025-02-13T17:51:39.475+0000] {processor.py:154} INFO - Started process (PID=1627) to work on /home/airflow/.local/lib/python3.7/site-packages/airflow/example_dags/example_branch_python_dop_operator_3.py
[2025-02-13T17:51:39.477+0000] {processor.py:756} INFO - Processing file /home/airflow/.local/lib/python3.7/site-packages/airflow/example_dags/example_branch_python_dop_operator_3.py for tasks to queue
[2025-02-13T17:51:39.479+0000] {logging_mixin.py:137} INFO - [2025-02-13T17:51:39.479+0000] {dagbag.py:537} INFO - Filling up the DagBag from /home/airflow/.local/lib/python3.7/site-packages/airflow/example_dags/example_branch_python_dop_operator_3.py
[2025-02-13T17:51:39.507+0000] {processor.py:766} INFO - DAG(s) dict_keys(['example_branch_dop_operator_v3']) retrieved from /home/airflow/.local/lib/python3.7/site-packages/airflow/example_dags/example_branch_python_dop_operator_3.py
[2025-02-13T17:51:39.562+0000] {logging_mixin.py:137} INFO - [2025-02-13T17:51:39.561+0000] {dag.py:2585} INFO - Sync 1 DAGs
[2025-02-13T17:51:39.610+0000] {logging_mixin.py:137} INFO - [2025-02-13T17:51:39.610+0000] {dag.py:3340} INFO - Setting next_dagrun for example_branch_dop_operator_v3 to 2025-02-13T17:50:00+00:00, run_after=2025-02-13T17:51:00+00:00
[2025-02-13T17:51:39.639+0000] {processor.py:176} INFO - Processing /home/airflow/.local/lib/python3.7/site-packages/airflow/example_dags/example_branch_python_dop_operator_3.py took 0.171 seconds
