[2025-02-13T17:24:15.379+0000] {processor.py:154} INFO - Started process (PID=164) to work on /home/airflow/.local/lib/python3.7/site-packages/airflow/example_dags/example_task_group_decorator.py
[2025-02-13T17:24:15.383+0000] {processor.py:756} INFO - Processing file /home/airflow/.local/lib/python3.7/site-packages/airflow/example_dags/example_task_group_decorator.py for tasks to queue
[2025-02-13T17:24:15.388+0000] {logging_mixin.py:137} INFO - [2025-02-13T17:24:15.387+0000] {dagbag.py:537} INFO - Filling up the DagBag from /home/airflow/.local/lib/python3.7/site-packages/airflow/example_dags/example_task_group_decorator.py
[2025-02-13T17:24:15.559+0000] {processor.py:766} INFO - DAG(s) dict_keys(['example_task_group_decorator']) retrieved from /home/airflow/.local/lib/python3.7/site-packages/airflow/example_dags/example_task_group_decorator.py
[2025-02-13T17:24:15.999+0000] {logging_mixin.py:137} INFO - [2025-02-13T17:24:15.999+0000] {dag.py:2585} INFO - Sync 1 DAGs
[2025-02-13T17:24:16.091+0000] {logging_mixin.py:137} INFO - [2025-02-13T17:24:16.090+0000] {dag.py:3340} INFO - Setting next_dagrun for example_task_group_decorator to 2025-02-12T17:24:16.089633+00:00, run_after=2025-02-13T17:24:16.089633+00:00
[2025-02-13T17:24:16.200+0000] {processor.py:176} INFO - Processing /home/airflow/.local/lib/python3.7/site-packages/airflow/example_dags/example_task_group_decorator.py took 0.831 seconds
[2025-02-13T17:25:17.859+0000] {processor.py:154} INFO - Started process (PID=165) to work on /home/airflow/.local/lib/python3.7/site-packages/airflow/example_dags/example_task_group_decorator.py
[2025-02-13T17:25:17.863+0000] {processor.py:756} INFO - Processing file /home/airflow/.local/lib/python3.7/site-packages/airflow/example_dags/example_task_group_decorator.py for tasks to queue
[2025-02-13T17:25:17.866+0000] {logging_mixin.py:137} INFO - [2025-02-13T17:25:17.866+0000] {dagbag.py:537} INFO - Filling up the DagBag from /home/airflow/.local/lib/python3.7/site-packages/airflow/example_dags/example_task_group_decorator.py
[2025-02-13T17:25:17.994+0000] {processor.py:766} INFO - DAG(s) dict_keys(['example_task_group_decorator']) retrieved from /home/airflow/.local/lib/python3.7/site-packages/airflow/example_dags/example_task_group_decorator.py
[2025-02-13T17:25:18.129+0000] {logging_mixin.py:137} INFO - [2025-02-13T17:25:18.128+0000] {dag.py:2585} INFO - Sync 1 DAGs
[2025-02-13T17:25:18.202+0000] {logging_mixin.py:137} INFO - [2025-02-13T17:25:18.202+0000] {dag.py:3340} INFO - Setting next_dagrun for example_task_group_decorator to 2025-02-12T17:25:18.202292+00:00, run_after=2025-02-13T17:25:18.202292+00:00
[2025-02-13T17:25:18.276+0000] {processor.py:176} INFO - Processing /home/airflow/.local/lib/python3.7/site-packages/airflow/example_dags/example_task_group_decorator.py took 0.423 seconds
[2025-02-13T17:25:48.540+0000] {processor.py:154} INFO - Started process (PID=345) to work on /home/airflow/.local/lib/python3.7/site-packages/airflow/example_dags/example_task_group_decorator.py
[2025-02-13T17:25:48.544+0000] {processor.py:756} INFO - Processing file /home/airflow/.local/lib/python3.7/site-packages/airflow/example_dags/example_task_group_decorator.py for tasks to queue
[2025-02-13T17:25:48.547+0000] {logging_mixin.py:137} INFO - [2025-02-13T17:25:48.546+0000] {dagbag.py:537} INFO - Filling up the DagBag from /home/airflow/.local/lib/python3.7/site-packages/airflow/example_dags/example_task_group_decorator.py
[2025-02-13T17:25:48.657+0000] {processor.py:766} INFO - DAG(s) dict_keys(['example_task_group_decorator']) retrieved from /home/airflow/.local/lib/python3.7/site-packages/airflow/example_dags/example_task_group_decorator.py
[2025-02-13T17:25:48.823+0000] {logging_mixin.py:137} INFO - [2025-02-13T17:25:48.823+0000] {dag.py:2585} INFO - Sync 1 DAGs
[2025-02-13T17:25:48.893+0000] {logging_mixin.py:137} INFO - [2025-02-13T17:25:48.893+0000] {dag.py:3340} INFO - Setting next_dagrun for example_task_group_decorator to 2025-02-12T17:25:48.892726+00:00, run_after=2025-02-13T17:25:48.892726+00:00
[2025-02-13T17:25:48.959+0000] {processor.py:176} INFO - Processing /home/airflow/.local/lib/python3.7/site-packages/airflow/example_dags/example_task_group_decorator.py took 0.448 seconds
[2025-02-13T17:26:19.064+0000] {processor.py:154} INFO - Started process (PID=526) to work on /home/airflow/.local/lib/python3.7/site-packages/airflow/example_dags/example_task_group_decorator.py
[2025-02-13T17:26:19.067+0000] {processor.py:756} INFO - Processing file /home/airflow/.local/lib/python3.7/site-packages/airflow/example_dags/example_task_group_decorator.py for tasks to queue
[2025-02-13T17:26:19.071+0000] {logging_mixin.py:137} INFO - [2025-02-13T17:26:19.070+0000] {dagbag.py:537} INFO - Filling up the DagBag from /home/airflow/.local/lib/python3.7/site-packages/airflow/example_dags/example_task_group_decorator.py
[2025-02-13T17:26:19.149+0000] {processor.py:766} INFO - DAG(s) dict_keys(['example_task_group_decorator']) retrieved from /home/airflow/.local/lib/python3.7/site-packages/airflow/example_dags/example_task_group_decorator.py
[2025-02-13T17:26:19.269+0000] {logging_mixin.py:137} INFO - [2025-02-13T17:26:19.269+0000] {dag.py:2585} INFO - Sync 1 DAGs
[2025-02-13T17:26:19.326+0000] {logging_mixin.py:137} INFO - [2025-02-13T17:26:19.326+0000] {dag.py:3340} INFO - Setting next_dagrun for example_task_group_decorator to 2025-02-12T17:26:19.325340+00:00, run_after=2025-02-13T17:26:19.325340+00:00
[2025-02-13T17:26:19.419+0000] {processor.py:176} INFO - Processing /home/airflow/.local/lib/python3.7/site-packages/airflow/example_dags/example_task_group_decorator.py took 0.360 seconds
[2025-02-13T17:26:50.269+0000] {processor.py:154} INFO - Started process (PID=706) to work on /home/airflow/.local/lib/python3.7/site-packages/airflow/example_dags/example_task_group_decorator.py
[2025-02-13T17:26:50.273+0000] {processor.py:756} INFO - Processing file /home/airflow/.local/lib/python3.7/site-packages/airflow/example_dags/example_task_group_decorator.py for tasks to queue
[2025-02-13T17:26:50.284+0000] {logging_mixin.py:137} INFO - [2025-02-13T17:26:50.276+0000] {dagbag.py:537} INFO - Filling up the DagBag from /home/airflow/.local/lib/python3.7/site-packages/airflow/example_dags/example_task_group_decorator.py
[2025-02-13T17:26:50.392+0000] {processor.py:766} INFO - DAG(s) dict_keys(['example_task_group_decorator']) retrieved from /home/airflow/.local/lib/python3.7/site-packages/airflow/example_dags/example_task_group_decorator.py
[2025-02-13T17:26:50.448+0000] {logging_mixin.py:137} INFO - [2025-02-13T17:26:50.448+0000] {dag.py:2585} INFO - Sync 1 DAGs
[2025-02-13T17:26:50.514+0000] {logging_mixin.py:137} INFO - [2025-02-13T17:26:50.514+0000] {dag.py:3340} INFO - Setting next_dagrun for example_task_group_decorator to 2025-02-12T17:26:50.513688+00:00, run_after=2025-02-13T17:26:50.513688+00:00
[2025-02-13T17:26:50.568+0000] {processor.py:176} INFO - Processing /home/airflow/.local/lib/python3.7/site-packages/airflow/example_dags/example_task_group_decorator.py took 0.313 seconds
[2025-02-13T17:27:20.953+0000] {processor.py:154} INFO - Started process (PID=885) to work on /home/airflow/.local/lib/python3.7/site-packages/airflow/example_dags/example_task_group_decorator.py
[2025-02-13T17:27:20.956+0000] {processor.py:756} INFO - Processing file /home/airflow/.local/lib/python3.7/site-packages/airflow/example_dags/example_task_group_decorator.py for tasks to queue
[2025-02-13T17:27:20.959+0000] {logging_mixin.py:137} INFO - [2025-02-13T17:27:20.959+0000] {dagbag.py:537} INFO - Filling up the DagBag from /home/airflow/.local/lib/python3.7/site-packages/airflow/example_dags/example_task_group_decorator.py
[2025-02-13T17:27:21.025+0000] {processor.py:766} INFO - DAG(s) dict_keys(['example_task_group_decorator']) retrieved from /home/airflow/.local/lib/python3.7/site-packages/airflow/example_dags/example_task_group_decorator.py
[2025-02-13T17:27:21.165+0000] {logging_mixin.py:137} INFO - [2025-02-13T17:27:21.164+0000] {dag.py:2585} INFO - Sync 1 DAGs
[2025-02-13T17:27:21.278+0000] {logging_mixin.py:137} INFO - [2025-02-13T17:27:21.278+0000] {dag.py:3340} INFO - Setting next_dagrun for example_task_group_decorator to 2025-02-12T17:27:21.277627+00:00, run_after=2025-02-13T17:27:21.277627+00:00
[2025-02-13T17:27:21.387+0000] {processor.py:176} INFO - Processing /home/airflow/.local/lib/python3.7/site-packages/airflow/example_dags/example_task_group_decorator.py took 0.442 seconds
[2025-02-13T17:27:51.525+0000] {processor.py:154} INFO - Started process (PID=1066) to work on /home/airflow/.local/lib/python3.7/site-packages/airflow/example_dags/example_task_group_decorator.py
[2025-02-13T17:27:51.528+0000] {processor.py:756} INFO - Processing file /home/airflow/.local/lib/python3.7/site-packages/airflow/example_dags/example_task_group_decorator.py for tasks to queue
[2025-02-13T17:27:51.529+0000] {logging_mixin.py:137} INFO - [2025-02-13T17:27:51.529+0000] {dagbag.py:537} INFO - Filling up the DagBag from /home/airflow/.local/lib/python3.7/site-packages/airflow/example_dags/example_task_group_decorator.py
[2025-02-13T17:27:51.592+0000] {processor.py:766} INFO - DAG(s) dict_keys(['example_task_group_decorator']) retrieved from /home/airflow/.local/lib/python3.7/site-packages/airflow/example_dags/example_task_group_decorator.py
[2025-02-13T17:27:51.644+0000] {logging_mixin.py:137} INFO - [2025-02-13T17:27:51.644+0000] {dag.py:2585} INFO - Sync 1 DAGs
[2025-02-13T17:27:51.690+0000] {logging_mixin.py:137} INFO - [2025-02-13T17:27:51.689+0000] {dag.py:3340} INFO - Setting next_dagrun for example_task_group_decorator to 2025-02-12T17:27:51.689298+00:00, run_after=2025-02-13T17:27:51.689298+00:00
[2025-02-13T17:27:51.743+0000] {processor.py:176} INFO - Processing /home/airflow/.local/lib/python3.7/site-packages/airflow/example_dags/example_task_group_decorator.py took 0.229 seconds
[2025-02-13T17:28:22.514+0000] {processor.py:154} INFO - Started process (PID=1247) to work on /home/airflow/.local/lib/python3.7/site-packages/airflow/example_dags/example_task_group_decorator.py
[2025-02-13T17:28:22.518+0000] {processor.py:756} INFO - Processing file /home/airflow/.local/lib/python3.7/site-packages/airflow/example_dags/example_task_group_decorator.py for tasks to queue
[2025-02-13T17:28:22.521+0000] {logging_mixin.py:137} INFO - [2025-02-13T17:28:22.520+0000] {dagbag.py:537} INFO - Filling up the DagBag from /home/airflow/.local/lib/python3.7/site-packages/airflow/example_dags/example_task_group_decorator.py
[2025-02-13T17:28:22.690+0000] {processor.py:766} INFO - DAG(s) dict_keys(['example_task_group_decorator']) retrieved from /home/airflow/.local/lib/python3.7/site-packages/airflow/example_dags/example_task_group_decorator.py
[2025-02-13T17:28:22.764+0000] {logging_mixin.py:137} INFO - [2025-02-13T17:28:22.763+0000] {dag.py:2585} INFO - Sync 1 DAGs
[2025-02-13T17:28:22.838+0000] {logging_mixin.py:137} INFO - [2025-02-13T17:28:22.838+0000] {dag.py:3340} INFO - Setting next_dagrun for example_task_group_decorator to 2025-02-12T17:28:22.837514+00:00, run_after=2025-02-13T17:28:22.837514+00:00
[2025-02-13T17:28:22.917+0000] {processor.py:176} INFO - Processing /home/airflow/.local/lib/python3.7/site-packages/airflow/example_dags/example_task_group_decorator.py took 0.409 seconds
[2025-02-13T17:28:53.108+0000] {processor.py:154} INFO - Started process (PID=1426) to work on /home/airflow/.local/lib/python3.7/site-packages/airflow/example_dags/example_task_group_decorator.py
[2025-02-13T17:28:53.112+0000] {processor.py:756} INFO - Processing file /home/airflow/.local/lib/python3.7/site-packages/airflow/example_dags/example_task_group_decorator.py for tasks to queue
[2025-02-13T17:28:53.116+0000] {logging_mixin.py:137} INFO - [2025-02-13T17:28:53.115+0000] {dagbag.py:537} INFO - Filling up the DagBag from /home/airflow/.local/lib/python3.7/site-packages/airflow/example_dags/example_task_group_decorator.py
[2025-02-13T17:28:53.175+0000] {processor.py:766} INFO - DAG(s) dict_keys(['example_task_group_decorator']) retrieved from /home/airflow/.local/lib/python3.7/site-packages/airflow/example_dags/example_task_group_decorator.py
[2025-02-13T17:28:53.226+0000] {logging_mixin.py:137} INFO - [2025-02-13T17:28:53.226+0000] {dag.py:2585} INFO - Sync 1 DAGs
[2025-02-13T17:28:53.274+0000] {logging_mixin.py:137} INFO - [2025-02-13T17:28:53.273+0000] {dag.py:3340} INFO - Setting next_dagrun for example_task_group_decorator to 2025-02-12T17:28:53.273287+00:00, run_after=2025-02-13T17:28:53.273287+00:00
[2025-02-13T17:28:53.326+0000] {processor.py:176} INFO - Processing /home/airflow/.local/lib/python3.7/site-packages/airflow/example_dags/example_task_group_decorator.py took 0.225 seconds
[2025-02-13T17:29:23.904+0000] {processor.py:154} INFO - Started process (PID=1606) to work on /home/airflow/.local/lib/python3.7/site-packages/airflow/example_dags/example_task_group_decorator.py
[2025-02-13T17:29:23.908+0000] {processor.py:756} INFO - Processing file /home/airflow/.local/lib/python3.7/site-packages/airflow/example_dags/example_task_group_decorator.py for tasks to queue
[2025-02-13T17:29:23.912+0000] {logging_mixin.py:137} INFO - [2025-02-13T17:29:23.912+0000] {dagbag.py:537} INFO - Filling up the DagBag from /home/airflow/.local/lib/python3.7/site-packages/airflow/example_dags/example_task_group_decorator.py
[2025-02-13T17:29:23.957+0000] {processor.py:766} INFO - DAG(s) dict_keys(['example_task_group_decorator']) retrieved from /home/airflow/.local/lib/python3.7/site-packages/airflow/example_dags/example_task_group_decorator.py
[2025-02-13T17:29:24.001+0000] {logging_mixin.py:137} INFO - [2025-02-13T17:29:24.001+0000] {dag.py:2585} INFO - Sync 1 DAGs
[2025-02-13T17:29:24.050+0000] {logging_mixin.py:137} INFO - [2025-02-13T17:29:24.050+0000] {dag.py:3340} INFO - Setting next_dagrun for example_task_group_decorator to 2025-02-12T17:29:24.050363+00:00, run_after=2025-02-13T17:29:24.050363+00:00
[2025-02-13T17:29:24.093+0000] {processor.py:176} INFO - Processing /home/airflow/.local/lib/python3.7/site-packages/airflow/example_dags/example_task_group_decorator.py took 0.197 seconds
[2025-02-13T17:29:54.374+0000] {processor.py:154} INFO - Started process (PID=1786) to work on /home/airflow/.local/lib/python3.7/site-packages/airflow/example_dags/example_task_group_decorator.py
[2025-02-13T17:29:54.377+0000] {processor.py:756} INFO - Processing file /home/airflow/.local/lib/python3.7/site-packages/airflow/example_dags/example_task_group_decorator.py for tasks to queue
[2025-02-13T17:29:54.381+0000] {logging_mixin.py:137} INFO - [2025-02-13T17:29:54.380+0000] {dagbag.py:537} INFO - Filling up the DagBag from /home/airflow/.local/lib/python3.7/site-packages/airflow/example_dags/example_task_group_decorator.py
[2025-02-13T17:29:54.442+0000] {processor.py:766} INFO - DAG(s) dict_keys(['example_task_group_decorator']) retrieved from /home/airflow/.local/lib/python3.7/site-packages/airflow/example_dags/example_task_group_decorator.py
[2025-02-13T17:29:54.502+0000] {logging_mixin.py:137} INFO - [2025-02-13T17:29:54.501+0000] {dag.py:2585} INFO - Sync 1 DAGs
[2025-02-13T17:29:54.567+0000] {logging_mixin.py:137} INFO - [2025-02-13T17:29:54.566+0000] {dag.py:3340} INFO - Setting next_dagrun for example_task_group_decorator to 2025-02-12T17:29:54.565876+00:00, run_after=2025-02-13T17:29:54.565876+00:00
[2025-02-13T17:29:54.631+0000] {processor.py:176} INFO - Processing /home/airflow/.local/lib/python3.7/site-packages/airflow/example_dags/example_task_group_decorator.py took 0.263 seconds
[2025-02-13T17:30:24.803+0000] {processor.py:154} INFO - Started process (PID=1966) to work on /home/airflow/.local/lib/python3.7/site-packages/airflow/example_dags/example_task_group_decorator.py
[2025-02-13T17:30:24.805+0000] {processor.py:756} INFO - Processing file /home/airflow/.local/lib/python3.7/site-packages/airflow/example_dags/example_task_group_decorator.py for tasks to queue
[2025-02-13T17:30:24.808+0000] {logging_mixin.py:137} INFO - [2025-02-13T17:30:24.808+0000] {dagbag.py:537} INFO - Filling up the DagBag from /home/airflow/.local/lib/python3.7/site-packages/airflow/example_dags/example_task_group_decorator.py
[2025-02-13T17:30:24.871+0000] {processor.py:766} INFO - DAG(s) dict_keys(['example_task_group_decorator']) retrieved from /home/airflow/.local/lib/python3.7/site-packages/airflow/example_dags/example_task_group_decorator.py
[2025-02-13T17:30:24.935+0000] {logging_mixin.py:137} INFO - [2025-02-13T17:30:24.934+0000] {dag.py:2585} INFO - Sync 1 DAGs
[2025-02-13T17:30:25.004+0000] {logging_mixin.py:137} INFO - [2025-02-13T17:30:25.004+0000] {dag.py:3340} INFO - Setting next_dagrun for example_task_group_decorator to 2025-02-12T17:30:25.003011+00:00, run_after=2025-02-13T17:30:25.003011+00:00
[2025-02-13T17:30:25.080+0000] {processor.py:176} INFO - Processing /home/airflow/.local/lib/python3.7/site-packages/airflow/example_dags/example_task_group_decorator.py took 0.291 seconds
[2025-02-13T17:30:55.531+0000] {processor.py:154} INFO - Started process (PID=2147) to work on /home/airflow/.local/lib/python3.7/site-packages/airflow/example_dags/example_task_group_decorator.py
[2025-02-13T17:30:55.534+0000] {processor.py:756} INFO - Processing file /home/airflow/.local/lib/python3.7/site-packages/airflow/example_dags/example_task_group_decorator.py for tasks to queue
[2025-02-13T17:30:55.537+0000] {logging_mixin.py:137} INFO - [2025-02-13T17:30:55.536+0000] {dagbag.py:537} INFO - Filling up the DagBag from /home/airflow/.local/lib/python3.7/site-packages/airflow/example_dags/example_task_group_decorator.py
[2025-02-13T17:30:55.646+0000] {processor.py:766} INFO - DAG(s) dict_keys(['example_task_group_decorator']) retrieved from /home/airflow/.local/lib/python3.7/site-packages/airflow/example_dags/example_task_group_decorator.py
[2025-02-13T17:30:55.797+0000] {logging_mixin.py:137} INFO - [2025-02-13T17:30:55.796+0000] {dag.py:2585} INFO - Sync 1 DAGs
[2025-02-13T17:30:55.873+0000] {logging_mixin.py:137} INFO - [2025-02-13T17:30:55.873+0000] {dag.py:3340} INFO - Setting next_dagrun for example_task_group_decorator to 2025-02-12T17:30:55.873246+00:00, run_after=2025-02-13T17:30:55.873246+00:00
[2025-02-13T17:30:55.946+0000] {processor.py:176} INFO - Processing /home/airflow/.local/lib/python3.7/site-packages/airflow/example_dags/example_task_group_decorator.py took 0.428 seconds
[2025-02-13T17:31:26.176+0000] {processor.py:154} INFO - Started process (PID=2326) to work on /home/airflow/.local/lib/python3.7/site-packages/airflow/example_dags/example_task_group_decorator.py
[2025-02-13T17:31:26.179+0000] {processor.py:756} INFO - Processing file /home/airflow/.local/lib/python3.7/site-packages/airflow/example_dags/example_task_group_decorator.py for tasks to queue
[2025-02-13T17:31:26.182+0000] {logging_mixin.py:137} INFO - [2025-02-13T17:31:26.182+0000] {dagbag.py:537} INFO - Filling up the DagBag from /home/airflow/.local/lib/python3.7/site-packages/airflow/example_dags/example_task_group_decorator.py
[2025-02-13T17:31:26.238+0000] {processor.py:766} INFO - DAG(s) dict_keys(['example_task_group_decorator']) retrieved from /home/airflow/.local/lib/python3.7/site-packages/airflow/example_dags/example_task_group_decorator.py
[2025-02-13T17:31:26.372+0000] {logging_mixin.py:137} INFO - [2025-02-13T17:31:26.371+0000] {dag.py:2585} INFO - Sync 1 DAGs
[2025-02-13T17:31:26.456+0000] {logging_mixin.py:137} INFO - [2025-02-13T17:31:26.456+0000] {dag.py:3340} INFO - Setting next_dagrun for example_task_group_decorator to 2025-02-12T17:31:26.455344+00:00, run_after=2025-02-13T17:31:26.455344+00:00
[2025-02-13T17:31:26.516+0000] {processor.py:176} INFO - Processing /home/airflow/.local/lib/python3.7/site-packages/airflow/example_dags/example_task_group_decorator.py took 0.350 seconds
[2025-02-13T17:31:56.787+0000] {processor.py:154} INFO - Started process (PID=2506) to work on /home/airflow/.local/lib/python3.7/site-packages/airflow/example_dags/example_task_group_decorator.py
[2025-02-13T17:31:56.789+0000] {processor.py:756} INFO - Processing file /home/airflow/.local/lib/python3.7/site-packages/airflow/example_dags/example_task_group_decorator.py for tasks to queue
[2025-02-13T17:31:56.794+0000] {logging_mixin.py:137} INFO - [2025-02-13T17:31:56.794+0000] {dagbag.py:537} INFO - Filling up the DagBag from /home/airflow/.local/lib/python3.7/site-packages/airflow/example_dags/example_task_group_decorator.py
[2025-02-13T17:31:56.865+0000] {processor.py:766} INFO - DAG(s) dict_keys(['example_task_group_decorator']) retrieved from /home/airflow/.local/lib/python3.7/site-packages/airflow/example_dags/example_task_group_decorator.py
[2025-02-13T17:31:56.924+0000] {logging_mixin.py:137} INFO - [2025-02-13T17:31:56.924+0000] {dag.py:2585} INFO - Sync 1 DAGs
[2025-02-13T17:31:56.985+0000] {logging_mixin.py:137} INFO - [2025-02-13T17:31:56.985+0000] {dag.py:3340} INFO - Setting next_dagrun for example_task_group_decorator to 2025-02-12T17:31:56.984929+00:00, run_after=2025-02-13T17:31:56.984929+00:00
[2025-02-13T17:31:57.040+0000] {processor.py:176} INFO - Processing /home/airflow/.local/lib/python3.7/site-packages/airflow/example_dags/example_task_group_decorator.py took 0.261 seconds
[2025-02-13T17:32:27.131+0000] {processor.py:154} INFO - Started process (PID=2685) to work on /home/airflow/.local/lib/python3.7/site-packages/airflow/example_dags/example_task_group_decorator.py
[2025-02-13T17:32:27.133+0000] {processor.py:756} INFO - Processing file /home/airflow/.local/lib/python3.7/site-packages/airflow/example_dags/example_task_group_decorator.py for tasks to queue
[2025-02-13T17:32:27.135+0000] {logging_mixin.py:137} INFO - [2025-02-13T17:32:27.135+0000] {dagbag.py:537} INFO - Filling up the DagBag from /home/airflow/.local/lib/python3.7/site-packages/airflow/example_dags/example_task_group_decorator.py
[2025-02-13T17:32:27.205+0000] {processor.py:766} INFO - DAG(s) dict_keys(['example_task_group_decorator']) retrieved from /home/airflow/.local/lib/python3.7/site-packages/airflow/example_dags/example_task_group_decorator.py
[2025-02-13T17:32:27.319+0000] {logging_mixin.py:137} INFO - [2025-02-13T17:32:27.318+0000] {dag.py:2585} INFO - Sync 1 DAGs
[2025-02-13T17:32:27.383+0000] {logging_mixin.py:137} INFO - [2025-02-13T17:32:27.383+0000] {dag.py:3340} INFO - Setting next_dagrun for example_task_group_decorator to 2025-02-12T17:32:27.382959+00:00, run_after=2025-02-13T17:32:27.382959+00:00
[2025-02-13T17:32:27.456+0000] {processor.py:176} INFO - Processing /home/airflow/.local/lib/python3.7/site-packages/airflow/example_dags/example_task_group_decorator.py took 0.330 seconds
[2025-02-13T17:32:57.591+0000] {processor.py:154} INFO - Started process (PID=2866) to work on /home/airflow/.local/lib/python3.7/site-packages/airflow/example_dags/example_task_group_decorator.py
[2025-02-13T17:32:57.594+0000] {processor.py:756} INFO - Processing file /home/airflow/.local/lib/python3.7/site-packages/airflow/example_dags/example_task_group_decorator.py for tasks to queue
[2025-02-13T17:32:57.604+0000] {logging_mixin.py:137} INFO - [2025-02-13T17:32:57.603+0000] {dagbag.py:537} INFO - Filling up the DagBag from /home/airflow/.local/lib/python3.7/site-packages/airflow/example_dags/example_task_group_decorator.py
[2025-02-13T17:32:57.673+0000] {processor.py:766} INFO - DAG(s) dict_keys(['example_task_group_decorator']) retrieved from /home/airflow/.local/lib/python3.7/site-packages/airflow/example_dags/example_task_group_decorator.py
[2025-02-13T17:32:57.743+0000] {logging_mixin.py:137} INFO - [2025-02-13T17:32:57.742+0000] {dag.py:2585} INFO - Sync 1 DAGs
[2025-02-13T17:32:57.835+0000] {logging_mixin.py:137} INFO - [2025-02-13T17:32:57.835+0000] {dag.py:3340} INFO - Setting next_dagrun for example_task_group_decorator to 2025-02-12T17:32:57.834126+00:00, run_after=2025-02-13T17:32:57.834126+00:00
[2025-02-13T17:32:57.900+0000] {processor.py:176} INFO - Processing /home/airflow/.local/lib/python3.7/site-packages/airflow/example_dags/example_task_group_decorator.py took 0.326 seconds
[2025-02-13T17:33:28.663+0000] {processor.py:154} INFO - Started process (PID=3046) to work on /home/airflow/.local/lib/python3.7/site-packages/airflow/example_dags/example_task_group_decorator.py
[2025-02-13T17:33:28.665+0000] {processor.py:756} INFO - Processing file /home/airflow/.local/lib/python3.7/site-packages/airflow/example_dags/example_task_group_decorator.py for tasks to queue
[2025-02-13T17:33:28.667+0000] {logging_mixin.py:137} INFO - [2025-02-13T17:33:28.667+0000] {dagbag.py:537} INFO - Filling up the DagBag from /home/airflow/.local/lib/python3.7/site-packages/airflow/example_dags/example_task_group_decorator.py
[2025-02-13T17:33:28.722+0000] {processor.py:766} INFO - DAG(s) dict_keys(['example_task_group_decorator']) retrieved from /home/airflow/.local/lib/python3.7/site-packages/airflow/example_dags/example_task_group_decorator.py
[2025-02-13T17:33:28.803+0000] {logging_mixin.py:137} INFO - [2025-02-13T17:33:28.803+0000] {dag.py:2585} INFO - Sync 1 DAGs
[2025-02-13T17:33:28.855+0000] {logging_mixin.py:137} INFO - [2025-02-13T17:33:28.854+0000] {dag.py:3340} INFO - Setting next_dagrun for example_task_group_decorator to 2025-02-12T17:33:28.854514+00:00, run_after=2025-02-13T17:33:28.854514+00:00
[2025-02-13T17:33:28.894+0000] {processor.py:176} INFO - Processing /home/airflow/.local/lib/python3.7/site-packages/airflow/example_dags/example_task_group_decorator.py took 0.237 seconds
[2025-02-13T17:33:59.052+0000] {processor.py:154} INFO - Started process (PID=3227) to work on /home/airflow/.local/lib/python3.7/site-packages/airflow/example_dags/example_task_group_decorator.py
[2025-02-13T17:33:59.054+0000] {processor.py:756} INFO - Processing file /home/airflow/.local/lib/python3.7/site-packages/airflow/example_dags/example_task_group_decorator.py for tasks to queue
[2025-02-13T17:33:59.056+0000] {logging_mixin.py:137} INFO - [2025-02-13T17:33:59.056+0000] {dagbag.py:537} INFO - Filling up the DagBag from /home/airflow/.local/lib/python3.7/site-packages/airflow/example_dags/example_task_group_decorator.py
[2025-02-13T17:33:59.112+0000] {processor.py:766} INFO - DAG(s) dict_keys(['example_task_group_decorator']) retrieved from /home/airflow/.local/lib/python3.7/site-packages/airflow/example_dags/example_task_group_decorator.py
[2025-02-13T17:33:59.207+0000] {logging_mixin.py:137} INFO - [2025-02-13T17:33:59.206+0000] {dag.py:2585} INFO - Sync 1 DAGs
[2025-02-13T17:33:59.263+0000] {logging_mixin.py:137} INFO - [2025-02-13T17:33:59.262+0000] {dag.py:3340} INFO - Setting next_dagrun for example_task_group_decorator to 2025-02-12T17:33:59.262050+00:00, run_after=2025-02-13T17:33:59.262050+00:00
[2025-02-13T17:33:59.312+0000] {processor.py:176} INFO - Processing /home/airflow/.local/lib/python3.7/site-packages/airflow/example_dags/example_task_group_decorator.py took 0.267 seconds
[2025-02-13T17:34:30.190+0000] {processor.py:154} INFO - Started process (PID=3407) to work on /home/airflow/.local/lib/python3.7/site-packages/airflow/example_dags/example_task_group_decorator.py
[2025-02-13T17:34:30.192+0000] {processor.py:756} INFO - Processing file /home/airflow/.local/lib/python3.7/site-packages/airflow/example_dags/example_task_group_decorator.py for tasks to queue
[2025-02-13T17:34:30.194+0000] {logging_mixin.py:137} INFO - [2025-02-13T17:34:30.194+0000] {dagbag.py:537} INFO - Filling up the DagBag from /home/airflow/.local/lib/python3.7/site-packages/airflow/example_dags/example_task_group_decorator.py
[2025-02-13T17:34:30.261+0000] {processor.py:766} INFO - DAG(s) dict_keys(['example_task_group_decorator']) retrieved from /home/airflow/.local/lib/python3.7/site-packages/airflow/example_dags/example_task_group_decorator.py
[2025-02-13T17:34:30.343+0000] {logging_mixin.py:137} INFO - [2025-02-13T17:34:30.343+0000] {dag.py:2585} INFO - Sync 1 DAGs
[2025-02-13T17:34:30.392+0000] {logging_mixin.py:137} INFO - [2025-02-13T17:34:30.392+0000] {dag.py:3340} INFO - Setting next_dagrun for example_task_group_decorator to 2025-02-12T17:34:30.392195+00:00, run_after=2025-02-13T17:34:30.392195+00:00
[2025-02-13T17:34:30.437+0000] {processor.py:176} INFO - Processing /home/airflow/.local/lib/python3.7/site-packages/airflow/example_dags/example_task_group_decorator.py took 0.256 seconds
[2025-02-13T17:35:00.895+0000] {processor.py:154} INFO - Started process (PID=3587) to work on /home/airflow/.local/lib/python3.7/site-packages/airflow/example_dags/example_task_group_decorator.py
[2025-02-13T17:35:00.897+0000] {processor.py:756} INFO - Processing file /home/airflow/.local/lib/python3.7/site-packages/airflow/example_dags/example_task_group_decorator.py for tasks to queue
[2025-02-13T17:35:00.904+0000] {logging_mixin.py:137} INFO - [2025-02-13T17:35:00.903+0000] {dagbag.py:537} INFO - Filling up the DagBag from /home/airflow/.local/lib/python3.7/site-packages/airflow/example_dags/example_task_group_decorator.py
[2025-02-13T17:35:00.962+0000] {processor.py:766} INFO - DAG(s) dict_keys(['example_task_group_decorator']) retrieved from /home/airflow/.local/lib/python3.7/site-packages/airflow/example_dags/example_task_group_decorator.py
[2025-02-13T17:35:01.058+0000] {logging_mixin.py:137} INFO - [2025-02-13T17:35:01.058+0000] {dag.py:2585} INFO - Sync 1 DAGs
[2025-02-13T17:35:01.120+0000] {logging_mixin.py:137} INFO - [2025-02-13T17:35:01.119+0000] {dag.py:3340} INFO - Setting next_dagrun for example_task_group_decorator to 2025-02-12T17:35:01.119360+00:00, run_after=2025-02-13T17:35:01.119360+00:00
[2025-02-13T17:35:01.168+0000] {processor.py:176} INFO - Processing /home/airflow/.local/lib/python3.7/site-packages/airflow/example_dags/example_task_group_decorator.py took 0.281 seconds
[2025-02-13T17:35:31.458+0000] {processor.py:154} INFO - Started process (PID=3767) to work on /home/airflow/.local/lib/python3.7/site-packages/airflow/example_dags/example_task_group_decorator.py
[2025-02-13T17:35:31.460+0000] {processor.py:756} INFO - Processing file /home/airflow/.local/lib/python3.7/site-packages/airflow/example_dags/example_task_group_decorator.py for tasks to queue
[2025-02-13T17:35:31.462+0000] {logging_mixin.py:137} INFO - [2025-02-13T17:35:31.462+0000] {dagbag.py:537} INFO - Filling up the DagBag from /home/airflow/.local/lib/python3.7/site-packages/airflow/example_dags/example_task_group_decorator.py
[2025-02-13T17:35:31.516+0000] {processor.py:766} INFO - DAG(s) dict_keys(['example_task_group_decorator']) retrieved from /home/airflow/.local/lib/python3.7/site-packages/airflow/example_dags/example_task_group_decorator.py
[2025-02-13T17:35:31.591+0000] {logging_mixin.py:137} INFO - [2025-02-13T17:35:31.590+0000] {dag.py:2585} INFO - Sync 1 DAGs
[2025-02-13T17:35:31.638+0000] {logging_mixin.py:137} INFO - [2025-02-13T17:35:31.638+0000] {dag.py:3340} INFO - Setting next_dagrun for example_task_group_decorator to 2025-02-12T17:35:31.638459+00:00, run_after=2025-02-13T17:35:31.638459+00:00
[2025-02-13T17:35:31.672+0000] {processor.py:176} INFO - Processing /home/airflow/.local/lib/python3.7/site-packages/airflow/example_dags/example_task_group_decorator.py took 0.220 seconds
[2025-02-13T17:36:01.894+0000] {processor.py:154} INFO - Started process (PID=3947) to work on /home/airflow/.local/lib/python3.7/site-packages/airflow/example_dags/example_task_group_decorator.py
[2025-02-13T17:36:01.896+0000] {processor.py:756} INFO - Processing file /home/airflow/.local/lib/python3.7/site-packages/airflow/example_dags/example_task_group_decorator.py for tasks to queue
[2025-02-13T17:36:01.898+0000] {logging_mixin.py:137} INFO - [2025-02-13T17:36:01.897+0000] {dagbag.py:537} INFO - Filling up the DagBag from /home/airflow/.local/lib/python3.7/site-packages/airflow/example_dags/example_task_group_decorator.py
[2025-02-13T17:36:01.953+0000] {processor.py:766} INFO - DAG(s) dict_keys(['example_task_group_decorator']) retrieved from /home/airflow/.local/lib/python3.7/site-packages/airflow/example_dags/example_task_group_decorator.py
[2025-02-13T17:36:02.062+0000] {logging_mixin.py:137} INFO - [2025-02-13T17:36:02.062+0000] {dag.py:2585} INFO - Sync 1 DAGs
[2025-02-13T17:36:02.116+0000] {logging_mixin.py:137} INFO - [2025-02-13T17:36:02.116+0000] {dag.py:3340} INFO - Setting next_dagrun for example_task_group_decorator to 2025-02-12T17:36:02.115225+00:00, run_after=2025-02-13T17:36:02.115225+00:00
[2025-02-13T17:36:02.161+0000] {processor.py:176} INFO - Processing /home/airflow/.local/lib/python3.7/site-packages/airflow/example_dags/example_task_group_decorator.py took 0.274 seconds
[2025-02-13T17:36:32.339+0000] {processor.py:154} INFO - Started process (PID=4127) to work on /home/airflow/.local/lib/python3.7/site-packages/airflow/example_dags/example_task_group_decorator.py
[2025-02-13T17:36:32.342+0000] {processor.py:756} INFO - Processing file /home/airflow/.local/lib/python3.7/site-packages/airflow/example_dags/example_task_group_decorator.py for tasks to queue
[2025-02-13T17:36:32.344+0000] {logging_mixin.py:137} INFO - [2025-02-13T17:36:32.344+0000] {dagbag.py:537} INFO - Filling up the DagBag from /home/airflow/.local/lib/python3.7/site-packages/airflow/example_dags/example_task_group_decorator.py
[2025-02-13T17:36:32.408+0000] {processor.py:766} INFO - DAG(s) dict_keys(['example_task_group_decorator']) retrieved from /home/airflow/.local/lib/python3.7/site-packages/airflow/example_dags/example_task_group_decorator.py
[2025-02-13T17:36:32.505+0000] {logging_mixin.py:137} INFO - [2025-02-13T17:36:32.504+0000] {dag.py:2585} INFO - Sync 1 DAGs
[2025-02-13T17:36:32.569+0000] {logging_mixin.py:137} INFO - [2025-02-13T17:36:32.568+0000] {dag.py:3340} INFO - Setting next_dagrun for example_task_group_decorator to 2025-02-12T17:36:32.568290+00:00, run_after=2025-02-13T17:36:32.568290+00:00
[2025-02-13T17:36:32.614+0000] {processor.py:176} INFO - Processing /home/airflow/.local/lib/python3.7/site-packages/airflow/example_dags/example_task_group_decorator.py took 0.282 seconds
[2025-02-13T17:37:02.736+0000] {processor.py:154} INFO - Started process (PID=4307) to work on /home/airflow/.local/lib/python3.7/site-packages/airflow/example_dags/example_task_group_decorator.py
[2025-02-13T17:37:02.738+0000] {processor.py:756} INFO - Processing file /home/airflow/.local/lib/python3.7/site-packages/airflow/example_dags/example_task_group_decorator.py for tasks to queue
[2025-02-13T17:37:02.740+0000] {logging_mixin.py:137} INFO - [2025-02-13T17:37:02.739+0000] {dagbag.py:537} INFO - Filling up the DagBag from /home/airflow/.local/lib/python3.7/site-packages/airflow/example_dags/example_task_group_decorator.py
[2025-02-13T17:37:02.798+0000] {processor.py:766} INFO - DAG(s) dict_keys(['example_task_group_decorator']) retrieved from /home/airflow/.local/lib/python3.7/site-packages/airflow/example_dags/example_task_group_decorator.py
[2025-02-13T17:37:02.875+0000] {logging_mixin.py:137} INFO - [2025-02-13T17:37:02.875+0000] {dag.py:2585} INFO - Sync 1 DAGs
[2025-02-13T17:37:02.982+0000] {logging_mixin.py:137} INFO - [2025-02-13T17:37:02.982+0000] {dag.py:3340} INFO - Setting next_dagrun for example_task_group_decorator to 2025-02-12T17:37:02.981648+00:00, run_after=2025-02-13T17:37:02.981648+00:00
[2025-02-13T17:37:03.056+0000] {processor.py:176} INFO - Processing /home/airflow/.local/lib/python3.7/site-packages/airflow/example_dags/example_task_group_decorator.py took 0.327 seconds
[2025-02-13T17:37:33.357+0000] {processor.py:154} INFO - Started process (PID=4487) to work on /home/airflow/.local/lib/python3.7/site-packages/airflow/example_dags/example_task_group_decorator.py
[2025-02-13T17:37:33.359+0000] {processor.py:756} INFO - Processing file /home/airflow/.local/lib/python3.7/site-packages/airflow/example_dags/example_task_group_decorator.py for tasks to queue
[2025-02-13T17:37:33.362+0000] {logging_mixin.py:137} INFO - [2025-02-13T17:37:33.362+0000] {dagbag.py:537} INFO - Filling up the DagBag from /home/airflow/.local/lib/python3.7/site-packages/airflow/example_dags/example_task_group_decorator.py
[2025-02-13T17:37:33.416+0000] {processor.py:766} INFO - DAG(s) dict_keys(['example_task_group_decorator']) retrieved from /home/airflow/.local/lib/python3.7/site-packages/airflow/example_dags/example_task_group_decorator.py
[2025-02-13T17:37:33.517+0000] {logging_mixin.py:137} INFO - [2025-02-13T17:37:33.516+0000] {dag.py:2585} INFO - Sync 1 DAGs
[2025-02-13T17:37:33.570+0000] {logging_mixin.py:137} INFO - [2025-02-13T17:37:33.570+0000] {dag.py:3340} INFO - Setting next_dagrun for example_task_group_decorator to 2025-02-12T17:37:33.569540+00:00, run_after=2025-02-13T17:37:33.569540+00:00
[2025-02-13T17:37:33.619+0000] {processor.py:176} INFO - Processing /home/airflow/.local/lib/python3.7/site-packages/airflow/example_dags/example_task_group_decorator.py took 0.268 seconds
[2025-02-13T17:38:04.254+0000] {processor.py:154} INFO - Started process (PID=4667) to work on /home/airflow/.local/lib/python3.7/site-packages/airflow/example_dags/example_task_group_decorator.py
[2025-02-13T17:38:04.256+0000] {processor.py:756} INFO - Processing file /home/airflow/.local/lib/python3.7/site-packages/airflow/example_dags/example_task_group_decorator.py for tasks to queue
[2025-02-13T17:38:04.258+0000] {logging_mixin.py:137} INFO - [2025-02-13T17:38:04.257+0000] {dagbag.py:537} INFO - Filling up the DagBag from /home/airflow/.local/lib/python3.7/site-packages/airflow/example_dags/example_task_group_decorator.py
[2025-02-13T17:38:04.324+0000] {processor.py:766} INFO - DAG(s) dict_keys(['example_task_group_decorator']) retrieved from /home/airflow/.local/lib/python3.7/site-packages/airflow/example_dags/example_task_group_decorator.py
[2025-02-13T17:38:04.407+0000] {logging_mixin.py:137} INFO - [2025-02-13T17:38:04.407+0000] {dag.py:2585} INFO - Sync 1 DAGs
[2025-02-13T17:38:04.461+0000] {logging_mixin.py:137} INFO - [2025-02-13T17:38:04.460+0000] {dag.py:3340} INFO - Setting next_dagrun for example_task_group_decorator to 2025-02-12T17:38:04.460392+00:00, run_after=2025-02-13T17:38:04.460392+00:00
[2025-02-13T17:38:04.501+0000] {processor.py:176} INFO - Processing /home/airflow/.local/lib/python3.7/site-packages/airflow/example_dags/example_task_group_decorator.py took 0.254 seconds
[2025-02-13T17:38:35.024+0000] {processor.py:154} INFO - Started process (PID=4847) to work on /home/airflow/.local/lib/python3.7/site-packages/airflow/example_dags/example_task_group_decorator.py
[2025-02-13T17:38:35.028+0000] {processor.py:756} INFO - Processing file /home/airflow/.local/lib/python3.7/site-packages/airflow/example_dags/example_task_group_decorator.py for tasks to queue
[2025-02-13T17:38:35.033+0000] {logging_mixin.py:137} INFO - [2025-02-13T17:38:35.032+0000] {dagbag.py:537} INFO - Filling up the DagBag from /home/airflow/.local/lib/python3.7/site-packages/airflow/example_dags/example_task_group_decorator.py
[2025-02-13T17:38:35.102+0000] {processor.py:766} INFO - DAG(s) dict_keys(['example_task_group_decorator']) retrieved from /home/airflow/.local/lib/python3.7/site-packages/airflow/example_dags/example_task_group_decorator.py
[2025-02-13T17:38:35.217+0000] {logging_mixin.py:137} INFO - [2025-02-13T17:38:35.217+0000] {dag.py:2585} INFO - Sync 1 DAGs
[2025-02-13T17:38:35.290+0000] {logging_mixin.py:137} INFO - [2025-02-13T17:38:35.289+0000] {dag.py:3340} INFO - Setting next_dagrun for example_task_group_decorator to 2025-02-12T17:38:35.289093+00:00, run_after=2025-02-13T17:38:35.289093+00:00
[2025-02-13T17:38:35.338+0000] {processor.py:176} INFO - Processing /home/airflow/.local/lib/python3.7/site-packages/airflow/example_dags/example_task_group_decorator.py took 0.323 seconds
[2025-02-13T17:39:37.321+0000] {processor.py:154} INFO - Started process (PID=5027) to work on /home/airflow/.local/lib/python3.7/site-packages/airflow/example_dags/example_task_group_decorator.py
[2025-02-13T17:39:37.322+0000] {processor.py:756} INFO - Processing file /home/airflow/.local/lib/python3.7/site-packages/airflow/example_dags/example_task_group_decorator.py for tasks to queue
[2025-02-13T17:39:37.323+0000] {logging_mixin.py:137} INFO - [2025-02-13T17:39:37.323+0000] {dagbag.py:537} INFO - Filling up the DagBag from /home/airflow/.local/lib/python3.7/site-packages/airflow/example_dags/example_task_group_decorator.py
[2025-02-13T17:39:37.348+0000] {processor.py:766} INFO - DAG(s) dict_keys(['example_task_group_decorator']) retrieved from /home/airflow/.local/lib/python3.7/site-packages/airflow/example_dags/example_task_group_decorator.py
[2025-02-13T17:39:37.408+0000] {logging_mixin.py:137} INFO - [2025-02-13T17:39:37.408+0000] {dag.py:2585} INFO - Sync 1 DAGs
[2025-02-13T17:39:37.471+0000] {logging_mixin.py:137} INFO - [2025-02-13T17:39:37.471+0000] {dag.py:3340} INFO - Setting next_dagrun for example_task_group_decorator to 2025-02-12T17:39:37.468390+00:00, run_after=2025-02-13T17:39:37.468390+00:00
[2025-02-13T17:39:37.713+0000] {processor.py:176} INFO - Processing /home/airflow/.local/lib/python3.7/site-packages/airflow/example_dags/example_task_group_decorator.py took 0.396 seconds
[2025-02-13T17:40:08.095+0000] {processor.py:154} INFO - Started process (PID=5209) to work on /home/airflow/.local/lib/python3.7/site-packages/airflow/example_dags/example_task_group_decorator.py
[2025-02-13T17:40:08.099+0000] {processor.py:756} INFO - Processing file /home/airflow/.local/lib/python3.7/site-packages/airflow/example_dags/example_task_group_decorator.py for tasks to queue
[2025-02-13T17:40:08.102+0000] {logging_mixin.py:137} INFO - [2025-02-13T17:40:08.102+0000] {dagbag.py:537} INFO - Filling up the DagBag from /home/airflow/.local/lib/python3.7/site-packages/airflow/example_dags/example_task_group_decorator.py
[2025-02-13T17:40:08.213+0000] {processor.py:766} INFO - DAG(s) dict_keys(['example_task_group_decorator']) retrieved from /home/airflow/.local/lib/python3.7/site-packages/airflow/example_dags/example_task_group_decorator.py
[2025-02-13T17:40:08.330+0000] {logging_mixin.py:137} INFO - [2025-02-13T17:40:08.330+0000] {dag.py:2585} INFO - Sync 1 DAGs
[2025-02-13T17:40:08.399+0000] {logging_mixin.py:137} INFO - [2025-02-13T17:40:08.399+0000] {dag.py:3340} INFO - Setting next_dagrun for example_task_group_decorator to 2025-02-12T17:40:08.398602+00:00, run_after=2025-02-13T17:40:08.398602+00:00
[2025-02-13T17:40:08.460+0000] {processor.py:176} INFO - Processing /home/airflow/.local/lib/python3.7/site-packages/airflow/example_dags/example_task_group_decorator.py took 0.380 seconds
[2025-02-13T17:40:39.182+0000] {processor.py:154} INFO - Started process (PID=5388) to work on /home/airflow/.local/lib/python3.7/site-packages/airflow/example_dags/example_task_group_decorator.py
[2025-02-13T17:40:39.184+0000] {processor.py:756} INFO - Processing file /home/airflow/.local/lib/python3.7/site-packages/airflow/example_dags/example_task_group_decorator.py for tasks to queue
[2025-02-13T17:40:39.186+0000] {logging_mixin.py:137} INFO - [2025-02-13T17:40:39.186+0000] {dagbag.py:537} INFO - Filling up the DagBag from /home/airflow/.local/lib/python3.7/site-packages/airflow/example_dags/example_task_group_decorator.py
[2025-02-13T17:40:39.229+0000] {processor.py:766} INFO - DAG(s) dict_keys(['example_task_group_decorator']) retrieved from /home/airflow/.local/lib/python3.7/site-packages/airflow/example_dags/example_task_group_decorator.py
[2025-02-13T17:40:39.305+0000] {logging_mixin.py:137} INFO - [2025-02-13T17:40:39.305+0000] {dag.py:2585} INFO - Sync 1 DAGs
[2025-02-13T17:40:39.347+0000] {logging_mixin.py:137} INFO - [2025-02-13T17:40:39.346+0000] {dag.py:3340} INFO - Setting next_dagrun for example_task_group_decorator to 2025-02-12T17:40:39.346663+00:00, run_after=2025-02-13T17:40:39.346663+00:00
[2025-02-13T17:40:39.398+0000] {processor.py:176} INFO - Processing /home/airflow/.local/lib/python3.7/site-packages/airflow/example_dags/example_task_group_decorator.py took 0.221 seconds
[2025-02-13T17:41:10.228+0000] {processor.py:154} INFO - Started process (PID=5569) to work on /home/airflow/.local/lib/python3.7/site-packages/airflow/example_dags/example_task_group_decorator.py
[2025-02-13T17:41:10.231+0000] {processor.py:756} INFO - Processing file /home/airflow/.local/lib/python3.7/site-packages/airflow/example_dags/example_task_group_decorator.py for tasks to queue
[2025-02-13T17:41:10.234+0000] {logging_mixin.py:137} INFO - [2025-02-13T17:41:10.233+0000] {dagbag.py:537} INFO - Filling up the DagBag from /home/airflow/.local/lib/python3.7/site-packages/airflow/example_dags/example_task_group_decorator.py
[2025-02-13T17:41:10.325+0000] {processor.py:766} INFO - DAG(s) dict_keys(['example_task_group_decorator']) retrieved from /home/airflow/.local/lib/python3.7/site-packages/airflow/example_dags/example_task_group_decorator.py
[2025-02-13T17:41:10.407+0000] {logging_mixin.py:137} INFO - [2025-02-13T17:41:10.406+0000] {dag.py:2585} INFO - Sync 1 DAGs
[2025-02-13T17:41:10.457+0000] {logging_mixin.py:137} INFO - [2025-02-13T17:41:10.457+0000] {dag.py:3340} INFO - Setting next_dagrun for example_task_group_decorator to 2025-02-12T17:41:10.457024+00:00, run_after=2025-02-13T17:41:10.457024+00:00
[2025-02-13T17:41:10.513+0000] {processor.py:176} INFO - Processing /home/airflow/.local/lib/python3.7/site-packages/airflow/example_dags/example_task_group_decorator.py took 0.292 seconds
[2025-02-13T17:41:40.778+0000] {processor.py:154} INFO - Started process (PID=5748) to work on /home/airflow/.local/lib/python3.7/site-packages/airflow/example_dags/example_task_group_decorator.py
[2025-02-13T17:41:40.781+0000] {processor.py:756} INFO - Processing file /home/airflow/.local/lib/python3.7/site-packages/airflow/example_dags/example_task_group_decorator.py for tasks to queue
[2025-02-13T17:41:40.784+0000] {logging_mixin.py:137} INFO - [2025-02-13T17:41:40.784+0000] {dagbag.py:537} INFO - Filling up the DagBag from /home/airflow/.local/lib/python3.7/site-packages/airflow/example_dags/example_task_group_decorator.py
[2025-02-13T17:41:40.864+0000] {processor.py:766} INFO - DAG(s) dict_keys(['example_task_group_decorator']) retrieved from /home/airflow/.local/lib/python3.7/site-packages/airflow/example_dags/example_task_group_decorator.py
[2025-02-13T17:41:41.039+0000] {logging_mixin.py:137} INFO - [2025-02-13T17:41:41.039+0000] {dag.py:2585} INFO - Sync 1 DAGs
[2025-02-13T17:41:41.115+0000] {logging_mixin.py:137} INFO - [2025-02-13T17:41:41.115+0000] {dag.py:3340} INFO - Setting next_dagrun for example_task_group_decorator to 2025-02-12T17:41:41.114920+00:00, run_after=2025-02-13T17:41:41.114920+00:00
[2025-02-13T17:41:41.162+0000] {processor.py:176} INFO - Processing /home/airflow/.local/lib/python3.7/site-packages/airflow/example_dags/example_task_group_decorator.py took 0.399 seconds
[2025-02-13T17:42:11.395+0000] {processor.py:154} INFO - Started process (PID=5928) to work on /home/airflow/.local/lib/python3.7/site-packages/airflow/example_dags/example_task_group_decorator.py
[2025-02-13T17:42:11.398+0000] {processor.py:756} INFO - Processing file /home/airflow/.local/lib/python3.7/site-packages/airflow/example_dags/example_task_group_decorator.py for tasks to queue
[2025-02-13T17:42:11.401+0000] {logging_mixin.py:137} INFO - [2025-02-13T17:42:11.400+0000] {dagbag.py:537} INFO - Filling up the DagBag from /home/airflow/.local/lib/python3.7/site-packages/airflow/example_dags/example_task_group_decorator.py
[2025-02-13T17:42:11.480+0000] {processor.py:766} INFO - DAG(s) dict_keys(['example_task_group_decorator']) retrieved from /home/airflow/.local/lib/python3.7/site-packages/airflow/example_dags/example_task_group_decorator.py
[2025-02-13T17:42:11.636+0000] {logging_mixin.py:137} INFO - [2025-02-13T17:42:11.635+0000] {dag.py:2585} INFO - Sync 1 DAGs
[2025-02-13T17:42:11.678+0000] {logging_mixin.py:137} INFO - [2025-02-13T17:42:11.678+0000] {dag.py:3340} INFO - Setting next_dagrun for example_task_group_decorator to 2025-02-12T17:42:11.677970+00:00, run_after=2025-02-13T17:42:11.677970+00:00
[2025-02-13T17:42:11.707+0000] {processor.py:176} INFO - Processing /home/airflow/.local/lib/python3.7/site-packages/airflow/example_dags/example_task_group_decorator.py took 0.321 seconds
[2025-02-13T17:42:42.119+0000] {processor.py:154} INFO - Started process (PID=6109) to work on /home/airflow/.local/lib/python3.7/site-packages/airflow/example_dags/example_task_group_decorator.py
[2025-02-13T17:42:42.121+0000] {processor.py:756} INFO - Processing file /home/airflow/.local/lib/python3.7/site-packages/airflow/example_dags/example_task_group_decorator.py for tasks to queue
[2025-02-13T17:42:42.122+0000] {logging_mixin.py:137} INFO - [2025-02-13T17:42:42.122+0000] {dagbag.py:537} INFO - Filling up the DagBag from /home/airflow/.local/lib/python3.7/site-packages/airflow/example_dags/example_task_group_decorator.py
[2025-02-13T17:42:42.212+0000] {processor.py:766} INFO - DAG(s) dict_keys(['example_task_group_decorator']) retrieved from /home/airflow/.local/lib/python3.7/site-packages/airflow/example_dags/example_task_group_decorator.py
[2025-02-13T17:42:42.302+0000] {logging_mixin.py:137} INFO - [2025-02-13T17:42:42.301+0000] {dag.py:2585} INFO - Sync 1 DAGs
[2025-02-13T17:42:42.355+0000] {logging_mixin.py:137} INFO - [2025-02-13T17:42:42.355+0000] {dag.py:3340} INFO - Setting next_dagrun for example_task_group_decorator to 2025-02-12T17:42:42.354908+00:00, run_after=2025-02-13T17:42:42.354908+00:00
[2025-02-13T17:42:42.391+0000] {processor.py:176} INFO - Processing /home/airflow/.local/lib/python3.7/site-packages/airflow/example_dags/example_task_group_decorator.py took 0.284 seconds
[2025-02-13T17:43:12.886+0000] {processor.py:154} INFO - Started process (PID=6289) to work on /home/airflow/.local/lib/python3.7/site-packages/airflow/example_dags/example_task_group_decorator.py
[2025-02-13T17:43:12.888+0000] {processor.py:756} INFO - Processing file /home/airflow/.local/lib/python3.7/site-packages/airflow/example_dags/example_task_group_decorator.py for tasks to queue
[2025-02-13T17:43:12.890+0000] {logging_mixin.py:137} INFO - [2025-02-13T17:43:12.890+0000] {dagbag.py:537} INFO - Filling up the DagBag from /home/airflow/.local/lib/python3.7/site-packages/airflow/example_dags/example_task_group_decorator.py
[2025-02-13T17:43:12.944+0000] {processor.py:766} INFO - DAG(s) dict_keys(['example_task_group_decorator']) retrieved from /home/airflow/.local/lib/python3.7/site-packages/airflow/example_dags/example_task_group_decorator.py
[2025-02-13T17:43:13.035+0000] {logging_mixin.py:137} INFO - [2025-02-13T17:43:13.035+0000] {dag.py:2585} INFO - Sync 1 DAGs
[2025-02-13T17:43:13.087+0000] {logging_mixin.py:137} INFO - [2025-02-13T17:43:13.087+0000] {dag.py:3340} INFO - Setting next_dagrun for example_task_group_decorator to 2025-02-12T17:43:13.086626+00:00, run_after=2025-02-13T17:43:13.086626+00:00
[2025-02-13T17:43:13.131+0000] {processor.py:176} INFO - Processing /home/airflow/.local/lib/python3.7/site-packages/airflow/example_dags/example_task_group_decorator.py took 0.251 seconds
[2025-02-13T17:43:43.416+0000] {processor.py:154} INFO - Started process (PID=6469) to work on /home/airflow/.local/lib/python3.7/site-packages/airflow/example_dags/example_task_group_decorator.py
[2025-02-13T17:43:43.420+0000] {processor.py:756} INFO - Processing file /home/airflow/.local/lib/python3.7/site-packages/airflow/example_dags/example_task_group_decorator.py for tasks to queue
[2025-02-13T17:43:43.423+0000] {logging_mixin.py:137} INFO - [2025-02-13T17:43:43.422+0000] {dagbag.py:537} INFO - Filling up the DagBag from /home/airflow/.local/lib/python3.7/site-packages/airflow/example_dags/example_task_group_decorator.py
[2025-02-13T17:43:43.520+0000] {processor.py:766} INFO - DAG(s) dict_keys(['example_task_group_decorator']) retrieved from /home/airflow/.local/lib/python3.7/site-packages/airflow/example_dags/example_task_group_decorator.py
[2025-02-13T17:43:43.628+0000] {logging_mixin.py:137} INFO - [2025-02-13T17:43:43.628+0000] {dag.py:2585} INFO - Sync 1 DAGs
[2025-02-13T17:43:43.670+0000] {logging_mixin.py:137} INFO - [2025-02-13T17:43:43.670+0000] {dag.py:3340} INFO - Setting next_dagrun for example_task_group_decorator to 2025-02-12T17:43:43.669944+00:00, run_after=2025-02-13T17:43:43.669944+00:00
[2025-02-13T17:43:43.713+0000] {processor.py:176} INFO - Processing /home/airflow/.local/lib/python3.7/site-packages/airflow/example_dags/example_task_group_decorator.py took 0.309 seconds
[2025-02-13T17:44:14.051+0000] {processor.py:154} INFO - Started process (PID=6648) to work on /home/airflow/.local/lib/python3.7/site-packages/airflow/example_dags/example_task_group_decorator.py
[2025-02-13T17:44:14.053+0000] {processor.py:756} INFO - Processing file /home/airflow/.local/lib/python3.7/site-packages/airflow/example_dags/example_task_group_decorator.py for tasks to queue
[2025-02-13T17:44:14.055+0000] {logging_mixin.py:137} INFO - [2025-02-13T17:44:14.055+0000] {dagbag.py:537} INFO - Filling up the DagBag from /home/airflow/.local/lib/python3.7/site-packages/airflow/example_dags/example_task_group_decorator.py
[2025-02-13T17:44:14.110+0000] {processor.py:766} INFO - DAG(s) dict_keys(['example_task_group_decorator']) retrieved from /home/airflow/.local/lib/python3.7/site-packages/airflow/example_dags/example_task_group_decorator.py
[2025-02-13T17:44:14.198+0000] {logging_mixin.py:137} INFO - [2025-02-13T17:44:14.198+0000] {dag.py:2585} INFO - Sync 1 DAGs
[2025-02-13T17:44:14.250+0000] {logging_mixin.py:137} INFO - [2025-02-13T17:44:14.250+0000] {dag.py:3340} INFO - Setting next_dagrun for example_task_group_decorator to 2025-02-12T17:44:14.249539+00:00, run_after=2025-02-13T17:44:14.249539+00:00
[2025-02-13T17:44:14.293+0000] {processor.py:176} INFO - Processing /home/airflow/.local/lib/python3.7/site-packages/airflow/example_dags/example_task_group_decorator.py took 0.250 seconds
[2025-02-13T17:44:44.751+0000] {processor.py:154} INFO - Started process (PID=6829) to work on /home/airflow/.local/lib/python3.7/site-packages/airflow/example_dags/example_task_group_decorator.py
[2025-02-13T17:44:44.753+0000] {processor.py:756} INFO - Processing file /home/airflow/.local/lib/python3.7/site-packages/airflow/example_dags/example_task_group_decorator.py for tasks to queue
[2025-02-13T17:44:44.755+0000] {logging_mixin.py:137} INFO - [2025-02-13T17:44:44.754+0000] {dagbag.py:537} INFO - Filling up the DagBag from /home/airflow/.local/lib/python3.7/site-packages/airflow/example_dags/example_task_group_decorator.py
[2025-02-13T17:44:44.808+0000] {processor.py:766} INFO - DAG(s) dict_keys(['example_task_group_decorator']) retrieved from /home/airflow/.local/lib/python3.7/site-packages/airflow/example_dags/example_task_group_decorator.py
[2025-02-13T17:44:44.913+0000] {logging_mixin.py:137} INFO - [2025-02-13T17:44:44.913+0000] {dag.py:2585} INFO - Sync 1 DAGs
[2025-02-13T17:44:44.963+0000] {logging_mixin.py:137} INFO - [2025-02-13T17:44:44.963+0000] {dag.py:3340} INFO - Setting next_dagrun for example_task_group_decorator to 2025-02-12T17:44:44.962948+00:00, run_after=2025-02-13T17:44:44.962948+00:00
[2025-02-13T17:44:45.010+0000] {processor.py:176} INFO - Processing /home/airflow/.local/lib/python3.7/site-packages/airflow/example_dags/example_task_group_decorator.py took 0.267 seconds
[2025-02-13T17:45:15.538+0000] {processor.py:154} INFO - Started process (PID=7009) to work on /home/airflow/.local/lib/python3.7/site-packages/airflow/example_dags/example_task_group_decorator.py
[2025-02-13T17:45:15.540+0000] {processor.py:756} INFO - Processing file /home/airflow/.local/lib/python3.7/site-packages/airflow/example_dags/example_task_group_decorator.py for tasks to queue
[2025-02-13T17:45:15.542+0000] {logging_mixin.py:137} INFO - [2025-02-13T17:45:15.541+0000] {dagbag.py:537} INFO - Filling up the DagBag from /home/airflow/.local/lib/python3.7/site-packages/airflow/example_dags/example_task_group_decorator.py
[2025-02-13T17:45:15.593+0000] {processor.py:766} INFO - DAG(s) dict_keys(['example_task_group_decorator']) retrieved from /home/airflow/.local/lib/python3.7/site-packages/airflow/example_dags/example_task_group_decorator.py
[2025-02-13T17:45:15.656+0000] {logging_mixin.py:137} INFO - [2025-02-13T17:45:15.656+0000] {dag.py:2585} INFO - Sync 1 DAGs
[2025-02-13T17:45:15.694+0000] {logging_mixin.py:137} INFO - [2025-02-13T17:45:15.693+0000] {dag.py:3340} INFO - Setting next_dagrun for example_task_group_decorator to 2025-02-12T17:45:15.693288+00:00, run_after=2025-02-13T17:45:15.693288+00:00
[2025-02-13T17:45:15.723+0000] {processor.py:176} INFO - Processing /home/airflow/.local/lib/python3.7/site-packages/airflow/example_dags/example_task_group_decorator.py took 0.193 seconds
[2025-02-13T17:45:46.001+0000] {processor.py:154} INFO - Started process (PID=7188) to work on /home/airflow/.local/lib/python3.7/site-packages/airflow/example_dags/example_task_group_decorator.py
[2025-02-13T17:45:46.004+0000] {processor.py:756} INFO - Processing file /home/airflow/.local/lib/python3.7/site-packages/airflow/example_dags/example_task_group_decorator.py for tasks to queue
[2025-02-13T17:45:46.006+0000] {logging_mixin.py:137} INFO - [2025-02-13T17:45:46.006+0000] {dagbag.py:537} INFO - Filling up the DagBag from /home/airflow/.local/lib/python3.7/site-packages/airflow/example_dags/example_task_group_decorator.py
[2025-02-13T17:45:46.060+0000] {processor.py:766} INFO - DAG(s) dict_keys(['example_task_group_decorator']) retrieved from /home/airflow/.local/lib/python3.7/site-packages/airflow/example_dags/example_task_group_decorator.py
[2025-02-13T17:45:46.163+0000] {logging_mixin.py:137} INFO - [2025-02-13T17:45:46.163+0000] {dag.py:2585} INFO - Sync 1 DAGs
[2025-02-13T17:45:46.216+0000] {logging_mixin.py:137} INFO - [2025-02-13T17:45:46.216+0000] {dag.py:3340} INFO - Setting next_dagrun for example_task_group_decorator to 2025-02-12T17:45:46.215722+00:00, run_after=2025-02-13T17:45:46.215722+00:00
[2025-02-13T17:45:46.263+0000] {processor.py:176} INFO - Processing /home/airflow/.local/lib/python3.7/site-packages/airflow/example_dags/example_task_group_decorator.py took 0.267 seconds
[2025-02-13T17:46:16.543+0000] {processor.py:154} INFO - Started process (PID=7369) to work on /home/airflow/.local/lib/python3.7/site-packages/airflow/example_dags/example_task_group_decorator.py
[2025-02-13T17:46:16.546+0000] {processor.py:756} INFO - Processing file /home/airflow/.local/lib/python3.7/site-packages/airflow/example_dags/example_task_group_decorator.py for tasks to queue
[2025-02-13T17:46:16.549+0000] {logging_mixin.py:137} INFO - [2025-02-13T17:46:16.548+0000] {dagbag.py:537} INFO - Filling up the DagBag from /home/airflow/.local/lib/python3.7/site-packages/airflow/example_dags/example_task_group_decorator.py
[2025-02-13T17:46:16.607+0000] {processor.py:766} INFO - DAG(s) dict_keys(['example_task_group_decorator']) retrieved from /home/airflow/.local/lib/python3.7/site-packages/airflow/example_dags/example_task_group_decorator.py
[2025-02-13T17:46:16.713+0000] {logging_mixin.py:137} INFO - [2025-02-13T17:46:16.712+0000] {dag.py:2585} INFO - Sync 1 DAGs
[2025-02-13T17:46:16.766+0000] {logging_mixin.py:137} INFO - [2025-02-13T17:46:16.766+0000] {dag.py:3340} INFO - Setting next_dagrun for example_task_group_decorator to 2025-02-12T17:46:16.765493+00:00, run_after=2025-02-13T17:46:16.765493+00:00
[2025-02-13T17:46:16.806+0000] {processor.py:176} INFO - Processing /home/airflow/.local/lib/python3.7/site-packages/airflow/example_dags/example_task_group_decorator.py took 0.273 seconds
[2025-02-13T17:47:33.130+0000] {processor.py:154} INFO - Started process (PID=166) to work on /home/airflow/.local/lib/python3.7/site-packages/airflow/example_dags/example_task_group_decorator.py
[2025-02-13T17:47:33.133+0000] {processor.py:756} INFO - Processing file /home/airflow/.local/lib/python3.7/site-packages/airflow/example_dags/example_task_group_decorator.py for tasks to queue
[2025-02-13T17:47:33.135+0000] {logging_mixin.py:137} INFO - [2025-02-13T17:47:33.135+0000] {dagbag.py:537} INFO - Filling up the DagBag from /home/airflow/.local/lib/python3.7/site-packages/airflow/example_dags/example_task_group_decorator.py
[2025-02-13T17:47:33.306+0000] {processor.py:766} INFO - DAG(s) dict_keys(['example_task_group_decorator']) retrieved from /home/airflow/.local/lib/python3.7/site-packages/airflow/example_dags/example_task_group_decorator.py
[2025-02-13T17:47:33.454+0000] {logging_mixin.py:137} INFO - [2025-02-13T17:47:33.453+0000] {dag.py:2585} INFO - Sync 1 DAGs
[2025-02-13T17:47:33.528+0000] {logging_mixin.py:137} INFO - [2025-02-13T17:47:33.527+0000] {dag.py:3340} INFO - Setting next_dagrun for example_task_group_decorator to 2025-02-12T17:47:33.527535+00:00, run_after=2025-02-13T17:47:33.527535+00:00
[2025-02-13T17:47:33.590+0000] {processor.py:176} INFO - Processing /home/airflow/.local/lib/python3.7/site-packages/airflow/example_dags/example_task_group_decorator.py took 0.465 seconds
[2025-02-13T17:48:03.795+0000] {processor.py:154} INFO - Started process (PID=344) to work on /home/airflow/.local/lib/python3.7/site-packages/airflow/example_dags/example_task_group_decorator.py
[2025-02-13T17:48:03.798+0000] {processor.py:756} INFO - Processing file /home/airflow/.local/lib/python3.7/site-packages/airflow/example_dags/example_task_group_decorator.py for tasks to queue
[2025-02-13T17:48:03.800+0000] {logging_mixin.py:137} INFO - [2025-02-13T17:48:03.800+0000] {dagbag.py:537} INFO - Filling up the DagBag from /home/airflow/.local/lib/python3.7/site-packages/airflow/example_dags/example_task_group_decorator.py
[2025-02-13T17:48:03.858+0000] {processor.py:766} INFO - DAG(s) dict_keys(['example_task_group_decorator']) retrieved from /home/airflow/.local/lib/python3.7/site-packages/airflow/example_dags/example_task_group_decorator.py
[2025-02-13T17:48:03.920+0000] {logging_mixin.py:137} INFO - [2025-02-13T17:48:03.920+0000] {dag.py:2585} INFO - Sync 1 DAGs
[2025-02-13T17:48:04.005+0000] {logging_mixin.py:137} INFO - [2025-02-13T17:48:04.004+0000] {dag.py:3340} INFO - Setting next_dagrun for example_task_group_decorator to 2025-02-12T17:48:04.003797+00:00, run_after=2025-02-13T17:48:04.003797+00:00
[2025-02-13T17:48:04.058+0000] {processor.py:176} INFO - Processing /home/airflow/.local/lib/python3.7/site-packages/airflow/example_dags/example_task_group_decorator.py took 0.267 seconds
[2025-02-13T17:48:34.115+0000] {processor.py:154} INFO - Started process (PID=527) to work on /home/airflow/.local/lib/python3.7/site-packages/airflow/example_dags/example_task_group_decorator.py
[2025-02-13T17:48:34.118+0000] {processor.py:756} INFO - Processing file /home/airflow/.local/lib/python3.7/site-packages/airflow/example_dags/example_task_group_decorator.py for tasks to queue
[2025-02-13T17:48:34.121+0000] {logging_mixin.py:137} INFO - [2025-02-13T17:48:34.120+0000] {dagbag.py:537} INFO - Filling up the DagBag from /home/airflow/.local/lib/python3.7/site-packages/airflow/example_dags/example_task_group_decorator.py
[2025-02-13T17:48:34.170+0000] {processor.py:766} INFO - DAG(s) dict_keys(['example_task_group_decorator']) retrieved from /home/airflow/.local/lib/python3.7/site-packages/airflow/example_dags/example_task_group_decorator.py
[2025-02-13T17:48:34.248+0000] {logging_mixin.py:137} INFO - [2025-02-13T17:48:34.248+0000] {dag.py:2585} INFO - Sync 1 DAGs
[2025-02-13T17:48:34.294+0000] {logging_mixin.py:137} INFO - [2025-02-13T17:48:34.293+0000] {dag.py:3340} INFO - Setting next_dagrun for example_task_group_decorator to 2025-02-12T17:48:34.293476+00:00, run_after=2025-02-13T17:48:34.293476+00:00
[2025-02-13T17:48:34.335+0000] {processor.py:176} INFO - Processing /home/airflow/.local/lib/python3.7/site-packages/airflow/example_dags/example_task_group_decorator.py took 0.227 seconds
[2025-02-13T17:49:04.705+0000] {processor.py:154} INFO - Started process (PID=707) to work on /home/airflow/.local/lib/python3.7/site-packages/airflow/example_dags/example_task_group_decorator.py
[2025-02-13T17:49:04.708+0000] {processor.py:756} INFO - Processing file /home/airflow/.local/lib/python3.7/site-packages/airflow/example_dags/example_task_group_decorator.py for tasks to queue
[2025-02-13T17:49:04.709+0000] {logging_mixin.py:137} INFO - [2025-02-13T17:49:04.709+0000] {dagbag.py:537} INFO - Filling up the DagBag from /home/airflow/.local/lib/python3.7/site-packages/airflow/example_dags/example_task_group_decorator.py
[2025-02-13T17:49:04.759+0000] {processor.py:766} INFO - DAG(s) dict_keys(['example_task_group_decorator']) retrieved from /home/airflow/.local/lib/python3.7/site-packages/airflow/example_dags/example_task_group_decorator.py
[2025-02-13T17:49:04.821+0000] {logging_mixin.py:137} INFO - [2025-02-13T17:49:04.821+0000] {dag.py:2585} INFO - Sync 1 DAGs
[2025-02-13T17:49:04.855+0000] {logging_mixin.py:137} INFO - [2025-02-13T17:49:04.855+0000] {dag.py:3340} INFO - Setting next_dagrun for example_task_group_decorator to 2025-02-12T17:49:04.854650+00:00, run_after=2025-02-13T17:49:04.854650+00:00
[2025-02-13T17:49:04.886+0000] {processor.py:176} INFO - Processing /home/airflow/.local/lib/python3.7/site-packages/airflow/example_dags/example_task_group_decorator.py took 0.187 seconds
[2025-02-13T17:49:35.759+0000] {processor.py:154} INFO - Started process (PID=887) to work on /home/airflow/.local/lib/python3.7/site-packages/airflow/example_dags/example_task_group_decorator.py
[2025-02-13T17:49:35.761+0000] {processor.py:756} INFO - Processing file /home/airflow/.local/lib/python3.7/site-packages/airflow/example_dags/example_task_group_decorator.py for tasks to queue
[2025-02-13T17:49:35.763+0000] {logging_mixin.py:137} INFO - [2025-02-13T17:49:35.762+0000] {dagbag.py:537} INFO - Filling up the DagBag from /home/airflow/.local/lib/python3.7/site-packages/airflow/example_dags/example_task_group_decorator.py
[2025-02-13T17:49:35.816+0000] {processor.py:766} INFO - DAG(s) dict_keys(['example_task_group_decorator']) retrieved from /home/airflow/.local/lib/python3.7/site-packages/airflow/example_dags/example_task_group_decorator.py
[2025-02-13T17:49:35.875+0000] {logging_mixin.py:137} INFO - [2025-02-13T17:49:35.875+0000] {dag.py:2585} INFO - Sync 1 DAGs
[2025-02-13T17:49:35.911+0000] {logging_mixin.py:137} INFO - [2025-02-13T17:49:35.910+0000] {dag.py:3340} INFO - Setting next_dagrun for example_task_group_decorator to 2025-02-12T17:49:35.910523+00:00, run_after=2025-02-13T17:49:35.910523+00:00
[2025-02-13T17:49:35.950+0000] {processor.py:176} INFO - Processing /home/airflow/.local/lib/python3.7/site-packages/airflow/example_dags/example_task_group_decorator.py took 0.196 seconds
[2025-02-13T17:50:06.167+0000] {processor.py:154} INFO - Started process (PID=1067) to work on /home/airflow/.local/lib/python3.7/site-packages/airflow/example_dags/example_task_group_decorator.py
[2025-02-13T17:50:06.169+0000] {processor.py:756} INFO - Processing file /home/airflow/.local/lib/python3.7/site-packages/airflow/example_dags/example_task_group_decorator.py for tasks to queue
[2025-02-13T17:50:06.170+0000] {logging_mixin.py:137} INFO - [2025-02-13T17:50:06.170+0000] {dagbag.py:537} INFO - Filling up the DagBag from /home/airflow/.local/lib/python3.7/site-packages/airflow/example_dags/example_task_group_decorator.py
[2025-02-13T17:50:06.218+0000] {processor.py:766} INFO - DAG(s) dict_keys(['example_task_group_decorator']) retrieved from /home/airflow/.local/lib/python3.7/site-packages/airflow/example_dags/example_task_group_decorator.py
[2025-02-13T17:50:06.299+0000] {logging_mixin.py:137} INFO - [2025-02-13T17:50:06.299+0000] {dag.py:2585} INFO - Sync 1 DAGs
[2025-02-13T17:50:06.335+0000] {logging_mixin.py:137} INFO - [2025-02-13T17:50:06.334+0000] {dag.py:3340} INFO - Setting next_dagrun for example_task_group_decorator to 2025-02-12T17:50:06.334622+00:00, run_after=2025-02-13T17:50:06.334622+00:00
[2025-02-13T17:50:06.366+0000] {processor.py:176} INFO - Processing /home/airflow/.local/lib/python3.7/site-packages/airflow/example_dags/example_task_group_decorator.py took 0.206 seconds
[2025-02-13T17:50:36.595+0000] {processor.py:154} INFO - Started process (PID=1247) to work on /home/airflow/.local/lib/python3.7/site-packages/airflow/example_dags/example_task_group_decorator.py
[2025-02-13T17:50:36.597+0000] {processor.py:756} INFO - Processing file /home/airflow/.local/lib/python3.7/site-packages/airflow/example_dags/example_task_group_decorator.py for tasks to queue
[2025-02-13T17:50:36.599+0000] {logging_mixin.py:137} INFO - [2025-02-13T17:50:36.599+0000] {dagbag.py:537} INFO - Filling up the DagBag from /home/airflow/.local/lib/python3.7/site-packages/airflow/example_dags/example_task_group_decorator.py
[2025-02-13T17:50:36.649+0000] {processor.py:766} INFO - DAG(s) dict_keys(['example_task_group_decorator']) retrieved from /home/airflow/.local/lib/python3.7/site-packages/airflow/example_dags/example_task_group_decorator.py
[2025-02-13T17:50:36.713+0000] {logging_mixin.py:137} INFO - [2025-02-13T17:50:36.713+0000] {dag.py:2585} INFO - Sync 1 DAGs
[2025-02-13T17:50:36.747+0000] {logging_mixin.py:137} INFO - [2025-02-13T17:50:36.747+0000] {dag.py:3340} INFO - Setting next_dagrun for example_task_group_decorator to 2025-02-12T17:50:36.747012+00:00, run_after=2025-02-13T17:50:36.747012+00:00
[2025-02-13T17:50:36.782+0000] {processor.py:176} INFO - Processing /home/airflow/.local/lib/python3.7/site-packages/airflow/example_dags/example_task_group_decorator.py took 0.192 seconds
[2025-02-13T17:51:07.668+0000] {processor.py:154} INFO - Started process (PID=1426) to work on /home/airflow/.local/lib/python3.7/site-packages/airflow/example_dags/example_task_group_decorator.py
[2025-02-13T17:51:07.671+0000] {processor.py:756} INFO - Processing file /home/airflow/.local/lib/python3.7/site-packages/airflow/example_dags/example_task_group_decorator.py for tasks to queue
[2025-02-13T17:51:07.673+0000] {logging_mixin.py:137} INFO - [2025-02-13T17:51:07.672+0000] {dagbag.py:537} INFO - Filling up the DagBag from /home/airflow/.local/lib/python3.7/site-packages/airflow/example_dags/example_task_group_decorator.py
[2025-02-13T17:51:07.716+0000] {processor.py:766} INFO - DAG(s) dict_keys(['example_task_group_decorator']) retrieved from /home/airflow/.local/lib/python3.7/site-packages/airflow/example_dags/example_task_group_decorator.py
[2025-02-13T17:51:07.773+0000] {logging_mixin.py:137} INFO - [2025-02-13T17:51:07.773+0000] {dag.py:2585} INFO - Sync 1 DAGs
[2025-02-13T17:51:07.806+0000] {logging_mixin.py:137} INFO - [2025-02-13T17:51:07.805+0000] {dag.py:3340} INFO - Setting next_dagrun for example_task_group_decorator to 2025-02-12T17:51:07.805638+00:00, run_after=2025-02-13T17:51:07.805638+00:00
[2025-02-13T17:51:07.837+0000] {processor.py:176} INFO - Processing /home/airflow/.local/lib/python3.7/site-packages/airflow/example_dags/example_task_group_decorator.py took 0.173 seconds
[2025-02-13T17:51:37.936+0000] {processor.py:154} INFO - Started process (PID=1606) to work on /home/airflow/.local/lib/python3.7/site-packages/airflow/example_dags/example_task_group_decorator.py
[2025-02-13T17:51:37.938+0000] {processor.py:756} INFO - Processing file /home/airflow/.local/lib/python3.7/site-packages/airflow/example_dags/example_task_group_decorator.py for tasks to queue
[2025-02-13T17:51:37.940+0000] {logging_mixin.py:137} INFO - [2025-02-13T17:51:37.939+0000] {dagbag.py:537} INFO - Filling up the DagBag from /home/airflow/.local/lib/python3.7/site-packages/airflow/example_dags/example_task_group_decorator.py
[2025-02-13T17:51:37.982+0000] {processor.py:766} INFO - DAG(s) dict_keys(['example_task_group_decorator']) retrieved from /home/airflow/.local/lib/python3.7/site-packages/airflow/example_dags/example_task_group_decorator.py
[2025-02-13T17:51:38.044+0000] {logging_mixin.py:137} INFO - [2025-02-13T17:51:38.043+0000] {dag.py:2585} INFO - Sync 1 DAGs
[2025-02-13T17:51:38.120+0000] {logging_mixin.py:137} INFO - [2025-02-13T17:51:38.120+0000] {dag.py:3340} INFO - Setting next_dagrun for example_task_group_decorator to 2025-02-12T17:51:38.119783+00:00, run_after=2025-02-13T17:51:38.119783+00:00
[2025-02-13T17:51:38.155+0000] {processor.py:176} INFO - Processing /home/airflow/.local/lib/python3.7/site-packages/airflow/example_dags/example_task_group_decorator.py took 0.224 seconds
