[2025-02-13T17:24:20.368+0000] {processor.py:154} INFO - Started process (PID=236) to work on /home/airflow/.local/lib/python3.7/site-packages/airflow/example_dags/example_xcom.py
[2025-02-13T17:24:20.369+0000] {processor.py:756} INFO - Processing file /home/airflow/.local/lib/python3.7/site-packages/airflow/example_dags/example_xcom.py for tasks to queue
[2025-02-13T17:24:20.372+0000] {logging_mixin.py:137} INFO - [2025-02-13T17:24:20.371+0000] {dagbag.py:537} INFO - Filling up the DagBag from /home/airflow/.local/lib/python3.7/site-packages/airflow/example_dags/example_xcom.py
[2025-02-13T17:24:20.586+0000] {processor.py:766} INFO - DAG(s) dict_keys(['example_xcom']) retrieved from /home/airflow/.local/lib/python3.7/site-packages/airflow/example_dags/example_xcom.py
[2025-02-13T17:24:20.654+0000] {logging_mixin.py:137} INFO - [2025-02-13T17:24:20.654+0000] {dag.py:2585} INFO - Sync 1 DAGs
[2025-02-13T17:24:20.729+0000] {logging_mixin.py:137} INFO - [2025-02-13T17:24:20.729+0000] {dag.py:3340} INFO - Setting next_dagrun for example_xcom to 2021-01-01T00:00:00+00:00, run_after=2021-01-01T00:00:00+00:00
[2025-02-13T17:24:20.778+0000] {processor.py:176} INFO - Processing /home/airflow/.local/lib/python3.7/site-packages/airflow/example_dags/example_xcom.py took 0.421 seconds
[2025-02-13T17:25:20.916+0000] {processor.py:154} INFO - Started process (PID=236) to work on /home/airflow/.local/lib/python3.7/site-packages/airflow/example_dags/example_xcom.py
[2025-02-13T17:25:20.918+0000] {processor.py:756} INFO - Processing file /home/airflow/.local/lib/python3.7/site-packages/airflow/example_dags/example_xcom.py for tasks to queue
[2025-02-13T17:25:20.922+0000] {logging_mixin.py:137} INFO - [2025-02-13T17:25:20.922+0000] {dagbag.py:537} INFO - Filling up the DagBag from /home/airflow/.local/lib/python3.7/site-packages/airflow/example_dags/example_xcom.py
[2025-02-13T17:25:21.000+0000] {processor.py:766} INFO - DAG(s) dict_keys(['example_xcom']) retrieved from /home/airflow/.local/lib/python3.7/site-packages/airflow/example_dags/example_xcom.py
[2025-02-13T17:25:21.103+0000] {logging_mixin.py:137} INFO - [2025-02-13T17:25:21.103+0000] {dag.py:2585} INFO - Sync 1 DAGs
[2025-02-13T17:25:21.224+0000] {logging_mixin.py:137} INFO - [2025-02-13T17:25:21.223+0000] {dag.py:3340} INFO - Setting next_dagrun for example_xcom to 2021-01-01T00:00:00+00:00, run_after=2021-01-01T00:00:00+00:00
[2025-02-13T17:25:21.299+0000] {processor.py:176} INFO - Processing /home/airflow/.local/lib/python3.7/site-packages/airflow/example_dags/example_xcom.py took 0.389 seconds
[2025-02-13T17:25:52.551+0000] {processor.py:154} INFO - Started process (PID=416) to work on /home/airflow/.local/lib/python3.7/site-packages/airflow/example_dags/example_xcom.py
[2025-02-13T17:25:52.555+0000] {processor.py:756} INFO - Processing file /home/airflow/.local/lib/python3.7/site-packages/airflow/example_dags/example_xcom.py for tasks to queue
[2025-02-13T17:25:52.558+0000] {logging_mixin.py:137} INFO - [2025-02-13T17:25:52.557+0000] {dagbag.py:537} INFO - Filling up the DagBag from /home/airflow/.local/lib/python3.7/site-packages/airflow/example_dags/example_xcom.py
[2025-02-13T17:25:52.646+0000] {processor.py:766} INFO - DAG(s) dict_keys(['example_xcom']) retrieved from /home/airflow/.local/lib/python3.7/site-packages/airflow/example_dags/example_xcom.py
[2025-02-13T17:25:52.784+0000] {logging_mixin.py:137} INFO - [2025-02-13T17:25:52.783+0000] {dag.py:2585} INFO - Sync 1 DAGs
[2025-02-13T17:25:52.855+0000] {logging_mixin.py:137} INFO - [2025-02-13T17:25:52.855+0000] {dag.py:3340} INFO - Setting next_dagrun for example_xcom to 2021-01-01T00:00:00+00:00, run_after=2021-01-01T00:00:00+00:00
[2025-02-13T17:25:52.910+0000] {processor.py:176} INFO - Processing /home/airflow/.local/lib/python3.7/site-packages/airflow/example_dags/example_xcom.py took 0.366 seconds
[2025-02-13T17:26:23.142+0000] {processor.py:154} INFO - Started process (PID=597) to work on /home/airflow/.local/lib/python3.7/site-packages/airflow/example_dags/example_xcom.py
[2025-02-13T17:26:23.145+0000] {processor.py:756} INFO - Processing file /home/airflow/.local/lib/python3.7/site-packages/airflow/example_dags/example_xcom.py for tasks to queue
[2025-02-13T17:26:23.148+0000] {logging_mixin.py:137} INFO - [2025-02-13T17:26:23.147+0000] {dagbag.py:537} INFO - Filling up the DagBag from /home/airflow/.local/lib/python3.7/site-packages/airflow/example_dags/example_xcom.py
[2025-02-13T17:26:23.227+0000] {processor.py:766} INFO - DAG(s) dict_keys(['example_xcom']) retrieved from /home/airflow/.local/lib/python3.7/site-packages/airflow/example_dags/example_xcom.py
[2025-02-13T17:26:23.335+0000] {logging_mixin.py:137} INFO - [2025-02-13T17:26:23.335+0000] {dag.py:2585} INFO - Sync 1 DAGs
[2025-02-13T17:26:23.389+0000] {logging_mixin.py:137} INFO - [2025-02-13T17:26:23.389+0000] {dag.py:3340} INFO - Setting next_dagrun for example_xcom to 2021-01-01T00:00:00+00:00, run_after=2021-01-01T00:00:00+00:00
[2025-02-13T17:26:23.451+0000] {processor.py:176} INFO - Processing /home/airflow/.local/lib/python3.7/site-packages/airflow/example_dags/example_xcom.py took 0.323 seconds
[2025-02-13T17:26:53.750+0000] {processor.py:154} INFO - Started process (PID=776) to work on /home/airflow/.local/lib/python3.7/site-packages/airflow/example_dags/example_xcom.py
[2025-02-13T17:26:53.753+0000] {processor.py:756} INFO - Processing file /home/airflow/.local/lib/python3.7/site-packages/airflow/example_dags/example_xcom.py for tasks to queue
[2025-02-13T17:26:53.756+0000] {logging_mixin.py:137} INFO - [2025-02-13T17:26:53.755+0000] {dagbag.py:537} INFO - Filling up the DagBag from /home/airflow/.local/lib/python3.7/site-packages/airflow/example_dags/example_xcom.py
[2025-02-13T17:26:53.802+0000] {processor.py:766} INFO - DAG(s) dict_keys(['example_xcom']) retrieved from /home/airflow/.local/lib/python3.7/site-packages/airflow/example_dags/example_xcom.py
[2025-02-13T17:26:53.853+0000] {logging_mixin.py:137} INFO - [2025-02-13T17:26:53.852+0000] {dag.py:2585} INFO - Sync 1 DAGs
[2025-02-13T17:26:53.913+0000] {logging_mixin.py:137} INFO - [2025-02-13T17:26:53.913+0000] {dag.py:3340} INFO - Setting next_dagrun for example_xcom to 2021-01-01T00:00:00+00:00, run_after=2021-01-01T00:00:00+00:00
[2025-02-13T17:26:53.954+0000] {processor.py:176} INFO - Processing /home/airflow/.local/lib/python3.7/site-packages/airflow/example_dags/example_xcom.py took 0.209 seconds
[2025-02-13T17:27:24.430+0000] {processor.py:154} INFO - Started process (PID=957) to work on /home/airflow/.local/lib/python3.7/site-packages/airflow/example_dags/example_xcom.py
[2025-02-13T17:27:24.433+0000] {processor.py:756} INFO - Processing file /home/airflow/.local/lib/python3.7/site-packages/airflow/example_dags/example_xcom.py for tasks to queue
[2025-02-13T17:27:24.435+0000] {logging_mixin.py:137} INFO - [2025-02-13T17:27:24.435+0000] {dagbag.py:537} INFO - Filling up the DagBag from /home/airflow/.local/lib/python3.7/site-packages/airflow/example_dags/example_xcom.py
[2025-02-13T17:27:24.490+0000] {processor.py:766} INFO - DAG(s) dict_keys(['example_xcom']) retrieved from /home/airflow/.local/lib/python3.7/site-packages/airflow/example_dags/example_xcom.py
[2025-02-13T17:27:24.552+0000] {logging_mixin.py:137} INFO - [2025-02-13T17:27:24.552+0000] {dag.py:2585} INFO - Sync 1 DAGs
[2025-02-13T17:27:24.641+0000] {logging_mixin.py:137} INFO - [2025-02-13T17:27:24.641+0000] {dag.py:3340} INFO - Setting next_dagrun for example_xcom to 2021-01-01T00:00:00+00:00, run_after=2021-01-01T00:00:00+00:00
[2025-02-13T17:27:24.720+0000] {processor.py:176} INFO - Processing /home/airflow/.local/lib/python3.7/site-packages/airflow/example_dags/example_xcom.py took 0.299 seconds
[2025-02-13T17:27:54.985+0000] {processor.py:154} INFO - Started process (PID=1139) to work on /home/airflow/.local/lib/python3.7/site-packages/airflow/example_dags/example_xcom.py
[2025-02-13T17:27:54.990+0000] {processor.py:756} INFO - Processing file /home/airflow/.local/lib/python3.7/site-packages/airflow/example_dags/example_xcom.py for tasks to queue
[2025-02-13T17:27:54.993+0000] {logging_mixin.py:137} INFO - [2025-02-13T17:27:54.993+0000] {dagbag.py:537} INFO - Filling up the DagBag from /home/airflow/.local/lib/python3.7/site-packages/airflow/example_dags/example_xcom.py
[2025-02-13T17:27:55.028+0000] {processor.py:766} INFO - DAG(s) dict_keys(['example_xcom']) retrieved from /home/airflow/.local/lib/python3.7/site-packages/airflow/example_dags/example_xcom.py
[2025-02-13T17:27:55.065+0000] {logging_mixin.py:137} INFO - [2025-02-13T17:27:55.065+0000] {dag.py:2585} INFO - Sync 1 DAGs
[2025-02-13T17:27:55.106+0000] {logging_mixin.py:137} INFO - [2025-02-13T17:27:55.106+0000] {dag.py:3340} INFO - Setting next_dagrun for example_xcom to 2021-01-01T00:00:00+00:00, run_after=2021-01-01T00:00:00+00:00
[2025-02-13T17:27:55.153+0000] {processor.py:176} INFO - Processing /home/airflow/.local/lib/python3.7/site-packages/airflow/example_dags/example_xcom.py took 0.183 seconds
[2025-02-13T17:28:25.676+0000] {processor.py:154} INFO - Started process (PID=1319) to work on /home/airflow/.local/lib/python3.7/site-packages/airflow/example_dags/example_xcom.py
[2025-02-13T17:28:25.679+0000] {processor.py:756} INFO - Processing file /home/airflow/.local/lib/python3.7/site-packages/airflow/example_dags/example_xcom.py for tasks to queue
[2025-02-13T17:28:25.681+0000] {logging_mixin.py:137} INFO - [2025-02-13T17:28:25.681+0000] {dagbag.py:537} INFO - Filling up the DagBag from /home/airflow/.local/lib/python3.7/site-packages/airflow/example_dags/example_xcom.py
[2025-02-13T17:28:25.769+0000] {processor.py:766} INFO - DAG(s) dict_keys(['example_xcom']) retrieved from /home/airflow/.local/lib/python3.7/site-packages/airflow/example_dags/example_xcom.py
[2025-02-13T17:28:25.833+0000] {logging_mixin.py:137} INFO - [2025-02-13T17:28:25.832+0000] {dag.py:2585} INFO - Sync 1 DAGs
[2025-02-13T17:28:25.890+0000] {logging_mixin.py:137} INFO - [2025-02-13T17:28:25.889+0000] {dag.py:3340} INFO - Setting next_dagrun for example_xcom to 2021-01-01T00:00:00+00:00, run_after=2021-01-01T00:00:00+00:00
[2025-02-13T17:28:25.941+0000] {processor.py:176} INFO - Processing /home/airflow/.local/lib/python3.7/site-packages/airflow/example_dags/example_xcom.py took 0.270 seconds
[2025-02-13T17:28:56.566+0000] {processor.py:154} INFO - Started process (PID=1496) to work on /home/airflow/.local/lib/python3.7/site-packages/airflow/example_dags/example_xcom.py
[2025-02-13T17:28:56.568+0000] {processor.py:756} INFO - Processing file /home/airflow/.local/lib/python3.7/site-packages/airflow/example_dags/example_xcom.py for tasks to queue
[2025-02-13T17:28:56.570+0000] {logging_mixin.py:137} INFO - [2025-02-13T17:28:56.570+0000] {dagbag.py:537} INFO - Filling up the DagBag from /home/airflow/.local/lib/python3.7/site-packages/airflow/example_dags/example_xcom.py
[2025-02-13T17:28:56.627+0000] {processor.py:766} INFO - DAG(s) dict_keys(['example_xcom']) retrieved from /home/airflow/.local/lib/python3.7/site-packages/airflow/example_dags/example_xcom.py
[2025-02-13T17:28:56.683+0000] {logging_mixin.py:137} INFO - [2025-02-13T17:28:56.682+0000] {dag.py:2585} INFO - Sync 1 DAGs
[2025-02-13T17:28:56.748+0000] {logging_mixin.py:137} INFO - [2025-02-13T17:28:56.747+0000] {dag.py:3340} INFO - Setting next_dagrun for example_xcom to 2021-01-01T00:00:00+00:00, run_after=2021-01-01T00:00:00+00:00
[2025-02-13T17:28:56.798+0000] {processor.py:176} INFO - Processing /home/airflow/.local/lib/python3.7/site-packages/airflow/example_dags/example_xcom.py took 0.238 seconds
[2025-02-13T17:29:26.960+0000] {processor.py:154} INFO - Started process (PID=1676) to work on /home/airflow/.local/lib/python3.7/site-packages/airflow/example_dags/example_xcom.py
[2025-02-13T17:29:26.963+0000] {processor.py:756} INFO - Processing file /home/airflow/.local/lib/python3.7/site-packages/airflow/example_dags/example_xcom.py for tasks to queue
[2025-02-13T17:29:26.966+0000] {logging_mixin.py:137} INFO - [2025-02-13T17:29:26.966+0000] {dagbag.py:537} INFO - Filling up the DagBag from /home/airflow/.local/lib/python3.7/site-packages/airflow/example_dags/example_xcom.py
[2025-02-13T17:29:27.010+0000] {processor.py:766} INFO - DAG(s) dict_keys(['example_xcom']) retrieved from /home/airflow/.local/lib/python3.7/site-packages/airflow/example_dags/example_xcom.py
[2025-02-13T17:29:27.067+0000] {logging_mixin.py:137} INFO - [2025-02-13T17:29:27.066+0000] {dag.py:2585} INFO - Sync 1 DAGs
[2025-02-13T17:29:27.115+0000] {logging_mixin.py:137} INFO - [2025-02-13T17:29:27.115+0000] {dag.py:3340} INFO - Setting next_dagrun for example_xcom to 2021-01-01T00:00:00+00:00, run_after=2021-01-01T00:00:00+00:00
[2025-02-13T17:29:27.185+0000] {processor.py:176} INFO - Processing /home/airflow/.local/lib/python3.7/site-packages/airflow/example_dags/example_xcom.py took 0.231 seconds
[2025-02-13T17:29:58.398+0000] {processor.py:154} INFO - Started process (PID=1859) to work on /home/airflow/.local/lib/python3.7/site-packages/airflow/example_dags/example_xcom.py
[2025-02-13T17:29:58.400+0000] {processor.py:756} INFO - Processing file /home/airflow/.local/lib/python3.7/site-packages/airflow/example_dags/example_xcom.py for tasks to queue
[2025-02-13T17:29:58.404+0000] {logging_mixin.py:137} INFO - [2025-02-13T17:29:58.404+0000] {dagbag.py:537} INFO - Filling up the DagBag from /home/airflow/.local/lib/python3.7/site-packages/airflow/example_dags/example_xcom.py
[2025-02-13T17:29:58.529+0000] {processor.py:766} INFO - DAG(s) dict_keys(['example_xcom']) retrieved from /home/airflow/.local/lib/python3.7/site-packages/airflow/example_dags/example_xcom.py
[2025-02-13T17:29:58.663+0000] {logging_mixin.py:137} INFO - [2025-02-13T17:29:58.662+0000] {dag.py:2585} INFO - Sync 1 DAGs
[2025-02-13T17:29:58.805+0000] {logging_mixin.py:137} INFO - [2025-02-13T17:29:58.803+0000] {dag.py:3340} INFO - Setting next_dagrun for example_xcom to 2021-01-01T00:00:00+00:00, run_after=2021-01-01T00:00:00+00:00
[2025-02-13T17:29:58.927+0000] {processor.py:176} INFO - Processing /home/airflow/.local/lib/python3.7/site-packages/airflow/example_dags/example_xcom.py took 0.549 seconds
[2025-02-13T17:30:29.621+0000] {processor.py:154} INFO - Started process (PID=2037) to work on /home/airflow/.local/lib/python3.7/site-packages/airflow/example_dags/example_xcom.py
[2025-02-13T17:30:29.624+0000] {processor.py:756} INFO - Processing file /home/airflow/.local/lib/python3.7/site-packages/airflow/example_dags/example_xcom.py for tasks to queue
[2025-02-13T17:30:29.627+0000] {logging_mixin.py:137} INFO - [2025-02-13T17:30:29.626+0000] {dagbag.py:537} INFO - Filling up the DagBag from /home/airflow/.local/lib/python3.7/site-packages/airflow/example_dags/example_xcom.py
[2025-02-13T17:30:29.694+0000] {processor.py:766} INFO - DAG(s) dict_keys(['example_xcom']) retrieved from /home/airflow/.local/lib/python3.7/site-packages/airflow/example_dags/example_xcom.py
[2025-02-13T17:30:29.758+0000] {logging_mixin.py:137} INFO - [2025-02-13T17:30:29.757+0000] {dag.py:2585} INFO - Sync 1 DAGs
[2025-02-13T17:30:29.821+0000] {logging_mixin.py:137} INFO - [2025-02-13T17:30:29.821+0000] {dag.py:3340} INFO - Setting next_dagrun for example_xcom to 2021-01-01T00:00:00+00:00, run_after=2021-01-01T00:00:00+00:00
[2025-02-13T17:30:29.878+0000] {processor.py:176} INFO - Processing /home/airflow/.local/lib/python3.7/site-packages/airflow/example_dags/example_xcom.py took 0.267 seconds
[2025-02-13T17:31:00.831+0000] {processor.py:154} INFO - Started process (PID=2219) to work on /home/airflow/.local/lib/python3.7/site-packages/airflow/example_dags/example_xcom.py
[2025-02-13T17:31:00.835+0000] {processor.py:756} INFO - Processing file /home/airflow/.local/lib/python3.7/site-packages/airflow/example_dags/example_xcom.py for tasks to queue
[2025-02-13T17:31:00.837+0000] {logging_mixin.py:137} INFO - [2025-02-13T17:31:00.837+0000] {dagbag.py:537} INFO - Filling up the DagBag from /home/airflow/.local/lib/python3.7/site-packages/airflow/example_dags/example_xcom.py
[2025-02-13T17:31:00.890+0000] {processor.py:766} INFO - DAG(s) dict_keys(['example_xcom']) retrieved from /home/airflow/.local/lib/python3.7/site-packages/airflow/example_dags/example_xcom.py
[2025-02-13T17:31:00.940+0000] {logging_mixin.py:137} INFO - [2025-02-13T17:31:00.939+0000] {dag.py:2585} INFO - Sync 1 DAGs
[2025-02-13T17:31:00.987+0000] {logging_mixin.py:137} INFO - [2025-02-13T17:31:00.987+0000] {dag.py:3340} INFO - Setting next_dagrun for example_xcom to 2021-01-01T00:00:00+00:00, run_after=2021-01-01T00:00:00+00:00
[2025-02-13T17:31:01.053+0000] {processor.py:176} INFO - Processing /home/airflow/.local/lib/python3.7/site-packages/airflow/example_dags/example_xcom.py took 0.230 seconds
[2025-02-13T17:31:31.277+0000] {processor.py:154} INFO - Started process (PID=2399) to work on /home/airflow/.local/lib/python3.7/site-packages/airflow/example_dags/example_xcom.py
[2025-02-13T17:31:31.280+0000] {processor.py:756} INFO - Processing file /home/airflow/.local/lib/python3.7/site-packages/airflow/example_dags/example_xcom.py for tasks to queue
[2025-02-13T17:31:31.284+0000] {logging_mixin.py:137} INFO - [2025-02-13T17:31:31.283+0000] {dagbag.py:537} INFO - Filling up the DagBag from /home/airflow/.local/lib/python3.7/site-packages/airflow/example_dags/example_xcom.py
[2025-02-13T17:31:31.338+0000] {processor.py:766} INFO - DAG(s) dict_keys(['example_xcom']) retrieved from /home/airflow/.local/lib/python3.7/site-packages/airflow/example_dags/example_xcom.py
[2025-02-13T17:31:31.394+0000] {logging_mixin.py:137} INFO - [2025-02-13T17:31:31.393+0000] {dag.py:2585} INFO - Sync 1 DAGs
[2025-02-13T17:31:31.510+0000] {logging_mixin.py:137} INFO - [2025-02-13T17:31:31.510+0000] {dag.py:3340} INFO - Setting next_dagrun for example_xcom to 2021-01-01T00:00:00+00:00, run_after=2021-01-01T00:00:00+00:00
[2025-02-13T17:31:31.578+0000] {processor.py:176} INFO - Processing /home/airflow/.local/lib/python3.7/site-packages/airflow/example_dags/example_xcom.py took 0.307 seconds
[2025-02-13T17:32:02.045+0000] {processor.py:154} INFO - Started process (PID=2578) to work on /home/airflow/.local/lib/python3.7/site-packages/airflow/example_dags/example_xcom.py
[2025-02-13T17:32:02.046+0000] {processor.py:756} INFO - Processing file /home/airflow/.local/lib/python3.7/site-packages/airflow/example_dags/example_xcom.py for tasks to queue
[2025-02-13T17:32:02.049+0000] {logging_mixin.py:137} INFO - [2025-02-13T17:32:02.049+0000] {dagbag.py:537} INFO - Filling up the DagBag from /home/airflow/.local/lib/python3.7/site-packages/airflow/example_dags/example_xcom.py
[2025-02-13T17:32:02.093+0000] {processor.py:766} INFO - DAG(s) dict_keys(['example_xcom']) retrieved from /home/airflow/.local/lib/python3.7/site-packages/airflow/example_dags/example_xcom.py
[2025-02-13T17:32:02.207+0000] {logging_mixin.py:137} INFO - [2025-02-13T17:32:02.206+0000] {dag.py:2585} INFO - Sync 1 DAGs
[2025-02-13T17:32:02.280+0000] {logging_mixin.py:137} INFO - [2025-02-13T17:32:02.280+0000] {dag.py:3340} INFO - Setting next_dagrun for example_xcom to 2021-01-01T00:00:00+00:00, run_after=2021-01-01T00:00:00+00:00
[2025-02-13T17:32:02.383+0000] {processor.py:176} INFO - Processing /home/airflow/.local/lib/python3.7/site-packages/airflow/example_dags/example_xcom.py took 0.348 seconds
[2025-02-13T17:32:32.789+0000] {processor.py:154} INFO - Started process (PID=2759) to work on /home/airflow/.local/lib/python3.7/site-packages/airflow/example_dags/example_xcom.py
[2025-02-13T17:32:32.792+0000] {processor.py:756} INFO - Processing file /home/airflow/.local/lib/python3.7/site-packages/airflow/example_dags/example_xcom.py for tasks to queue
[2025-02-13T17:32:32.796+0000] {logging_mixin.py:137} INFO - [2025-02-13T17:32:32.795+0000] {dagbag.py:537} INFO - Filling up the DagBag from /home/airflow/.local/lib/python3.7/site-packages/airflow/example_dags/example_xcom.py
[2025-02-13T17:32:32.866+0000] {processor.py:766} INFO - DAG(s) dict_keys(['example_xcom']) retrieved from /home/airflow/.local/lib/python3.7/site-packages/airflow/example_dags/example_xcom.py
[2025-02-13T17:32:32.962+0000] {logging_mixin.py:137} INFO - [2025-02-13T17:32:32.961+0000] {dag.py:2585} INFO - Sync 1 DAGs
[2025-02-13T17:32:33.026+0000] {logging_mixin.py:137} INFO - [2025-02-13T17:32:33.026+0000] {dag.py:3340} INFO - Setting next_dagrun for example_xcom to 2021-01-01T00:00:00+00:00, run_after=2021-01-01T00:00:00+00:00
[2025-02-13T17:32:33.076+0000] {processor.py:176} INFO - Processing /home/airflow/.local/lib/python3.7/site-packages/airflow/example_dags/example_xcom.py took 0.298 seconds
[2025-02-13T17:33:03.553+0000] {processor.py:154} INFO - Started process (PID=2939) to work on /home/airflow/.local/lib/python3.7/site-packages/airflow/example_dags/example_xcom.py
[2025-02-13T17:33:03.556+0000] {processor.py:756} INFO - Processing file /home/airflow/.local/lib/python3.7/site-packages/airflow/example_dags/example_xcom.py for tasks to queue
[2025-02-13T17:33:03.559+0000] {logging_mixin.py:137} INFO - [2025-02-13T17:33:03.558+0000] {dagbag.py:537} INFO - Filling up the DagBag from /home/airflow/.local/lib/python3.7/site-packages/airflow/example_dags/example_xcom.py
[2025-02-13T17:33:03.620+0000] {processor.py:766} INFO - DAG(s) dict_keys(['example_xcom']) retrieved from /home/airflow/.local/lib/python3.7/site-packages/airflow/example_dags/example_xcom.py
[2025-02-13T17:33:03.682+0000] {logging_mixin.py:137} INFO - [2025-02-13T17:33:03.682+0000] {dag.py:2585} INFO - Sync 1 DAGs
[2025-02-13T17:33:03.751+0000] {logging_mixin.py:137} INFO - [2025-02-13T17:33:03.750+0000] {dag.py:3340} INFO - Setting next_dagrun for example_xcom to 2021-01-01T00:00:00+00:00, run_after=2021-01-01T00:00:00+00:00
[2025-02-13T17:33:03.798+0000] {processor.py:176} INFO - Processing /home/airflow/.local/lib/python3.7/site-packages/airflow/example_dags/example_xcom.py took 0.257 seconds
[2025-02-13T17:33:33.999+0000] {processor.py:154} INFO - Started process (PID=3119) to work on /home/airflow/.local/lib/python3.7/site-packages/airflow/example_dags/example_xcom.py
[2025-02-13T17:33:34.001+0000] {processor.py:756} INFO - Processing file /home/airflow/.local/lib/python3.7/site-packages/airflow/example_dags/example_xcom.py for tasks to queue
[2025-02-13T17:33:34.004+0000] {logging_mixin.py:137} INFO - [2025-02-13T17:33:34.003+0000] {dagbag.py:537} INFO - Filling up the DagBag from /home/airflow/.local/lib/python3.7/site-packages/airflow/example_dags/example_xcom.py
[2025-02-13T17:33:34.067+0000] {processor.py:766} INFO - DAG(s) dict_keys(['example_xcom']) retrieved from /home/airflow/.local/lib/python3.7/site-packages/airflow/example_dags/example_xcom.py
[2025-02-13T17:33:34.170+0000] {logging_mixin.py:137} INFO - [2025-02-13T17:33:34.169+0000] {dag.py:2585} INFO - Sync 1 DAGs
[2025-02-13T17:33:34.224+0000] {logging_mixin.py:137} INFO - [2025-02-13T17:33:34.224+0000] {dag.py:3340} INFO - Setting next_dagrun for example_xcom to 2021-01-01T00:00:00+00:00, run_after=2021-01-01T00:00:00+00:00
[2025-02-13T17:33:34.268+0000] {processor.py:176} INFO - Processing /home/airflow/.local/lib/python3.7/site-packages/airflow/example_dags/example_xcom.py took 0.277 seconds
[2025-02-13T17:34:04.608+0000] {processor.py:154} INFO - Started process (PID=3299) to work on /home/airflow/.local/lib/python3.7/site-packages/airflow/example_dags/example_xcom.py
[2025-02-13T17:34:04.610+0000] {processor.py:756} INFO - Processing file /home/airflow/.local/lib/python3.7/site-packages/airflow/example_dags/example_xcom.py for tasks to queue
[2025-02-13T17:34:04.612+0000] {logging_mixin.py:137} INFO - [2025-02-13T17:34:04.612+0000] {dagbag.py:537} INFO - Filling up the DagBag from /home/airflow/.local/lib/python3.7/site-packages/airflow/example_dags/example_xcom.py
[2025-02-13T17:34:04.656+0000] {processor.py:766} INFO - DAG(s) dict_keys(['example_xcom']) retrieved from /home/airflow/.local/lib/python3.7/site-packages/airflow/example_dags/example_xcom.py
[2025-02-13T17:34:04.733+0000] {logging_mixin.py:137} INFO - [2025-02-13T17:34:04.733+0000] {dag.py:2585} INFO - Sync 1 DAGs
[2025-02-13T17:34:04.777+0000] {logging_mixin.py:137} INFO - [2025-02-13T17:34:04.776+0000] {dag.py:3340} INFO - Setting next_dagrun for example_xcom to 2021-01-01T00:00:00+00:00, run_after=2021-01-01T00:00:00+00:00
[2025-02-13T17:34:04.918+0000] {processor.py:176} INFO - Processing /home/airflow/.local/lib/python3.7/site-packages/airflow/example_dags/example_xcom.py took 0.315 seconds
[2025-02-13T17:34:35.019+0000] {processor.py:154} INFO - Started process (PID=3478) to work on /home/airflow/.local/lib/python3.7/site-packages/airflow/example_dags/example_xcom.py
[2025-02-13T17:34:35.021+0000] {processor.py:756} INFO - Processing file /home/airflow/.local/lib/python3.7/site-packages/airflow/example_dags/example_xcom.py for tasks to queue
[2025-02-13T17:34:35.023+0000] {logging_mixin.py:137} INFO - [2025-02-13T17:34:35.022+0000] {dagbag.py:537} INFO - Filling up the DagBag from /home/airflow/.local/lib/python3.7/site-packages/airflow/example_dags/example_xcom.py
[2025-02-13T17:34:35.064+0000] {processor.py:766} INFO - DAG(s) dict_keys(['example_xcom']) retrieved from /home/airflow/.local/lib/python3.7/site-packages/airflow/example_dags/example_xcom.py
[2025-02-13T17:34:35.146+0000] {logging_mixin.py:137} INFO - [2025-02-13T17:34:35.146+0000] {dag.py:2585} INFO - Sync 1 DAGs
[2025-02-13T17:34:35.203+0000] {logging_mixin.py:137} INFO - [2025-02-13T17:34:35.203+0000] {dag.py:3340} INFO - Setting next_dagrun for example_xcom to 2021-01-01T00:00:00+00:00, run_after=2021-01-01T00:00:00+00:00
[2025-02-13T17:34:35.250+0000] {processor.py:176} INFO - Processing /home/airflow/.local/lib/python3.7/site-packages/airflow/example_dags/example_xcom.py took 0.235 seconds
[2025-02-13T17:35:05.409+0000] {processor.py:154} INFO - Started process (PID=3659) to work on /home/airflow/.local/lib/python3.7/site-packages/airflow/example_dags/example_xcom.py
[2025-02-13T17:35:05.410+0000] {processor.py:756} INFO - Processing file /home/airflow/.local/lib/python3.7/site-packages/airflow/example_dags/example_xcom.py for tasks to queue
[2025-02-13T17:35:05.411+0000] {logging_mixin.py:137} INFO - [2025-02-13T17:35:05.411+0000] {dagbag.py:537} INFO - Filling up the DagBag from /home/airflow/.local/lib/python3.7/site-packages/airflow/example_dags/example_xcom.py
[2025-02-13T17:35:05.450+0000] {processor.py:766} INFO - DAG(s) dict_keys(['example_xcom']) retrieved from /home/airflow/.local/lib/python3.7/site-packages/airflow/example_dags/example_xcom.py
[2025-02-13T17:35:05.522+0000] {logging_mixin.py:137} INFO - [2025-02-13T17:35:05.522+0000] {dag.py:2585} INFO - Sync 1 DAGs
[2025-02-13T17:35:05.565+0000] {logging_mixin.py:137} INFO - [2025-02-13T17:35:05.565+0000] {dag.py:3340} INFO - Setting next_dagrun for example_xcom to 2021-01-01T00:00:00+00:00, run_after=2021-01-01T00:00:00+00:00
[2025-02-13T17:35:05.602+0000] {processor.py:176} INFO - Processing /home/airflow/.local/lib/python3.7/site-packages/airflow/example_dags/example_xcom.py took 0.198 seconds
[2025-02-13T17:35:35.843+0000] {processor.py:154} INFO - Started process (PID=3839) to work on /home/airflow/.local/lib/python3.7/site-packages/airflow/example_dags/example_xcom.py
[2025-02-13T17:35:35.845+0000] {processor.py:756} INFO - Processing file /home/airflow/.local/lib/python3.7/site-packages/airflow/example_dags/example_xcom.py for tasks to queue
[2025-02-13T17:35:35.849+0000] {logging_mixin.py:137} INFO - [2025-02-13T17:35:35.849+0000] {dagbag.py:537} INFO - Filling up the DagBag from /home/airflow/.local/lib/python3.7/site-packages/airflow/example_dags/example_xcom.py
[2025-02-13T17:35:35.903+0000] {processor.py:766} INFO - DAG(s) dict_keys(['example_xcom']) retrieved from /home/airflow/.local/lib/python3.7/site-packages/airflow/example_dags/example_xcom.py
[2025-02-13T17:35:36.026+0000] {logging_mixin.py:137} INFO - [2025-02-13T17:35:36.026+0000] {dag.py:2585} INFO - Sync 1 DAGs
[2025-02-13T17:35:36.087+0000] {logging_mixin.py:137} INFO - [2025-02-13T17:35:36.087+0000] {dag.py:3340} INFO - Setting next_dagrun for example_xcom to 2021-01-01T00:00:00+00:00, run_after=2021-01-01T00:00:00+00:00
[2025-02-13T17:35:36.189+0000] {processor.py:176} INFO - Processing /home/airflow/.local/lib/python3.7/site-packages/airflow/example_dags/example_xcom.py took 0.352 seconds
[2025-02-13T17:36:06.404+0000] {processor.py:154} INFO - Started process (PID=4019) to work on /home/airflow/.local/lib/python3.7/site-packages/airflow/example_dags/example_xcom.py
[2025-02-13T17:36:06.406+0000] {processor.py:756} INFO - Processing file /home/airflow/.local/lib/python3.7/site-packages/airflow/example_dags/example_xcom.py for tasks to queue
[2025-02-13T17:36:06.408+0000] {logging_mixin.py:137} INFO - [2025-02-13T17:36:06.408+0000] {dagbag.py:537} INFO - Filling up the DagBag from /home/airflow/.local/lib/python3.7/site-packages/airflow/example_dags/example_xcom.py
[2025-02-13T17:36:06.446+0000] {processor.py:766} INFO - DAG(s) dict_keys(['example_xcom']) retrieved from /home/airflow/.local/lib/python3.7/site-packages/airflow/example_dags/example_xcom.py
[2025-02-13T17:36:06.513+0000] {logging_mixin.py:137} INFO - [2025-02-13T17:36:06.512+0000] {dag.py:2585} INFO - Sync 1 DAGs
[2025-02-13T17:36:06.555+0000] {logging_mixin.py:137} INFO - [2025-02-13T17:36:06.555+0000] {dag.py:3340} INFO - Setting next_dagrun for example_xcom to 2021-01-01T00:00:00+00:00, run_after=2021-01-01T00:00:00+00:00
[2025-02-13T17:36:06.599+0000] {processor.py:176} INFO - Processing /home/airflow/.local/lib/python3.7/site-packages/airflow/example_dags/example_xcom.py took 0.202 seconds
[2025-02-13T17:36:36.801+0000] {processor.py:154} INFO - Started process (PID=4199) to work on /home/airflow/.local/lib/python3.7/site-packages/airflow/example_dags/example_xcom.py
[2025-02-13T17:36:36.803+0000] {processor.py:756} INFO - Processing file /home/airflow/.local/lib/python3.7/site-packages/airflow/example_dags/example_xcom.py for tasks to queue
[2025-02-13T17:36:36.804+0000] {logging_mixin.py:137} INFO - [2025-02-13T17:36:36.804+0000] {dagbag.py:537} INFO - Filling up the DagBag from /home/airflow/.local/lib/python3.7/site-packages/airflow/example_dags/example_xcom.py
[2025-02-13T17:36:36.849+0000] {processor.py:766} INFO - DAG(s) dict_keys(['example_xcom']) retrieved from /home/airflow/.local/lib/python3.7/site-packages/airflow/example_dags/example_xcom.py
[2025-02-13T17:36:36.923+0000] {logging_mixin.py:137} INFO - [2025-02-13T17:36:36.923+0000] {dag.py:2585} INFO - Sync 1 DAGs
[2025-02-13T17:36:36.968+0000] {logging_mixin.py:137} INFO - [2025-02-13T17:36:36.968+0000] {dag.py:3340} INFO - Setting next_dagrun for example_xcom to 2021-01-01T00:00:00+00:00, run_after=2021-01-01T00:00:00+00:00
[2025-02-13T17:36:37.019+0000] {processor.py:176} INFO - Processing /home/airflow/.local/lib/python3.7/site-packages/airflow/example_dags/example_xcom.py took 0.224 seconds
[2025-02-13T17:37:07.210+0000] {processor.py:154} INFO - Started process (PID=4377) to work on /home/airflow/.local/lib/python3.7/site-packages/airflow/example_dags/example_xcom.py
[2025-02-13T17:37:07.212+0000] {processor.py:756} INFO - Processing file /home/airflow/.local/lib/python3.7/site-packages/airflow/example_dags/example_xcom.py for tasks to queue
[2025-02-13T17:37:07.214+0000] {logging_mixin.py:137} INFO - [2025-02-13T17:37:07.213+0000] {dagbag.py:537} INFO - Filling up the DagBag from /home/airflow/.local/lib/python3.7/site-packages/airflow/example_dags/example_xcom.py
[2025-02-13T17:37:07.255+0000] {processor.py:766} INFO - DAG(s) dict_keys(['example_xcom']) retrieved from /home/airflow/.local/lib/python3.7/site-packages/airflow/example_dags/example_xcom.py
[2025-02-13T17:37:07.321+0000] {logging_mixin.py:137} INFO - [2025-02-13T17:37:07.321+0000] {dag.py:2585} INFO - Sync 1 DAGs
[2025-02-13T17:37:07.364+0000] {logging_mixin.py:137} INFO - [2025-02-13T17:37:07.364+0000] {dag.py:3340} INFO - Setting next_dagrun for example_xcom to 2021-01-01T00:00:00+00:00, run_after=2021-01-01T00:00:00+00:00
[2025-02-13T17:37:07.397+0000] {processor.py:176} INFO - Processing /home/airflow/.local/lib/python3.7/site-packages/airflow/example_dags/example_xcom.py took 0.192 seconds
[2025-02-13T17:37:38.003+0000] {processor.py:154} INFO - Started process (PID=4557) to work on /home/airflow/.local/lib/python3.7/site-packages/airflow/example_dags/example_xcom.py
[2025-02-13T17:37:38.005+0000] {processor.py:756} INFO - Processing file /home/airflow/.local/lib/python3.7/site-packages/airflow/example_dags/example_xcom.py for tasks to queue
[2025-02-13T17:37:38.007+0000] {logging_mixin.py:137} INFO - [2025-02-13T17:37:38.007+0000] {dagbag.py:537} INFO - Filling up the DagBag from /home/airflow/.local/lib/python3.7/site-packages/airflow/example_dags/example_xcom.py
[2025-02-13T17:37:38.050+0000] {processor.py:766} INFO - DAG(s) dict_keys(['example_xcom']) retrieved from /home/airflow/.local/lib/python3.7/site-packages/airflow/example_dags/example_xcom.py
[2025-02-13T17:37:38.119+0000] {logging_mixin.py:137} INFO - [2025-02-13T17:37:38.119+0000] {dag.py:2585} INFO - Sync 1 DAGs
[2025-02-13T17:37:38.167+0000] {logging_mixin.py:137} INFO - [2025-02-13T17:37:38.167+0000] {dag.py:3340} INFO - Setting next_dagrun for example_xcom to 2021-01-01T00:00:00+00:00, run_after=2021-01-01T00:00:00+00:00
[2025-02-13T17:37:38.206+0000] {processor.py:176} INFO - Processing /home/airflow/.local/lib/python3.7/site-packages/airflow/example_dags/example_xcom.py took 0.210 seconds
[2025-02-13T17:38:08.592+0000] {processor.py:154} INFO - Started process (PID=4739) to work on /home/airflow/.local/lib/python3.7/site-packages/airflow/example_dags/example_xcom.py
[2025-02-13T17:38:08.594+0000] {processor.py:756} INFO - Processing file /home/airflow/.local/lib/python3.7/site-packages/airflow/example_dags/example_xcom.py for tasks to queue
[2025-02-13T17:38:08.596+0000] {logging_mixin.py:137} INFO - [2025-02-13T17:38:08.595+0000] {dagbag.py:537} INFO - Filling up the DagBag from /home/airflow/.local/lib/python3.7/site-packages/airflow/example_dags/example_xcom.py
[2025-02-13T17:38:08.632+0000] {processor.py:766} INFO - DAG(s) dict_keys(['example_xcom']) retrieved from /home/airflow/.local/lib/python3.7/site-packages/airflow/example_dags/example_xcom.py
[2025-02-13T17:38:08.700+0000] {logging_mixin.py:137} INFO - [2025-02-13T17:38:08.699+0000] {dag.py:2585} INFO - Sync 1 DAGs
[2025-02-13T17:38:08.742+0000] {logging_mixin.py:137} INFO - [2025-02-13T17:38:08.742+0000] {dag.py:3340} INFO - Setting next_dagrun for example_xcom to 2021-01-01T00:00:00+00:00, run_after=2021-01-01T00:00:00+00:00
[2025-02-13T17:38:08.778+0000] {processor.py:176} INFO - Processing /home/airflow/.local/lib/python3.7/site-packages/airflow/example_dags/example_xcom.py took 0.191 seconds
[2025-02-13T17:38:39.483+0000] {processor.py:154} INFO - Started process (PID=4919) to work on /home/airflow/.local/lib/python3.7/site-packages/airflow/example_dags/example_xcom.py
[2025-02-13T17:38:39.485+0000] {processor.py:756} INFO - Processing file /home/airflow/.local/lib/python3.7/site-packages/airflow/example_dags/example_xcom.py for tasks to queue
[2025-02-13T17:38:39.487+0000] {logging_mixin.py:137} INFO - [2025-02-13T17:38:39.487+0000] {dagbag.py:537} INFO - Filling up the DagBag from /home/airflow/.local/lib/python3.7/site-packages/airflow/example_dags/example_xcom.py
[2025-02-13T17:38:39.532+0000] {processor.py:766} INFO - DAG(s) dict_keys(['example_xcom']) retrieved from /home/airflow/.local/lib/python3.7/site-packages/airflow/example_dags/example_xcom.py
[2025-02-13T17:38:39.605+0000] {logging_mixin.py:137} INFO - [2025-02-13T17:38:39.605+0000] {dag.py:2585} INFO - Sync 1 DAGs
[2025-02-13T17:38:39.651+0000] {logging_mixin.py:137} INFO - [2025-02-13T17:38:39.651+0000] {dag.py:3340} INFO - Setting next_dagrun for example_xcom to 2021-01-01T00:00:00+00:00, run_after=2021-01-01T00:00:00+00:00
[2025-02-13T17:38:39.696+0000] {processor.py:176} INFO - Processing /home/airflow/.local/lib/python3.7/site-packages/airflow/example_dags/example_xcom.py took 0.218 seconds
[2025-02-13T17:39:39.822+0000] {processor.py:154} INFO - Started process (PID=5099) to work on /home/airflow/.local/lib/python3.7/site-packages/airflow/example_dags/example_xcom.py
[2025-02-13T17:39:39.834+0000] {processor.py:756} INFO - Processing file /home/airflow/.local/lib/python3.7/site-packages/airflow/example_dags/example_xcom.py for tasks to queue
[2025-02-13T17:39:39.847+0000] {logging_mixin.py:137} INFO - [2025-02-13T17:39:39.847+0000] {dagbag.py:537} INFO - Filling up the DagBag from /home/airflow/.local/lib/python3.7/site-packages/airflow/example_dags/example_xcom.py
[2025-02-13T17:39:39.965+0000] {processor.py:766} INFO - DAG(s) dict_keys(['example_xcom']) retrieved from /home/airflow/.local/lib/python3.7/site-packages/airflow/example_dags/example_xcom.py
[2025-02-13T17:39:40.068+0000] {logging_mixin.py:137} INFO - [2025-02-13T17:39:40.067+0000] {dag.py:2585} INFO - Sync 1 DAGs
[2025-02-13T17:39:40.108+0000] {logging_mixin.py:137} INFO - [2025-02-13T17:39:40.108+0000] {dag.py:3340} INFO - Setting next_dagrun for example_xcom to 2021-01-01T00:00:00+00:00, run_after=2021-01-01T00:00:00+00:00
[2025-02-13T17:39:40.142+0000] {processor.py:176} INFO - Processing /home/airflow/.local/lib/python3.7/site-packages/airflow/example_dags/example_xcom.py took 0.327 seconds
[2025-02-13T17:40:10.790+0000] {processor.py:154} INFO - Started process (PID=5279) to work on /home/airflow/.local/lib/python3.7/site-packages/airflow/example_dags/example_xcom.py
[2025-02-13T17:40:10.792+0000] {processor.py:756} INFO - Processing file /home/airflow/.local/lib/python3.7/site-packages/airflow/example_dags/example_xcom.py for tasks to queue
[2025-02-13T17:40:10.794+0000] {logging_mixin.py:137} INFO - [2025-02-13T17:40:10.794+0000] {dagbag.py:537} INFO - Filling up the DagBag from /home/airflow/.local/lib/python3.7/site-packages/airflow/example_dags/example_xcom.py
[2025-02-13T17:40:10.838+0000] {processor.py:766} INFO - DAG(s) dict_keys(['example_xcom']) retrieved from /home/airflow/.local/lib/python3.7/site-packages/airflow/example_dags/example_xcom.py
[2025-02-13T17:40:10.944+0000] {logging_mixin.py:137} INFO - [2025-02-13T17:40:10.943+0000] {dag.py:2585} INFO - Sync 1 DAGs
[2025-02-13T17:40:11.006+0000] {logging_mixin.py:137} INFO - [2025-02-13T17:40:11.006+0000] {dag.py:3340} INFO - Setting next_dagrun for example_xcom to 2021-01-01T00:00:00+00:00, run_after=2021-01-01T00:00:00+00:00
[2025-02-13T17:40:11.091+0000] {processor.py:176} INFO - Processing /home/airflow/.local/lib/python3.7/site-packages/airflow/example_dags/example_xcom.py took 0.307 seconds
[2025-02-13T17:40:41.310+0000] {processor.py:154} INFO - Started process (PID=5461) to work on /home/airflow/.local/lib/python3.7/site-packages/airflow/example_dags/example_xcom.py
[2025-02-13T17:40:41.312+0000] {processor.py:756} INFO - Processing file /home/airflow/.local/lib/python3.7/site-packages/airflow/example_dags/example_xcom.py for tasks to queue
[2025-02-13T17:40:41.316+0000] {logging_mixin.py:137} INFO - [2025-02-13T17:40:41.315+0000] {dagbag.py:537} INFO - Filling up the DagBag from /home/airflow/.local/lib/python3.7/site-packages/airflow/example_dags/example_xcom.py
[2025-02-13T17:40:41.360+0000] {processor.py:766} INFO - DAG(s) dict_keys(['example_xcom']) retrieved from /home/airflow/.local/lib/python3.7/site-packages/airflow/example_dags/example_xcom.py
[2025-02-13T17:40:41.451+0000] {logging_mixin.py:137} INFO - [2025-02-13T17:40:41.451+0000] {dag.py:2585} INFO - Sync 1 DAGs
[2025-02-13T17:40:41.520+0000] {logging_mixin.py:137} INFO - [2025-02-13T17:40:41.520+0000] {dag.py:3340} INFO - Setting next_dagrun for example_xcom to 2021-01-01T00:00:00+00:00, run_after=2021-01-01T00:00:00+00:00
[2025-02-13T17:40:41.575+0000] {processor.py:176} INFO - Processing /home/airflow/.local/lib/python3.7/site-packages/airflow/example_dags/example_xcom.py took 0.271 seconds
[2025-02-13T17:41:12.808+0000] {processor.py:154} INFO - Started process (PID=5639) to work on /home/airflow/.local/lib/python3.7/site-packages/airflow/example_dags/example_xcom.py
[2025-02-13T17:41:12.810+0000] {processor.py:756} INFO - Processing file /home/airflow/.local/lib/python3.7/site-packages/airflow/example_dags/example_xcom.py for tasks to queue
[2025-02-13T17:41:12.811+0000] {logging_mixin.py:137} INFO - [2025-02-13T17:41:12.811+0000] {dagbag.py:537} INFO - Filling up the DagBag from /home/airflow/.local/lib/python3.7/site-packages/airflow/example_dags/example_xcom.py
[2025-02-13T17:41:12.874+0000] {processor.py:766} INFO - DAG(s) dict_keys(['example_xcom']) retrieved from /home/airflow/.local/lib/python3.7/site-packages/airflow/example_dags/example_xcom.py
[2025-02-13T17:41:12.972+0000] {logging_mixin.py:137} INFO - [2025-02-13T17:41:12.971+0000] {dag.py:2585} INFO - Sync 1 DAGs
[2025-02-13T17:41:13.022+0000] {logging_mixin.py:137} INFO - [2025-02-13T17:41:13.022+0000] {dag.py:3340} INFO - Setting next_dagrun for example_xcom to 2021-01-01T00:00:00+00:00, run_after=2021-01-01T00:00:00+00:00
[2025-02-13T17:41:13.065+0000] {processor.py:176} INFO - Processing /home/airflow/.local/lib/python3.7/site-packages/airflow/example_dags/example_xcom.py took 0.263 seconds
[2025-02-13T17:41:43.549+0000] {processor.py:154} INFO - Started process (PID=5821) to work on /home/airflow/.local/lib/python3.7/site-packages/airflow/example_dags/example_xcom.py
[2025-02-13T17:41:43.552+0000] {processor.py:756} INFO - Processing file /home/airflow/.local/lib/python3.7/site-packages/airflow/example_dags/example_xcom.py for tasks to queue
[2025-02-13T17:41:43.554+0000] {logging_mixin.py:137} INFO - [2025-02-13T17:41:43.554+0000] {dagbag.py:537} INFO - Filling up the DagBag from /home/airflow/.local/lib/python3.7/site-packages/airflow/example_dags/example_xcom.py
[2025-02-13T17:41:43.598+0000] {processor.py:766} INFO - DAG(s) dict_keys(['example_xcom']) retrieved from /home/airflow/.local/lib/python3.7/site-packages/airflow/example_dags/example_xcom.py
[2025-02-13T17:41:43.677+0000] {logging_mixin.py:137} INFO - [2025-02-13T17:41:43.677+0000] {dag.py:2585} INFO - Sync 1 DAGs
[2025-02-13T17:41:43.716+0000] {logging_mixin.py:137} INFO - [2025-02-13T17:41:43.716+0000] {dag.py:3340} INFO - Setting next_dagrun for example_xcom to 2021-01-01T00:00:00+00:00, run_after=2021-01-01T00:00:00+00:00
[2025-02-13T17:41:43.754+0000] {processor.py:176} INFO - Processing /home/airflow/.local/lib/python3.7/site-packages/airflow/example_dags/example_xcom.py took 0.210 seconds
[2025-02-13T17:42:13.887+0000] {processor.py:154} INFO - Started process (PID=6001) to work on /home/airflow/.local/lib/python3.7/site-packages/airflow/example_dags/example_xcom.py
[2025-02-13T17:42:13.889+0000] {processor.py:756} INFO - Processing file /home/airflow/.local/lib/python3.7/site-packages/airflow/example_dags/example_xcom.py for tasks to queue
[2025-02-13T17:42:13.891+0000] {logging_mixin.py:137} INFO - [2025-02-13T17:42:13.891+0000] {dagbag.py:537} INFO - Filling up the DagBag from /home/airflow/.local/lib/python3.7/site-packages/airflow/example_dags/example_xcom.py
[2025-02-13T17:42:13.925+0000] {processor.py:766} INFO - DAG(s) dict_keys(['example_xcom']) retrieved from /home/airflow/.local/lib/python3.7/site-packages/airflow/example_dags/example_xcom.py
[2025-02-13T17:42:14.028+0000] {logging_mixin.py:137} INFO - [2025-02-13T17:42:14.028+0000] {dag.py:2585} INFO - Sync 1 DAGs
[2025-02-13T17:42:14.085+0000] {logging_mixin.py:137} INFO - [2025-02-13T17:42:14.085+0000] {dag.py:3340} INFO - Setting next_dagrun for example_xcom to 2021-01-01T00:00:00+00:00, run_after=2021-01-01T00:00:00+00:00
[2025-02-13T17:42:14.148+0000] {processor.py:176} INFO - Processing /home/airflow/.local/lib/python3.7/site-packages/airflow/example_dags/example_xcom.py took 0.265 seconds
[2025-02-13T17:42:45.178+0000] {processor.py:154} INFO - Started process (PID=6181) to work on /home/airflow/.local/lib/python3.7/site-packages/airflow/example_dags/example_xcom.py
[2025-02-13T17:42:45.180+0000] {processor.py:756} INFO - Processing file /home/airflow/.local/lib/python3.7/site-packages/airflow/example_dags/example_xcom.py for tasks to queue
[2025-02-13T17:42:45.181+0000] {logging_mixin.py:137} INFO - [2025-02-13T17:42:45.181+0000] {dagbag.py:537} INFO - Filling up the DagBag from /home/airflow/.local/lib/python3.7/site-packages/airflow/example_dags/example_xcom.py
[2025-02-13T17:42:45.211+0000] {processor.py:766} INFO - DAG(s) dict_keys(['example_xcom']) retrieved from /home/airflow/.local/lib/python3.7/site-packages/airflow/example_dags/example_xcom.py
[2025-02-13T17:42:45.267+0000] {logging_mixin.py:137} INFO - [2025-02-13T17:42:45.267+0000] {dag.py:2585} INFO - Sync 1 DAGs
[2025-02-13T17:42:45.298+0000] {logging_mixin.py:137} INFO - [2025-02-13T17:42:45.298+0000] {dag.py:3340} INFO - Setting next_dagrun for example_xcom to 2021-01-01T00:00:00+00:00, run_after=2021-01-01T00:00:00+00:00
[2025-02-13T17:42:45.324+0000] {processor.py:176} INFO - Processing /home/airflow/.local/lib/python3.7/site-packages/airflow/example_dags/example_xcom.py took 0.151 seconds
[2025-02-13T17:43:15.884+0000] {processor.py:154} INFO - Started process (PID=6361) to work on /home/airflow/.local/lib/python3.7/site-packages/airflow/example_dags/example_xcom.py
[2025-02-13T17:43:15.887+0000] {processor.py:756} INFO - Processing file /home/airflow/.local/lib/python3.7/site-packages/airflow/example_dags/example_xcom.py for tasks to queue
[2025-02-13T17:43:15.888+0000] {logging_mixin.py:137} INFO - [2025-02-13T17:43:15.888+0000] {dagbag.py:537} INFO - Filling up the DagBag from /home/airflow/.local/lib/python3.7/site-packages/airflow/example_dags/example_xcom.py
[2025-02-13T17:43:15.929+0000] {processor.py:766} INFO - DAG(s) dict_keys(['example_xcom']) retrieved from /home/airflow/.local/lib/python3.7/site-packages/airflow/example_dags/example_xcom.py
[2025-02-13T17:43:16.004+0000] {logging_mixin.py:137} INFO - [2025-02-13T17:43:16.004+0000] {dag.py:2585} INFO - Sync 1 DAGs
[2025-02-13T17:43:16.056+0000] {logging_mixin.py:137} INFO - [2025-02-13T17:43:16.056+0000] {dag.py:3340} INFO - Setting next_dagrun for example_xcom to 2021-01-01T00:00:00+00:00, run_after=2021-01-01T00:00:00+00:00
[2025-02-13T17:43:16.096+0000] {processor.py:176} INFO - Processing /home/airflow/.local/lib/python3.7/site-packages/airflow/example_dags/example_xcom.py took 0.220 seconds
[2025-02-13T17:43:46.477+0000] {processor.py:154} INFO - Started process (PID=6541) to work on /home/airflow/.local/lib/python3.7/site-packages/airflow/example_dags/example_xcom.py
[2025-02-13T17:43:46.480+0000] {processor.py:756} INFO - Processing file /home/airflow/.local/lib/python3.7/site-packages/airflow/example_dags/example_xcom.py for tasks to queue
[2025-02-13T17:43:46.483+0000] {logging_mixin.py:137} INFO - [2025-02-13T17:43:46.483+0000] {dagbag.py:537} INFO - Filling up the DagBag from /home/airflow/.local/lib/python3.7/site-packages/airflow/example_dags/example_xcom.py
[2025-02-13T17:43:46.538+0000] {processor.py:766} INFO - DAG(s) dict_keys(['example_xcom']) retrieved from /home/airflow/.local/lib/python3.7/site-packages/airflow/example_dags/example_xcom.py
[2025-02-13T17:43:46.612+0000] {logging_mixin.py:137} INFO - [2025-02-13T17:43:46.612+0000] {dag.py:2585} INFO - Sync 1 DAGs
[2025-02-13T17:43:46.656+0000] {logging_mixin.py:137} INFO - [2025-02-13T17:43:46.655+0000] {dag.py:3340} INFO - Setting next_dagrun for example_xcom to 2021-01-01T00:00:00+00:00, run_after=2021-01-01T00:00:00+00:00
[2025-02-13T17:43:46.693+0000] {processor.py:176} INFO - Processing /home/airflow/.local/lib/python3.7/site-packages/airflow/example_dags/example_xcom.py took 0.223 seconds
[2025-02-13T17:44:17.045+0000] {processor.py:154} INFO - Started process (PID=6721) to work on /home/airflow/.local/lib/python3.7/site-packages/airflow/example_dags/example_xcom.py
[2025-02-13T17:44:17.050+0000] {processor.py:756} INFO - Processing file /home/airflow/.local/lib/python3.7/site-packages/airflow/example_dags/example_xcom.py for tasks to queue
[2025-02-13T17:44:17.051+0000] {logging_mixin.py:137} INFO - [2025-02-13T17:44:17.051+0000] {dagbag.py:537} INFO - Filling up the DagBag from /home/airflow/.local/lib/python3.7/site-packages/airflow/example_dags/example_xcom.py
[2025-02-13T17:44:17.104+0000] {processor.py:766} INFO - DAG(s) dict_keys(['example_xcom']) retrieved from /home/airflow/.local/lib/python3.7/site-packages/airflow/example_dags/example_xcom.py
[2025-02-13T17:44:17.172+0000] {logging_mixin.py:137} INFO - [2025-02-13T17:44:17.172+0000] {dag.py:2585} INFO - Sync 1 DAGs
[2025-02-13T17:44:17.220+0000] {logging_mixin.py:137} INFO - [2025-02-13T17:44:17.219+0000] {dag.py:3340} INFO - Setting next_dagrun for example_xcom to 2021-01-01T00:00:00+00:00, run_after=2021-01-01T00:00:00+00:00
[2025-02-13T17:44:17.258+0000] {processor.py:176} INFO - Processing /home/airflow/.local/lib/python3.7/site-packages/airflow/example_dags/example_xcom.py took 0.219 seconds
[2025-02-13T17:44:47.478+0000] {processor.py:154} INFO - Started process (PID=6901) to work on /home/airflow/.local/lib/python3.7/site-packages/airflow/example_dags/example_xcom.py
[2025-02-13T17:44:47.481+0000] {processor.py:756} INFO - Processing file /home/airflow/.local/lib/python3.7/site-packages/airflow/example_dags/example_xcom.py for tasks to queue
[2025-02-13T17:44:47.483+0000] {logging_mixin.py:137} INFO - [2025-02-13T17:44:47.483+0000] {dagbag.py:537} INFO - Filling up the DagBag from /home/airflow/.local/lib/python3.7/site-packages/airflow/example_dags/example_xcom.py
[2025-02-13T17:44:47.518+0000] {processor.py:766} INFO - DAG(s) dict_keys(['example_xcom']) retrieved from /home/airflow/.local/lib/python3.7/site-packages/airflow/example_dags/example_xcom.py
[2025-02-13T17:44:47.601+0000] {logging_mixin.py:137} INFO - [2025-02-13T17:44:47.600+0000] {dag.py:2585} INFO - Sync 1 DAGs
[2025-02-13T17:44:47.660+0000] {logging_mixin.py:137} INFO - [2025-02-13T17:44:47.660+0000] {dag.py:3340} INFO - Setting next_dagrun for example_xcom to 2021-01-01T00:00:00+00:00, run_after=2021-01-01T00:00:00+00:00
[2025-02-13T17:44:47.703+0000] {processor.py:176} INFO - Processing /home/airflow/.local/lib/python3.7/site-packages/airflow/example_dags/example_xcom.py took 0.231 seconds
[2025-02-13T17:45:17.954+0000] {processor.py:154} INFO - Started process (PID=7081) to work on /home/airflow/.local/lib/python3.7/site-packages/airflow/example_dags/example_xcom.py
[2025-02-13T17:45:17.956+0000] {processor.py:756} INFO - Processing file /home/airflow/.local/lib/python3.7/site-packages/airflow/example_dags/example_xcom.py for tasks to queue
[2025-02-13T17:45:17.958+0000] {logging_mixin.py:137} INFO - [2025-02-13T17:45:17.958+0000] {dagbag.py:537} INFO - Filling up the DagBag from /home/airflow/.local/lib/python3.7/site-packages/airflow/example_dags/example_xcom.py
[2025-02-13T17:45:18.002+0000] {processor.py:766} INFO - DAG(s) dict_keys(['example_xcom']) retrieved from /home/airflow/.local/lib/python3.7/site-packages/airflow/example_dags/example_xcom.py
[2025-02-13T17:45:18.084+0000] {logging_mixin.py:137} INFO - [2025-02-13T17:45:18.083+0000] {dag.py:2585} INFO - Sync 1 DAGs
[2025-02-13T17:45:18.130+0000] {logging_mixin.py:137} INFO - [2025-02-13T17:45:18.130+0000] {dag.py:3340} INFO - Setting next_dagrun for example_xcom to 2021-01-01T00:00:00+00:00, run_after=2021-01-01T00:00:00+00:00
[2025-02-13T17:45:18.177+0000] {processor.py:176} INFO - Processing /home/airflow/.local/lib/python3.7/site-packages/airflow/example_dags/example_xcom.py took 0.228 seconds
[2025-02-13T17:45:48.430+0000] {processor.py:154} INFO - Started process (PID=7261) to work on /home/airflow/.local/lib/python3.7/site-packages/airflow/example_dags/example_xcom.py
[2025-02-13T17:45:48.432+0000] {processor.py:756} INFO - Processing file /home/airflow/.local/lib/python3.7/site-packages/airflow/example_dags/example_xcom.py for tasks to queue
[2025-02-13T17:45:48.435+0000] {logging_mixin.py:137} INFO - [2025-02-13T17:45:48.435+0000] {dagbag.py:537} INFO - Filling up the DagBag from /home/airflow/.local/lib/python3.7/site-packages/airflow/example_dags/example_xcom.py
[2025-02-13T17:45:48.464+0000] {processor.py:766} INFO - DAG(s) dict_keys(['example_xcom']) retrieved from /home/airflow/.local/lib/python3.7/site-packages/airflow/example_dags/example_xcom.py
[2025-02-13T17:45:48.528+0000] {logging_mixin.py:137} INFO - [2025-02-13T17:45:48.528+0000] {dag.py:2585} INFO - Sync 1 DAGs
[2025-02-13T17:45:48.576+0000] {logging_mixin.py:137} INFO - [2025-02-13T17:45:48.576+0000] {dag.py:3340} INFO - Setting next_dagrun for example_xcom to 2021-01-01T00:00:00+00:00, run_after=2021-01-01T00:00:00+00:00
[2025-02-13T17:45:48.613+0000] {processor.py:176} INFO - Processing /home/airflow/.local/lib/python3.7/site-packages/airflow/example_dags/example_xcom.py took 0.187 seconds
[2025-02-13T17:47:36.212+0000] {processor.py:154} INFO - Started process (PID=236) to work on /home/airflow/.local/lib/python3.7/site-packages/airflow/example_dags/example_xcom.py
[2025-02-13T17:47:36.215+0000] {processor.py:756} INFO - Processing file /home/airflow/.local/lib/python3.7/site-packages/airflow/example_dags/example_xcom.py for tasks to queue
[2025-02-13T17:47:36.218+0000] {logging_mixin.py:137} INFO - [2025-02-13T17:47:36.217+0000] {dagbag.py:537} INFO - Filling up the DagBag from /home/airflow/.local/lib/python3.7/site-packages/airflow/example_dags/example_xcom.py
[2025-02-13T17:47:36.254+0000] {processor.py:766} INFO - DAG(s) dict_keys(['example_xcom']) retrieved from /home/airflow/.local/lib/python3.7/site-packages/airflow/example_dags/example_xcom.py
[2025-02-13T17:47:36.349+0000] {logging_mixin.py:137} INFO - [2025-02-13T17:47:36.349+0000] {dag.py:2585} INFO - Sync 1 DAGs
[2025-02-13T17:47:36.410+0000] {logging_mixin.py:137} INFO - [2025-02-13T17:47:36.409+0000] {dag.py:3340} INFO - Setting next_dagrun for example_xcom to 2021-01-01T00:00:00+00:00, run_after=2021-01-01T00:00:00+00:00
[2025-02-13T17:47:36.472+0000] {processor.py:176} INFO - Processing /home/airflow/.local/lib/python3.7/site-packages/airflow/example_dags/example_xcom.py took 0.266 seconds
[2025-02-13T17:48:06.707+0000] {processor.py:154} INFO - Started process (PID=418) to work on /home/airflow/.local/lib/python3.7/site-packages/airflow/example_dags/example_xcom.py
[2025-02-13T17:48:06.709+0000] {processor.py:756} INFO - Processing file /home/airflow/.local/lib/python3.7/site-packages/airflow/example_dags/example_xcom.py for tasks to queue
[2025-02-13T17:48:06.712+0000] {logging_mixin.py:137} INFO - [2025-02-13T17:48:06.712+0000] {dagbag.py:537} INFO - Filling up the DagBag from /home/airflow/.local/lib/python3.7/site-packages/airflow/example_dags/example_xcom.py
[2025-02-13T17:48:06.759+0000] {processor.py:766} INFO - DAG(s) dict_keys(['example_xcom']) retrieved from /home/airflow/.local/lib/python3.7/site-packages/airflow/example_dags/example_xcom.py
[2025-02-13T17:48:06.799+0000] {logging_mixin.py:137} INFO - [2025-02-13T17:48:06.799+0000] {dag.py:2585} INFO - Sync 1 DAGs
[2025-02-13T17:48:06.837+0000] {logging_mixin.py:137} INFO - [2025-02-13T17:48:06.837+0000] {dag.py:3340} INFO - Setting next_dagrun for example_xcom to 2021-01-01T00:00:00+00:00, run_after=2021-01-01T00:00:00+00:00
[2025-02-13T17:48:06.891+0000] {processor.py:176} INFO - Processing /home/airflow/.local/lib/python3.7/site-packages/airflow/example_dags/example_xcom.py took 0.189 seconds
[2025-02-13T17:48:37.174+0000] {processor.py:154} INFO - Started process (PID=597) to work on /home/airflow/.local/lib/python3.7/site-packages/airflow/example_dags/example_xcom.py
[2025-02-13T17:48:37.177+0000] {processor.py:756} INFO - Processing file /home/airflow/.local/lib/python3.7/site-packages/airflow/example_dags/example_xcom.py for tasks to queue
[2025-02-13T17:48:37.179+0000] {logging_mixin.py:137} INFO - [2025-02-13T17:48:37.179+0000] {dagbag.py:537} INFO - Filling up the DagBag from /home/airflow/.local/lib/python3.7/site-packages/airflow/example_dags/example_xcom.py
[2025-02-13T17:48:37.222+0000] {processor.py:766} INFO - DAG(s) dict_keys(['example_xcom']) retrieved from /home/airflow/.local/lib/python3.7/site-packages/airflow/example_dags/example_xcom.py
[2025-02-13T17:48:37.283+0000] {logging_mixin.py:137} INFO - [2025-02-13T17:48:37.283+0000] {dag.py:2585} INFO - Sync 1 DAGs
[2025-02-13T17:48:37.321+0000] {logging_mixin.py:137} INFO - [2025-02-13T17:48:37.321+0000] {dag.py:3340} INFO - Setting next_dagrun for example_xcom to 2021-01-01T00:00:00+00:00, run_after=2021-01-01T00:00:00+00:00
[2025-02-13T17:48:37.359+0000] {processor.py:176} INFO - Processing /home/airflow/.local/lib/python3.7/site-packages/airflow/example_dags/example_xcom.py took 0.189 seconds
[2025-02-13T17:49:07.456+0000] {processor.py:154} INFO - Started process (PID=779) to work on /home/airflow/.local/lib/python3.7/site-packages/airflow/example_dags/example_xcom.py
[2025-02-13T17:49:07.457+0000] {processor.py:756} INFO - Processing file /home/airflow/.local/lib/python3.7/site-packages/airflow/example_dags/example_xcom.py for tasks to queue
[2025-02-13T17:49:07.459+0000] {logging_mixin.py:137} INFO - [2025-02-13T17:49:07.459+0000] {dagbag.py:537} INFO - Filling up the DagBag from /home/airflow/.local/lib/python3.7/site-packages/airflow/example_dags/example_xcom.py
[2025-02-13T17:49:07.503+0000] {processor.py:766} INFO - DAG(s) dict_keys(['example_xcom']) retrieved from /home/airflow/.local/lib/python3.7/site-packages/airflow/example_dags/example_xcom.py
[2025-02-13T17:49:07.554+0000] {logging_mixin.py:137} INFO - [2025-02-13T17:49:07.554+0000] {dag.py:2585} INFO - Sync 1 DAGs
[2025-02-13T17:49:07.588+0000] {logging_mixin.py:137} INFO - [2025-02-13T17:49:07.588+0000] {dag.py:3340} INFO - Setting next_dagrun for example_xcom to 2021-01-01T00:00:00+00:00, run_after=2021-01-01T00:00:00+00:00
[2025-02-13T17:49:07.617+0000] {processor.py:176} INFO - Processing /home/airflow/.local/lib/python3.7/site-packages/airflow/example_dags/example_xcom.py took 0.165 seconds
[2025-02-13T17:49:38.848+0000] {processor.py:154} INFO - Started process (PID=957) to work on /home/airflow/.local/lib/python3.7/site-packages/airflow/example_dags/example_xcom.py
[2025-02-13T17:49:38.850+0000] {processor.py:756} INFO - Processing file /home/airflow/.local/lib/python3.7/site-packages/airflow/example_dags/example_xcom.py for tasks to queue
[2025-02-13T17:49:38.852+0000] {logging_mixin.py:137} INFO - [2025-02-13T17:49:38.852+0000] {dagbag.py:537} INFO - Filling up the DagBag from /home/airflow/.local/lib/python3.7/site-packages/airflow/example_dags/example_xcom.py
[2025-02-13T17:49:38.880+0000] {processor.py:766} INFO - DAG(s) dict_keys(['example_xcom']) retrieved from /home/airflow/.local/lib/python3.7/site-packages/airflow/example_dags/example_xcom.py
[2025-02-13T17:49:38.938+0000] {logging_mixin.py:137} INFO - [2025-02-13T17:49:38.938+0000] {dag.py:2585} INFO - Sync 1 DAGs
[2025-02-13T17:49:38.975+0000] {logging_mixin.py:137} INFO - [2025-02-13T17:49:38.974+0000] {dag.py:3340} INFO - Setting next_dagrun for example_xcom to 2021-01-01T00:00:00+00:00, run_after=2021-01-01T00:00:00+00:00
[2025-02-13T17:49:39.012+0000] {processor.py:176} INFO - Processing /home/airflow/.local/lib/python3.7/site-packages/airflow/example_dags/example_xcom.py took 0.170 seconds
[2025-02-13T17:50:09.848+0000] {processor.py:154} INFO - Started process (PID=1137) to work on /home/airflow/.local/lib/python3.7/site-packages/airflow/example_dags/example_xcom.py
[2025-02-13T17:50:09.850+0000] {processor.py:756} INFO - Processing file /home/airflow/.local/lib/python3.7/site-packages/airflow/example_dags/example_xcom.py for tasks to queue
[2025-02-13T17:50:09.851+0000] {logging_mixin.py:137} INFO - [2025-02-13T17:50:09.851+0000] {dagbag.py:537} INFO - Filling up the DagBag from /home/airflow/.local/lib/python3.7/site-packages/airflow/example_dags/example_xcom.py
[2025-02-13T17:50:09.882+0000] {processor.py:766} INFO - DAG(s) dict_keys(['example_xcom']) retrieved from /home/airflow/.local/lib/python3.7/site-packages/airflow/example_dags/example_xcom.py
[2025-02-13T17:50:09.941+0000] {logging_mixin.py:137} INFO - [2025-02-13T17:50:09.941+0000] {dag.py:2585} INFO - Sync 1 DAGs
[2025-02-13T17:50:09.977+0000] {logging_mixin.py:137} INFO - [2025-02-13T17:50:09.977+0000] {dag.py:3340} INFO - Setting next_dagrun for example_xcom to 2021-01-01T00:00:00+00:00, run_after=2021-01-01T00:00:00+00:00
[2025-02-13T17:50:10.003+0000] {processor.py:176} INFO - Processing /home/airflow/.local/lib/python3.7/site-packages/airflow/example_dags/example_xcom.py took 0.159 seconds
[2025-02-13T17:50:40.357+0000] {processor.py:154} INFO - Started process (PID=1317) to work on /home/airflow/.local/lib/python3.7/site-packages/airflow/example_dags/example_xcom.py
[2025-02-13T17:50:40.359+0000] {processor.py:756} INFO - Processing file /home/airflow/.local/lib/python3.7/site-packages/airflow/example_dags/example_xcom.py for tasks to queue
[2025-02-13T17:50:40.361+0000] {logging_mixin.py:137} INFO - [2025-02-13T17:50:40.361+0000] {dagbag.py:537} INFO - Filling up the DagBag from /home/airflow/.local/lib/python3.7/site-packages/airflow/example_dags/example_xcom.py
[2025-02-13T17:50:40.398+0000] {processor.py:766} INFO - DAG(s) dict_keys(['example_xcom']) retrieved from /home/airflow/.local/lib/python3.7/site-packages/airflow/example_dags/example_xcom.py
[2025-02-13T17:50:40.481+0000] {logging_mixin.py:137} INFO - [2025-02-13T17:50:40.480+0000] {dag.py:2585} INFO - Sync 1 DAGs
[2025-02-13T17:50:40.515+0000] {logging_mixin.py:137} INFO - [2025-02-13T17:50:40.515+0000] {dag.py:3340} INFO - Setting next_dagrun for example_xcom to 2021-01-01T00:00:00+00:00, run_after=2021-01-01T00:00:00+00:00
[2025-02-13T17:50:40.544+0000] {processor.py:176} INFO - Processing /home/airflow/.local/lib/python3.7/site-packages/airflow/example_dags/example_xcom.py took 0.191 seconds
[2025-02-13T17:51:11.487+0000] {processor.py:154} INFO - Started process (PID=1496) to work on /home/airflow/.local/lib/python3.7/site-packages/airflow/example_dags/example_xcom.py
[2025-02-13T17:51:11.489+0000] {processor.py:756} INFO - Processing file /home/airflow/.local/lib/python3.7/site-packages/airflow/example_dags/example_xcom.py for tasks to queue
[2025-02-13T17:51:11.490+0000] {logging_mixin.py:137} INFO - [2025-02-13T17:51:11.490+0000] {dagbag.py:537} INFO - Filling up the DagBag from /home/airflow/.local/lib/python3.7/site-packages/airflow/example_dags/example_xcom.py
[2025-02-13T17:51:11.518+0000] {processor.py:766} INFO - DAG(s) dict_keys(['example_xcom']) retrieved from /home/airflow/.local/lib/python3.7/site-packages/airflow/example_dags/example_xcom.py
[2025-02-13T17:51:11.575+0000] {logging_mixin.py:137} INFO - [2025-02-13T17:51:11.575+0000] {dag.py:2585} INFO - Sync 1 DAGs
[2025-02-13T17:51:11.607+0000] {logging_mixin.py:137} INFO - [2025-02-13T17:51:11.607+0000] {dag.py:3340} INFO - Setting next_dagrun for example_xcom to 2021-01-01T00:00:00+00:00, run_after=2021-01-01T00:00:00+00:00
[2025-02-13T17:51:11.638+0000] {processor.py:176} INFO - Processing /home/airflow/.local/lib/python3.7/site-packages/airflow/example_dags/example_xcom.py took 0.154 seconds
[2025-02-13T17:51:41.734+0000] {processor.py:154} INFO - Started process (PID=1676) to work on /home/airflow/.local/lib/python3.7/site-packages/airflow/example_dags/example_xcom.py
[2025-02-13T17:51:41.736+0000] {processor.py:756} INFO - Processing file /home/airflow/.local/lib/python3.7/site-packages/airflow/example_dags/example_xcom.py for tasks to queue
[2025-02-13T17:51:41.737+0000] {logging_mixin.py:137} INFO - [2025-02-13T17:51:41.737+0000] {dagbag.py:537} INFO - Filling up the DagBag from /home/airflow/.local/lib/python3.7/site-packages/airflow/example_dags/example_xcom.py
[2025-02-13T17:51:41.772+0000] {processor.py:766} INFO - DAG(s) dict_keys(['example_xcom']) retrieved from /home/airflow/.local/lib/python3.7/site-packages/airflow/example_dags/example_xcom.py
[2025-02-13T17:51:41.839+0000] {logging_mixin.py:137} INFO - [2025-02-13T17:51:41.839+0000] {dag.py:2585} INFO - Sync 1 DAGs
[2025-02-13T17:51:41.880+0000] {logging_mixin.py:137} INFO - [2025-02-13T17:51:41.880+0000] {dag.py:3340} INFO - Setting next_dagrun for example_xcom to 2021-01-01T00:00:00+00:00, run_after=2021-01-01T00:00:00+00:00
[2025-02-13T17:51:41.967+0000] {processor.py:176} INFO - Processing /home/airflow/.local/lib/python3.7/site-packages/airflow/example_dags/example_xcom.py took 0.237 seconds
