[2025-02-13T17:24:19.261+0000] {processor.py:154} INFO - Started process (PID=216) to work on /home/airflow/.local/lib/python3.7/site-packages/airflow/example_dags/example_nested_branch_dag.py
[2025-02-13T17:24:19.263+0000] {processor.py:756} INFO - Processing file /home/airflow/.local/lib/python3.7/site-packages/airflow/example_dags/example_nested_branch_dag.py for tasks to queue
[2025-02-13T17:24:19.267+0000] {logging_mixin.py:137} INFO - [2025-02-13T17:24:19.266+0000] {dagbag.py:537} INFO - Filling up the DagBag from /home/airflow/.local/lib/python3.7/site-packages/airflow/example_dags/example_nested_branch_dag.py
[2025-02-13T17:24:19.320+0000] {processor.py:766} INFO - DAG(s) dict_keys(['example_nested_branch_dag']) retrieved from /home/airflow/.local/lib/python3.7/site-packages/airflow/example_dags/example_nested_branch_dag.py
[2025-02-13T17:24:19.593+0000] {logging_mixin.py:137} INFO - [2025-02-13T17:24:19.593+0000] {dag.py:2585} INFO - Sync 1 DAGs
[2025-02-13T17:24:19.634+0000] {logging_mixin.py:137} INFO - [2025-02-13T17:24:19.634+0000] {dag.py:3340} INFO - Setting next_dagrun for example_nested_branch_dag to 2025-02-12T00:00:00+00:00, run_after=2025-02-13T00:00:00+00:00
[2025-02-13T17:24:19.679+0000] {processor.py:176} INFO - Processing /home/airflow/.local/lib/python3.7/site-packages/airflow/example_dags/example_nested_branch_dag.py took 0.422 seconds
[2025-02-13T17:25:20.179+0000] {processor.py:154} INFO - Started process (PID=216) to work on /home/airflow/.local/lib/python3.7/site-packages/airflow/example_dags/example_nested_branch_dag.py
[2025-02-13T17:25:20.181+0000] {processor.py:756} INFO - Processing file /home/airflow/.local/lib/python3.7/site-packages/airflow/example_dags/example_nested_branch_dag.py for tasks to queue
[2025-02-13T17:25:20.183+0000] {logging_mixin.py:137} INFO - [2025-02-13T17:25:20.182+0000] {dagbag.py:537} INFO - Filling up the DagBag from /home/airflow/.local/lib/python3.7/site-packages/airflow/example_dags/example_nested_branch_dag.py
[2025-02-13T17:25:20.252+0000] {processor.py:766} INFO - DAG(s) dict_keys(['example_nested_branch_dag']) retrieved from /home/airflow/.local/lib/python3.7/site-packages/airflow/example_dags/example_nested_branch_dag.py
[2025-02-13T17:25:20.348+0000] {logging_mixin.py:137} INFO - [2025-02-13T17:25:20.348+0000] {dag.py:2585} INFO - Sync 1 DAGs
[2025-02-13T17:25:20.412+0000] {logging_mixin.py:137} INFO - [2025-02-13T17:25:20.412+0000] {dag.py:3340} INFO - Setting next_dagrun for example_nested_branch_dag to 2025-02-12T00:00:00+00:00, run_after=2025-02-13T00:00:00+00:00
[2025-02-13T17:25:20.474+0000] {processor.py:176} INFO - Processing /home/airflow/.local/lib/python3.7/site-packages/airflow/example_dags/example_nested_branch_dag.py took 0.301 seconds
[2025-02-13T17:25:51.146+0000] {processor.py:154} INFO - Started process (PID=396) to work on /home/airflow/.local/lib/python3.7/site-packages/airflow/example_dags/example_nested_branch_dag.py
[2025-02-13T17:25:51.151+0000] {processor.py:756} INFO - Processing file /home/airflow/.local/lib/python3.7/site-packages/airflow/example_dags/example_nested_branch_dag.py for tasks to queue
[2025-02-13T17:25:51.163+0000] {logging_mixin.py:137} INFO - [2025-02-13T17:25:51.160+0000] {dagbag.py:537} INFO - Filling up the DagBag from /home/airflow/.local/lib/python3.7/site-packages/airflow/example_dags/example_nested_branch_dag.py
[2025-02-13T17:25:51.312+0000] {processor.py:766} INFO - DAG(s) dict_keys(['example_nested_branch_dag']) retrieved from /home/airflow/.local/lib/python3.7/site-packages/airflow/example_dags/example_nested_branch_dag.py
[2025-02-13T17:25:51.482+0000] {logging_mixin.py:137} INFO - [2025-02-13T17:25:51.481+0000] {dag.py:2585} INFO - Sync 1 DAGs
[2025-02-13T17:25:51.626+0000] {logging_mixin.py:137} INFO - [2025-02-13T17:25:51.625+0000] {dag.py:3340} INFO - Setting next_dagrun for example_nested_branch_dag to 2025-02-12T00:00:00+00:00, run_after=2025-02-13T00:00:00+00:00
[2025-02-13T17:25:51.780+0000] {processor.py:176} INFO - Processing /home/airflow/.local/lib/python3.7/site-packages/airflow/example_dags/example_nested_branch_dag.py took 0.652 seconds
[2025-02-13T17:26:21.950+0000] {processor.py:154} INFO - Started process (PID=576) to work on /home/airflow/.local/lib/python3.7/site-packages/airflow/example_dags/example_nested_branch_dag.py
[2025-02-13T17:26:21.955+0000] {processor.py:756} INFO - Processing file /home/airflow/.local/lib/python3.7/site-packages/airflow/example_dags/example_nested_branch_dag.py for tasks to queue
[2025-02-13T17:26:21.959+0000] {logging_mixin.py:137} INFO - [2025-02-13T17:26:21.958+0000] {dagbag.py:537} INFO - Filling up the DagBag from /home/airflow/.local/lib/python3.7/site-packages/airflow/example_dags/example_nested_branch_dag.py
[2025-02-13T17:26:22.015+0000] {processor.py:766} INFO - DAG(s) dict_keys(['example_nested_branch_dag']) retrieved from /home/airflow/.local/lib/python3.7/site-packages/airflow/example_dags/example_nested_branch_dag.py
[2025-02-13T17:26:22.123+0000] {logging_mixin.py:137} INFO - [2025-02-13T17:26:22.122+0000] {dag.py:2585} INFO - Sync 1 DAGs
[2025-02-13T17:26:22.204+0000] {logging_mixin.py:137} INFO - [2025-02-13T17:26:22.204+0000] {dag.py:3340} INFO - Setting next_dagrun for example_nested_branch_dag to 2025-02-12T00:00:00+00:00, run_after=2025-02-13T00:00:00+00:00
[2025-02-13T17:26:22.309+0000] {processor.py:176} INFO - Processing /home/airflow/.local/lib/python3.7/site-packages/airflow/example_dags/example_nested_branch_dag.py took 0.368 seconds
[2025-02-13T17:26:53.081+0000] {processor.py:154} INFO - Started process (PID=757) to work on /home/airflow/.local/lib/python3.7/site-packages/airflow/example_dags/example_nested_branch_dag.py
[2025-02-13T17:26:53.087+0000] {processor.py:756} INFO - Processing file /home/airflow/.local/lib/python3.7/site-packages/airflow/example_dags/example_nested_branch_dag.py for tasks to queue
[2025-02-13T17:26:53.091+0000] {logging_mixin.py:137} INFO - [2025-02-13T17:26:53.090+0000] {dagbag.py:537} INFO - Filling up the DagBag from /home/airflow/.local/lib/python3.7/site-packages/airflow/example_dags/example_nested_branch_dag.py
[2025-02-13T17:26:53.184+0000] {processor.py:766} INFO - DAG(s) dict_keys(['example_nested_branch_dag']) retrieved from /home/airflow/.local/lib/python3.7/site-packages/airflow/example_dags/example_nested_branch_dag.py
[2025-02-13T17:26:53.269+0000] {logging_mixin.py:137} INFO - [2025-02-13T17:26:53.269+0000] {dag.py:2585} INFO - Sync 1 DAGs
[2025-02-13T17:26:53.331+0000] {logging_mixin.py:137} INFO - [2025-02-13T17:26:53.330+0000] {dag.py:3340} INFO - Setting next_dagrun for example_nested_branch_dag to 2025-02-12T00:00:00+00:00, run_after=2025-02-13T00:00:00+00:00
[2025-02-13T17:26:53.375+0000] {processor.py:176} INFO - Processing /home/airflow/.local/lib/python3.7/site-packages/airflow/example_dags/example_nested_branch_dag.py took 0.306 seconds
[2025-02-13T17:27:23.772+0000] {processor.py:154} INFO - Started process (PID=937) to work on /home/airflow/.local/lib/python3.7/site-packages/airflow/example_dags/example_nested_branch_dag.py
[2025-02-13T17:27:23.774+0000] {processor.py:756} INFO - Processing file /home/airflow/.local/lib/python3.7/site-packages/airflow/example_dags/example_nested_branch_dag.py for tasks to queue
[2025-02-13T17:27:23.777+0000] {logging_mixin.py:137} INFO - [2025-02-13T17:27:23.777+0000] {dagbag.py:537} INFO - Filling up the DagBag from /home/airflow/.local/lib/python3.7/site-packages/airflow/example_dags/example_nested_branch_dag.py
[2025-02-13T17:27:23.828+0000] {processor.py:766} INFO - DAG(s) dict_keys(['example_nested_branch_dag']) retrieved from /home/airflow/.local/lib/python3.7/site-packages/airflow/example_dags/example_nested_branch_dag.py
[2025-02-13T17:27:23.897+0000] {logging_mixin.py:137} INFO - [2025-02-13T17:27:23.897+0000] {dag.py:2585} INFO - Sync 1 DAGs
[2025-02-13T17:27:23.992+0000] {logging_mixin.py:137} INFO - [2025-02-13T17:27:23.991+0000] {dag.py:3340} INFO - Setting next_dagrun for example_nested_branch_dag to 2025-02-12T00:00:00+00:00, run_after=2025-02-13T00:00:00+00:00
[2025-02-13T17:27:24.061+0000] {processor.py:176} INFO - Processing /home/airflow/.local/lib/python3.7/site-packages/airflow/example_dags/example_nested_branch_dag.py took 0.295 seconds
[2025-02-13T17:27:54.344+0000] {processor.py:154} INFO - Started process (PID=1119) to work on /home/airflow/.local/lib/python3.7/site-packages/airflow/example_dags/example_nested_branch_dag.py
[2025-02-13T17:27:54.347+0000] {processor.py:756} INFO - Processing file /home/airflow/.local/lib/python3.7/site-packages/airflow/example_dags/example_nested_branch_dag.py for tasks to queue
[2025-02-13T17:27:54.349+0000] {logging_mixin.py:137} INFO - [2025-02-13T17:27:54.349+0000] {dagbag.py:537} INFO - Filling up the DagBag from /home/airflow/.local/lib/python3.7/site-packages/airflow/example_dags/example_nested_branch_dag.py
[2025-02-13T17:27:54.396+0000] {processor.py:766} INFO - DAG(s) dict_keys(['example_nested_branch_dag']) retrieved from /home/airflow/.local/lib/python3.7/site-packages/airflow/example_dags/example_nested_branch_dag.py
[2025-02-13T17:27:54.451+0000] {logging_mixin.py:137} INFO - [2025-02-13T17:27:54.451+0000] {dag.py:2585} INFO - Sync 1 DAGs
[2025-02-13T17:27:54.528+0000] {logging_mixin.py:137} INFO - [2025-02-13T17:27:54.528+0000] {dag.py:3340} INFO - Setting next_dagrun for example_nested_branch_dag to 2025-02-12T00:00:00+00:00, run_after=2025-02-13T00:00:00+00:00
[2025-02-13T17:27:54.586+0000] {processor.py:176} INFO - Processing /home/airflow/.local/lib/python3.7/site-packages/airflow/example_dags/example_nested_branch_dag.py took 0.248 seconds
[2025-02-13T17:28:25.094+0000] {processor.py:154} INFO - Started process (PID=1297) to work on /home/airflow/.local/lib/python3.7/site-packages/airflow/example_dags/example_nested_branch_dag.py
[2025-02-13T17:28:25.097+0000] {processor.py:756} INFO - Processing file /home/airflow/.local/lib/python3.7/site-packages/airflow/example_dags/example_nested_branch_dag.py for tasks to queue
[2025-02-13T17:28:25.099+0000] {logging_mixin.py:137} INFO - [2025-02-13T17:28:25.098+0000] {dagbag.py:537} INFO - Filling up the DagBag from /home/airflow/.local/lib/python3.7/site-packages/airflow/example_dags/example_nested_branch_dag.py
[2025-02-13T17:28:25.142+0000] {processor.py:766} INFO - DAG(s) dict_keys(['example_nested_branch_dag']) retrieved from /home/airflow/.local/lib/python3.7/site-packages/airflow/example_dags/example_nested_branch_dag.py
[2025-02-13T17:28:25.186+0000] {logging_mixin.py:137} INFO - [2025-02-13T17:28:25.185+0000] {dag.py:2585} INFO - Sync 1 DAGs
[2025-02-13T17:28:25.243+0000] {logging_mixin.py:137} INFO - [2025-02-13T17:28:25.242+0000] {dag.py:3340} INFO - Setting next_dagrun for example_nested_branch_dag to 2025-02-12T00:00:00+00:00, run_after=2025-02-13T00:00:00+00:00
[2025-02-13T17:28:25.294+0000] {processor.py:176} INFO - Processing /home/airflow/.local/lib/python3.7/site-packages/airflow/example_dags/example_nested_branch_dag.py took 0.204 seconds
[2025-02-13T17:28:55.963+0000] {processor.py:154} INFO - Started process (PID=1479) to work on /home/airflow/.local/lib/python3.7/site-packages/airflow/example_dags/example_nested_branch_dag.py
[2025-02-13T17:28:55.965+0000] {processor.py:756} INFO - Processing file /home/airflow/.local/lib/python3.7/site-packages/airflow/example_dags/example_nested_branch_dag.py for tasks to queue
[2025-02-13T17:28:55.967+0000] {logging_mixin.py:137} INFO - [2025-02-13T17:28:55.966+0000] {dagbag.py:537} INFO - Filling up the DagBag from /home/airflow/.local/lib/python3.7/site-packages/airflow/example_dags/example_nested_branch_dag.py
[2025-02-13T17:28:56.010+0000] {processor.py:766} INFO - DAG(s) dict_keys(['example_nested_branch_dag']) retrieved from /home/airflow/.local/lib/python3.7/site-packages/airflow/example_dags/example_nested_branch_dag.py
[2025-02-13T17:28:56.073+0000] {logging_mixin.py:137} INFO - [2025-02-13T17:28:56.072+0000] {dag.py:2585} INFO - Sync 1 DAGs
[2025-02-13T17:28:56.149+0000] {logging_mixin.py:137} INFO - [2025-02-13T17:28:56.149+0000] {dag.py:3340} INFO - Setting next_dagrun for example_nested_branch_dag to 2025-02-12T00:00:00+00:00, run_after=2025-02-13T00:00:00+00:00
[2025-02-13T17:28:56.202+0000] {processor.py:176} INFO - Processing /home/airflow/.local/lib/python3.7/site-packages/airflow/example_dags/example_nested_branch_dag.py took 0.242 seconds
[2025-02-13T17:29:26.486+0000] {processor.py:154} INFO - Started process (PID=1662) to work on /home/airflow/.local/lib/python3.7/site-packages/airflow/example_dags/example_nested_branch_dag.py
[2025-02-13T17:29:26.488+0000] {processor.py:756} INFO - Processing file /home/airflow/.local/lib/python3.7/site-packages/airflow/example_dags/example_nested_branch_dag.py for tasks to queue
[2025-02-13T17:29:26.489+0000] {logging_mixin.py:137} INFO - [2025-02-13T17:29:26.489+0000] {dagbag.py:537} INFO - Filling up the DagBag from /home/airflow/.local/lib/python3.7/site-packages/airflow/example_dags/example_nested_branch_dag.py
[2025-02-13T17:29:26.529+0000] {processor.py:766} INFO - DAG(s) dict_keys(['example_nested_branch_dag']) retrieved from /home/airflow/.local/lib/python3.7/site-packages/airflow/example_dags/example_nested_branch_dag.py
[2025-02-13T17:29:26.573+0000] {logging_mixin.py:137} INFO - [2025-02-13T17:29:26.572+0000] {dag.py:2585} INFO - Sync 1 DAGs
[2025-02-13T17:29:26.643+0000] {logging_mixin.py:137} INFO - [2025-02-13T17:29:26.643+0000] {dag.py:3340} INFO - Setting next_dagrun for example_nested_branch_dag to 2025-02-12T00:00:00+00:00, run_after=2025-02-13T00:00:00+00:00
[2025-02-13T17:29:26.693+0000] {processor.py:176} INFO - Processing /home/airflow/.local/lib/python3.7/site-packages/airflow/example_dags/example_nested_branch_dag.py took 0.211 seconds
[2025-02-13T17:29:57.441+0000] {processor.py:154} INFO - Started process (PID=1837) to work on /home/airflow/.local/lib/python3.7/site-packages/airflow/example_dags/example_nested_branch_dag.py
[2025-02-13T17:29:57.443+0000] {processor.py:756} INFO - Processing file /home/airflow/.local/lib/python3.7/site-packages/airflow/example_dags/example_nested_branch_dag.py for tasks to queue
[2025-02-13T17:29:57.447+0000] {logging_mixin.py:137} INFO - [2025-02-13T17:29:57.446+0000] {dagbag.py:537} INFO - Filling up the DagBag from /home/airflow/.local/lib/python3.7/site-packages/airflow/example_dags/example_nested_branch_dag.py
[2025-02-13T17:29:57.512+0000] {processor.py:766} INFO - DAG(s) dict_keys(['example_nested_branch_dag']) retrieved from /home/airflow/.local/lib/python3.7/site-packages/airflow/example_dags/example_nested_branch_dag.py
[2025-02-13T17:29:57.581+0000] {logging_mixin.py:137} INFO - [2025-02-13T17:29:57.580+0000] {dag.py:2585} INFO - Sync 1 DAGs
[2025-02-13T17:29:57.688+0000] {logging_mixin.py:137} INFO - [2025-02-13T17:29:57.687+0000] {dag.py:3340} INFO - Setting next_dagrun for example_nested_branch_dag to 2025-02-12T00:00:00+00:00, run_after=2025-02-13T00:00:00+00:00
[2025-02-13T17:29:57.757+0000] {processor.py:176} INFO - Processing /home/airflow/.local/lib/python3.7/site-packages/airflow/example_dags/example_nested_branch_dag.py took 0.323 seconds
[2025-02-13T17:30:27.960+0000] {processor.py:154} INFO - Started process (PID=2017) to work on /home/airflow/.local/lib/python3.7/site-packages/airflow/example_dags/example_nested_branch_dag.py
[2025-02-13T17:30:27.962+0000] {processor.py:756} INFO - Processing file /home/airflow/.local/lib/python3.7/site-packages/airflow/example_dags/example_nested_branch_dag.py for tasks to queue
[2025-02-13T17:30:27.964+0000] {logging_mixin.py:137} INFO - [2025-02-13T17:30:27.964+0000] {dagbag.py:537} INFO - Filling up the DagBag from /home/airflow/.local/lib/python3.7/site-packages/airflow/example_dags/example_nested_branch_dag.py
[2025-02-13T17:30:28.011+0000] {processor.py:766} INFO - DAG(s) dict_keys(['example_nested_branch_dag']) retrieved from /home/airflow/.local/lib/python3.7/site-packages/airflow/example_dags/example_nested_branch_dag.py
[2025-02-13T17:30:28.064+0000] {logging_mixin.py:137} INFO - [2025-02-13T17:30:28.063+0000] {dag.py:2585} INFO - Sync 1 DAGs
[2025-02-13T17:30:28.138+0000] {logging_mixin.py:137} INFO - [2025-02-13T17:30:28.138+0000] {dag.py:3340} INFO - Setting next_dagrun for example_nested_branch_dag to 2025-02-12T00:00:00+00:00, run_after=2025-02-13T00:00:00+00:00
[2025-02-13T17:30:28.197+0000] {processor.py:176} INFO - Processing /home/airflow/.local/lib/python3.7/site-packages/airflow/example_dags/example_nested_branch_dag.py took 0.244 seconds
[2025-02-13T17:30:59.108+0000] {processor.py:154} INFO - Started process (PID=2197) to work on /home/airflow/.local/lib/python3.7/site-packages/airflow/example_dags/example_nested_branch_dag.py
[2025-02-13T17:30:59.111+0000] {processor.py:756} INFO - Processing file /home/airflow/.local/lib/python3.7/site-packages/airflow/example_dags/example_nested_branch_dag.py for tasks to queue
[2025-02-13T17:30:59.114+0000] {logging_mixin.py:137} INFO - [2025-02-13T17:30:59.113+0000] {dagbag.py:537} INFO - Filling up the DagBag from /home/airflow/.local/lib/python3.7/site-packages/airflow/example_dags/example_nested_branch_dag.py
[2025-02-13T17:30:59.168+0000] {processor.py:766} INFO - DAG(s) dict_keys(['example_nested_branch_dag']) retrieved from /home/airflow/.local/lib/python3.7/site-packages/airflow/example_dags/example_nested_branch_dag.py
[2025-02-13T17:30:59.238+0000] {logging_mixin.py:137} INFO - [2025-02-13T17:30:59.237+0000] {dag.py:2585} INFO - Sync 1 DAGs
[2025-02-13T17:30:59.307+0000] {logging_mixin.py:137} INFO - [2025-02-13T17:30:59.307+0000] {dag.py:3340} INFO - Setting next_dagrun for example_nested_branch_dag to 2025-02-12T00:00:00+00:00, run_after=2025-02-13T00:00:00+00:00
[2025-02-13T17:30:59.363+0000] {processor.py:176} INFO - Processing /home/airflow/.local/lib/python3.7/site-packages/airflow/example_dags/example_nested_branch_dag.py took 0.260 seconds
[2025-02-13T17:31:29.613+0000] {processor.py:154} INFO - Started process (PID=2377) to work on /home/airflow/.local/lib/python3.7/site-packages/airflow/example_dags/example_nested_branch_dag.py
[2025-02-13T17:31:29.616+0000] {processor.py:756} INFO - Processing file /home/airflow/.local/lib/python3.7/site-packages/airflow/example_dags/example_nested_branch_dag.py for tasks to queue
[2025-02-13T17:31:29.619+0000] {logging_mixin.py:137} INFO - [2025-02-13T17:31:29.619+0000] {dagbag.py:537} INFO - Filling up the DagBag from /home/airflow/.local/lib/python3.7/site-packages/airflow/example_dags/example_nested_branch_dag.py
[2025-02-13T17:31:29.669+0000] {processor.py:766} INFO - DAG(s) dict_keys(['example_nested_branch_dag']) retrieved from /home/airflow/.local/lib/python3.7/site-packages/airflow/example_dags/example_nested_branch_dag.py
[2025-02-13T17:31:29.732+0000] {logging_mixin.py:137} INFO - [2025-02-13T17:31:29.731+0000] {dag.py:2585} INFO - Sync 1 DAGs
[2025-02-13T17:31:29.780+0000] {logging_mixin.py:137} INFO - [2025-02-13T17:31:29.780+0000] {dag.py:3340} INFO - Setting next_dagrun for example_nested_branch_dag to 2025-02-12T00:00:00+00:00, run_after=2025-02-13T00:00:00+00:00
[2025-02-13T17:31:29.834+0000] {processor.py:176} INFO - Processing /home/airflow/.local/lib/python3.7/site-packages/airflow/example_dags/example_nested_branch_dag.py took 0.235 seconds
[2025-02-13T17:31:59.958+0000] {processor.py:154} INFO - Started process (PID=2557) to work on /home/airflow/.local/lib/python3.7/site-packages/airflow/example_dags/example_nested_branch_dag.py
[2025-02-13T17:31:59.961+0000] {processor.py:756} INFO - Processing file /home/airflow/.local/lib/python3.7/site-packages/airflow/example_dags/example_nested_branch_dag.py for tasks to queue
[2025-02-13T17:31:59.963+0000] {logging_mixin.py:137} INFO - [2025-02-13T17:31:59.962+0000] {dagbag.py:537} INFO - Filling up the DagBag from /home/airflow/.local/lib/python3.7/site-packages/airflow/example_dags/example_nested_branch_dag.py
[2025-02-13T17:32:00.018+0000] {processor.py:766} INFO - DAG(s) dict_keys(['example_nested_branch_dag']) retrieved from /home/airflow/.local/lib/python3.7/site-packages/airflow/example_dags/example_nested_branch_dag.py
[2025-02-13T17:32:00.144+0000] {logging_mixin.py:137} INFO - [2025-02-13T17:32:00.143+0000] {dag.py:2585} INFO - Sync 1 DAGs
[2025-02-13T17:32:00.227+0000] {logging_mixin.py:137} INFO - [2025-02-13T17:32:00.227+0000] {dag.py:3340} INFO - Setting next_dagrun for example_nested_branch_dag to 2025-02-12T00:00:00+00:00, run_after=2025-02-13T00:00:00+00:00
[2025-02-13T17:32:00.296+0000] {processor.py:176} INFO - Processing /home/airflow/.local/lib/python3.7/site-packages/airflow/example_dags/example_nested_branch_dag.py took 0.345 seconds
[2025-02-13T17:32:31.000+0000] {processor.py:154} INFO - Started process (PID=2737) to work on /home/airflow/.local/lib/python3.7/site-packages/airflow/example_dags/example_nested_branch_dag.py
[2025-02-13T17:32:31.002+0000] {processor.py:756} INFO - Processing file /home/airflow/.local/lib/python3.7/site-packages/airflow/example_dags/example_nested_branch_dag.py for tasks to queue
[2025-02-13T17:32:31.004+0000] {logging_mixin.py:137} INFO - [2025-02-13T17:32:31.004+0000] {dagbag.py:537} INFO - Filling up the DagBag from /home/airflow/.local/lib/python3.7/site-packages/airflow/example_dags/example_nested_branch_dag.py
[2025-02-13T17:32:31.055+0000] {processor.py:766} INFO - DAG(s) dict_keys(['example_nested_branch_dag']) retrieved from /home/airflow/.local/lib/python3.7/site-packages/airflow/example_dags/example_nested_branch_dag.py
[2025-02-13T17:32:31.166+0000] {logging_mixin.py:137} INFO - [2025-02-13T17:32:31.166+0000] {dag.py:2585} INFO - Sync 1 DAGs
[2025-02-13T17:32:31.223+0000] {logging_mixin.py:137} INFO - [2025-02-13T17:32:31.222+0000] {dag.py:3340} INFO - Setting next_dagrun for example_nested_branch_dag to 2025-02-12T00:00:00+00:00, run_after=2025-02-13T00:00:00+00:00
[2025-02-13T17:32:31.275+0000] {processor.py:176} INFO - Processing /home/airflow/.local/lib/python3.7/site-packages/airflow/example_dags/example_nested_branch_dag.py took 0.281 seconds
[2025-02-13T17:33:01.786+0000] {processor.py:154} INFO - Started process (PID=2915) to work on /home/airflow/.local/lib/python3.7/site-packages/airflow/example_dags/example_nested_branch_dag.py
[2025-02-13T17:33:01.788+0000] {processor.py:756} INFO - Processing file /home/airflow/.local/lib/python3.7/site-packages/airflow/example_dags/example_nested_branch_dag.py for tasks to queue
[2025-02-13T17:33:01.790+0000] {logging_mixin.py:137} INFO - [2025-02-13T17:33:01.790+0000] {dagbag.py:537} INFO - Filling up the DagBag from /home/airflow/.local/lib/python3.7/site-packages/airflow/example_dags/example_nested_branch_dag.py
[2025-02-13T17:33:01.842+0000] {processor.py:766} INFO - DAG(s) dict_keys(['example_nested_branch_dag']) retrieved from /home/airflow/.local/lib/python3.7/site-packages/airflow/example_dags/example_nested_branch_dag.py
[2025-02-13T17:33:01.894+0000] {logging_mixin.py:137} INFO - [2025-02-13T17:33:01.894+0000] {dag.py:2585} INFO - Sync 1 DAGs
[2025-02-13T17:33:01.950+0000] {logging_mixin.py:137} INFO - [2025-02-13T17:33:01.950+0000] {dag.py:3340} INFO - Setting next_dagrun for example_nested_branch_dag to 2025-02-12T00:00:00+00:00, run_after=2025-02-13T00:00:00+00:00
[2025-02-13T17:33:01.994+0000] {processor.py:176} INFO - Processing /home/airflow/.local/lib/python3.7/site-packages/airflow/example_dags/example_nested_branch_dag.py took 0.213 seconds
[2025-02-13T17:33:32.160+0000] {processor.py:154} INFO - Started process (PID=3097) to work on /home/airflow/.local/lib/python3.7/site-packages/airflow/example_dags/example_nested_branch_dag.py
[2025-02-13T17:33:32.162+0000] {processor.py:756} INFO - Processing file /home/airflow/.local/lib/python3.7/site-packages/airflow/example_dags/example_nested_branch_dag.py for tasks to queue
[2025-02-13T17:33:32.164+0000] {logging_mixin.py:137} INFO - [2025-02-13T17:33:32.163+0000] {dagbag.py:537} INFO - Filling up the DagBag from /home/airflow/.local/lib/python3.7/site-packages/airflow/example_dags/example_nested_branch_dag.py
[2025-02-13T17:33:32.209+0000] {processor.py:766} INFO - DAG(s) dict_keys(['example_nested_branch_dag']) retrieved from /home/airflow/.local/lib/python3.7/site-packages/airflow/example_dags/example_nested_branch_dag.py
[2025-02-13T17:33:32.296+0000] {logging_mixin.py:137} INFO - [2025-02-13T17:33:32.295+0000] {dag.py:2585} INFO - Sync 1 DAGs
[2025-02-13T17:33:32.349+0000] {logging_mixin.py:137} INFO - [2025-02-13T17:33:32.349+0000] {dag.py:3340} INFO - Setting next_dagrun for example_nested_branch_dag to 2025-02-12T00:00:00+00:00, run_after=2025-02-13T00:00:00+00:00
[2025-02-13T17:33:32.394+0000] {processor.py:176} INFO - Processing /home/airflow/.local/lib/python3.7/site-packages/airflow/example_dags/example_nested_branch_dag.py took 0.241 seconds
[2025-02-13T17:34:02.593+0000] {processor.py:154} INFO - Started process (PID=3274) to work on /home/airflow/.local/lib/python3.7/site-packages/airflow/example_dags/example_nested_branch_dag.py
[2025-02-13T17:34:02.595+0000] {processor.py:756} INFO - Processing file /home/airflow/.local/lib/python3.7/site-packages/airflow/example_dags/example_nested_branch_dag.py for tasks to queue
[2025-02-13T17:34:02.596+0000] {logging_mixin.py:137} INFO - [2025-02-13T17:34:02.596+0000] {dagbag.py:537} INFO - Filling up the DagBag from /home/airflow/.local/lib/python3.7/site-packages/airflow/example_dags/example_nested_branch_dag.py
[2025-02-13T17:34:02.635+0000] {processor.py:766} INFO - DAG(s) dict_keys(['example_nested_branch_dag']) retrieved from /home/airflow/.local/lib/python3.7/site-packages/airflow/example_dags/example_nested_branch_dag.py
[2025-02-13T17:34:02.698+0000] {logging_mixin.py:137} INFO - [2025-02-13T17:34:02.698+0000] {dag.py:2585} INFO - Sync 1 DAGs
[2025-02-13T17:34:02.757+0000] {logging_mixin.py:137} INFO - [2025-02-13T17:34:02.756+0000] {dag.py:3340} INFO - Setting next_dagrun for example_nested_branch_dag to 2025-02-12T00:00:00+00:00, run_after=2025-02-13T00:00:00+00:00
[2025-02-13T17:34:02.825+0000] {processor.py:176} INFO - Processing /home/airflow/.local/lib/python3.7/site-packages/airflow/example_dags/example_nested_branch_dag.py took 0.238 seconds
[2025-02-13T17:34:33.053+0000] {processor.py:154} INFO - Started process (PID=3454) to work on /home/airflow/.local/lib/python3.7/site-packages/airflow/example_dags/example_nested_branch_dag.py
[2025-02-13T17:34:33.056+0000] {processor.py:756} INFO - Processing file /home/airflow/.local/lib/python3.7/site-packages/airflow/example_dags/example_nested_branch_dag.py for tasks to queue
[2025-02-13T17:34:33.059+0000] {logging_mixin.py:137} INFO - [2025-02-13T17:34:33.058+0000] {dagbag.py:537} INFO - Filling up the DagBag from /home/airflow/.local/lib/python3.7/site-packages/airflow/example_dags/example_nested_branch_dag.py
[2025-02-13T17:34:33.121+0000] {processor.py:766} INFO - DAG(s) dict_keys(['example_nested_branch_dag']) retrieved from /home/airflow/.local/lib/python3.7/site-packages/airflow/example_dags/example_nested_branch_dag.py
[2025-02-13T17:34:33.204+0000] {logging_mixin.py:137} INFO - [2025-02-13T17:34:33.203+0000] {dag.py:2585} INFO - Sync 1 DAGs
[2025-02-13T17:34:33.258+0000] {logging_mixin.py:137} INFO - [2025-02-13T17:34:33.257+0000] {dag.py:3340} INFO - Setting next_dagrun for example_nested_branch_dag to 2025-02-12T00:00:00+00:00, run_after=2025-02-13T00:00:00+00:00
[2025-02-13T17:34:33.320+0000] {processor.py:176} INFO - Processing /home/airflow/.local/lib/python3.7/site-packages/airflow/example_dags/example_nested_branch_dag.py took 0.274 seconds
[2025-02-13T17:35:03.545+0000] {processor.py:154} INFO - Started process (PID=3631) to work on /home/airflow/.local/lib/python3.7/site-packages/airflow/example_dags/example_nested_branch_dag.py
[2025-02-13T17:35:03.548+0000] {processor.py:756} INFO - Processing file /home/airflow/.local/lib/python3.7/site-packages/airflow/example_dags/example_nested_branch_dag.py for tasks to queue
[2025-02-13T17:35:03.551+0000] {logging_mixin.py:137} INFO - [2025-02-13T17:35:03.551+0000] {dagbag.py:537} INFO - Filling up the DagBag from /home/airflow/.local/lib/python3.7/site-packages/airflow/example_dags/example_nested_branch_dag.py
[2025-02-13T17:35:03.596+0000] {processor.py:766} INFO - DAG(s) dict_keys(['example_nested_branch_dag']) retrieved from /home/airflow/.local/lib/python3.7/site-packages/airflow/example_dags/example_nested_branch_dag.py
[2025-02-13T17:35:03.670+0000] {logging_mixin.py:137} INFO - [2025-02-13T17:35:03.669+0000] {dag.py:2585} INFO - Sync 1 DAGs
[2025-02-13T17:35:03.726+0000] {logging_mixin.py:137} INFO - [2025-02-13T17:35:03.726+0000] {dag.py:3340} INFO - Setting next_dagrun for example_nested_branch_dag to 2025-02-12T00:00:00+00:00, run_after=2025-02-13T00:00:00+00:00
[2025-02-13T17:35:03.771+0000] {processor.py:176} INFO - Processing /home/airflow/.local/lib/python3.7/site-packages/airflow/example_dags/example_nested_branch_dag.py took 0.233 seconds
[2025-02-13T17:35:33.975+0000] {processor.py:154} INFO - Started process (PID=3812) to work on /home/airflow/.local/lib/python3.7/site-packages/airflow/example_dags/example_nested_branch_dag.py
[2025-02-13T17:35:33.977+0000] {processor.py:756} INFO - Processing file /home/airflow/.local/lib/python3.7/site-packages/airflow/example_dags/example_nested_branch_dag.py for tasks to queue
[2025-02-13T17:35:33.978+0000] {logging_mixin.py:137} INFO - [2025-02-13T17:35:33.978+0000] {dagbag.py:537} INFO - Filling up the DagBag from /home/airflow/.local/lib/python3.7/site-packages/airflow/example_dags/example_nested_branch_dag.py
[2025-02-13T17:35:34.012+0000] {processor.py:766} INFO - DAG(s) dict_keys(['example_nested_branch_dag']) retrieved from /home/airflow/.local/lib/python3.7/site-packages/airflow/example_dags/example_nested_branch_dag.py
[2025-02-13T17:35:34.088+0000] {logging_mixin.py:137} INFO - [2025-02-13T17:35:34.088+0000] {dag.py:2585} INFO - Sync 1 DAGs
[2025-02-13T17:35:34.130+0000] {logging_mixin.py:137} INFO - [2025-02-13T17:35:34.130+0000] {dag.py:3340} INFO - Setting next_dagrun for example_nested_branch_dag to 2025-02-12T00:00:00+00:00, run_after=2025-02-13T00:00:00+00:00
[2025-02-13T17:35:34.232+0000] {processor.py:176} INFO - Processing /home/airflow/.local/lib/python3.7/site-packages/airflow/example_dags/example_nested_branch_dag.py took 0.262 seconds
[2025-02-13T17:36:04.349+0000] {processor.py:154} INFO - Started process (PID=3992) to work on /home/airflow/.local/lib/python3.7/site-packages/airflow/example_dags/example_nested_branch_dag.py
[2025-02-13T17:36:04.352+0000] {processor.py:756} INFO - Processing file /home/airflow/.local/lib/python3.7/site-packages/airflow/example_dags/example_nested_branch_dag.py for tasks to queue
[2025-02-13T17:36:04.354+0000] {logging_mixin.py:137} INFO - [2025-02-13T17:36:04.354+0000] {dagbag.py:537} INFO - Filling up the DagBag from /home/airflow/.local/lib/python3.7/site-packages/airflow/example_dags/example_nested_branch_dag.py
[2025-02-13T17:36:04.407+0000] {processor.py:766} INFO - DAG(s) dict_keys(['example_nested_branch_dag']) retrieved from /home/airflow/.local/lib/python3.7/site-packages/airflow/example_dags/example_nested_branch_dag.py
[2025-02-13T17:36:04.494+0000] {logging_mixin.py:137} INFO - [2025-02-13T17:36:04.494+0000] {dag.py:2585} INFO - Sync 1 DAGs
[2025-02-13T17:36:04.551+0000] {logging_mixin.py:137} INFO - [2025-02-13T17:36:04.550+0000] {dag.py:3340} INFO - Setting next_dagrun for example_nested_branch_dag to 2025-02-12T00:00:00+00:00, run_after=2025-02-13T00:00:00+00:00
[2025-02-13T17:36:04.591+0000] {processor.py:176} INFO - Processing /home/airflow/.local/lib/python3.7/site-packages/airflow/example_dags/example_nested_branch_dag.py took 0.252 seconds
[2025-02-13T17:36:34.924+0000] {processor.py:154} INFO - Started process (PID=4172) to work on /home/airflow/.local/lib/python3.7/site-packages/airflow/example_dags/example_nested_branch_dag.py
[2025-02-13T17:36:34.926+0000] {processor.py:756} INFO - Processing file /home/airflow/.local/lib/python3.7/site-packages/airflow/example_dags/example_nested_branch_dag.py for tasks to queue
[2025-02-13T17:36:34.928+0000] {logging_mixin.py:137} INFO - [2025-02-13T17:36:34.927+0000] {dagbag.py:537} INFO - Filling up the DagBag from /home/airflow/.local/lib/python3.7/site-packages/airflow/example_dags/example_nested_branch_dag.py
[2025-02-13T17:36:34.972+0000] {processor.py:766} INFO - DAG(s) dict_keys(['example_nested_branch_dag']) retrieved from /home/airflow/.local/lib/python3.7/site-packages/airflow/example_dags/example_nested_branch_dag.py
[2025-02-13T17:36:35.054+0000] {logging_mixin.py:137} INFO - [2025-02-13T17:36:35.053+0000] {dag.py:2585} INFO - Sync 1 DAGs
[2025-02-13T17:36:35.105+0000] {logging_mixin.py:137} INFO - [2025-02-13T17:36:35.105+0000] {dag.py:3340} INFO - Setting next_dagrun for example_nested_branch_dag to 2025-02-12T00:00:00+00:00, run_after=2025-02-13T00:00:00+00:00
[2025-02-13T17:36:35.159+0000] {processor.py:176} INFO - Processing /home/airflow/.local/lib/python3.7/site-packages/airflow/example_dags/example_nested_branch_dag.py took 0.240 seconds
[2025-02-13T17:37:05.372+0000] {processor.py:154} INFO - Started process (PID=4352) to work on /home/airflow/.local/lib/python3.7/site-packages/airflow/example_dags/example_nested_branch_dag.py
[2025-02-13T17:37:05.374+0000] {processor.py:756} INFO - Processing file /home/airflow/.local/lib/python3.7/site-packages/airflow/example_dags/example_nested_branch_dag.py for tasks to queue
[2025-02-13T17:37:05.376+0000] {logging_mixin.py:137} INFO - [2025-02-13T17:37:05.376+0000] {dagbag.py:537} INFO - Filling up the DagBag from /home/airflow/.local/lib/python3.7/site-packages/airflow/example_dags/example_nested_branch_dag.py
[2025-02-13T17:37:05.444+0000] {processor.py:766} INFO - DAG(s) dict_keys(['example_nested_branch_dag']) retrieved from /home/airflow/.local/lib/python3.7/site-packages/airflow/example_dags/example_nested_branch_dag.py
[2025-02-13T17:37:05.521+0000] {logging_mixin.py:137} INFO - [2025-02-13T17:37:05.521+0000] {dag.py:2585} INFO - Sync 1 DAGs
[2025-02-13T17:37:05.578+0000] {logging_mixin.py:137} INFO - [2025-02-13T17:37:05.578+0000] {dag.py:3340} INFO - Setting next_dagrun for example_nested_branch_dag to 2025-02-12T00:00:00+00:00, run_after=2025-02-13T00:00:00+00:00
[2025-02-13T17:37:05.620+0000] {processor.py:176} INFO - Processing /home/airflow/.local/lib/python3.7/site-packages/airflow/example_dags/example_nested_branch_dag.py took 0.253 seconds
[2025-02-13T17:37:36.046+0000] {processor.py:154} INFO - Started process (PID=4532) to work on /home/airflow/.local/lib/python3.7/site-packages/airflow/example_dags/example_nested_branch_dag.py
[2025-02-13T17:37:36.049+0000] {processor.py:756} INFO - Processing file /home/airflow/.local/lib/python3.7/site-packages/airflow/example_dags/example_nested_branch_dag.py for tasks to queue
[2025-02-13T17:37:36.051+0000] {logging_mixin.py:137} INFO - [2025-02-13T17:37:36.051+0000] {dagbag.py:537} INFO - Filling up the DagBag from /home/airflow/.local/lib/python3.7/site-packages/airflow/example_dags/example_nested_branch_dag.py
[2025-02-13T17:37:36.102+0000] {processor.py:766} INFO - DAG(s) dict_keys(['example_nested_branch_dag']) retrieved from /home/airflow/.local/lib/python3.7/site-packages/airflow/example_dags/example_nested_branch_dag.py
[2025-02-13T17:37:36.236+0000] {logging_mixin.py:137} INFO - [2025-02-13T17:37:36.236+0000] {dag.py:2585} INFO - Sync 1 DAGs
[2025-02-13T17:37:36.316+0000] {logging_mixin.py:137} INFO - [2025-02-13T17:37:36.316+0000] {dag.py:3340} INFO - Setting next_dagrun for example_nested_branch_dag to 2025-02-12T00:00:00+00:00, run_after=2025-02-13T00:00:00+00:00
[2025-02-13T17:37:36.363+0000] {processor.py:176} INFO - Processing /home/airflow/.local/lib/python3.7/site-packages/airflow/example_dags/example_nested_branch_dag.py took 0.326 seconds
[2025-02-13T17:38:06.806+0000] {processor.py:154} INFO - Started process (PID=4712) to work on /home/airflow/.local/lib/python3.7/site-packages/airflow/example_dags/example_nested_branch_dag.py
[2025-02-13T17:38:06.808+0000] {processor.py:756} INFO - Processing file /home/airflow/.local/lib/python3.7/site-packages/airflow/example_dags/example_nested_branch_dag.py for tasks to queue
[2025-02-13T17:38:06.810+0000] {logging_mixin.py:137} INFO - [2025-02-13T17:38:06.810+0000] {dagbag.py:537} INFO - Filling up the DagBag from /home/airflow/.local/lib/python3.7/site-packages/airflow/example_dags/example_nested_branch_dag.py
[2025-02-13T17:38:06.854+0000] {processor.py:766} INFO - DAG(s) dict_keys(['example_nested_branch_dag']) retrieved from /home/airflow/.local/lib/python3.7/site-packages/airflow/example_dags/example_nested_branch_dag.py
[2025-02-13T17:38:06.935+0000] {logging_mixin.py:137} INFO - [2025-02-13T17:38:06.934+0000] {dag.py:2585} INFO - Sync 1 DAGs
[2025-02-13T17:38:06.984+0000] {logging_mixin.py:137} INFO - [2025-02-13T17:38:06.984+0000] {dag.py:3340} INFO - Setting next_dagrun for example_nested_branch_dag to 2025-02-12T00:00:00+00:00, run_after=2025-02-13T00:00:00+00:00
[2025-02-13T17:38:07.030+0000] {processor.py:176} INFO - Processing /home/airflow/.local/lib/python3.7/site-packages/airflow/example_dags/example_nested_branch_dag.py took 0.229 seconds
[2025-02-13T17:38:37.743+0000] {processor.py:154} INFO - Started process (PID=4892) to work on /home/airflow/.local/lib/python3.7/site-packages/airflow/example_dags/example_nested_branch_dag.py
[2025-02-13T17:38:37.745+0000] {processor.py:756} INFO - Processing file /home/airflow/.local/lib/python3.7/site-packages/airflow/example_dags/example_nested_branch_dag.py for tasks to queue
[2025-02-13T17:38:37.747+0000] {logging_mixin.py:137} INFO - [2025-02-13T17:38:37.747+0000] {dagbag.py:537} INFO - Filling up the DagBag from /home/airflow/.local/lib/python3.7/site-packages/airflow/example_dags/example_nested_branch_dag.py
[2025-02-13T17:38:37.791+0000] {processor.py:766} INFO - DAG(s) dict_keys(['example_nested_branch_dag']) retrieved from /home/airflow/.local/lib/python3.7/site-packages/airflow/example_dags/example_nested_branch_dag.py
[2025-02-13T17:38:37.859+0000] {logging_mixin.py:137} INFO - [2025-02-13T17:38:37.859+0000] {dag.py:2585} INFO - Sync 1 DAGs
[2025-02-13T17:38:37.904+0000] {logging_mixin.py:137} INFO - [2025-02-13T17:38:37.904+0000] {dag.py:3340} INFO - Setting next_dagrun for example_nested_branch_dag to 2025-02-12T00:00:00+00:00, run_after=2025-02-13T00:00:00+00:00
[2025-02-13T17:38:37.954+0000] {processor.py:176} INFO - Processing /home/airflow/.local/lib/python3.7/site-packages/airflow/example_dags/example_nested_branch_dag.py took 0.217 seconds
[2025-02-13T17:39:39.006+0000] {processor.py:154} INFO - Started process (PID=5079) to work on /home/airflow/.local/lib/python3.7/site-packages/airflow/example_dags/example_nested_branch_dag.py
[2025-02-13T17:39:39.008+0000] {processor.py:756} INFO - Processing file /home/airflow/.local/lib/python3.7/site-packages/airflow/example_dags/example_nested_branch_dag.py for tasks to queue
[2025-02-13T17:39:39.009+0000] {logging_mixin.py:137} INFO - [2025-02-13T17:39:39.009+0000] {dagbag.py:537} INFO - Filling up the DagBag from /home/airflow/.local/lib/python3.7/site-packages/airflow/example_dags/example_nested_branch_dag.py
[2025-02-13T17:39:39.039+0000] {processor.py:766} INFO - DAG(s) dict_keys(['example_nested_branch_dag']) retrieved from /home/airflow/.local/lib/python3.7/site-packages/airflow/example_dags/example_nested_branch_dag.py
[2025-02-13T17:39:39.089+0000] {logging_mixin.py:137} INFO - [2025-02-13T17:39:39.089+0000] {dag.py:2585} INFO - Sync 1 DAGs
[2025-02-13T17:39:39.119+0000] {logging_mixin.py:137} INFO - [2025-02-13T17:39:39.119+0000] {dag.py:3340} INFO - Setting next_dagrun for example_nested_branch_dag to 2025-02-12T00:00:00+00:00, run_after=2025-02-13T00:00:00+00:00
[2025-02-13T17:39:39.153+0000] {processor.py:176} INFO - Processing /home/airflow/.local/lib/python3.7/site-packages/airflow/example_dags/example_nested_branch_dag.py took 0.152 seconds
[2025-02-13T17:40:10.204+0000] {processor.py:154} INFO - Started process (PID=5259) to work on /home/airflow/.local/lib/python3.7/site-packages/airflow/example_dags/example_nested_branch_dag.py
[2025-02-13T17:40:10.207+0000] {processor.py:756} INFO - Processing file /home/airflow/.local/lib/python3.7/site-packages/airflow/example_dags/example_nested_branch_dag.py for tasks to queue
[2025-02-13T17:40:10.211+0000] {logging_mixin.py:137} INFO - [2025-02-13T17:40:10.210+0000] {dagbag.py:537} INFO - Filling up the DagBag from /home/airflow/.local/lib/python3.7/site-packages/airflow/example_dags/example_nested_branch_dag.py
[2025-02-13T17:40:10.250+0000] {processor.py:766} INFO - DAG(s) dict_keys(['example_nested_branch_dag']) retrieved from /home/airflow/.local/lib/python3.7/site-packages/airflow/example_dags/example_nested_branch_dag.py
[2025-02-13T17:40:10.324+0000] {logging_mixin.py:137} INFO - [2025-02-13T17:40:10.324+0000] {dag.py:2585} INFO - Sync 1 DAGs
[2025-02-13T17:40:10.379+0000] {logging_mixin.py:137} INFO - [2025-02-13T17:40:10.379+0000] {dag.py:3340} INFO - Setting next_dagrun for example_nested_branch_dag to 2025-02-12T00:00:00+00:00, run_after=2025-02-13T00:00:00+00:00
[2025-02-13T17:40:10.427+0000] {processor.py:176} INFO - Processing /home/airflow/.local/lib/python3.7/site-packages/airflow/example_dags/example_nested_branch_dag.py took 0.240 seconds
[2025-02-13T17:40:40.518+0000] {processor.py:154} INFO - Started process (PID=5439) to work on /home/airflow/.local/lib/python3.7/site-packages/airflow/example_dags/example_nested_branch_dag.py
[2025-02-13T17:40:40.519+0000] {processor.py:756} INFO - Processing file /home/airflow/.local/lib/python3.7/site-packages/airflow/example_dags/example_nested_branch_dag.py for tasks to queue
[2025-02-13T17:40:40.521+0000] {logging_mixin.py:137} INFO - [2025-02-13T17:40:40.520+0000] {dagbag.py:537} INFO - Filling up the DagBag from /home/airflow/.local/lib/python3.7/site-packages/airflow/example_dags/example_nested_branch_dag.py
[2025-02-13T17:40:40.562+0000] {processor.py:766} INFO - DAG(s) dict_keys(['example_nested_branch_dag']) retrieved from /home/airflow/.local/lib/python3.7/site-packages/airflow/example_dags/example_nested_branch_dag.py
[2025-02-13T17:40:40.626+0000] {logging_mixin.py:137} INFO - [2025-02-13T17:40:40.626+0000] {dag.py:2585} INFO - Sync 1 DAGs
[2025-02-13T17:40:40.661+0000] {logging_mixin.py:137} INFO - [2025-02-13T17:40:40.661+0000] {dag.py:3340} INFO - Setting next_dagrun for example_nested_branch_dag to 2025-02-12T00:00:00+00:00, run_after=2025-02-13T00:00:00+00:00
[2025-02-13T17:40:40.700+0000] {processor.py:176} INFO - Processing /home/airflow/.local/lib/python3.7/site-packages/airflow/example_dags/example_nested_branch_dag.py took 0.187 seconds
[2025-02-13T17:41:12.124+0000] {processor.py:154} INFO - Started process (PID=5619) to work on /home/airflow/.local/lib/python3.7/site-packages/airflow/example_dags/example_nested_branch_dag.py
[2025-02-13T17:41:12.126+0000] {processor.py:756} INFO - Processing file /home/airflow/.local/lib/python3.7/site-packages/airflow/example_dags/example_nested_branch_dag.py for tasks to queue
[2025-02-13T17:41:12.128+0000] {logging_mixin.py:137} INFO - [2025-02-13T17:41:12.128+0000] {dagbag.py:537} INFO - Filling up the DagBag from /home/airflow/.local/lib/python3.7/site-packages/airflow/example_dags/example_nested_branch_dag.py
[2025-02-13T17:41:12.179+0000] {processor.py:766} INFO - DAG(s) dict_keys(['example_nested_branch_dag']) retrieved from /home/airflow/.local/lib/python3.7/site-packages/airflow/example_dags/example_nested_branch_dag.py
[2025-02-13T17:41:12.297+0000] {logging_mixin.py:137} INFO - [2025-02-13T17:41:12.296+0000] {dag.py:2585} INFO - Sync 1 DAGs
[2025-02-13T17:41:12.359+0000] {logging_mixin.py:137} INFO - [2025-02-13T17:41:12.359+0000] {dag.py:3340} INFO - Setting next_dagrun for example_nested_branch_dag to 2025-02-12T00:00:00+00:00, run_after=2025-02-13T00:00:00+00:00
[2025-02-13T17:41:12.437+0000] {processor.py:176} INFO - Processing /home/airflow/.local/lib/python3.7/site-packages/airflow/example_dags/example_nested_branch_dag.py took 0.318 seconds
[2025-02-13T17:41:42.699+0000] {processor.py:154} INFO - Started process (PID=5799) to work on /home/airflow/.local/lib/python3.7/site-packages/airflow/example_dags/example_nested_branch_dag.py
[2025-02-13T17:41:42.700+0000] {processor.py:756} INFO - Processing file /home/airflow/.local/lib/python3.7/site-packages/airflow/example_dags/example_nested_branch_dag.py for tasks to queue
[2025-02-13T17:41:42.701+0000] {logging_mixin.py:137} INFO - [2025-02-13T17:41:42.701+0000] {dagbag.py:537} INFO - Filling up the DagBag from /home/airflow/.local/lib/python3.7/site-packages/airflow/example_dags/example_nested_branch_dag.py
[2025-02-13T17:41:42.722+0000] {processor.py:766} INFO - DAG(s) dict_keys(['example_nested_branch_dag']) retrieved from /home/airflow/.local/lib/python3.7/site-packages/airflow/example_dags/example_nested_branch_dag.py
[2025-02-13T17:41:42.759+0000] {logging_mixin.py:137} INFO - [2025-02-13T17:41:42.759+0000] {dag.py:2585} INFO - Sync 1 DAGs
[2025-02-13T17:41:42.786+0000] {logging_mixin.py:137} INFO - [2025-02-13T17:41:42.786+0000] {dag.py:3340} INFO - Setting next_dagrun for example_nested_branch_dag to 2025-02-12T00:00:00+00:00, run_after=2025-02-13T00:00:00+00:00
[2025-02-13T17:41:42.817+0000] {processor.py:176} INFO - Processing /home/airflow/.local/lib/python3.7/site-packages/airflow/example_dags/example_nested_branch_dag.py took 0.123 seconds
[2025-02-13T17:42:13.201+0000] {processor.py:154} INFO - Started process (PID=5979) to work on /home/airflow/.local/lib/python3.7/site-packages/airflow/example_dags/example_nested_branch_dag.py
[2025-02-13T17:42:13.206+0000] {processor.py:756} INFO - Processing file /home/airflow/.local/lib/python3.7/site-packages/airflow/example_dags/example_nested_branch_dag.py for tasks to queue
[2025-02-13T17:42:13.210+0000] {logging_mixin.py:137} INFO - [2025-02-13T17:42:13.209+0000] {dagbag.py:537} INFO - Filling up the DagBag from /home/airflow/.local/lib/python3.7/site-packages/airflow/example_dags/example_nested_branch_dag.py
[2025-02-13T17:42:13.289+0000] {processor.py:766} INFO - DAG(s) dict_keys(['example_nested_branch_dag']) retrieved from /home/airflow/.local/lib/python3.7/site-packages/airflow/example_dags/example_nested_branch_dag.py
[2025-02-13T17:42:13.365+0000] {logging_mixin.py:137} INFO - [2025-02-13T17:42:13.365+0000] {dag.py:2585} INFO - Sync 1 DAGs
[2025-02-13T17:42:13.413+0000] {logging_mixin.py:137} INFO - [2025-02-13T17:42:13.413+0000] {dag.py:3340} INFO - Setting next_dagrun for example_nested_branch_dag to 2025-02-12T00:00:00+00:00, run_after=2025-02-13T00:00:00+00:00
[2025-02-13T17:42:13.449+0000] {processor.py:176} INFO - Processing /home/airflow/.local/lib/python3.7/site-packages/airflow/example_dags/example_nested_branch_dag.py took 0.261 seconds
[2025-02-13T17:42:43.718+0000] {processor.py:154} INFO - Started process (PID=6161) to work on /home/airflow/.local/lib/python3.7/site-packages/airflow/example_dags/example_nested_branch_dag.py
[2025-02-13T17:42:43.720+0000] {processor.py:756} INFO - Processing file /home/airflow/.local/lib/python3.7/site-packages/airflow/example_dags/example_nested_branch_dag.py for tasks to queue
[2025-02-13T17:42:43.721+0000] {logging_mixin.py:137} INFO - [2025-02-13T17:42:43.721+0000] {dagbag.py:537} INFO - Filling up the DagBag from /home/airflow/.local/lib/python3.7/site-packages/airflow/example_dags/example_nested_branch_dag.py
[2025-02-13T17:42:43.761+0000] {processor.py:766} INFO - DAG(s) dict_keys(['example_nested_branch_dag']) retrieved from /home/airflow/.local/lib/python3.7/site-packages/airflow/example_dags/example_nested_branch_dag.py
[2025-02-13T17:42:43.820+0000] {logging_mixin.py:137} INFO - [2025-02-13T17:42:43.819+0000] {dag.py:2585} INFO - Sync 1 DAGs
[2025-02-13T17:42:43.856+0000] {logging_mixin.py:137} INFO - [2025-02-13T17:42:43.856+0000] {dag.py:3340} INFO - Setting next_dagrun for example_nested_branch_dag to 2025-02-12T00:00:00+00:00, run_after=2025-02-13T00:00:00+00:00
[2025-02-13T17:42:43.896+0000] {processor.py:176} INFO - Processing /home/airflow/.local/lib/python3.7/site-packages/airflow/example_dags/example_nested_branch_dag.py took 0.182 seconds
[2025-02-13T17:43:14.323+0000] {processor.py:154} INFO - Started process (PID=6339) to work on /home/airflow/.local/lib/python3.7/site-packages/airflow/example_dags/example_nested_branch_dag.py
[2025-02-13T17:43:14.325+0000] {processor.py:756} INFO - Processing file /home/airflow/.local/lib/python3.7/site-packages/airflow/example_dags/example_nested_branch_dag.py for tasks to queue
[2025-02-13T17:43:14.327+0000] {logging_mixin.py:137} INFO - [2025-02-13T17:43:14.326+0000] {dagbag.py:537} INFO - Filling up the DagBag from /home/airflow/.local/lib/python3.7/site-packages/airflow/example_dags/example_nested_branch_dag.py
[2025-02-13T17:43:14.371+0000] {processor.py:766} INFO - DAG(s) dict_keys(['example_nested_branch_dag']) retrieved from /home/airflow/.local/lib/python3.7/site-packages/airflow/example_dags/example_nested_branch_dag.py
[2025-02-13T17:43:14.449+0000] {logging_mixin.py:137} INFO - [2025-02-13T17:43:14.449+0000] {dag.py:2585} INFO - Sync 1 DAGs
[2025-02-13T17:43:14.499+0000] {logging_mixin.py:137} INFO - [2025-02-13T17:43:14.499+0000] {dag.py:3340} INFO - Setting next_dagrun for example_nested_branch_dag to 2025-02-12T00:00:00+00:00, run_after=2025-02-13T00:00:00+00:00
[2025-02-13T17:43:14.533+0000] {processor.py:176} INFO - Processing /home/airflow/.local/lib/python3.7/site-packages/airflow/example_dags/example_nested_branch_dag.py took 0.216 seconds
[2025-02-13T17:43:44.919+0000] {processor.py:154} INFO - Started process (PID=6519) to work on /home/airflow/.local/lib/python3.7/site-packages/airflow/example_dags/example_nested_branch_dag.py
[2025-02-13T17:43:44.921+0000] {processor.py:756} INFO - Processing file /home/airflow/.local/lib/python3.7/site-packages/airflow/example_dags/example_nested_branch_dag.py for tasks to queue
[2025-02-13T17:43:44.922+0000] {logging_mixin.py:137} INFO - [2025-02-13T17:43:44.922+0000] {dagbag.py:537} INFO - Filling up the DagBag from /home/airflow/.local/lib/python3.7/site-packages/airflow/example_dags/example_nested_branch_dag.py
[2025-02-13T17:43:44.969+0000] {processor.py:766} INFO - DAG(s) dict_keys(['example_nested_branch_dag']) retrieved from /home/airflow/.local/lib/python3.7/site-packages/airflow/example_dags/example_nested_branch_dag.py
[2025-02-13T17:43:45.034+0000] {logging_mixin.py:137} INFO - [2025-02-13T17:43:45.034+0000] {dag.py:2585} INFO - Sync 1 DAGs
[2025-02-13T17:43:45.087+0000] {logging_mixin.py:137} INFO - [2025-02-13T17:43:45.087+0000] {dag.py:3340} INFO - Setting next_dagrun for example_nested_branch_dag to 2025-02-12T00:00:00+00:00, run_after=2025-02-13T00:00:00+00:00
[2025-02-13T17:43:45.130+0000] {processor.py:176} INFO - Processing /home/airflow/.local/lib/python3.7/site-packages/airflow/example_dags/example_nested_branch_dag.py took 0.216 seconds
[2025-02-13T17:44:15.495+0000] {processor.py:154} INFO - Started process (PID=6699) to work on /home/airflow/.local/lib/python3.7/site-packages/airflow/example_dags/example_nested_branch_dag.py
[2025-02-13T17:44:15.497+0000] {processor.py:756} INFO - Processing file /home/airflow/.local/lib/python3.7/site-packages/airflow/example_dags/example_nested_branch_dag.py for tasks to queue
[2025-02-13T17:44:15.499+0000] {logging_mixin.py:137} INFO - [2025-02-13T17:44:15.499+0000] {dagbag.py:537} INFO - Filling up the DagBag from /home/airflow/.local/lib/python3.7/site-packages/airflow/example_dags/example_nested_branch_dag.py
[2025-02-13T17:44:15.543+0000] {processor.py:766} INFO - DAG(s) dict_keys(['example_nested_branch_dag']) retrieved from /home/airflow/.local/lib/python3.7/site-packages/airflow/example_dags/example_nested_branch_dag.py
[2025-02-13T17:44:15.615+0000] {logging_mixin.py:137} INFO - [2025-02-13T17:44:15.614+0000] {dag.py:2585} INFO - Sync 1 DAGs
[2025-02-13T17:44:15.672+0000] {logging_mixin.py:137} INFO - [2025-02-13T17:44:15.672+0000] {dag.py:3340} INFO - Setting next_dagrun for example_nested_branch_dag to 2025-02-12T00:00:00+00:00, run_after=2025-02-13T00:00:00+00:00
[2025-02-13T17:44:15.709+0000] {processor.py:176} INFO - Processing /home/airflow/.local/lib/python3.7/site-packages/airflow/example_dags/example_nested_branch_dag.py took 0.220 seconds
[2025-02-13T17:44:46.510+0000] {processor.py:154} INFO - Started process (PID=6881) to work on /home/airflow/.local/lib/python3.7/site-packages/airflow/example_dags/example_nested_branch_dag.py
[2025-02-13T17:44:46.512+0000] {processor.py:756} INFO - Processing file /home/airflow/.local/lib/python3.7/site-packages/airflow/example_dags/example_nested_branch_dag.py for tasks to queue
[2025-02-13T17:44:46.514+0000] {logging_mixin.py:137} INFO - [2025-02-13T17:44:46.514+0000] {dagbag.py:537} INFO - Filling up the DagBag from /home/airflow/.local/lib/python3.7/site-packages/airflow/example_dags/example_nested_branch_dag.py
[2025-02-13T17:44:46.552+0000] {processor.py:766} INFO - DAG(s) dict_keys(['example_nested_branch_dag']) retrieved from /home/airflow/.local/lib/python3.7/site-packages/airflow/example_dags/example_nested_branch_dag.py
[2025-02-13T17:44:46.616+0000] {logging_mixin.py:137} INFO - [2025-02-13T17:44:46.616+0000] {dag.py:2585} INFO - Sync 1 DAGs
[2025-02-13T17:44:46.658+0000] {logging_mixin.py:137} INFO - [2025-02-13T17:44:46.658+0000] {dag.py:3340} INFO - Setting next_dagrun for example_nested_branch_dag to 2025-02-12T00:00:00+00:00, run_after=2025-02-13T00:00:00+00:00
[2025-02-13T17:44:46.694+0000] {processor.py:176} INFO - Processing /home/airflow/.local/lib/python3.7/site-packages/airflow/example_dags/example_nested_branch_dag.py took 0.191 seconds
[2025-02-13T17:45:16.897+0000] {processor.py:154} INFO - Started process (PID=7061) to work on /home/airflow/.local/lib/python3.7/site-packages/airflow/example_dags/example_nested_branch_dag.py
[2025-02-13T17:45:16.898+0000] {processor.py:756} INFO - Processing file /home/airflow/.local/lib/python3.7/site-packages/airflow/example_dags/example_nested_branch_dag.py for tasks to queue
[2025-02-13T17:45:16.900+0000] {logging_mixin.py:137} INFO - [2025-02-13T17:45:16.900+0000] {dagbag.py:537} INFO - Filling up the DagBag from /home/airflow/.local/lib/python3.7/site-packages/airflow/example_dags/example_nested_branch_dag.py
[2025-02-13T17:45:16.932+0000] {processor.py:766} INFO - DAG(s) dict_keys(['example_nested_branch_dag']) retrieved from /home/airflow/.local/lib/python3.7/site-packages/airflow/example_dags/example_nested_branch_dag.py
[2025-02-13T17:45:16.990+0000] {logging_mixin.py:137} INFO - [2025-02-13T17:45:16.990+0000] {dag.py:2585} INFO - Sync 1 DAGs
[2025-02-13T17:45:17.024+0000] {logging_mixin.py:137} INFO - [2025-02-13T17:45:17.024+0000] {dag.py:3340} INFO - Setting next_dagrun for example_nested_branch_dag to 2025-02-12T00:00:00+00:00, run_after=2025-02-13T00:00:00+00:00
[2025-02-13T17:45:17.054+0000] {processor.py:176} INFO - Processing /home/airflow/.local/lib/python3.7/site-packages/airflow/example_dags/example_nested_branch_dag.py took 0.162 seconds
[2025-02-13T17:45:47.598+0000] {processor.py:154} INFO - Started process (PID=7239) to work on /home/airflow/.local/lib/python3.7/site-packages/airflow/example_dags/example_nested_branch_dag.py
[2025-02-13T17:45:47.600+0000] {processor.py:756} INFO - Processing file /home/airflow/.local/lib/python3.7/site-packages/airflow/example_dags/example_nested_branch_dag.py for tasks to queue
[2025-02-13T17:45:47.602+0000] {logging_mixin.py:137} INFO - [2025-02-13T17:45:47.602+0000] {dagbag.py:537} INFO - Filling up the DagBag from /home/airflow/.local/lib/python3.7/site-packages/airflow/example_dags/example_nested_branch_dag.py
[2025-02-13T17:45:47.638+0000] {processor.py:766} INFO - DAG(s) dict_keys(['example_nested_branch_dag']) retrieved from /home/airflow/.local/lib/python3.7/site-packages/airflow/example_dags/example_nested_branch_dag.py
[2025-02-13T17:45:47.698+0000] {logging_mixin.py:137} INFO - [2025-02-13T17:45:47.697+0000] {dag.py:2585} INFO - Sync 1 DAGs
[2025-02-13T17:45:47.741+0000] {logging_mixin.py:137} INFO - [2025-02-13T17:45:47.741+0000] {dag.py:3340} INFO - Setting next_dagrun for example_nested_branch_dag to 2025-02-12T00:00:00+00:00, run_after=2025-02-13T00:00:00+00:00
[2025-02-13T17:45:47.796+0000] {processor.py:176} INFO - Processing /home/airflow/.local/lib/python3.7/site-packages/airflow/example_dags/example_nested_branch_dag.py took 0.200 seconds
[2025-02-13T17:47:35.458+0000] {processor.py:154} INFO - Started process (PID=216) to work on /home/airflow/.local/lib/python3.7/site-packages/airflow/example_dags/example_nested_branch_dag.py
[2025-02-13T17:47:35.461+0000] {processor.py:756} INFO - Processing file /home/airflow/.local/lib/python3.7/site-packages/airflow/example_dags/example_nested_branch_dag.py for tasks to queue
[2025-02-13T17:47:35.466+0000] {logging_mixin.py:137} INFO - [2025-02-13T17:47:35.465+0000] {dagbag.py:537} INFO - Filling up the DagBag from /home/airflow/.local/lib/python3.7/site-packages/airflow/example_dags/example_nested_branch_dag.py
[2025-02-13T17:47:35.518+0000] {processor.py:766} INFO - DAG(s) dict_keys(['example_nested_branch_dag']) retrieved from /home/airflow/.local/lib/python3.7/site-packages/airflow/example_dags/example_nested_branch_dag.py
[2025-02-13T17:47:35.629+0000] {logging_mixin.py:137} INFO - [2025-02-13T17:47:35.628+0000] {dag.py:2585} INFO - Sync 1 DAGs
[2025-02-13T17:47:35.705+0000] {logging_mixin.py:137} INFO - [2025-02-13T17:47:35.705+0000] {dag.py:3340} INFO - Setting next_dagrun for example_nested_branch_dag to 2025-02-12T00:00:00+00:00, run_after=2025-02-13T00:00:00+00:00
[2025-02-13T17:47:35.764+0000] {processor.py:176} INFO - Processing /home/airflow/.local/lib/python3.7/site-packages/airflow/example_dags/example_nested_branch_dag.py took 0.312 seconds
[2025-02-13T17:48:05.916+0000] {processor.py:154} INFO - Started process (PID=395) to work on /home/airflow/.local/lib/python3.7/site-packages/airflow/example_dags/example_nested_branch_dag.py
[2025-02-13T17:48:05.918+0000] {processor.py:756} INFO - Processing file /home/airflow/.local/lib/python3.7/site-packages/airflow/example_dags/example_nested_branch_dag.py for tasks to queue
[2025-02-13T17:48:05.920+0000] {logging_mixin.py:137} INFO - [2025-02-13T17:48:05.920+0000] {dagbag.py:537} INFO - Filling up the DagBag from /home/airflow/.local/lib/python3.7/site-packages/airflow/example_dags/example_nested_branch_dag.py
[2025-02-13T17:48:05.966+0000] {processor.py:766} INFO - DAG(s) dict_keys(['example_nested_branch_dag']) retrieved from /home/airflow/.local/lib/python3.7/site-packages/airflow/example_dags/example_nested_branch_dag.py
[2025-02-13T17:48:06.017+0000] {logging_mixin.py:137} INFO - [2025-02-13T17:48:06.017+0000] {dag.py:2585} INFO - Sync 1 DAGs
[2025-02-13T17:48:06.089+0000] {logging_mixin.py:137} INFO - [2025-02-13T17:48:06.089+0000] {dag.py:3340} INFO - Setting next_dagrun for example_nested_branch_dag to 2025-02-12T00:00:00+00:00, run_after=2025-02-13T00:00:00+00:00
[2025-02-13T17:48:06.139+0000] {processor.py:176} INFO - Processing /home/airflow/.local/lib/python3.7/site-packages/airflow/example_dags/example_nested_branch_dag.py took 0.231 seconds
[2025-02-13T17:48:36.655+0000] {processor.py:154} INFO - Started process (PID=577) to work on /home/airflow/.local/lib/python3.7/site-packages/airflow/example_dags/example_nested_branch_dag.py
[2025-02-13T17:48:36.657+0000] {processor.py:756} INFO - Processing file /home/airflow/.local/lib/python3.7/site-packages/airflow/example_dags/example_nested_branch_dag.py for tasks to queue
[2025-02-13T17:48:36.658+0000] {logging_mixin.py:137} INFO - [2025-02-13T17:48:36.658+0000] {dagbag.py:537} INFO - Filling up the DagBag from /home/airflow/.local/lib/python3.7/site-packages/airflow/example_dags/example_nested_branch_dag.py
[2025-02-13T17:48:36.689+0000] {processor.py:766} INFO - DAG(s) dict_keys(['example_nested_branch_dag']) retrieved from /home/airflow/.local/lib/python3.7/site-packages/airflow/example_dags/example_nested_branch_dag.py
[2025-02-13T17:48:36.763+0000] {logging_mixin.py:137} INFO - [2025-02-13T17:48:36.763+0000] {dag.py:2585} INFO - Sync 1 DAGs
[2025-02-13T17:48:36.807+0000] {logging_mixin.py:137} INFO - [2025-02-13T17:48:36.807+0000] {dag.py:3340} INFO - Setting next_dagrun for example_nested_branch_dag to 2025-02-12T00:00:00+00:00, run_after=2025-02-13T00:00:00+00:00
[2025-02-13T17:48:36.851+0000] {processor.py:176} INFO - Processing /home/airflow/.local/lib/python3.7/site-packages/airflow/example_dags/example_nested_branch_dag.py took 0.200 seconds
[2025-02-13T17:49:07.058+0000] {processor.py:154} INFO - Started process (PID=759) to work on /home/airflow/.local/lib/python3.7/site-packages/airflow/example_dags/example_nested_branch_dag.py
[2025-02-13T17:49:07.059+0000] {processor.py:756} INFO - Processing file /home/airflow/.local/lib/python3.7/site-packages/airflow/example_dags/example_nested_branch_dag.py for tasks to queue
[2025-02-13T17:49:07.060+0000] {logging_mixin.py:137} INFO - [2025-02-13T17:49:07.060+0000] {dagbag.py:537} INFO - Filling up the DagBag from /home/airflow/.local/lib/python3.7/site-packages/airflow/example_dags/example_nested_branch_dag.py
[2025-02-13T17:49:07.093+0000] {processor.py:766} INFO - DAG(s) dict_keys(['example_nested_branch_dag']) retrieved from /home/airflow/.local/lib/python3.7/site-packages/airflow/example_dags/example_nested_branch_dag.py
[2025-02-13T17:49:07.149+0000] {logging_mixin.py:137} INFO - [2025-02-13T17:49:07.149+0000] {dag.py:2585} INFO - Sync 1 DAGs
[2025-02-13T17:49:07.187+0000] {logging_mixin.py:137} INFO - [2025-02-13T17:49:07.186+0000] {dag.py:3340} INFO - Setting next_dagrun for example_nested_branch_dag to 2025-02-12T00:00:00+00:00, run_after=2025-02-13T00:00:00+00:00
[2025-02-13T17:49:07.217+0000] {processor.py:176} INFO - Processing /home/airflow/.local/lib/python3.7/site-packages/airflow/example_dags/example_nested_branch_dag.py took 0.167 seconds
[2025-02-13T17:49:38.317+0000] {processor.py:154} INFO - Started process (PID=939) to work on /home/airflow/.local/lib/python3.7/site-packages/airflow/example_dags/example_nested_branch_dag.py
[2025-02-13T17:49:38.319+0000] {processor.py:756} INFO - Processing file /home/airflow/.local/lib/python3.7/site-packages/airflow/example_dags/example_nested_branch_dag.py for tasks to queue
[2025-02-13T17:49:38.322+0000] {logging_mixin.py:137} INFO - [2025-02-13T17:49:38.321+0000] {dagbag.py:537} INFO - Filling up the DagBag from /home/airflow/.local/lib/python3.7/site-packages/airflow/example_dags/example_nested_branch_dag.py
[2025-02-13T17:49:38.416+0000] {processor.py:766} INFO - DAG(s) dict_keys(['example_nested_branch_dag']) retrieved from /home/airflow/.local/lib/python3.7/site-packages/airflow/example_dags/example_nested_branch_dag.py
[2025-02-13T17:49:38.473+0000] {logging_mixin.py:137} INFO - [2025-02-13T17:49:38.473+0000] {dag.py:2585} INFO - Sync 1 DAGs
[2025-02-13T17:49:38.508+0000] {logging_mixin.py:137} INFO - [2025-02-13T17:49:38.508+0000] {dag.py:3340} INFO - Setting next_dagrun for example_nested_branch_dag to 2025-02-12T00:00:00+00:00, run_after=2025-02-13T00:00:00+00:00
[2025-02-13T17:49:38.542+0000] {processor.py:176} INFO - Processing /home/airflow/.local/lib/python3.7/site-packages/airflow/example_dags/example_nested_branch_dag.py took 0.232 seconds
[2025-02-13T17:50:09.405+0000] {processor.py:154} INFO - Started process (PID=1119) to work on /home/airflow/.local/lib/python3.7/site-packages/airflow/example_dags/example_nested_branch_dag.py
[2025-02-13T17:50:09.407+0000] {processor.py:756} INFO - Processing file /home/airflow/.local/lib/python3.7/site-packages/airflow/example_dags/example_nested_branch_dag.py for tasks to queue
[2025-02-13T17:50:09.408+0000] {logging_mixin.py:137} INFO - [2025-02-13T17:50:09.408+0000] {dagbag.py:537} INFO - Filling up the DagBag from /home/airflow/.local/lib/python3.7/site-packages/airflow/example_dags/example_nested_branch_dag.py
[2025-02-13T17:50:09.453+0000] {processor.py:766} INFO - DAG(s) dict_keys(['example_nested_branch_dag']) retrieved from /home/airflow/.local/lib/python3.7/site-packages/airflow/example_dags/example_nested_branch_dag.py
[2025-02-13T17:50:09.522+0000] {logging_mixin.py:137} INFO - [2025-02-13T17:50:09.522+0000] {dag.py:2585} INFO - Sync 1 DAGs
[2025-02-13T17:50:09.563+0000] {logging_mixin.py:137} INFO - [2025-02-13T17:50:09.563+0000] {dag.py:3340} INFO - Setting next_dagrun for example_nested_branch_dag to 2025-02-12T00:00:00+00:00, run_after=2025-02-13T00:00:00+00:00
[2025-02-13T17:50:09.594+0000] {processor.py:176} INFO - Processing /home/airflow/.local/lib/python3.7/site-packages/airflow/example_dags/example_nested_branch_dag.py took 0.194 seconds
[2025-02-13T17:50:39.846+0000] {processor.py:154} INFO - Started process (PID=1299) to work on /home/airflow/.local/lib/python3.7/site-packages/airflow/example_dags/example_nested_branch_dag.py
[2025-02-13T17:50:39.848+0000] {processor.py:756} INFO - Processing file /home/airflow/.local/lib/python3.7/site-packages/airflow/example_dags/example_nested_branch_dag.py for tasks to queue
[2025-02-13T17:50:39.850+0000] {logging_mixin.py:137} INFO - [2025-02-13T17:50:39.850+0000] {dagbag.py:537} INFO - Filling up the DagBag from /home/airflow/.local/lib/python3.7/site-packages/airflow/example_dags/example_nested_branch_dag.py
[2025-02-13T17:50:39.882+0000] {processor.py:766} INFO - DAG(s) dict_keys(['example_nested_branch_dag']) retrieved from /home/airflow/.local/lib/python3.7/site-packages/airflow/example_dags/example_nested_branch_dag.py
[2025-02-13T17:50:39.970+0000] {logging_mixin.py:137} INFO - [2025-02-13T17:50:39.970+0000] {dag.py:2585} INFO - Sync 1 DAGs
[2025-02-13T17:50:40.021+0000] {logging_mixin.py:137} INFO - [2025-02-13T17:50:40.021+0000] {dag.py:3340} INFO - Setting next_dagrun for example_nested_branch_dag to 2025-02-12T00:00:00+00:00, run_after=2025-02-13T00:00:00+00:00
[2025-02-13T17:50:40.061+0000] {processor.py:176} INFO - Processing /home/airflow/.local/lib/python3.7/site-packages/airflow/example_dags/example_nested_branch_dag.py took 0.220 seconds
[2025-02-13T17:51:11.038+0000] {processor.py:154} INFO - Started process (PID=1479) to work on /home/airflow/.local/lib/python3.7/site-packages/airflow/example_dags/example_nested_branch_dag.py
[2025-02-13T17:51:11.040+0000] {processor.py:756} INFO - Processing file /home/airflow/.local/lib/python3.7/site-packages/airflow/example_dags/example_nested_branch_dag.py for tasks to queue
[2025-02-13T17:51:11.044+0000] {logging_mixin.py:137} INFO - [2025-02-13T17:51:11.044+0000] {dagbag.py:537} INFO - Filling up the DagBag from /home/airflow/.local/lib/python3.7/site-packages/airflow/example_dags/example_nested_branch_dag.py
[2025-02-13T17:51:11.083+0000] {processor.py:766} INFO - DAG(s) dict_keys(['example_nested_branch_dag']) retrieved from /home/airflow/.local/lib/python3.7/site-packages/airflow/example_dags/example_nested_branch_dag.py
[2025-02-13T17:51:11.147+0000] {logging_mixin.py:137} INFO - [2025-02-13T17:51:11.147+0000] {dag.py:2585} INFO - Sync 1 DAGs
[2025-02-13T17:51:11.184+0000] {logging_mixin.py:137} INFO - [2025-02-13T17:51:11.184+0000] {dag.py:3340} INFO - Setting next_dagrun for example_nested_branch_dag to 2025-02-12T00:00:00+00:00, run_after=2025-02-13T00:00:00+00:00
[2025-02-13T17:51:11.210+0000] {processor.py:176} INFO - Processing /home/airflow/.local/lib/python3.7/site-packages/airflow/example_dags/example_nested_branch_dag.py took 0.179 seconds
[2025-02-13T17:51:41.297+0000] {processor.py:154} INFO - Started process (PID=1659) to work on /home/airflow/.local/lib/python3.7/site-packages/airflow/example_dags/example_nested_branch_dag.py
[2025-02-13T17:51:41.299+0000] {processor.py:756} INFO - Processing file /home/airflow/.local/lib/python3.7/site-packages/airflow/example_dags/example_nested_branch_dag.py for tasks to queue
[2025-02-13T17:51:41.301+0000] {logging_mixin.py:137} INFO - [2025-02-13T17:51:41.301+0000] {dagbag.py:537} INFO - Filling up the DagBag from /home/airflow/.local/lib/python3.7/site-packages/airflow/example_dags/example_nested_branch_dag.py
[2025-02-13T17:51:41.341+0000] {processor.py:766} INFO - DAG(s) dict_keys(['example_nested_branch_dag']) retrieved from /home/airflow/.local/lib/python3.7/site-packages/airflow/example_dags/example_nested_branch_dag.py
[2025-02-13T17:51:41.402+0000] {logging_mixin.py:137} INFO - [2025-02-13T17:51:41.401+0000] {dag.py:2585} INFO - Sync 1 DAGs
[2025-02-13T17:51:41.436+0000] {logging_mixin.py:137} INFO - [2025-02-13T17:51:41.436+0000] {dag.py:3340} INFO - Setting next_dagrun for example_nested_branch_dag to 2025-02-12T00:00:00+00:00, run_after=2025-02-13T00:00:00+00:00
[2025-02-13T17:51:41.464+0000] {processor.py:176} INFO - Processing /home/airflow/.local/lib/python3.7/site-packages/airflow/example_dags/example_nested_branch_dag.py took 0.173 seconds
