[2025-02-13T17:24:19.686+0000] {processor.py:154} INFO - Started process (PID=221) to work on /home/airflow/.local/lib/python3.7/site-packages/airflow/example_dags/example_latest_only.py
[2025-02-13T17:24:19.687+0000] {processor.py:756} INFO - Processing file /home/airflow/.local/lib/python3.7/site-packages/airflow/example_dags/example_latest_only.py for tasks to queue
[2025-02-13T17:24:19.690+0000] {logging_mixin.py:137} INFO - [2025-02-13T17:24:19.690+0000] {dagbag.py:537} INFO - Filling up the DagBag from /home/airflow/.local/lib/python3.7/site-packages/airflow/example_dags/example_latest_only.py
[2025-02-13T17:24:19.715+0000] {processor.py:766} INFO - DAG(s) dict_keys(['latest_only']) retrieved from /home/airflow/.local/lib/python3.7/site-packages/airflow/example_dags/example_latest_only.py
[2025-02-13T17:24:20.047+0000] {logging_mixin.py:137} INFO - [2025-02-13T17:24:20.046+0000] {dag.py:2585} INFO - Sync 1 DAGs
[2025-02-13T17:24:20.119+0000] {logging_mixin.py:137} INFO - [2025-02-13T17:24:20.119+0000] {dag.py:3340} INFO - Setting next_dagrun for latest_only to 2025-02-13T13:24:20.118838+00:00, run_after=2025-02-13T17:24:20.118838+00:00
[2025-02-13T17:24:20.180+0000] {processor.py:176} INFO - Processing /home/airflow/.local/lib/python3.7/site-packages/airflow/example_dags/example_latest_only.py took 0.501 seconds
[2025-02-13T17:25:20.437+0000] {processor.py:154} INFO - Started process (PID=221) to work on /home/airflow/.local/lib/python3.7/site-packages/airflow/example_dags/example_latest_only.py
[2025-02-13T17:25:20.440+0000] {processor.py:756} INFO - Processing file /home/airflow/.local/lib/python3.7/site-packages/airflow/example_dags/example_latest_only.py for tasks to queue
[2025-02-13T17:25:20.443+0000] {logging_mixin.py:137} INFO - [2025-02-13T17:25:20.443+0000] {dagbag.py:537} INFO - Filling up the DagBag from /home/airflow/.local/lib/python3.7/site-packages/airflow/example_dags/example_latest_only.py
[2025-02-13T17:25:20.471+0000] {processor.py:766} INFO - DAG(s) dict_keys(['latest_only']) retrieved from /home/airflow/.local/lib/python3.7/site-packages/airflow/example_dags/example_latest_only.py
[2025-02-13T17:25:20.552+0000] {logging_mixin.py:137} INFO - [2025-02-13T17:25:20.552+0000] {dag.py:2585} INFO - Sync 1 DAGs
[2025-02-13T17:25:20.637+0000] {logging_mixin.py:137} INFO - [2025-02-13T17:25:20.637+0000] {dag.py:3340} INFO - Setting next_dagrun for latest_only to 2025-02-13T13:25:20.637362+00:00, run_after=2025-02-13T17:25:20.637362+00:00
[2025-02-13T17:25:20.725+0000] {processor.py:176} INFO - Processing /home/airflow/.local/lib/python3.7/site-packages/airflow/example_dags/example_latest_only.py took 0.299 seconds
[2025-02-13T17:25:51.654+0000] {processor.py:154} INFO - Started process (PID=401) to work on /home/airflow/.local/lib/python3.7/site-packages/airflow/example_dags/example_latest_only.py
[2025-02-13T17:25:51.662+0000] {processor.py:756} INFO - Processing file /home/airflow/.local/lib/python3.7/site-packages/airflow/example_dags/example_latest_only.py for tasks to queue
[2025-02-13T17:25:51.666+0000] {logging_mixin.py:137} INFO - [2025-02-13T17:25:51.666+0000] {dagbag.py:537} INFO - Filling up the DagBag from /home/airflow/.local/lib/python3.7/site-packages/airflow/example_dags/example_latest_only.py
[2025-02-13T17:25:51.728+0000] {processor.py:766} INFO - DAG(s) dict_keys(['latest_only']) retrieved from /home/airflow/.local/lib/python3.7/site-packages/airflow/example_dags/example_latest_only.py
[2025-02-13T17:25:51.921+0000] {logging_mixin.py:137} INFO - [2025-02-13T17:25:51.921+0000] {dag.py:2585} INFO - Sync 1 DAGs
[2025-02-13T17:25:51.995+0000] {logging_mixin.py:137} INFO - [2025-02-13T17:25:51.994+0000] {dag.py:3340} INFO - Setting next_dagrun for latest_only to 2025-02-13T13:25:51.993982+00:00, run_after=2025-02-13T17:25:51.993982+00:00
[2025-02-13T17:25:52.062+0000] {processor.py:176} INFO - Processing /home/airflow/.local/lib/python3.7/site-packages/airflow/example_dags/example_latest_only.py took 0.416 seconds
[2025-02-13T17:26:22.355+0000] {processor.py:154} INFO - Started process (PID=582) to work on /home/airflow/.local/lib/python3.7/site-packages/airflow/example_dags/example_latest_only.py
[2025-02-13T17:26:22.357+0000] {processor.py:756} INFO - Processing file /home/airflow/.local/lib/python3.7/site-packages/airflow/example_dags/example_latest_only.py for tasks to queue
[2025-02-13T17:26:22.361+0000] {logging_mixin.py:137} INFO - [2025-02-13T17:26:22.360+0000] {dagbag.py:537} INFO - Filling up the DagBag from /home/airflow/.local/lib/python3.7/site-packages/airflow/example_dags/example_latest_only.py
[2025-02-13T17:26:22.414+0000] {processor.py:766} INFO - DAG(s) dict_keys(['latest_only']) retrieved from /home/airflow/.local/lib/python3.7/site-packages/airflow/example_dags/example_latest_only.py
[2025-02-13T17:26:22.493+0000] {logging_mixin.py:137} INFO - [2025-02-13T17:26:22.493+0000] {dag.py:2585} INFO - Sync 1 DAGs
[2025-02-13T17:26:22.549+0000] {logging_mixin.py:137} INFO - [2025-02-13T17:26:22.549+0000] {dag.py:3340} INFO - Setting next_dagrun for latest_only to 2025-02-13T13:26:22.549053+00:00, run_after=2025-02-13T17:26:22.549053+00:00
[2025-02-13T17:26:22.624+0000] {processor.py:176} INFO - Processing /home/airflow/.local/lib/python3.7/site-packages/airflow/example_dags/example_latest_only.py took 0.280 seconds
[2025-02-13T17:26:53.142+0000] {processor.py:154} INFO - Started process (PID=762) to work on /home/airflow/.local/lib/python3.7/site-packages/airflow/example_dags/example_latest_only.py
[2025-02-13T17:26:53.146+0000] {processor.py:756} INFO - Processing file /home/airflow/.local/lib/python3.7/site-packages/airflow/example_dags/example_latest_only.py for tasks to queue
[2025-02-13T17:26:53.150+0000] {logging_mixin.py:137} INFO - [2025-02-13T17:26:53.149+0000] {dagbag.py:537} INFO - Filling up the DagBag from /home/airflow/.local/lib/python3.7/site-packages/airflow/example_dags/example_latest_only.py
[2025-02-13T17:26:53.205+0000] {processor.py:766} INFO - DAG(s) dict_keys(['latest_only']) retrieved from /home/airflow/.local/lib/python3.7/site-packages/airflow/example_dags/example_latest_only.py
[2025-02-13T17:26:53.272+0000] {logging_mixin.py:137} INFO - [2025-02-13T17:26:53.271+0000] {dag.py:2585} INFO - Sync 1 DAGs
[2025-02-13T17:26:53.331+0000] {logging_mixin.py:137} INFO - [2025-02-13T17:26:53.331+0000] {dag.py:3340} INFO - Setting next_dagrun for latest_only to 2025-02-13T13:26:53.330473+00:00, run_after=2025-02-13T17:26:53.330473+00:00
[2025-02-13T17:26:53.378+0000] {processor.py:176} INFO - Processing /home/airflow/.local/lib/python3.7/site-packages/airflow/example_dags/example_latest_only.py took 0.248 seconds
[2025-02-13T17:27:23.873+0000] {processor.py:154} INFO - Started process (PID=942) to work on /home/airflow/.local/lib/python3.7/site-packages/airflow/example_dags/example_latest_only.py
[2025-02-13T17:27:23.875+0000] {processor.py:756} INFO - Processing file /home/airflow/.local/lib/python3.7/site-packages/airflow/example_dags/example_latest_only.py for tasks to queue
[2025-02-13T17:27:23.878+0000] {logging_mixin.py:137} INFO - [2025-02-13T17:27:23.877+0000] {dagbag.py:537} INFO - Filling up the DagBag from /home/airflow/.local/lib/python3.7/site-packages/airflow/example_dags/example_latest_only.py
[2025-02-13T17:27:23.910+0000] {processor.py:766} INFO - DAG(s) dict_keys(['latest_only']) retrieved from /home/airflow/.local/lib/python3.7/site-packages/airflow/example_dags/example_latest_only.py
[2025-02-13T17:27:24.007+0000] {logging_mixin.py:137} INFO - [2025-02-13T17:27:24.006+0000] {dag.py:2585} INFO - Sync 1 DAGs
[2025-02-13T17:27:24.082+0000] {logging_mixin.py:137} INFO - [2025-02-13T17:27:24.082+0000] {dag.py:3340} INFO - Setting next_dagrun for latest_only to 2025-02-13T13:27:24.081093+00:00, run_after=2025-02-13T17:27:24.081093+00:00
[2025-02-13T17:27:24.130+0000] {processor.py:176} INFO - Processing /home/airflow/.local/lib/python3.7/site-packages/airflow/example_dags/example_latest_only.py took 0.261 seconds
[2025-02-13T17:27:54.345+0000] {processor.py:154} INFO - Started process (PID=1121) to work on /home/airflow/.local/lib/python3.7/site-packages/airflow/example_dags/example_latest_only.py
[2025-02-13T17:27:54.348+0000] {processor.py:756} INFO - Processing file /home/airflow/.local/lib/python3.7/site-packages/airflow/example_dags/example_latest_only.py for tasks to queue
[2025-02-13T17:27:54.351+0000] {logging_mixin.py:137} INFO - [2025-02-13T17:27:54.350+0000] {dagbag.py:537} INFO - Filling up the DagBag from /home/airflow/.local/lib/python3.7/site-packages/airflow/example_dags/example_latest_only.py
[2025-02-13T17:27:54.375+0000] {processor.py:766} INFO - DAG(s) dict_keys(['latest_only']) retrieved from /home/airflow/.local/lib/python3.7/site-packages/airflow/example_dags/example_latest_only.py
[2025-02-13T17:27:54.424+0000] {logging_mixin.py:137} INFO - [2025-02-13T17:27:54.424+0000] {dag.py:2585} INFO - Sync 1 DAGs
[2025-02-13T17:27:54.497+0000] {logging_mixin.py:137} INFO - [2025-02-13T17:27:54.497+0000] {dag.py:3340} INFO - Setting next_dagrun for latest_only to 2025-02-13T13:27:54.496345+00:00, run_after=2025-02-13T17:27:54.496345+00:00
[2025-02-13T17:27:54.560+0000] {processor.py:176} INFO - Processing /home/airflow/.local/lib/python3.7/site-packages/airflow/example_dags/example_latest_only.py took 0.220 seconds
[2025-02-13T17:28:25.155+0000] {processor.py:154} INFO - Started process (PID=1302) to work on /home/airflow/.local/lib/python3.7/site-packages/airflow/example_dags/example_latest_only.py
[2025-02-13T17:28:25.158+0000] {processor.py:756} INFO - Processing file /home/airflow/.local/lib/python3.7/site-packages/airflow/example_dags/example_latest_only.py for tasks to queue
[2025-02-13T17:28:25.160+0000] {logging_mixin.py:137} INFO - [2025-02-13T17:28:25.160+0000] {dagbag.py:537} INFO - Filling up the DagBag from /home/airflow/.local/lib/python3.7/site-packages/airflow/example_dags/example_latest_only.py
[2025-02-13T17:28:25.181+0000] {processor.py:766} INFO - DAG(s) dict_keys(['latest_only']) retrieved from /home/airflow/.local/lib/python3.7/site-packages/airflow/example_dags/example_latest_only.py
[2025-02-13T17:28:25.222+0000] {logging_mixin.py:137} INFO - [2025-02-13T17:28:25.222+0000] {dag.py:2585} INFO - Sync 1 DAGs
[2025-02-13T17:28:25.270+0000] {logging_mixin.py:137} INFO - [2025-02-13T17:28:25.270+0000] {dag.py:3340} INFO - Setting next_dagrun for latest_only to 2025-02-13T13:28:25.269326+00:00, run_after=2025-02-13T17:28:25.269326+00:00
[2025-02-13T17:28:25.315+0000] {processor.py:176} INFO - Processing /home/airflow/.local/lib/python3.7/site-packages/airflow/example_dags/example_latest_only.py took 0.168 seconds
[2025-02-13T17:28:55.974+0000] {processor.py:154} INFO - Started process (PID=1482) to work on /home/airflow/.local/lib/python3.7/site-packages/airflow/example_dags/example_latest_only.py
[2025-02-13T17:28:55.976+0000] {processor.py:756} INFO - Processing file /home/airflow/.local/lib/python3.7/site-packages/airflow/example_dags/example_latest_only.py for tasks to queue
[2025-02-13T17:28:55.978+0000] {logging_mixin.py:137} INFO - [2025-02-13T17:28:55.978+0000] {dagbag.py:537} INFO - Filling up the DagBag from /home/airflow/.local/lib/python3.7/site-packages/airflow/example_dags/example_latest_only.py
[2025-02-13T17:28:56.020+0000] {processor.py:766} INFO - DAG(s) dict_keys(['latest_only']) retrieved from /home/airflow/.local/lib/python3.7/site-packages/airflow/example_dags/example_latest_only.py
[2025-02-13T17:28:56.083+0000] {logging_mixin.py:137} INFO - [2025-02-13T17:28:56.082+0000] {dag.py:2585} INFO - Sync 1 DAGs
[2025-02-13T17:28:56.139+0000] {logging_mixin.py:137} INFO - [2025-02-13T17:28:56.139+0000] {dag.py:3340} INFO - Setting next_dagrun for latest_only to 2025-02-13T13:28:56.137767+00:00, run_after=2025-02-13T17:28:56.137767+00:00
[2025-02-13T17:28:56.198+0000] {processor.py:176} INFO - Processing /home/airflow/.local/lib/python3.7/site-packages/airflow/example_dags/example_latest_only.py took 0.230 seconds
[2025-02-13T17:29:26.411+0000] {processor.py:154} INFO - Started process (PID=1657) to work on /home/airflow/.local/lib/python3.7/site-packages/airflow/example_dags/example_latest_only.py
[2025-02-13T17:29:26.413+0000] {processor.py:756} INFO - Processing file /home/airflow/.local/lib/python3.7/site-packages/airflow/example_dags/example_latest_only.py for tasks to queue
[2025-02-13T17:29:26.415+0000] {logging_mixin.py:137} INFO - [2025-02-13T17:29:26.415+0000] {dagbag.py:537} INFO - Filling up the DagBag from /home/airflow/.local/lib/python3.7/site-packages/airflow/example_dags/example_latest_only.py
[2025-02-13T17:29:26.452+0000] {processor.py:766} INFO - DAG(s) dict_keys(['latest_only']) retrieved from /home/airflow/.local/lib/python3.7/site-packages/airflow/example_dags/example_latest_only.py
[2025-02-13T17:29:26.503+0000] {logging_mixin.py:137} INFO - [2025-02-13T17:29:26.502+0000] {dag.py:2585} INFO - Sync 1 DAGs
[2025-02-13T17:29:26.560+0000] {logging_mixin.py:137} INFO - [2025-02-13T17:29:26.559+0000] {dag.py:3340} INFO - Setting next_dagrun for latest_only to 2025-02-13T13:29:26.558866+00:00, run_after=2025-02-13T17:29:26.558866+00:00
[2025-02-13T17:29:26.620+0000] {processor.py:176} INFO - Processing /home/airflow/.local/lib/python3.7/site-packages/airflow/example_dags/example_latest_only.py took 0.214 seconds
[2025-02-13T17:29:57.533+0000] {processor.py:154} INFO - Started process (PID=1842) to work on /home/airflow/.local/lib/python3.7/site-packages/airflow/example_dags/example_latest_only.py
[2025-02-13T17:29:57.535+0000] {processor.py:756} INFO - Processing file /home/airflow/.local/lib/python3.7/site-packages/airflow/example_dags/example_latest_only.py for tasks to queue
[2025-02-13T17:29:57.538+0000] {logging_mixin.py:137} INFO - [2025-02-13T17:29:57.538+0000] {dagbag.py:537} INFO - Filling up the DagBag from /home/airflow/.local/lib/python3.7/site-packages/airflow/example_dags/example_latest_only.py
[2025-02-13T17:29:57.576+0000] {processor.py:766} INFO - DAG(s) dict_keys(['latest_only']) retrieved from /home/airflow/.local/lib/python3.7/site-packages/airflow/example_dags/example_latest_only.py
[2025-02-13T17:29:57.645+0000] {logging_mixin.py:137} INFO - [2025-02-13T17:29:57.644+0000] {dag.py:2585} INFO - Sync 1 DAGs
[2025-02-13T17:29:57.724+0000] {logging_mixin.py:137} INFO - [2025-02-13T17:29:57.723+0000] {dag.py:3340} INFO - Setting next_dagrun for latest_only to 2025-02-13T13:29:57.722592+00:00, run_after=2025-02-13T17:29:57.722592+00:00
[2025-02-13T17:29:57.802+0000] {processor.py:176} INFO - Processing /home/airflow/.local/lib/python3.7/site-packages/airflow/example_dags/example_latest_only.py took 0.278 seconds
[2025-02-13T17:30:28.057+0000] {processor.py:154} INFO - Started process (PID=2022) to work on /home/airflow/.local/lib/python3.7/site-packages/airflow/example_dags/example_latest_only.py
[2025-02-13T17:30:28.060+0000] {processor.py:756} INFO - Processing file /home/airflow/.local/lib/python3.7/site-packages/airflow/example_dags/example_latest_only.py for tasks to queue
[2025-02-13T17:30:28.062+0000] {logging_mixin.py:137} INFO - [2025-02-13T17:30:28.062+0000] {dagbag.py:537} INFO - Filling up the DagBag from /home/airflow/.local/lib/python3.7/site-packages/airflow/example_dags/example_latest_only.py
[2025-02-13T17:30:28.088+0000] {processor.py:766} INFO - DAG(s) dict_keys(['latest_only']) retrieved from /home/airflow/.local/lib/python3.7/site-packages/airflow/example_dags/example_latest_only.py
[2025-02-13T17:30:28.147+0000] {logging_mixin.py:137} INFO - [2025-02-13T17:30:28.146+0000] {dag.py:2585} INFO - Sync 1 DAGs
[2025-02-13T17:30:28.198+0000] {logging_mixin.py:137} INFO - [2025-02-13T17:30:28.198+0000] {dag.py:3340} INFO - Setting next_dagrun for latest_only to 2025-02-13T13:30:28.197878+00:00, run_after=2025-02-13T17:30:28.197878+00:00
[2025-02-13T17:30:28.242+0000] {processor.py:176} INFO - Processing /home/airflow/.local/lib/python3.7/site-packages/airflow/example_dags/example_latest_only.py took 0.191 seconds
[2025-02-13T17:30:59.212+0000] {processor.py:154} INFO - Started process (PID=2202) to work on /home/airflow/.local/lib/python3.7/site-packages/airflow/example_dags/example_latest_only.py
[2025-02-13T17:30:59.214+0000] {processor.py:756} INFO - Processing file /home/airflow/.local/lib/python3.7/site-packages/airflow/example_dags/example_latest_only.py for tasks to queue
[2025-02-13T17:30:59.217+0000] {logging_mixin.py:137} INFO - [2025-02-13T17:30:59.217+0000] {dagbag.py:537} INFO - Filling up the DagBag from /home/airflow/.local/lib/python3.7/site-packages/airflow/example_dags/example_latest_only.py
[2025-02-13T17:30:59.241+0000] {processor.py:766} INFO - DAG(s) dict_keys(['latest_only']) retrieved from /home/airflow/.local/lib/python3.7/site-packages/airflow/example_dags/example_latest_only.py
[2025-02-13T17:30:59.307+0000] {logging_mixin.py:137} INFO - [2025-02-13T17:30:59.306+0000] {dag.py:2585} INFO - Sync 1 DAGs
[2025-02-13T17:30:59.361+0000] {logging_mixin.py:137} INFO - [2025-02-13T17:30:59.361+0000] {dag.py:3340} INFO - Setting next_dagrun for latest_only to 2025-02-13T13:30:59.361181+00:00, run_after=2025-02-13T17:30:59.361181+00:00
[2025-02-13T17:30:59.418+0000] {processor.py:176} INFO - Processing /home/airflow/.local/lib/python3.7/site-packages/airflow/example_dags/example_latest_only.py took 0.213 seconds
[2025-02-13T17:31:29.671+0000] {processor.py:154} INFO - Started process (PID=2382) to work on /home/airflow/.local/lib/python3.7/site-packages/airflow/example_dags/example_latest_only.py
[2025-02-13T17:31:29.674+0000] {processor.py:756} INFO - Processing file /home/airflow/.local/lib/python3.7/site-packages/airflow/example_dags/example_latest_only.py for tasks to queue
[2025-02-13T17:31:29.677+0000] {logging_mixin.py:137} INFO - [2025-02-13T17:31:29.676+0000] {dagbag.py:537} INFO - Filling up the DagBag from /home/airflow/.local/lib/python3.7/site-packages/airflow/example_dags/example_latest_only.py
[2025-02-13T17:31:29.702+0000] {processor.py:766} INFO - DAG(s) dict_keys(['latest_only']) retrieved from /home/airflow/.local/lib/python3.7/site-packages/airflow/example_dags/example_latest_only.py
[2025-02-13T17:31:29.751+0000] {logging_mixin.py:137} INFO - [2025-02-13T17:31:29.751+0000] {dag.py:2585} INFO - Sync 1 DAGs
[2025-02-13T17:31:29.815+0000] {logging_mixin.py:137} INFO - [2025-02-13T17:31:29.815+0000] {dag.py:3340} INFO - Setting next_dagrun for latest_only to 2025-02-13T13:31:29.814504+00:00, run_after=2025-02-13T17:31:29.814504+00:00
[2025-02-13T17:31:29.861+0000] {processor.py:176} INFO - Processing /home/airflow/.local/lib/python3.7/site-packages/airflow/example_dags/example_latest_only.py took 0.201 seconds
[2025-02-13T17:32:00.385+0000] {processor.py:154} INFO - Started process (PID=2562) to work on /home/airflow/.local/lib/python3.7/site-packages/airflow/example_dags/example_latest_only.py
[2025-02-13T17:32:00.387+0000] {processor.py:756} INFO - Processing file /home/airflow/.local/lib/python3.7/site-packages/airflow/example_dags/example_latest_only.py for tasks to queue
[2025-02-13T17:32:00.390+0000] {logging_mixin.py:137} INFO - [2025-02-13T17:32:00.389+0000] {dagbag.py:537} INFO - Filling up the DagBag from /home/airflow/.local/lib/python3.7/site-packages/airflow/example_dags/example_latest_only.py
[2025-02-13T17:32:00.423+0000] {processor.py:766} INFO - DAG(s) dict_keys(['latest_only']) retrieved from /home/airflow/.local/lib/python3.7/site-packages/airflow/example_dags/example_latest_only.py
[2025-02-13T17:32:00.519+0000] {logging_mixin.py:137} INFO - [2025-02-13T17:32:00.518+0000] {dag.py:2585} INFO - Sync 1 DAGs
[2025-02-13T17:32:00.607+0000] {logging_mixin.py:137} INFO - [2025-02-13T17:32:00.603+0000] {dag.py:3340} INFO - Setting next_dagrun for latest_only to 2025-02-13T13:32:00.602794+00:00, run_after=2025-02-13T17:32:00.602794+00:00
[2025-02-13T17:32:00.682+0000] {processor.py:176} INFO - Processing /home/airflow/.local/lib/python3.7/site-packages/airflow/example_dags/example_latest_only.py took 0.305 seconds
[2025-02-13T17:32:31.336+0000] {processor.py:154} INFO - Started process (PID=2742) to work on /home/airflow/.local/lib/python3.7/site-packages/airflow/example_dags/example_latest_only.py
[2025-02-13T17:32:31.338+0000] {processor.py:756} INFO - Processing file /home/airflow/.local/lib/python3.7/site-packages/airflow/example_dags/example_latest_only.py for tasks to queue
[2025-02-13T17:32:31.341+0000] {logging_mixin.py:137} INFO - [2025-02-13T17:32:31.340+0000] {dagbag.py:537} INFO - Filling up the DagBag from /home/airflow/.local/lib/python3.7/site-packages/airflow/example_dags/example_latest_only.py
[2025-02-13T17:32:31.373+0000] {processor.py:766} INFO - DAG(s) dict_keys(['latest_only']) retrieved from /home/airflow/.local/lib/python3.7/site-packages/airflow/example_dags/example_latest_only.py
[2025-02-13T17:32:31.440+0000] {logging_mixin.py:137} INFO - [2025-02-13T17:32:31.440+0000] {dag.py:2585} INFO - Sync 1 DAGs
[2025-02-13T17:32:31.490+0000] {logging_mixin.py:137} INFO - [2025-02-13T17:32:31.489+0000] {dag.py:3340} INFO - Setting next_dagrun for latest_only to 2025-02-13T13:32:31.489505+00:00, run_after=2025-02-13T17:32:31.489505+00:00
[2025-02-13T17:32:31.530+0000] {processor.py:176} INFO - Processing /home/airflow/.local/lib/python3.7/site-packages/airflow/example_dags/example_latest_only.py took 0.200 seconds
[2025-02-13T17:33:02.049+0000] {processor.py:154} INFO - Started process (PID=2922) to work on /home/airflow/.local/lib/python3.7/site-packages/airflow/example_dags/example_latest_only.py
[2025-02-13T17:33:02.051+0000] {processor.py:756} INFO - Processing file /home/airflow/.local/lib/python3.7/site-packages/airflow/example_dags/example_latest_only.py for tasks to queue
[2025-02-13T17:33:02.053+0000] {logging_mixin.py:137} INFO - [2025-02-13T17:33:02.053+0000] {dagbag.py:537} INFO - Filling up the DagBag from /home/airflow/.local/lib/python3.7/site-packages/airflow/example_dags/example_latest_only.py
[2025-02-13T17:33:02.089+0000] {processor.py:766} INFO - DAG(s) dict_keys(['latest_only']) retrieved from /home/airflow/.local/lib/python3.7/site-packages/airflow/example_dags/example_latest_only.py
[2025-02-13T17:33:02.135+0000] {logging_mixin.py:137} INFO - [2025-02-13T17:33:02.135+0000] {dag.py:2585} INFO - Sync 1 DAGs
[2025-02-13T17:33:02.180+0000] {logging_mixin.py:137} INFO - [2025-02-13T17:33:02.180+0000] {dag.py:3340} INFO - Setting next_dagrun for latest_only to 2025-02-13T13:33:02.179854+00:00, run_after=2025-02-13T17:33:02.179854+00:00
[2025-02-13T17:33:02.223+0000] {processor.py:176} INFO - Processing /home/airflow/.local/lib/python3.7/site-packages/airflow/example_dags/example_latest_only.py took 0.179 seconds
[2025-02-13T17:33:32.447+0000] {processor.py:154} INFO - Started process (PID=3102) to work on /home/airflow/.local/lib/python3.7/site-packages/airflow/example_dags/example_latest_only.py
[2025-02-13T17:33:32.449+0000] {processor.py:756} INFO - Processing file /home/airflow/.local/lib/python3.7/site-packages/airflow/example_dags/example_latest_only.py for tasks to queue
[2025-02-13T17:33:32.452+0000] {logging_mixin.py:137} INFO - [2025-02-13T17:33:32.452+0000] {dagbag.py:537} INFO - Filling up the DagBag from /home/airflow/.local/lib/python3.7/site-packages/airflow/example_dags/example_latest_only.py
[2025-02-13T17:33:32.480+0000] {processor.py:766} INFO - DAG(s) dict_keys(['latest_only']) retrieved from /home/airflow/.local/lib/python3.7/site-packages/airflow/example_dags/example_latest_only.py
[2025-02-13T17:33:32.549+0000] {logging_mixin.py:137} INFO - [2025-02-13T17:33:32.548+0000] {dag.py:2585} INFO - Sync 1 DAGs
[2025-02-13T17:33:32.599+0000] {logging_mixin.py:137} INFO - [2025-02-13T17:33:32.598+0000] {dag.py:3340} INFO - Setting next_dagrun for latest_only to 2025-02-13T13:33:32.598599+00:00, run_after=2025-02-13T17:33:32.598599+00:00
[2025-02-13T17:33:32.640+0000] {processor.py:176} INFO - Processing /home/airflow/.local/lib/python3.7/site-packages/airflow/example_dags/example_latest_only.py took 0.199 seconds
[2025-02-13T17:34:02.948+0000] {processor.py:154} INFO - Started process (PID=3281) to work on /home/airflow/.local/lib/python3.7/site-packages/airflow/example_dags/example_latest_only.py
[2025-02-13T17:34:02.950+0000] {processor.py:756} INFO - Processing file /home/airflow/.local/lib/python3.7/site-packages/airflow/example_dags/example_latest_only.py for tasks to queue
[2025-02-13T17:34:02.952+0000] {logging_mixin.py:137} INFO - [2025-02-13T17:34:02.952+0000] {dagbag.py:537} INFO - Filling up the DagBag from /home/airflow/.local/lib/python3.7/site-packages/airflow/example_dags/example_latest_only.py
[2025-02-13T17:34:02.993+0000] {processor.py:766} INFO - DAG(s) dict_keys(['latest_only']) retrieved from /home/airflow/.local/lib/python3.7/site-packages/airflow/example_dags/example_latest_only.py
[2025-02-13T17:34:03.105+0000] {logging_mixin.py:137} INFO - [2025-02-13T17:34:03.105+0000] {dag.py:2585} INFO - Sync 1 DAGs
[2025-02-13T17:34:03.167+0000] {logging_mixin.py:137} INFO - [2025-02-13T17:34:03.167+0000] {dag.py:3340} INFO - Setting next_dagrun for latest_only to 2025-02-13T13:34:03.166951+00:00, run_after=2025-02-13T17:34:03.166951+00:00
[2025-02-13T17:34:03.223+0000] {processor.py:176} INFO - Processing /home/airflow/.local/lib/python3.7/site-packages/airflow/example_dags/example_latest_only.py took 0.286 seconds
[2025-02-13T17:34:33.406+0000] {processor.py:154} INFO - Started process (PID=3459) to work on /home/airflow/.local/lib/python3.7/site-packages/airflow/example_dags/example_latest_only.py
[2025-02-13T17:34:33.409+0000] {processor.py:756} INFO - Processing file /home/airflow/.local/lib/python3.7/site-packages/airflow/example_dags/example_latest_only.py for tasks to queue
[2025-02-13T17:34:33.411+0000] {logging_mixin.py:137} INFO - [2025-02-13T17:34:33.411+0000] {dagbag.py:537} INFO - Filling up the DagBag from /home/airflow/.local/lib/python3.7/site-packages/airflow/example_dags/example_latest_only.py
[2025-02-13T17:34:33.441+0000] {processor.py:766} INFO - DAG(s) dict_keys(['latest_only']) retrieved from /home/airflow/.local/lib/python3.7/site-packages/airflow/example_dags/example_latest_only.py
[2025-02-13T17:34:33.521+0000] {logging_mixin.py:137} INFO - [2025-02-13T17:34:33.520+0000] {dag.py:2585} INFO - Sync 1 DAGs
[2025-02-13T17:34:33.565+0000] {logging_mixin.py:137} INFO - [2025-02-13T17:34:33.564+0000] {dag.py:3340} INFO - Setting next_dagrun for latest_only to 2025-02-13T13:34:33.564168+00:00, run_after=2025-02-13T17:34:33.564168+00:00
[2025-02-13T17:34:33.604+0000] {processor.py:176} INFO - Processing /home/airflow/.local/lib/python3.7/site-packages/airflow/example_dags/example_latest_only.py took 0.208 seconds
[2025-02-13T17:35:03.829+0000] {processor.py:154} INFO - Started process (PID=3639) to work on /home/airflow/.local/lib/python3.7/site-packages/airflow/example_dags/example_latest_only.py
[2025-02-13T17:35:03.830+0000] {processor.py:756} INFO - Processing file /home/airflow/.local/lib/python3.7/site-packages/airflow/example_dags/example_latest_only.py for tasks to queue
[2025-02-13T17:35:03.832+0000] {logging_mixin.py:137} INFO - [2025-02-13T17:35:03.832+0000] {dagbag.py:537} INFO - Filling up the DagBag from /home/airflow/.local/lib/python3.7/site-packages/airflow/example_dags/example_latest_only.py
[2025-02-13T17:35:03.854+0000] {processor.py:766} INFO - DAG(s) dict_keys(['latest_only']) retrieved from /home/airflow/.local/lib/python3.7/site-packages/airflow/example_dags/example_latest_only.py
[2025-02-13T17:35:03.934+0000] {logging_mixin.py:137} INFO - [2025-02-13T17:35:03.934+0000] {dag.py:2585} INFO - Sync 1 DAGs
[2025-02-13T17:35:03.982+0000] {logging_mixin.py:137} INFO - [2025-02-13T17:35:03.982+0000] {dag.py:3340} INFO - Setting next_dagrun for latest_only to 2025-02-13T13:35:03.982261+00:00, run_after=2025-02-13T17:35:03.982261+00:00
[2025-02-13T17:35:04.022+0000] {processor.py:176} INFO - Processing /home/airflow/.local/lib/python3.7/site-packages/airflow/example_dags/example_latest_only.py took 0.200 seconds
[2025-02-13T17:35:34.298+0000] {processor.py:154} INFO - Started process (PID=3819) to work on /home/airflow/.local/lib/python3.7/site-packages/airflow/example_dags/example_latest_only.py
[2025-02-13T17:35:34.300+0000] {processor.py:756} INFO - Processing file /home/airflow/.local/lib/python3.7/site-packages/airflow/example_dags/example_latest_only.py for tasks to queue
[2025-02-13T17:35:34.301+0000] {logging_mixin.py:137} INFO - [2025-02-13T17:35:34.301+0000] {dagbag.py:537} INFO - Filling up the DagBag from /home/airflow/.local/lib/python3.7/site-packages/airflow/example_dags/example_latest_only.py
[2025-02-13T17:35:34.320+0000] {processor.py:766} INFO - DAG(s) dict_keys(['latest_only']) retrieved from /home/airflow/.local/lib/python3.7/site-packages/airflow/example_dags/example_latest_only.py
[2025-02-13T17:35:34.380+0000] {logging_mixin.py:137} INFO - [2025-02-13T17:35:34.380+0000] {dag.py:2585} INFO - Sync 1 DAGs
[2025-02-13T17:35:34.420+0000] {logging_mixin.py:137} INFO - [2025-02-13T17:35:34.419+0000] {dag.py:3340} INFO - Setting next_dagrun for latest_only to 2025-02-13T13:35:34.419066+00:00, run_after=2025-02-13T17:35:34.419066+00:00
[2025-02-13T17:35:34.494+0000] {processor.py:176} INFO - Processing /home/airflow/.local/lib/python3.7/site-packages/airflow/example_dags/example_latest_only.py took 0.200 seconds
[2025-02-13T17:36:04.649+0000] {processor.py:154} INFO - Started process (PID=3999) to work on /home/airflow/.local/lib/python3.7/site-packages/airflow/example_dags/example_latest_only.py
[2025-02-13T17:36:04.650+0000] {processor.py:756} INFO - Processing file /home/airflow/.local/lib/python3.7/site-packages/airflow/example_dags/example_latest_only.py for tasks to queue
[2025-02-13T17:36:04.652+0000] {logging_mixin.py:137} INFO - [2025-02-13T17:36:04.652+0000] {dagbag.py:537} INFO - Filling up the DagBag from /home/airflow/.local/lib/python3.7/site-packages/airflow/example_dags/example_latest_only.py
[2025-02-13T17:36:04.679+0000] {processor.py:766} INFO - DAG(s) dict_keys(['latest_only']) retrieved from /home/airflow/.local/lib/python3.7/site-packages/airflow/example_dags/example_latest_only.py
[2025-02-13T17:36:04.765+0000] {logging_mixin.py:137} INFO - [2025-02-13T17:36:04.765+0000] {dag.py:2585} INFO - Sync 1 DAGs
[2025-02-13T17:36:04.817+0000] {logging_mixin.py:137} INFO - [2025-02-13T17:36:04.817+0000] {dag.py:3340} INFO - Setting next_dagrun for latest_only to 2025-02-13T13:36:04.817112+00:00, run_after=2025-02-13T17:36:04.817112+00:00
[2025-02-13T17:36:04.855+0000] {processor.py:176} INFO - Processing /home/airflow/.local/lib/python3.7/site-packages/airflow/example_dags/example_latest_only.py took 0.214 seconds
[2025-02-13T17:36:35.213+0000] {processor.py:154} INFO - Started process (PID=4179) to work on /home/airflow/.local/lib/python3.7/site-packages/airflow/example_dags/example_latest_only.py
[2025-02-13T17:36:35.215+0000] {processor.py:756} INFO - Processing file /home/airflow/.local/lib/python3.7/site-packages/airflow/example_dags/example_latest_only.py for tasks to queue
[2025-02-13T17:36:35.217+0000] {logging_mixin.py:137} INFO - [2025-02-13T17:36:35.216+0000] {dagbag.py:537} INFO - Filling up the DagBag from /home/airflow/.local/lib/python3.7/site-packages/airflow/example_dags/example_latest_only.py
[2025-02-13T17:36:35.240+0000] {processor.py:766} INFO - DAG(s) dict_keys(['latest_only']) retrieved from /home/airflow/.local/lib/python3.7/site-packages/airflow/example_dags/example_latest_only.py
[2025-02-13T17:36:35.305+0000] {logging_mixin.py:137} INFO - [2025-02-13T17:36:35.305+0000] {dag.py:2585} INFO - Sync 1 DAGs
[2025-02-13T17:36:35.349+0000] {logging_mixin.py:137} INFO - [2025-02-13T17:36:35.349+0000] {dag.py:3340} INFO - Setting next_dagrun for latest_only to 2025-02-13T13:36:35.348719+00:00, run_after=2025-02-13T17:36:35.348719+00:00
[2025-02-13T17:36:35.385+0000] {processor.py:176} INFO - Processing /home/airflow/.local/lib/python3.7/site-packages/airflow/example_dags/example_latest_only.py took 0.178 seconds
[2025-02-13T17:37:05.656+0000] {processor.py:154} INFO - Started process (PID=4358) to work on /home/airflow/.local/lib/python3.7/site-packages/airflow/example_dags/example_latest_only.py
[2025-02-13T17:37:05.658+0000] {processor.py:756} INFO - Processing file /home/airflow/.local/lib/python3.7/site-packages/airflow/example_dags/example_latest_only.py for tasks to queue
[2025-02-13T17:37:05.659+0000] {logging_mixin.py:137} INFO - [2025-02-13T17:37:05.659+0000] {dagbag.py:537} INFO - Filling up the DagBag from /home/airflow/.local/lib/python3.7/site-packages/airflow/example_dags/example_latest_only.py
[2025-02-13T17:37:05.682+0000] {processor.py:766} INFO - DAG(s) dict_keys(['latest_only']) retrieved from /home/airflow/.local/lib/python3.7/site-packages/airflow/example_dags/example_latest_only.py
[2025-02-13T17:37:05.745+0000] {logging_mixin.py:137} INFO - [2025-02-13T17:37:05.745+0000] {dag.py:2585} INFO - Sync 1 DAGs
[2025-02-13T17:37:05.789+0000] {logging_mixin.py:137} INFO - [2025-02-13T17:37:05.789+0000] {dag.py:3340} INFO - Setting next_dagrun for latest_only to 2025-02-13T13:37:05.788609+00:00, run_after=2025-02-13T17:37:05.788609+00:00
[2025-02-13T17:37:05.838+0000] {processor.py:176} INFO - Processing /home/airflow/.local/lib/python3.7/site-packages/airflow/example_dags/example_latest_only.py took 0.186 seconds
[2025-02-13T17:37:36.449+0000] {processor.py:154} INFO - Started process (PID=4539) to work on /home/airflow/.local/lib/python3.7/site-packages/airflow/example_dags/example_latest_only.py
[2025-02-13T17:37:36.452+0000] {processor.py:756} INFO - Processing file /home/airflow/.local/lib/python3.7/site-packages/airflow/example_dags/example_latest_only.py for tasks to queue
[2025-02-13T17:37:36.455+0000] {logging_mixin.py:137} INFO - [2025-02-13T17:37:36.455+0000] {dagbag.py:537} INFO - Filling up the DagBag from /home/airflow/.local/lib/python3.7/site-packages/airflow/example_dags/example_latest_only.py
[2025-02-13T17:37:36.482+0000] {processor.py:766} INFO - DAG(s) dict_keys(['latest_only']) retrieved from /home/airflow/.local/lib/python3.7/site-packages/airflow/example_dags/example_latest_only.py
[2025-02-13T17:37:36.550+0000] {logging_mixin.py:137} INFO - [2025-02-13T17:37:36.550+0000] {dag.py:2585} INFO - Sync 1 DAGs
[2025-02-13T17:37:36.601+0000] {logging_mixin.py:137} INFO - [2025-02-13T17:37:36.601+0000] {dag.py:3340} INFO - Setting next_dagrun for latest_only to 2025-02-13T13:37:36.600813+00:00, run_after=2025-02-13T17:37:36.600813+00:00
[2025-02-13T17:37:36.641+0000] {processor.py:176} INFO - Processing /home/airflow/.local/lib/python3.7/site-packages/airflow/example_dags/example_latest_only.py took 0.200 seconds
[2025-02-13T17:38:07.057+0000] {processor.py:154} INFO - Started process (PID=4718) to work on /home/airflow/.local/lib/python3.7/site-packages/airflow/example_dags/example_latest_only.py
[2025-02-13T17:38:07.059+0000] {processor.py:756} INFO - Processing file /home/airflow/.local/lib/python3.7/site-packages/airflow/example_dags/example_latest_only.py for tasks to queue
[2025-02-13T17:38:07.061+0000] {logging_mixin.py:137} INFO - [2025-02-13T17:38:07.061+0000] {dagbag.py:537} INFO - Filling up the DagBag from /home/airflow/.local/lib/python3.7/site-packages/airflow/example_dags/example_latest_only.py
[2025-02-13T17:38:07.086+0000] {processor.py:766} INFO - DAG(s) dict_keys(['latest_only']) retrieved from /home/airflow/.local/lib/python3.7/site-packages/airflow/example_dags/example_latest_only.py
[2025-02-13T17:38:07.155+0000] {logging_mixin.py:137} INFO - [2025-02-13T17:38:07.155+0000] {dag.py:2585} INFO - Sync 1 DAGs
[2025-02-13T17:38:07.199+0000] {logging_mixin.py:137} INFO - [2025-02-13T17:38:07.199+0000] {dag.py:3340} INFO - Setting next_dagrun for latest_only to 2025-02-13T13:38:07.198332+00:00, run_after=2025-02-13T17:38:07.198332+00:00
[2025-02-13T17:38:07.238+0000] {processor.py:176} INFO - Processing /home/airflow/.local/lib/python3.7/site-packages/airflow/example_dags/example_latest_only.py took 0.186 seconds
[2025-02-13T17:38:38.043+0000] {processor.py:154} INFO - Started process (PID=4902) to work on /home/airflow/.local/lib/python3.7/site-packages/airflow/example_dags/example_latest_only.py
[2025-02-13T17:38:38.046+0000] {processor.py:756} INFO - Processing file /home/airflow/.local/lib/python3.7/site-packages/airflow/example_dags/example_latest_only.py for tasks to queue
[2025-02-13T17:38:38.048+0000] {logging_mixin.py:137} INFO - [2025-02-13T17:38:38.048+0000] {dagbag.py:537} INFO - Filling up the DagBag from /home/airflow/.local/lib/python3.7/site-packages/airflow/example_dags/example_latest_only.py
[2025-02-13T17:38:38.086+0000] {processor.py:766} INFO - DAG(s) dict_keys(['latest_only']) retrieved from /home/airflow/.local/lib/python3.7/site-packages/airflow/example_dags/example_latest_only.py
[2025-02-13T17:38:38.160+0000] {logging_mixin.py:137} INFO - [2025-02-13T17:38:38.160+0000] {dag.py:2585} INFO - Sync 1 DAGs
[2025-02-13T17:38:38.204+0000] {logging_mixin.py:137} INFO - [2025-02-13T17:38:38.204+0000] {dag.py:3340} INFO - Setting next_dagrun for latest_only to 2025-02-13T13:38:38.204219+00:00, run_after=2025-02-13T17:38:38.204219+00:00
[2025-02-13T17:38:38.238+0000] {processor.py:176} INFO - Processing /home/airflow/.local/lib/python3.7/site-packages/airflow/example_dags/example_latest_only.py took 0.202 seconds
[2025-02-13T17:39:39.106+0000] {processor.py:154} INFO - Started process (PID=5084) to work on /home/airflow/.local/lib/python3.7/site-packages/airflow/example_dags/example_latest_only.py
[2025-02-13T17:39:39.107+0000] {processor.py:756} INFO - Processing file /home/airflow/.local/lib/python3.7/site-packages/airflow/example_dags/example_latest_only.py for tasks to queue
[2025-02-13T17:39:39.108+0000] {logging_mixin.py:137} INFO - [2025-02-13T17:39:39.108+0000] {dagbag.py:537} INFO - Filling up the DagBag from /home/airflow/.local/lib/python3.7/site-packages/airflow/example_dags/example_latest_only.py
[2025-02-13T17:39:39.122+0000] {processor.py:766} INFO - DAG(s) dict_keys(['latest_only']) retrieved from /home/airflow/.local/lib/python3.7/site-packages/airflow/example_dags/example_latest_only.py
[2025-02-13T17:39:39.194+0000] {logging_mixin.py:137} INFO - [2025-02-13T17:39:39.193+0000] {dag.py:2585} INFO - Sync 1 DAGs
[2025-02-13T17:39:39.230+0000] {logging_mixin.py:137} INFO - [2025-02-13T17:39:39.229+0000] {dag.py:3340} INFO - Setting next_dagrun for latest_only to 2025-02-13T13:39:39.229581+00:00, run_after=2025-02-13T17:39:39.229581+00:00
[2025-02-13T17:39:39.270+0000] {processor.py:176} INFO - Processing /home/airflow/.local/lib/python3.7/site-packages/airflow/example_dags/example_latest_only.py took 0.167 seconds
[2025-02-13T17:40:10.279+0000] {processor.py:154} INFO - Started process (PID=5264) to work on /home/airflow/.local/lib/python3.7/site-packages/airflow/example_dags/example_latest_only.py
[2025-02-13T17:40:10.281+0000] {processor.py:756} INFO - Processing file /home/airflow/.local/lib/python3.7/site-packages/airflow/example_dags/example_latest_only.py for tasks to queue
[2025-02-13T17:40:10.284+0000] {logging_mixin.py:137} INFO - [2025-02-13T17:40:10.284+0000] {dagbag.py:537} INFO - Filling up the DagBag from /home/airflow/.local/lib/python3.7/site-packages/airflow/example_dags/example_latest_only.py
[2025-02-13T17:40:10.310+0000] {processor.py:766} INFO - DAG(s) dict_keys(['latest_only']) retrieved from /home/airflow/.local/lib/python3.7/site-packages/airflow/example_dags/example_latest_only.py
[2025-02-13T17:40:10.395+0000] {logging_mixin.py:137} INFO - [2025-02-13T17:40:10.394+0000] {dag.py:2585} INFO - Sync 1 DAGs
[2025-02-13T17:40:10.441+0000] {logging_mixin.py:137} INFO - [2025-02-13T17:40:10.441+0000] {dag.py:3340} INFO - Setting next_dagrun for latest_only to 2025-02-13T13:40:10.440803+00:00, run_after=2025-02-13T17:40:10.440803+00:00
[2025-02-13T17:40:10.486+0000] {processor.py:176} INFO - Processing /home/airflow/.local/lib/python3.7/site-packages/airflow/example_dags/example_latest_only.py took 0.213 seconds
[2025-02-13T17:40:40.694+0000] {processor.py:154} INFO - Started process (PID=5444) to work on /home/airflow/.local/lib/python3.7/site-packages/airflow/example_dags/example_latest_only.py
[2025-02-13T17:40:40.695+0000] {processor.py:756} INFO - Processing file /home/airflow/.local/lib/python3.7/site-packages/airflow/example_dags/example_latest_only.py for tasks to queue
[2025-02-13T17:40:40.697+0000] {logging_mixin.py:137} INFO - [2025-02-13T17:40:40.697+0000] {dagbag.py:537} INFO - Filling up the DagBag from /home/airflow/.local/lib/python3.7/site-packages/airflow/example_dags/example_latest_only.py
[2025-02-13T17:40:40.720+0000] {processor.py:766} INFO - DAG(s) dict_keys(['latest_only']) retrieved from /home/airflow/.local/lib/python3.7/site-packages/airflow/example_dags/example_latest_only.py
[2025-02-13T17:40:40.817+0000] {logging_mixin.py:137} INFO - [2025-02-13T17:40:40.816+0000] {dag.py:2585} INFO - Sync 1 DAGs
[2025-02-13T17:40:40.860+0000] {logging_mixin.py:137} INFO - [2025-02-13T17:40:40.859+0000] {dag.py:3340} INFO - Setting next_dagrun for latest_only to 2025-02-13T13:40:40.859328+00:00, run_after=2025-02-13T17:40:40.859328+00:00
[2025-02-13T17:40:40.890+0000] {processor.py:176} INFO - Processing /home/airflow/.local/lib/python3.7/site-packages/airflow/example_dags/example_latest_only.py took 0.202 seconds
[2025-02-13T17:41:12.411+0000] {processor.py:154} INFO - Started process (PID=5624) to work on /home/airflow/.local/lib/python3.7/site-packages/airflow/example_dags/example_latest_only.py
[2025-02-13T17:41:12.415+0000] {processor.py:756} INFO - Processing file /home/airflow/.local/lib/python3.7/site-packages/airflow/example_dags/example_latest_only.py for tasks to queue
[2025-02-13T17:41:12.417+0000] {logging_mixin.py:137} INFO - [2025-02-13T17:41:12.416+0000] {dagbag.py:537} INFO - Filling up the DagBag from /home/airflow/.local/lib/python3.7/site-packages/airflow/example_dags/example_latest_only.py
[2025-02-13T17:41:12.456+0000] {processor.py:766} INFO - DAG(s) dict_keys(['latest_only']) retrieved from /home/airflow/.local/lib/python3.7/site-packages/airflow/example_dags/example_latest_only.py
[2025-02-13T17:41:12.554+0000] {logging_mixin.py:137} INFO - [2025-02-13T17:41:12.554+0000] {dag.py:2585} INFO - Sync 1 DAGs
[2025-02-13T17:41:12.602+0000] {logging_mixin.py:137} INFO - [2025-02-13T17:41:12.602+0000] {dag.py:3340} INFO - Setting next_dagrun for latest_only to 2025-02-13T13:41:12.602007+00:00, run_after=2025-02-13T17:41:12.602007+00:00
[2025-02-13T17:41:12.646+0000] {processor.py:176} INFO - Processing /home/airflow/.local/lib/python3.7/site-packages/airflow/example_dags/example_latest_only.py took 0.251 seconds
[2025-02-13T17:41:42.787+0000] {processor.py:154} INFO - Started process (PID=5804) to work on /home/airflow/.local/lib/python3.7/site-packages/airflow/example_dags/example_latest_only.py
[2025-02-13T17:41:42.788+0000] {processor.py:756} INFO - Processing file /home/airflow/.local/lib/python3.7/site-packages/airflow/example_dags/example_latest_only.py for tasks to queue
[2025-02-13T17:41:42.789+0000] {logging_mixin.py:137} INFO - [2025-02-13T17:41:42.789+0000] {dagbag.py:537} INFO - Filling up the DagBag from /home/airflow/.local/lib/python3.7/site-packages/airflow/example_dags/example_latest_only.py
[2025-02-13T17:41:42.802+0000] {processor.py:766} INFO - DAG(s) dict_keys(['latest_only']) retrieved from /home/airflow/.local/lib/python3.7/site-packages/airflow/example_dags/example_latest_only.py
[2025-02-13T17:41:42.854+0000] {logging_mixin.py:137} INFO - [2025-02-13T17:41:42.853+0000] {dag.py:2585} INFO - Sync 1 DAGs
[2025-02-13T17:41:42.887+0000] {logging_mixin.py:137} INFO - [2025-02-13T17:41:42.887+0000] {dag.py:3340} INFO - Setting next_dagrun for latest_only to 2025-02-13T13:41:42.886745+00:00, run_after=2025-02-13T17:41:42.886745+00:00
[2025-02-13T17:41:42.913+0000] {processor.py:176} INFO - Processing /home/airflow/.local/lib/python3.7/site-packages/airflow/example_dags/example_latest_only.py took 0.130 seconds
[2025-02-13T17:42:13.429+0000] {processor.py:154} INFO - Started process (PID=5984) to work on /home/airflow/.local/lib/python3.7/site-packages/airflow/example_dags/example_latest_only.py
[2025-02-13T17:42:13.431+0000] {processor.py:756} INFO - Processing file /home/airflow/.local/lib/python3.7/site-packages/airflow/example_dags/example_latest_only.py for tasks to queue
[2025-02-13T17:42:13.433+0000] {logging_mixin.py:137} INFO - [2025-02-13T17:42:13.432+0000] {dagbag.py:537} INFO - Filling up the DagBag from /home/airflow/.local/lib/python3.7/site-packages/airflow/example_dags/example_latest_only.py
[2025-02-13T17:42:13.454+0000] {processor.py:766} INFO - DAG(s) dict_keys(['latest_only']) retrieved from /home/airflow/.local/lib/python3.7/site-packages/airflow/example_dags/example_latest_only.py
[2025-02-13T17:42:13.513+0000] {logging_mixin.py:137} INFO - [2025-02-13T17:42:13.513+0000] {dag.py:2585} INFO - Sync 1 DAGs
[2025-02-13T17:42:13.556+0000] {logging_mixin.py:137} INFO - [2025-02-13T17:42:13.556+0000] {dag.py:3340} INFO - Setting next_dagrun for latest_only to 2025-02-13T13:42:13.555932+00:00, run_after=2025-02-13T17:42:13.555932+00:00
[2025-02-13T17:42:13.588+0000] {processor.py:176} INFO - Processing /home/airflow/.local/lib/python3.7/site-packages/airflow/example_dags/example_latest_only.py took 0.165 seconds
[2025-02-13T17:42:43.719+0000] {processor.py:154} INFO - Started process (PID=6163) to work on /home/airflow/.local/lib/python3.7/site-packages/airflow/example_dags/example_latest_only.py
[2025-02-13T17:42:43.720+0000] {processor.py:756} INFO - Processing file /home/airflow/.local/lib/python3.7/site-packages/airflow/example_dags/example_latest_only.py for tasks to queue
[2025-02-13T17:42:43.722+0000] {logging_mixin.py:137} INFO - [2025-02-13T17:42:43.722+0000] {dagbag.py:537} INFO - Filling up the DagBag from /home/airflow/.local/lib/python3.7/site-packages/airflow/example_dags/example_latest_only.py
[2025-02-13T17:42:43.742+0000] {processor.py:766} INFO - DAG(s) dict_keys(['latest_only']) retrieved from /home/airflow/.local/lib/python3.7/site-packages/airflow/example_dags/example_latest_only.py
[2025-02-13T17:42:43.803+0000] {logging_mixin.py:137} INFO - [2025-02-13T17:42:43.803+0000] {dag.py:2585} INFO - Sync 1 DAGs
[2025-02-13T17:42:43.839+0000] {logging_mixin.py:137} INFO - [2025-02-13T17:42:43.839+0000] {dag.py:3340} INFO - Setting next_dagrun for latest_only to 2025-02-13T13:42:43.838905+00:00, run_after=2025-02-13T17:42:43.838905+00:00
[2025-02-13T17:42:43.875+0000] {processor.py:176} INFO - Processing /home/airflow/.local/lib/python3.7/site-packages/airflow/example_dags/example_latest_only.py took 0.162 seconds
[2025-02-13T17:43:14.420+0000] {processor.py:154} INFO - Started process (PID=6344) to work on /home/airflow/.local/lib/python3.7/site-packages/airflow/example_dags/example_latest_only.py
[2025-02-13T17:43:14.422+0000] {processor.py:756} INFO - Processing file /home/airflow/.local/lib/python3.7/site-packages/airflow/example_dags/example_latest_only.py for tasks to queue
[2025-02-13T17:43:14.423+0000] {logging_mixin.py:137} INFO - [2025-02-13T17:43:14.423+0000] {dagbag.py:537} INFO - Filling up the DagBag from /home/airflow/.local/lib/python3.7/site-packages/airflow/example_dags/example_latest_only.py
[2025-02-13T17:43:14.445+0000] {processor.py:766} INFO - DAG(s) dict_keys(['latest_only']) retrieved from /home/airflow/.local/lib/python3.7/site-packages/airflow/example_dags/example_latest_only.py
[2025-02-13T17:43:14.518+0000] {logging_mixin.py:137} INFO - [2025-02-13T17:43:14.518+0000] {dag.py:2585} INFO - Sync 1 DAGs
[2025-02-13T17:43:14.574+0000] {logging_mixin.py:137} INFO - [2025-02-13T17:43:14.574+0000] {dag.py:3340} INFO - Setting next_dagrun for latest_only to 2025-02-13T13:43:14.573873+00:00, run_after=2025-02-13T17:43:14.573873+00:00
[2025-02-13T17:43:14.613+0000] {processor.py:176} INFO - Processing /home/airflow/.local/lib/python3.7/site-packages/airflow/example_dags/example_latest_only.py took 0.198 seconds
[2025-02-13T17:43:44.990+0000] {processor.py:154} INFO - Started process (PID=6524) to work on /home/airflow/.local/lib/python3.7/site-packages/airflow/example_dags/example_latest_only.py
[2025-02-13T17:43:44.992+0000] {processor.py:756} INFO - Processing file /home/airflow/.local/lib/python3.7/site-packages/airflow/example_dags/example_latest_only.py for tasks to queue
[2025-02-13T17:43:44.993+0000] {logging_mixin.py:137} INFO - [2025-02-13T17:43:44.993+0000] {dagbag.py:537} INFO - Filling up the DagBag from /home/airflow/.local/lib/python3.7/site-packages/airflow/example_dags/example_latest_only.py
[2025-02-13T17:43:45.019+0000] {processor.py:766} INFO - DAG(s) dict_keys(['latest_only']) retrieved from /home/airflow/.local/lib/python3.7/site-packages/airflow/example_dags/example_latest_only.py
[2025-02-13T17:43:45.099+0000] {logging_mixin.py:137} INFO - [2025-02-13T17:43:45.098+0000] {dag.py:2585} INFO - Sync 1 DAGs
[2025-02-13T17:43:45.149+0000] {logging_mixin.py:137} INFO - [2025-02-13T17:43:45.149+0000] {dag.py:3340} INFO - Setting next_dagrun for latest_only to 2025-02-13T13:43:45.148735+00:00, run_after=2025-02-13T17:43:45.148735+00:00
[2025-02-13T17:43:45.189+0000] {processor.py:176} INFO - Processing /home/airflow/.local/lib/python3.7/site-packages/airflow/example_dags/example_latest_only.py took 0.204 seconds
[2025-02-13T17:44:15.615+0000] {processor.py:154} INFO - Started process (PID=6704) to work on /home/airflow/.local/lib/python3.7/site-packages/airflow/example_dags/example_latest_only.py
[2025-02-13T17:44:15.616+0000] {processor.py:756} INFO - Processing file /home/airflow/.local/lib/python3.7/site-packages/airflow/example_dags/example_latest_only.py for tasks to queue
[2025-02-13T17:44:15.618+0000] {logging_mixin.py:137} INFO - [2025-02-13T17:44:15.617+0000] {dagbag.py:537} INFO - Filling up the DagBag from /home/airflow/.local/lib/python3.7/site-packages/airflow/example_dags/example_latest_only.py
[2025-02-13T17:44:15.643+0000] {processor.py:766} INFO - DAG(s) dict_keys(['latest_only']) retrieved from /home/airflow/.local/lib/python3.7/site-packages/airflow/example_dags/example_latest_only.py
[2025-02-13T17:44:15.716+0000] {logging_mixin.py:137} INFO - [2025-02-13T17:44:15.716+0000] {dag.py:2585} INFO - Sync 1 DAGs
[2025-02-13T17:44:15.766+0000] {logging_mixin.py:137} INFO - [2025-02-13T17:44:15.766+0000] {dag.py:3340} INFO - Setting next_dagrun for latest_only to 2025-02-13T13:44:15.766268+00:00, run_after=2025-02-13T17:44:15.766268+00:00
[2025-02-13T17:44:15.807+0000] {processor.py:176} INFO - Processing /home/airflow/.local/lib/python3.7/site-packages/airflow/example_dags/example_latest_only.py took 0.198 seconds
[2025-02-13T17:44:46.762+0000] {processor.py:154} INFO - Started process (PID=6886) to work on /home/airflow/.local/lib/python3.7/site-packages/airflow/example_dags/example_latest_only.py
[2025-02-13T17:44:46.763+0000] {processor.py:756} INFO - Processing file /home/airflow/.local/lib/python3.7/site-packages/airflow/example_dags/example_latest_only.py for tasks to queue
[2025-02-13T17:44:46.765+0000] {logging_mixin.py:137} INFO - [2025-02-13T17:44:46.765+0000] {dagbag.py:537} INFO - Filling up the DagBag from /home/airflow/.local/lib/python3.7/site-packages/airflow/example_dags/example_latest_only.py
[2025-02-13T17:44:46.791+0000] {processor.py:766} INFO - DAG(s) dict_keys(['latest_only']) retrieved from /home/airflow/.local/lib/python3.7/site-packages/airflow/example_dags/example_latest_only.py
[2025-02-13T17:44:46.864+0000] {logging_mixin.py:137} INFO - [2025-02-13T17:44:46.863+0000] {dag.py:2585} INFO - Sync 1 DAGs
[2025-02-13T17:44:46.939+0000] {logging_mixin.py:137} INFO - [2025-02-13T17:44:46.939+0000] {dag.py:3340} INFO - Setting next_dagrun for latest_only to 2025-02-13T13:44:46.938481+00:00, run_after=2025-02-13T17:44:46.938481+00:00
[2025-02-13T17:44:47.015+0000] {processor.py:176} INFO - Processing /home/airflow/.local/lib/python3.7/site-packages/airflow/example_dags/example_latest_only.py took 0.255 seconds
[2025-02-13T17:45:17.138+0000] {processor.py:154} INFO - Started process (PID=7066) to work on /home/airflow/.local/lib/python3.7/site-packages/airflow/example_dags/example_latest_only.py
[2025-02-13T17:45:17.140+0000] {processor.py:756} INFO - Processing file /home/airflow/.local/lib/python3.7/site-packages/airflow/example_dags/example_latest_only.py for tasks to queue
[2025-02-13T17:45:17.142+0000] {logging_mixin.py:137} INFO - [2025-02-13T17:45:17.142+0000] {dagbag.py:537} INFO - Filling up the DagBag from /home/airflow/.local/lib/python3.7/site-packages/airflow/example_dags/example_latest_only.py
[2025-02-13T17:45:17.161+0000] {processor.py:766} INFO - DAG(s) dict_keys(['latest_only']) retrieved from /home/airflow/.local/lib/python3.7/site-packages/airflow/example_dags/example_latest_only.py
[2025-02-13T17:45:17.223+0000] {logging_mixin.py:137} INFO - [2025-02-13T17:45:17.222+0000] {dag.py:2585} INFO - Sync 1 DAGs
[2025-02-13T17:45:17.261+0000] {logging_mixin.py:137} INFO - [2025-02-13T17:45:17.261+0000] {dag.py:3340} INFO - Setting next_dagrun for latest_only to 2025-02-13T13:45:17.261096+00:00, run_after=2025-02-13T17:45:17.261096+00:00
[2025-02-13T17:45:17.301+0000] {processor.py:176} INFO - Processing /home/airflow/.local/lib/python3.7/site-packages/airflow/example_dags/example_latest_only.py took 0.167 seconds
[2025-02-13T17:45:47.641+0000] {processor.py:154} INFO - Started process (PID=7244) to work on /home/airflow/.local/lib/python3.7/site-packages/airflow/example_dags/example_latest_only.py
[2025-02-13T17:45:47.643+0000] {processor.py:756} INFO - Processing file /home/airflow/.local/lib/python3.7/site-packages/airflow/example_dags/example_latest_only.py for tasks to queue
[2025-02-13T17:45:47.646+0000] {logging_mixin.py:137} INFO - [2025-02-13T17:45:47.645+0000] {dagbag.py:537} INFO - Filling up the DagBag from /home/airflow/.local/lib/python3.7/site-packages/airflow/example_dags/example_latest_only.py
[2025-02-13T17:45:47.664+0000] {processor.py:766} INFO - DAG(s) dict_keys(['latest_only']) retrieved from /home/airflow/.local/lib/python3.7/site-packages/airflow/example_dags/example_latest_only.py
[2025-02-13T17:45:47.719+0000] {logging_mixin.py:137} INFO - [2025-02-13T17:45:47.719+0000] {dag.py:2585} INFO - Sync 1 DAGs
[2025-02-13T17:45:47.771+0000] {logging_mixin.py:137} INFO - [2025-02-13T17:45:47.770+0000] {dag.py:3340} INFO - Setting next_dagrun for latest_only to 2025-02-13T13:45:47.770550+00:00, run_after=2025-02-13T17:45:47.770550+00:00
[2025-02-13T17:45:47.851+0000] {processor.py:176} INFO - Processing /home/airflow/.local/lib/python3.7/site-packages/airflow/example_dags/example_latest_only.py took 0.214 seconds
[2025-02-13T17:47:35.589+0000] {processor.py:154} INFO - Started process (PID=221) to work on /home/airflow/.local/lib/python3.7/site-packages/airflow/example_dags/example_latest_only.py
[2025-02-13T17:47:35.591+0000] {processor.py:756} INFO - Processing file /home/airflow/.local/lib/python3.7/site-packages/airflow/example_dags/example_latest_only.py for tasks to queue
[2025-02-13T17:47:35.594+0000] {logging_mixin.py:137} INFO - [2025-02-13T17:47:35.593+0000] {dagbag.py:537} INFO - Filling up the DagBag from /home/airflow/.local/lib/python3.7/site-packages/airflow/example_dags/example_latest_only.py
[2025-02-13T17:47:35.646+0000] {processor.py:766} INFO - DAG(s) dict_keys(['latest_only']) retrieved from /home/airflow/.local/lib/python3.7/site-packages/airflow/example_dags/example_latest_only.py
[2025-02-13T17:47:35.747+0000] {logging_mixin.py:137} INFO - [2025-02-13T17:47:35.747+0000] {dag.py:2585} INFO - Sync 1 DAGs
[2025-02-13T17:47:35.802+0000] {logging_mixin.py:137} INFO - [2025-02-13T17:47:35.801+0000] {dag.py:3340} INFO - Setting next_dagrun for latest_only to 2025-02-13T13:47:35.800886+00:00, run_after=2025-02-13T17:47:35.800886+00:00
[2025-02-13T17:47:35.844+0000] {processor.py:176} INFO - Processing /home/airflow/.local/lib/python3.7/site-packages/airflow/example_dags/example_latest_only.py took 0.259 seconds
[2025-02-13T17:48:06.211+0000] {processor.py:154} INFO - Started process (PID=403) to work on /home/airflow/.local/lib/python3.7/site-packages/airflow/example_dags/example_latest_only.py
[2025-02-13T17:48:06.213+0000] {processor.py:756} INFO - Processing file /home/airflow/.local/lib/python3.7/site-packages/airflow/example_dags/example_latest_only.py for tasks to queue
[2025-02-13T17:48:06.216+0000] {logging_mixin.py:137} INFO - [2025-02-13T17:48:06.215+0000] {dagbag.py:537} INFO - Filling up the DagBag from /home/airflow/.local/lib/python3.7/site-packages/airflow/example_dags/example_latest_only.py
[2025-02-13T17:48:06.244+0000] {processor.py:766} INFO - DAG(s) dict_keys(['latest_only']) retrieved from /home/airflow/.local/lib/python3.7/site-packages/airflow/example_dags/example_latest_only.py
[2025-02-13T17:48:06.298+0000] {logging_mixin.py:137} INFO - [2025-02-13T17:48:06.297+0000] {dag.py:2585} INFO - Sync 1 DAGs
[2025-02-13T17:48:06.348+0000] {logging_mixin.py:137} INFO - [2025-02-13T17:48:06.348+0000] {dag.py:3340} INFO - Setting next_dagrun for latest_only to 2025-02-13T13:48:06.347895+00:00, run_after=2025-02-13T17:48:06.347895+00:00
[2025-02-13T17:48:06.410+0000] {processor.py:176} INFO - Processing /home/airflow/.local/lib/python3.7/site-packages/airflow/example_dags/example_latest_only.py took 0.203 seconds
[2025-02-13T17:48:36.769+0000] {processor.py:154} INFO - Started process (PID=582) to work on /home/airflow/.local/lib/python3.7/site-packages/airflow/example_dags/example_latest_only.py
[2025-02-13T17:48:36.771+0000] {processor.py:756} INFO - Processing file /home/airflow/.local/lib/python3.7/site-packages/airflow/example_dags/example_latest_only.py for tasks to queue
[2025-02-13T17:48:36.774+0000] {logging_mixin.py:137} INFO - [2025-02-13T17:48:36.773+0000] {dagbag.py:537} INFO - Filling up the DagBag from /home/airflow/.local/lib/python3.7/site-packages/airflow/example_dags/example_latest_only.py
[2025-02-13T17:48:36.799+0000] {processor.py:766} INFO - DAG(s) dict_keys(['latest_only']) retrieved from /home/airflow/.local/lib/python3.7/site-packages/airflow/example_dags/example_latest_only.py
[2025-02-13T17:48:36.865+0000] {logging_mixin.py:137} INFO - [2025-02-13T17:48:36.864+0000] {dag.py:2585} INFO - Sync 1 DAGs
[2025-02-13T17:48:36.912+0000] {logging_mixin.py:137} INFO - [2025-02-13T17:48:36.911+0000] {dag.py:3340} INFO - Setting next_dagrun for latest_only to 2025-02-13T13:48:36.911707+00:00, run_after=2025-02-13T17:48:36.911707+00:00
[2025-02-13T17:48:36.958+0000] {processor.py:176} INFO - Processing /home/airflow/.local/lib/python3.7/site-packages/airflow/example_dags/example_latest_only.py took 0.195 seconds
[2025-02-13T17:49:07.058+0000] {processor.py:154} INFO - Started process (PID=762) to work on /home/airflow/.local/lib/python3.7/site-packages/airflow/example_dags/example_latest_only.py
[2025-02-13T17:49:07.059+0000] {processor.py:756} INFO - Processing file /home/airflow/.local/lib/python3.7/site-packages/airflow/example_dags/example_latest_only.py for tasks to queue
[2025-02-13T17:49:07.060+0000] {logging_mixin.py:137} INFO - [2025-02-13T17:49:07.060+0000] {dagbag.py:537} INFO - Filling up the DagBag from /home/airflow/.local/lib/python3.7/site-packages/airflow/example_dags/example_latest_only.py
[2025-02-13T17:49:07.077+0000] {processor.py:766} INFO - DAG(s) dict_keys(['latest_only']) retrieved from /home/airflow/.local/lib/python3.7/site-packages/airflow/example_dags/example_latest_only.py
[2025-02-13T17:49:07.136+0000] {logging_mixin.py:137} INFO - [2025-02-13T17:49:07.136+0000] {dag.py:2585} INFO - Sync 1 DAGs
[2025-02-13T17:49:07.169+0000] {logging_mixin.py:137} INFO - [2025-02-13T17:49:07.169+0000] {dag.py:3340} INFO - Setting next_dagrun for latest_only to 2025-02-13T13:49:07.168902+00:00, run_after=2025-02-13T17:49:07.168902+00:00
[2025-02-13T17:49:07.196+0000] {processor.py:176} INFO - Processing /home/airflow/.local/lib/python3.7/site-packages/airflow/example_dags/example_latest_only.py took 0.146 seconds
[2025-02-13T17:49:38.364+0000] {processor.py:154} INFO - Started process (PID=942) to work on /home/airflow/.local/lib/python3.7/site-packages/airflow/example_dags/example_latest_only.py
[2025-02-13T17:49:38.368+0000] {processor.py:756} INFO - Processing file /home/airflow/.local/lib/python3.7/site-packages/airflow/example_dags/example_latest_only.py for tasks to queue
[2025-02-13T17:49:38.380+0000] {logging_mixin.py:137} INFO - [2025-02-13T17:49:38.379+0000] {dagbag.py:537} INFO - Filling up the DagBag from /home/airflow/.local/lib/python3.7/site-packages/airflow/example_dags/example_latest_only.py
[2025-02-13T17:49:38.410+0000] {processor.py:766} INFO - DAG(s) dict_keys(['latest_only']) retrieved from /home/airflow/.local/lib/python3.7/site-packages/airflow/example_dags/example_latest_only.py
[2025-02-13T17:49:38.477+0000] {logging_mixin.py:137} INFO - [2025-02-13T17:49:38.477+0000] {dag.py:2585} INFO - Sync 1 DAGs
[2025-02-13T17:49:38.515+0000] {logging_mixin.py:137} INFO - [2025-02-13T17:49:38.514+0000] {dag.py:3340} INFO - Setting next_dagrun for latest_only to 2025-02-13T13:49:38.514580+00:00, run_after=2025-02-13T17:49:38.514580+00:00
[2025-02-13T17:49:38.543+0000] {processor.py:176} INFO - Processing /home/airflow/.local/lib/python3.7/site-packages/airflow/example_dags/example_latest_only.py took 0.205 seconds
[2025-02-13T17:50:09.408+0000] {processor.py:154} INFO - Started process (PID=1122) to work on /home/airflow/.local/lib/python3.7/site-packages/airflow/example_dags/example_latest_only.py
[2025-02-13T17:50:09.410+0000] {processor.py:756} INFO - Processing file /home/airflow/.local/lib/python3.7/site-packages/airflow/example_dags/example_latest_only.py for tasks to queue
[2025-02-13T17:50:09.411+0000] {logging_mixin.py:137} INFO - [2025-02-13T17:50:09.411+0000] {dagbag.py:537} INFO - Filling up the DagBag from /home/airflow/.local/lib/python3.7/site-packages/airflow/example_dags/example_latest_only.py
[2025-02-13T17:50:09.437+0000] {processor.py:766} INFO - DAG(s) dict_keys(['latest_only']) retrieved from /home/airflow/.local/lib/python3.7/site-packages/airflow/example_dags/example_latest_only.py
[2025-02-13T17:50:09.497+0000] {logging_mixin.py:137} INFO - [2025-02-13T17:50:09.497+0000] {dag.py:2585} INFO - Sync 1 DAGs
[2025-02-13T17:50:09.544+0000] {logging_mixin.py:137} INFO - [2025-02-13T17:50:09.544+0000] {dag.py:3340} INFO - Setting next_dagrun for latest_only to 2025-02-13T13:50:09.543581+00:00, run_after=2025-02-13T17:50:09.543581+00:00
[2025-02-13T17:50:09.584+0000] {processor.py:176} INFO - Processing /home/airflow/.local/lib/python3.7/site-packages/airflow/example_dags/example_latest_only.py took 0.184 seconds
[2025-02-13T17:50:39.852+0000] {processor.py:154} INFO - Started process (PID=1301) to work on /home/airflow/.local/lib/python3.7/site-packages/airflow/example_dags/example_latest_only.py
[2025-02-13T17:50:39.854+0000] {processor.py:756} INFO - Processing file /home/airflow/.local/lib/python3.7/site-packages/airflow/example_dags/example_latest_only.py for tasks to queue
[2025-02-13T17:50:39.857+0000] {logging_mixin.py:137} INFO - [2025-02-13T17:50:39.856+0000] {dagbag.py:537} INFO - Filling up the DagBag from /home/airflow/.local/lib/python3.7/site-packages/airflow/example_dags/example_latest_only.py
[2025-02-13T17:50:39.889+0000] {processor.py:766} INFO - DAG(s) dict_keys(['latest_only']) retrieved from /home/airflow/.local/lib/python3.7/site-packages/airflow/example_dags/example_latest_only.py
[2025-02-13T17:50:39.970+0000] {logging_mixin.py:137} INFO - [2025-02-13T17:50:39.970+0000] {dag.py:2585} INFO - Sync 1 DAGs
[2025-02-13T17:50:40.018+0000] {logging_mixin.py:137} INFO - [2025-02-13T17:50:40.017+0000] {dag.py:3340} INFO - Setting next_dagrun for latest_only to 2025-02-13T13:50:40.017479+00:00, run_after=2025-02-13T17:50:40.017479+00:00
[2025-02-13T17:50:40.061+0000] {processor.py:176} INFO - Processing /home/airflow/.local/lib/python3.7/site-packages/airflow/example_dags/example_latest_only.py took 0.219 seconds
[2025-02-13T17:51:11.038+0000] {processor.py:154} INFO - Started process (PID=1482) to work on /home/airflow/.local/lib/python3.7/site-packages/airflow/example_dags/example_latest_only.py
[2025-02-13T17:51:11.040+0000] {processor.py:756} INFO - Processing file /home/airflow/.local/lib/python3.7/site-packages/airflow/example_dags/example_latest_only.py for tasks to queue
[2025-02-13T17:51:11.043+0000] {logging_mixin.py:137} INFO - [2025-02-13T17:51:11.043+0000] {dagbag.py:537} INFO - Filling up the DagBag from /home/airflow/.local/lib/python3.7/site-packages/airflow/example_dags/example_latest_only.py
[2025-02-13T17:51:11.074+0000] {processor.py:766} INFO - DAG(s) dict_keys(['latest_only']) retrieved from /home/airflow/.local/lib/python3.7/site-packages/airflow/example_dags/example_latest_only.py
[2025-02-13T17:51:11.137+0000] {logging_mixin.py:137} INFO - [2025-02-13T17:51:11.136+0000] {dag.py:2585} INFO - Sync 1 DAGs
[2025-02-13T17:51:11.173+0000] {logging_mixin.py:137} INFO - [2025-02-13T17:51:11.173+0000] {dag.py:3340} INFO - Setting next_dagrun for latest_only to 2025-02-13T13:51:11.173291+00:00, run_after=2025-02-13T17:51:11.173291+00:00
[2025-02-13T17:51:11.203+0000] {processor.py:176} INFO - Processing /home/airflow/.local/lib/python3.7/site-packages/airflow/example_dags/example_latest_only.py took 0.173 seconds
[2025-02-13T17:51:41.296+0000] {processor.py:154} INFO - Started process (PID=1662) to work on /home/airflow/.local/lib/python3.7/site-packages/airflow/example_dags/example_latest_only.py
[2025-02-13T17:51:41.299+0000] {processor.py:756} INFO - Processing file /home/airflow/.local/lib/python3.7/site-packages/airflow/example_dags/example_latest_only.py for tasks to queue
[2025-02-13T17:51:41.301+0000] {logging_mixin.py:137} INFO - [2025-02-13T17:51:41.301+0000] {dagbag.py:537} INFO - Filling up the DagBag from /home/airflow/.local/lib/python3.7/site-packages/airflow/example_dags/example_latest_only.py
[2025-02-13T17:51:41.327+0000] {processor.py:766} INFO - DAG(s) dict_keys(['latest_only']) retrieved from /home/airflow/.local/lib/python3.7/site-packages/airflow/example_dags/example_latest_only.py
[2025-02-13T17:51:41.388+0000] {logging_mixin.py:137} INFO - [2025-02-13T17:51:41.388+0000] {dag.py:2585} INFO - Sync 1 DAGs
[2025-02-13T17:51:41.421+0000] {logging_mixin.py:137} INFO - [2025-02-13T17:51:41.421+0000] {dag.py:3340} INFO - Setting next_dagrun for latest_only to 2025-02-13T13:51:41.420762+00:00, run_after=2025-02-13T17:51:41.420762+00:00
[2025-02-13T17:51:41.449+0000] {processor.py:176} INFO - Processing /home/airflow/.local/lib/python3.7/site-packages/airflow/example_dags/example_latest_only.py took 0.159 seconds
