[2025-02-13T17:24:21.396+0000] {processor.py:154} INFO - Started process (PID=256) to work on /home/airflow/.local/lib/python3.7/site-packages/airflow/example_dags/example_external_task_marker_dag.py
[2025-02-13T17:24:21.398+0000] {processor.py:756} INFO - Processing file /home/airflow/.local/lib/python3.7/site-packages/airflow/example_dags/example_external_task_marker_dag.py for tasks to queue
[2025-02-13T17:24:21.400+0000] {logging_mixin.py:137} INFO - [2025-02-13T17:24:21.400+0000] {dagbag.py:537} INFO - Filling up the DagBag from /home/airflow/.local/lib/python3.7/site-packages/airflow/example_dags/example_external_task_marker_dag.py
[2025-02-13T17:24:21.429+0000] {processor.py:766} INFO - DAG(s) dict_keys(['example_external_task_marker_child', 'example_external_task_marker_parent']) retrieved from /home/airflow/.local/lib/python3.7/site-packages/airflow/example_dags/example_external_task_marker_dag.py
[2025-02-13T17:24:22.691+0000] {logging_mixin.py:137} INFO - [2025-02-13T17:24:22.690+0000] {dag.py:2585} INFO - Sync 2 DAGs
[2025-02-13T17:24:22.747+0000] {logging_mixin.py:137} INFO - [2025-02-13T17:24:22.746+0000] {dag.py:3340} INFO - Setting next_dagrun for example_external_task_marker_child to None, run_after=None
[2025-02-13T17:24:22.760+0000] {logging_mixin.py:137} INFO - [2025-02-13T17:24:22.759+0000] {dag.py:3340} INFO - Setting next_dagrun for example_external_task_marker_parent to None, run_after=None
[2025-02-13T17:24:22.808+0000] {processor.py:176} INFO - Processing /home/airflow/.local/lib/python3.7/site-packages/airflow/example_dags/example_external_task_marker_dag.py took 1.417 seconds
[2025-02-13T17:25:21.751+0000] {processor.py:154} INFO - Started process (PID=256) to work on /home/airflow/.local/lib/python3.7/site-packages/airflow/example_dags/example_external_task_marker_dag.py
[2025-02-13T17:25:21.755+0000] {processor.py:756} INFO - Processing file /home/airflow/.local/lib/python3.7/site-packages/airflow/example_dags/example_external_task_marker_dag.py for tasks to queue
[2025-02-13T17:25:21.758+0000] {logging_mixin.py:137} INFO - [2025-02-13T17:25:21.757+0000] {dagbag.py:537} INFO - Filling up the DagBag from /home/airflow/.local/lib/python3.7/site-packages/airflow/example_dags/example_external_task_marker_dag.py
[2025-02-13T17:25:21.783+0000] {processor.py:766} INFO - DAG(s) dict_keys(['example_external_task_marker_parent', 'example_external_task_marker_child']) retrieved from /home/airflow/.local/lib/python3.7/site-packages/airflow/example_dags/example_external_task_marker_dag.py
[2025-02-13T17:25:22.254+0000] {logging_mixin.py:137} INFO - [2025-02-13T17:25:22.254+0000] {dag.py:2585} INFO - Sync 2 DAGs
[2025-02-13T17:25:22.311+0000] {logging_mixin.py:137} INFO - [2025-02-13T17:25:22.311+0000] {dag.py:3340} INFO - Setting next_dagrun for example_external_task_marker_child to None, run_after=None
[2025-02-13T17:25:22.321+0000] {logging_mixin.py:137} INFO - [2025-02-13T17:25:22.321+0000] {dag.py:3340} INFO - Setting next_dagrun for example_external_task_marker_parent to None, run_after=None
[2025-02-13T17:25:22.377+0000] {processor.py:176} INFO - Processing /home/airflow/.local/lib/python3.7/site-packages/airflow/example_dags/example_external_task_marker_dag.py took 0.637 seconds
[2025-02-13T17:25:53.366+0000] {processor.py:154} INFO - Started process (PID=436) to work on /home/airflow/.local/lib/python3.7/site-packages/airflow/example_dags/example_external_task_marker_dag.py
[2025-02-13T17:25:53.369+0000] {processor.py:756} INFO - Processing file /home/airflow/.local/lib/python3.7/site-packages/airflow/example_dags/example_external_task_marker_dag.py for tasks to queue
[2025-02-13T17:25:53.372+0000] {logging_mixin.py:137} INFO - [2025-02-13T17:25:53.372+0000] {dagbag.py:537} INFO - Filling up the DagBag from /home/airflow/.local/lib/python3.7/site-packages/airflow/example_dags/example_external_task_marker_dag.py
[2025-02-13T17:25:53.407+0000] {processor.py:766} INFO - DAG(s) dict_keys(['example_external_task_marker_parent', 'example_external_task_marker_child']) retrieved from /home/airflow/.local/lib/python3.7/site-packages/airflow/example_dags/example_external_task_marker_dag.py
[2025-02-13T17:25:53.492+0000] {logging_mixin.py:137} INFO - [2025-02-13T17:25:53.492+0000] {dag.py:2585} INFO - Sync 2 DAGs
[2025-02-13T17:25:53.569+0000] {logging_mixin.py:137} INFO - [2025-02-13T17:25:53.568+0000] {dag.py:3340} INFO - Setting next_dagrun for example_external_task_marker_child to None, run_after=None
[2025-02-13T17:25:53.584+0000] {logging_mixin.py:137} INFO - [2025-02-13T17:25:53.584+0000] {dag.py:3340} INFO - Setting next_dagrun for example_external_task_marker_parent to None, run_after=None
[2025-02-13T17:25:53.652+0000] {processor.py:176} INFO - Processing /home/airflow/.local/lib/python3.7/site-packages/airflow/example_dags/example_external_task_marker_dag.py took 0.296 seconds
[2025-02-13T17:26:24.439+0000] {processor.py:154} INFO - Started process (PID=617) to work on /home/airflow/.local/lib/python3.7/site-packages/airflow/example_dags/example_external_task_marker_dag.py
[2025-02-13T17:26:24.443+0000] {processor.py:756} INFO - Processing file /home/airflow/.local/lib/python3.7/site-packages/airflow/example_dags/example_external_task_marker_dag.py for tasks to queue
[2025-02-13T17:26:24.447+0000] {logging_mixin.py:137} INFO - [2025-02-13T17:26:24.446+0000] {dagbag.py:537} INFO - Filling up the DagBag from /home/airflow/.local/lib/python3.7/site-packages/airflow/example_dags/example_external_task_marker_dag.py
[2025-02-13T17:26:24.546+0000] {processor.py:766} INFO - DAG(s) dict_keys(['example_external_task_marker_parent', 'example_external_task_marker_child']) retrieved from /home/airflow/.local/lib/python3.7/site-packages/airflow/example_dags/example_external_task_marker_dag.py
[2025-02-13T17:26:25.167+0000] {logging_mixin.py:137} INFO - [2025-02-13T17:26:25.167+0000] {dag.py:2585} INFO - Sync 2 DAGs
[2025-02-13T17:26:25.241+0000] {logging_mixin.py:137} INFO - [2025-02-13T17:26:25.240+0000] {dag.py:3340} INFO - Setting next_dagrun for example_external_task_marker_child to None, run_after=None
[2025-02-13T17:26:25.255+0000] {logging_mixin.py:137} INFO - [2025-02-13T17:26:25.254+0000] {dag.py:3340} INFO - Setting next_dagrun for example_external_task_marker_parent to None, run_after=None
[2025-02-13T17:26:25.316+0000] {processor.py:176} INFO - Processing /home/airflow/.local/lib/python3.7/site-packages/airflow/example_dags/example_external_task_marker_dag.py took 0.889 seconds
[2025-02-13T17:26:55.728+0000] {processor.py:154} INFO - Started process (PID=809) to work on /home/airflow/.local/lib/python3.7/site-packages/airflow/example_dags/example_external_task_marker_dag.py
[2025-02-13T17:26:55.732+0000] {processor.py:756} INFO - Processing file /home/airflow/.local/lib/python3.7/site-packages/airflow/example_dags/example_external_task_marker_dag.py for tasks to queue
[2025-02-13T17:26:55.737+0000] {logging_mixin.py:137} INFO - [2025-02-13T17:26:55.737+0000] {dagbag.py:537} INFO - Filling up the DagBag from /home/airflow/.local/lib/python3.7/site-packages/airflow/example_dags/example_external_task_marker_dag.py
[2025-02-13T17:26:55.797+0000] {processor.py:766} INFO - DAG(s) dict_keys(['example_external_task_marker_child', 'example_external_task_marker_parent']) retrieved from /home/airflow/.local/lib/python3.7/site-packages/airflow/example_dags/example_external_task_marker_dag.py
[2025-02-13T17:26:55.919+0000] {logging_mixin.py:137} INFO - [2025-02-13T17:26:55.918+0000] {dag.py:2585} INFO - Sync 2 DAGs
[2025-02-13T17:26:56.000+0000] {logging_mixin.py:137} INFO - [2025-02-13T17:26:56.000+0000] {dag.py:3340} INFO - Setting next_dagrun for example_external_task_marker_child to None, run_after=None
[2025-02-13T17:26:56.008+0000] {logging_mixin.py:137} INFO - [2025-02-13T17:26:56.008+0000] {dag.py:3340} INFO - Setting next_dagrun for example_external_task_marker_parent to None, run_after=None
[2025-02-13T17:26:56.078+0000] {processor.py:176} INFO - Processing /home/airflow/.local/lib/python3.7/site-packages/airflow/example_dags/example_external_task_marker_dag.py took 0.366 seconds
[2025-02-13T17:27:26.920+0000] {processor.py:154} INFO - Started process (PID=989) to work on /home/airflow/.local/lib/python3.7/site-packages/airflow/example_dags/example_external_task_marker_dag.py
[2025-02-13T17:27:26.922+0000] {processor.py:756} INFO - Processing file /home/airflow/.local/lib/python3.7/site-packages/airflow/example_dags/example_external_task_marker_dag.py for tasks to queue
[2025-02-13T17:27:26.924+0000] {logging_mixin.py:137} INFO - [2025-02-13T17:27:26.924+0000] {dagbag.py:537} INFO - Filling up the DagBag from /home/airflow/.local/lib/python3.7/site-packages/airflow/example_dags/example_external_task_marker_dag.py
[2025-02-13T17:27:26.956+0000] {processor.py:766} INFO - DAG(s) dict_keys(['example_external_task_marker_child', 'example_external_task_marker_parent']) retrieved from /home/airflow/.local/lib/python3.7/site-packages/airflow/example_dags/example_external_task_marker_dag.py
[2025-02-13T17:27:27.005+0000] {logging_mixin.py:137} INFO - [2025-02-13T17:27:27.005+0000] {dag.py:2585} INFO - Sync 2 DAGs
[2025-02-13T17:27:27.090+0000] {logging_mixin.py:137} INFO - [2025-02-13T17:27:27.089+0000] {dag.py:3340} INFO - Setting next_dagrun for example_external_task_marker_child to None, run_after=None
[2025-02-13T17:27:27.096+0000] {logging_mixin.py:137} INFO - [2025-02-13T17:27:27.096+0000] {dag.py:3340} INFO - Setting next_dagrun for example_external_task_marker_parent to None, run_after=None
[2025-02-13T17:27:27.164+0000] {processor.py:176} INFO - Processing /home/airflow/.local/lib/python3.7/site-packages/airflow/example_dags/example_external_task_marker_dag.py took 0.248 seconds
[2025-02-13T17:27:57.791+0000] {processor.py:154} INFO - Started process (PID=1159) to work on /home/airflow/.local/lib/python3.7/site-packages/airflow/example_dags/example_external_task_marker_dag.py
[2025-02-13T17:27:57.793+0000] {processor.py:756} INFO - Processing file /home/airflow/.local/lib/python3.7/site-packages/airflow/example_dags/example_external_task_marker_dag.py for tasks to queue
[2025-02-13T17:27:57.795+0000] {logging_mixin.py:137} INFO - [2025-02-13T17:27:57.794+0000] {dagbag.py:537} INFO - Filling up the DagBag from /home/airflow/.local/lib/python3.7/site-packages/airflow/example_dags/example_external_task_marker_dag.py
[2025-02-13T17:27:57.831+0000] {processor.py:766} INFO - DAG(s) dict_keys(['example_external_task_marker_child', 'example_external_task_marker_parent']) retrieved from /home/airflow/.local/lib/python3.7/site-packages/airflow/example_dags/example_external_task_marker_dag.py
[2025-02-13T17:27:57.930+0000] {logging_mixin.py:137} INFO - [2025-02-13T17:27:57.930+0000] {dag.py:2585} INFO - Sync 2 DAGs
[2025-02-13T17:27:58.008+0000] {logging_mixin.py:137} INFO - [2025-02-13T17:27:58.008+0000] {dag.py:3340} INFO - Setting next_dagrun for example_external_task_marker_child to None, run_after=None
[2025-02-13T17:27:58.017+0000] {logging_mixin.py:137} INFO - [2025-02-13T17:27:58.017+0000] {dag.py:3340} INFO - Setting next_dagrun for example_external_task_marker_parent to None, run_after=None
[2025-02-13T17:27:58.059+0000] {processor.py:176} INFO - Processing /home/airflow/.local/lib/python3.7/site-packages/airflow/example_dags/example_external_task_marker_dag.py took 0.274 seconds
[2025-02-13T17:28:28.271+0000] {processor.py:154} INFO - Started process (PID=1339) to work on /home/airflow/.local/lib/python3.7/site-packages/airflow/example_dags/example_external_task_marker_dag.py
[2025-02-13T17:28:28.274+0000] {processor.py:756} INFO - Processing file /home/airflow/.local/lib/python3.7/site-packages/airflow/example_dags/example_external_task_marker_dag.py for tasks to queue
[2025-02-13T17:28:28.277+0000] {logging_mixin.py:137} INFO - [2025-02-13T17:28:28.277+0000] {dagbag.py:537} INFO - Filling up the DagBag from /home/airflow/.local/lib/python3.7/site-packages/airflow/example_dags/example_external_task_marker_dag.py
[2025-02-13T17:28:28.300+0000] {processor.py:766} INFO - DAG(s) dict_keys(['example_external_task_marker_child', 'example_external_task_marker_parent']) retrieved from /home/airflow/.local/lib/python3.7/site-packages/airflow/example_dags/example_external_task_marker_dag.py
[2025-02-13T17:28:28.358+0000] {logging_mixin.py:137} INFO - [2025-02-13T17:28:28.358+0000] {dag.py:2585} INFO - Sync 2 DAGs
[2025-02-13T17:28:28.467+0000] {logging_mixin.py:137} INFO - [2025-02-13T17:28:28.456+0000] {dag.py:3340} INFO - Setting next_dagrun for example_external_task_marker_child to None, run_after=None
[2025-02-13T17:28:28.515+0000] {logging_mixin.py:137} INFO - [2025-02-13T17:28:28.504+0000] {dag.py:3340} INFO - Setting next_dagrun for example_external_task_marker_parent to None, run_after=None
[2025-02-13T17:28:28.577+0000] {processor.py:176} INFO - Processing /home/airflow/.local/lib/python3.7/site-packages/airflow/example_dags/example_external_task_marker_dag.py took 0.313 seconds
[2025-02-13T17:28:59.194+0000] {processor.py:154} INFO - Started process (PID=1519) to work on /home/airflow/.local/lib/python3.7/site-packages/airflow/example_dags/example_external_task_marker_dag.py
[2025-02-13T17:28:59.196+0000] {processor.py:756} INFO - Processing file /home/airflow/.local/lib/python3.7/site-packages/airflow/example_dags/example_external_task_marker_dag.py for tasks to queue
[2025-02-13T17:28:59.198+0000] {logging_mixin.py:137} INFO - [2025-02-13T17:28:59.198+0000] {dagbag.py:537} INFO - Filling up the DagBag from /home/airflow/.local/lib/python3.7/site-packages/airflow/example_dags/example_external_task_marker_dag.py
[2025-02-13T17:28:59.227+0000] {processor.py:766} INFO - DAG(s) dict_keys(['example_external_task_marker_child', 'example_external_task_marker_parent']) retrieved from /home/airflow/.local/lib/python3.7/site-packages/airflow/example_dags/example_external_task_marker_dag.py
[2025-02-13T17:28:59.295+0000] {logging_mixin.py:137} INFO - [2025-02-13T17:28:59.295+0000] {dag.py:2585} INFO - Sync 2 DAGs
[2025-02-13T17:28:59.355+0000] {logging_mixin.py:137} INFO - [2025-02-13T17:28:59.355+0000] {dag.py:3340} INFO - Setting next_dagrun for example_external_task_marker_child to None, run_after=None
[2025-02-13T17:28:59.363+0000] {logging_mixin.py:137} INFO - [2025-02-13T17:28:59.362+0000] {dag.py:3340} INFO - Setting next_dagrun for example_external_task_marker_parent to None, run_after=None
[2025-02-13T17:28:59.398+0000] {processor.py:176} INFO - Processing /home/airflow/.local/lib/python3.7/site-packages/airflow/example_dags/example_external_task_marker_dag.py took 0.210 seconds
[2025-02-13T17:29:29.578+0000] {processor.py:154} INFO - Started process (PID=1699) to work on /home/airflow/.local/lib/python3.7/site-packages/airflow/example_dags/example_external_task_marker_dag.py
[2025-02-13T17:29:29.581+0000] {processor.py:756} INFO - Processing file /home/airflow/.local/lib/python3.7/site-packages/airflow/example_dags/example_external_task_marker_dag.py for tasks to queue
[2025-02-13T17:29:29.583+0000] {logging_mixin.py:137} INFO - [2025-02-13T17:29:29.583+0000] {dagbag.py:537} INFO - Filling up the DagBag from /home/airflow/.local/lib/python3.7/site-packages/airflow/example_dags/example_external_task_marker_dag.py
[2025-02-13T17:29:29.606+0000] {processor.py:766} INFO - DAG(s) dict_keys(['example_external_task_marker_parent', 'example_external_task_marker_child']) retrieved from /home/airflow/.local/lib/python3.7/site-packages/airflow/example_dags/example_external_task_marker_dag.py
[2025-02-13T17:29:29.657+0000] {logging_mixin.py:137} INFO - [2025-02-13T17:29:29.657+0000] {dag.py:2585} INFO - Sync 2 DAGs
[2025-02-13T17:29:29.718+0000] {logging_mixin.py:137} INFO - [2025-02-13T17:29:29.718+0000] {dag.py:3340} INFO - Setting next_dagrun for example_external_task_marker_child to None, run_after=None
[2025-02-13T17:29:29.726+0000] {logging_mixin.py:137} INFO - [2025-02-13T17:29:29.725+0000] {dag.py:3340} INFO - Setting next_dagrun for example_external_task_marker_parent to None, run_after=None
[2025-02-13T17:29:29.764+0000] {processor.py:176} INFO - Processing /home/airflow/.local/lib/python3.7/site-packages/airflow/example_dags/example_external_task_marker_dag.py took 0.194 seconds
[2025-02-13T17:30:00.373+0000] {processor.py:154} INFO - Started process (PID=1879) to work on /home/airflow/.local/lib/python3.7/site-packages/airflow/example_dags/example_external_task_marker_dag.py
[2025-02-13T17:30:00.377+0000] {processor.py:756} INFO - Processing file /home/airflow/.local/lib/python3.7/site-packages/airflow/example_dags/example_external_task_marker_dag.py for tasks to queue
[2025-02-13T17:30:00.380+0000] {logging_mixin.py:137} INFO - [2025-02-13T17:30:00.380+0000] {dagbag.py:537} INFO - Filling up the DagBag from /home/airflow/.local/lib/python3.7/site-packages/airflow/example_dags/example_external_task_marker_dag.py
[2025-02-13T17:30:00.404+0000] {processor.py:766} INFO - DAG(s) dict_keys(['example_external_task_marker_parent', 'example_external_task_marker_child']) retrieved from /home/airflow/.local/lib/python3.7/site-packages/airflow/example_dags/example_external_task_marker_dag.py
[2025-02-13T17:30:00.479+0000] {logging_mixin.py:137} INFO - [2025-02-13T17:30:00.478+0000] {dag.py:2585} INFO - Sync 2 DAGs
[2025-02-13T17:30:00.554+0000] {logging_mixin.py:137} INFO - [2025-02-13T17:30:00.554+0000] {dag.py:3340} INFO - Setting next_dagrun for example_external_task_marker_child to None, run_after=None
[2025-02-13T17:30:00.568+0000] {logging_mixin.py:137} INFO - [2025-02-13T17:30:00.568+0000] {dag.py:3340} INFO - Setting next_dagrun for example_external_task_marker_parent to None, run_after=None
[2025-02-13T17:30:00.627+0000] {processor.py:176} INFO - Processing /home/airflow/.local/lib/python3.7/site-packages/airflow/example_dags/example_external_task_marker_dag.py took 0.265 seconds
[2025-02-13T17:30:31.258+0000] {processor.py:154} INFO - Started process (PID=2059) to work on /home/airflow/.local/lib/python3.7/site-packages/airflow/example_dags/example_external_task_marker_dag.py
[2025-02-13T17:30:31.261+0000] {processor.py:756} INFO - Processing file /home/airflow/.local/lib/python3.7/site-packages/airflow/example_dags/example_external_task_marker_dag.py for tasks to queue
[2025-02-13T17:30:31.263+0000] {logging_mixin.py:137} INFO - [2025-02-13T17:30:31.262+0000] {dagbag.py:537} INFO - Filling up the DagBag from /home/airflow/.local/lib/python3.7/site-packages/airflow/example_dags/example_external_task_marker_dag.py
[2025-02-13T17:30:31.297+0000] {processor.py:766} INFO - DAG(s) dict_keys(['example_external_task_marker_parent', 'example_external_task_marker_child']) retrieved from /home/airflow/.local/lib/python3.7/site-packages/airflow/example_dags/example_external_task_marker_dag.py
[2025-02-13T17:30:31.366+0000] {logging_mixin.py:137} INFO - [2025-02-13T17:30:31.366+0000] {dag.py:2585} INFO - Sync 2 DAGs
[2025-02-13T17:30:31.430+0000] {logging_mixin.py:137} INFO - [2025-02-13T17:30:31.430+0000] {dag.py:3340} INFO - Setting next_dagrun for example_external_task_marker_child to None, run_after=None
[2025-02-13T17:30:31.441+0000] {logging_mixin.py:137} INFO - [2025-02-13T17:30:31.440+0000] {dag.py:3340} INFO - Setting next_dagrun for example_external_task_marker_parent to None, run_after=None
[2025-02-13T17:30:31.498+0000] {processor.py:176} INFO - Processing /home/airflow/.local/lib/python3.7/site-packages/airflow/example_dags/example_external_task_marker_dag.py took 0.250 seconds
[2025-02-13T17:31:01.741+0000] {processor.py:154} INFO - Started process (PID=2239) to work on /home/airflow/.local/lib/python3.7/site-packages/airflow/example_dags/example_external_task_marker_dag.py
[2025-02-13T17:31:01.744+0000] {processor.py:756} INFO - Processing file /home/airflow/.local/lib/python3.7/site-packages/airflow/example_dags/example_external_task_marker_dag.py for tasks to queue
[2025-02-13T17:31:01.746+0000] {logging_mixin.py:137} INFO - [2025-02-13T17:31:01.746+0000] {dagbag.py:537} INFO - Filling up the DagBag from /home/airflow/.local/lib/python3.7/site-packages/airflow/example_dags/example_external_task_marker_dag.py
[2025-02-13T17:31:01.766+0000] {processor.py:766} INFO - DAG(s) dict_keys(['example_external_task_marker_parent', 'example_external_task_marker_child']) retrieved from /home/airflow/.local/lib/python3.7/site-packages/airflow/example_dags/example_external_task_marker_dag.py
[2025-02-13T17:31:01.822+0000] {logging_mixin.py:137} INFO - [2025-02-13T17:31:01.821+0000] {dag.py:2585} INFO - Sync 2 DAGs
[2025-02-13T17:31:01.876+0000] {logging_mixin.py:137} INFO - [2025-02-13T17:31:01.876+0000] {dag.py:3340} INFO - Setting next_dagrun for example_external_task_marker_child to None, run_after=None
[2025-02-13T17:31:01.884+0000] {logging_mixin.py:137} INFO - [2025-02-13T17:31:01.883+0000] {dag.py:3340} INFO - Setting next_dagrun for example_external_task_marker_parent to None, run_after=None
[2025-02-13T17:31:01.924+0000] {processor.py:176} INFO - Processing /home/airflow/.local/lib/python3.7/site-packages/airflow/example_dags/example_external_task_marker_dag.py took 0.194 seconds
[2025-02-13T17:31:32.322+0000] {processor.py:154} INFO - Started process (PID=2419) to work on /home/airflow/.local/lib/python3.7/site-packages/airflow/example_dags/example_external_task_marker_dag.py
[2025-02-13T17:31:32.325+0000] {processor.py:756} INFO - Processing file /home/airflow/.local/lib/python3.7/site-packages/airflow/example_dags/example_external_task_marker_dag.py for tasks to queue
[2025-02-13T17:31:32.329+0000] {logging_mixin.py:137} INFO - [2025-02-13T17:31:32.328+0000] {dagbag.py:537} INFO - Filling up the DagBag from /home/airflow/.local/lib/python3.7/site-packages/airflow/example_dags/example_external_task_marker_dag.py
[2025-02-13T17:31:32.355+0000] {processor.py:766} INFO - DAG(s) dict_keys(['example_external_task_marker_child', 'example_external_task_marker_parent']) retrieved from /home/airflow/.local/lib/python3.7/site-packages/airflow/example_dags/example_external_task_marker_dag.py
[2025-02-13T17:31:32.412+0000] {logging_mixin.py:137} INFO - [2025-02-13T17:31:32.412+0000] {dag.py:2585} INFO - Sync 2 DAGs
[2025-02-13T17:31:32.478+0000] {logging_mixin.py:137} INFO - [2025-02-13T17:31:32.477+0000] {dag.py:3340} INFO - Setting next_dagrun for example_external_task_marker_child to None, run_after=None
[2025-02-13T17:31:32.491+0000] {logging_mixin.py:137} INFO - [2025-02-13T17:31:32.491+0000] {dag.py:3340} INFO - Setting next_dagrun for example_external_task_marker_parent to None, run_after=None
[2025-02-13T17:31:32.591+0000] {processor.py:176} INFO - Processing /home/airflow/.local/lib/python3.7/site-packages/airflow/example_dags/example_external_task_marker_dag.py took 0.276 seconds
[2025-02-13T17:32:02.939+0000] {processor.py:154} INFO - Started process (PID=2597) to work on /home/airflow/.local/lib/python3.7/site-packages/airflow/example_dags/example_external_task_marker_dag.py
[2025-02-13T17:32:02.944+0000] {processor.py:756} INFO - Processing file /home/airflow/.local/lib/python3.7/site-packages/airflow/example_dags/example_external_task_marker_dag.py for tasks to queue
[2025-02-13T17:32:02.947+0000] {logging_mixin.py:137} INFO - [2025-02-13T17:32:02.946+0000] {dagbag.py:537} INFO - Filling up the DagBag from /home/airflow/.local/lib/python3.7/site-packages/airflow/example_dags/example_external_task_marker_dag.py
[2025-02-13T17:32:02.977+0000] {processor.py:766} INFO - DAG(s) dict_keys(['example_external_task_marker_parent', 'example_external_task_marker_child']) retrieved from /home/airflow/.local/lib/python3.7/site-packages/airflow/example_dags/example_external_task_marker_dag.py
[2025-02-13T17:32:03.627+0000] {logging_mixin.py:137} INFO - [2025-02-13T17:32:03.627+0000] {dag.py:2585} INFO - Sync 2 DAGs
[2025-02-13T17:32:03.683+0000] {logging_mixin.py:137} INFO - [2025-02-13T17:32:03.683+0000] {dag.py:3340} INFO - Setting next_dagrun for example_external_task_marker_child to None, run_after=None
[2025-02-13T17:32:03.690+0000] {logging_mixin.py:137} INFO - [2025-02-13T17:32:03.690+0000] {dag.py:3340} INFO - Setting next_dagrun for example_external_task_marker_parent to None, run_after=None
[2025-02-13T17:32:05.809+0000] {processor.py:176} INFO - Processing /home/airflow/.local/lib/python3.7/site-packages/airflow/example_dags/example_external_task_marker_dag.py took 2.882 seconds
[2025-02-13T17:32:36.086+0000] {processor.py:154} INFO - Started process (PID=2809) to work on /home/airflow/.local/lib/python3.7/site-packages/airflow/example_dags/example_external_task_marker_dag.py
[2025-02-13T17:32:36.089+0000] {processor.py:756} INFO - Processing file /home/airflow/.local/lib/python3.7/site-packages/airflow/example_dags/example_external_task_marker_dag.py for tasks to queue
[2025-02-13T17:32:36.091+0000] {logging_mixin.py:137} INFO - [2025-02-13T17:32:36.091+0000] {dagbag.py:537} INFO - Filling up the DagBag from /home/airflow/.local/lib/python3.7/site-packages/airflow/example_dags/example_external_task_marker_dag.py
[2025-02-13T17:32:36.131+0000] {processor.py:766} INFO - DAG(s) dict_keys(['example_external_task_marker_child', 'example_external_task_marker_parent']) retrieved from /home/airflow/.local/lib/python3.7/site-packages/airflow/example_dags/example_external_task_marker_dag.py
[2025-02-13T17:32:36.695+0000] {logging_mixin.py:137} INFO - [2025-02-13T17:32:36.695+0000] {dag.py:2585} INFO - Sync 2 DAGs
[2025-02-13T17:32:36.762+0000] {logging_mixin.py:137} INFO - [2025-02-13T17:32:36.762+0000] {dag.py:3340} INFO - Setting next_dagrun for example_external_task_marker_child to None, run_after=None
[2025-02-13T17:32:36.772+0000] {logging_mixin.py:137} INFO - [2025-02-13T17:32:36.771+0000] {dag.py:3340} INFO - Setting next_dagrun for example_external_task_marker_parent to None, run_after=None
[2025-02-13T17:32:36.831+0000] {processor.py:176} INFO - Processing /home/airflow/.local/lib/python3.7/site-packages/airflow/example_dags/example_external_task_marker_dag.py took 0.750 seconds
[2025-02-13T17:33:07.639+0000] {processor.py:154} INFO - Started process (PID=2994) to work on /home/airflow/.local/lib/python3.7/site-packages/airflow/example_dags/example_external_task_marker_dag.py
[2025-02-13T17:33:07.642+0000] {processor.py:756} INFO - Processing file /home/airflow/.local/lib/python3.7/site-packages/airflow/example_dags/example_external_task_marker_dag.py for tasks to queue
[2025-02-13T17:33:07.644+0000] {logging_mixin.py:137} INFO - [2025-02-13T17:33:07.644+0000] {dagbag.py:537} INFO - Filling up the DagBag from /home/airflow/.local/lib/python3.7/site-packages/airflow/example_dags/example_external_task_marker_dag.py
[2025-02-13T17:33:07.662+0000] {processor.py:766} INFO - DAG(s) dict_keys(['example_external_task_marker_parent', 'example_external_task_marker_child']) retrieved from /home/airflow/.local/lib/python3.7/site-packages/airflow/example_dags/example_external_task_marker_dag.py
[2025-02-13T17:33:07.704+0000] {logging_mixin.py:137} INFO - [2025-02-13T17:33:07.704+0000] {dag.py:2585} INFO - Sync 2 DAGs
[2025-02-13T17:33:07.743+0000] {logging_mixin.py:137} INFO - [2025-02-13T17:33:07.743+0000] {dag.py:3340} INFO - Setting next_dagrun for example_external_task_marker_child to None, run_after=None
[2025-02-13T17:33:07.750+0000] {logging_mixin.py:137} INFO - [2025-02-13T17:33:07.750+0000] {dag.py:3340} INFO - Setting next_dagrun for example_external_task_marker_parent to None, run_after=None
[2025-02-13T17:33:07.792+0000] {processor.py:176} INFO - Processing /home/airflow/.local/lib/python3.7/site-packages/airflow/example_dags/example_external_task_marker_dag.py took 0.163 seconds
[2025-02-13T17:33:38.072+0000] {processor.py:154} INFO - Started process (PID=3174) to work on /home/airflow/.local/lib/python3.7/site-packages/airflow/example_dags/example_external_task_marker_dag.py
[2025-02-13T17:33:38.074+0000] {processor.py:756} INFO - Processing file /home/airflow/.local/lib/python3.7/site-packages/airflow/example_dags/example_external_task_marker_dag.py for tasks to queue
[2025-02-13T17:33:38.076+0000] {logging_mixin.py:137} INFO - [2025-02-13T17:33:38.076+0000] {dagbag.py:537} INFO - Filling up the DagBag from /home/airflow/.local/lib/python3.7/site-packages/airflow/example_dags/example_external_task_marker_dag.py
[2025-02-13T17:33:38.100+0000] {processor.py:766} INFO - DAG(s) dict_keys(['example_external_task_marker_child', 'example_external_task_marker_parent']) retrieved from /home/airflow/.local/lib/python3.7/site-packages/airflow/example_dags/example_external_task_marker_dag.py
[2025-02-13T17:33:38.545+0000] {logging_mixin.py:137} INFO - [2025-02-13T17:33:38.545+0000] {dag.py:2585} INFO - Sync 2 DAGs
[2025-02-13T17:33:38.597+0000] {logging_mixin.py:137} INFO - [2025-02-13T17:33:38.597+0000] {dag.py:3340} INFO - Setting next_dagrun for example_external_task_marker_child to None, run_after=None
[2025-02-13T17:33:38.605+0000] {logging_mixin.py:137} INFO - [2025-02-13T17:33:38.604+0000] {dag.py:3340} INFO - Setting next_dagrun for example_external_task_marker_parent to None, run_after=None
[2025-02-13T17:33:38.643+0000] {processor.py:176} INFO - Processing /home/airflow/.local/lib/python3.7/site-packages/airflow/example_dags/example_external_task_marker_dag.py took 0.576 seconds
[2025-02-13T17:34:08.868+0000] {processor.py:154} INFO - Started process (PID=3354) to work on /home/airflow/.local/lib/python3.7/site-packages/airflow/example_dags/example_external_task_marker_dag.py
[2025-02-13T17:34:08.871+0000] {processor.py:756} INFO - Processing file /home/airflow/.local/lib/python3.7/site-packages/airflow/example_dags/example_external_task_marker_dag.py for tasks to queue
[2025-02-13T17:34:08.873+0000] {logging_mixin.py:137} INFO - [2025-02-13T17:34:08.873+0000] {dagbag.py:537} INFO - Filling up the DagBag from /home/airflow/.local/lib/python3.7/site-packages/airflow/example_dags/example_external_task_marker_dag.py
[2025-02-13T17:34:08.897+0000] {processor.py:766} INFO - DAG(s) dict_keys(['example_external_task_marker_child', 'example_external_task_marker_parent']) retrieved from /home/airflow/.local/lib/python3.7/site-packages/airflow/example_dags/example_external_task_marker_dag.py
[2025-02-13T17:34:09.281+0000] {logging_mixin.py:137} INFO - [2025-02-13T17:34:09.280+0000] {dag.py:2585} INFO - Sync 2 DAGs
[2025-02-13T17:34:09.324+0000] {logging_mixin.py:137} INFO - [2025-02-13T17:34:09.324+0000] {dag.py:3340} INFO - Setting next_dagrun for example_external_task_marker_child to None, run_after=None
[2025-02-13T17:34:09.331+0000] {logging_mixin.py:137} INFO - [2025-02-13T17:34:09.331+0000] {dag.py:3340} INFO - Setting next_dagrun for example_external_task_marker_parent to None, run_after=None
[2025-02-13T17:34:09.373+0000] {processor.py:176} INFO - Processing /home/airflow/.local/lib/python3.7/site-packages/airflow/example_dags/example_external_task_marker_dag.py took 0.512 seconds
[2025-02-13T17:34:39.519+0000] {processor.py:154} INFO - Started process (PID=3534) to work on /home/airflow/.local/lib/python3.7/site-packages/airflow/example_dags/example_external_task_marker_dag.py
[2025-02-13T17:34:39.521+0000] {processor.py:756} INFO - Processing file /home/airflow/.local/lib/python3.7/site-packages/airflow/example_dags/example_external_task_marker_dag.py for tasks to queue
[2025-02-13T17:34:39.522+0000] {logging_mixin.py:137} INFO - [2025-02-13T17:34:39.522+0000] {dagbag.py:537} INFO - Filling up the DagBag from /home/airflow/.local/lib/python3.7/site-packages/airflow/example_dags/example_external_task_marker_dag.py
[2025-02-13T17:34:39.546+0000] {processor.py:766} INFO - DAG(s) dict_keys(['example_external_task_marker_parent', 'example_external_task_marker_child']) retrieved from /home/airflow/.local/lib/python3.7/site-packages/airflow/example_dags/example_external_task_marker_dag.py
[2025-02-13T17:34:39.935+0000] {logging_mixin.py:137} INFO - [2025-02-13T17:34:39.934+0000] {dag.py:2585} INFO - Sync 2 DAGs
[2025-02-13T17:34:39.992+0000] {logging_mixin.py:137} INFO - [2025-02-13T17:34:39.992+0000] {dag.py:3340} INFO - Setting next_dagrun for example_external_task_marker_child to None, run_after=None
[2025-02-13T17:34:40.002+0000] {logging_mixin.py:137} INFO - [2025-02-13T17:34:40.001+0000] {dag.py:3340} INFO - Setting next_dagrun for example_external_task_marker_parent to None, run_after=None
[2025-02-13T17:34:40.037+0000] {processor.py:176} INFO - Processing /home/airflow/.local/lib/python3.7/site-packages/airflow/example_dags/example_external_task_marker_dag.py took 0.528 seconds
[2025-02-13T17:35:10.394+0000] {processor.py:154} INFO - Started process (PID=3714) to work on /home/airflow/.local/lib/python3.7/site-packages/airflow/example_dags/example_external_task_marker_dag.py
[2025-02-13T17:35:10.396+0000] {processor.py:756} INFO - Processing file /home/airflow/.local/lib/python3.7/site-packages/airflow/example_dags/example_external_task_marker_dag.py for tasks to queue
[2025-02-13T17:35:10.408+0000] {logging_mixin.py:137} INFO - [2025-02-13T17:35:10.405+0000] {dagbag.py:537} INFO - Filling up the DagBag from /home/airflow/.local/lib/python3.7/site-packages/airflow/example_dags/example_external_task_marker_dag.py
[2025-02-13T17:35:10.452+0000] {processor.py:766} INFO - DAG(s) dict_keys(['example_external_task_marker_child', 'example_external_task_marker_parent']) retrieved from /home/airflow/.local/lib/python3.7/site-packages/airflow/example_dags/example_external_task_marker_dag.py
[2025-02-13T17:35:10.897+0000] {logging_mixin.py:137} INFO - [2025-02-13T17:35:10.896+0000] {dag.py:2585} INFO - Sync 2 DAGs
[2025-02-13T17:35:10.946+0000] {logging_mixin.py:137} INFO - [2025-02-13T17:35:10.946+0000] {dag.py:3340} INFO - Setting next_dagrun for example_external_task_marker_child to None, run_after=None
[2025-02-13T17:35:10.953+0000] {logging_mixin.py:137} INFO - [2025-02-13T17:35:10.953+0000] {dag.py:3340} INFO - Setting next_dagrun for example_external_task_marker_parent to None, run_after=None
[2025-02-13T17:35:10.992+0000] {processor.py:176} INFO - Processing /home/airflow/.local/lib/python3.7/site-packages/airflow/example_dags/example_external_task_marker_dag.py took 0.609 seconds
[2025-02-13T17:35:41.094+0000] {processor.py:154} INFO - Started process (PID=3894) to work on /home/airflow/.local/lib/python3.7/site-packages/airflow/example_dags/example_external_task_marker_dag.py
[2025-02-13T17:35:41.096+0000] {processor.py:756} INFO - Processing file /home/airflow/.local/lib/python3.7/site-packages/airflow/example_dags/example_external_task_marker_dag.py for tasks to queue
[2025-02-13T17:35:41.098+0000] {logging_mixin.py:137} INFO - [2025-02-13T17:35:41.098+0000] {dagbag.py:537} INFO - Filling up the DagBag from /home/airflow/.local/lib/python3.7/site-packages/airflow/example_dags/example_external_task_marker_dag.py
[2025-02-13T17:35:41.132+0000] {processor.py:766} INFO - DAG(s) dict_keys(['example_external_task_marker_child', 'example_external_task_marker_parent']) retrieved from /home/airflow/.local/lib/python3.7/site-packages/airflow/example_dags/example_external_task_marker_dag.py
[2025-02-13T17:35:41.547+0000] {logging_mixin.py:137} INFO - [2025-02-13T17:35:41.547+0000] {dag.py:2585} INFO - Sync 2 DAGs
[2025-02-13T17:35:41.591+0000] {logging_mixin.py:137} INFO - [2025-02-13T17:35:41.591+0000] {dag.py:3340} INFO - Setting next_dagrun for example_external_task_marker_child to None, run_after=None
[2025-02-13T17:35:41.598+0000] {logging_mixin.py:137} INFO - [2025-02-13T17:35:41.598+0000] {dag.py:3340} INFO - Setting next_dagrun for example_external_task_marker_parent to None, run_after=None
[2025-02-13T17:35:41.632+0000] {processor.py:176} INFO - Processing /home/airflow/.local/lib/python3.7/site-packages/airflow/example_dags/example_external_task_marker_dag.py took 0.543 seconds
[2025-02-13T17:36:11.838+0000] {processor.py:154} INFO - Started process (PID=4077) to work on /home/airflow/.local/lib/python3.7/site-packages/airflow/example_dags/example_external_task_marker_dag.py
[2025-02-13T17:36:11.840+0000] {processor.py:756} INFO - Processing file /home/airflow/.local/lib/python3.7/site-packages/airflow/example_dags/example_external_task_marker_dag.py for tasks to queue
[2025-02-13T17:36:11.842+0000] {logging_mixin.py:137} INFO - [2025-02-13T17:36:11.842+0000] {dagbag.py:537} INFO - Filling up the DagBag from /home/airflow/.local/lib/python3.7/site-packages/airflow/example_dags/example_external_task_marker_dag.py
[2025-02-13T17:36:11.874+0000] {processor.py:766} INFO - DAG(s) dict_keys(['example_external_task_marker_parent', 'example_external_task_marker_child']) retrieved from /home/airflow/.local/lib/python3.7/site-packages/airflow/example_dags/example_external_task_marker_dag.py
[2025-02-13T17:36:12.285+0000] {logging_mixin.py:137} INFO - [2025-02-13T17:36:12.284+0000] {dag.py:2585} INFO - Sync 2 DAGs
[2025-02-13T17:36:12.328+0000] {logging_mixin.py:137} INFO - [2025-02-13T17:36:12.328+0000] {dag.py:3340} INFO - Setting next_dagrun for example_external_task_marker_child to None, run_after=None
[2025-02-13T17:36:12.336+0000] {logging_mixin.py:137} INFO - [2025-02-13T17:36:12.335+0000] {dag.py:3340} INFO - Setting next_dagrun for example_external_task_marker_parent to None, run_after=None
[2025-02-13T17:36:12.370+0000] {processor.py:176} INFO - Processing /home/airflow/.local/lib/python3.7/site-packages/airflow/example_dags/example_external_task_marker_dag.py took 0.539 seconds
[2025-02-13T17:36:42.625+0000] {processor.py:154} INFO - Started process (PID=4264) to work on /home/airflow/.local/lib/python3.7/site-packages/airflow/example_dags/example_external_task_marker_dag.py
[2025-02-13T17:36:42.627+0000] {processor.py:756} INFO - Processing file /home/airflow/.local/lib/python3.7/site-packages/airflow/example_dags/example_external_task_marker_dag.py for tasks to queue
[2025-02-13T17:36:42.629+0000] {logging_mixin.py:137} INFO - [2025-02-13T17:36:42.629+0000] {dagbag.py:537} INFO - Filling up the DagBag from /home/airflow/.local/lib/python3.7/site-packages/airflow/example_dags/example_external_task_marker_dag.py
[2025-02-13T17:36:42.677+0000] {processor.py:766} INFO - DAG(s) dict_keys(['example_external_task_marker_parent', 'example_external_task_marker_child']) retrieved from /home/airflow/.local/lib/python3.7/site-packages/airflow/example_dags/example_external_task_marker_dag.py
[2025-02-13T17:36:43.245+0000] {logging_mixin.py:137} INFO - [2025-02-13T17:36:43.244+0000] {dag.py:2585} INFO - Sync 2 DAGs
[2025-02-13T17:36:43.309+0000] {logging_mixin.py:137} INFO - [2025-02-13T17:36:43.309+0000] {dag.py:3340} INFO - Setting next_dagrun for example_external_task_marker_child to None, run_after=None
[2025-02-13T17:36:43.318+0000] {logging_mixin.py:137} INFO - [2025-02-13T17:36:43.318+0000] {dag.py:3340} INFO - Setting next_dagrun for example_external_task_marker_parent to None, run_after=None
[2025-02-13T17:36:43.368+0000] {processor.py:176} INFO - Processing /home/airflow/.local/lib/python3.7/site-packages/airflow/example_dags/example_external_task_marker_dag.py took 0.749 seconds
[2025-02-13T17:37:13.740+0000] {processor.py:154} INFO - Started process (PID=4444) to work on /home/airflow/.local/lib/python3.7/site-packages/airflow/example_dags/example_external_task_marker_dag.py
[2025-02-13T17:37:13.741+0000] {processor.py:756} INFO - Processing file /home/airflow/.local/lib/python3.7/site-packages/airflow/example_dags/example_external_task_marker_dag.py for tasks to queue
[2025-02-13T17:37:13.743+0000] {logging_mixin.py:137} INFO - [2025-02-13T17:37:13.743+0000] {dagbag.py:537} INFO - Filling up the DagBag from /home/airflow/.local/lib/python3.7/site-packages/airflow/example_dags/example_external_task_marker_dag.py
[2025-02-13T17:37:13.772+0000] {processor.py:766} INFO - DAG(s) dict_keys(['example_external_task_marker_parent', 'example_external_task_marker_child']) retrieved from /home/airflow/.local/lib/python3.7/site-packages/airflow/example_dags/example_external_task_marker_dag.py
[2025-02-13T17:37:14.215+0000] {logging_mixin.py:137} INFO - [2025-02-13T17:37:14.214+0000] {dag.py:2585} INFO - Sync 2 DAGs
[2025-02-13T17:37:14.271+0000] {logging_mixin.py:137} INFO - [2025-02-13T17:37:14.270+0000] {dag.py:3340} INFO - Setting next_dagrun for example_external_task_marker_child to None, run_after=None
[2025-02-13T17:37:14.282+0000] {logging_mixin.py:137} INFO - [2025-02-13T17:37:14.281+0000] {dag.py:3340} INFO - Setting next_dagrun for example_external_task_marker_parent to None, run_after=None
[2025-02-13T17:37:14.325+0000] {processor.py:176} INFO - Processing /home/airflow/.local/lib/python3.7/site-packages/airflow/example_dags/example_external_task_marker_dag.py took 0.592 seconds
[2025-02-13T17:37:44.811+0000] {processor.py:154} INFO - Started process (PID=4624) to work on /home/airflow/.local/lib/python3.7/site-packages/airflow/example_dags/example_external_task_marker_dag.py
[2025-02-13T17:37:44.814+0000] {processor.py:756} INFO - Processing file /home/airflow/.local/lib/python3.7/site-packages/airflow/example_dags/example_external_task_marker_dag.py for tasks to queue
[2025-02-13T17:37:44.816+0000] {logging_mixin.py:137} INFO - [2025-02-13T17:37:44.816+0000] {dagbag.py:537} INFO - Filling up the DagBag from /home/airflow/.local/lib/python3.7/site-packages/airflow/example_dags/example_external_task_marker_dag.py
[2025-02-13T17:37:44.845+0000] {processor.py:766} INFO - DAG(s) dict_keys(['example_external_task_marker_parent', 'example_external_task_marker_child']) retrieved from /home/airflow/.local/lib/python3.7/site-packages/airflow/example_dags/example_external_task_marker_dag.py
[2025-02-13T17:37:45.267+0000] {logging_mixin.py:137} INFO - [2025-02-13T17:37:45.266+0000] {dag.py:2585} INFO - Sync 2 DAGs
[2025-02-13T17:37:45.325+0000] {logging_mixin.py:137} INFO - [2025-02-13T17:37:45.325+0000] {dag.py:3340} INFO - Setting next_dagrun for example_external_task_marker_child to None, run_after=None
[2025-02-13T17:37:45.336+0000] {logging_mixin.py:137} INFO - [2025-02-13T17:37:45.335+0000] {dag.py:3340} INFO - Setting next_dagrun for example_external_task_marker_parent to None, run_after=None
[2025-02-13T17:37:45.374+0000] {processor.py:176} INFO - Processing /home/airflow/.local/lib/python3.7/site-packages/airflow/example_dags/example_external_task_marker_dag.py took 0.570 seconds
[2025-02-13T17:38:15.543+0000] {processor.py:154} INFO - Started process (PID=4804) to work on /home/airflow/.local/lib/python3.7/site-packages/airflow/example_dags/example_external_task_marker_dag.py
[2025-02-13T17:38:15.545+0000] {processor.py:756} INFO - Processing file /home/airflow/.local/lib/python3.7/site-packages/airflow/example_dags/example_external_task_marker_dag.py for tasks to queue
[2025-02-13T17:38:15.547+0000] {logging_mixin.py:137} INFO - [2025-02-13T17:38:15.547+0000] {dagbag.py:537} INFO - Filling up the DagBag from /home/airflow/.local/lib/python3.7/site-packages/airflow/example_dags/example_external_task_marker_dag.py
[2025-02-13T17:38:15.577+0000] {processor.py:766} INFO - DAG(s) dict_keys(['example_external_task_marker_child', 'example_external_task_marker_parent']) retrieved from /home/airflow/.local/lib/python3.7/site-packages/airflow/example_dags/example_external_task_marker_dag.py
[2025-02-13T17:38:16.028+0000] {logging_mixin.py:137} INFO - [2025-02-13T17:38:16.027+0000] {dag.py:2585} INFO - Sync 2 DAGs
[2025-02-13T17:38:16.099+0000] {logging_mixin.py:137} INFO - [2025-02-13T17:38:16.099+0000] {dag.py:3340} INFO - Setting next_dagrun for example_external_task_marker_child to None, run_after=None
[2025-02-13T17:38:16.107+0000] {logging_mixin.py:137} INFO - [2025-02-13T17:38:16.107+0000] {dag.py:3340} INFO - Setting next_dagrun for example_external_task_marker_parent to None, run_after=None
[2025-02-13T17:38:16.162+0000] {processor.py:176} INFO - Processing /home/airflow/.local/lib/python3.7/site-packages/airflow/example_dags/example_external_task_marker_dag.py took 0.625 seconds
[2025-02-13T17:38:46.349+0000] {processor.py:154} INFO - Started process (PID=4987) to work on /home/airflow/.local/lib/python3.7/site-packages/airflow/example_dags/example_external_task_marker_dag.py
[2025-02-13T17:38:46.355+0000] {processor.py:756} INFO - Processing file /home/airflow/.local/lib/python3.7/site-packages/airflow/example_dags/example_external_task_marker_dag.py for tasks to queue
[2025-02-13T17:38:46.358+0000] {logging_mixin.py:137} INFO - [2025-02-13T17:38:46.357+0000] {dagbag.py:537} INFO - Filling up the DagBag from /home/airflow/.local/lib/python3.7/site-packages/airflow/example_dags/example_external_task_marker_dag.py
[2025-02-13T17:38:46.401+0000] {processor.py:766} INFO - DAG(s) dict_keys(['example_external_task_marker_parent', 'example_external_task_marker_child']) retrieved from /home/airflow/.local/lib/python3.7/site-packages/airflow/example_dags/example_external_task_marker_dag.py
[2025-02-13T17:38:46.779+0000] {logging_mixin.py:137} INFO - [2025-02-13T17:38:46.778+0000] {dag.py:2585} INFO - Sync 2 DAGs
[2025-02-13T17:38:46.829+0000] {logging_mixin.py:137} INFO - [2025-02-13T17:38:46.829+0000] {dag.py:3340} INFO - Setting next_dagrun for example_external_task_marker_child to None, run_after=None
[2025-02-13T17:38:46.838+0000] {logging_mixin.py:137} INFO - [2025-02-13T17:38:46.838+0000] {dag.py:3340} INFO - Setting next_dagrun for example_external_task_marker_parent to None, run_after=None
[2025-02-13T17:38:46.887+0000] {processor.py:176} INFO - Processing /home/airflow/.local/lib/python3.7/site-packages/airflow/example_dags/example_external_task_marker_dag.py took 0.549 seconds
[2025-02-13T17:39:40.389+0000] {processor.py:154} INFO - Started process (PID=5119) to work on /home/airflow/.local/lib/python3.7/site-packages/airflow/example_dags/example_external_task_marker_dag.py
[2025-02-13T17:39:40.390+0000] {processor.py:756} INFO - Processing file /home/airflow/.local/lib/python3.7/site-packages/airflow/example_dags/example_external_task_marker_dag.py for tasks to queue
[2025-02-13T17:39:40.391+0000] {logging_mixin.py:137} INFO - [2025-02-13T17:39:40.391+0000] {dagbag.py:537} INFO - Filling up the DagBag from /home/airflow/.local/lib/python3.7/site-packages/airflow/example_dags/example_external_task_marker_dag.py
[2025-02-13T17:39:40.405+0000] {processor.py:766} INFO - DAG(s) dict_keys(['example_external_task_marker_parent', 'example_external_task_marker_child']) retrieved from /home/airflow/.local/lib/python3.7/site-packages/airflow/example_dags/example_external_task_marker_dag.py
[2025-02-13T17:39:40.583+0000] {logging_mixin.py:137} INFO - [2025-02-13T17:39:40.583+0000] {dag.py:2585} INFO - Sync 2 DAGs
[2025-02-13T17:39:40.607+0000] {logging_mixin.py:137} INFO - [2025-02-13T17:39:40.607+0000] {dag.py:3340} INFO - Setting next_dagrun for example_external_task_marker_child to None, run_after=None
[2025-02-13T17:39:40.613+0000] {logging_mixin.py:137} INFO - [2025-02-13T17:39:40.613+0000] {dag.py:3340} INFO - Setting next_dagrun for example_external_task_marker_parent to None, run_after=None
[2025-02-13T17:39:40.639+0000] {processor.py:176} INFO - Processing /home/airflow/.local/lib/python3.7/site-packages/airflow/example_dags/example_external_task_marker_dag.py took 0.254 seconds
[2025-02-13T17:40:11.429+0000] {processor.py:154} INFO - Started process (PID=5301) to work on /home/airflow/.local/lib/python3.7/site-packages/airflow/example_dags/example_external_task_marker_dag.py
[2025-02-13T17:40:11.431+0000] {processor.py:756} INFO - Processing file /home/airflow/.local/lib/python3.7/site-packages/airflow/example_dags/example_external_task_marker_dag.py for tasks to queue
[2025-02-13T17:40:11.433+0000] {logging_mixin.py:137} INFO - [2025-02-13T17:40:11.432+0000] {dagbag.py:537} INFO - Filling up the DagBag from /home/airflow/.local/lib/python3.7/site-packages/airflow/example_dags/example_external_task_marker_dag.py
[2025-02-13T17:40:11.451+0000] {processor.py:766} INFO - DAG(s) dict_keys(['example_external_task_marker_parent', 'example_external_task_marker_child']) retrieved from /home/airflow/.local/lib/python3.7/site-packages/airflow/example_dags/example_external_task_marker_dag.py
[2025-02-13T17:40:11.801+0000] {logging_mixin.py:137} INFO - [2025-02-13T17:40:11.801+0000] {dag.py:2585} INFO - Sync 2 DAGs
[2025-02-13T17:40:11.860+0000] {logging_mixin.py:137} INFO - [2025-02-13T17:40:11.859+0000] {dag.py:3340} INFO - Setting next_dagrun for example_external_task_marker_child to None, run_after=None
[2025-02-13T17:40:11.866+0000] {logging_mixin.py:137} INFO - [2025-02-13T17:40:11.866+0000] {dag.py:3340} INFO - Setting next_dagrun for example_external_task_marker_parent to None, run_after=None
[2025-02-13T17:40:11.902+0000] {processor.py:176} INFO - Processing /home/airflow/.local/lib/python3.7/site-packages/airflow/example_dags/example_external_task_marker_dag.py took 0.477 seconds
[2025-02-13T17:40:42.358+0000] {processor.py:154} INFO - Started process (PID=5481) to work on /home/airflow/.local/lib/python3.7/site-packages/airflow/example_dags/example_external_task_marker_dag.py
[2025-02-13T17:40:42.362+0000] {processor.py:756} INFO - Processing file /home/airflow/.local/lib/python3.7/site-packages/airflow/example_dags/example_external_task_marker_dag.py for tasks to queue
[2025-02-13T17:40:42.368+0000] {logging_mixin.py:137} INFO - [2025-02-13T17:40:42.368+0000] {dagbag.py:537} INFO - Filling up the DagBag from /home/airflow/.local/lib/python3.7/site-packages/airflow/example_dags/example_external_task_marker_dag.py
[2025-02-13T17:40:42.414+0000] {processor.py:766} INFO - DAG(s) dict_keys(['example_external_task_marker_child', 'example_external_task_marker_parent']) retrieved from /home/airflow/.local/lib/python3.7/site-packages/airflow/example_dags/example_external_task_marker_dag.py
[2025-02-13T17:40:42.703+0000] {logging_mixin.py:137} INFO - [2025-02-13T17:40:42.703+0000] {dag.py:2585} INFO - Sync 2 DAGs
[2025-02-13T17:40:42.740+0000] {logging_mixin.py:137} INFO - [2025-02-13T17:40:42.740+0000] {dag.py:3340} INFO - Setting next_dagrun for example_external_task_marker_child to None, run_after=None
[2025-02-13T17:40:42.747+0000] {logging_mixin.py:137} INFO - [2025-02-13T17:40:42.746+0000] {dag.py:3340} INFO - Setting next_dagrun for example_external_task_marker_parent to None, run_after=None
[2025-02-13T17:40:42.777+0000] {processor.py:176} INFO - Processing /home/airflow/.local/lib/python3.7/site-packages/airflow/example_dags/example_external_task_marker_dag.py took 0.425 seconds
[2025-02-13T17:41:13.377+0000] {processor.py:154} INFO - Started process (PID=5659) to work on /home/airflow/.local/lib/python3.7/site-packages/airflow/example_dags/example_external_task_marker_dag.py
[2025-02-13T17:41:13.378+0000] {processor.py:756} INFO - Processing file /home/airflow/.local/lib/python3.7/site-packages/airflow/example_dags/example_external_task_marker_dag.py for tasks to queue
[2025-02-13T17:41:13.380+0000] {logging_mixin.py:137} INFO - [2025-02-13T17:41:13.379+0000] {dagbag.py:537} INFO - Filling up the DagBag from /home/airflow/.local/lib/python3.7/site-packages/airflow/example_dags/example_external_task_marker_dag.py
[2025-02-13T17:41:13.405+0000] {processor.py:766} INFO - DAG(s) dict_keys(['example_external_task_marker_child', 'example_external_task_marker_parent']) retrieved from /home/airflow/.local/lib/python3.7/site-packages/airflow/example_dags/example_external_task_marker_dag.py
[2025-02-13T17:41:13.807+0000] {logging_mixin.py:137} INFO - [2025-02-13T17:41:13.806+0000] {dag.py:2585} INFO - Sync 2 DAGs
[2025-02-13T17:41:13.861+0000] {logging_mixin.py:137} INFO - [2025-02-13T17:41:13.861+0000] {dag.py:3340} INFO - Setting next_dagrun for example_external_task_marker_child to None, run_after=None
[2025-02-13T17:41:13.870+0000] {logging_mixin.py:137} INFO - [2025-02-13T17:41:13.869+0000] {dag.py:3340} INFO - Setting next_dagrun for example_external_task_marker_parent to None, run_after=None
[2025-02-13T17:41:13.912+0000] {processor.py:176} INFO - Processing /home/airflow/.local/lib/python3.7/site-packages/airflow/example_dags/example_external_task_marker_dag.py took 0.541 seconds
[2025-02-13T17:41:44.268+0000] {processor.py:154} INFO - Started process (PID=5841) to work on /home/airflow/.local/lib/python3.7/site-packages/airflow/example_dags/example_external_task_marker_dag.py
[2025-02-13T17:41:44.270+0000] {processor.py:756} INFO - Processing file /home/airflow/.local/lib/python3.7/site-packages/airflow/example_dags/example_external_task_marker_dag.py for tasks to queue
[2025-02-13T17:41:44.273+0000] {logging_mixin.py:137} INFO - [2025-02-13T17:41:44.272+0000] {dagbag.py:537} INFO - Filling up the DagBag from /home/airflow/.local/lib/python3.7/site-packages/airflow/example_dags/example_external_task_marker_dag.py
[2025-02-13T17:41:44.296+0000] {processor.py:766} INFO - DAG(s) dict_keys(['example_external_task_marker_parent', 'example_external_task_marker_child']) retrieved from /home/airflow/.local/lib/python3.7/site-packages/airflow/example_dags/example_external_task_marker_dag.py
[2025-02-13T17:41:44.674+0000] {logging_mixin.py:137} INFO - [2025-02-13T17:41:44.673+0000] {dag.py:2585} INFO - Sync 2 DAGs
[2025-02-13T17:41:44.728+0000] {logging_mixin.py:137} INFO - [2025-02-13T17:41:44.728+0000] {dag.py:3340} INFO - Setting next_dagrun for example_external_task_marker_child to None, run_after=None
[2025-02-13T17:41:44.736+0000] {logging_mixin.py:137} INFO - [2025-02-13T17:41:44.736+0000] {dag.py:3340} INFO - Setting next_dagrun for example_external_task_marker_parent to None, run_after=None
[2025-02-13T17:41:44.772+0000] {processor.py:176} INFO - Processing /home/airflow/.local/lib/python3.7/site-packages/airflow/example_dags/example_external_task_marker_dag.py took 0.508 seconds
[2025-02-13T17:42:15.021+0000] {processor.py:154} INFO - Started process (PID=6026) to work on /home/airflow/.local/lib/python3.7/site-packages/airflow/example_dags/example_external_task_marker_dag.py
[2025-02-13T17:42:15.023+0000] {processor.py:756} INFO - Processing file /home/airflow/.local/lib/python3.7/site-packages/airflow/example_dags/example_external_task_marker_dag.py for tasks to queue
[2025-02-13T17:42:15.025+0000] {logging_mixin.py:137} INFO - [2025-02-13T17:42:15.025+0000] {dagbag.py:537} INFO - Filling up the DagBag from /home/airflow/.local/lib/python3.7/site-packages/airflow/example_dags/example_external_task_marker_dag.py
[2025-02-13T17:42:15.058+0000] {processor.py:766} INFO - DAG(s) dict_keys(['example_external_task_marker_child', 'example_external_task_marker_parent']) retrieved from /home/airflow/.local/lib/python3.7/site-packages/airflow/example_dags/example_external_task_marker_dag.py
[2025-02-13T17:42:15.525+0000] {logging_mixin.py:137} INFO - [2025-02-13T17:42:15.525+0000] {dag.py:2585} INFO - Sync 2 DAGs
[2025-02-13T17:42:15.576+0000] {logging_mixin.py:137} INFO - [2025-02-13T17:42:15.575+0000] {dag.py:3340} INFO - Setting next_dagrun for example_external_task_marker_child to None, run_after=None
[2025-02-13T17:42:15.586+0000] {logging_mixin.py:137} INFO - [2025-02-13T17:42:15.585+0000] {dag.py:3340} INFO - Setting next_dagrun for example_external_task_marker_parent to None, run_after=None
[2025-02-13T17:42:15.637+0000] {processor.py:176} INFO - Processing /home/airflow/.local/lib/python3.7/site-packages/airflow/example_dags/example_external_task_marker_dag.py took 0.622 seconds
[2025-02-13T17:42:45.793+0000] {processor.py:154} INFO - Started process (PID=6204) to work on /home/airflow/.local/lib/python3.7/site-packages/airflow/example_dags/example_external_task_marker_dag.py
[2025-02-13T17:42:45.795+0000] {processor.py:756} INFO - Processing file /home/airflow/.local/lib/python3.7/site-packages/airflow/example_dags/example_external_task_marker_dag.py for tasks to queue
[2025-02-13T17:42:45.796+0000] {logging_mixin.py:137} INFO - [2025-02-13T17:42:45.796+0000] {dagbag.py:537} INFO - Filling up the DagBag from /home/airflow/.local/lib/python3.7/site-packages/airflow/example_dags/example_external_task_marker_dag.py
[2025-02-13T17:42:45.816+0000] {processor.py:766} INFO - DAG(s) dict_keys(['example_external_task_marker_parent', 'example_external_task_marker_child']) retrieved from /home/airflow/.local/lib/python3.7/site-packages/airflow/example_dags/example_external_task_marker_dag.py
[2025-02-13T17:42:46.081+0000] {logging_mixin.py:137} INFO - [2025-02-13T17:42:46.081+0000] {dag.py:2585} INFO - Sync 2 DAGs
[2025-02-13T17:42:46.120+0000] {logging_mixin.py:137} INFO - [2025-02-13T17:42:46.120+0000] {dag.py:3340} INFO - Setting next_dagrun for example_external_task_marker_child to None, run_after=None
[2025-02-13T17:42:46.127+0000] {logging_mixin.py:137} INFO - [2025-02-13T17:42:46.127+0000] {dag.py:3340} INFO - Setting next_dagrun for example_external_task_marker_parent to None, run_after=None
[2025-02-13T17:42:46.155+0000] {processor.py:176} INFO - Processing /home/airflow/.local/lib/python3.7/site-packages/airflow/example_dags/example_external_task_marker_dag.py took 0.366 seconds
[2025-02-13T17:43:16.434+0000] {processor.py:154} INFO - Started process (PID=6384) to work on /home/airflow/.local/lib/python3.7/site-packages/airflow/example_dags/example_external_task_marker_dag.py
[2025-02-13T17:43:16.436+0000] {processor.py:756} INFO - Processing file /home/airflow/.local/lib/python3.7/site-packages/airflow/example_dags/example_external_task_marker_dag.py for tasks to queue
[2025-02-13T17:43:16.437+0000] {logging_mixin.py:137} INFO - [2025-02-13T17:43:16.437+0000] {dagbag.py:537} INFO - Filling up the DagBag from /home/airflow/.local/lib/python3.7/site-packages/airflow/example_dags/example_external_task_marker_dag.py
[2025-02-13T17:43:16.458+0000] {processor.py:766} INFO - DAG(s) dict_keys(['example_external_task_marker_child', 'example_external_task_marker_parent']) retrieved from /home/airflow/.local/lib/python3.7/site-packages/airflow/example_dags/example_external_task_marker_dag.py
[2025-02-13T17:43:16.797+0000] {logging_mixin.py:137} INFO - [2025-02-13T17:43:16.797+0000] {dag.py:2585} INFO - Sync 2 DAGs
[2025-02-13T17:43:16.843+0000] {logging_mixin.py:137} INFO - [2025-02-13T17:43:16.843+0000] {dag.py:3340} INFO - Setting next_dagrun for example_external_task_marker_child to None, run_after=None
[2025-02-13T17:43:16.850+0000] {logging_mixin.py:137} INFO - [2025-02-13T17:43:16.850+0000] {dag.py:3340} INFO - Setting next_dagrun for example_external_task_marker_parent to None, run_after=None
[2025-02-13T17:43:16.882+0000] {processor.py:176} INFO - Processing /home/airflow/.local/lib/python3.7/site-packages/airflow/example_dags/example_external_task_marker_dag.py took 0.456 seconds
[2025-02-13T17:43:47.056+0000] {processor.py:154} INFO - Started process (PID=6561) to work on /home/airflow/.local/lib/python3.7/site-packages/airflow/example_dags/example_external_task_marker_dag.py
[2025-02-13T17:43:47.058+0000] {processor.py:756} INFO - Processing file /home/airflow/.local/lib/python3.7/site-packages/airflow/example_dags/example_external_task_marker_dag.py for tasks to queue
[2025-02-13T17:43:47.061+0000] {logging_mixin.py:137} INFO - [2025-02-13T17:43:47.060+0000] {dagbag.py:537} INFO - Filling up the DagBag from /home/airflow/.local/lib/python3.7/site-packages/airflow/example_dags/example_external_task_marker_dag.py
[2025-02-13T17:43:47.095+0000] {processor.py:766} INFO - DAG(s) dict_keys(['example_external_task_marker_parent', 'example_external_task_marker_child']) retrieved from /home/airflow/.local/lib/python3.7/site-packages/airflow/example_dags/example_external_task_marker_dag.py
[2025-02-13T17:43:47.473+0000] {logging_mixin.py:137} INFO - [2025-02-13T17:43:47.472+0000] {dag.py:2585} INFO - Sync 2 DAGs
[2025-02-13T17:43:47.517+0000] {logging_mixin.py:137} INFO - [2025-02-13T17:43:47.517+0000] {dag.py:3340} INFO - Setting next_dagrun for example_external_task_marker_child to None, run_after=None
[2025-02-13T17:43:47.526+0000] {logging_mixin.py:137} INFO - [2025-02-13T17:43:47.526+0000] {dag.py:3340} INFO - Setting next_dagrun for example_external_task_marker_parent to None, run_after=None
[2025-02-13T17:43:47.559+0000] {processor.py:176} INFO - Processing /home/airflow/.local/lib/python3.7/site-packages/airflow/example_dags/example_external_task_marker_dag.py took 0.509 seconds
[2025-02-13T17:44:17.928+0000] {processor.py:154} INFO - Started process (PID=6746) to work on /home/airflow/.local/lib/python3.7/site-packages/airflow/example_dags/example_external_task_marker_dag.py
[2025-02-13T17:44:17.932+0000] {processor.py:756} INFO - Processing file /home/airflow/.local/lib/python3.7/site-packages/airflow/example_dags/example_external_task_marker_dag.py for tasks to queue
[2025-02-13T17:44:17.935+0000] {logging_mixin.py:137} INFO - [2025-02-13T17:44:17.934+0000] {dagbag.py:537} INFO - Filling up the DagBag from /home/airflow/.local/lib/python3.7/site-packages/airflow/example_dags/example_external_task_marker_dag.py
[2025-02-13T17:44:17.968+0000] {processor.py:766} INFO - DAG(s) dict_keys(['example_external_task_marker_parent', 'example_external_task_marker_child']) retrieved from /home/airflow/.local/lib/python3.7/site-packages/airflow/example_dags/example_external_task_marker_dag.py
[2025-02-13T17:44:18.458+0000] {logging_mixin.py:137} INFO - [2025-02-13T17:44:18.458+0000] {dag.py:2585} INFO - Sync 2 DAGs
[2025-02-13T17:44:18.507+0000] {logging_mixin.py:137} INFO - [2025-02-13T17:44:18.506+0000] {dag.py:3340} INFO - Setting next_dagrun for example_external_task_marker_child to None, run_after=None
[2025-02-13T17:44:18.515+0000] {logging_mixin.py:137} INFO - [2025-02-13T17:44:18.514+0000] {dag.py:3340} INFO - Setting next_dagrun for example_external_task_marker_parent to None, run_after=None
[2025-02-13T17:44:18.551+0000] {processor.py:176} INFO - Processing /home/airflow/.local/lib/python3.7/site-packages/airflow/example_dags/example_external_task_marker_dag.py took 0.629 seconds
[2025-02-13T17:44:48.788+0000] {processor.py:154} INFO - Started process (PID=6931) to work on /home/airflow/.local/lib/python3.7/site-packages/airflow/example_dags/example_external_task_marker_dag.py
[2025-02-13T17:44:48.790+0000] {processor.py:756} INFO - Processing file /home/airflow/.local/lib/python3.7/site-packages/airflow/example_dags/example_external_task_marker_dag.py for tasks to queue
[2025-02-13T17:44:48.791+0000] {logging_mixin.py:137} INFO - [2025-02-13T17:44:48.791+0000] {dagbag.py:537} INFO - Filling up the DagBag from /home/airflow/.local/lib/python3.7/site-packages/airflow/example_dags/example_external_task_marker_dag.py
[2025-02-13T17:44:48.813+0000] {processor.py:766} INFO - DAG(s) dict_keys(['example_external_task_marker_parent', 'example_external_task_marker_child']) retrieved from /home/airflow/.local/lib/python3.7/site-packages/airflow/example_dags/example_external_task_marker_dag.py
[2025-02-13T17:44:49.088+0000] {logging_mixin.py:137} INFO - [2025-02-13T17:44:49.087+0000] {dag.py:2585} INFO - Sync 2 DAGs
[2025-02-13T17:44:49.131+0000] {logging_mixin.py:137} INFO - [2025-02-13T17:44:49.131+0000] {dag.py:3340} INFO - Setting next_dagrun for example_external_task_marker_child to None, run_after=None
[2025-02-13T17:44:49.139+0000] {logging_mixin.py:137} INFO - [2025-02-13T17:44:49.139+0000] {dag.py:3340} INFO - Setting next_dagrun for example_external_task_marker_parent to None, run_after=None
[2025-02-13T17:44:49.179+0000] {processor.py:176} INFO - Processing /home/airflow/.local/lib/python3.7/site-packages/airflow/example_dags/example_external_task_marker_dag.py took 0.397 seconds
[2025-02-13T17:45:19.338+0000] {processor.py:154} INFO - Started process (PID=7116) to work on /home/airflow/.local/lib/python3.7/site-packages/airflow/example_dags/example_external_task_marker_dag.py
[2025-02-13T17:45:19.340+0000] {processor.py:756} INFO - Processing file /home/airflow/.local/lib/python3.7/site-packages/airflow/example_dags/example_external_task_marker_dag.py for tasks to queue
[2025-02-13T17:45:19.341+0000] {logging_mixin.py:137} INFO - [2025-02-13T17:45:19.341+0000] {dagbag.py:537} INFO - Filling up the DagBag from /home/airflow/.local/lib/python3.7/site-packages/airflow/example_dags/example_external_task_marker_dag.py
[2025-02-13T17:45:19.365+0000] {processor.py:766} INFO - DAG(s) dict_keys(['example_external_task_marker_child', 'example_external_task_marker_parent']) retrieved from /home/airflow/.local/lib/python3.7/site-packages/airflow/example_dags/example_external_task_marker_dag.py
[2025-02-13T17:45:19.709+0000] {logging_mixin.py:137} INFO - [2025-02-13T17:45:19.709+0000] {dag.py:2585} INFO - Sync 2 DAGs
[2025-02-13T17:45:19.751+0000] {logging_mixin.py:137} INFO - [2025-02-13T17:45:19.751+0000] {dag.py:3340} INFO - Setting next_dagrun for example_external_task_marker_child to None, run_after=None
[2025-02-13T17:45:19.758+0000] {logging_mixin.py:137} INFO - [2025-02-13T17:45:19.758+0000] {dag.py:3340} INFO - Setting next_dagrun for example_external_task_marker_parent to None, run_after=None
[2025-02-13T17:45:19.796+0000] {processor.py:176} INFO - Processing /home/airflow/.local/lib/python3.7/site-packages/airflow/example_dags/example_external_task_marker_dag.py took 0.465 seconds
[2025-02-13T17:45:50.370+0000] {processor.py:154} INFO - Started process (PID=7296) to work on /home/airflow/.local/lib/python3.7/site-packages/airflow/example_dags/example_external_task_marker_dag.py
[2025-02-13T17:45:50.372+0000] {processor.py:756} INFO - Processing file /home/airflow/.local/lib/python3.7/site-packages/airflow/example_dags/example_external_task_marker_dag.py for tasks to queue
[2025-02-13T17:45:50.374+0000] {logging_mixin.py:137} INFO - [2025-02-13T17:45:50.373+0000] {dagbag.py:537} INFO - Filling up the DagBag from /home/airflow/.local/lib/python3.7/site-packages/airflow/example_dags/example_external_task_marker_dag.py
[2025-02-13T17:45:50.392+0000] {processor.py:766} INFO - DAG(s) dict_keys(['example_external_task_marker_child', 'example_external_task_marker_parent']) retrieved from /home/airflow/.local/lib/python3.7/site-packages/airflow/example_dags/example_external_task_marker_dag.py
[2025-02-13T17:45:50.671+0000] {logging_mixin.py:137} INFO - [2025-02-13T17:45:50.671+0000] {dag.py:2585} INFO - Sync 2 DAGs
[2025-02-13T17:45:50.715+0000] {logging_mixin.py:137} INFO - [2025-02-13T17:45:50.715+0000] {dag.py:3340} INFO - Setting next_dagrun for example_external_task_marker_child to None, run_after=None
[2025-02-13T17:45:50.720+0000] {logging_mixin.py:137} INFO - [2025-02-13T17:45:50.720+0000] {dag.py:3340} INFO - Setting next_dagrun for example_external_task_marker_parent to None, run_after=None
[2025-02-13T17:45:50.754+0000] {processor.py:176} INFO - Processing /home/airflow/.local/lib/python3.7/site-packages/airflow/example_dags/example_external_task_marker_dag.py took 0.389 seconds
[2025-02-13T17:47:36.859+0000] {processor.py:154} INFO - Started process (PID=256) to work on /home/airflow/.local/lib/python3.7/site-packages/airflow/example_dags/example_external_task_marker_dag.py
[2025-02-13T17:47:36.862+0000] {processor.py:756} INFO - Processing file /home/airflow/.local/lib/python3.7/site-packages/airflow/example_dags/example_external_task_marker_dag.py for tasks to queue
[2025-02-13T17:47:36.865+0000] {logging_mixin.py:137} INFO - [2025-02-13T17:47:36.865+0000] {dagbag.py:537} INFO - Filling up the DagBag from /home/airflow/.local/lib/python3.7/site-packages/airflow/example_dags/example_external_task_marker_dag.py
[2025-02-13T17:47:36.891+0000] {processor.py:766} INFO - DAG(s) dict_keys(['example_external_task_marker_child', 'example_external_task_marker_parent']) retrieved from /home/airflow/.local/lib/python3.7/site-packages/airflow/example_dags/example_external_task_marker_dag.py
[2025-02-13T17:47:37.393+0000] {logging_mixin.py:137} INFO - [2025-02-13T17:47:37.392+0000] {dag.py:2585} INFO - Sync 2 DAGs
[2025-02-13T17:47:37.448+0000] {logging_mixin.py:137} INFO - [2025-02-13T17:47:37.448+0000] {dag.py:3340} INFO - Setting next_dagrun for example_external_task_marker_child to None, run_after=None
[2025-02-13T17:47:37.456+0000] {logging_mixin.py:137} INFO - [2025-02-13T17:47:37.455+0000] {dag.py:3340} INFO - Setting next_dagrun for example_external_task_marker_parent to None, run_after=None
[2025-02-13T17:47:37.507+0000] {processor.py:176} INFO - Processing /home/airflow/.local/lib/python3.7/site-packages/airflow/example_dags/example_external_task_marker_dag.py took 0.660 seconds
[2025-02-13T17:48:07.720+0000] {processor.py:154} INFO - Started process (PID=443) to work on /home/airflow/.local/lib/python3.7/site-packages/airflow/example_dags/example_external_task_marker_dag.py
[2025-02-13T17:48:07.723+0000] {processor.py:756} INFO - Processing file /home/airflow/.local/lib/python3.7/site-packages/airflow/example_dags/example_external_task_marker_dag.py for tasks to queue
[2025-02-13T17:48:07.726+0000] {logging_mixin.py:137} INFO - [2025-02-13T17:48:07.725+0000] {dagbag.py:537} INFO - Filling up the DagBag from /home/airflow/.local/lib/python3.7/site-packages/airflow/example_dags/example_external_task_marker_dag.py
[2025-02-13T17:48:07.761+0000] {processor.py:766} INFO - DAG(s) dict_keys(['example_external_task_marker_child', 'example_external_task_marker_parent']) retrieved from /home/airflow/.local/lib/python3.7/site-packages/airflow/example_dags/example_external_task_marker_dag.py
[2025-02-13T17:48:07.815+0000] {logging_mixin.py:137} INFO - [2025-02-13T17:48:07.815+0000] {dag.py:2585} INFO - Sync 2 DAGs
[2025-02-13T17:48:07.864+0000] {logging_mixin.py:137} INFO - [2025-02-13T17:48:07.863+0000] {dag.py:3340} INFO - Setting next_dagrun for example_external_task_marker_child to None, run_after=None
[2025-02-13T17:48:07.874+0000] {logging_mixin.py:137} INFO - [2025-02-13T17:48:07.874+0000] {dag.py:3340} INFO - Setting next_dagrun for example_external_task_marker_parent to None, run_after=None
[2025-02-13T17:48:07.920+0000] {processor.py:176} INFO - Processing /home/airflow/.local/lib/python3.7/site-packages/airflow/example_dags/example_external_task_marker_dag.py took 0.206 seconds
[2025-02-13T17:48:38.636+0000] {processor.py:154} INFO - Started process (PID=619) to work on /home/airflow/.local/lib/python3.7/site-packages/airflow/example_dags/example_external_task_marker_dag.py
[2025-02-13T17:48:38.638+0000] {processor.py:756} INFO - Processing file /home/airflow/.local/lib/python3.7/site-packages/airflow/example_dags/example_external_task_marker_dag.py for tasks to queue
[2025-02-13T17:48:38.639+0000] {logging_mixin.py:137} INFO - [2025-02-13T17:48:38.639+0000] {dagbag.py:537} INFO - Filling up the DagBag from /home/airflow/.local/lib/python3.7/site-packages/airflow/example_dags/example_external_task_marker_dag.py
[2025-02-13T17:48:38.660+0000] {processor.py:766} INFO - DAG(s) dict_keys(['example_external_task_marker_parent', 'example_external_task_marker_child']) retrieved from /home/airflow/.local/lib/python3.7/site-packages/airflow/example_dags/example_external_task_marker_dag.py
[2025-02-13T17:48:38.945+0000] {logging_mixin.py:137} INFO - [2025-02-13T17:48:38.944+0000] {dag.py:2585} INFO - Sync 2 DAGs
[2025-02-13T17:48:38.981+0000] {logging_mixin.py:137} INFO - [2025-02-13T17:48:38.981+0000] {dag.py:3340} INFO - Setting next_dagrun for example_external_task_marker_child to None, run_after=None
[2025-02-13T17:48:38.989+0000] {logging_mixin.py:137} INFO - [2025-02-13T17:48:38.989+0000] {dag.py:3340} INFO - Setting next_dagrun for example_external_task_marker_parent to None, run_after=None
[2025-02-13T17:48:39.019+0000] {processor.py:176} INFO - Processing /home/airflow/.local/lib/python3.7/site-packages/airflow/example_dags/example_external_task_marker_dag.py took 0.388 seconds
[2025-02-13T17:49:09.146+0000] {processor.py:154} INFO - Started process (PID=799) to work on /home/airflow/.local/lib/python3.7/site-packages/airflow/example_dags/example_external_task_marker_dag.py
[2025-02-13T17:49:09.148+0000] {processor.py:756} INFO - Processing file /home/airflow/.local/lib/python3.7/site-packages/airflow/example_dags/example_external_task_marker_dag.py for tasks to queue
[2025-02-13T17:49:09.149+0000] {logging_mixin.py:137} INFO - [2025-02-13T17:49:09.149+0000] {dagbag.py:537} INFO - Filling up the DagBag from /home/airflow/.local/lib/python3.7/site-packages/airflow/example_dags/example_external_task_marker_dag.py
[2025-02-13T17:49:09.175+0000] {processor.py:766} INFO - DAG(s) dict_keys(['example_external_task_marker_parent', 'example_external_task_marker_child']) retrieved from /home/airflow/.local/lib/python3.7/site-packages/airflow/example_dags/example_external_task_marker_dag.py
[2025-02-13T17:49:09.510+0000] {logging_mixin.py:137} INFO - [2025-02-13T17:49:09.510+0000] {dag.py:2585} INFO - Sync 2 DAGs
[2025-02-13T17:49:09.552+0000] {logging_mixin.py:137} INFO - [2025-02-13T17:49:09.552+0000] {dag.py:3340} INFO - Setting next_dagrun for example_external_task_marker_child to None, run_after=None
[2025-02-13T17:49:09.557+0000] {logging_mixin.py:137} INFO - [2025-02-13T17:49:09.557+0000] {dag.py:3340} INFO - Setting next_dagrun for example_external_task_marker_parent to None, run_after=None
[2025-02-13T17:49:09.581+0000] {processor.py:176} INFO - Processing /home/airflow/.local/lib/python3.7/site-packages/airflow/example_dags/example_external_task_marker_dag.py took 0.443 seconds
[2025-02-13T17:49:39.699+0000] {processor.py:154} INFO - Started process (PID=984) to work on /home/airflow/.local/lib/python3.7/site-packages/airflow/example_dags/example_external_task_marker_dag.py
[2025-02-13T17:49:39.701+0000] {processor.py:756} INFO - Processing file /home/airflow/.local/lib/python3.7/site-packages/airflow/example_dags/example_external_task_marker_dag.py for tasks to queue
[2025-02-13T17:49:39.702+0000] {logging_mixin.py:137} INFO - [2025-02-13T17:49:39.702+0000] {dagbag.py:537} INFO - Filling up the DagBag from /home/airflow/.local/lib/python3.7/site-packages/airflow/example_dags/example_external_task_marker_dag.py
[2025-02-13T17:49:39.722+0000] {processor.py:766} INFO - DAG(s) dict_keys(['example_external_task_marker_child', 'example_external_task_marker_parent']) retrieved from /home/airflow/.local/lib/python3.7/site-packages/airflow/example_dags/example_external_task_marker_dag.py
[2025-02-13T17:49:39.984+0000] {logging_mixin.py:137} INFO - [2025-02-13T17:49:39.984+0000] {dag.py:2585} INFO - Sync 2 DAGs
[2025-02-13T17:49:40.019+0000] {logging_mixin.py:137} INFO - [2025-02-13T17:49:40.018+0000] {dag.py:3340} INFO - Setting next_dagrun for example_external_task_marker_child to None, run_after=None
[2025-02-13T17:49:40.026+0000] {logging_mixin.py:137} INFO - [2025-02-13T17:49:40.025+0000] {dag.py:3340} INFO - Setting next_dagrun for example_external_task_marker_parent to None, run_after=None
[2025-02-13T17:49:40.058+0000] {processor.py:176} INFO - Processing /home/airflow/.local/lib/python3.7/site-packages/airflow/example_dags/example_external_task_marker_dag.py took 0.363 seconds
[2025-02-13T17:50:10.445+0000] {processor.py:154} INFO - Started process (PID=1159) to work on /home/airflow/.local/lib/python3.7/site-packages/airflow/example_dags/example_external_task_marker_dag.py
[2025-02-13T17:50:10.447+0000] {processor.py:756} INFO - Processing file /home/airflow/.local/lib/python3.7/site-packages/airflow/example_dags/example_external_task_marker_dag.py for tasks to queue
[2025-02-13T17:50:10.448+0000] {logging_mixin.py:137} INFO - [2025-02-13T17:50:10.448+0000] {dagbag.py:537} INFO - Filling up the DagBag from /home/airflow/.local/lib/python3.7/site-packages/airflow/example_dags/example_external_task_marker_dag.py
[2025-02-13T17:50:10.467+0000] {processor.py:766} INFO - DAG(s) dict_keys(['example_external_task_marker_parent', 'example_external_task_marker_child']) retrieved from /home/airflow/.local/lib/python3.7/site-packages/airflow/example_dags/example_external_task_marker_dag.py
[2025-02-13T17:50:10.736+0000] {logging_mixin.py:137} INFO - [2025-02-13T17:50:10.735+0000] {dag.py:2585} INFO - Sync 2 DAGs
[2025-02-13T17:50:10.775+0000] {logging_mixin.py:137} INFO - [2025-02-13T17:50:10.774+0000] {dag.py:3340} INFO - Setting next_dagrun for example_external_task_marker_child to None, run_after=None
[2025-02-13T17:50:10.780+0000] {logging_mixin.py:137} INFO - [2025-02-13T17:50:10.780+0000] {dag.py:3340} INFO - Setting next_dagrun for example_external_task_marker_parent to None, run_after=None
[2025-02-13T17:50:10.805+0000] {processor.py:176} INFO - Processing /home/airflow/.local/lib/python3.7/site-packages/airflow/example_dags/example_external_task_marker_dag.py took 0.364 seconds
[2025-02-13T17:50:41.247+0000] {processor.py:154} INFO - Started process (PID=1344) to work on /home/airflow/.local/lib/python3.7/site-packages/airflow/example_dags/example_external_task_marker_dag.py
[2025-02-13T17:50:41.248+0000] {processor.py:756} INFO - Processing file /home/airflow/.local/lib/python3.7/site-packages/airflow/example_dags/example_external_task_marker_dag.py for tasks to queue
[2025-02-13T17:50:41.250+0000] {logging_mixin.py:137} INFO - [2025-02-13T17:50:41.250+0000] {dagbag.py:537} INFO - Filling up the DagBag from /home/airflow/.local/lib/python3.7/site-packages/airflow/example_dags/example_external_task_marker_dag.py
[2025-02-13T17:50:41.286+0000] {processor.py:766} INFO - DAG(s) dict_keys(['example_external_task_marker_child', 'example_external_task_marker_parent']) retrieved from /home/airflow/.local/lib/python3.7/site-packages/airflow/example_dags/example_external_task_marker_dag.py
[2025-02-13T17:50:41.593+0000] {logging_mixin.py:137} INFO - [2025-02-13T17:50:41.593+0000] {dag.py:2585} INFO - Sync 2 DAGs
[2025-02-13T17:50:41.625+0000] {logging_mixin.py:137} INFO - [2025-02-13T17:50:41.625+0000] {dag.py:3340} INFO - Setting next_dagrun for example_external_task_marker_child to None, run_after=None
[2025-02-13T17:50:41.631+0000] {logging_mixin.py:137} INFO - [2025-02-13T17:50:41.630+0000] {dag.py:3340} INFO - Setting next_dagrun for example_external_task_marker_parent to None, run_after=None
[2025-02-13T17:50:41.661+0000] {processor.py:176} INFO - Processing /home/airflow/.local/lib/python3.7/site-packages/airflow/example_dags/example_external_task_marker_dag.py took 0.424 seconds
[2025-02-13T17:51:12.105+0000] {processor.py:154} INFO - Started process (PID=1519) to work on /home/airflow/.local/lib/python3.7/site-packages/airflow/example_dags/example_external_task_marker_dag.py
[2025-02-13T17:51:12.107+0000] {processor.py:756} INFO - Processing file /home/airflow/.local/lib/python3.7/site-packages/airflow/example_dags/example_external_task_marker_dag.py for tasks to queue
[2025-02-13T17:51:12.108+0000] {logging_mixin.py:137} INFO - [2025-02-13T17:51:12.108+0000] {dagbag.py:537} INFO - Filling up the DagBag from /home/airflow/.local/lib/python3.7/site-packages/airflow/example_dags/example_external_task_marker_dag.py
[2025-02-13T17:51:12.125+0000] {processor.py:766} INFO - DAG(s) dict_keys(['example_external_task_marker_parent', 'example_external_task_marker_child']) retrieved from /home/airflow/.local/lib/python3.7/site-packages/airflow/example_dags/example_external_task_marker_dag.py
[2025-02-13T17:51:12.410+0000] {logging_mixin.py:137} INFO - [2025-02-13T17:51:12.409+0000] {dag.py:2585} INFO - Sync 2 DAGs
[2025-02-13T17:51:12.461+0000] {logging_mixin.py:137} INFO - [2025-02-13T17:51:12.461+0000] {dag.py:3340} INFO - Setting next_dagrun for example_external_task_marker_child to None, run_after=None
[2025-02-13T17:51:12.468+0000] {logging_mixin.py:137} INFO - [2025-02-13T17:51:12.468+0000] {dag.py:3340} INFO - Setting next_dagrun for example_external_task_marker_parent to None, run_after=None
[2025-02-13T17:51:12.494+0000] {processor.py:176} INFO - Processing /home/airflow/.local/lib/python3.7/site-packages/airflow/example_dags/example_external_task_marker_dag.py took 0.394 seconds
[2025-02-13T17:51:43.201+0000] {processor.py:154} INFO - Started process (PID=1699) to work on /home/airflow/.local/lib/python3.7/site-packages/airflow/example_dags/example_external_task_marker_dag.py
[2025-02-13T17:51:43.202+0000] {processor.py:756} INFO - Processing file /home/airflow/.local/lib/python3.7/site-packages/airflow/example_dags/example_external_task_marker_dag.py for tasks to queue
[2025-02-13T17:51:43.203+0000] {logging_mixin.py:137} INFO - [2025-02-13T17:51:43.203+0000] {dagbag.py:537} INFO - Filling up the DagBag from /home/airflow/.local/lib/python3.7/site-packages/airflow/example_dags/example_external_task_marker_dag.py
[2025-02-13T17:51:43.222+0000] {processor.py:766} INFO - DAG(s) dict_keys(['example_external_task_marker_parent', 'example_external_task_marker_child']) retrieved from /home/airflow/.local/lib/python3.7/site-packages/airflow/example_dags/example_external_task_marker_dag.py
[2025-02-13T17:51:43.505+0000] {logging_mixin.py:137} INFO - [2025-02-13T17:51:43.505+0000] {dag.py:2585} INFO - Sync 2 DAGs
[2025-02-13T17:51:43.550+0000] {logging_mixin.py:137} INFO - [2025-02-13T17:51:43.549+0000] {dag.py:3340} INFO - Setting next_dagrun for example_external_task_marker_child to None, run_after=None
[2025-02-13T17:51:43.556+0000] {logging_mixin.py:137} INFO - [2025-02-13T17:51:43.556+0000] {dag.py:3340} INFO - Setting next_dagrun for example_external_task_marker_parent to None, run_after=None
[2025-02-13T17:51:43.589+0000] {processor.py:176} INFO - Processing /home/airflow/.local/lib/python3.7/site-packages/airflow/example_dags/example_external_task_marker_dag.py took 0.392 seconds
