[2025-02-13T17:25:23.868+0000] {processor.py:154} INFO - Started process (PID=301) to work on /home/airflow/.local/lib/python3.7/site-packages/airflow/example_dags/example_trigger_target_dag.py
[2025-02-13T17:25:23.871+0000] {processor.py:756} INFO - Processing file /home/airflow/.local/lib/python3.7/site-packages/airflow/example_dags/example_trigger_target_dag.py for tasks to queue
[2025-02-13T17:25:23.874+0000] {logging_mixin.py:137} INFO - [2025-02-13T17:25:23.874+0000] {dagbag.py:537} INFO - Filling up the DagBag from /home/airflow/.local/lib/python3.7/site-packages/airflow/example_dags/example_trigger_target_dag.py
[2025-02-13T17:25:23.922+0000] {processor.py:766} INFO - DAG(s) dict_keys(['example_trigger_target_dag']) retrieved from /home/airflow/.local/lib/python3.7/site-packages/airflow/example_dags/example_trigger_target_dag.py
[2025-02-13T17:25:24.051+0000] {logging_mixin.py:137} INFO - [2025-02-13T17:25:24.050+0000] {dag.py:2585} INFO - Sync 1 DAGs
[2025-02-13T17:25:24.122+0000] {logging_mixin.py:137} INFO - [2025-02-13T17:25:24.121+0000] {dag.py:3340} INFO - Setting next_dagrun for example_trigger_target_dag to None, run_after=None
[2025-02-13T17:25:24.200+0000] {processor.py:176} INFO - Processing /home/airflow/.local/lib/python3.7/site-packages/airflow/example_dags/example_trigger_target_dag.py took 0.348 seconds
[2025-02-13T17:25:55.634+0000] {processor.py:154} INFO - Started process (PID=481) to work on /home/airflow/.local/lib/python3.7/site-packages/airflow/example_dags/example_trigger_target_dag.py
[2025-02-13T17:25:55.638+0000] {processor.py:756} INFO - Processing file /home/airflow/.local/lib/python3.7/site-packages/airflow/example_dags/example_trigger_target_dag.py for tasks to queue
[2025-02-13T17:25:55.642+0000] {logging_mixin.py:137} INFO - [2025-02-13T17:25:55.642+0000] {dagbag.py:537} INFO - Filling up the DagBag from /home/airflow/.local/lib/python3.7/site-packages/airflow/example_dags/example_trigger_target_dag.py
[2025-02-13T17:25:55.717+0000] {processor.py:766} INFO - DAG(s) dict_keys(['example_trigger_target_dag']) retrieved from /home/airflow/.local/lib/python3.7/site-packages/airflow/example_dags/example_trigger_target_dag.py
[2025-02-13T17:25:55.876+0000] {logging_mixin.py:137} INFO - [2025-02-13T17:25:55.875+0000] {dag.py:2585} INFO - Sync 1 DAGs
[2025-02-13T17:25:55.945+0000] {logging_mixin.py:137} INFO - [2025-02-13T17:25:55.944+0000] {dag.py:3340} INFO - Setting next_dagrun for example_trigger_target_dag to None, run_after=None
[2025-02-13T17:25:55.992+0000] {processor.py:176} INFO - Processing /home/airflow/.local/lib/python3.7/site-packages/airflow/example_dags/example_trigger_target_dag.py took 0.365 seconds
[2025-02-13T17:26:26.580+0000] {processor.py:154} INFO - Started process (PID=662) to work on /home/airflow/.local/lib/python3.7/site-packages/airflow/example_dags/example_trigger_target_dag.py
[2025-02-13T17:26:26.582+0000] {processor.py:756} INFO - Processing file /home/airflow/.local/lib/python3.7/site-packages/airflow/example_dags/example_trigger_target_dag.py for tasks to queue
[2025-02-13T17:26:26.588+0000] {logging_mixin.py:137} INFO - [2025-02-13T17:26:26.587+0000] {dagbag.py:537} INFO - Filling up the DagBag from /home/airflow/.local/lib/python3.7/site-packages/airflow/example_dags/example_trigger_target_dag.py
[2025-02-13T17:26:26.637+0000] {processor.py:766} INFO - DAG(s) dict_keys(['example_trigger_target_dag']) retrieved from /home/airflow/.local/lib/python3.7/site-packages/airflow/example_dags/example_trigger_target_dag.py
[2025-02-13T17:26:26.777+0000] {logging_mixin.py:137} INFO - [2025-02-13T17:26:26.777+0000] {dag.py:2585} INFO - Sync 1 DAGs
[2025-02-13T17:26:26.868+0000] {logging_mixin.py:137} INFO - [2025-02-13T17:26:26.868+0000] {dag.py:3340} INFO - Setting next_dagrun for example_trigger_target_dag to None, run_after=None
[2025-02-13T17:26:26.941+0000] {processor.py:176} INFO - Processing /home/airflow/.local/lib/python3.7/site-packages/airflow/example_dags/example_trigger_target_dag.py took 0.365 seconds
[2025-02-13T17:26:57.107+0000] {processor.py:154} INFO - Started process (PID=842) to work on /home/airflow/.local/lib/python3.7/site-packages/airflow/example_dags/example_trigger_target_dag.py
[2025-02-13T17:26:57.109+0000] {processor.py:756} INFO - Processing file /home/airflow/.local/lib/python3.7/site-packages/airflow/example_dags/example_trigger_target_dag.py for tasks to queue
[2025-02-13T17:26:57.112+0000] {logging_mixin.py:137} INFO - [2025-02-13T17:26:57.111+0000] {dagbag.py:537} INFO - Filling up the DagBag from /home/airflow/.local/lib/python3.7/site-packages/airflow/example_dags/example_trigger_target_dag.py
[2025-02-13T17:26:57.162+0000] {processor.py:766} INFO - DAG(s) dict_keys(['example_trigger_target_dag']) retrieved from /home/airflow/.local/lib/python3.7/site-packages/airflow/example_dags/example_trigger_target_dag.py
[2025-02-13T17:26:57.225+0000] {logging_mixin.py:137} INFO - [2025-02-13T17:26:57.224+0000] {dag.py:2585} INFO - Sync 1 DAGs
[2025-02-13T17:26:57.284+0000] {logging_mixin.py:137} INFO - [2025-02-13T17:26:57.283+0000] {dag.py:3340} INFO - Setting next_dagrun for example_trigger_target_dag to None, run_after=None
[2025-02-13T17:26:57.332+0000] {processor.py:176} INFO - Processing /home/airflow/.local/lib/python3.7/site-packages/airflow/example_dags/example_trigger_target_dag.py took 0.231 seconds
[2025-02-13T17:27:28.392+0000] {processor.py:154} INFO - Started process (PID=1022) to work on /home/airflow/.local/lib/python3.7/site-packages/airflow/example_dags/example_trigger_target_dag.py
[2025-02-13T17:27:28.395+0000] {processor.py:756} INFO - Processing file /home/airflow/.local/lib/python3.7/site-packages/airflow/example_dags/example_trigger_target_dag.py for tasks to queue
[2025-02-13T17:27:28.400+0000] {logging_mixin.py:137} INFO - [2025-02-13T17:27:28.399+0000] {dagbag.py:537} INFO - Filling up the DagBag from /home/airflow/.local/lib/python3.7/site-packages/airflow/example_dags/example_trigger_target_dag.py
[2025-02-13T17:27:28.479+0000] {processor.py:766} INFO - DAG(s) dict_keys(['example_trigger_target_dag']) retrieved from /home/airflow/.local/lib/python3.7/site-packages/airflow/example_dags/example_trigger_target_dag.py
[2025-02-13T17:27:28.573+0000] {logging_mixin.py:137} INFO - [2025-02-13T17:27:28.573+0000] {dag.py:2585} INFO - Sync 1 DAGs
[2025-02-13T17:27:28.679+0000] {logging_mixin.py:137} INFO - [2025-02-13T17:27:28.679+0000] {dag.py:3340} INFO - Setting next_dagrun for example_trigger_target_dag to None, run_after=None
[2025-02-13T17:27:28.730+0000] {processor.py:176} INFO - Processing /home/airflow/.local/lib/python3.7/site-packages/airflow/example_dags/example_trigger_target_dag.py took 0.351 seconds
[2025-02-13T17:27:59.294+0000] {processor.py:154} INFO - Started process (PID=1201) to work on /home/airflow/.local/lib/python3.7/site-packages/airflow/example_dags/example_trigger_target_dag.py
[2025-02-13T17:27:59.297+0000] {processor.py:756} INFO - Processing file /home/airflow/.local/lib/python3.7/site-packages/airflow/example_dags/example_trigger_target_dag.py for tasks to queue
[2025-02-13T17:27:59.300+0000] {logging_mixin.py:137} INFO - [2025-02-13T17:27:59.299+0000] {dagbag.py:537} INFO - Filling up the DagBag from /home/airflow/.local/lib/python3.7/site-packages/airflow/example_dags/example_trigger_target_dag.py
[2025-02-13T17:27:59.354+0000] {processor.py:766} INFO - DAG(s) dict_keys(['example_trigger_target_dag']) retrieved from /home/airflow/.local/lib/python3.7/site-packages/airflow/example_dags/example_trigger_target_dag.py
[2025-02-13T17:27:59.431+0000] {logging_mixin.py:137} INFO - [2025-02-13T17:27:59.427+0000] {dag.py:2585} INFO - Sync 1 DAGs
[2025-02-13T17:27:59.488+0000] {logging_mixin.py:137} INFO - [2025-02-13T17:27:59.487+0000] {dag.py:3340} INFO - Setting next_dagrun for example_trigger_target_dag to None, run_after=None
[2025-02-13T17:27:59.538+0000] {processor.py:176} INFO - Processing /home/airflow/.local/lib/python3.7/site-packages/airflow/example_dags/example_trigger_target_dag.py took 0.255 seconds
[2025-02-13T17:28:29.738+0000] {processor.py:154} INFO - Started process (PID=1382) to work on /home/airflow/.local/lib/python3.7/site-packages/airflow/example_dags/example_trigger_target_dag.py
[2025-02-13T17:28:29.740+0000] {processor.py:756} INFO - Processing file /home/airflow/.local/lib/python3.7/site-packages/airflow/example_dags/example_trigger_target_dag.py for tasks to queue
[2025-02-13T17:28:29.741+0000] {logging_mixin.py:137} INFO - [2025-02-13T17:28:29.741+0000] {dagbag.py:537} INFO - Filling up the DagBag from /home/airflow/.local/lib/python3.7/site-packages/airflow/example_dags/example_trigger_target_dag.py
[2025-02-13T17:28:29.770+0000] {processor.py:766} INFO - DAG(s) dict_keys(['example_trigger_target_dag']) retrieved from /home/airflow/.local/lib/python3.7/site-packages/airflow/example_dags/example_trigger_target_dag.py
[2025-02-13T17:28:29.808+0000] {logging_mixin.py:137} INFO - [2025-02-13T17:28:29.808+0000] {dag.py:2585} INFO - Sync 1 DAGs
[2025-02-13T17:28:29.851+0000] {logging_mixin.py:137} INFO - [2025-02-13T17:28:29.851+0000] {dag.py:3340} INFO - Setting next_dagrun for example_trigger_target_dag to None, run_after=None
[2025-02-13T17:28:29.888+0000] {processor.py:176} INFO - Processing /home/airflow/.local/lib/python3.7/site-packages/airflow/example_dags/example_trigger_target_dag.py took 0.154 seconds
[2025-02-13T17:29:00.739+0000] {processor.py:154} INFO - Started process (PID=1562) to work on /home/airflow/.local/lib/python3.7/site-packages/airflow/example_dags/example_trigger_target_dag.py
[2025-02-13T17:29:00.743+0000] {processor.py:756} INFO - Processing file /home/airflow/.local/lib/python3.7/site-packages/airflow/example_dags/example_trigger_target_dag.py for tasks to queue
[2025-02-13T17:29:00.747+0000] {logging_mixin.py:137} INFO - [2025-02-13T17:29:00.746+0000] {dagbag.py:537} INFO - Filling up the DagBag from /home/airflow/.local/lib/python3.7/site-packages/airflow/example_dags/example_trigger_target_dag.py
[2025-02-13T17:29:00.824+0000] {processor.py:766} INFO - DAG(s) dict_keys(['example_trigger_target_dag']) retrieved from /home/airflow/.local/lib/python3.7/site-packages/airflow/example_dags/example_trigger_target_dag.py
[2025-02-13T17:29:00.901+0000] {logging_mixin.py:137} INFO - [2025-02-13T17:29:00.900+0000] {dag.py:2585} INFO - Sync 1 DAGs
[2025-02-13T17:29:00.964+0000] {logging_mixin.py:137} INFO - [2025-02-13T17:29:00.963+0000] {dag.py:3340} INFO - Setting next_dagrun for example_trigger_target_dag to None, run_after=None
[2025-02-13T17:29:01.028+0000] {processor.py:176} INFO - Processing /home/airflow/.local/lib/python3.7/site-packages/airflow/example_dags/example_trigger_target_dag.py took 0.300 seconds
[2025-02-13T17:29:31.252+0000] {processor.py:154} INFO - Started process (PID=1742) to work on /home/airflow/.local/lib/python3.7/site-packages/airflow/example_dags/example_trigger_target_dag.py
[2025-02-13T17:29:31.257+0000] {processor.py:756} INFO - Processing file /home/airflow/.local/lib/python3.7/site-packages/airflow/example_dags/example_trigger_target_dag.py for tasks to queue
[2025-02-13T17:29:31.260+0000] {logging_mixin.py:137} INFO - [2025-02-13T17:29:31.259+0000] {dagbag.py:537} INFO - Filling up the DagBag from /home/airflow/.local/lib/python3.7/site-packages/airflow/example_dags/example_trigger_target_dag.py
[2025-02-13T17:29:31.310+0000] {processor.py:766} INFO - DAG(s) dict_keys(['example_trigger_target_dag']) retrieved from /home/airflow/.local/lib/python3.7/site-packages/airflow/example_dags/example_trigger_target_dag.py
[2025-02-13T17:29:31.376+0000] {logging_mixin.py:137} INFO - [2025-02-13T17:29:31.375+0000] {dag.py:2585} INFO - Sync 1 DAGs
[2025-02-13T17:29:31.432+0000] {logging_mixin.py:137} INFO - [2025-02-13T17:29:31.432+0000] {dag.py:3340} INFO - Setting next_dagrun for example_trigger_target_dag to None, run_after=None
[2025-02-13T17:29:31.485+0000] {processor.py:176} INFO - Processing /home/airflow/.local/lib/python3.7/site-packages/airflow/example_dags/example_trigger_target_dag.py took 0.245 seconds
[2025-02-13T17:30:01.681+0000] {processor.py:154} INFO - Started process (PID=1922) to work on /home/airflow/.local/lib/python3.7/site-packages/airflow/example_dags/example_trigger_target_dag.py
[2025-02-13T17:30:01.685+0000] {processor.py:756} INFO - Processing file /home/airflow/.local/lib/python3.7/site-packages/airflow/example_dags/example_trigger_target_dag.py for tasks to queue
[2025-02-13T17:30:01.687+0000] {logging_mixin.py:137} INFO - [2025-02-13T17:30:01.687+0000] {dagbag.py:537} INFO - Filling up the DagBag from /home/airflow/.local/lib/python3.7/site-packages/airflow/example_dags/example_trigger_target_dag.py
[2025-02-13T17:30:01.715+0000] {processor.py:766} INFO - DAG(s) dict_keys(['example_trigger_target_dag']) retrieved from /home/airflow/.local/lib/python3.7/site-packages/airflow/example_dags/example_trigger_target_dag.py
[2025-02-13T17:30:01.767+0000] {logging_mixin.py:137} INFO - [2025-02-13T17:30:01.766+0000] {dag.py:2585} INFO - Sync 1 DAGs
[2025-02-13T17:30:01.816+0000] {logging_mixin.py:137} INFO - [2025-02-13T17:30:01.815+0000] {dag.py:3340} INFO - Setting next_dagrun for example_trigger_target_dag to None, run_after=None
[2025-02-13T17:30:01.861+0000] {processor.py:176} INFO - Processing /home/airflow/.local/lib/python3.7/site-packages/airflow/example_dags/example_trigger_target_dag.py took 0.193 seconds
[2025-02-13T17:30:32.526+0000] {processor.py:154} INFO - Started process (PID=2102) to work on /home/airflow/.local/lib/python3.7/site-packages/airflow/example_dags/example_trigger_target_dag.py
[2025-02-13T17:30:32.529+0000] {processor.py:756} INFO - Processing file /home/airflow/.local/lib/python3.7/site-packages/airflow/example_dags/example_trigger_target_dag.py for tasks to queue
[2025-02-13T17:30:32.533+0000] {logging_mixin.py:137} INFO - [2025-02-13T17:30:32.533+0000] {dagbag.py:537} INFO - Filling up the DagBag from /home/airflow/.local/lib/python3.7/site-packages/airflow/example_dags/example_trigger_target_dag.py
[2025-02-13T17:30:32.588+0000] {processor.py:766} INFO - DAG(s) dict_keys(['example_trigger_target_dag']) retrieved from /home/airflow/.local/lib/python3.7/site-packages/airflow/example_dags/example_trigger_target_dag.py
[2025-02-13T17:30:32.706+0000] {logging_mixin.py:137} INFO - [2025-02-13T17:30:32.705+0000] {dag.py:2585} INFO - Sync 1 DAGs
[2025-02-13T17:30:32.796+0000] {logging_mixin.py:137} INFO - [2025-02-13T17:30:32.795+0000] {dag.py:3340} INFO - Setting next_dagrun for example_trigger_target_dag to None, run_after=None
[2025-02-13T17:30:32.862+0000] {processor.py:176} INFO - Processing /home/airflow/.local/lib/python3.7/site-packages/airflow/example_dags/example_trigger_target_dag.py took 0.342 seconds
[2025-02-13T17:31:03.590+0000] {processor.py:154} INFO - Started process (PID=2284) to work on /home/airflow/.local/lib/python3.7/site-packages/airflow/example_dags/example_trigger_target_dag.py
[2025-02-13T17:31:03.593+0000] {processor.py:756} INFO - Processing file /home/airflow/.local/lib/python3.7/site-packages/airflow/example_dags/example_trigger_target_dag.py for tasks to queue
[2025-02-13T17:31:03.595+0000] {logging_mixin.py:137} INFO - [2025-02-13T17:31:03.594+0000] {dagbag.py:537} INFO - Filling up the DagBag from /home/airflow/.local/lib/python3.7/site-packages/airflow/example_dags/example_trigger_target_dag.py
[2025-02-13T17:31:03.644+0000] {processor.py:766} INFO - DAG(s) dict_keys(['example_trigger_target_dag']) retrieved from /home/airflow/.local/lib/python3.7/site-packages/airflow/example_dags/example_trigger_target_dag.py
[2025-02-13T17:31:03.702+0000] {logging_mixin.py:137} INFO - [2025-02-13T17:31:03.702+0000] {dag.py:2585} INFO - Sync 1 DAGs
[2025-02-13T17:31:03.750+0000] {logging_mixin.py:137} INFO - [2025-02-13T17:31:03.750+0000] {dag.py:3340} INFO - Setting next_dagrun for example_trigger_target_dag to None, run_after=None
[2025-02-13T17:31:03.814+0000] {processor.py:176} INFO - Processing /home/airflow/.local/lib/python3.7/site-packages/airflow/example_dags/example_trigger_target_dag.py took 0.231 seconds
[2025-02-13T17:31:34.134+0000] {processor.py:154} INFO - Started process (PID=2464) to work on /home/airflow/.local/lib/python3.7/site-packages/airflow/example_dags/example_trigger_target_dag.py
[2025-02-13T17:31:34.138+0000] {processor.py:756} INFO - Processing file /home/airflow/.local/lib/python3.7/site-packages/airflow/example_dags/example_trigger_target_dag.py for tasks to queue
[2025-02-13T17:31:34.140+0000] {logging_mixin.py:137} INFO - [2025-02-13T17:31:34.140+0000] {dagbag.py:537} INFO - Filling up the DagBag from /home/airflow/.local/lib/python3.7/site-packages/airflow/example_dags/example_trigger_target_dag.py
[2025-02-13T17:31:34.183+0000] {processor.py:766} INFO - DAG(s) dict_keys(['example_trigger_target_dag']) retrieved from /home/airflow/.local/lib/python3.7/site-packages/airflow/example_dags/example_trigger_target_dag.py
[2025-02-13T17:31:34.236+0000] {logging_mixin.py:137} INFO - [2025-02-13T17:31:34.235+0000] {dag.py:2585} INFO - Sync 1 DAGs
[2025-02-13T17:31:34.301+0000] {logging_mixin.py:137} INFO - [2025-02-13T17:31:34.301+0000] {dag.py:3340} INFO - Setting next_dagrun for example_trigger_target_dag to None, run_after=None
[2025-02-13T17:31:34.354+0000] {processor.py:176} INFO - Processing /home/airflow/.local/lib/python3.7/site-packages/airflow/example_dags/example_trigger_target_dag.py took 0.228 seconds
[2025-02-13T17:32:06.397+0000] {processor.py:154} INFO - Started process (PID=2644) to work on /home/airflow/.local/lib/python3.7/site-packages/airflow/example_dags/example_trigger_target_dag.py
[2025-02-13T17:32:06.400+0000] {processor.py:756} INFO - Processing file /home/airflow/.local/lib/python3.7/site-packages/airflow/example_dags/example_trigger_target_dag.py for tasks to queue
[2025-02-13T17:32:06.404+0000] {logging_mixin.py:137} INFO - [2025-02-13T17:32:06.403+0000] {dagbag.py:537} INFO - Filling up the DagBag from /home/airflow/.local/lib/python3.7/site-packages/airflow/example_dags/example_trigger_target_dag.py
[2025-02-13T17:32:06.454+0000] {processor.py:766} INFO - DAG(s) dict_keys(['example_trigger_target_dag']) retrieved from /home/airflow/.local/lib/python3.7/site-packages/airflow/example_dags/example_trigger_target_dag.py
[2025-02-13T17:32:06.536+0000] {logging_mixin.py:137} INFO - [2025-02-13T17:32:06.536+0000] {dag.py:2585} INFO - Sync 1 DAGs
[2025-02-13T17:32:06.597+0000] {logging_mixin.py:137} INFO - [2025-02-13T17:32:06.597+0000] {dag.py:3340} INFO - Setting next_dagrun for example_trigger_target_dag to None, run_after=None
[2025-02-13T17:32:06.658+0000] {processor.py:176} INFO - Processing /home/airflow/.local/lib/python3.7/site-packages/airflow/example_dags/example_trigger_target_dag.py took 0.268 seconds
[2025-02-13T17:32:36.985+0000] {processor.py:154} INFO - Started process (PID=2824) to work on /home/airflow/.local/lib/python3.7/site-packages/airflow/example_dags/example_trigger_target_dag.py
[2025-02-13T17:32:36.987+0000] {processor.py:756} INFO - Processing file /home/airflow/.local/lib/python3.7/site-packages/airflow/example_dags/example_trigger_target_dag.py for tasks to queue
[2025-02-13T17:32:36.989+0000] {logging_mixin.py:137} INFO - [2025-02-13T17:32:36.988+0000] {dagbag.py:537} INFO - Filling up the DagBag from /home/airflow/.local/lib/python3.7/site-packages/airflow/example_dags/example_trigger_target_dag.py
[2025-02-13T17:32:37.035+0000] {processor.py:766} INFO - DAG(s) dict_keys(['example_trigger_target_dag']) retrieved from /home/airflow/.local/lib/python3.7/site-packages/airflow/example_dags/example_trigger_target_dag.py
[2025-02-13T17:32:37.114+0000] {logging_mixin.py:137} INFO - [2025-02-13T17:32:37.114+0000] {dag.py:2585} INFO - Sync 1 DAGs
[2025-02-13T17:32:37.171+0000] {logging_mixin.py:137} INFO - [2025-02-13T17:32:37.171+0000] {dag.py:3340} INFO - Setting next_dagrun for example_trigger_target_dag to None, run_after=None
[2025-02-13T17:32:37.223+0000] {processor.py:176} INFO - Processing /home/airflow/.local/lib/python3.7/site-packages/airflow/example_dags/example_trigger_target_dag.py took 0.255 seconds
[2025-02-13T17:33:07.856+0000] {processor.py:154} INFO - Started process (PID=3002) to work on /home/airflow/.local/lib/python3.7/site-packages/airflow/example_dags/example_trigger_target_dag.py
[2025-02-13T17:33:07.858+0000] {processor.py:756} INFO - Processing file /home/airflow/.local/lib/python3.7/site-packages/airflow/example_dags/example_trigger_target_dag.py for tasks to queue
[2025-02-13T17:33:07.859+0000] {logging_mixin.py:137} INFO - [2025-02-13T17:33:07.859+0000] {dagbag.py:537} INFO - Filling up the DagBag from /home/airflow/.local/lib/python3.7/site-packages/airflow/example_dags/example_trigger_target_dag.py
[2025-02-13T17:33:07.904+0000] {processor.py:766} INFO - DAG(s) dict_keys(['example_trigger_target_dag']) retrieved from /home/airflow/.local/lib/python3.7/site-packages/airflow/example_dags/example_trigger_target_dag.py
[2025-02-13T17:33:07.969+0000] {logging_mixin.py:137} INFO - [2025-02-13T17:33:07.969+0000] {dag.py:2585} INFO - Sync 1 DAGs
[2025-02-13T17:33:08.017+0000] {logging_mixin.py:137} INFO - [2025-02-13T17:33:08.017+0000] {dag.py:3340} INFO - Setting next_dagrun for example_trigger_target_dag to None, run_after=None
[2025-02-13T17:33:08.061+0000] {processor.py:176} INFO - Processing /home/airflow/.local/lib/python3.7/site-packages/airflow/example_dags/example_trigger_target_dag.py took 0.214 seconds
[2025-02-13T17:33:38.423+0000] {processor.py:154} INFO - Started process (PID=3182) to work on /home/airflow/.local/lib/python3.7/site-packages/airflow/example_dags/example_trigger_target_dag.py
[2025-02-13T17:33:38.425+0000] {processor.py:756} INFO - Processing file /home/airflow/.local/lib/python3.7/site-packages/airflow/example_dags/example_trigger_target_dag.py for tasks to queue
[2025-02-13T17:33:38.427+0000] {logging_mixin.py:137} INFO - [2025-02-13T17:33:38.427+0000] {dagbag.py:537} INFO - Filling up the DagBag from /home/airflow/.local/lib/python3.7/site-packages/airflow/example_dags/example_trigger_target_dag.py
[2025-02-13T17:33:38.467+0000] {processor.py:766} INFO - DAG(s) dict_keys(['example_trigger_target_dag']) retrieved from /home/airflow/.local/lib/python3.7/site-packages/airflow/example_dags/example_trigger_target_dag.py
[2025-02-13T17:33:38.541+0000] {logging_mixin.py:137} INFO - [2025-02-13T17:33:38.541+0000] {dag.py:2585} INFO - Sync 1 DAGs
[2025-02-13T17:33:38.588+0000] {logging_mixin.py:137} INFO - [2025-02-13T17:33:38.588+0000] {dag.py:3340} INFO - Setting next_dagrun for example_trigger_target_dag to None, run_after=None
[2025-02-13T17:33:38.635+0000] {processor.py:176} INFO - Processing /home/airflow/.local/lib/python3.7/site-packages/airflow/example_dags/example_trigger_target_dag.py took 0.219 seconds
[2025-02-13T17:34:09.140+0000] {processor.py:154} INFO - Started process (PID=3362) to work on /home/airflow/.local/lib/python3.7/site-packages/airflow/example_dags/example_trigger_target_dag.py
[2025-02-13T17:34:09.142+0000] {processor.py:756} INFO - Processing file /home/airflow/.local/lib/python3.7/site-packages/airflow/example_dags/example_trigger_target_dag.py for tasks to queue
[2025-02-13T17:34:09.144+0000] {logging_mixin.py:137} INFO - [2025-02-13T17:34:09.143+0000] {dagbag.py:537} INFO - Filling up the DagBag from /home/airflow/.local/lib/python3.7/site-packages/airflow/example_dags/example_trigger_target_dag.py
[2025-02-13T17:34:09.180+0000] {processor.py:766} INFO - DAG(s) dict_keys(['example_trigger_target_dag']) retrieved from /home/airflow/.local/lib/python3.7/site-packages/airflow/example_dags/example_trigger_target_dag.py
[2025-02-13T17:34:09.254+0000] {logging_mixin.py:137} INFO - [2025-02-13T17:34:09.254+0000] {dag.py:2585} INFO - Sync 1 DAGs
[2025-02-13T17:34:09.299+0000] {logging_mixin.py:137} INFO - [2025-02-13T17:34:09.299+0000] {dag.py:3340} INFO - Setting next_dagrun for example_trigger_target_dag to None, run_after=None
[2025-02-13T17:34:09.338+0000] {processor.py:176} INFO - Processing /home/airflow/.local/lib/python3.7/site-packages/airflow/example_dags/example_trigger_target_dag.py took 0.204 seconds
[2025-02-13T17:34:39.813+0000] {processor.py:154} INFO - Started process (PID=3542) to work on /home/airflow/.local/lib/python3.7/site-packages/airflow/example_dags/example_trigger_target_dag.py
[2025-02-13T17:34:39.815+0000] {processor.py:756} INFO - Processing file /home/airflow/.local/lib/python3.7/site-packages/airflow/example_dags/example_trigger_target_dag.py for tasks to queue
[2025-02-13T17:34:39.817+0000] {logging_mixin.py:137} INFO - [2025-02-13T17:34:39.817+0000] {dagbag.py:537} INFO - Filling up the DagBag from /home/airflow/.local/lib/python3.7/site-packages/airflow/example_dags/example_trigger_target_dag.py
[2025-02-13T17:34:39.856+0000] {processor.py:766} INFO - DAG(s) dict_keys(['example_trigger_target_dag']) retrieved from /home/airflow/.local/lib/python3.7/site-packages/airflow/example_dags/example_trigger_target_dag.py
[2025-02-13T17:34:39.931+0000] {logging_mixin.py:137} INFO - [2025-02-13T17:34:39.931+0000] {dag.py:2585} INFO - Sync 1 DAGs
[2025-02-13T17:34:39.991+0000] {logging_mixin.py:137} INFO - [2025-02-13T17:34:39.991+0000] {dag.py:3340} INFO - Setting next_dagrun for example_trigger_target_dag to None, run_after=None
[2025-02-13T17:34:40.038+0000] {processor.py:176} INFO - Processing /home/airflow/.local/lib/python3.7/site-packages/airflow/example_dags/example_trigger_target_dag.py took 0.232 seconds
[2025-02-13T17:35:10.769+0000] {processor.py:154} INFO - Started process (PID=3722) to work on /home/airflow/.local/lib/python3.7/site-packages/airflow/example_dags/example_trigger_target_dag.py
[2025-02-13T17:35:10.772+0000] {processor.py:756} INFO - Processing file /home/airflow/.local/lib/python3.7/site-packages/airflow/example_dags/example_trigger_target_dag.py for tasks to queue
[2025-02-13T17:35:10.774+0000] {logging_mixin.py:137} INFO - [2025-02-13T17:35:10.773+0000] {dagbag.py:537} INFO - Filling up the DagBag from /home/airflow/.local/lib/python3.7/site-packages/airflow/example_dags/example_trigger_target_dag.py
[2025-02-13T17:35:10.808+0000] {processor.py:766} INFO - DAG(s) dict_keys(['example_trigger_target_dag']) retrieved from /home/airflow/.local/lib/python3.7/site-packages/airflow/example_dags/example_trigger_target_dag.py
[2025-02-13T17:35:10.886+0000] {logging_mixin.py:137} INFO - [2025-02-13T17:35:10.886+0000] {dag.py:2585} INFO - Sync 1 DAGs
[2025-02-13T17:35:10.939+0000] {logging_mixin.py:137} INFO - [2025-02-13T17:35:10.939+0000] {dag.py:3340} INFO - Setting next_dagrun for example_trigger_target_dag to None, run_after=None
[2025-02-13T17:35:10.981+0000] {processor.py:176} INFO - Processing /home/airflow/.local/lib/python3.7/site-packages/airflow/example_dags/example_trigger_target_dag.py took 0.218 seconds
[2025-02-13T17:35:41.435+0000] {processor.py:154} INFO - Started process (PID=3902) to work on /home/airflow/.local/lib/python3.7/site-packages/airflow/example_dags/example_trigger_target_dag.py
[2025-02-13T17:35:41.437+0000] {processor.py:756} INFO - Processing file /home/airflow/.local/lib/python3.7/site-packages/airflow/example_dags/example_trigger_target_dag.py for tasks to queue
[2025-02-13T17:35:41.438+0000] {logging_mixin.py:137} INFO - [2025-02-13T17:35:41.438+0000] {dagbag.py:537} INFO - Filling up the DagBag from /home/airflow/.local/lib/python3.7/site-packages/airflow/example_dags/example_trigger_target_dag.py
[2025-02-13T17:35:41.481+0000] {processor.py:766} INFO - DAG(s) dict_keys(['example_trigger_target_dag']) retrieved from /home/airflow/.local/lib/python3.7/site-packages/airflow/example_dags/example_trigger_target_dag.py
[2025-02-13T17:35:41.555+0000] {logging_mixin.py:137} INFO - [2025-02-13T17:35:41.555+0000] {dag.py:2585} INFO - Sync 1 DAGs
[2025-02-13T17:35:41.598+0000] {logging_mixin.py:137} INFO - [2025-02-13T17:35:41.598+0000] {dag.py:3340} INFO - Setting next_dagrun for example_trigger_target_dag to None, run_after=None
[2025-02-13T17:35:41.638+0000] {processor.py:176} INFO - Processing /home/airflow/.local/lib/python3.7/site-packages/airflow/example_dags/example_trigger_target_dag.py took 0.209 seconds
[2025-02-13T17:36:11.898+0000] {processor.py:154} INFO - Started process (PID=4082) to work on /home/airflow/.local/lib/python3.7/site-packages/airflow/example_dags/example_trigger_target_dag.py
[2025-02-13T17:36:11.900+0000] {processor.py:756} INFO - Processing file /home/airflow/.local/lib/python3.7/site-packages/airflow/example_dags/example_trigger_target_dag.py for tasks to queue
[2025-02-13T17:36:11.902+0000] {logging_mixin.py:137} INFO - [2025-02-13T17:36:11.902+0000] {dagbag.py:537} INFO - Filling up the DagBag from /home/airflow/.local/lib/python3.7/site-packages/airflow/example_dags/example_trigger_target_dag.py
[2025-02-13T17:36:11.938+0000] {processor.py:766} INFO - DAG(s) dict_keys(['example_trigger_target_dag']) retrieved from /home/airflow/.local/lib/python3.7/site-packages/airflow/example_dags/example_trigger_target_dag.py
[2025-02-13T17:36:12.014+0000] {logging_mixin.py:137} INFO - [2025-02-13T17:36:12.014+0000] {dag.py:2585} INFO - Sync 1 DAGs
[2025-02-13T17:36:12.066+0000] {logging_mixin.py:137} INFO - [2025-02-13T17:36:12.066+0000] {dag.py:3340} INFO - Setting next_dagrun for example_trigger_target_dag to None, run_after=None
[2025-02-13T17:36:12.109+0000] {processor.py:176} INFO - Processing /home/airflow/.local/lib/python3.7/site-packages/airflow/example_dags/example_trigger_target_dag.py took 0.219 seconds
[2025-02-13T17:36:42.370+0000] {processor.py:154} INFO - Started process (PID=4259) to work on /home/airflow/.local/lib/python3.7/site-packages/airflow/example_dags/example_trigger_target_dag.py
[2025-02-13T17:36:42.372+0000] {processor.py:756} INFO - Processing file /home/airflow/.local/lib/python3.7/site-packages/airflow/example_dags/example_trigger_target_dag.py for tasks to queue
[2025-02-13T17:36:42.373+0000] {logging_mixin.py:137} INFO - [2025-02-13T17:36:42.373+0000] {dagbag.py:537} INFO - Filling up the DagBag from /home/airflow/.local/lib/python3.7/site-packages/airflow/example_dags/example_trigger_target_dag.py
[2025-02-13T17:36:42.409+0000] {processor.py:766} INFO - DAG(s) dict_keys(['example_trigger_target_dag']) retrieved from /home/airflow/.local/lib/python3.7/site-packages/airflow/example_dags/example_trigger_target_dag.py
[2025-02-13T17:36:42.481+0000] {logging_mixin.py:137} INFO - [2025-02-13T17:36:42.481+0000] {dag.py:2585} INFO - Sync 1 DAGs
[2025-02-13T17:36:42.523+0000] {logging_mixin.py:137} INFO - [2025-02-13T17:36:42.523+0000] {dag.py:3340} INFO - Setting next_dagrun for example_trigger_target_dag to None, run_after=None
[2025-02-13T17:36:42.561+0000] {processor.py:176} INFO - Processing /home/airflow/.local/lib/python3.7/site-packages/airflow/example_dags/example_trigger_target_dag.py took 0.197 seconds
[2025-02-13T17:37:12.718+0000] {processor.py:154} INFO - Started process (PID=4439) to work on /home/airflow/.local/lib/python3.7/site-packages/airflow/example_dags/example_trigger_target_dag.py
[2025-02-13T17:37:12.720+0000] {processor.py:756} INFO - Processing file /home/airflow/.local/lib/python3.7/site-packages/airflow/example_dags/example_trigger_target_dag.py for tasks to queue
[2025-02-13T17:37:12.722+0000] {logging_mixin.py:137} INFO - [2025-02-13T17:37:12.721+0000] {dagbag.py:537} INFO - Filling up the DagBag from /home/airflow/.local/lib/python3.7/site-packages/airflow/example_dags/example_trigger_target_dag.py
[2025-02-13T17:37:12.756+0000] {processor.py:766} INFO - DAG(s) dict_keys(['example_trigger_target_dag']) retrieved from /home/airflow/.local/lib/python3.7/site-packages/airflow/example_dags/example_trigger_target_dag.py
[2025-02-13T17:37:12.820+0000] {logging_mixin.py:137} INFO - [2025-02-13T17:37:12.820+0000] {dag.py:2585} INFO - Sync 1 DAGs
[2025-02-13T17:37:12.863+0000] {logging_mixin.py:137} INFO - [2025-02-13T17:37:12.863+0000] {dag.py:3340} INFO - Setting next_dagrun for example_trigger_target_dag to None, run_after=None
[2025-02-13T17:37:12.910+0000] {processor.py:176} INFO - Processing /home/airflow/.local/lib/python3.7/site-packages/airflow/example_dags/example_trigger_target_dag.py took 0.197 seconds
[2025-02-13T17:37:43.492+0000] {processor.py:154} INFO - Started process (PID=4617) to work on /home/airflow/.local/lib/python3.7/site-packages/airflow/example_dags/example_trigger_target_dag.py
[2025-02-13T17:37:43.497+0000] {processor.py:756} INFO - Processing file /home/airflow/.local/lib/python3.7/site-packages/airflow/example_dags/example_trigger_target_dag.py for tasks to queue
[2025-02-13T17:37:43.501+0000] {logging_mixin.py:137} INFO - [2025-02-13T17:37:43.501+0000] {dagbag.py:537} INFO - Filling up the DagBag from /home/airflow/.local/lib/python3.7/site-packages/airflow/example_dags/example_trigger_target_dag.py
[2025-02-13T17:37:43.544+0000] {processor.py:766} INFO - DAG(s) dict_keys(['example_trigger_target_dag']) retrieved from /home/airflow/.local/lib/python3.7/site-packages/airflow/example_dags/example_trigger_target_dag.py
[2025-02-13T17:37:43.627+0000] {logging_mixin.py:137} INFO - [2025-02-13T17:37:43.626+0000] {dag.py:2585} INFO - Sync 1 DAGs
[2025-02-13T17:37:43.682+0000] {logging_mixin.py:137} INFO - [2025-02-13T17:37:43.681+0000] {dag.py:3340} INFO - Setting next_dagrun for example_trigger_target_dag to None, run_after=None
[2025-02-13T17:37:43.736+0000] {processor.py:176} INFO - Processing /home/airflow/.local/lib/python3.7/site-packages/airflow/example_dags/example_trigger_target_dag.py took 0.252 seconds
[2025-02-13T17:38:14.279+0000] {processor.py:154} INFO - Started process (PID=4797) to work on /home/airflow/.local/lib/python3.7/site-packages/airflow/example_dags/example_trigger_target_dag.py
[2025-02-13T17:38:14.281+0000] {processor.py:756} INFO - Processing file /home/airflow/.local/lib/python3.7/site-packages/airflow/example_dags/example_trigger_target_dag.py for tasks to queue
[2025-02-13T17:38:14.282+0000] {logging_mixin.py:137} INFO - [2025-02-13T17:38:14.282+0000] {dagbag.py:537} INFO - Filling up the DagBag from /home/airflow/.local/lib/python3.7/site-packages/airflow/example_dags/example_trigger_target_dag.py
[2025-02-13T17:38:14.316+0000] {processor.py:766} INFO - DAG(s) dict_keys(['example_trigger_target_dag']) retrieved from /home/airflow/.local/lib/python3.7/site-packages/airflow/example_dags/example_trigger_target_dag.py
[2025-02-13T17:38:14.398+0000] {logging_mixin.py:137} INFO - [2025-02-13T17:38:14.398+0000] {dag.py:2585} INFO - Sync 1 DAGs
[2025-02-13T17:38:14.445+0000] {logging_mixin.py:137} INFO - [2025-02-13T17:38:14.444+0000] {dag.py:3340} INFO - Setting next_dagrun for example_trigger_target_dag to None, run_after=None
[2025-02-13T17:38:14.484+0000] {processor.py:176} INFO - Processing /home/airflow/.local/lib/python3.7/site-packages/airflow/example_dags/example_trigger_target_dag.py took 0.210 seconds
[2025-02-13T17:38:45.043+0000] {processor.py:154} INFO - Started process (PID=4977) to work on /home/airflow/.local/lib/python3.7/site-packages/airflow/example_dags/example_trigger_target_dag.py
[2025-02-13T17:38:45.045+0000] {processor.py:756} INFO - Processing file /home/airflow/.local/lib/python3.7/site-packages/airflow/example_dags/example_trigger_target_dag.py for tasks to queue
[2025-02-13T17:38:45.047+0000] {logging_mixin.py:137} INFO - [2025-02-13T17:38:45.046+0000] {dagbag.py:537} INFO - Filling up the DagBag from /home/airflow/.local/lib/python3.7/site-packages/airflow/example_dags/example_trigger_target_dag.py
[2025-02-13T17:38:45.089+0000] {processor.py:766} INFO - DAG(s) dict_keys(['example_trigger_target_dag']) retrieved from /home/airflow/.local/lib/python3.7/site-packages/airflow/example_dags/example_trigger_target_dag.py
[2025-02-13T17:38:45.166+0000] {logging_mixin.py:137} INFO - [2025-02-13T17:38:45.165+0000] {dag.py:2585} INFO - Sync 1 DAGs
[2025-02-13T17:38:45.212+0000] {logging_mixin.py:137} INFO - [2025-02-13T17:38:45.212+0000] {dag.py:3340} INFO - Setting next_dagrun for example_trigger_target_dag to None, run_after=None
[2025-02-13T17:38:45.258+0000] {processor.py:176} INFO - Processing /home/airflow/.local/lib/python3.7/site-packages/airflow/example_dags/example_trigger_target_dag.py took 0.220 seconds
[2025-02-13T17:39:41.216+0000] {processor.py:154} INFO - Started process (PID=5164) to work on /home/airflow/.local/lib/python3.7/site-packages/airflow/example_dags/example_trigger_target_dag.py
[2025-02-13T17:39:41.217+0000] {processor.py:756} INFO - Processing file /home/airflow/.local/lib/python3.7/site-packages/airflow/example_dags/example_trigger_target_dag.py for tasks to queue
[2025-02-13T17:39:41.218+0000] {logging_mixin.py:137} INFO - [2025-02-13T17:39:41.218+0000] {dagbag.py:537} INFO - Filling up the DagBag from /home/airflow/.local/lib/python3.7/site-packages/airflow/example_dags/example_trigger_target_dag.py
[2025-02-13T17:39:41.238+0000] {processor.py:766} INFO - DAG(s) dict_keys(['example_trigger_target_dag']) retrieved from /home/airflow/.local/lib/python3.7/site-packages/airflow/example_dags/example_trigger_target_dag.py
[2025-02-13T17:39:41.281+0000] {logging_mixin.py:137} INFO - [2025-02-13T17:39:41.281+0000] {dag.py:2585} INFO - Sync 1 DAGs
[2025-02-13T17:39:41.306+0000] {logging_mixin.py:137} INFO - [2025-02-13T17:39:41.306+0000] {dag.py:3340} INFO - Setting next_dagrun for example_trigger_target_dag to None, run_after=None
[2025-02-13T17:39:41.328+0000] {processor.py:176} INFO - Processing /home/airflow/.local/lib/python3.7/site-packages/airflow/example_dags/example_trigger_target_dag.py took 0.114 seconds
[2025-02-13T17:40:12.821+0000] {processor.py:154} INFO - Started process (PID=5344) to work on /home/airflow/.local/lib/python3.7/site-packages/airflow/example_dags/example_trigger_target_dag.py
[2025-02-13T17:40:12.824+0000] {processor.py:756} INFO - Processing file /home/airflow/.local/lib/python3.7/site-packages/airflow/example_dags/example_trigger_target_dag.py for tasks to queue
[2025-02-13T17:40:12.826+0000] {logging_mixin.py:137} INFO - [2025-02-13T17:40:12.825+0000] {dagbag.py:537} INFO - Filling up the DagBag from /home/airflow/.local/lib/python3.7/site-packages/airflow/example_dags/example_trigger_target_dag.py
[2025-02-13T17:40:12.880+0000] {processor.py:766} INFO - DAG(s) dict_keys(['example_trigger_target_dag']) retrieved from /home/airflow/.local/lib/python3.7/site-packages/airflow/example_dags/example_trigger_target_dag.py
[2025-02-13T17:40:12.959+0000] {logging_mixin.py:137} INFO - [2025-02-13T17:40:12.958+0000] {dag.py:2585} INFO - Sync 1 DAGs
[2025-02-13T17:40:13.009+0000] {logging_mixin.py:137} INFO - [2025-02-13T17:40:13.009+0000] {dag.py:3340} INFO - Setting next_dagrun for example_trigger_target_dag to None, run_after=None
[2025-02-13T17:40:13.047+0000] {processor.py:176} INFO - Processing /home/airflow/.local/lib/python3.7/site-packages/airflow/example_dags/example_trigger_target_dag.py took 0.230 seconds
[2025-02-13T17:40:44.888+0000] {processor.py:154} INFO - Started process (PID=5524) to work on /home/airflow/.local/lib/python3.7/site-packages/airflow/example_dags/example_trigger_target_dag.py
[2025-02-13T17:40:44.891+0000] {processor.py:756} INFO - Processing file /home/airflow/.local/lib/python3.7/site-packages/airflow/example_dags/example_trigger_target_dag.py for tasks to queue
[2025-02-13T17:40:44.895+0000] {logging_mixin.py:137} INFO - [2025-02-13T17:40:44.894+0000] {dagbag.py:537} INFO - Filling up the DagBag from /home/airflow/.local/lib/python3.7/site-packages/airflow/example_dags/example_trigger_target_dag.py
[2025-02-13T17:40:44.940+0000] {processor.py:766} INFO - DAG(s) dict_keys(['example_trigger_target_dag']) retrieved from /home/airflow/.local/lib/python3.7/site-packages/airflow/example_dags/example_trigger_target_dag.py
[2025-02-13T17:40:45.048+0000] {logging_mixin.py:137} INFO - [2025-02-13T17:40:45.048+0000] {dag.py:2585} INFO - Sync 1 DAGs
[2025-02-13T17:40:45.112+0000] {logging_mixin.py:137} INFO - [2025-02-13T17:40:45.112+0000] {dag.py:3340} INFO - Setting next_dagrun for example_trigger_target_dag to None, run_after=None
[2025-02-13T17:40:45.182+0000] {processor.py:176} INFO - Processing /home/airflow/.local/lib/python3.7/site-packages/airflow/example_dags/example_trigger_target_dag.py took 0.305 seconds
[2025-02-13T17:41:16.230+0000] {processor.py:154} INFO - Started process (PID=5706) to work on /home/airflow/.local/lib/python3.7/site-packages/airflow/example_dags/example_trigger_target_dag.py
[2025-02-13T17:41:16.232+0000] {processor.py:756} INFO - Processing file /home/airflow/.local/lib/python3.7/site-packages/airflow/example_dags/example_trigger_target_dag.py for tasks to queue
[2025-02-13T17:41:16.234+0000] {logging_mixin.py:137} INFO - [2025-02-13T17:41:16.234+0000] {dagbag.py:537} INFO - Filling up the DagBag from /home/airflow/.local/lib/python3.7/site-packages/airflow/example_dags/example_trigger_target_dag.py
[2025-02-13T17:41:16.270+0000] {processor.py:766} INFO - DAG(s) dict_keys(['example_trigger_target_dag']) retrieved from /home/airflow/.local/lib/python3.7/site-packages/airflow/example_dags/example_trigger_target_dag.py
[2025-02-13T17:41:16.327+0000] {logging_mixin.py:137} INFO - [2025-02-13T17:41:16.326+0000] {dag.py:2585} INFO - Sync 1 DAGs
[2025-02-13T17:41:16.366+0000] {logging_mixin.py:137} INFO - [2025-02-13T17:41:16.365+0000] {dag.py:3340} INFO - Setting next_dagrun for example_trigger_target_dag to None, run_after=None
[2025-02-13T17:41:16.402+0000] {processor.py:176} INFO - Processing /home/airflow/.local/lib/python3.7/site-packages/airflow/example_dags/example_trigger_target_dag.py took 0.176 seconds
[2025-02-13T17:41:46.865+0000] {processor.py:154} INFO - Started process (PID=5886) to work on /home/airflow/.local/lib/python3.7/site-packages/airflow/example_dags/example_trigger_target_dag.py
[2025-02-13T17:41:46.867+0000] {processor.py:756} INFO - Processing file /home/airflow/.local/lib/python3.7/site-packages/airflow/example_dags/example_trigger_target_dag.py for tasks to queue
[2025-02-13T17:41:46.869+0000] {logging_mixin.py:137} INFO - [2025-02-13T17:41:46.869+0000] {dagbag.py:537} INFO - Filling up the DagBag from /home/airflow/.local/lib/python3.7/site-packages/airflow/example_dags/example_trigger_target_dag.py
[2025-02-13T17:41:46.923+0000] {processor.py:766} INFO - DAG(s) dict_keys(['example_trigger_target_dag']) retrieved from /home/airflow/.local/lib/python3.7/site-packages/airflow/example_dags/example_trigger_target_dag.py
[2025-02-13T17:41:47.025+0000] {logging_mixin.py:137} INFO - [2025-02-13T17:41:47.025+0000] {dag.py:2585} INFO - Sync 1 DAGs
[2025-02-13T17:41:47.082+0000] {logging_mixin.py:137} INFO - [2025-02-13T17:41:47.081+0000] {dag.py:3340} INFO - Setting next_dagrun for example_trigger_target_dag to None, run_after=None
[2025-02-13T17:41:47.126+0000] {processor.py:176} INFO - Processing /home/airflow/.local/lib/python3.7/site-packages/airflow/example_dags/example_trigger_target_dag.py took 0.269 seconds
[2025-02-13T17:42:17.319+0000] {processor.py:154} INFO - Started process (PID=6064) to work on /home/airflow/.local/lib/python3.7/site-packages/airflow/example_dags/example_trigger_target_dag.py
[2025-02-13T17:42:17.321+0000] {processor.py:756} INFO - Processing file /home/airflow/.local/lib/python3.7/site-packages/airflow/example_dags/example_trigger_target_dag.py for tasks to queue
[2025-02-13T17:42:17.323+0000] {logging_mixin.py:137} INFO - [2025-02-13T17:42:17.322+0000] {dagbag.py:537} INFO - Filling up the DagBag from /home/airflow/.local/lib/python3.7/site-packages/airflow/example_dags/example_trigger_target_dag.py
[2025-02-13T17:42:17.353+0000] {processor.py:766} INFO - DAG(s) dict_keys(['example_trigger_target_dag']) retrieved from /home/airflow/.local/lib/python3.7/site-packages/airflow/example_dags/example_trigger_target_dag.py
[2025-02-13T17:42:17.420+0000] {logging_mixin.py:137} INFO - [2025-02-13T17:42:17.420+0000] {dag.py:2585} INFO - Sync 1 DAGs
[2025-02-13T17:42:17.476+0000] {logging_mixin.py:137} INFO - [2025-02-13T17:42:17.476+0000] {dag.py:3340} INFO - Setting next_dagrun for example_trigger_target_dag to None, run_after=None
[2025-02-13T17:42:17.517+0000] {processor.py:176} INFO - Processing /home/airflow/.local/lib/python3.7/site-packages/airflow/example_dags/example_trigger_target_dag.py took 0.202 seconds
[2025-02-13T17:42:47.909+0000] {processor.py:154} INFO - Started process (PID=6244) to work on /home/airflow/.local/lib/python3.7/site-packages/airflow/example_dags/example_trigger_target_dag.py
[2025-02-13T17:42:47.911+0000] {processor.py:756} INFO - Processing file /home/airflow/.local/lib/python3.7/site-packages/airflow/example_dags/example_trigger_target_dag.py for tasks to queue
[2025-02-13T17:42:47.913+0000] {logging_mixin.py:137} INFO - [2025-02-13T17:42:47.913+0000] {dagbag.py:537} INFO - Filling up the DagBag from /home/airflow/.local/lib/python3.7/site-packages/airflow/example_dags/example_trigger_target_dag.py
[2025-02-13T17:42:47.966+0000] {processor.py:766} INFO - DAG(s) dict_keys(['example_trigger_target_dag']) retrieved from /home/airflow/.local/lib/python3.7/site-packages/airflow/example_dags/example_trigger_target_dag.py
[2025-02-13T17:42:48.061+0000] {logging_mixin.py:137} INFO - [2025-02-13T17:42:48.060+0000] {dag.py:2585} INFO - Sync 1 DAGs
[2025-02-13T17:42:48.115+0000] {logging_mixin.py:137} INFO - [2025-02-13T17:42:48.115+0000] {dag.py:3340} INFO - Setting next_dagrun for example_trigger_target_dag to None, run_after=None
[2025-02-13T17:42:48.171+0000] {processor.py:176} INFO - Processing /home/airflow/.local/lib/python3.7/site-packages/airflow/example_dags/example_trigger_target_dag.py took 0.269 seconds
[2025-02-13T17:43:19.031+0000] {processor.py:154} INFO - Started process (PID=6426) to work on /home/airflow/.local/lib/python3.7/site-packages/airflow/example_dags/example_trigger_target_dag.py
[2025-02-13T17:43:19.033+0000] {processor.py:756} INFO - Processing file /home/airflow/.local/lib/python3.7/site-packages/airflow/example_dags/example_trigger_target_dag.py for tasks to queue
[2025-02-13T17:43:19.035+0000] {logging_mixin.py:137} INFO - [2025-02-13T17:43:19.035+0000] {dagbag.py:537} INFO - Filling up the DagBag from /home/airflow/.local/lib/python3.7/site-packages/airflow/example_dags/example_trigger_target_dag.py
[2025-02-13T17:43:19.074+0000] {processor.py:766} INFO - DAG(s) dict_keys(['example_trigger_target_dag']) retrieved from /home/airflow/.local/lib/python3.7/site-packages/airflow/example_dags/example_trigger_target_dag.py
[2025-02-13T17:43:19.138+0000] {logging_mixin.py:137} INFO - [2025-02-13T17:43:19.138+0000] {dag.py:2585} INFO - Sync 1 DAGs
[2025-02-13T17:43:19.174+0000] {logging_mixin.py:137} INFO - [2025-02-13T17:43:19.174+0000] {dag.py:3340} INFO - Setting next_dagrun for example_trigger_target_dag to None, run_after=None
[2025-02-13T17:43:19.211+0000] {processor.py:176} INFO - Processing /home/airflow/.local/lib/python3.7/site-packages/airflow/example_dags/example_trigger_target_dag.py took 0.185 seconds
[2025-02-13T17:43:49.615+0000] {processor.py:154} INFO - Started process (PID=6606) to work on /home/airflow/.local/lib/python3.7/site-packages/airflow/example_dags/example_trigger_target_dag.py
[2025-02-13T17:43:49.617+0000] {processor.py:756} INFO - Processing file /home/airflow/.local/lib/python3.7/site-packages/airflow/example_dags/example_trigger_target_dag.py for tasks to queue
[2025-02-13T17:43:49.619+0000] {logging_mixin.py:137} INFO - [2025-02-13T17:43:49.619+0000] {dagbag.py:537} INFO - Filling up the DagBag from /home/airflow/.local/lib/python3.7/site-packages/airflow/example_dags/example_trigger_target_dag.py
[2025-02-13T17:43:49.660+0000] {processor.py:766} INFO - DAG(s) dict_keys(['example_trigger_target_dag']) retrieved from /home/airflow/.local/lib/python3.7/site-packages/airflow/example_dags/example_trigger_target_dag.py
[2025-02-13T17:43:49.731+0000] {logging_mixin.py:137} INFO - [2025-02-13T17:43:49.730+0000] {dag.py:2585} INFO - Sync 1 DAGs
[2025-02-13T17:43:49.780+0000] {logging_mixin.py:137} INFO - [2025-02-13T17:43:49.780+0000] {dag.py:3340} INFO - Setting next_dagrun for example_trigger_target_dag to None, run_after=None
[2025-02-13T17:43:49.819+0000] {processor.py:176} INFO - Processing /home/airflow/.local/lib/python3.7/site-packages/airflow/example_dags/example_trigger_target_dag.py took 0.209 seconds
[2025-02-13T17:44:20.462+0000] {processor.py:154} INFO - Started process (PID=6786) to work on /home/airflow/.local/lib/python3.7/site-packages/airflow/example_dags/example_trigger_target_dag.py
[2025-02-13T17:44:20.465+0000] {processor.py:756} INFO - Processing file /home/airflow/.local/lib/python3.7/site-packages/airflow/example_dags/example_trigger_target_dag.py for tasks to queue
[2025-02-13T17:44:20.467+0000] {logging_mixin.py:137} INFO - [2025-02-13T17:44:20.466+0000] {dagbag.py:537} INFO - Filling up the DagBag from /home/airflow/.local/lib/python3.7/site-packages/airflow/example_dags/example_trigger_target_dag.py
[2025-02-13T17:44:20.499+0000] {processor.py:766} INFO - DAG(s) dict_keys(['example_trigger_target_dag']) retrieved from /home/airflow/.local/lib/python3.7/site-packages/airflow/example_dags/example_trigger_target_dag.py
[2025-02-13T17:44:20.566+0000] {logging_mixin.py:137} INFO - [2025-02-13T17:44:20.566+0000] {dag.py:2585} INFO - Sync 1 DAGs
[2025-02-13T17:44:20.612+0000] {logging_mixin.py:137} INFO - [2025-02-13T17:44:20.612+0000] {dag.py:3340} INFO - Setting next_dagrun for example_trigger_target_dag to None, run_after=None
[2025-02-13T17:44:20.648+0000] {processor.py:176} INFO - Processing /home/airflow/.local/lib/python3.7/site-packages/airflow/example_dags/example_trigger_target_dag.py took 0.191 seconds
[2025-02-13T17:44:50.940+0000] {processor.py:154} INFO - Started process (PID=6966) to work on /home/airflow/.local/lib/python3.7/site-packages/airflow/example_dags/example_trigger_target_dag.py
[2025-02-13T17:44:50.943+0000] {processor.py:756} INFO - Processing file /home/airflow/.local/lib/python3.7/site-packages/airflow/example_dags/example_trigger_target_dag.py for tasks to queue
[2025-02-13T17:44:50.945+0000] {logging_mixin.py:137} INFO - [2025-02-13T17:44:50.944+0000] {dagbag.py:537} INFO - Filling up the DagBag from /home/airflow/.local/lib/python3.7/site-packages/airflow/example_dags/example_trigger_target_dag.py
[2025-02-13T17:44:50.981+0000] {processor.py:766} INFO - DAG(s) dict_keys(['example_trigger_target_dag']) retrieved from /home/airflow/.local/lib/python3.7/site-packages/airflow/example_dags/example_trigger_target_dag.py
[2025-02-13T17:44:51.063+0000] {logging_mixin.py:137} INFO - [2025-02-13T17:44:51.062+0000] {dag.py:2585} INFO - Sync 1 DAGs
[2025-02-13T17:44:51.106+0000] {logging_mixin.py:137} INFO - [2025-02-13T17:44:51.106+0000] {dag.py:3340} INFO - Setting next_dagrun for example_trigger_target_dag to None, run_after=None
[2025-02-13T17:44:51.153+0000] {processor.py:176} INFO - Processing /home/airflow/.local/lib/python3.7/site-packages/airflow/example_dags/example_trigger_target_dag.py took 0.221 seconds
[2025-02-13T17:45:21.246+0000] {processor.py:154} INFO - Started process (PID=7144) to work on /home/airflow/.local/lib/python3.7/site-packages/airflow/example_dags/example_trigger_target_dag.py
[2025-02-13T17:45:21.248+0000] {processor.py:756} INFO - Processing file /home/airflow/.local/lib/python3.7/site-packages/airflow/example_dags/example_trigger_target_dag.py for tasks to queue
[2025-02-13T17:45:21.250+0000] {logging_mixin.py:137} INFO - [2025-02-13T17:45:21.250+0000] {dagbag.py:537} INFO - Filling up the DagBag from /home/airflow/.local/lib/python3.7/site-packages/airflow/example_dags/example_trigger_target_dag.py
[2025-02-13T17:45:21.278+0000] {processor.py:766} INFO - DAG(s) dict_keys(['example_trigger_target_dag']) retrieved from /home/airflow/.local/lib/python3.7/site-packages/airflow/example_dags/example_trigger_target_dag.py
[2025-02-13T17:45:21.339+0000] {logging_mixin.py:137} INFO - [2025-02-13T17:45:21.338+0000] {dag.py:2585} INFO - Sync 1 DAGs
[2025-02-13T17:45:21.373+0000] {logging_mixin.py:137} INFO - [2025-02-13T17:45:21.373+0000] {dag.py:3340} INFO - Setting next_dagrun for example_trigger_target_dag to None, run_after=None
[2025-02-13T17:45:21.403+0000] {processor.py:176} INFO - Processing /home/airflow/.local/lib/python3.7/site-packages/airflow/example_dags/example_trigger_target_dag.py took 0.161 seconds
[2025-02-13T17:45:52.080+0000] {processor.py:154} INFO - Started process (PID=7324) to work on /home/airflow/.local/lib/python3.7/site-packages/airflow/example_dags/example_trigger_target_dag.py
[2025-02-13T17:45:52.082+0000] {processor.py:756} INFO - Processing file /home/airflow/.local/lib/python3.7/site-packages/airflow/example_dags/example_trigger_target_dag.py for tasks to queue
[2025-02-13T17:45:52.083+0000] {logging_mixin.py:137} INFO - [2025-02-13T17:45:52.083+0000] {dagbag.py:537} INFO - Filling up the DagBag from /home/airflow/.local/lib/python3.7/site-packages/airflow/example_dags/example_trigger_target_dag.py
[2025-02-13T17:45:52.114+0000] {processor.py:766} INFO - DAG(s) dict_keys(['example_trigger_target_dag']) retrieved from /home/airflow/.local/lib/python3.7/site-packages/airflow/example_dags/example_trigger_target_dag.py
[2025-02-13T17:45:52.173+0000] {logging_mixin.py:137} INFO - [2025-02-13T17:45:52.173+0000] {dag.py:2585} INFO - Sync 1 DAGs
[2025-02-13T17:45:52.207+0000] {logging_mixin.py:137} INFO - [2025-02-13T17:45:52.207+0000] {dag.py:3340} INFO - Setting next_dagrun for example_trigger_target_dag to None, run_after=None
[2025-02-13T17:45:52.241+0000] {processor.py:176} INFO - Processing /home/airflow/.local/lib/python3.7/site-packages/airflow/example_dags/example_trigger_target_dag.py took 0.166 seconds
[2025-02-13T17:47:39.071+0000] {processor.py:154} INFO - Started process (PID=301) to work on /home/airflow/.local/lib/python3.7/site-packages/airflow/example_dags/example_trigger_target_dag.py
[2025-02-13T17:47:39.074+0000] {processor.py:756} INFO - Processing file /home/airflow/.local/lib/python3.7/site-packages/airflow/example_dags/example_trigger_target_dag.py for tasks to queue
[2025-02-13T17:47:39.076+0000] {logging_mixin.py:137} INFO - [2025-02-13T17:47:39.075+0000] {dagbag.py:537} INFO - Filling up the DagBag from /home/airflow/.local/lib/python3.7/site-packages/airflow/example_dags/example_trigger_target_dag.py
[2025-02-13T17:47:39.113+0000] {processor.py:766} INFO - DAG(s) dict_keys(['example_trigger_target_dag']) retrieved from /home/airflow/.local/lib/python3.7/site-packages/airflow/example_dags/example_trigger_target_dag.py
[2025-02-13T17:47:39.225+0000] {logging_mixin.py:137} INFO - [2025-02-13T17:47:39.225+0000] {dag.py:2585} INFO - Sync 1 DAGs
[2025-02-13T17:47:39.292+0000] {logging_mixin.py:137} INFO - [2025-02-13T17:47:39.292+0000] {dag.py:3340} INFO - Setting next_dagrun for example_trigger_target_dag to None, run_after=None
[2025-02-13T17:47:39.343+0000] {processor.py:176} INFO - Processing /home/airflow/.local/lib/python3.7/site-packages/airflow/example_dags/example_trigger_target_dag.py took 0.283 seconds
[2025-02-13T17:48:09.684+0000] {processor.py:154} INFO - Started process (PID=479) to work on /home/airflow/.local/lib/python3.7/site-packages/airflow/example_dags/example_trigger_target_dag.py
[2025-02-13T17:48:09.685+0000] {processor.py:756} INFO - Processing file /home/airflow/.local/lib/python3.7/site-packages/airflow/example_dags/example_trigger_target_dag.py for tasks to queue
[2025-02-13T17:48:09.689+0000] {logging_mixin.py:137} INFO - [2025-02-13T17:48:09.689+0000] {dagbag.py:537} INFO - Filling up the DagBag from /home/airflow/.local/lib/python3.7/site-packages/airflow/example_dags/example_trigger_target_dag.py
[2025-02-13T17:48:09.736+0000] {processor.py:766} INFO - DAG(s) dict_keys(['example_trigger_target_dag']) retrieved from /home/airflow/.local/lib/python3.7/site-packages/airflow/example_dags/example_trigger_target_dag.py
[2025-02-13T17:48:09.783+0000] {logging_mixin.py:137} INFO - [2025-02-13T17:48:09.783+0000] {dag.py:2585} INFO - Sync 1 DAGs
[2025-02-13T17:48:09.823+0000] {logging_mixin.py:137} INFO - [2025-02-13T17:48:09.823+0000] {dag.py:3340} INFO - Setting next_dagrun for example_trigger_target_dag to None, run_after=None
[2025-02-13T17:48:09.887+0000] {processor.py:176} INFO - Processing /home/airflow/.local/lib/python3.7/site-packages/airflow/example_dags/example_trigger_target_dag.py took 0.209 seconds
[2025-02-13T17:48:40.232+0000] {processor.py:154} INFO - Started process (PID=661) to work on /home/airflow/.local/lib/python3.7/site-packages/airflow/example_dags/example_trigger_target_dag.py
[2025-02-13T17:48:40.234+0000] {processor.py:756} INFO - Processing file /home/airflow/.local/lib/python3.7/site-packages/airflow/example_dags/example_trigger_target_dag.py for tasks to queue
[2025-02-13T17:48:40.237+0000] {logging_mixin.py:137} INFO - [2025-02-13T17:48:40.236+0000] {dagbag.py:537} INFO - Filling up the DagBag from /home/airflow/.local/lib/python3.7/site-packages/airflow/example_dags/example_trigger_target_dag.py
[2025-02-13T17:48:40.264+0000] {processor.py:766} INFO - DAG(s) dict_keys(['example_trigger_target_dag']) retrieved from /home/airflow/.local/lib/python3.7/site-packages/airflow/example_dags/example_trigger_target_dag.py
[2025-02-13T17:48:40.328+0000] {logging_mixin.py:137} INFO - [2025-02-13T17:48:40.327+0000] {dag.py:2585} INFO - Sync 1 DAGs
[2025-02-13T17:48:40.363+0000] {logging_mixin.py:137} INFO - [2025-02-13T17:48:40.362+0000] {dag.py:3340} INFO - Setting next_dagrun for example_trigger_target_dag to None, run_after=None
[2025-02-13T17:48:40.398+0000] {processor.py:176} INFO - Processing /home/airflow/.local/lib/python3.7/site-packages/airflow/example_dags/example_trigger_target_dag.py took 0.172 seconds
[2025-02-13T17:49:11.435+0000] {processor.py:154} INFO - Started process (PID=842) to work on /home/airflow/.local/lib/python3.7/site-packages/airflow/example_dags/example_trigger_target_dag.py
[2025-02-13T17:49:11.437+0000] {processor.py:756} INFO - Processing file /home/airflow/.local/lib/python3.7/site-packages/airflow/example_dags/example_trigger_target_dag.py for tasks to queue
[2025-02-13T17:49:11.439+0000] {logging_mixin.py:137} INFO - [2025-02-13T17:49:11.438+0000] {dagbag.py:537} INFO - Filling up the DagBag from /home/airflow/.local/lib/python3.7/site-packages/airflow/example_dags/example_trigger_target_dag.py
[2025-02-13T17:49:11.500+0000] {processor.py:766} INFO - DAG(s) dict_keys(['example_trigger_target_dag']) retrieved from /home/airflow/.local/lib/python3.7/site-packages/airflow/example_dags/example_trigger_target_dag.py
[2025-02-13T17:49:11.576+0000] {logging_mixin.py:137} INFO - [2025-02-13T17:49:11.576+0000] {dag.py:2585} INFO - Sync 1 DAGs
[2025-02-13T17:49:11.618+0000] {logging_mixin.py:137} INFO - [2025-02-13T17:49:11.618+0000] {dag.py:3340} INFO - Setting next_dagrun for example_trigger_target_dag to None, run_after=None
[2025-02-13T17:49:11.651+0000] {processor.py:176} INFO - Processing /home/airflow/.local/lib/python3.7/site-packages/airflow/example_dags/example_trigger_target_dag.py took 0.222 seconds
[2025-02-13T17:49:42.002+0000] {processor.py:154} INFO - Started process (PID=1022) to work on /home/airflow/.local/lib/python3.7/site-packages/airflow/example_dags/example_trigger_target_dag.py
[2025-02-13T17:49:42.004+0000] {processor.py:756} INFO - Processing file /home/airflow/.local/lib/python3.7/site-packages/airflow/example_dags/example_trigger_target_dag.py for tasks to queue
[2025-02-13T17:49:42.006+0000] {logging_mixin.py:137} INFO - [2025-02-13T17:49:42.006+0000] {dagbag.py:537} INFO - Filling up the DagBag from /home/airflow/.local/lib/python3.7/site-packages/airflow/example_dags/example_trigger_target_dag.py
[2025-02-13T17:49:42.037+0000] {processor.py:766} INFO - DAG(s) dict_keys(['example_trigger_target_dag']) retrieved from /home/airflow/.local/lib/python3.7/site-packages/airflow/example_dags/example_trigger_target_dag.py
[2025-02-13T17:49:42.102+0000] {logging_mixin.py:137} INFO - [2025-02-13T17:49:42.102+0000] {dag.py:2585} INFO - Sync 1 DAGs
[2025-02-13T17:49:42.135+0000] {logging_mixin.py:137} INFO - [2025-02-13T17:49:42.135+0000] {dag.py:3340} INFO - Setting next_dagrun for example_trigger_target_dag to None, run_after=None
[2025-02-13T17:49:42.172+0000] {processor.py:176} INFO - Processing /home/airflow/.local/lib/python3.7/site-packages/airflow/example_dags/example_trigger_target_dag.py took 0.175 seconds
[2025-02-13T17:50:12.482+0000] {processor.py:154} INFO - Started process (PID=1201) to work on /home/airflow/.local/lib/python3.7/site-packages/airflow/example_dags/example_trigger_target_dag.py
[2025-02-13T17:50:12.484+0000] {processor.py:756} INFO - Processing file /home/airflow/.local/lib/python3.7/site-packages/airflow/example_dags/example_trigger_target_dag.py for tasks to queue
[2025-02-13T17:50:12.486+0000] {logging_mixin.py:137} INFO - [2025-02-13T17:50:12.486+0000] {dagbag.py:537} INFO - Filling up the DagBag from /home/airflow/.local/lib/python3.7/site-packages/airflow/example_dags/example_trigger_target_dag.py
[2025-02-13T17:50:12.520+0000] {processor.py:766} INFO - DAG(s) dict_keys(['example_trigger_target_dag']) retrieved from /home/airflow/.local/lib/python3.7/site-packages/airflow/example_dags/example_trigger_target_dag.py
[2025-02-13T17:50:12.598+0000] {logging_mixin.py:137} INFO - [2025-02-13T17:50:12.597+0000] {dag.py:2585} INFO - Sync 1 DAGs
[2025-02-13T17:50:12.635+0000] {logging_mixin.py:137} INFO - [2025-02-13T17:50:12.634+0000] {dag.py:3340} INFO - Setting next_dagrun for example_trigger_target_dag to None, run_after=None
[2025-02-13T17:50:12.659+0000] {processor.py:176} INFO - Processing /home/airflow/.local/lib/python3.7/site-packages/airflow/example_dags/example_trigger_target_dag.py took 0.184 seconds
[2025-02-13T17:50:43.197+0000] {processor.py:154} INFO - Started process (PID=1381) to work on /home/airflow/.local/lib/python3.7/site-packages/airflow/example_dags/example_trigger_target_dag.py
[2025-02-13T17:50:43.199+0000] {processor.py:756} INFO - Processing file /home/airflow/.local/lib/python3.7/site-packages/airflow/example_dags/example_trigger_target_dag.py for tasks to queue
[2025-02-13T17:50:43.201+0000] {logging_mixin.py:137} INFO - [2025-02-13T17:50:43.200+0000] {dagbag.py:537} INFO - Filling up the DagBag from /home/airflow/.local/lib/python3.7/site-packages/airflow/example_dags/example_trigger_target_dag.py
[2025-02-13T17:50:43.239+0000] {processor.py:766} INFO - DAG(s) dict_keys(['example_trigger_target_dag']) retrieved from /home/airflow/.local/lib/python3.7/site-packages/airflow/example_dags/example_trigger_target_dag.py
[2025-02-13T17:50:43.301+0000] {logging_mixin.py:137} INFO - [2025-02-13T17:50:43.301+0000] {dag.py:2585} INFO - Sync 1 DAGs
[2025-02-13T17:50:43.335+0000] {logging_mixin.py:137} INFO - [2025-02-13T17:50:43.335+0000] {dag.py:3340} INFO - Setting next_dagrun for example_trigger_target_dag to None, run_after=None
[2025-02-13T17:50:43.365+0000] {processor.py:176} INFO - Processing /home/airflow/.local/lib/python3.7/site-packages/airflow/example_dags/example_trigger_target_dag.py took 0.178 seconds
[2025-02-13T17:51:13.705+0000] {processor.py:154} INFO - Started process (PID=1562) to work on /home/airflow/.local/lib/python3.7/site-packages/airflow/example_dags/example_trigger_target_dag.py
[2025-02-13T17:51:13.707+0000] {processor.py:756} INFO - Processing file /home/airflow/.local/lib/python3.7/site-packages/airflow/example_dags/example_trigger_target_dag.py for tasks to queue
[2025-02-13T17:51:13.708+0000] {logging_mixin.py:137} INFO - [2025-02-13T17:51:13.708+0000] {dagbag.py:537} INFO - Filling up the DagBag from /home/airflow/.local/lib/python3.7/site-packages/airflow/example_dags/example_trigger_target_dag.py
[2025-02-13T17:51:13.733+0000] {processor.py:766} INFO - DAG(s) dict_keys(['example_trigger_target_dag']) retrieved from /home/airflow/.local/lib/python3.7/site-packages/airflow/example_dags/example_trigger_target_dag.py
[2025-02-13T17:51:13.788+0000] {logging_mixin.py:137} INFO - [2025-02-13T17:51:13.788+0000] {dag.py:2585} INFO - Sync 1 DAGs
[2025-02-13T17:51:13.821+0000] {logging_mixin.py:137} INFO - [2025-02-13T17:51:13.821+0000] {dag.py:3340} INFO - Setting next_dagrun for example_trigger_target_dag to None, run_after=None
[2025-02-13T17:51:13.850+0000] {processor.py:176} INFO - Processing /home/airflow/.local/lib/python3.7/site-packages/airflow/example_dags/example_trigger_target_dag.py took 0.150 seconds
[2025-02-13T17:51:44.441+0000] {processor.py:154} INFO - Started process (PID=1742) to work on /home/airflow/.local/lib/python3.7/site-packages/airflow/example_dags/example_trigger_target_dag.py
[2025-02-13T17:51:44.444+0000] {processor.py:756} INFO - Processing file /home/airflow/.local/lib/python3.7/site-packages/airflow/example_dags/example_trigger_target_dag.py for tasks to queue
[2025-02-13T17:51:44.446+0000] {logging_mixin.py:137} INFO - [2025-02-13T17:51:44.445+0000] {dagbag.py:537} INFO - Filling up the DagBag from /home/airflow/.local/lib/python3.7/site-packages/airflow/example_dags/example_trigger_target_dag.py
[2025-02-13T17:51:44.489+0000] {processor.py:766} INFO - DAG(s) dict_keys(['example_trigger_target_dag']) retrieved from /home/airflow/.local/lib/python3.7/site-packages/airflow/example_dags/example_trigger_target_dag.py
[2025-02-13T17:51:44.576+0000] {logging_mixin.py:137} INFO - [2025-02-13T17:51:44.576+0000] {dag.py:2585} INFO - Sync 1 DAGs
[2025-02-13T17:51:44.632+0000] {logging_mixin.py:137} INFO - [2025-02-13T17:51:44.632+0000] {dag.py:3340} INFO - Setting next_dagrun for example_trigger_target_dag to None, run_after=None
[2025-02-13T17:51:44.685+0000] {processor.py:176} INFO - Processing /home/airflow/.local/lib/python3.7/site-packages/airflow/example_dags/example_trigger_target_dag.py took 0.248 seconds
