[2025-02-13T17:24:22.894+0000] {processor.py:154} INFO - Started process (PID=271) to work on /home/airflow/.local/lib/python3.7/site-packages/airflow/example_dags/example_time_delta_sensor_async.py
[2025-02-13T17:24:22.897+0000] {processor.py:756} INFO - Processing file /home/airflow/.local/lib/python3.7/site-packages/airflow/example_dags/example_time_delta_sensor_async.py for tasks to queue
[2025-02-13T17:24:22.899+0000] {logging_mixin.py:137} INFO - [2025-02-13T17:24:22.899+0000] {dagbag.py:537} INFO - Filling up the DagBag from /home/airflow/.local/lib/python3.7/site-packages/airflow/example_dags/example_time_delta_sensor_async.py
[2025-02-13T17:24:22.958+0000] {processor.py:766} INFO - DAG(s) dict_keys(['example_time_delta_sensor_async']) retrieved from /home/airflow/.local/lib/python3.7/site-packages/airflow/example_dags/example_time_delta_sensor_async.py
[2025-02-13T17:24:24.064+0000] {logging_mixin.py:137} INFO - [2025-02-13T17:24:24.064+0000] {process_utils.py:256} INFO - Waiting up to 5 seconds for processes to exit...
[2025-02-13T17:25:22.444+0000] {processor.py:154} INFO - Started process (PID=271) to work on /home/airflow/.local/lib/python3.7/site-packages/airflow/example_dags/example_time_delta_sensor_async.py
[2025-02-13T17:25:22.446+0000] {processor.py:756} INFO - Processing file /home/airflow/.local/lib/python3.7/site-packages/airflow/example_dags/example_time_delta_sensor_async.py for tasks to queue
[2025-02-13T17:25:22.449+0000] {logging_mixin.py:137} INFO - [2025-02-13T17:25:22.449+0000] {dagbag.py:537} INFO - Filling up the DagBag from /home/airflow/.local/lib/python3.7/site-packages/airflow/example_dags/example_time_delta_sensor_async.py
[2025-02-13T17:25:22.495+0000] {processor.py:766} INFO - DAG(s) dict_keys(['example_time_delta_sensor_async']) retrieved from /home/airflow/.local/lib/python3.7/site-packages/airflow/example_dags/example_time_delta_sensor_async.py
[2025-02-13T17:25:22.909+0000] {logging_mixin.py:137} INFO - [2025-02-13T17:25:22.909+0000] {dag.py:2585} INFO - Sync 1 DAGs
[2025-02-13T17:25:22.954+0000] {logging_mixin.py:137} INFO - [2025-02-13T17:25:22.954+0000] {dag.py:3340} INFO - Setting next_dagrun for example_time_delta_sensor_async to None, run_after=None
[2025-02-13T17:25:23.011+0000] {processor.py:176} INFO - Processing /home/airflow/.local/lib/python3.7/site-packages/airflow/example_dags/example_time_delta_sensor_async.py took 0.574 seconds
[2025-02-13T17:25:54.022+0000] {processor.py:154} INFO - Started process (PID=451) to work on /home/airflow/.local/lib/python3.7/site-packages/airflow/example_dags/example_time_delta_sensor_async.py
[2025-02-13T17:25:54.025+0000] {processor.py:756} INFO - Processing file /home/airflow/.local/lib/python3.7/site-packages/airflow/example_dags/example_time_delta_sensor_async.py for tasks to queue
[2025-02-13T17:25:54.027+0000] {logging_mixin.py:137} INFO - [2025-02-13T17:25:54.027+0000] {dagbag.py:537} INFO - Filling up the DagBag from /home/airflow/.local/lib/python3.7/site-packages/airflow/example_dags/example_time_delta_sensor_async.py
[2025-02-13T17:25:54.077+0000] {processor.py:766} INFO - DAG(s) dict_keys(['example_time_delta_sensor_async']) retrieved from /home/airflow/.local/lib/python3.7/site-packages/airflow/example_dags/example_time_delta_sensor_async.py
[2025-02-13T17:25:54.838+0000] {logging_mixin.py:137} INFO - [2025-02-13T17:25:54.837+0000] {dag.py:2585} INFO - Sync 1 DAGs
[2025-02-13T17:25:54.896+0000] {logging_mixin.py:137} INFO - [2025-02-13T17:25:54.896+0000] {dag.py:3340} INFO - Setting next_dagrun for example_time_delta_sensor_async to None, run_after=None
[2025-02-13T17:25:54.951+0000] {processor.py:176} INFO - Processing /home/airflow/.local/lib/python3.7/site-packages/airflow/example_dags/example_time_delta_sensor_async.py took 0.936 seconds
[2025-02-13T17:26:25.325+0000] {processor.py:154} INFO - Started process (PID=632) to work on /home/airflow/.local/lib/python3.7/site-packages/airflow/example_dags/example_time_delta_sensor_async.py
[2025-02-13T17:26:25.328+0000] {processor.py:756} INFO - Processing file /home/airflow/.local/lib/python3.7/site-packages/airflow/example_dags/example_time_delta_sensor_async.py for tasks to queue
[2025-02-13T17:26:25.332+0000] {logging_mixin.py:137} INFO - [2025-02-13T17:26:25.331+0000] {dagbag.py:537} INFO - Filling up the DagBag from /home/airflow/.local/lib/python3.7/site-packages/airflow/example_dags/example_time_delta_sensor_async.py
[2025-02-13T17:26:25.361+0000] {processor.py:766} INFO - DAG(s) dict_keys(['example_time_delta_sensor_async']) retrieved from /home/airflow/.local/lib/python3.7/site-packages/airflow/example_dags/example_time_delta_sensor_async.py
[2025-02-13T17:26:25.961+0000] {logging_mixin.py:137} INFO - [2025-02-13T17:26:25.961+0000] {dag.py:2585} INFO - Sync 1 DAGs
[2025-02-13T17:26:26.029+0000] {logging_mixin.py:137} INFO - [2025-02-13T17:26:26.029+0000] {dag.py:3340} INFO - Setting next_dagrun for example_time_delta_sensor_async to None, run_after=None
[2025-02-13T17:26:26.093+0000] {processor.py:176} INFO - Processing /home/airflow/.local/lib/python3.7/site-packages/airflow/example_dags/example_time_delta_sensor_async.py took 0.776 seconds
[2025-02-13T17:26:56.463+0000] {processor.py:154} INFO - Started process (PID=819) to work on /home/airflow/.local/lib/python3.7/site-packages/airflow/example_dags/example_time_delta_sensor_async.py
[2025-02-13T17:26:56.465+0000] {processor.py:756} INFO - Processing file /home/airflow/.local/lib/python3.7/site-packages/airflow/example_dags/example_time_delta_sensor_async.py for tasks to queue
[2025-02-13T17:26:56.468+0000] {logging_mixin.py:137} INFO - [2025-02-13T17:26:56.467+0000] {dagbag.py:537} INFO - Filling up the DagBag from /home/airflow/.local/lib/python3.7/site-packages/airflow/example_dags/example_time_delta_sensor_async.py
[2025-02-13T17:26:56.496+0000] {processor.py:766} INFO - DAG(s) dict_keys(['example_time_delta_sensor_async']) retrieved from /home/airflow/.local/lib/python3.7/site-packages/airflow/example_dags/example_time_delta_sensor_async.py
[2025-02-13T17:26:56.548+0000] {logging_mixin.py:137} INFO - [2025-02-13T17:26:56.547+0000] {dag.py:2585} INFO - Sync 1 DAGs
[2025-02-13T17:26:56.621+0000] {logging_mixin.py:137} INFO - [2025-02-13T17:26:56.621+0000] {dag.py:3340} INFO - Setting next_dagrun for example_time_delta_sensor_async to None, run_after=None
[2025-02-13T17:26:56.677+0000] {processor.py:176} INFO - Processing /home/airflow/.local/lib/python3.7/site-packages/airflow/example_dags/example_time_delta_sensor_async.py took 0.221 seconds
[2025-02-13T17:27:27.285+0000] {processor.py:154} INFO - Started process (PID=994) to work on /home/airflow/.local/lib/python3.7/site-packages/airflow/example_dags/example_time_delta_sensor_async.py
[2025-02-13T17:27:27.290+0000] {processor.py:756} INFO - Processing file /home/airflow/.local/lib/python3.7/site-packages/airflow/example_dags/example_time_delta_sensor_async.py for tasks to queue
[2025-02-13T17:27:27.301+0000] {logging_mixin.py:137} INFO - [2025-02-13T17:27:27.293+0000] {dagbag.py:537} INFO - Filling up the DagBag from /home/airflow/.local/lib/python3.7/site-packages/airflow/example_dags/example_time_delta_sensor_async.py
[2025-02-13T17:27:27.395+0000] {processor.py:766} INFO - DAG(s) dict_keys(['example_time_delta_sensor_async']) retrieved from /home/airflow/.local/lib/python3.7/site-packages/airflow/example_dags/example_time_delta_sensor_async.py
[2025-02-13T17:27:27.495+0000] {logging_mixin.py:137} INFO - [2025-02-13T17:27:27.494+0000] {dag.py:2585} INFO - Sync 1 DAGs
[2025-02-13T17:27:27.568+0000] {logging_mixin.py:137} INFO - [2025-02-13T17:27:27.567+0000] {dag.py:3340} INFO - Setting next_dagrun for example_time_delta_sensor_async to None, run_after=None
[2025-02-13T17:27:27.638+0000] {processor.py:176} INFO - Processing /home/airflow/.local/lib/python3.7/site-packages/airflow/example_dags/example_time_delta_sensor_async.py took 0.371 seconds
[2025-02-13T17:27:58.126+0000] {processor.py:154} INFO - Started process (PID=1172) to work on /home/airflow/.local/lib/python3.7/site-packages/airflow/example_dags/example_time_delta_sensor_async.py
[2025-02-13T17:27:58.129+0000] {processor.py:756} INFO - Processing file /home/airflow/.local/lib/python3.7/site-packages/airflow/example_dags/example_time_delta_sensor_async.py for tasks to queue
[2025-02-13T17:27:58.132+0000] {logging_mixin.py:137} INFO - [2025-02-13T17:27:58.131+0000] {dagbag.py:537} INFO - Filling up the DagBag from /home/airflow/.local/lib/python3.7/site-packages/airflow/example_dags/example_time_delta_sensor_async.py
[2025-02-13T17:27:58.161+0000] {processor.py:766} INFO - DAG(s) dict_keys(['example_time_delta_sensor_async']) retrieved from /home/airflow/.local/lib/python3.7/site-packages/airflow/example_dags/example_time_delta_sensor_async.py
[2025-02-13T17:27:58.216+0000] {logging_mixin.py:137} INFO - [2025-02-13T17:27:58.216+0000] {dag.py:2585} INFO - Sync 1 DAGs
[2025-02-13T17:27:58.273+0000] {logging_mixin.py:137} INFO - [2025-02-13T17:27:58.273+0000] {dag.py:3340} INFO - Setting next_dagrun for example_time_delta_sensor_async to None, run_after=None
[2025-02-13T17:27:58.312+0000] {processor.py:176} INFO - Processing /home/airflow/.local/lib/python3.7/site-packages/airflow/example_dags/example_time_delta_sensor_async.py took 0.194 seconds
[2025-02-13T17:28:28.917+0000] {processor.py:154} INFO - Started process (PID=1354) to work on /home/airflow/.local/lib/python3.7/site-packages/airflow/example_dags/example_time_delta_sensor_async.py
[2025-02-13T17:28:28.920+0000] {processor.py:756} INFO - Processing file /home/airflow/.local/lib/python3.7/site-packages/airflow/example_dags/example_time_delta_sensor_async.py for tasks to queue
[2025-02-13T17:28:28.922+0000] {logging_mixin.py:137} INFO - [2025-02-13T17:28:28.922+0000] {dagbag.py:537} INFO - Filling up the DagBag from /home/airflow/.local/lib/python3.7/site-packages/airflow/example_dags/example_time_delta_sensor_async.py
[2025-02-13T17:28:28.946+0000] {processor.py:766} INFO - DAG(s) dict_keys(['example_time_delta_sensor_async']) retrieved from /home/airflow/.local/lib/python3.7/site-packages/airflow/example_dags/example_time_delta_sensor_async.py
[2025-02-13T17:28:29.006+0000] {logging_mixin.py:137} INFO - [2025-02-13T17:28:29.006+0000] {dag.py:2585} INFO - Sync 1 DAGs
[2025-02-13T17:28:29.093+0000] {logging_mixin.py:137} INFO - [2025-02-13T17:28:29.092+0000] {dag.py:3340} INFO - Setting next_dagrun for example_time_delta_sensor_async to None, run_after=None
[2025-02-13T17:28:29.159+0000] {processor.py:176} INFO - Processing /home/airflow/.local/lib/python3.7/site-packages/airflow/example_dags/example_time_delta_sensor_async.py took 0.247 seconds
[2025-02-13T17:28:59.744+0000] {processor.py:154} INFO - Started process (PID=1534) to work on /home/airflow/.local/lib/python3.7/site-packages/airflow/example_dags/example_time_delta_sensor_async.py
[2025-02-13T17:28:59.746+0000] {processor.py:756} INFO - Processing file /home/airflow/.local/lib/python3.7/site-packages/airflow/example_dags/example_time_delta_sensor_async.py for tasks to queue
[2025-02-13T17:28:59.747+0000] {logging_mixin.py:137} INFO - [2025-02-13T17:28:59.747+0000] {dagbag.py:537} INFO - Filling up the DagBag from /home/airflow/.local/lib/python3.7/site-packages/airflow/example_dags/example_time_delta_sensor_async.py
[2025-02-13T17:28:59.770+0000] {processor.py:766} INFO - DAG(s) dict_keys(['example_time_delta_sensor_async']) retrieved from /home/airflow/.local/lib/python3.7/site-packages/airflow/example_dags/example_time_delta_sensor_async.py
[2025-02-13T17:28:59.817+0000] {logging_mixin.py:137} INFO - [2025-02-13T17:28:59.817+0000] {dag.py:2585} INFO - Sync 1 DAGs
[2025-02-13T17:28:59.873+0000] {logging_mixin.py:137} INFO - [2025-02-13T17:28:59.872+0000] {dag.py:3340} INFO - Setting next_dagrun for example_time_delta_sensor_async to None, run_after=None
[2025-02-13T17:28:59.923+0000] {processor.py:176} INFO - Processing /home/airflow/.local/lib/python3.7/site-packages/airflow/example_dags/example_time_delta_sensor_async.py took 0.191 seconds
[2025-02-13T17:29:30.173+0000] {processor.py:154} INFO - Started process (PID=1714) to work on /home/airflow/.local/lib/python3.7/site-packages/airflow/example_dags/example_time_delta_sensor_async.py
[2025-02-13T17:29:30.176+0000] {processor.py:756} INFO - Processing file /home/airflow/.local/lib/python3.7/site-packages/airflow/example_dags/example_time_delta_sensor_async.py for tasks to queue
[2025-02-13T17:29:30.179+0000] {logging_mixin.py:137} INFO - [2025-02-13T17:29:30.178+0000] {dagbag.py:537} INFO - Filling up the DagBag from /home/airflow/.local/lib/python3.7/site-packages/airflow/example_dags/example_time_delta_sensor_async.py
[2025-02-13T17:29:30.205+0000] {processor.py:766} INFO - DAG(s) dict_keys(['example_time_delta_sensor_async']) retrieved from /home/airflow/.local/lib/python3.7/site-packages/airflow/example_dags/example_time_delta_sensor_async.py
[2025-02-13T17:29:30.252+0000] {logging_mixin.py:137} INFO - [2025-02-13T17:29:30.251+0000] {dag.py:2585} INFO - Sync 1 DAGs
[2025-02-13T17:29:30.298+0000] {logging_mixin.py:137} INFO - [2025-02-13T17:29:30.297+0000] {dag.py:3340} INFO - Setting next_dagrun for example_time_delta_sensor_async to None, run_after=None
[2025-02-13T17:29:30.341+0000] {processor.py:176} INFO - Processing /home/airflow/.local/lib/python3.7/site-packages/airflow/example_dags/example_time_delta_sensor_async.py took 0.177 seconds
[2025-02-13T17:30:00.713+0000] {processor.py:154} INFO - Started process (PID=1892) to work on /home/airflow/.local/lib/python3.7/site-packages/airflow/example_dags/example_time_delta_sensor_async.py
[2025-02-13T17:30:00.715+0000] {processor.py:756} INFO - Processing file /home/airflow/.local/lib/python3.7/site-packages/airflow/example_dags/example_time_delta_sensor_async.py for tasks to queue
[2025-02-13T17:30:00.719+0000] {logging_mixin.py:137} INFO - [2025-02-13T17:30:00.718+0000] {dagbag.py:537} INFO - Filling up the DagBag from /home/airflow/.local/lib/python3.7/site-packages/airflow/example_dags/example_time_delta_sensor_async.py
[2025-02-13T17:30:00.744+0000] {processor.py:766} INFO - DAG(s) dict_keys(['example_time_delta_sensor_async']) retrieved from /home/airflow/.local/lib/python3.7/site-packages/airflow/example_dags/example_time_delta_sensor_async.py
[2025-02-13T17:30:00.821+0000] {logging_mixin.py:137} INFO - [2025-02-13T17:30:00.821+0000] {dag.py:2585} INFO - Sync 1 DAGs
[2025-02-13T17:30:00.885+0000] {logging_mixin.py:137} INFO - [2025-02-13T17:30:00.884+0000] {dag.py:3340} INFO - Setting next_dagrun for example_time_delta_sensor_async to None, run_after=None
[2025-02-13T17:30:00.949+0000] {processor.py:176} INFO - Processing /home/airflow/.local/lib/python3.7/site-packages/airflow/example_dags/example_time_delta_sensor_async.py took 0.242 seconds
[2025-02-13T17:30:31.606+0000] {processor.py:154} INFO - Started process (PID=2072) to work on /home/airflow/.local/lib/python3.7/site-packages/airflow/example_dags/example_time_delta_sensor_async.py
[2025-02-13T17:30:31.609+0000] {processor.py:756} INFO - Processing file /home/airflow/.local/lib/python3.7/site-packages/airflow/example_dags/example_time_delta_sensor_async.py for tasks to queue
[2025-02-13T17:30:31.612+0000] {logging_mixin.py:137} INFO - [2025-02-13T17:30:31.612+0000] {dagbag.py:537} INFO - Filling up the DagBag from /home/airflow/.local/lib/python3.7/site-packages/airflow/example_dags/example_time_delta_sensor_async.py
[2025-02-13T17:30:31.659+0000] {processor.py:766} INFO - DAG(s) dict_keys(['example_time_delta_sensor_async']) retrieved from /home/airflow/.local/lib/python3.7/site-packages/airflow/example_dags/example_time_delta_sensor_async.py
[2025-02-13T17:30:31.715+0000] {logging_mixin.py:137} INFO - [2025-02-13T17:30:31.715+0000] {dag.py:2585} INFO - Sync 1 DAGs
[2025-02-13T17:30:31.784+0000] {logging_mixin.py:137} INFO - [2025-02-13T17:30:31.784+0000] {dag.py:3340} INFO - Setting next_dagrun for example_time_delta_sensor_async to None, run_after=None
[2025-02-13T17:30:31.843+0000] {processor.py:176} INFO - Processing /home/airflow/.local/lib/python3.7/site-packages/airflow/example_dags/example_time_delta_sensor_async.py took 0.245 seconds
[2025-02-13T17:31:02.009+0000] {processor.py:154} INFO - Started process (PID=2252) to work on /home/airflow/.local/lib/python3.7/site-packages/airflow/example_dags/example_time_delta_sensor_async.py
[2025-02-13T17:31:02.011+0000] {processor.py:756} INFO - Processing file /home/airflow/.local/lib/python3.7/site-packages/airflow/example_dags/example_time_delta_sensor_async.py for tasks to queue
[2025-02-13T17:31:02.013+0000] {logging_mixin.py:137} INFO - [2025-02-13T17:31:02.013+0000] {dagbag.py:537} INFO - Filling up the DagBag from /home/airflow/.local/lib/python3.7/site-packages/airflow/example_dags/example_time_delta_sensor_async.py
[2025-02-13T17:31:02.038+0000] {processor.py:766} INFO - DAG(s) dict_keys(['example_time_delta_sensor_async']) retrieved from /home/airflow/.local/lib/python3.7/site-packages/airflow/example_dags/example_time_delta_sensor_async.py
[2025-02-13T17:31:02.086+0000] {logging_mixin.py:137} INFO - [2025-02-13T17:31:02.086+0000] {dag.py:2585} INFO - Sync 1 DAGs
[2025-02-13T17:31:02.135+0000] {logging_mixin.py:137} INFO - [2025-02-13T17:31:02.134+0000] {dag.py:3340} INFO - Setting next_dagrun for example_time_delta_sensor_async to None, run_after=None
[2025-02-13T17:31:02.175+0000] {processor.py:176} INFO - Processing /home/airflow/.local/lib/python3.7/site-packages/airflow/example_dags/example_time_delta_sensor_async.py took 0.177 seconds
[2025-02-13T17:31:32.770+0000] {processor.py:154} INFO - Started process (PID=2432) to work on /home/airflow/.local/lib/python3.7/site-packages/airflow/example_dags/example_time_delta_sensor_async.py
[2025-02-13T17:31:32.774+0000] {processor.py:756} INFO - Processing file /home/airflow/.local/lib/python3.7/site-packages/airflow/example_dags/example_time_delta_sensor_async.py for tasks to queue
[2025-02-13T17:31:32.777+0000] {logging_mixin.py:137} INFO - [2025-02-13T17:31:32.777+0000] {dagbag.py:537} INFO - Filling up the DagBag from /home/airflow/.local/lib/python3.7/site-packages/airflow/example_dags/example_time_delta_sensor_async.py
[2025-02-13T17:31:32.819+0000] {processor.py:766} INFO - DAG(s) dict_keys(['example_time_delta_sensor_async']) retrieved from /home/airflow/.local/lib/python3.7/site-packages/airflow/example_dags/example_time_delta_sensor_async.py
[2025-02-13T17:31:32.910+0000] {logging_mixin.py:137} INFO - [2025-02-13T17:31:32.909+0000] {dag.py:2585} INFO - Sync 1 DAGs
[2025-02-13T17:31:33.017+0000] {logging_mixin.py:137} INFO - [2025-02-13T17:31:33.017+0000] {dag.py:3340} INFO - Setting next_dagrun for example_time_delta_sensor_async to None, run_after=None
[2025-02-13T17:31:33.093+0000] {processor.py:176} INFO - Processing /home/airflow/.local/lib/python3.7/site-packages/airflow/example_dags/example_time_delta_sensor_async.py took 0.342 seconds
[2025-02-13T17:32:04.074+0000] {processor.py:154} INFO - Started process (PID=2612) to work on /home/airflow/.local/lib/python3.7/site-packages/airflow/example_dags/example_time_delta_sensor_async.py
[2025-02-13T17:32:04.077+0000] {processor.py:756} INFO - Processing file /home/airflow/.local/lib/python3.7/site-packages/airflow/example_dags/example_time_delta_sensor_async.py for tasks to queue
[2025-02-13T17:32:04.080+0000] {logging_mixin.py:137} INFO - [2025-02-13T17:32:04.079+0000] {dagbag.py:537} INFO - Filling up the DagBag from /home/airflow/.local/lib/python3.7/site-packages/airflow/example_dags/example_time_delta_sensor_async.py
[2025-02-13T17:32:04.108+0000] {processor.py:766} INFO - DAG(s) dict_keys(['example_time_delta_sensor_async']) retrieved from /home/airflow/.local/lib/python3.7/site-packages/airflow/example_dags/example_time_delta_sensor_async.py
[2025-02-13T17:32:04.542+0000] {logging_mixin.py:137} INFO - [2025-02-13T17:32:04.542+0000] {dag.py:2585} INFO - Sync 1 DAGs
[2025-02-13T17:32:04.608+0000] {logging_mixin.py:137} INFO - [2025-02-13T17:32:04.607+0000] {dag.py:3340} INFO - Setting next_dagrun for example_time_delta_sensor_async to None, run_after=None
[2025-02-13T17:32:04.665+0000] {processor.py:176} INFO - Processing /home/airflow/.local/lib/python3.7/site-packages/airflow/example_dags/example_time_delta_sensor_async.py took 0.598 seconds
[2025-02-13T17:32:34.834+0000] {processor.py:154} INFO - Started process (PID=2787) to work on /home/airflow/.local/lib/python3.7/site-packages/airflow/example_dags/example_time_delta_sensor_async.py
[2025-02-13T17:32:34.836+0000] {processor.py:756} INFO - Processing file /home/airflow/.local/lib/python3.7/site-packages/airflow/example_dags/example_time_delta_sensor_async.py for tasks to queue
[2025-02-13T17:32:34.838+0000] {logging_mixin.py:137} INFO - [2025-02-13T17:32:34.838+0000] {dagbag.py:537} INFO - Filling up the DagBag from /home/airflow/.local/lib/python3.7/site-packages/airflow/example_dags/example_time_delta_sensor_async.py
[2025-02-13T17:32:34.867+0000] {processor.py:766} INFO - DAG(s) dict_keys(['example_time_delta_sensor_async']) retrieved from /home/airflow/.local/lib/python3.7/site-packages/airflow/example_dags/example_time_delta_sensor_async.py
[2025-02-13T17:32:35.395+0000] {logging_mixin.py:137} INFO - [2025-02-13T17:32:35.394+0000] {dag.py:2585} INFO - Sync 1 DAGs
[2025-02-13T17:32:35.464+0000] {logging_mixin.py:137} INFO - [2025-02-13T17:32:35.463+0000] {dag.py:3340} INFO - Setting next_dagrun for example_time_delta_sensor_async to None, run_after=None
[2025-02-13T17:32:35.527+0000] {processor.py:176} INFO - Processing /home/airflow/.local/lib/python3.7/site-packages/airflow/example_dags/example_time_delta_sensor_async.py took 0.707 seconds
[2025-02-13T17:33:05.626+0000] {processor.py:154} INFO - Started process (PID=2969) to work on /home/airflow/.local/lib/python3.7/site-packages/airflow/example_dags/example_time_delta_sensor_async.py
[2025-02-13T17:33:05.628+0000] {processor.py:756} INFO - Processing file /home/airflow/.local/lib/python3.7/site-packages/airflow/example_dags/example_time_delta_sensor_async.py for tasks to queue
[2025-02-13T17:33:05.631+0000] {logging_mixin.py:137} INFO - [2025-02-13T17:33:05.630+0000] {dagbag.py:537} INFO - Filling up the DagBag from /home/airflow/.local/lib/python3.7/site-packages/airflow/example_dags/example_time_delta_sensor_async.py
[2025-02-13T17:33:05.661+0000] {processor.py:766} INFO - DAG(s) dict_keys(['example_time_delta_sensor_async']) retrieved from /home/airflow/.local/lib/python3.7/site-packages/airflow/example_dags/example_time_delta_sensor_async.py
[2025-02-13T17:33:05.707+0000] {logging_mixin.py:137} INFO - [2025-02-13T17:33:05.707+0000] {dag.py:2585} INFO - Sync 1 DAGs
[2025-02-13T17:33:05.769+0000] {logging_mixin.py:137} INFO - [2025-02-13T17:33:05.769+0000] {dag.py:3340} INFO - Setting next_dagrun for example_time_delta_sensor_async to None, run_after=None
[2025-02-13T17:33:05.885+0000] {processor.py:176} INFO - Processing /home/airflow/.local/lib/python3.7/site-packages/airflow/example_dags/example_time_delta_sensor_async.py took 0.263 seconds
[2025-02-13T17:33:36.224+0000] {processor.py:154} INFO - Started process (PID=3147) to work on /home/airflow/.local/lib/python3.7/site-packages/airflow/example_dags/example_time_delta_sensor_async.py
[2025-02-13T17:33:36.226+0000] {processor.py:756} INFO - Processing file /home/airflow/.local/lib/python3.7/site-packages/airflow/example_dags/example_time_delta_sensor_async.py for tasks to queue
[2025-02-13T17:33:36.229+0000] {logging_mixin.py:137} INFO - [2025-02-13T17:33:36.229+0000] {dagbag.py:537} INFO - Filling up the DagBag from /home/airflow/.local/lib/python3.7/site-packages/airflow/example_dags/example_time_delta_sensor_async.py
[2025-02-13T17:33:36.251+0000] {processor.py:766} INFO - DAG(s) dict_keys(['example_time_delta_sensor_async']) retrieved from /home/airflow/.local/lib/python3.7/site-packages/airflow/example_dags/example_time_delta_sensor_async.py
[2025-02-13T17:33:36.617+0000] {logging_mixin.py:137} INFO - [2025-02-13T17:33:36.617+0000] {dag.py:2585} INFO - Sync 1 DAGs
[2025-02-13T17:33:36.660+0000] {logging_mixin.py:137} INFO - [2025-02-13T17:33:36.660+0000] {dag.py:3340} INFO - Setting next_dagrun for example_time_delta_sensor_async to None, run_after=None
[2025-02-13T17:33:36.699+0000] {processor.py:176} INFO - Processing /home/airflow/.local/lib/python3.7/site-packages/airflow/example_dags/example_time_delta_sensor_async.py took 0.481 seconds
[2025-02-13T17:34:06.972+0000] {processor.py:154} INFO - Started process (PID=3334) to work on /home/airflow/.local/lib/python3.7/site-packages/airflow/example_dags/example_time_delta_sensor_async.py
[2025-02-13T17:34:06.974+0000] {processor.py:756} INFO - Processing file /home/airflow/.local/lib/python3.7/site-packages/airflow/example_dags/example_time_delta_sensor_async.py for tasks to queue
[2025-02-13T17:34:06.977+0000] {logging_mixin.py:137} INFO - [2025-02-13T17:34:06.976+0000] {dagbag.py:537} INFO - Filling up the DagBag from /home/airflow/.local/lib/python3.7/site-packages/airflow/example_dags/example_time_delta_sensor_async.py
[2025-02-13T17:34:07.007+0000] {processor.py:766} INFO - DAG(s) dict_keys(['example_time_delta_sensor_async']) retrieved from /home/airflow/.local/lib/python3.7/site-packages/airflow/example_dags/example_time_delta_sensor_async.py
[2025-02-13T17:34:07.376+0000] {logging_mixin.py:137} INFO - [2025-02-13T17:34:07.376+0000] {dag.py:2585} INFO - Sync 1 DAGs
[2025-02-13T17:34:07.423+0000] {logging_mixin.py:137} INFO - [2025-02-13T17:34:07.423+0000] {dag.py:3340} INFO - Setting next_dagrun for example_time_delta_sensor_async to None, run_after=None
[2025-02-13T17:34:07.462+0000] {processor.py:176} INFO - Processing /home/airflow/.local/lib/python3.7/site-packages/airflow/example_dags/example_time_delta_sensor_async.py took 0.495 seconds
[2025-02-13T17:34:37.675+0000] {processor.py:154} INFO - Started process (PID=3514) to work on /home/airflow/.local/lib/python3.7/site-packages/airflow/example_dags/example_time_delta_sensor_async.py
[2025-02-13T17:34:37.677+0000] {processor.py:756} INFO - Processing file /home/airflow/.local/lib/python3.7/site-packages/airflow/example_dags/example_time_delta_sensor_async.py for tasks to queue
[2025-02-13T17:34:37.679+0000] {logging_mixin.py:137} INFO - [2025-02-13T17:34:37.678+0000] {dagbag.py:537} INFO - Filling up the DagBag from /home/airflow/.local/lib/python3.7/site-packages/airflow/example_dags/example_time_delta_sensor_async.py
[2025-02-13T17:34:37.699+0000] {processor.py:766} INFO - DAG(s) dict_keys(['example_time_delta_sensor_async']) retrieved from /home/airflow/.local/lib/python3.7/site-packages/airflow/example_dags/example_time_delta_sensor_async.py
[2025-02-13T17:34:38.045+0000] {logging_mixin.py:137} INFO - [2025-02-13T17:34:38.045+0000] {dag.py:2585} INFO - Sync 1 DAGs
[2025-02-13T17:34:38.092+0000] {logging_mixin.py:137} INFO - [2025-02-13T17:34:38.091+0000] {dag.py:3340} INFO - Setting next_dagrun for example_time_delta_sensor_async to None, run_after=None
[2025-02-13T17:34:38.133+0000] {processor.py:176} INFO - Processing /home/airflow/.local/lib/python3.7/site-packages/airflow/example_dags/example_time_delta_sensor_async.py took 0.464 seconds
[2025-02-13T17:35:08.737+0000] {processor.py:154} INFO - Started process (PID=3694) to work on /home/airflow/.local/lib/python3.7/site-packages/airflow/example_dags/example_time_delta_sensor_async.py
[2025-02-13T17:35:08.739+0000] {processor.py:756} INFO - Processing file /home/airflow/.local/lib/python3.7/site-packages/airflow/example_dags/example_time_delta_sensor_async.py for tasks to queue
[2025-02-13T17:35:08.741+0000] {logging_mixin.py:137} INFO - [2025-02-13T17:35:08.741+0000] {dagbag.py:537} INFO - Filling up the DagBag from /home/airflow/.local/lib/python3.7/site-packages/airflow/example_dags/example_time_delta_sensor_async.py
[2025-02-13T17:35:08.762+0000] {processor.py:766} INFO - DAG(s) dict_keys(['example_time_delta_sensor_async']) retrieved from /home/airflow/.local/lib/python3.7/site-packages/airflow/example_dags/example_time_delta_sensor_async.py
[2025-02-13T17:35:09.214+0000] {logging_mixin.py:137} INFO - [2025-02-13T17:35:09.214+0000] {dag.py:2585} INFO - Sync 1 DAGs
[2025-02-13T17:35:09.262+0000] {logging_mixin.py:137} INFO - [2025-02-13T17:35:09.261+0000] {dag.py:3340} INFO - Setting next_dagrun for example_time_delta_sensor_async to None, run_after=None
[2025-02-13T17:35:09.304+0000] {processor.py:176} INFO - Processing /home/airflow/.local/lib/python3.7/site-packages/airflow/example_dags/example_time_delta_sensor_async.py took 0.573 seconds
[2025-02-13T17:35:39.443+0000] {processor.py:154} INFO - Started process (PID=3877) to work on /home/airflow/.local/lib/python3.7/site-packages/airflow/example_dags/example_time_delta_sensor_async.py
[2025-02-13T17:35:39.446+0000] {processor.py:756} INFO - Processing file /home/airflow/.local/lib/python3.7/site-packages/airflow/example_dags/example_time_delta_sensor_async.py for tasks to queue
[2025-02-13T17:35:39.448+0000] {logging_mixin.py:137} INFO - [2025-02-13T17:35:39.448+0000] {dagbag.py:537} INFO - Filling up the DagBag from /home/airflow/.local/lib/python3.7/site-packages/airflow/example_dags/example_time_delta_sensor_async.py
[2025-02-13T17:35:39.486+0000] {processor.py:766} INFO - DAG(s) dict_keys(['example_time_delta_sensor_async']) retrieved from /home/airflow/.local/lib/python3.7/site-packages/airflow/example_dags/example_time_delta_sensor_async.py
[2025-02-13T17:35:39.930+0000] {logging_mixin.py:137} INFO - [2025-02-13T17:35:39.930+0000] {dag.py:2585} INFO - Sync 1 DAGs
[2025-02-13T17:35:39.982+0000] {logging_mixin.py:137} INFO - [2025-02-13T17:35:39.982+0000] {dag.py:3340} INFO - Setting next_dagrun for example_time_delta_sensor_async to None, run_after=None
[2025-02-13T17:35:40.025+0000] {processor.py:176} INFO - Processing /home/airflow/.local/lib/python3.7/site-packages/airflow/example_dags/example_time_delta_sensor_async.py took 0.599 seconds
[2025-02-13T17:36:10.300+0000] {processor.py:154} INFO - Started process (PID=4064) to work on /home/airflow/.local/lib/python3.7/site-packages/airflow/example_dags/example_time_delta_sensor_async.py
[2025-02-13T17:36:10.302+0000] {processor.py:756} INFO - Processing file /home/airflow/.local/lib/python3.7/site-packages/airflow/example_dags/example_time_delta_sensor_async.py for tasks to queue
[2025-02-13T17:36:10.304+0000] {logging_mixin.py:137} INFO - [2025-02-13T17:36:10.303+0000] {dagbag.py:537} INFO - Filling up the DagBag from /home/airflow/.local/lib/python3.7/site-packages/airflow/example_dags/example_time_delta_sensor_async.py
[2025-02-13T17:36:10.330+0000] {processor.py:766} INFO - DAG(s) dict_keys(['example_time_delta_sensor_async']) retrieved from /home/airflow/.local/lib/python3.7/site-packages/airflow/example_dags/example_time_delta_sensor_async.py
[2025-02-13T17:36:10.697+0000] {logging_mixin.py:137} INFO - [2025-02-13T17:36:10.697+0000] {dag.py:2585} INFO - Sync 1 DAGs
[2025-02-13T17:36:10.742+0000] {logging_mixin.py:137} INFO - [2025-02-13T17:36:10.742+0000] {dag.py:3340} INFO - Setting next_dagrun for example_time_delta_sensor_async to None, run_after=None
[2025-02-13T17:36:10.778+0000] {processor.py:176} INFO - Processing /home/airflow/.local/lib/python3.7/site-packages/airflow/example_dags/example_time_delta_sensor_async.py took 0.486 seconds
[2025-02-13T17:36:41.059+0000] {processor.py:154} INFO - Started process (PID=4249) to work on /home/airflow/.local/lib/python3.7/site-packages/airflow/example_dags/example_time_delta_sensor_async.py
[2025-02-13T17:36:41.061+0000] {processor.py:756} INFO - Processing file /home/airflow/.local/lib/python3.7/site-packages/airflow/example_dags/example_time_delta_sensor_async.py for tasks to queue
[2025-02-13T17:36:41.063+0000] {logging_mixin.py:137} INFO - [2025-02-13T17:36:41.062+0000] {dagbag.py:537} INFO - Filling up the DagBag from /home/airflow/.local/lib/python3.7/site-packages/airflow/example_dags/example_time_delta_sensor_async.py
[2025-02-13T17:36:41.082+0000] {processor.py:766} INFO - DAG(s) dict_keys(['example_time_delta_sensor_async']) retrieved from /home/airflow/.local/lib/python3.7/site-packages/airflow/example_dags/example_time_delta_sensor_async.py
[2025-02-13T17:36:41.437+0000] {logging_mixin.py:137} INFO - [2025-02-13T17:36:41.436+0000] {dag.py:2585} INFO - Sync 1 DAGs
[2025-02-13T17:36:41.480+0000] {logging_mixin.py:137} INFO - [2025-02-13T17:36:41.480+0000] {dag.py:3340} INFO - Setting next_dagrun for example_time_delta_sensor_async to None, run_after=None
[2025-02-13T17:36:41.521+0000] {processor.py:176} INFO - Processing /home/airflow/.local/lib/python3.7/site-packages/airflow/example_dags/example_time_delta_sensor_async.py took 0.468 seconds
[2025-02-13T17:37:12.169+0000] {processor.py:154} INFO - Started process (PID=4429) to work on /home/airflow/.local/lib/python3.7/site-packages/airflow/example_dags/example_time_delta_sensor_async.py
[2025-02-13T17:37:12.171+0000] {processor.py:756} INFO - Processing file /home/airflow/.local/lib/python3.7/site-packages/airflow/example_dags/example_time_delta_sensor_async.py for tasks to queue
[2025-02-13T17:37:12.172+0000] {logging_mixin.py:137} INFO - [2025-02-13T17:37:12.172+0000] {dagbag.py:537} INFO - Filling up the DagBag from /home/airflow/.local/lib/python3.7/site-packages/airflow/example_dags/example_time_delta_sensor_async.py
[2025-02-13T17:37:12.193+0000] {processor.py:766} INFO - DAG(s) dict_keys(['example_time_delta_sensor_async']) retrieved from /home/airflow/.local/lib/python3.7/site-packages/airflow/example_dags/example_time_delta_sensor_async.py
[2025-02-13T17:37:12.560+0000] {logging_mixin.py:137} INFO - [2025-02-13T17:37:12.559+0000] {dag.py:2585} INFO - Sync 1 DAGs
[2025-02-13T17:37:12.614+0000] {logging_mixin.py:137} INFO - [2025-02-13T17:37:12.614+0000] {dag.py:3340} INFO - Setting next_dagrun for example_time_delta_sensor_async to None, run_after=None
[2025-02-13T17:37:12.652+0000] {processor.py:176} INFO - Processing /home/airflow/.local/lib/python3.7/site-packages/airflow/example_dags/example_time_delta_sensor_async.py took 0.488 seconds
[2025-02-13T17:37:43.018+0000] {processor.py:154} INFO - Started process (PID=4609) to work on /home/airflow/.local/lib/python3.7/site-packages/airflow/example_dags/example_time_delta_sensor_async.py
[2025-02-13T17:37:43.028+0000] {processor.py:756} INFO - Processing file /home/airflow/.local/lib/python3.7/site-packages/airflow/example_dags/example_time_delta_sensor_async.py for tasks to queue
[2025-02-13T17:37:43.030+0000] {logging_mixin.py:137} INFO - [2025-02-13T17:37:43.029+0000] {dagbag.py:537} INFO - Filling up the DagBag from /home/airflow/.local/lib/python3.7/site-packages/airflow/example_dags/example_time_delta_sensor_async.py
[2025-02-13T17:37:43.077+0000] {processor.py:766} INFO - DAG(s) dict_keys(['example_time_delta_sensor_async']) retrieved from /home/airflow/.local/lib/python3.7/site-packages/airflow/example_dags/example_time_delta_sensor_async.py
[2025-02-13T17:37:43.642+0000] {logging_mixin.py:137} INFO - [2025-02-13T17:37:43.642+0000] {dag.py:2585} INFO - Sync 1 DAGs
[2025-02-13T17:37:43.703+0000] {logging_mixin.py:137} INFO - [2025-02-13T17:37:43.702+0000] {dag.py:3340} INFO - Setting next_dagrun for example_time_delta_sensor_async to None, run_after=None
[2025-02-13T17:37:43.750+0000] {processor.py:176} INFO - Processing /home/airflow/.local/lib/python3.7/site-packages/airflow/example_dags/example_time_delta_sensor_async.py took 0.740 seconds
[2025-02-13T17:38:13.985+0000] {processor.py:154} INFO - Started process (PID=4789) to work on /home/airflow/.local/lib/python3.7/site-packages/airflow/example_dags/example_time_delta_sensor_async.py
[2025-02-13T17:38:13.987+0000] {processor.py:756} INFO - Processing file /home/airflow/.local/lib/python3.7/site-packages/airflow/example_dags/example_time_delta_sensor_async.py for tasks to queue
[2025-02-13T17:38:13.989+0000] {logging_mixin.py:137} INFO - [2025-02-13T17:38:13.989+0000] {dagbag.py:537} INFO - Filling up the DagBag from /home/airflow/.local/lib/python3.7/site-packages/airflow/example_dags/example_time_delta_sensor_async.py
[2025-02-13T17:38:14.015+0000] {processor.py:766} INFO - DAG(s) dict_keys(['example_time_delta_sensor_async']) retrieved from /home/airflow/.local/lib/python3.7/site-packages/airflow/example_dags/example_time_delta_sensor_async.py
[2025-02-13T17:38:14.392+0000] {logging_mixin.py:137} INFO - [2025-02-13T17:38:14.391+0000] {dag.py:2585} INFO - Sync 1 DAGs
[2025-02-13T17:38:14.434+0000] {logging_mixin.py:137} INFO - [2025-02-13T17:38:14.434+0000] {dag.py:3340} INFO - Setting next_dagrun for example_time_delta_sensor_async to None, run_after=None
[2025-02-13T17:38:14.469+0000] {processor.py:176} INFO - Processing /home/airflow/.local/lib/python3.7/site-packages/airflow/example_dags/example_time_delta_sensor_async.py took 0.491 seconds
[2025-02-13T17:38:44.759+0000] {processor.py:154} INFO - Started process (PID=4969) to work on /home/airflow/.local/lib/python3.7/site-packages/airflow/example_dags/example_time_delta_sensor_async.py
[2025-02-13T17:38:44.761+0000] {processor.py:756} INFO - Processing file /home/airflow/.local/lib/python3.7/site-packages/airflow/example_dags/example_time_delta_sensor_async.py for tasks to queue
[2025-02-13T17:38:44.762+0000] {logging_mixin.py:137} INFO - [2025-02-13T17:38:44.762+0000] {dagbag.py:537} INFO - Filling up the DagBag from /home/airflow/.local/lib/python3.7/site-packages/airflow/example_dags/example_time_delta_sensor_async.py
[2025-02-13T17:38:44.785+0000] {processor.py:766} INFO - DAG(s) dict_keys(['example_time_delta_sensor_async']) retrieved from /home/airflow/.local/lib/python3.7/site-packages/airflow/example_dags/example_time_delta_sensor_async.py
[2025-02-13T17:38:45.174+0000] {logging_mixin.py:137} INFO - [2025-02-13T17:38:45.174+0000] {dag.py:2585} INFO - Sync 1 DAGs
[2025-02-13T17:38:45.220+0000] {logging_mixin.py:137} INFO - [2025-02-13T17:38:45.219+0000] {dag.py:3340} INFO - Setting next_dagrun for example_time_delta_sensor_async to None, run_after=None
[2025-02-13T17:38:45.264+0000] {processor.py:176} INFO - Processing /home/airflow/.local/lib/python3.7/site-packages/airflow/example_dags/example_time_delta_sensor_async.py took 0.513 seconds
[2025-02-13T17:39:40.673+0000] {processor.py:154} INFO - Started process (PID=5134) to work on /home/airflow/.local/lib/python3.7/site-packages/airflow/example_dags/example_time_delta_sensor_async.py
[2025-02-13T17:39:40.674+0000] {processor.py:756} INFO - Processing file /home/airflow/.local/lib/python3.7/site-packages/airflow/example_dags/example_time_delta_sensor_async.py for tasks to queue
[2025-02-13T17:39:40.675+0000] {logging_mixin.py:137} INFO - [2025-02-13T17:39:40.675+0000] {dagbag.py:537} INFO - Filling up the DagBag from /home/airflow/.local/lib/python3.7/site-packages/airflow/example_dags/example_time_delta_sensor_async.py
[2025-02-13T17:39:40.686+0000] {processor.py:766} INFO - DAG(s) dict_keys(['example_time_delta_sensor_async']) retrieved from /home/airflow/.local/lib/python3.7/site-packages/airflow/example_dags/example_time_delta_sensor_async.py
[2025-02-13T17:39:40.905+0000] {logging_mixin.py:137} INFO - [2025-02-13T17:39:40.904+0000] {dag.py:2585} INFO - Sync 1 DAGs
[2025-02-13T17:39:40.931+0000] {logging_mixin.py:137} INFO - [2025-02-13T17:39:40.931+0000] {dag.py:3340} INFO - Setting next_dagrun for example_time_delta_sensor_async to None, run_after=None
[2025-02-13T17:39:40.954+0000] {processor.py:176} INFO - Processing /home/airflow/.local/lib/python3.7/site-packages/airflow/example_dags/example_time_delta_sensor_async.py took 0.284 seconds
[2025-02-13T17:40:11.952+0000] {processor.py:154} INFO - Started process (PID=5314) to work on /home/airflow/.local/lib/python3.7/site-packages/airflow/example_dags/example_time_delta_sensor_async.py
[2025-02-13T17:40:11.954+0000] {processor.py:756} INFO - Processing file /home/airflow/.local/lib/python3.7/site-packages/airflow/example_dags/example_time_delta_sensor_async.py for tasks to queue
[2025-02-13T17:40:11.955+0000] {logging_mixin.py:137} INFO - [2025-02-13T17:40:11.955+0000] {dagbag.py:537} INFO - Filling up the DagBag from /home/airflow/.local/lib/python3.7/site-packages/airflow/example_dags/example_time_delta_sensor_async.py
[2025-02-13T17:40:11.981+0000] {processor.py:766} INFO - DAG(s) dict_keys(['example_time_delta_sensor_async']) retrieved from /home/airflow/.local/lib/python3.7/site-packages/airflow/example_dags/example_time_delta_sensor_async.py
[2025-02-13T17:40:12.315+0000] {logging_mixin.py:137} INFO - [2025-02-13T17:40:12.314+0000] {dag.py:2585} INFO - Sync 1 DAGs
[2025-02-13T17:40:12.372+0000] {logging_mixin.py:137} INFO - [2025-02-13T17:40:12.372+0000] {dag.py:3340} INFO - Setting next_dagrun for example_time_delta_sensor_async to None, run_after=None
[2025-02-13T17:40:12.424+0000] {processor.py:176} INFO - Processing /home/airflow/.local/lib/python3.7/site-packages/airflow/example_dags/example_time_delta_sensor_async.py took 0.476 seconds
[2025-02-13T17:40:43.156+0000] {processor.py:154} INFO - Started process (PID=5494) to work on /home/airflow/.local/lib/python3.7/site-packages/airflow/example_dags/example_time_delta_sensor_async.py
[2025-02-13T17:40:43.159+0000] {processor.py:756} INFO - Processing file /home/airflow/.local/lib/python3.7/site-packages/airflow/example_dags/example_time_delta_sensor_async.py for tasks to queue
[2025-02-13T17:40:43.161+0000] {logging_mixin.py:137} INFO - [2025-02-13T17:40:43.161+0000] {dagbag.py:537} INFO - Filling up the DagBag from /home/airflow/.local/lib/python3.7/site-packages/airflow/example_dags/example_time_delta_sensor_async.py
[2025-02-13T17:40:43.197+0000] {processor.py:766} INFO - DAG(s) dict_keys(['example_time_delta_sensor_async']) retrieved from /home/airflow/.local/lib/python3.7/site-packages/airflow/example_dags/example_time_delta_sensor_async.py
[2025-02-13T17:40:43.704+0000] {logging_mixin.py:137} INFO - [2025-02-13T17:40:43.703+0000] {dag.py:2585} INFO - Sync 1 DAGs
[2025-02-13T17:40:43.762+0000] {logging_mixin.py:137} INFO - [2025-02-13T17:40:43.761+0000] {dag.py:3340} INFO - Setting next_dagrun for example_time_delta_sensor_async to None, run_after=None
[2025-02-13T17:40:43.831+0000] {processor.py:176} INFO - Processing /home/airflow/.local/lib/python3.7/site-packages/airflow/example_dags/example_time_delta_sensor_async.py took 0.686 seconds
[2025-02-13T17:41:13.985+0000] {processor.py:154} INFO - Started process (PID=5674) to work on /home/airflow/.local/lib/python3.7/site-packages/airflow/example_dags/example_time_delta_sensor_async.py
[2025-02-13T17:41:13.987+0000] {processor.py:756} INFO - Processing file /home/airflow/.local/lib/python3.7/site-packages/airflow/example_dags/example_time_delta_sensor_async.py for tasks to queue
[2025-02-13T17:41:13.990+0000] {logging_mixin.py:137} INFO - [2025-02-13T17:41:13.989+0000] {dagbag.py:537} INFO - Filling up the DagBag from /home/airflow/.local/lib/python3.7/site-packages/airflow/example_dags/example_time_delta_sensor_async.py
[2025-02-13T17:41:14.013+0000] {processor.py:766} INFO - DAG(s) dict_keys(['example_time_delta_sensor_async']) retrieved from /home/airflow/.local/lib/python3.7/site-packages/airflow/example_dags/example_time_delta_sensor_async.py
[2025-02-13T17:41:14.377+0000] {logging_mixin.py:137} INFO - [2025-02-13T17:41:14.376+0000] {dag.py:2585} INFO - Sync 1 DAGs
[2025-02-13T17:41:14.420+0000] {logging_mixin.py:137} INFO - [2025-02-13T17:41:14.420+0000] {dag.py:3340} INFO - Setting next_dagrun for example_time_delta_sensor_async to None, run_after=None
[2025-02-13T17:41:14.533+0000] {processor.py:176} INFO - Processing /home/airflow/.local/lib/python3.7/site-packages/airflow/example_dags/example_time_delta_sensor_async.py took 0.558 seconds
[2025-02-13T17:41:44.824+0000] {processor.py:154} INFO - Started process (PID=5856) to work on /home/airflow/.local/lib/python3.7/site-packages/airflow/example_dags/example_time_delta_sensor_async.py
[2025-02-13T17:41:44.825+0000] {processor.py:756} INFO - Processing file /home/airflow/.local/lib/python3.7/site-packages/airflow/example_dags/example_time_delta_sensor_async.py for tasks to queue
[2025-02-13T17:41:44.827+0000] {logging_mixin.py:137} INFO - [2025-02-13T17:41:44.827+0000] {dagbag.py:537} INFO - Filling up the DagBag from /home/airflow/.local/lib/python3.7/site-packages/airflow/example_dags/example_time_delta_sensor_async.py
[2025-02-13T17:41:44.849+0000] {processor.py:766} INFO - DAG(s) dict_keys(['example_time_delta_sensor_async']) retrieved from /home/airflow/.local/lib/python3.7/site-packages/airflow/example_dags/example_time_delta_sensor_async.py
[2025-02-13T17:41:45.226+0000] {logging_mixin.py:137} INFO - [2025-02-13T17:41:45.226+0000] {dag.py:2585} INFO - Sync 1 DAGs
[2025-02-13T17:41:45.278+0000] {logging_mixin.py:137} INFO - [2025-02-13T17:41:45.278+0000] {dag.py:3340} INFO - Setting next_dagrun for example_time_delta_sensor_async to None, run_after=None
[2025-02-13T17:41:45.332+0000] {processor.py:176} INFO - Processing /home/airflow/.local/lib/python3.7/site-packages/airflow/example_dags/example_time_delta_sensor_async.py took 0.513 seconds
[2025-02-13T17:42:15.636+0000] {processor.py:154} INFO - Started process (PID=6039) to work on /home/airflow/.local/lib/python3.7/site-packages/airflow/example_dags/example_time_delta_sensor_async.py
[2025-02-13T17:42:15.640+0000] {processor.py:756} INFO - Processing file /home/airflow/.local/lib/python3.7/site-packages/airflow/example_dags/example_time_delta_sensor_async.py for tasks to queue
[2025-02-13T17:42:15.643+0000] {logging_mixin.py:137} INFO - [2025-02-13T17:42:15.643+0000] {dagbag.py:537} INFO - Filling up the DagBag from /home/airflow/.local/lib/python3.7/site-packages/airflow/example_dags/example_time_delta_sensor_async.py
[2025-02-13T17:42:15.679+0000] {processor.py:766} INFO - DAG(s) dict_keys(['example_time_delta_sensor_async']) retrieved from /home/airflow/.local/lib/python3.7/site-packages/airflow/example_dags/example_time_delta_sensor_async.py
[2025-02-13T17:42:16.131+0000] {logging_mixin.py:137} INFO - [2025-02-13T17:42:16.131+0000] {dag.py:2585} INFO - Sync 1 DAGs
[2025-02-13T17:42:16.214+0000] {logging_mixin.py:137} INFO - [2025-02-13T17:42:16.214+0000] {dag.py:3340} INFO - Setting next_dagrun for example_time_delta_sensor_async to None, run_after=None
[2025-02-13T17:42:16.315+0000] {processor.py:176} INFO - Processing /home/airflow/.local/lib/python3.7/site-packages/airflow/example_dags/example_time_delta_sensor_async.py took 0.684 seconds
[2025-02-13T17:42:46.475+0000] {processor.py:154} INFO - Started process (PID=6226) to work on /home/airflow/.local/lib/python3.7/site-packages/airflow/example_dags/example_time_delta_sensor_async.py
[2025-02-13T17:42:46.477+0000] {processor.py:756} INFO - Processing file /home/airflow/.local/lib/python3.7/site-packages/airflow/example_dags/example_time_delta_sensor_async.py for tasks to queue
[2025-02-13T17:42:46.479+0000] {logging_mixin.py:137} INFO - [2025-02-13T17:42:46.479+0000] {dagbag.py:537} INFO - Filling up the DagBag from /home/airflow/.local/lib/python3.7/site-packages/airflow/example_dags/example_time_delta_sensor_async.py
[2025-02-13T17:42:46.496+0000] {processor.py:766} INFO - DAG(s) dict_keys(['example_time_delta_sensor_async']) retrieved from /home/airflow/.local/lib/python3.7/site-packages/airflow/example_dags/example_time_delta_sensor_async.py
[2025-02-13T17:42:46.755+0000] {logging_mixin.py:137} INFO - [2025-02-13T17:42:46.755+0000] {dag.py:2585} INFO - Sync 1 DAGs
[2025-02-13T17:42:46.799+0000] {logging_mixin.py:137} INFO - [2025-02-13T17:42:46.799+0000] {dag.py:3340} INFO - Setting next_dagrun for example_time_delta_sensor_async to None, run_after=None
[2025-02-13T17:42:46.832+0000] {processor.py:176} INFO - Processing /home/airflow/.local/lib/python3.7/site-packages/airflow/example_dags/example_time_delta_sensor_async.py took 0.361 seconds
[2025-02-13T17:43:17.201+0000] {processor.py:154} INFO - Started process (PID=6401) to work on /home/airflow/.local/lib/python3.7/site-packages/airflow/example_dags/example_time_delta_sensor_async.py
[2025-02-13T17:43:17.203+0000] {processor.py:756} INFO - Processing file /home/airflow/.local/lib/python3.7/site-packages/airflow/example_dags/example_time_delta_sensor_async.py for tasks to queue
[2025-02-13T17:43:17.207+0000] {logging_mixin.py:137} INFO - [2025-02-13T17:43:17.206+0000] {dagbag.py:537} INFO - Filling up the DagBag from /home/airflow/.local/lib/python3.7/site-packages/airflow/example_dags/example_time_delta_sensor_async.py
[2025-02-13T17:43:17.228+0000] {processor.py:766} INFO - DAG(s) dict_keys(['example_time_delta_sensor_async']) retrieved from /home/airflow/.local/lib/python3.7/site-packages/airflow/example_dags/example_time_delta_sensor_async.py
[2025-02-13T17:43:17.561+0000] {logging_mixin.py:137} INFO - [2025-02-13T17:43:17.561+0000] {dag.py:2585} INFO - Sync 1 DAGs
[2025-02-13T17:43:17.599+0000] {logging_mixin.py:137} INFO - [2025-02-13T17:43:17.599+0000] {dag.py:3340} INFO - Setting next_dagrun for example_time_delta_sensor_async to None, run_after=None
[2025-02-13T17:43:17.644+0000] {processor.py:176} INFO - Processing /home/airflow/.local/lib/python3.7/site-packages/airflow/example_dags/example_time_delta_sensor_async.py took 0.448 seconds
[2025-02-13T17:43:48.009+0000] {processor.py:154} INFO - Started process (PID=6584) to work on /home/airflow/.local/lib/python3.7/site-packages/airflow/example_dags/example_time_delta_sensor_async.py
[2025-02-13T17:43:48.012+0000] {processor.py:756} INFO - Processing file /home/airflow/.local/lib/python3.7/site-packages/airflow/example_dags/example_time_delta_sensor_async.py for tasks to queue
[2025-02-13T17:43:48.014+0000] {logging_mixin.py:137} INFO - [2025-02-13T17:43:48.013+0000] {dagbag.py:537} INFO - Filling up the DagBag from /home/airflow/.local/lib/python3.7/site-packages/airflow/example_dags/example_time_delta_sensor_async.py
[2025-02-13T17:43:48.038+0000] {processor.py:766} INFO - DAG(s) dict_keys(['example_time_delta_sensor_async']) retrieved from /home/airflow/.local/lib/python3.7/site-packages/airflow/example_dags/example_time_delta_sensor_async.py
[2025-02-13T17:43:48.423+0000] {logging_mixin.py:137} INFO - [2025-02-13T17:43:48.423+0000] {dag.py:2585} INFO - Sync 1 DAGs
[2025-02-13T17:43:48.464+0000] {logging_mixin.py:137} INFO - [2025-02-13T17:43:48.464+0000] {dag.py:3340} INFO - Setting next_dagrun for example_time_delta_sensor_async to None, run_after=None
[2025-02-13T17:43:48.503+0000] {processor.py:176} INFO - Processing /home/airflow/.local/lib/python3.7/site-packages/airflow/example_dags/example_time_delta_sensor_async.py took 0.502 seconds
[2025-02-13T17:44:18.612+0000] {processor.py:154} INFO - Started process (PID=6764) to work on /home/airflow/.local/lib/python3.7/site-packages/airflow/example_dags/example_time_delta_sensor_async.py
[2025-02-13T17:44:18.614+0000] {processor.py:756} INFO - Processing file /home/airflow/.local/lib/python3.7/site-packages/airflow/example_dags/example_time_delta_sensor_async.py for tasks to queue
[2025-02-13T17:44:18.617+0000] {logging_mixin.py:137} INFO - [2025-02-13T17:44:18.617+0000] {dagbag.py:537} INFO - Filling up the DagBag from /home/airflow/.local/lib/python3.7/site-packages/airflow/example_dags/example_time_delta_sensor_async.py
[2025-02-13T17:44:18.644+0000] {processor.py:766} INFO - DAG(s) dict_keys(['example_time_delta_sensor_async']) retrieved from /home/airflow/.local/lib/python3.7/site-packages/airflow/example_dags/example_time_delta_sensor_async.py
[2025-02-13T17:44:18.983+0000] {logging_mixin.py:137} INFO - [2025-02-13T17:44:18.983+0000] {dag.py:2585} INFO - Sync 1 DAGs
[2025-02-13T17:44:19.027+0000] {logging_mixin.py:137} INFO - [2025-02-13T17:44:19.027+0000] {dag.py:3340} INFO - Setting next_dagrun for example_time_delta_sensor_async to None, run_after=None
[2025-02-13T17:44:19.067+0000] {processor.py:176} INFO - Processing /home/airflow/.local/lib/python3.7/site-packages/airflow/example_dags/example_time_delta_sensor_async.py took 0.461 seconds
[2025-02-13T17:44:49.233+0000] {processor.py:154} INFO - Started process (PID=6944) to work on /home/airflow/.local/lib/python3.7/site-packages/airflow/example_dags/example_time_delta_sensor_async.py
[2025-02-13T17:44:49.235+0000] {processor.py:756} INFO - Processing file /home/airflow/.local/lib/python3.7/site-packages/airflow/example_dags/example_time_delta_sensor_async.py for tasks to queue
[2025-02-13T17:44:49.237+0000] {logging_mixin.py:137} INFO - [2025-02-13T17:44:49.237+0000] {dagbag.py:537} INFO - Filling up the DagBag from /home/airflow/.local/lib/python3.7/site-packages/airflow/example_dags/example_time_delta_sensor_async.py
[2025-02-13T17:44:49.266+0000] {processor.py:766} INFO - DAG(s) dict_keys(['example_time_delta_sensor_async']) retrieved from /home/airflow/.local/lib/python3.7/site-packages/airflow/example_dags/example_time_delta_sensor_async.py
[2025-02-13T17:44:49.578+0000] {logging_mixin.py:137} INFO - [2025-02-13T17:44:49.578+0000] {dag.py:2585} INFO - Sync 1 DAGs
[2025-02-13T17:44:49.622+0000] {logging_mixin.py:137} INFO - [2025-02-13T17:44:49.621+0000] {dag.py:3340} INFO - Setting next_dagrun for example_time_delta_sensor_async to None, run_after=None
[2025-02-13T17:44:49.666+0000] {processor.py:176} INFO - Processing /home/airflow/.local/lib/python3.7/site-packages/airflow/example_dags/example_time_delta_sensor_async.py took 0.438 seconds
[2025-02-13T17:45:19.895+0000] {processor.py:154} INFO - Started process (PID=7126) to work on /home/airflow/.local/lib/python3.7/site-packages/airflow/example_dags/example_time_delta_sensor_async.py
[2025-02-13T17:45:19.897+0000] {processor.py:756} INFO - Processing file /home/airflow/.local/lib/python3.7/site-packages/airflow/example_dags/example_time_delta_sensor_async.py for tasks to queue
[2025-02-13T17:45:19.900+0000] {logging_mixin.py:137} INFO - [2025-02-13T17:45:19.899+0000] {dagbag.py:537} INFO - Filling up the DagBag from /home/airflow/.local/lib/python3.7/site-packages/airflow/example_dags/example_time_delta_sensor_async.py
[2025-02-13T17:45:19.922+0000] {processor.py:766} INFO - DAG(s) dict_keys(['example_time_delta_sensor_async']) retrieved from /home/airflow/.local/lib/python3.7/site-packages/airflow/example_dags/example_time_delta_sensor_async.py
[2025-02-13T17:45:20.264+0000] {logging_mixin.py:137} INFO - [2025-02-13T17:45:20.264+0000] {dag.py:2585} INFO - Sync 1 DAGs
[2025-02-13T17:45:20.303+0000] {logging_mixin.py:137} INFO - [2025-02-13T17:45:20.302+0000] {dag.py:3340} INFO - Setting next_dagrun for example_time_delta_sensor_async to None, run_after=None
[2025-02-13T17:45:20.333+0000] {processor.py:176} INFO - Processing /home/airflow/.local/lib/python3.7/site-packages/airflow/example_dags/example_time_delta_sensor_async.py took 0.445 seconds
[2025-02-13T17:45:50.572+0000] {processor.py:154} INFO - Started process (PID=7304) to work on /home/airflow/.local/lib/python3.7/site-packages/airflow/example_dags/example_time_delta_sensor_async.py
[2025-02-13T17:45:50.574+0000] {processor.py:756} INFO - Processing file /home/airflow/.local/lib/python3.7/site-packages/airflow/example_dags/example_time_delta_sensor_async.py for tasks to queue
[2025-02-13T17:45:50.575+0000] {logging_mixin.py:137} INFO - [2025-02-13T17:45:50.575+0000] {dagbag.py:537} INFO - Filling up the DagBag from /home/airflow/.local/lib/python3.7/site-packages/airflow/example_dags/example_time_delta_sensor_async.py
[2025-02-13T17:45:50.594+0000] {processor.py:766} INFO - DAG(s) dict_keys(['example_time_delta_sensor_async']) retrieved from /home/airflow/.local/lib/python3.7/site-packages/airflow/example_dags/example_time_delta_sensor_async.py
[2025-02-13T17:45:50.880+0000] {logging_mixin.py:137} INFO - [2025-02-13T17:45:50.879+0000] {dag.py:2585} INFO - Sync 1 DAGs
[2025-02-13T17:45:50.914+0000] {logging_mixin.py:137} INFO - [2025-02-13T17:45:50.914+0000] {dag.py:3340} INFO - Setting next_dagrun for example_time_delta_sensor_async to None, run_after=None
[2025-02-13T17:45:50.942+0000] {processor.py:176} INFO - Processing /home/airflow/.local/lib/python3.7/site-packages/airflow/example_dags/example_time_delta_sensor_async.py took 0.374 seconds
[2025-02-13T17:47:37.578+0000] {processor.py:154} INFO - Started process (PID=271) to work on /home/airflow/.local/lib/python3.7/site-packages/airflow/example_dags/example_time_delta_sensor_async.py
[2025-02-13T17:47:37.582+0000] {processor.py:756} INFO - Processing file /home/airflow/.local/lib/python3.7/site-packages/airflow/example_dags/example_time_delta_sensor_async.py for tasks to queue
[2025-02-13T17:47:37.584+0000] {logging_mixin.py:137} INFO - [2025-02-13T17:47:37.584+0000] {dagbag.py:537} INFO - Filling up the DagBag from /home/airflow/.local/lib/python3.7/site-packages/airflow/example_dags/example_time_delta_sensor_async.py
[2025-02-13T17:47:37.603+0000] {processor.py:766} INFO - DAG(s) dict_keys(['example_time_delta_sensor_async']) retrieved from /home/airflow/.local/lib/python3.7/site-packages/airflow/example_dags/example_time_delta_sensor_async.py
[2025-02-13T17:47:38.223+0000] {logging_mixin.py:137} INFO - [2025-02-13T17:47:38.222+0000] {dag.py:2585} INFO - Sync 1 DAGs
[2025-02-13T17:47:38.315+0000] {logging_mixin.py:137} INFO - [2025-02-13T17:47:38.314+0000] {dag.py:3340} INFO - Setting next_dagrun for example_time_delta_sensor_async to None, run_after=None
[2025-02-13T17:47:38.395+0000] {processor.py:176} INFO - Processing /home/airflow/.local/lib/python3.7/site-packages/airflow/example_dags/example_time_delta_sensor_async.py took 0.828 seconds
[2025-02-13T17:48:08.755+0000] {processor.py:154} INFO - Started process (PID=453) to work on /home/airflow/.local/lib/python3.7/site-packages/airflow/example_dags/example_time_delta_sensor_async.py
[2025-02-13T17:48:08.757+0000] {processor.py:756} INFO - Processing file /home/airflow/.local/lib/python3.7/site-packages/airflow/example_dags/example_time_delta_sensor_async.py for tasks to queue
[2025-02-13T17:48:08.759+0000] {logging_mixin.py:137} INFO - [2025-02-13T17:48:08.759+0000] {dagbag.py:537} INFO - Filling up the DagBag from /home/airflow/.local/lib/python3.7/site-packages/airflow/example_dags/example_time_delta_sensor_async.py
[2025-02-13T17:48:08.786+0000] {processor.py:766} INFO - DAG(s) dict_keys(['example_time_delta_sensor_async']) retrieved from /home/airflow/.local/lib/python3.7/site-packages/airflow/example_dags/example_time_delta_sensor_async.py
[2025-02-13T17:48:08.856+0000] {logging_mixin.py:137} INFO - [2025-02-13T17:48:08.856+0000] {dag.py:2585} INFO - Sync 1 DAGs
[2025-02-13T17:48:08.909+0000] {logging_mixin.py:137} INFO - [2025-02-13T17:48:08.908+0000] {dag.py:3340} INFO - Setting next_dagrun for example_time_delta_sensor_async to None, run_after=None
[2025-02-13T17:48:08.976+0000] {processor.py:176} INFO - Processing /home/airflow/.local/lib/python3.7/site-packages/airflow/example_dags/example_time_delta_sensor_async.py took 0.238 seconds
[2025-02-13T17:48:39.073+0000] {processor.py:154} INFO - Started process (PID=634) to work on /home/airflow/.local/lib/python3.7/site-packages/airflow/example_dags/example_time_delta_sensor_async.py
[2025-02-13T17:48:39.075+0000] {processor.py:756} INFO - Processing file /home/airflow/.local/lib/python3.7/site-packages/airflow/example_dags/example_time_delta_sensor_async.py for tasks to queue
[2025-02-13T17:48:39.076+0000] {logging_mixin.py:137} INFO - [2025-02-13T17:48:39.076+0000] {dagbag.py:537} INFO - Filling up the DagBag from /home/airflow/.local/lib/python3.7/site-packages/airflow/example_dags/example_time_delta_sensor_async.py
[2025-02-13T17:48:39.092+0000] {processor.py:766} INFO - DAG(s) dict_keys(['example_time_delta_sensor_async']) retrieved from /home/airflow/.local/lib/python3.7/site-packages/airflow/example_dags/example_time_delta_sensor_async.py
[2025-02-13T17:48:39.345+0000] {logging_mixin.py:137} INFO - [2025-02-13T17:48:39.344+0000] {dag.py:2585} INFO - Sync 1 DAGs
[2025-02-13T17:48:39.389+0000] {logging_mixin.py:137} INFO - [2025-02-13T17:48:39.389+0000] {dag.py:3340} INFO - Setting next_dagrun for example_time_delta_sensor_async to None, run_after=None
[2025-02-13T17:48:39.426+0000] {processor.py:176} INFO - Processing /home/airflow/.local/lib/python3.7/site-packages/airflow/example_dags/example_time_delta_sensor_async.py took 0.357 seconds
[2025-02-13T17:49:09.628+0000] {processor.py:154} INFO - Started process (PID=814) to work on /home/airflow/.local/lib/python3.7/site-packages/airflow/example_dags/example_time_delta_sensor_async.py
[2025-02-13T17:49:09.629+0000] {processor.py:756} INFO - Processing file /home/airflow/.local/lib/python3.7/site-packages/airflow/example_dags/example_time_delta_sensor_async.py for tasks to queue
[2025-02-13T17:49:09.630+0000] {logging_mixin.py:137} INFO - [2025-02-13T17:49:09.630+0000] {dagbag.py:537} INFO - Filling up the DagBag from /home/airflow/.local/lib/python3.7/site-packages/airflow/example_dags/example_time_delta_sensor_async.py
[2025-02-13T17:49:09.645+0000] {processor.py:766} INFO - DAG(s) dict_keys(['example_time_delta_sensor_async']) retrieved from /home/airflow/.local/lib/python3.7/site-packages/airflow/example_dags/example_time_delta_sensor_async.py
[2025-02-13T17:49:09.876+0000] {logging_mixin.py:137} INFO - [2025-02-13T17:49:09.876+0000] {dag.py:2585} INFO - Sync 1 DAGs
[2025-02-13T17:49:09.907+0000] {logging_mixin.py:137} INFO - [2025-02-13T17:49:09.907+0000] {dag.py:3340} INFO - Setting next_dagrun for example_time_delta_sensor_async to None, run_after=None
[2025-02-13T17:49:09.940+0000] {processor.py:176} INFO - Processing /home/airflow/.local/lib/python3.7/site-packages/airflow/example_dags/example_time_delta_sensor_async.py took 0.316 seconds
[2025-02-13T17:49:40.127+0000] {processor.py:154} INFO - Started process (PID=994) to work on /home/airflow/.local/lib/python3.7/site-packages/airflow/example_dags/example_time_delta_sensor_async.py
[2025-02-13T17:49:40.130+0000] {processor.py:756} INFO - Processing file /home/airflow/.local/lib/python3.7/site-packages/airflow/example_dags/example_time_delta_sensor_async.py for tasks to queue
[2025-02-13T17:49:40.132+0000] {logging_mixin.py:137} INFO - [2025-02-13T17:49:40.132+0000] {dagbag.py:537} INFO - Filling up the DagBag from /home/airflow/.local/lib/python3.7/site-packages/airflow/example_dags/example_time_delta_sensor_async.py
[2025-02-13T17:49:40.157+0000] {processor.py:766} INFO - DAG(s) dict_keys(['example_time_delta_sensor_async']) retrieved from /home/airflow/.local/lib/python3.7/site-packages/airflow/example_dags/example_time_delta_sensor_async.py
[2025-02-13T17:49:40.432+0000] {logging_mixin.py:137} INFO - [2025-02-13T17:49:40.431+0000] {dag.py:2585} INFO - Sync 1 DAGs
[2025-02-13T17:49:40.463+0000] {logging_mixin.py:137} INFO - [2025-02-13T17:49:40.462+0000] {dag.py:3340} INFO - Setting next_dagrun for example_time_delta_sensor_async to None, run_after=None
[2025-02-13T17:49:40.491+0000] {processor.py:176} INFO - Processing /home/airflow/.local/lib/python3.7/site-packages/airflow/example_dags/example_time_delta_sensor_async.py took 0.368 seconds
[2025-02-13T17:50:10.859+0000] {processor.py:154} INFO - Started process (PID=1174) to work on /home/airflow/.local/lib/python3.7/site-packages/airflow/example_dags/example_time_delta_sensor_async.py
[2025-02-13T17:50:10.861+0000] {processor.py:756} INFO - Processing file /home/airflow/.local/lib/python3.7/site-packages/airflow/example_dags/example_time_delta_sensor_async.py for tasks to queue
[2025-02-13T17:50:10.862+0000] {logging_mixin.py:137} INFO - [2025-02-13T17:50:10.862+0000] {dagbag.py:537} INFO - Filling up the DagBag from /home/airflow/.local/lib/python3.7/site-packages/airflow/example_dags/example_time_delta_sensor_async.py
[2025-02-13T17:50:10.876+0000] {processor.py:766} INFO - DAG(s) dict_keys(['example_time_delta_sensor_async']) retrieved from /home/airflow/.local/lib/python3.7/site-packages/airflow/example_dags/example_time_delta_sensor_async.py
[2025-02-13T17:50:11.109+0000] {logging_mixin.py:137} INFO - [2025-02-13T17:50:11.109+0000] {dag.py:2585} INFO - Sync 1 DAGs
[2025-02-13T17:50:11.146+0000] {logging_mixin.py:137} INFO - [2025-02-13T17:50:11.145+0000] {dag.py:3340} INFO - Setting next_dagrun for example_time_delta_sensor_async to None, run_after=None
[2025-02-13T17:50:11.169+0000] {processor.py:176} INFO - Processing /home/airflow/.local/lib/python3.7/site-packages/airflow/example_dags/example_time_delta_sensor_async.py took 0.314 seconds
[2025-02-13T17:50:41.510+0000] {processor.py:154} INFO - Started process (PID=1352) to work on /home/airflow/.local/lib/python3.7/site-packages/airflow/example_dags/example_time_delta_sensor_async.py
[2025-02-13T17:50:41.512+0000] {processor.py:756} INFO - Processing file /home/airflow/.local/lib/python3.7/site-packages/airflow/example_dags/example_time_delta_sensor_async.py for tasks to queue
[2025-02-13T17:50:41.514+0000] {logging_mixin.py:137} INFO - [2025-02-13T17:50:41.514+0000] {dagbag.py:537} INFO - Filling up the DagBag from /home/airflow/.local/lib/python3.7/site-packages/airflow/example_dags/example_time_delta_sensor_async.py
[2025-02-13T17:50:41.529+0000] {processor.py:766} INFO - DAG(s) dict_keys(['example_time_delta_sensor_async']) retrieved from /home/airflow/.local/lib/python3.7/site-packages/airflow/example_dags/example_time_delta_sensor_async.py
[2025-02-13T17:50:41.791+0000] {logging_mixin.py:137} INFO - [2025-02-13T17:50:41.790+0000] {dag.py:2585} INFO - Sync 1 DAGs
[2025-02-13T17:50:41.828+0000] {logging_mixin.py:137} INFO - [2025-02-13T17:50:41.828+0000] {dag.py:3340} INFO - Setting next_dagrun for example_time_delta_sensor_async to None, run_after=None
[2025-02-13T17:50:41.858+0000] {processor.py:176} INFO - Processing /home/airflow/.local/lib/python3.7/site-packages/airflow/example_dags/example_time_delta_sensor_async.py took 0.352 seconds
[2025-02-13T17:51:13.000+0000] {processor.py:154} INFO - Started process (PID=1539) to work on /home/airflow/.local/lib/python3.7/site-packages/airflow/example_dags/example_time_delta_sensor_async.py
[2025-02-13T17:51:13.003+0000] {processor.py:756} INFO - Processing file /home/airflow/.local/lib/python3.7/site-packages/airflow/example_dags/example_time_delta_sensor_async.py for tasks to queue
[2025-02-13T17:51:13.006+0000] {logging_mixin.py:137} INFO - [2025-02-13T17:51:13.006+0000] {dagbag.py:537} INFO - Filling up the DagBag from /home/airflow/.local/lib/python3.7/site-packages/airflow/example_dags/example_time_delta_sensor_async.py
[2025-02-13T17:51:13.034+0000] {processor.py:766} INFO - DAG(s) dict_keys(['example_time_delta_sensor_async']) retrieved from /home/airflow/.local/lib/python3.7/site-packages/airflow/example_dags/example_time_delta_sensor_async.py
[2025-02-13T17:51:13.343+0000] {logging_mixin.py:137} INFO - [2025-02-13T17:51:13.343+0000] {dag.py:2585} INFO - Sync 1 DAGs
[2025-02-13T17:51:13.378+0000] {logging_mixin.py:137} INFO - [2025-02-13T17:51:13.378+0000] {dag.py:3340} INFO - Setting next_dagrun for example_time_delta_sensor_async to None, run_after=None
[2025-02-13T17:51:13.412+0000] {processor.py:176} INFO - Processing /home/airflow/.local/lib/python3.7/site-packages/airflow/example_dags/example_time_delta_sensor_async.py took 0.421 seconds
[2025-02-13T17:51:43.631+0000] {processor.py:154} INFO - Started process (PID=1717) to work on /home/airflow/.local/lib/python3.7/site-packages/airflow/example_dags/example_time_delta_sensor_async.py
[2025-02-13T17:51:43.633+0000] {processor.py:756} INFO - Processing file /home/airflow/.local/lib/python3.7/site-packages/airflow/example_dags/example_time_delta_sensor_async.py for tasks to queue
[2025-02-13T17:51:43.634+0000] {logging_mixin.py:137} INFO - [2025-02-13T17:51:43.634+0000] {dagbag.py:537} INFO - Filling up the DagBag from /home/airflow/.local/lib/python3.7/site-packages/airflow/example_dags/example_time_delta_sensor_async.py
[2025-02-13T17:51:43.650+0000] {processor.py:766} INFO - DAG(s) dict_keys(['example_time_delta_sensor_async']) retrieved from /home/airflow/.local/lib/python3.7/site-packages/airflow/example_dags/example_time_delta_sensor_async.py
[2025-02-13T17:51:43.972+0000] {logging_mixin.py:137} INFO - [2025-02-13T17:51:43.972+0000] {dag.py:2585} INFO - Sync 1 DAGs
[2025-02-13T17:51:44.026+0000] {logging_mixin.py:137} INFO - [2025-02-13T17:51:44.026+0000] {dag.py:3340} INFO - Setting next_dagrun for example_time_delta_sensor_async to None, run_after=None
[2025-02-13T17:51:44.082+0000] {processor.py:176} INFO - Processing /home/airflow/.local/lib/python3.7/site-packages/airflow/example_dags/example_time_delta_sensor_async.py took 0.455 seconds
