[2025-02-13T17:25:25.939+0000] {processor.py:154} INFO - Started process (PID=326) to work on /home/airflow/.local/lib/python3.7/site-packages/airflow/example_dags/example_branch_day_of_week_operator.py
[2025-02-13T17:25:25.942+0000] {processor.py:756} INFO - Processing file /home/airflow/.local/lib/python3.7/site-packages/airflow/example_dags/example_branch_day_of_week_operator.py for tasks to queue
[2025-02-13T17:25:25.944+0000] {logging_mixin.py:137} INFO - [2025-02-13T17:25:25.944+0000] {dagbag.py:537} INFO - Filling up the DagBag from /home/airflow/.local/lib/python3.7/site-packages/airflow/example_dags/example_branch_day_of_week_operator.py
[2025-02-13T17:25:25.979+0000] {processor.py:766} INFO - DAG(s) dict_keys(['example_weekday_branch_operator']) retrieved from /home/airflow/.local/lib/python3.7/site-packages/airflow/example_dags/example_branch_day_of_week_operator.py
[2025-02-13T17:25:26.074+0000] {logging_mixin.py:137} INFO - [2025-02-13T17:25:26.073+0000] {dag.py:2585} INFO - Sync 1 DAGs
[2025-02-13T17:25:26.136+0000] {logging_mixin.py:137} INFO - [2025-02-13T17:25:26.136+0000] {dag.py:3340} INFO - Setting next_dagrun for example_weekday_branch_operator to 2025-02-12T00:00:00+00:00, run_after=2025-02-13T00:00:00+00:00
[2025-02-13T17:25:26.194+0000] {processor.py:176} INFO - Processing /home/airflow/.local/lib/python3.7/site-packages/airflow/example_dags/example_branch_day_of_week_operator.py took 0.260 seconds
[2025-02-13T17:25:56.461+0000] {processor.py:154} INFO - Started process (PID=501) to work on /home/airflow/.local/lib/python3.7/site-packages/airflow/example_dags/example_branch_day_of_week_operator.py
[2025-02-13T17:25:56.465+0000] {processor.py:756} INFO - Processing file /home/airflow/.local/lib/python3.7/site-packages/airflow/example_dags/example_branch_day_of_week_operator.py for tasks to queue
[2025-02-13T17:25:56.468+0000] {logging_mixin.py:137} INFO - [2025-02-13T17:25:56.467+0000] {dagbag.py:537} INFO - Filling up the DagBag from /home/airflow/.local/lib/python3.7/site-packages/airflow/example_dags/example_branch_day_of_week_operator.py
[2025-02-13T17:25:56.536+0000] {processor.py:766} INFO - DAG(s) dict_keys(['example_weekday_branch_operator']) retrieved from /home/airflow/.local/lib/python3.7/site-packages/airflow/example_dags/example_branch_day_of_week_operator.py
[2025-02-13T17:25:56.810+0000] {logging_mixin.py:137} INFO - [2025-02-13T17:25:56.809+0000] {dag.py:2585} INFO - Sync 1 DAGs
[2025-02-13T17:25:56.957+0000] {logging_mixin.py:137} INFO - [2025-02-13T17:25:56.954+0000] {dag.py:3340} INFO - Setting next_dagrun for example_weekday_branch_operator to 2025-02-12T00:00:00+00:00, run_after=2025-02-13T00:00:00+00:00
[2025-02-13T17:25:57.060+0000] {processor.py:176} INFO - Processing /home/airflow/.local/lib/python3.7/site-packages/airflow/example_dags/example_branch_day_of_week_operator.py took 0.613 seconds
[2025-02-13T17:26:27.346+0000] {processor.py:154} INFO - Started process (PID=678) to work on /home/airflow/.local/lib/python3.7/site-packages/airflow/example_dags/example_branch_day_of_week_operator.py
[2025-02-13T17:26:27.348+0000] {processor.py:756} INFO - Processing file /home/airflow/.local/lib/python3.7/site-packages/airflow/example_dags/example_branch_day_of_week_operator.py for tasks to queue
[2025-02-13T17:26:27.349+0000] {logging_mixin.py:137} INFO - [2025-02-13T17:26:27.349+0000] {dagbag.py:537} INFO - Filling up the DagBag from /home/airflow/.local/lib/python3.7/site-packages/airflow/example_dags/example_branch_day_of_week_operator.py
[2025-02-13T17:26:27.377+0000] {processor.py:766} INFO - DAG(s) dict_keys(['example_weekday_branch_operator']) retrieved from /home/airflow/.local/lib/python3.7/site-packages/airflow/example_dags/example_branch_day_of_week_operator.py
[2025-02-13T17:26:27.452+0000] {logging_mixin.py:137} INFO - [2025-02-13T17:26:27.452+0000] {dag.py:2585} INFO - Sync 1 DAGs
[2025-02-13T17:26:27.498+0000] {logging_mixin.py:137} INFO - [2025-02-13T17:26:27.498+0000] {dag.py:3340} INFO - Setting next_dagrun for example_weekday_branch_operator to 2025-02-12T00:00:00+00:00, run_after=2025-02-13T00:00:00+00:00
[2025-02-13T17:26:27.553+0000] {processor.py:176} INFO - Processing /home/airflow/.local/lib/python3.7/site-packages/airflow/example_dags/example_branch_day_of_week_operator.py took 0.210 seconds
[2025-02-13T17:26:58.028+0000] {processor.py:154} INFO - Started process (PID=859) to work on /home/airflow/.local/lib/python3.7/site-packages/airflow/example_dags/example_branch_day_of_week_operator.py
[2025-02-13T17:26:58.031+0000] {processor.py:756} INFO - Processing file /home/airflow/.local/lib/python3.7/site-packages/airflow/example_dags/example_branch_day_of_week_operator.py for tasks to queue
[2025-02-13T17:26:58.035+0000] {logging_mixin.py:137} INFO - [2025-02-13T17:26:58.034+0000] {dagbag.py:537} INFO - Filling up the DagBag from /home/airflow/.local/lib/python3.7/site-packages/airflow/example_dags/example_branch_day_of_week_operator.py
[2025-02-13T17:26:58.079+0000] {processor.py:766} INFO - DAG(s) dict_keys(['example_weekday_branch_operator']) retrieved from /home/airflow/.local/lib/python3.7/site-packages/airflow/example_dags/example_branch_day_of_week_operator.py
[2025-02-13T17:26:58.133+0000] {logging_mixin.py:137} INFO - [2025-02-13T17:26:58.133+0000] {dag.py:2585} INFO - Sync 1 DAGs
[2025-02-13T17:26:58.174+0000] {logging_mixin.py:137} INFO - [2025-02-13T17:26:58.174+0000] {dag.py:3340} INFO - Setting next_dagrun for example_weekday_branch_operator to 2025-02-12T00:00:00+00:00, run_after=2025-02-13T00:00:00+00:00
[2025-02-13T17:26:58.218+0000] {processor.py:176} INFO - Processing /home/airflow/.local/lib/python3.7/site-packages/airflow/example_dags/example_branch_day_of_week_operator.py took 0.201 seconds
[2025-02-13T17:27:28.830+0000] {processor.py:154} INFO - Started process (PID=1037) to work on /home/airflow/.local/lib/python3.7/site-packages/airflow/example_dags/example_branch_day_of_week_operator.py
[2025-02-13T17:27:28.833+0000] {processor.py:756} INFO - Processing file /home/airflow/.local/lib/python3.7/site-packages/airflow/example_dags/example_branch_day_of_week_operator.py for tasks to queue
[2025-02-13T17:27:28.836+0000] {logging_mixin.py:137} INFO - [2025-02-13T17:27:28.835+0000] {dagbag.py:537} INFO - Filling up the DagBag from /home/airflow/.local/lib/python3.7/site-packages/airflow/example_dags/example_branch_day_of_week_operator.py
[2025-02-13T17:27:28.868+0000] {processor.py:766} INFO - DAG(s) dict_keys(['example_weekday_branch_operator']) retrieved from /home/airflow/.local/lib/python3.7/site-packages/airflow/example_dags/example_branch_day_of_week_operator.py
[2025-02-13T17:27:28.922+0000] {logging_mixin.py:137} INFO - [2025-02-13T17:27:28.922+0000] {dag.py:2585} INFO - Sync 1 DAGs
[2025-02-13T17:27:28.965+0000] {logging_mixin.py:137} INFO - [2025-02-13T17:27:28.965+0000] {dag.py:3340} INFO - Setting next_dagrun for example_weekday_branch_operator to 2025-02-12T00:00:00+00:00, run_after=2025-02-13T00:00:00+00:00
[2025-02-13T17:27:29.003+0000] {processor.py:176} INFO - Processing /home/airflow/.local/lib/python3.7/site-packages/airflow/example_dags/example_branch_day_of_week_operator.py took 0.180 seconds
[2025-02-13T17:27:59.840+0000] {processor.py:154} INFO - Started process (PID=1217) to work on /home/airflow/.local/lib/python3.7/site-packages/airflow/example_dags/example_branch_day_of_week_operator.py
[2025-02-13T17:27:59.843+0000] {processor.py:756} INFO - Processing file /home/airflow/.local/lib/python3.7/site-packages/airflow/example_dags/example_branch_day_of_week_operator.py for tasks to queue
[2025-02-13T17:27:59.846+0000] {logging_mixin.py:137} INFO - [2025-02-13T17:27:59.846+0000] {dagbag.py:537} INFO - Filling up the DagBag from /home/airflow/.local/lib/python3.7/site-packages/airflow/example_dags/example_branch_day_of_week_operator.py
[2025-02-13T17:27:59.872+0000] {processor.py:766} INFO - DAG(s) dict_keys(['example_weekday_branch_operator']) retrieved from /home/airflow/.local/lib/python3.7/site-packages/airflow/example_dags/example_branch_day_of_week_operator.py
[2025-02-13T17:27:59.917+0000] {logging_mixin.py:137} INFO - [2025-02-13T17:27:59.917+0000] {dag.py:2585} INFO - Sync 1 DAGs
[2025-02-13T17:27:59.976+0000] {logging_mixin.py:137} INFO - [2025-02-13T17:27:59.976+0000] {dag.py:3340} INFO - Setting next_dagrun for example_weekday_branch_operator to 2025-02-12T00:00:00+00:00, run_after=2025-02-13T00:00:00+00:00
[2025-02-13T17:28:00.058+0000] {processor.py:176} INFO - Processing /home/airflow/.local/lib/python3.7/site-packages/airflow/example_dags/example_branch_day_of_week_operator.py took 0.224 seconds
[2025-02-13T17:28:30.472+0000] {processor.py:154} INFO - Started process (PID=1399) to work on /home/airflow/.local/lib/python3.7/site-packages/airflow/example_dags/example_branch_day_of_week_operator.py
[2025-02-13T17:28:30.475+0000] {processor.py:756} INFO - Processing file /home/airflow/.local/lib/python3.7/site-packages/airflow/example_dags/example_branch_day_of_week_operator.py for tasks to queue
[2025-02-13T17:28:30.479+0000] {logging_mixin.py:137} INFO - [2025-02-13T17:28:30.478+0000] {dagbag.py:537} INFO - Filling up the DagBag from /home/airflow/.local/lib/python3.7/site-packages/airflow/example_dags/example_branch_day_of_week_operator.py
[2025-02-13T17:28:30.549+0000] {processor.py:766} INFO - DAG(s) dict_keys(['example_weekday_branch_operator']) retrieved from /home/airflow/.local/lib/python3.7/site-packages/airflow/example_dags/example_branch_day_of_week_operator.py
[2025-02-13T17:28:30.618+0000] {logging_mixin.py:137} INFO - [2025-02-13T17:28:30.618+0000] {dag.py:2585} INFO - Sync 1 DAGs
[2025-02-13T17:28:30.658+0000] {logging_mixin.py:137} INFO - [2025-02-13T17:28:30.658+0000] {dag.py:3340} INFO - Setting next_dagrun for example_weekday_branch_operator to 2025-02-12T00:00:00+00:00, run_after=2025-02-13T00:00:00+00:00
[2025-02-13T17:28:30.688+0000] {processor.py:176} INFO - Processing /home/airflow/.local/lib/python3.7/site-packages/airflow/example_dags/example_branch_day_of_week_operator.py took 0.234 seconds
[2025-02-13T17:29:01.384+0000] {processor.py:154} INFO - Started process (PID=1577) to work on /home/airflow/.local/lib/python3.7/site-packages/airflow/example_dags/example_branch_day_of_week_operator.py
[2025-02-13T17:29:01.387+0000] {processor.py:756} INFO - Processing file /home/airflow/.local/lib/python3.7/site-packages/airflow/example_dags/example_branch_day_of_week_operator.py for tasks to queue
[2025-02-13T17:29:01.390+0000] {logging_mixin.py:137} INFO - [2025-02-13T17:29:01.389+0000] {dagbag.py:537} INFO - Filling up the DagBag from /home/airflow/.local/lib/python3.7/site-packages/airflow/example_dags/example_branch_day_of_week_operator.py
[2025-02-13T17:29:01.422+0000] {processor.py:766} INFO - DAG(s) dict_keys(['example_weekday_branch_operator']) retrieved from /home/airflow/.local/lib/python3.7/site-packages/airflow/example_dags/example_branch_day_of_week_operator.py
[2025-02-13T17:29:01.477+0000] {logging_mixin.py:137} INFO - [2025-02-13T17:29:01.477+0000] {dag.py:2585} INFO - Sync 1 DAGs
[2025-02-13T17:29:01.541+0000] {logging_mixin.py:137} INFO - [2025-02-13T17:29:01.541+0000] {dag.py:3340} INFO - Setting next_dagrun for example_weekday_branch_operator to 2025-02-12T00:00:00+00:00, run_after=2025-02-13T00:00:00+00:00
[2025-02-13T17:29:01.580+0000] {processor.py:176} INFO - Processing /home/airflow/.local/lib/python3.7/site-packages/airflow/example_dags/example_branch_day_of_week_operator.py took 0.201 seconds
[2025-02-13T17:29:31.950+0000] {processor.py:154} INFO - Started process (PID=1764) to work on /home/airflow/.local/lib/python3.7/site-packages/airflow/example_dags/example_branch_day_of_week_operator.py
[2025-02-13T17:29:31.952+0000] {processor.py:756} INFO - Processing file /home/airflow/.local/lib/python3.7/site-packages/airflow/example_dags/example_branch_day_of_week_operator.py for tasks to queue
[2025-02-13T17:29:31.953+0000] {logging_mixin.py:137} INFO - [2025-02-13T17:29:31.953+0000] {dagbag.py:537} INFO - Filling up the DagBag from /home/airflow/.local/lib/python3.7/site-packages/airflow/example_dags/example_branch_day_of_week_operator.py
[2025-02-13T17:29:31.980+0000] {processor.py:766} INFO - DAG(s) dict_keys(['example_weekday_branch_operator']) retrieved from /home/airflow/.local/lib/python3.7/site-packages/airflow/example_dags/example_branch_day_of_week_operator.py
[2025-02-13T17:29:32.050+0000] {logging_mixin.py:137} INFO - [2025-02-13T17:29:32.050+0000] {dag.py:2585} INFO - Sync 1 DAGs
[2025-02-13T17:29:32.106+0000] {logging_mixin.py:137} INFO - [2025-02-13T17:29:32.106+0000] {dag.py:3340} INFO - Setting next_dagrun for example_weekday_branch_operator to 2025-02-12T00:00:00+00:00, run_after=2025-02-13T00:00:00+00:00
[2025-02-13T17:29:32.157+0000] {processor.py:176} INFO - Processing /home/airflow/.local/lib/python3.7/site-packages/airflow/example_dags/example_branch_day_of_week_operator.py took 0.212 seconds
[2025-02-13T17:30:02.316+0000] {processor.py:154} INFO - Started process (PID=1944) to work on /home/airflow/.local/lib/python3.7/site-packages/airflow/example_dags/example_branch_day_of_week_operator.py
[2025-02-13T17:30:02.318+0000] {processor.py:756} INFO - Processing file /home/airflow/.local/lib/python3.7/site-packages/airflow/example_dags/example_branch_day_of_week_operator.py for tasks to queue
[2025-02-13T17:30:02.319+0000] {logging_mixin.py:137} INFO - [2025-02-13T17:30:02.319+0000] {dagbag.py:537} INFO - Filling up the DagBag from /home/airflow/.local/lib/python3.7/site-packages/airflow/example_dags/example_branch_day_of_week_operator.py
[2025-02-13T17:30:02.339+0000] {processor.py:766} INFO - DAG(s) dict_keys(['example_weekday_branch_operator']) retrieved from /home/airflow/.local/lib/python3.7/site-packages/airflow/example_dags/example_branch_day_of_week_operator.py
[2025-02-13T17:30:02.384+0000] {logging_mixin.py:137} INFO - [2025-02-13T17:30:02.384+0000] {dag.py:2585} INFO - Sync 1 DAGs
[2025-02-13T17:30:02.426+0000] {logging_mixin.py:137} INFO - [2025-02-13T17:30:02.426+0000] {dag.py:3340} INFO - Setting next_dagrun for example_weekday_branch_operator to 2025-02-12T00:00:00+00:00, run_after=2025-02-13T00:00:00+00:00
[2025-02-13T17:30:02.467+0000] {processor.py:176} INFO - Processing /home/airflow/.local/lib/python3.7/site-packages/airflow/example_dags/example_branch_day_of_week_operator.py took 0.156 seconds
[2025-02-13T17:30:33.233+0000] {processor.py:154} INFO - Started process (PID=2117) to work on /home/airflow/.local/lib/python3.7/site-packages/airflow/example_dags/example_branch_day_of_week_operator.py
[2025-02-13T17:30:33.235+0000] {processor.py:756} INFO - Processing file /home/airflow/.local/lib/python3.7/site-packages/airflow/example_dags/example_branch_day_of_week_operator.py for tasks to queue
[2025-02-13T17:30:33.238+0000] {logging_mixin.py:137} INFO - [2025-02-13T17:30:33.237+0000] {dagbag.py:537} INFO - Filling up the DagBag from /home/airflow/.local/lib/python3.7/site-packages/airflow/example_dags/example_branch_day_of_week_operator.py
[2025-02-13T17:30:33.279+0000] {processor.py:766} INFO - DAG(s) dict_keys(['example_weekday_branch_operator']) retrieved from /home/airflow/.local/lib/python3.7/site-packages/airflow/example_dags/example_branch_day_of_week_operator.py
[2025-02-13T17:30:33.334+0000] {logging_mixin.py:137} INFO - [2025-02-13T17:30:33.333+0000] {dag.py:2585} INFO - Sync 1 DAGs
[2025-02-13T17:30:33.422+0000] {logging_mixin.py:137} INFO - [2025-02-13T17:30:33.422+0000] {dag.py:3340} INFO - Setting next_dagrun for example_weekday_branch_operator to 2025-02-12T00:00:00+00:00, run_after=2025-02-13T00:00:00+00:00
[2025-02-13T17:30:33.489+0000] {processor.py:176} INFO - Processing /home/airflow/.local/lib/python3.7/site-packages/airflow/example_dags/example_branch_day_of_week_operator.py took 0.262 seconds
[2025-02-13T17:31:04.202+0000] {processor.py:154} INFO - Started process (PID=2299) to work on /home/airflow/.local/lib/python3.7/site-packages/airflow/example_dags/example_branch_day_of_week_operator.py
[2025-02-13T17:31:04.204+0000] {processor.py:756} INFO - Processing file /home/airflow/.local/lib/python3.7/site-packages/airflow/example_dags/example_branch_day_of_week_operator.py for tasks to queue
[2025-02-13T17:31:04.207+0000] {logging_mixin.py:137} INFO - [2025-02-13T17:31:04.206+0000] {dagbag.py:537} INFO - Filling up the DagBag from /home/airflow/.local/lib/python3.7/site-packages/airflow/example_dags/example_branch_day_of_week_operator.py
[2025-02-13T17:31:04.250+0000] {processor.py:766} INFO - DAG(s) dict_keys(['example_weekday_branch_operator']) retrieved from /home/airflow/.local/lib/python3.7/site-packages/airflow/example_dags/example_branch_day_of_week_operator.py
[2025-02-13T17:31:04.293+0000] {logging_mixin.py:137} INFO - [2025-02-13T17:31:04.293+0000] {dag.py:2585} INFO - Sync 1 DAGs
[2025-02-13T17:31:04.337+0000] {logging_mixin.py:137} INFO - [2025-02-13T17:31:04.337+0000] {dag.py:3340} INFO - Setting next_dagrun for example_weekday_branch_operator to 2025-02-12T00:00:00+00:00, run_after=2025-02-13T00:00:00+00:00
[2025-02-13T17:31:04.390+0000] {processor.py:176} INFO - Processing /home/airflow/.local/lib/python3.7/site-packages/airflow/example_dags/example_branch_day_of_week_operator.py took 0.192 seconds
[2025-02-13T17:31:34.742+0000] {processor.py:154} INFO - Started process (PID=2479) to work on /home/airflow/.local/lib/python3.7/site-packages/airflow/example_dags/example_branch_day_of_week_operator.py
[2025-02-13T17:31:34.744+0000] {processor.py:756} INFO - Processing file /home/airflow/.local/lib/python3.7/site-packages/airflow/example_dags/example_branch_day_of_week_operator.py for tasks to queue
[2025-02-13T17:31:34.747+0000] {logging_mixin.py:137} INFO - [2025-02-13T17:31:34.746+0000] {dagbag.py:537} INFO - Filling up the DagBag from /home/airflow/.local/lib/python3.7/site-packages/airflow/example_dags/example_branch_day_of_week_operator.py
[2025-02-13T17:31:34.776+0000] {processor.py:766} INFO - DAG(s) dict_keys(['example_weekday_branch_operator']) retrieved from /home/airflow/.local/lib/python3.7/site-packages/airflow/example_dags/example_branch_day_of_week_operator.py
[2025-02-13T17:31:34.826+0000] {logging_mixin.py:137} INFO - [2025-02-13T17:31:34.826+0000] {dag.py:2585} INFO - Sync 1 DAGs
[2025-02-13T17:31:34.905+0000] {logging_mixin.py:137} INFO - [2025-02-13T17:31:34.905+0000] {dag.py:3340} INFO - Setting next_dagrun for example_weekday_branch_operator to 2025-02-12T00:00:00+00:00, run_after=2025-02-13T00:00:00+00:00
[2025-02-13T17:31:34.964+0000] {processor.py:176} INFO - Processing /home/airflow/.local/lib/python3.7/site-packages/airflow/example_dags/example_branch_day_of_week_operator.py took 0.227 seconds
[2025-02-13T17:32:06.748+0000] {processor.py:154} INFO - Started process (PID=2657) to work on /home/airflow/.local/lib/python3.7/site-packages/airflow/example_dags/example_branch_day_of_week_operator.py
[2025-02-13T17:32:06.750+0000] {processor.py:756} INFO - Processing file /home/airflow/.local/lib/python3.7/site-packages/airflow/example_dags/example_branch_day_of_week_operator.py for tasks to queue
[2025-02-13T17:32:06.753+0000] {logging_mixin.py:137} INFO - [2025-02-13T17:32:06.752+0000] {dagbag.py:537} INFO - Filling up the DagBag from /home/airflow/.local/lib/python3.7/site-packages/airflow/example_dags/example_branch_day_of_week_operator.py
[2025-02-13T17:32:06.777+0000] {processor.py:766} INFO - DAG(s) dict_keys(['example_weekday_branch_operator']) retrieved from /home/airflow/.local/lib/python3.7/site-packages/airflow/example_dags/example_branch_day_of_week_operator.py
[2025-02-13T17:32:06.857+0000] {logging_mixin.py:137} INFO - [2025-02-13T17:32:06.856+0000] {dag.py:2585} INFO - Sync 1 DAGs
[2025-02-13T17:32:07.140+0000] {logging_mixin.py:137} INFO - [2025-02-13T17:32:07.140+0000] {dag.py:3340} INFO - Setting next_dagrun for example_weekday_branch_operator to 2025-02-12T00:00:00+00:00, run_after=2025-02-13T00:00:00+00:00
[2025-02-13T17:32:07.196+0000] {processor.py:176} INFO - Processing /home/airflow/.local/lib/python3.7/site-packages/airflow/example_dags/example_branch_day_of_week_operator.py took 0.454 seconds
[2025-02-13T17:32:37.686+0000] {processor.py:154} INFO - Started process (PID=2837) to work on /home/airflow/.local/lib/python3.7/site-packages/airflow/example_dags/example_branch_day_of_week_operator.py
[2025-02-13T17:32:37.689+0000] {processor.py:756} INFO - Processing file /home/airflow/.local/lib/python3.7/site-packages/airflow/example_dags/example_branch_day_of_week_operator.py for tasks to queue
[2025-02-13T17:32:37.691+0000] {logging_mixin.py:137} INFO - [2025-02-13T17:32:37.691+0000] {dagbag.py:537} INFO - Filling up the DagBag from /home/airflow/.local/lib/python3.7/site-packages/airflow/example_dags/example_branch_day_of_week_operator.py
[2025-02-13T17:32:37.726+0000] {processor.py:766} INFO - DAG(s) dict_keys(['example_weekday_branch_operator']) retrieved from /home/airflow/.local/lib/python3.7/site-packages/airflow/example_dags/example_branch_day_of_week_operator.py
[2025-02-13T17:32:37.857+0000] {logging_mixin.py:137} INFO - [2025-02-13T17:32:37.857+0000] {dag.py:2585} INFO - Sync 1 DAGs
[2025-02-13T17:32:37.936+0000] {logging_mixin.py:137} INFO - [2025-02-13T17:32:37.935+0000] {dag.py:3340} INFO - Setting next_dagrun for example_weekday_branch_operator to 2025-02-12T00:00:00+00:00, run_after=2025-02-13T00:00:00+00:00
[2025-02-13T17:32:37.994+0000] {processor.py:176} INFO - Processing /home/airflow/.local/lib/python3.7/site-packages/airflow/example_dags/example_branch_day_of_week_operator.py took 0.320 seconds
[2025-02-13T17:33:08.160+0000] {processor.py:154} INFO - Started process (PID=3017) to work on /home/airflow/.local/lib/python3.7/site-packages/airflow/example_dags/example_branch_day_of_week_operator.py
[2025-02-13T17:33:08.161+0000] {processor.py:756} INFO - Processing file /home/airflow/.local/lib/python3.7/site-packages/airflow/example_dags/example_branch_day_of_week_operator.py for tasks to queue
[2025-02-13T17:33:08.163+0000] {logging_mixin.py:137} INFO - [2025-02-13T17:33:08.163+0000] {dagbag.py:537} INFO - Filling up the DagBag from /home/airflow/.local/lib/python3.7/site-packages/airflow/example_dags/example_branch_day_of_week_operator.py
[2025-02-13T17:33:08.183+0000] {processor.py:766} INFO - DAG(s) dict_keys(['example_weekday_branch_operator']) retrieved from /home/airflow/.local/lib/python3.7/site-packages/airflow/example_dags/example_branch_day_of_week_operator.py
[2025-02-13T17:33:08.227+0000] {logging_mixin.py:137} INFO - [2025-02-13T17:33:08.226+0000] {dag.py:2585} INFO - Sync 1 DAGs
[2025-02-13T17:33:08.274+0000] {logging_mixin.py:137} INFO - [2025-02-13T17:33:08.274+0000] {dag.py:3340} INFO - Setting next_dagrun for example_weekday_branch_operator to 2025-02-12T00:00:00+00:00, run_after=2025-02-13T00:00:00+00:00
[2025-02-13T17:33:08.308+0000] {processor.py:176} INFO - Processing /home/airflow/.local/lib/python3.7/site-packages/airflow/example_dags/example_branch_day_of_week_operator.py took 0.155 seconds
[2025-02-13T17:33:39.279+0000] {processor.py:154} INFO - Started process (PID=3199) to work on /home/airflow/.local/lib/python3.7/site-packages/airflow/example_dags/example_branch_day_of_week_operator.py
[2025-02-13T17:33:39.281+0000] {processor.py:756} INFO - Processing file /home/airflow/.local/lib/python3.7/site-packages/airflow/example_dags/example_branch_day_of_week_operator.py for tasks to queue
[2025-02-13T17:33:39.283+0000] {logging_mixin.py:137} INFO - [2025-02-13T17:33:39.282+0000] {dagbag.py:537} INFO - Filling up the DagBag from /home/airflow/.local/lib/python3.7/site-packages/airflow/example_dags/example_branch_day_of_week_operator.py
[2025-02-13T17:33:39.317+0000] {processor.py:766} INFO - DAG(s) dict_keys(['example_weekday_branch_operator']) retrieved from /home/airflow/.local/lib/python3.7/site-packages/airflow/example_dags/example_branch_day_of_week_operator.py
[2025-02-13T17:33:39.412+0000] {logging_mixin.py:137} INFO - [2025-02-13T17:33:39.412+0000] {dag.py:2585} INFO - Sync 1 DAGs
[2025-02-13T17:33:39.463+0000] {logging_mixin.py:137} INFO - [2025-02-13T17:33:39.463+0000] {dag.py:3340} INFO - Setting next_dagrun for example_weekday_branch_operator to 2025-02-12T00:00:00+00:00, run_after=2025-02-13T00:00:00+00:00
[2025-02-13T17:33:39.506+0000] {processor.py:176} INFO - Processing /home/airflow/.local/lib/python3.7/site-packages/airflow/example_dags/example_branch_day_of_week_operator.py took 0.233 seconds
[2025-02-13T17:34:09.743+0000] {processor.py:154} INFO - Started process (PID=3382) to work on /home/airflow/.local/lib/python3.7/site-packages/airflow/example_dags/example_branch_day_of_week_operator.py
[2025-02-13T17:34:09.745+0000] {processor.py:756} INFO - Processing file /home/airflow/.local/lib/python3.7/site-packages/airflow/example_dags/example_branch_day_of_week_operator.py for tasks to queue
[2025-02-13T17:34:09.747+0000] {logging_mixin.py:137} INFO - [2025-02-13T17:34:09.747+0000] {dagbag.py:537} INFO - Filling up the DagBag from /home/airflow/.local/lib/python3.7/site-packages/airflow/example_dags/example_branch_day_of_week_operator.py
[2025-02-13T17:34:09.777+0000] {processor.py:766} INFO - DAG(s) dict_keys(['example_weekday_branch_operator']) retrieved from /home/airflow/.local/lib/python3.7/site-packages/airflow/example_dags/example_branch_day_of_week_operator.py
[2025-02-13T17:34:09.852+0000] {logging_mixin.py:137} INFO - [2025-02-13T17:34:09.852+0000] {dag.py:2585} INFO - Sync 1 DAGs
[2025-02-13T17:34:09.898+0000] {logging_mixin.py:137} INFO - [2025-02-13T17:34:09.897+0000] {dag.py:3340} INFO - Setting next_dagrun for example_weekday_branch_operator to 2025-02-12T00:00:00+00:00, run_after=2025-02-13T00:00:00+00:00
[2025-02-13T17:34:09.935+0000] {processor.py:176} INFO - Processing /home/airflow/.local/lib/python3.7/site-packages/airflow/example_dags/example_branch_day_of_week_operator.py took 0.198 seconds
[2025-02-13T17:34:40.374+0000] {processor.py:154} INFO - Started process (PID=3557) to work on /home/airflow/.local/lib/python3.7/site-packages/airflow/example_dags/example_branch_day_of_week_operator.py
[2025-02-13T17:34:40.376+0000] {processor.py:756} INFO - Processing file /home/airflow/.local/lib/python3.7/site-packages/airflow/example_dags/example_branch_day_of_week_operator.py for tasks to queue
[2025-02-13T17:34:40.378+0000] {logging_mixin.py:137} INFO - [2025-02-13T17:34:40.378+0000] {dagbag.py:537} INFO - Filling up the DagBag from /home/airflow/.local/lib/python3.7/site-packages/airflow/example_dags/example_branch_day_of_week_operator.py
[2025-02-13T17:34:40.411+0000] {processor.py:766} INFO - DAG(s) dict_keys(['example_weekday_branch_operator']) retrieved from /home/airflow/.local/lib/python3.7/site-packages/airflow/example_dags/example_branch_day_of_week_operator.py
[2025-02-13T17:34:40.497+0000] {logging_mixin.py:137} INFO - [2025-02-13T17:34:40.497+0000] {dag.py:2585} INFO - Sync 1 DAGs
[2025-02-13T17:34:40.553+0000] {logging_mixin.py:137} INFO - [2025-02-13T17:34:40.552+0000] {dag.py:3340} INFO - Setting next_dagrun for example_weekday_branch_operator to 2025-02-12T00:00:00+00:00, run_after=2025-02-13T00:00:00+00:00
[2025-02-13T17:34:40.592+0000] {processor.py:176} INFO - Processing /home/airflow/.local/lib/python3.7/site-packages/airflow/example_dags/example_branch_day_of_week_operator.py took 0.224 seconds
[2025-02-13T17:35:11.341+0000] {processor.py:154} INFO - Started process (PID=3737) to work on /home/airflow/.local/lib/python3.7/site-packages/airflow/example_dags/example_branch_day_of_week_operator.py
[2025-02-13T17:35:11.343+0000] {processor.py:756} INFO - Processing file /home/airflow/.local/lib/python3.7/site-packages/airflow/example_dags/example_branch_day_of_week_operator.py for tasks to queue
[2025-02-13T17:35:11.344+0000] {logging_mixin.py:137} INFO - [2025-02-13T17:35:11.344+0000] {dagbag.py:537} INFO - Filling up the DagBag from /home/airflow/.local/lib/python3.7/site-packages/airflow/example_dags/example_branch_day_of_week_operator.py
[2025-02-13T17:35:11.373+0000] {processor.py:766} INFO - DAG(s) dict_keys(['example_weekday_branch_operator']) retrieved from /home/airflow/.local/lib/python3.7/site-packages/airflow/example_dags/example_branch_day_of_week_operator.py
[2025-02-13T17:35:11.455+0000] {logging_mixin.py:137} INFO - [2025-02-13T17:35:11.454+0000] {dag.py:2585} INFO - Sync 1 DAGs
[2025-02-13T17:35:11.509+0000] {logging_mixin.py:137} INFO - [2025-02-13T17:35:11.509+0000] {dag.py:3340} INFO - Setting next_dagrun for example_weekday_branch_operator to 2025-02-12T00:00:00+00:00, run_after=2025-02-13T00:00:00+00:00
[2025-02-13T17:35:11.550+0000] {processor.py:176} INFO - Processing /home/airflow/.local/lib/python3.7/site-packages/airflow/example_dags/example_branch_day_of_week_operator.py took 0.218 seconds
[2025-02-13T17:35:42.029+0000] {processor.py:154} INFO - Started process (PID=3917) to work on /home/airflow/.local/lib/python3.7/site-packages/airflow/example_dags/example_branch_day_of_week_operator.py
[2025-02-13T17:35:42.031+0000] {processor.py:756} INFO - Processing file /home/airflow/.local/lib/python3.7/site-packages/airflow/example_dags/example_branch_day_of_week_operator.py for tasks to queue
[2025-02-13T17:35:42.034+0000] {logging_mixin.py:137} INFO - [2025-02-13T17:35:42.033+0000] {dagbag.py:537} INFO - Filling up the DagBag from /home/airflow/.local/lib/python3.7/site-packages/airflow/example_dags/example_branch_day_of_week_operator.py
[2025-02-13T17:35:42.066+0000] {processor.py:766} INFO - DAG(s) dict_keys(['example_weekday_branch_operator']) retrieved from /home/airflow/.local/lib/python3.7/site-packages/airflow/example_dags/example_branch_day_of_week_operator.py
[2025-02-13T17:35:42.141+0000] {logging_mixin.py:137} INFO - [2025-02-13T17:35:42.141+0000] {dag.py:2585} INFO - Sync 1 DAGs
[2025-02-13T17:35:42.196+0000] {logging_mixin.py:137} INFO - [2025-02-13T17:35:42.195+0000] {dag.py:3340} INFO - Setting next_dagrun for example_weekday_branch_operator to 2025-02-12T00:00:00+00:00, run_after=2025-02-13T00:00:00+00:00
[2025-02-13T17:35:42.237+0000] {processor.py:176} INFO - Processing /home/airflow/.local/lib/python3.7/site-packages/airflow/example_dags/example_branch_day_of_week_operator.py took 0.213 seconds
[2025-02-13T17:36:12.471+0000] {processor.py:154} INFO - Started process (PID=4097) to work on /home/airflow/.local/lib/python3.7/site-packages/airflow/example_dags/example_branch_day_of_week_operator.py
[2025-02-13T17:36:12.473+0000] {processor.py:756} INFO - Processing file /home/airflow/.local/lib/python3.7/site-packages/airflow/example_dags/example_branch_day_of_week_operator.py for tasks to queue
[2025-02-13T17:36:12.474+0000] {logging_mixin.py:137} INFO - [2025-02-13T17:36:12.474+0000] {dagbag.py:537} INFO - Filling up the DagBag from /home/airflow/.local/lib/python3.7/site-packages/airflow/example_dags/example_branch_day_of_week_operator.py
[2025-02-13T17:36:12.503+0000] {processor.py:766} INFO - DAG(s) dict_keys(['example_weekday_branch_operator']) retrieved from /home/airflow/.local/lib/python3.7/site-packages/airflow/example_dags/example_branch_day_of_week_operator.py
[2025-02-13T17:36:12.577+0000] {logging_mixin.py:137} INFO - [2025-02-13T17:36:12.577+0000] {dag.py:2585} INFO - Sync 1 DAGs
[2025-02-13T17:36:12.630+0000] {logging_mixin.py:137} INFO - [2025-02-13T17:36:12.629+0000] {dag.py:3340} INFO - Setting next_dagrun for example_weekday_branch_operator to 2025-02-12T00:00:00+00:00, run_after=2025-02-13T00:00:00+00:00
[2025-02-13T17:36:12.675+0000] {processor.py:176} INFO - Processing /home/airflow/.local/lib/python3.7/site-packages/airflow/example_dags/example_branch_day_of_week_operator.py took 0.211 seconds
[2025-02-13T17:36:43.456+0000] {processor.py:154} INFO - Started process (PID=4277) to work on /home/airflow/.local/lib/python3.7/site-packages/airflow/example_dags/example_branch_day_of_week_operator.py
[2025-02-13T17:36:43.459+0000] {processor.py:756} INFO - Processing file /home/airflow/.local/lib/python3.7/site-packages/airflow/example_dags/example_branch_day_of_week_operator.py for tasks to queue
[2025-02-13T17:36:43.462+0000] {logging_mixin.py:137} INFO - [2025-02-13T17:36:43.462+0000] {dagbag.py:537} INFO - Filling up the DagBag from /home/airflow/.local/lib/python3.7/site-packages/airflow/example_dags/example_branch_day_of_week_operator.py
[2025-02-13T17:36:43.495+0000] {processor.py:766} INFO - DAG(s) dict_keys(['example_weekday_branch_operator']) retrieved from /home/airflow/.local/lib/python3.7/site-packages/airflow/example_dags/example_branch_day_of_week_operator.py
[2025-02-13T17:36:43.582+0000] {logging_mixin.py:137} INFO - [2025-02-13T17:36:43.582+0000] {dag.py:2585} INFO - Sync 1 DAGs
[2025-02-13T17:36:43.648+0000] {logging_mixin.py:137} INFO - [2025-02-13T17:36:43.648+0000] {dag.py:3340} INFO - Setting next_dagrun for example_weekday_branch_operator to 2025-02-12T00:00:00+00:00, run_after=2025-02-13T00:00:00+00:00
[2025-02-13T17:36:43.698+0000] {processor.py:176} INFO - Processing /home/airflow/.local/lib/python3.7/site-packages/airflow/example_dags/example_branch_day_of_week_operator.py took 0.247 seconds
[2025-02-13T17:37:14.416+0000] {processor.py:154} INFO - Started process (PID=4467) to work on /home/airflow/.local/lib/python3.7/site-packages/airflow/example_dags/example_branch_day_of_week_operator.py
[2025-02-13T17:37:14.418+0000] {processor.py:756} INFO - Processing file /home/airflow/.local/lib/python3.7/site-packages/airflow/example_dags/example_branch_day_of_week_operator.py for tasks to queue
[2025-02-13T17:37:14.420+0000] {logging_mixin.py:137} INFO - [2025-02-13T17:37:14.420+0000] {dagbag.py:537} INFO - Filling up the DagBag from /home/airflow/.local/lib/python3.7/site-packages/airflow/example_dags/example_branch_day_of_week_operator.py
[2025-02-13T17:37:14.451+0000] {processor.py:766} INFO - DAG(s) dict_keys(['example_weekday_branch_operator']) retrieved from /home/airflow/.local/lib/python3.7/site-packages/airflow/example_dags/example_branch_day_of_week_operator.py
[2025-02-13T17:37:14.517+0000] {logging_mixin.py:137} INFO - [2025-02-13T17:37:14.517+0000] {dag.py:2585} INFO - Sync 1 DAGs
[2025-02-13T17:37:14.571+0000] {logging_mixin.py:137} INFO - [2025-02-13T17:37:14.571+0000] {dag.py:3340} INFO - Setting next_dagrun for example_weekday_branch_operator to 2025-02-12T00:00:00+00:00, run_after=2025-02-13T00:00:00+00:00
[2025-02-13T17:37:14.611+0000] {processor.py:176} INFO - Processing /home/airflow/.local/lib/python3.7/site-packages/airflow/example_dags/example_branch_day_of_week_operator.py took 0.202 seconds
[2025-02-13T17:37:45.429+0000] {processor.py:154} INFO - Started process (PID=4639) to work on /home/airflow/.local/lib/python3.7/site-packages/airflow/example_dags/example_branch_day_of_week_operator.py
[2025-02-13T17:37:45.431+0000] {processor.py:756} INFO - Processing file /home/airflow/.local/lib/python3.7/site-packages/airflow/example_dags/example_branch_day_of_week_operator.py for tasks to queue
[2025-02-13T17:37:45.432+0000] {logging_mixin.py:137} INFO - [2025-02-13T17:37:45.432+0000] {dagbag.py:537} INFO - Filling up the DagBag from /home/airflow/.local/lib/python3.7/site-packages/airflow/example_dags/example_branch_day_of_week_operator.py
[2025-02-13T17:37:45.475+0000] {processor.py:766} INFO - DAG(s) dict_keys(['example_weekday_branch_operator']) retrieved from /home/airflow/.local/lib/python3.7/site-packages/airflow/example_dags/example_branch_day_of_week_operator.py
[2025-02-13T17:37:45.550+0000] {logging_mixin.py:137} INFO - [2025-02-13T17:37:45.550+0000] {dag.py:2585} INFO - Sync 1 DAGs
[2025-02-13T17:37:45.604+0000] {logging_mixin.py:137} INFO - [2025-02-13T17:37:45.603+0000] {dag.py:3340} INFO - Setting next_dagrun for example_weekday_branch_operator to 2025-02-12T00:00:00+00:00, run_after=2025-02-13T00:00:00+00:00
[2025-02-13T17:37:45.637+0000] {processor.py:176} INFO - Processing /home/airflow/.local/lib/python3.7/site-packages/airflow/example_dags/example_branch_day_of_week_operator.py took 0.213 seconds
[2025-02-13T17:38:16.236+0000] {processor.py:154} INFO - Started process (PID=4819) to work on /home/airflow/.local/lib/python3.7/site-packages/airflow/example_dags/example_branch_day_of_week_operator.py
[2025-02-13T17:38:16.238+0000] {processor.py:756} INFO - Processing file /home/airflow/.local/lib/python3.7/site-packages/airflow/example_dags/example_branch_day_of_week_operator.py for tasks to queue
[2025-02-13T17:38:16.242+0000] {logging_mixin.py:137} INFO - [2025-02-13T17:38:16.242+0000] {dagbag.py:537} INFO - Filling up the DagBag from /home/airflow/.local/lib/python3.7/site-packages/airflow/example_dags/example_branch_day_of_week_operator.py
[2025-02-13T17:38:16.289+0000] {processor.py:766} INFO - DAG(s) dict_keys(['example_weekday_branch_operator']) retrieved from /home/airflow/.local/lib/python3.7/site-packages/airflow/example_dags/example_branch_day_of_week_operator.py
[2025-02-13T17:38:16.418+0000] {logging_mixin.py:137} INFO - [2025-02-13T17:38:16.417+0000] {dag.py:2585} INFO - Sync 1 DAGs
[2025-02-13T17:38:16.466+0000] {logging_mixin.py:137} INFO - [2025-02-13T17:38:16.466+0000] {dag.py:3340} INFO - Setting next_dagrun for example_weekday_branch_operator to 2025-02-12T00:00:00+00:00, run_after=2025-02-13T00:00:00+00:00
[2025-02-13T17:38:16.499+0000] {processor.py:176} INFO - Processing /home/airflow/.local/lib/python3.7/site-packages/airflow/example_dags/example_branch_day_of_week_operator.py took 0.269 seconds
[2025-02-13T17:38:46.811+0000] {processor.py:154} INFO - Started process (PID=4997) to work on /home/airflow/.local/lib/python3.7/site-packages/airflow/example_dags/example_branch_day_of_week_operator.py
[2025-02-13T17:38:46.813+0000] {processor.py:756} INFO - Processing file /home/airflow/.local/lib/python3.7/site-packages/airflow/example_dags/example_branch_day_of_week_operator.py for tasks to queue
[2025-02-13T17:38:46.815+0000] {logging_mixin.py:137} INFO - [2025-02-13T17:38:46.815+0000] {dagbag.py:537} INFO - Filling up the DagBag from /home/airflow/.local/lib/python3.7/site-packages/airflow/example_dags/example_branch_day_of_week_operator.py
[2025-02-13T17:38:46.847+0000] {processor.py:766} INFO - DAG(s) dict_keys(['example_weekday_branch_operator']) retrieved from /home/airflow/.local/lib/python3.7/site-packages/airflow/example_dags/example_branch_day_of_week_operator.py
[2025-02-13T17:38:46.984+0000] {logging_mixin.py:137} INFO - [2025-02-13T17:38:46.983+0000] {dag.py:2585} INFO - Sync 1 DAGs
[2025-02-13T17:38:47.070+0000] {logging_mixin.py:137} INFO - [2025-02-13T17:38:47.069+0000] {dag.py:3340} INFO - Setting next_dagrun for example_weekday_branch_operator to 2025-02-12T00:00:00+00:00, run_after=2025-02-13T00:00:00+00:00
[2025-02-13T17:38:47.136+0000] {processor.py:176} INFO - Processing /home/airflow/.local/lib/python3.7/site-packages/airflow/example_dags/example_branch_day_of_week_operator.py took 0.330 seconds
[2025-02-13T17:39:41.617+0000] {processor.py:154} INFO - Started process (PID=5189) to work on /home/airflow/.local/lib/python3.7/site-packages/airflow/example_dags/example_branch_day_of_week_operator.py
[2025-02-13T17:39:41.618+0000] {processor.py:756} INFO - Processing file /home/airflow/.local/lib/python3.7/site-packages/airflow/example_dags/example_branch_day_of_week_operator.py for tasks to queue
[2025-02-13T17:39:41.619+0000] {logging_mixin.py:137} INFO - [2025-02-13T17:39:41.619+0000] {dagbag.py:537} INFO - Filling up the DagBag from /home/airflow/.local/lib/python3.7/site-packages/airflow/example_dags/example_branch_day_of_week_operator.py
[2025-02-13T17:39:41.635+0000] {processor.py:766} INFO - DAG(s) dict_keys(['example_weekday_branch_operator']) retrieved from /home/airflow/.local/lib/python3.7/site-packages/airflow/example_dags/example_branch_day_of_week_operator.py
[2025-02-13T17:39:41.674+0000] {logging_mixin.py:137} INFO - [2025-02-13T17:39:41.674+0000] {dag.py:2585} INFO - Sync 1 DAGs
[2025-02-13T17:39:41.697+0000] {logging_mixin.py:137} INFO - [2025-02-13T17:39:41.697+0000] {dag.py:3340} INFO - Setting next_dagrun for example_weekday_branch_operator to 2025-02-12T00:00:00+00:00, run_after=2025-02-13T00:00:00+00:00
[2025-02-13T17:39:41.720+0000] {processor.py:176} INFO - Processing /home/airflow/.local/lib/python3.7/site-packages/airflow/example_dags/example_branch_day_of_week_operator.py took 0.105 seconds
[2025-02-13T17:40:13.639+0000] {processor.py:154} INFO - Started process (PID=5369) to work on /home/airflow/.local/lib/python3.7/site-packages/airflow/example_dags/example_branch_day_of_week_operator.py
[2025-02-13T17:40:13.641+0000] {processor.py:756} INFO - Processing file /home/airflow/.local/lib/python3.7/site-packages/airflow/example_dags/example_branch_day_of_week_operator.py for tasks to queue
[2025-02-13T17:40:13.643+0000] {logging_mixin.py:137} INFO - [2025-02-13T17:40:13.642+0000] {dagbag.py:537} INFO - Filling up the DagBag from /home/airflow/.local/lib/python3.7/site-packages/airflow/example_dags/example_branch_day_of_week_operator.py
[2025-02-13T17:40:13.666+0000] {processor.py:766} INFO - DAG(s) dict_keys(['example_weekday_branch_operator']) retrieved from /home/airflow/.local/lib/python3.7/site-packages/airflow/example_dags/example_branch_day_of_week_operator.py
[2025-02-13T17:40:13.726+0000] {logging_mixin.py:137} INFO - [2025-02-13T17:40:13.726+0000] {dag.py:2585} INFO - Sync 1 DAGs
[2025-02-13T17:40:13.764+0000] {logging_mixin.py:137} INFO - [2025-02-13T17:40:13.764+0000] {dag.py:3340} INFO - Setting next_dagrun for example_weekday_branch_operator to 2025-02-12T00:00:00+00:00, run_after=2025-02-13T00:00:00+00:00
[2025-02-13T17:40:13.801+0000] {processor.py:176} INFO - Processing /home/airflow/.local/lib/python3.7/site-packages/airflow/example_dags/example_branch_day_of_week_operator.py took 0.167 seconds
[2025-02-13T17:40:46.347+0000] {processor.py:154} INFO - Started process (PID=5549) to work on /home/airflow/.local/lib/python3.7/site-packages/airflow/example_dags/example_branch_day_of_week_operator.py
[2025-02-13T17:40:46.351+0000] {processor.py:756} INFO - Processing file /home/airflow/.local/lib/python3.7/site-packages/airflow/example_dags/example_branch_day_of_week_operator.py for tasks to queue
[2025-02-13T17:40:46.354+0000] {logging_mixin.py:137} INFO - [2025-02-13T17:40:46.354+0000] {dagbag.py:537} INFO - Filling up the DagBag from /home/airflow/.local/lib/python3.7/site-packages/airflow/example_dags/example_branch_day_of_week_operator.py
[2025-02-13T17:40:46.437+0000] {processor.py:766} INFO - DAG(s) dict_keys(['example_weekday_branch_operator']) retrieved from /home/airflow/.local/lib/python3.7/site-packages/airflow/example_dags/example_branch_day_of_week_operator.py
[2025-02-13T17:40:46.535+0000] {logging_mixin.py:137} INFO - [2025-02-13T17:40:46.535+0000] {dag.py:2585} INFO - Sync 1 DAGs
[2025-02-13T17:40:46.590+0000] {logging_mixin.py:137} INFO - [2025-02-13T17:40:46.590+0000] {dag.py:3340} INFO - Setting next_dagrun for example_weekday_branch_operator to 2025-02-12T00:00:00+00:00, run_after=2025-02-13T00:00:00+00:00
[2025-02-13T17:40:46.641+0000] {processor.py:176} INFO - Processing /home/airflow/.local/lib/python3.7/site-packages/airflow/example_dags/example_branch_day_of_week_operator.py took 0.307 seconds
[2025-02-13T17:41:16.703+0000] {processor.py:154} INFO - Started process (PID=5724) to work on /home/airflow/.local/lib/python3.7/site-packages/airflow/example_dags/example_branch_day_of_week_operator.py
[2025-02-13T17:41:16.705+0000] {processor.py:756} INFO - Processing file /home/airflow/.local/lib/python3.7/site-packages/airflow/example_dags/example_branch_day_of_week_operator.py for tasks to queue
[2025-02-13T17:41:16.707+0000] {logging_mixin.py:137} INFO - [2025-02-13T17:41:16.707+0000] {dagbag.py:537} INFO - Filling up the DagBag from /home/airflow/.local/lib/python3.7/site-packages/airflow/example_dags/example_branch_day_of_week_operator.py
[2025-02-13T17:41:16.729+0000] {processor.py:766} INFO - DAG(s) dict_keys(['example_weekday_branch_operator']) retrieved from /home/airflow/.local/lib/python3.7/site-packages/airflow/example_dags/example_branch_day_of_week_operator.py
[2025-02-13T17:41:16.792+0000] {logging_mixin.py:137} INFO - [2025-02-13T17:41:16.791+0000] {dag.py:2585} INFO - Sync 1 DAGs
[2025-02-13T17:41:16.831+0000] {logging_mixin.py:137} INFO - [2025-02-13T17:41:16.831+0000] {dag.py:3340} INFO - Setting next_dagrun for example_weekday_branch_operator to 2025-02-12T00:00:00+00:00, run_after=2025-02-13T00:00:00+00:00
[2025-02-13T17:41:16.912+0000] {processor.py:176} INFO - Processing /home/airflow/.local/lib/python3.7/site-packages/airflow/example_dags/example_branch_day_of_week_operator.py took 0.212 seconds
[2025-02-13T17:41:47.428+0000] {processor.py:154} INFO - Started process (PID=5904) to work on /home/airflow/.local/lib/python3.7/site-packages/airflow/example_dags/example_branch_day_of_week_operator.py
[2025-02-13T17:41:47.429+0000] {processor.py:756} INFO - Processing file /home/airflow/.local/lib/python3.7/site-packages/airflow/example_dags/example_branch_day_of_week_operator.py for tasks to queue
[2025-02-13T17:41:47.431+0000] {logging_mixin.py:137} INFO - [2025-02-13T17:41:47.431+0000] {dagbag.py:537} INFO - Filling up the DagBag from /home/airflow/.local/lib/python3.7/site-packages/airflow/example_dags/example_branch_day_of_week_operator.py
[2025-02-13T17:41:47.453+0000] {processor.py:766} INFO - DAG(s) dict_keys(['example_weekday_branch_operator']) retrieved from /home/airflow/.local/lib/python3.7/site-packages/airflow/example_dags/example_branch_day_of_week_operator.py
[2025-02-13T17:41:47.510+0000] {logging_mixin.py:137} INFO - [2025-02-13T17:41:47.510+0000] {dag.py:2585} INFO - Sync 1 DAGs
[2025-02-13T17:41:47.552+0000] {logging_mixin.py:137} INFO - [2025-02-13T17:41:47.552+0000] {dag.py:3340} INFO - Setting next_dagrun for example_weekday_branch_operator to 2025-02-12T00:00:00+00:00, run_after=2025-02-13T00:00:00+00:00
[2025-02-13T17:41:47.597+0000] {processor.py:176} INFO - Processing /home/airflow/.local/lib/python3.7/site-packages/airflow/example_dags/example_branch_day_of_week_operator.py took 0.174 seconds
[2025-02-13T17:42:18.043+0000] {processor.py:154} INFO - Started process (PID=6089) to work on /home/airflow/.local/lib/python3.7/site-packages/airflow/example_dags/example_branch_day_of_week_operator.py
[2025-02-13T17:42:18.046+0000] {processor.py:756} INFO - Processing file /home/airflow/.local/lib/python3.7/site-packages/airflow/example_dags/example_branch_day_of_week_operator.py for tasks to queue
[2025-02-13T17:42:18.049+0000] {logging_mixin.py:137} INFO - [2025-02-13T17:42:18.049+0000] {dagbag.py:537} INFO - Filling up the DagBag from /home/airflow/.local/lib/python3.7/site-packages/airflow/example_dags/example_branch_day_of_week_operator.py
[2025-02-13T17:42:18.072+0000] {processor.py:766} INFO - DAG(s) dict_keys(['example_weekday_branch_operator']) retrieved from /home/airflow/.local/lib/python3.7/site-packages/airflow/example_dags/example_branch_day_of_week_operator.py
[2025-02-13T17:42:18.157+0000] {logging_mixin.py:137} INFO - [2025-02-13T17:42:18.156+0000] {dag.py:2585} INFO - Sync 1 DAGs
[2025-02-13T17:42:18.228+0000] {logging_mixin.py:137} INFO - [2025-02-13T17:42:18.228+0000] {dag.py:3340} INFO - Setting next_dagrun for example_weekday_branch_operator to 2025-02-12T00:00:00+00:00, run_after=2025-02-13T00:00:00+00:00
[2025-02-13T17:42:18.269+0000] {processor.py:176} INFO - Processing /home/airflow/.local/lib/python3.7/site-packages/airflow/example_dags/example_branch_day_of_week_operator.py took 0.232 seconds
[2025-02-13T17:42:48.663+0000] {processor.py:154} INFO - Started process (PID=6269) to work on /home/airflow/.local/lib/python3.7/site-packages/airflow/example_dags/example_branch_day_of_week_operator.py
[2025-02-13T17:42:48.665+0000] {processor.py:756} INFO - Processing file /home/airflow/.local/lib/python3.7/site-packages/airflow/example_dags/example_branch_day_of_week_operator.py for tasks to queue
[2025-02-13T17:42:48.667+0000] {logging_mixin.py:137} INFO - [2025-02-13T17:42:48.666+0000] {dagbag.py:537} INFO - Filling up the DagBag from /home/airflow/.local/lib/python3.7/site-packages/airflow/example_dags/example_branch_day_of_week_operator.py
[2025-02-13T17:42:48.697+0000] {processor.py:766} INFO - DAG(s) dict_keys(['example_weekday_branch_operator']) retrieved from /home/airflow/.local/lib/python3.7/site-packages/airflow/example_dags/example_branch_day_of_week_operator.py
[2025-02-13T17:42:48.773+0000] {logging_mixin.py:137} INFO - [2025-02-13T17:42:48.773+0000] {dag.py:2585} INFO - Sync 1 DAGs
[2025-02-13T17:42:48.830+0000] {logging_mixin.py:137} INFO - [2025-02-13T17:42:48.830+0000] {dag.py:3340} INFO - Setting next_dagrun for example_weekday_branch_operator to 2025-02-12T00:00:00+00:00, run_after=2025-02-13T00:00:00+00:00
[2025-02-13T17:42:48.872+0000] {processor.py:176} INFO - Processing /home/airflow/.local/lib/python3.7/site-packages/airflow/example_dags/example_branch_day_of_week_operator.py took 0.213 seconds
[2025-02-13T17:43:19.902+0000] {processor.py:154} INFO - Started process (PID=6446) to work on /home/airflow/.local/lib/python3.7/site-packages/airflow/example_dags/example_branch_day_of_week_operator.py
[2025-02-13T17:43:19.904+0000] {processor.py:756} INFO - Processing file /home/airflow/.local/lib/python3.7/site-packages/airflow/example_dags/example_branch_day_of_week_operator.py for tasks to queue
[2025-02-13T17:43:19.906+0000] {logging_mixin.py:137} INFO - [2025-02-13T17:43:19.906+0000] {dagbag.py:537} INFO - Filling up the DagBag from /home/airflow/.local/lib/python3.7/site-packages/airflow/example_dags/example_branch_day_of_week_operator.py
[2025-02-13T17:43:19.941+0000] {processor.py:766} INFO - DAG(s) dict_keys(['example_weekday_branch_operator']) retrieved from /home/airflow/.local/lib/python3.7/site-packages/airflow/example_dags/example_branch_day_of_week_operator.py
[2025-02-13T17:43:20.027+0000] {logging_mixin.py:137} INFO - [2025-02-13T17:43:20.026+0000] {dag.py:2585} INFO - Sync 1 DAGs
[2025-02-13T17:43:20.102+0000] {logging_mixin.py:137} INFO - [2025-02-13T17:43:20.095+0000] {dag.py:3340} INFO - Setting next_dagrun for example_weekday_branch_operator to 2025-02-12T00:00:00+00:00, run_after=2025-02-13T00:00:00+00:00
[2025-02-13T17:43:20.144+0000] {processor.py:176} INFO - Processing /home/airflow/.local/lib/python3.7/site-packages/airflow/example_dags/example_branch_day_of_week_operator.py took 0.249 seconds
[2025-02-13T17:43:50.292+0000] {processor.py:154} INFO - Started process (PID=6634) to work on /home/airflow/.local/lib/python3.7/site-packages/airflow/example_dags/example_branch_day_of_week_operator.py
[2025-02-13T17:43:50.294+0000] {processor.py:756} INFO - Processing file /home/airflow/.local/lib/python3.7/site-packages/airflow/example_dags/example_branch_day_of_week_operator.py for tasks to queue
[2025-02-13T17:43:50.295+0000] {logging_mixin.py:137} INFO - [2025-02-13T17:43:50.295+0000] {dagbag.py:537} INFO - Filling up the DagBag from /home/airflow/.local/lib/python3.7/site-packages/airflow/example_dags/example_branch_day_of_week_operator.py
[2025-02-13T17:43:50.323+0000] {processor.py:766} INFO - DAG(s) dict_keys(['example_weekday_branch_operator']) retrieved from /home/airflow/.local/lib/python3.7/site-packages/airflow/example_dags/example_branch_day_of_week_operator.py
[2025-02-13T17:43:50.386+0000] {logging_mixin.py:137} INFO - [2025-02-13T17:43:50.385+0000] {dag.py:2585} INFO - Sync 1 DAGs
[2025-02-13T17:43:50.428+0000] {logging_mixin.py:137} INFO - [2025-02-13T17:43:50.428+0000] {dag.py:3340} INFO - Setting next_dagrun for example_weekday_branch_operator to 2025-02-12T00:00:00+00:00, run_after=2025-02-13T00:00:00+00:00
[2025-02-13T17:43:50.467+0000] {processor.py:176} INFO - Processing /home/airflow/.local/lib/python3.7/site-packages/airflow/example_dags/example_branch_day_of_week_operator.py took 0.180 seconds
[2025-02-13T17:44:21.129+0000] {processor.py:154} INFO - Started process (PID=6804) to work on /home/airflow/.local/lib/python3.7/site-packages/airflow/example_dags/example_branch_day_of_week_operator.py
[2025-02-13T17:44:21.132+0000] {processor.py:756} INFO - Processing file /home/airflow/.local/lib/python3.7/site-packages/airflow/example_dags/example_branch_day_of_week_operator.py for tasks to queue
[2025-02-13T17:44:21.134+0000] {logging_mixin.py:137} INFO - [2025-02-13T17:44:21.134+0000] {dagbag.py:537} INFO - Filling up the DagBag from /home/airflow/.local/lib/python3.7/site-packages/airflow/example_dags/example_branch_day_of_week_operator.py
[2025-02-13T17:44:21.163+0000] {processor.py:766} INFO - DAG(s) dict_keys(['example_weekday_branch_operator']) retrieved from /home/airflow/.local/lib/python3.7/site-packages/airflow/example_dags/example_branch_day_of_week_operator.py
[2025-02-13T17:44:21.242+0000] {logging_mixin.py:137} INFO - [2025-02-13T17:44:21.242+0000] {dag.py:2585} INFO - Sync 1 DAGs
[2025-02-13T17:44:21.295+0000] {logging_mixin.py:137} INFO - [2025-02-13T17:44:21.295+0000] {dag.py:3340} INFO - Setting next_dagrun for example_weekday_branch_operator to 2025-02-12T00:00:00+00:00, run_after=2025-02-13T00:00:00+00:00
[2025-02-13T17:44:21.338+0000] {processor.py:176} INFO - Processing /home/airflow/.local/lib/python3.7/site-packages/airflow/example_dags/example_branch_day_of_week_operator.py took 0.217 seconds
[2025-02-13T17:44:51.465+0000] {processor.py:154} INFO - Started process (PID=6984) to work on /home/airflow/.local/lib/python3.7/site-packages/airflow/example_dags/example_branch_day_of_week_operator.py
[2025-02-13T17:44:51.466+0000] {processor.py:756} INFO - Processing file /home/airflow/.local/lib/python3.7/site-packages/airflow/example_dags/example_branch_day_of_week_operator.py for tasks to queue
[2025-02-13T17:44:51.468+0000] {logging_mixin.py:137} INFO - [2025-02-13T17:44:51.468+0000] {dagbag.py:537} INFO - Filling up the DagBag from /home/airflow/.local/lib/python3.7/site-packages/airflow/example_dags/example_branch_day_of_week_operator.py
[2025-02-13T17:44:51.488+0000] {processor.py:766} INFO - DAG(s) dict_keys(['example_weekday_branch_operator']) retrieved from /home/airflow/.local/lib/python3.7/site-packages/airflow/example_dags/example_branch_day_of_week_operator.py
[2025-02-13T17:44:51.546+0000] {logging_mixin.py:137} INFO - [2025-02-13T17:44:51.545+0000] {dag.py:2585} INFO - Sync 1 DAGs
[2025-02-13T17:44:51.586+0000] {logging_mixin.py:137} INFO - [2025-02-13T17:44:51.586+0000] {dag.py:3340} INFO - Setting next_dagrun for example_weekday_branch_operator to 2025-02-12T00:00:00+00:00, run_after=2025-02-13T00:00:00+00:00
[2025-02-13T17:44:51.626+0000] {processor.py:176} INFO - Processing /home/airflow/.local/lib/python3.7/site-packages/airflow/example_dags/example_branch_day_of_week_operator.py took 0.166 seconds
[2025-02-13T17:45:21.692+0000] {processor.py:154} INFO - Started process (PID=7159) to work on /home/airflow/.local/lib/python3.7/site-packages/airflow/example_dags/example_branch_day_of_week_operator.py
[2025-02-13T17:45:21.694+0000] {processor.py:756} INFO - Processing file /home/airflow/.local/lib/python3.7/site-packages/airflow/example_dags/example_branch_day_of_week_operator.py for tasks to queue
[2025-02-13T17:45:21.698+0000] {logging_mixin.py:137} INFO - [2025-02-13T17:45:21.698+0000] {dagbag.py:537} INFO - Filling up the DagBag from /home/airflow/.local/lib/python3.7/site-packages/airflow/example_dags/example_branch_day_of_week_operator.py
[2025-02-13T17:45:21.739+0000] {processor.py:766} INFO - DAG(s) dict_keys(['example_weekday_branch_operator']) retrieved from /home/airflow/.local/lib/python3.7/site-packages/airflow/example_dags/example_branch_day_of_week_operator.py
[2025-02-13T17:45:21.823+0000] {logging_mixin.py:137} INFO - [2025-02-13T17:45:21.823+0000] {dag.py:2585} INFO - Sync 1 DAGs
[2025-02-13T17:45:21.864+0000] {logging_mixin.py:137} INFO - [2025-02-13T17:45:21.864+0000] {dag.py:3340} INFO - Setting next_dagrun for example_weekday_branch_operator to 2025-02-12T00:00:00+00:00, run_after=2025-02-13T00:00:00+00:00
[2025-02-13T17:45:21.902+0000] {processor.py:176} INFO - Processing /home/airflow/.local/lib/python3.7/site-packages/airflow/example_dags/example_branch_day_of_week_operator.py took 0.216 seconds
[2025-02-13T17:45:52.481+0000] {processor.py:154} INFO - Started process (PID=7339) to work on /home/airflow/.local/lib/python3.7/site-packages/airflow/example_dags/example_branch_day_of_week_operator.py
[2025-02-13T17:45:52.483+0000] {processor.py:756} INFO - Processing file /home/airflow/.local/lib/python3.7/site-packages/airflow/example_dags/example_branch_day_of_week_operator.py for tasks to queue
[2025-02-13T17:45:52.484+0000] {logging_mixin.py:137} INFO - [2025-02-13T17:45:52.484+0000] {dagbag.py:537} INFO - Filling up the DagBag from /home/airflow/.local/lib/python3.7/site-packages/airflow/example_dags/example_branch_day_of_week_operator.py
[2025-02-13T17:45:52.508+0000] {processor.py:766} INFO - DAG(s) dict_keys(['example_weekday_branch_operator']) retrieved from /home/airflow/.local/lib/python3.7/site-packages/airflow/example_dags/example_branch_day_of_week_operator.py
[2025-02-13T17:45:52.570+0000] {logging_mixin.py:137} INFO - [2025-02-13T17:45:52.570+0000] {dag.py:2585} INFO - Sync 1 DAGs
[2025-02-13T17:45:52.614+0000] {logging_mixin.py:137} INFO - [2025-02-13T17:45:52.613+0000] {dag.py:3340} INFO - Setting next_dagrun for example_weekday_branch_operator to 2025-02-12T00:00:00+00:00, run_after=2025-02-13T00:00:00+00:00
[2025-02-13T17:45:52.669+0000] {processor.py:176} INFO - Processing /home/airflow/.local/lib/python3.7/site-packages/airflow/example_dags/example_branch_day_of_week_operator.py took 0.191 seconds
[2025-02-13T17:47:40.101+0000] {processor.py:154} INFO - Started process (PID=326) to work on /home/airflow/.local/lib/python3.7/site-packages/airflow/example_dags/example_branch_day_of_week_operator.py
[2025-02-13T17:47:40.103+0000] {processor.py:756} INFO - Processing file /home/airflow/.local/lib/python3.7/site-packages/airflow/example_dags/example_branch_day_of_week_operator.py for tasks to queue
[2025-02-13T17:47:40.106+0000] {logging_mixin.py:137} INFO - [2025-02-13T17:47:40.105+0000] {dagbag.py:537} INFO - Filling up the DagBag from /home/airflow/.local/lib/python3.7/site-packages/airflow/example_dags/example_branch_day_of_week_operator.py
[2025-02-13T17:47:40.138+0000] {processor.py:766} INFO - DAG(s) dict_keys(['example_weekday_branch_operator']) retrieved from /home/airflow/.local/lib/python3.7/site-packages/airflow/example_dags/example_branch_day_of_week_operator.py
[2025-02-13T17:47:40.272+0000] {logging_mixin.py:137} INFO - [2025-02-13T17:47:40.272+0000] {dag.py:2585} INFO - Sync 1 DAGs
[2025-02-13T17:47:40.334+0000] {logging_mixin.py:137} INFO - [2025-02-13T17:47:40.334+0000] {dag.py:3340} INFO - Setting next_dagrun for example_weekday_branch_operator to 2025-02-12T00:00:00+00:00, run_after=2025-02-13T00:00:00+00:00
[2025-02-13T17:47:40.390+0000] {processor.py:176} INFO - Processing /home/airflow/.local/lib/python3.7/site-packages/airflow/example_dags/example_branch_day_of_week_operator.py took 0.300 seconds
[2025-02-13T17:48:10.525+0000] {processor.py:154} INFO - Started process (PID=503) to work on /home/airflow/.local/lib/python3.7/site-packages/airflow/example_dags/example_branch_day_of_week_operator.py
[2025-02-13T17:48:10.527+0000] {processor.py:756} INFO - Processing file /home/airflow/.local/lib/python3.7/site-packages/airflow/example_dags/example_branch_day_of_week_operator.py for tasks to queue
[2025-02-13T17:48:10.529+0000] {logging_mixin.py:137} INFO - [2025-02-13T17:48:10.529+0000] {dagbag.py:537} INFO - Filling up the DagBag from /home/airflow/.local/lib/python3.7/site-packages/airflow/example_dags/example_branch_day_of_week_operator.py
[2025-02-13T17:48:10.566+0000] {processor.py:766} INFO - DAG(s) dict_keys(['example_weekday_branch_operator']) retrieved from /home/airflow/.local/lib/python3.7/site-packages/airflow/example_dags/example_branch_day_of_week_operator.py
[2025-02-13T17:48:10.615+0000] {logging_mixin.py:137} INFO - [2025-02-13T17:48:10.615+0000] {dag.py:2585} INFO - Sync 1 DAGs
[2025-02-13T17:48:10.674+0000] {logging_mixin.py:137} INFO - [2025-02-13T17:48:10.674+0000] {dag.py:3340} INFO - Setting next_dagrun for example_weekday_branch_operator to 2025-02-12T00:00:00+00:00, run_after=2025-02-13T00:00:00+00:00
[2025-02-13T17:48:10.726+0000] {processor.py:176} INFO - Processing /home/airflow/.local/lib/python3.7/site-packages/airflow/example_dags/example_branch_day_of_week_operator.py took 0.205 seconds
[2025-02-13T17:48:41.051+0000] {processor.py:154} INFO - Started process (PID=687) to work on /home/airflow/.local/lib/python3.7/site-packages/airflow/example_dags/example_branch_day_of_week_operator.py
[2025-02-13T17:48:41.054+0000] {processor.py:756} INFO - Processing file /home/airflow/.local/lib/python3.7/site-packages/airflow/example_dags/example_branch_day_of_week_operator.py for tasks to queue
[2025-02-13T17:48:41.056+0000] {logging_mixin.py:137} INFO - [2025-02-13T17:48:41.056+0000] {dagbag.py:537} INFO - Filling up the DagBag from /home/airflow/.local/lib/python3.7/site-packages/airflow/example_dags/example_branch_day_of_week_operator.py
[2025-02-13T17:48:41.083+0000] {processor.py:766} INFO - DAG(s) dict_keys(['example_weekday_branch_operator']) retrieved from /home/airflow/.local/lib/python3.7/site-packages/airflow/example_dags/example_branch_day_of_week_operator.py
[2025-02-13T17:48:41.164+0000] {logging_mixin.py:137} INFO - [2025-02-13T17:48:41.163+0000] {dag.py:2585} INFO - Sync 1 DAGs
[2025-02-13T17:48:41.216+0000] {logging_mixin.py:137} INFO - [2025-02-13T17:48:41.216+0000] {dag.py:3340} INFO - Setting next_dagrun for example_weekday_branch_operator to 2025-02-12T00:00:00+00:00, run_after=2025-02-13T00:00:00+00:00
[2025-02-13T17:48:41.261+0000] {processor.py:176} INFO - Processing /home/airflow/.local/lib/python3.7/site-packages/airflow/example_dags/example_branch_day_of_week_operator.py took 0.221 seconds
[2025-02-13T17:49:12.121+0000] {processor.py:154} INFO - Started process (PID=862) to work on /home/airflow/.local/lib/python3.7/site-packages/airflow/example_dags/example_branch_day_of_week_operator.py
[2025-02-13T17:49:12.123+0000] {processor.py:756} INFO - Processing file /home/airflow/.local/lib/python3.7/site-packages/airflow/example_dags/example_branch_day_of_week_operator.py for tasks to queue
[2025-02-13T17:49:12.124+0000] {logging_mixin.py:137} INFO - [2025-02-13T17:49:12.124+0000] {dagbag.py:537} INFO - Filling up the DagBag from /home/airflow/.local/lib/python3.7/site-packages/airflow/example_dags/example_branch_day_of_week_operator.py
[2025-02-13T17:49:12.144+0000] {processor.py:766} INFO - DAG(s) dict_keys(['example_weekday_branch_operator']) retrieved from /home/airflow/.local/lib/python3.7/site-packages/airflow/example_dags/example_branch_day_of_week_operator.py
[2025-02-13T17:49:12.231+0000] {logging_mixin.py:137} INFO - [2025-02-13T17:49:12.231+0000] {dag.py:2585} INFO - Sync 1 DAGs
[2025-02-13T17:49:12.282+0000] {logging_mixin.py:137} INFO - [2025-02-13T17:49:12.282+0000] {dag.py:3340} INFO - Setting next_dagrun for example_weekday_branch_operator to 2025-02-12T00:00:00+00:00, run_after=2025-02-13T00:00:00+00:00
[2025-02-13T17:49:12.319+0000] {processor.py:176} INFO - Processing /home/airflow/.local/lib/python3.7/site-packages/airflow/example_dags/example_branch_day_of_week_operator.py took 0.202 seconds
[2025-02-13T17:49:42.717+0000] {processor.py:154} INFO - Started process (PID=1044) to work on /home/airflow/.local/lib/python3.7/site-packages/airflow/example_dags/example_branch_day_of_week_operator.py
[2025-02-13T17:49:42.719+0000] {processor.py:756} INFO - Processing file /home/airflow/.local/lib/python3.7/site-packages/airflow/example_dags/example_branch_day_of_week_operator.py for tasks to queue
[2025-02-13T17:49:42.720+0000] {logging_mixin.py:137} INFO - [2025-02-13T17:49:42.720+0000] {dagbag.py:537} INFO - Filling up the DagBag from /home/airflow/.local/lib/python3.7/site-packages/airflow/example_dags/example_branch_day_of_week_operator.py
[2025-02-13T17:49:42.743+0000] {processor.py:766} INFO - DAG(s) dict_keys(['example_weekday_branch_operator']) retrieved from /home/airflow/.local/lib/python3.7/site-packages/airflow/example_dags/example_branch_day_of_week_operator.py
[2025-02-13T17:49:42.806+0000] {logging_mixin.py:137} INFO - [2025-02-13T17:49:42.805+0000] {dag.py:2585} INFO - Sync 1 DAGs
[2025-02-13T17:49:42.846+0000] {logging_mixin.py:137} INFO - [2025-02-13T17:49:42.845+0000] {dag.py:3340} INFO - Setting next_dagrun for example_weekday_branch_operator to 2025-02-12T00:00:00+00:00, run_after=2025-02-13T00:00:00+00:00
[2025-02-13T17:49:42.873+0000] {processor.py:176} INFO - Processing /home/airflow/.local/lib/python3.7/site-packages/airflow/example_dags/example_branch_day_of_week_operator.py took 0.160 seconds
[2025-02-13T17:50:13.178+0000] {processor.py:154} INFO - Started process (PID=1224) to work on /home/airflow/.local/lib/python3.7/site-packages/airflow/example_dags/example_branch_day_of_week_operator.py
[2025-02-13T17:50:13.180+0000] {processor.py:756} INFO - Processing file /home/airflow/.local/lib/python3.7/site-packages/airflow/example_dags/example_branch_day_of_week_operator.py for tasks to queue
[2025-02-13T17:50:13.181+0000] {logging_mixin.py:137} INFO - [2025-02-13T17:50:13.181+0000] {dagbag.py:537} INFO - Filling up the DagBag from /home/airflow/.local/lib/python3.7/site-packages/airflow/example_dags/example_branch_day_of_week_operator.py
[2025-02-13T17:50:13.202+0000] {processor.py:766} INFO - DAG(s) dict_keys(['example_weekday_branch_operator']) retrieved from /home/airflow/.local/lib/python3.7/site-packages/airflow/example_dags/example_branch_day_of_week_operator.py
[2025-02-13T17:50:13.262+0000] {logging_mixin.py:137} INFO - [2025-02-13T17:50:13.262+0000] {dag.py:2585} INFO - Sync 1 DAGs
[2025-02-13T17:50:13.306+0000] {logging_mixin.py:137} INFO - [2025-02-13T17:50:13.305+0000] {dag.py:3340} INFO - Setting next_dagrun for example_weekday_branch_operator to 2025-02-12T00:00:00+00:00, run_after=2025-02-13T00:00:00+00:00
[2025-02-13T17:50:13.331+0000] {processor.py:176} INFO - Processing /home/airflow/.local/lib/python3.7/site-packages/airflow/example_dags/example_branch_day_of_week_operator.py took 0.157 seconds
[2025-02-13T17:50:44.199+0000] {processor.py:154} INFO - Started process (PID=1407) to work on /home/airflow/.local/lib/python3.7/site-packages/airflow/example_dags/example_branch_day_of_week_operator.py
[2025-02-13T17:50:44.201+0000] {processor.py:756} INFO - Processing file /home/airflow/.local/lib/python3.7/site-packages/airflow/example_dags/example_branch_day_of_week_operator.py for tasks to queue
[2025-02-13T17:50:44.202+0000] {logging_mixin.py:137} INFO - [2025-02-13T17:50:44.202+0000] {dagbag.py:537} INFO - Filling up the DagBag from /home/airflow/.local/lib/python3.7/site-packages/airflow/example_dags/example_branch_day_of_week_operator.py
[2025-02-13T17:50:44.221+0000] {processor.py:766} INFO - DAG(s) dict_keys(['example_weekday_branch_operator']) retrieved from /home/airflow/.local/lib/python3.7/site-packages/airflow/example_dags/example_branch_day_of_week_operator.py
[2025-02-13T17:50:44.275+0000] {logging_mixin.py:137} INFO - [2025-02-13T17:50:44.274+0000] {dag.py:2585} INFO - Sync 1 DAGs
[2025-02-13T17:50:44.308+0000] {logging_mixin.py:137} INFO - [2025-02-13T17:50:44.308+0000] {dag.py:3340} INFO - Setting next_dagrun for example_weekday_branch_operator to 2025-02-12T00:00:00+00:00, run_after=2025-02-13T00:00:00+00:00
[2025-02-13T17:50:44.339+0000] {processor.py:176} INFO - Processing /home/airflow/.local/lib/python3.7/site-packages/airflow/example_dags/example_branch_day_of_week_operator.py took 0.144 seconds
[2025-02-13T17:51:15.316+0000] {processor.py:154} INFO - Started process (PID=1587) to work on /home/airflow/.local/lib/python3.7/site-packages/airflow/example_dags/example_branch_day_of_week_operator.py
[2025-02-13T17:51:15.319+0000] {processor.py:756} INFO - Processing file /home/airflow/.local/lib/python3.7/site-packages/airflow/example_dags/example_branch_day_of_week_operator.py for tasks to queue
[2025-02-13T17:51:15.320+0000] {logging_mixin.py:137} INFO - [2025-02-13T17:51:15.320+0000] {dagbag.py:537} INFO - Filling up the DagBag from /home/airflow/.local/lib/python3.7/site-packages/airflow/example_dags/example_branch_day_of_week_operator.py
[2025-02-13T17:51:15.355+0000] {processor.py:766} INFO - DAG(s) dict_keys(['example_weekday_branch_operator']) retrieved from /home/airflow/.local/lib/python3.7/site-packages/airflow/example_dags/example_branch_day_of_week_operator.py
[2025-02-13T17:51:15.443+0000] {logging_mixin.py:137} INFO - [2025-02-13T17:51:15.442+0000] {dag.py:2585} INFO - Sync 1 DAGs
[2025-02-13T17:51:15.498+0000] {logging_mixin.py:137} INFO - [2025-02-13T17:51:15.497+0000] {dag.py:3340} INFO - Setting next_dagrun for example_weekday_branch_operator to 2025-02-12T00:00:00+00:00, run_after=2025-02-13T00:00:00+00:00
[2025-02-13T17:51:15.544+0000] {processor.py:176} INFO - Processing /home/airflow/.local/lib/python3.7/site-packages/airflow/example_dags/example_branch_day_of_week_operator.py took 0.242 seconds
[2025-02-13T17:51:46.183+0000] {processor.py:154} INFO - Started process (PID=1767) to work on /home/airflow/.local/lib/python3.7/site-packages/airflow/example_dags/example_branch_day_of_week_operator.py
[2025-02-13T17:51:46.184+0000] {processor.py:756} INFO - Processing file /home/airflow/.local/lib/python3.7/site-packages/airflow/example_dags/example_branch_day_of_week_operator.py for tasks to queue
[2025-02-13T17:51:46.186+0000] {logging_mixin.py:137} INFO - [2025-02-13T17:51:46.185+0000] {dagbag.py:537} INFO - Filling up the DagBag from /home/airflow/.local/lib/python3.7/site-packages/airflow/example_dags/example_branch_day_of_week_operator.py
[2025-02-13T17:51:46.211+0000] {processor.py:766} INFO - DAG(s) dict_keys(['example_weekday_branch_operator']) retrieved from /home/airflow/.local/lib/python3.7/site-packages/airflow/example_dags/example_branch_day_of_week_operator.py
[2025-02-13T17:51:46.272+0000] {logging_mixin.py:137} INFO - [2025-02-13T17:51:46.272+0000] {dag.py:2585} INFO - Sync 1 DAGs
[2025-02-13T17:51:46.307+0000] {logging_mixin.py:137} INFO - [2025-02-13T17:51:46.307+0000] {dag.py:3340} INFO - Setting next_dagrun for example_weekday_branch_operator to 2025-02-12T00:00:00+00:00, run_after=2025-02-13T00:00:00+00:00
[2025-02-13T17:51:46.344+0000] {processor.py:176} INFO - Processing /home/airflow/.local/lib/python3.7/site-packages/airflow/example_dags/example_branch_day_of_week_operator.py took 0.166 seconds
