[2025-02-13T17:24:16.198+0000] {processor.py:154} INFO - Started process (PID=171) to work on /home/airflow/.local/lib/python3.7/site-packages/airflow/example_dags/example_kubernetes_executor.py
[2025-02-13T17:24:16.202+0000] {processor.py:756} INFO - Processing file /home/airflow/.local/lib/python3.7/site-packages/airflow/example_dags/example_kubernetes_executor.py for tasks to queue
[2025-02-13T17:24:16.205+0000] {logging_mixin.py:137} INFO - [2025-02-13T17:24:16.205+0000] {dagbag.py:537} INFO - Filling up the DagBag from /home/airflow/.local/lib/python3.7/site-packages/airflow/example_dags/example_kubernetes_executor.py
[2025-02-13T17:24:16.288+0000] {processor.py:766} INFO - DAG(s) dict_keys(['example_kubernetes_executor']) retrieved from /home/airflow/.local/lib/python3.7/site-packages/airflow/example_dags/example_kubernetes_executor.py
[2025-02-13T17:24:16.535+0000] {logging_mixin.py:137} INFO - [2025-02-13T17:24:16.534+0000] {dag.py:2585} INFO - Sync 1 DAGs
[2025-02-13T17:24:16.605+0000] {logging_mixin.py:137} INFO - [2025-02-13T17:24:16.604+0000] {dag.py:3340} INFO - Setting next_dagrun for example_kubernetes_executor to None, run_after=None
[2025-02-13T17:24:16.734+0000] {processor.py:176} INFO - Processing /home/airflow/.local/lib/python3.7/site-packages/airflow/example_dags/example_kubernetes_executor.py took 0.551 seconds
[2025-02-13T17:25:18.360+0000] {processor.py:154} INFO - Started process (PID=173) to work on /home/airflow/.local/lib/python3.7/site-packages/airflow/example_dags/example_kubernetes_executor.py
[2025-02-13T17:25:18.362+0000] {processor.py:756} INFO - Processing file /home/airflow/.local/lib/python3.7/site-packages/airflow/example_dags/example_kubernetes_executor.py for tasks to queue
[2025-02-13T17:25:18.365+0000] {logging_mixin.py:137} INFO - [2025-02-13T17:25:18.364+0000] {dagbag.py:537} INFO - Filling up the DagBag from /home/airflow/.local/lib/python3.7/site-packages/airflow/example_dags/example_kubernetes_executor.py
[2025-02-13T17:25:18.420+0000] {processor.py:766} INFO - DAG(s) dict_keys(['example_kubernetes_executor']) retrieved from /home/airflow/.local/lib/python3.7/site-packages/airflow/example_dags/example_kubernetes_executor.py
[2025-02-13T17:25:18.514+0000] {logging_mixin.py:137} INFO - [2025-02-13T17:25:18.513+0000] {dag.py:2585} INFO - Sync 1 DAGs
[2025-02-13T17:25:18.598+0000] {logging_mixin.py:137} INFO - [2025-02-13T17:25:18.597+0000] {dag.py:3340} INFO - Setting next_dagrun for example_kubernetes_executor to None, run_after=None
[2025-02-13T17:25:18.674+0000] {processor.py:176} INFO - Processing /home/airflow/.local/lib/python3.7/site-packages/airflow/example_dags/example_kubernetes_executor.py took 0.323 seconds
[2025-02-13T17:25:48.982+0000] {processor.py:154} INFO - Started process (PID=351) to work on /home/airflow/.local/lib/python3.7/site-packages/airflow/example_dags/example_kubernetes_executor.py
[2025-02-13T17:25:48.984+0000] {processor.py:756} INFO - Processing file /home/airflow/.local/lib/python3.7/site-packages/airflow/example_dags/example_kubernetes_executor.py for tasks to queue
[2025-02-13T17:25:48.988+0000] {logging_mixin.py:137} INFO - [2025-02-13T17:25:48.987+0000] {dagbag.py:537} INFO - Filling up the DagBag from /home/airflow/.local/lib/python3.7/site-packages/airflow/example_dags/example_kubernetes_executor.py
[2025-02-13T17:25:49.087+0000] {processor.py:766} INFO - DAG(s) dict_keys(['example_kubernetes_executor']) retrieved from /home/airflow/.local/lib/python3.7/site-packages/airflow/example_dags/example_kubernetes_executor.py
[2025-02-13T17:25:49.192+0000] {logging_mixin.py:137} INFO - [2025-02-13T17:25:49.192+0000] {dag.py:2585} INFO - Sync 1 DAGs
[2025-02-13T17:25:49.303+0000] {logging_mixin.py:137} INFO - [2025-02-13T17:25:49.302+0000] {dag.py:3340} INFO - Setting next_dagrun for example_kubernetes_executor to None, run_after=None
[2025-02-13T17:25:49.404+0000] {processor.py:176} INFO - Processing /home/airflow/.local/lib/python3.7/site-packages/airflow/example_dags/example_kubernetes_executor.py took 0.430 seconds
[2025-02-13T17:26:19.505+0000] {processor.py:154} INFO - Started process (PID=534) to work on /home/airflow/.local/lib/python3.7/site-packages/airflow/example_dags/example_kubernetes_executor.py
[2025-02-13T17:26:19.508+0000] {processor.py:756} INFO - Processing file /home/airflow/.local/lib/python3.7/site-packages/airflow/example_dags/example_kubernetes_executor.py for tasks to queue
[2025-02-13T17:26:19.512+0000] {logging_mixin.py:137} INFO - [2025-02-13T17:26:19.511+0000] {dagbag.py:537} INFO - Filling up the DagBag from /home/airflow/.local/lib/python3.7/site-packages/airflow/example_dags/example_kubernetes_executor.py
[2025-02-13T17:26:19.585+0000] {processor.py:766} INFO - DAG(s) dict_keys(['example_kubernetes_executor']) retrieved from /home/airflow/.local/lib/python3.7/site-packages/airflow/example_dags/example_kubernetes_executor.py
[2025-02-13T17:26:19.697+0000] {logging_mixin.py:137} INFO - [2025-02-13T17:26:19.696+0000] {dag.py:2585} INFO - Sync 1 DAGs
[2025-02-13T17:26:19.772+0000] {logging_mixin.py:137} INFO - [2025-02-13T17:26:19.771+0000] {dag.py:3340} INFO - Setting next_dagrun for example_kubernetes_executor to None, run_after=None
[2025-02-13T17:26:19.876+0000] {processor.py:176} INFO - Processing /home/airflow/.local/lib/python3.7/site-packages/airflow/example_dags/example_kubernetes_executor.py took 0.382 seconds
[2025-02-13T17:26:50.570+0000] {processor.py:154} INFO - Started process (PID=712) to work on /home/airflow/.local/lib/python3.7/site-packages/airflow/example_dags/example_kubernetes_executor.py
[2025-02-13T17:26:50.572+0000] {processor.py:756} INFO - Processing file /home/airflow/.local/lib/python3.7/site-packages/airflow/example_dags/example_kubernetes_executor.py for tasks to queue
[2025-02-13T17:26:50.574+0000] {logging_mixin.py:137} INFO - [2025-02-13T17:26:50.574+0000] {dagbag.py:537} INFO - Filling up the DagBag from /home/airflow/.local/lib/python3.7/site-packages/airflow/example_dags/example_kubernetes_executor.py
[2025-02-13T17:26:50.656+0000] {processor.py:766} INFO - DAG(s) dict_keys(['example_kubernetes_executor']) retrieved from /home/airflow/.local/lib/python3.7/site-packages/airflow/example_dags/example_kubernetes_executor.py
[2025-02-13T17:26:50.697+0000] {logging_mixin.py:137} INFO - [2025-02-13T17:26:50.696+0000] {dag.py:2585} INFO - Sync 1 DAGs
[2025-02-13T17:26:50.738+0000] {logging_mixin.py:137} INFO - [2025-02-13T17:26:50.738+0000] {dag.py:3340} INFO - Setting next_dagrun for example_kubernetes_executor to None, run_after=None
[2025-02-13T17:26:50.781+0000] {processor.py:176} INFO - Processing /home/airflow/.local/lib/python3.7/site-packages/airflow/example_dags/example_kubernetes_executor.py took 0.216 seconds
[2025-02-13T17:27:21.364+0000] {processor.py:154} INFO - Started process (PID=892) to work on /home/airflow/.local/lib/python3.7/site-packages/airflow/example_dags/example_kubernetes_executor.py
[2025-02-13T17:27:21.366+0000] {processor.py:756} INFO - Processing file /home/airflow/.local/lib/python3.7/site-packages/airflow/example_dags/example_kubernetes_executor.py for tasks to queue
[2025-02-13T17:27:21.369+0000] {logging_mixin.py:137} INFO - [2025-02-13T17:27:21.368+0000] {dagbag.py:537} INFO - Filling up the DagBag from /home/airflow/.local/lib/python3.7/site-packages/airflow/example_dags/example_kubernetes_executor.py
[2025-02-13T17:27:21.454+0000] {processor.py:766} INFO - DAG(s) dict_keys(['example_kubernetes_executor']) retrieved from /home/airflow/.local/lib/python3.7/site-packages/airflow/example_dags/example_kubernetes_executor.py
[2025-02-13T17:27:21.510+0000] {logging_mixin.py:137} INFO - [2025-02-13T17:27:21.510+0000] {dag.py:2585} INFO - Sync 1 DAGs
[2025-02-13T17:27:21.586+0000] {logging_mixin.py:137} INFO - [2025-02-13T17:27:21.585+0000] {dag.py:3340} INFO - Setting next_dagrun for example_kubernetes_executor to None, run_after=None
[2025-02-13T17:27:21.659+0000] {processor.py:176} INFO - Processing /home/airflow/.local/lib/python3.7/site-packages/airflow/example_dags/example_kubernetes_executor.py took 0.302 seconds
[2025-02-13T17:27:51.795+0000] {processor.py:154} INFO - Started process (PID=1074) to work on /home/airflow/.local/lib/python3.7/site-packages/airflow/example_dags/example_kubernetes_executor.py
[2025-02-13T17:27:51.797+0000] {processor.py:756} INFO - Processing file /home/airflow/.local/lib/python3.7/site-packages/airflow/example_dags/example_kubernetes_executor.py for tasks to queue
[2025-02-13T17:27:51.798+0000] {logging_mixin.py:137} INFO - [2025-02-13T17:27:51.798+0000] {dagbag.py:537} INFO - Filling up the DagBag from /home/airflow/.local/lib/python3.7/site-packages/airflow/example_dags/example_kubernetes_executor.py
[2025-02-13T17:27:51.857+0000] {processor.py:766} INFO - DAG(s) dict_keys(['example_kubernetes_executor']) retrieved from /home/airflow/.local/lib/python3.7/site-packages/airflow/example_dags/example_kubernetes_executor.py
[2025-02-13T17:27:51.906+0000] {logging_mixin.py:137} INFO - [2025-02-13T17:27:51.905+0000] {dag.py:2585} INFO - Sync 1 DAGs
[2025-02-13T17:27:51.974+0000] {logging_mixin.py:137} INFO - [2025-02-13T17:27:51.974+0000] {dag.py:3340} INFO - Setting next_dagrun for example_kubernetes_executor to None, run_after=None
[2025-02-13T17:27:52.028+0000] {processor.py:176} INFO - Processing /home/airflow/.local/lib/python3.7/site-packages/airflow/example_dags/example_kubernetes_executor.py took 0.237 seconds
[2025-02-13T17:28:22.949+0000] {processor.py:154} INFO - Started process (PID=1252) to work on /home/airflow/.local/lib/python3.7/site-packages/airflow/example_dags/example_kubernetes_executor.py
[2025-02-13T17:28:22.951+0000] {processor.py:756} INFO - Processing file /home/airflow/.local/lib/python3.7/site-packages/airflow/example_dags/example_kubernetes_executor.py for tasks to queue
[2025-02-13T17:28:22.954+0000] {logging_mixin.py:137} INFO - [2025-02-13T17:28:22.954+0000] {dagbag.py:537} INFO - Filling up the DagBag from /home/airflow/.local/lib/python3.7/site-packages/airflow/example_dags/example_kubernetes_executor.py
[2025-02-13T17:28:23.018+0000] {processor.py:766} INFO - DAG(s) dict_keys(['example_kubernetes_executor']) retrieved from /home/airflow/.local/lib/python3.7/site-packages/airflow/example_dags/example_kubernetes_executor.py
[2025-02-13T17:28:23.073+0000] {logging_mixin.py:137} INFO - [2025-02-13T17:28:23.073+0000] {dag.py:2585} INFO - Sync 1 DAGs
[2025-02-13T17:28:23.116+0000] {logging_mixin.py:137} INFO - [2025-02-13T17:28:23.116+0000] {dag.py:3340} INFO - Setting next_dagrun for example_kubernetes_executor to None, run_after=None
[2025-02-13T17:28:23.164+0000] {processor.py:176} INFO - Processing /home/airflow/.local/lib/python3.7/site-packages/airflow/example_dags/example_kubernetes_executor.py took 0.230 seconds
[2025-02-13T17:28:53.402+0000] {processor.py:154} INFO - Started process (PID=1434) to work on /home/airflow/.local/lib/python3.7/site-packages/airflow/example_dags/example_kubernetes_executor.py
[2025-02-13T17:28:53.404+0000] {processor.py:756} INFO - Processing file /home/airflow/.local/lib/python3.7/site-packages/airflow/example_dags/example_kubernetes_executor.py for tasks to queue
[2025-02-13T17:28:53.407+0000] {logging_mixin.py:137} INFO - [2025-02-13T17:28:53.407+0000] {dagbag.py:537} INFO - Filling up the DagBag from /home/airflow/.local/lib/python3.7/site-packages/airflow/example_dags/example_kubernetes_executor.py
[2025-02-13T17:28:53.458+0000] {processor.py:766} INFO - DAG(s) dict_keys(['example_kubernetes_executor']) retrieved from /home/airflow/.local/lib/python3.7/site-packages/airflow/example_dags/example_kubernetes_executor.py
[2025-02-13T17:28:53.505+0000] {logging_mixin.py:137} INFO - [2025-02-13T17:28:53.505+0000] {dag.py:2585} INFO - Sync 1 DAGs
[2025-02-13T17:28:53.548+0000] {logging_mixin.py:137} INFO - [2025-02-13T17:28:53.547+0000] {dag.py:3340} INFO - Setting next_dagrun for example_kubernetes_executor to None, run_after=None
[2025-02-13T17:28:53.591+0000] {processor.py:176} INFO - Processing /home/airflow/.local/lib/python3.7/site-packages/airflow/example_dags/example_kubernetes_executor.py took 0.193 seconds
[2025-02-13T17:29:24.176+0000] {processor.py:154} INFO - Started process (PID=1613) to work on /home/airflow/.local/lib/python3.7/site-packages/airflow/example_dags/example_kubernetes_executor.py
[2025-02-13T17:29:24.178+0000] {processor.py:756} INFO - Processing file /home/airflow/.local/lib/python3.7/site-packages/airflow/example_dags/example_kubernetes_executor.py for tasks to queue
[2025-02-13T17:29:24.180+0000] {logging_mixin.py:137} INFO - [2025-02-13T17:29:24.180+0000] {dagbag.py:537} INFO - Filling up the DagBag from /home/airflow/.local/lib/python3.7/site-packages/airflow/example_dags/example_kubernetes_executor.py
[2025-02-13T17:29:24.218+0000] {processor.py:766} INFO - DAG(s) dict_keys(['example_kubernetes_executor']) retrieved from /home/airflow/.local/lib/python3.7/site-packages/airflow/example_dags/example_kubernetes_executor.py
[2025-02-13T17:29:24.274+0000] {logging_mixin.py:137} INFO - [2025-02-13T17:29:24.274+0000] {dag.py:2585} INFO - Sync 1 DAGs
[2025-02-13T17:29:24.320+0000] {logging_mixin.py:137} INFO - [2025-02-13T17:29:24.319+0000] {dag.py:3340} INFO - Setting next_dagrun for example_kubernetes_executor to None, run_after=None
[2025-02-13T17:29:24.369+0000] {processor.py:176} INFO - Processing /home/airflow/.local/lib/python3.7/site-packages/airflow/example_dags/example_kubernetes_executor.py took 0.197 seconds
[2025-02-13T17:29:54.697+0000] {processor.py:154} INFO - Started process (PID=1794) to work on /home/airflow/.local/lib/python3.7/site-packages/airflow/example_dags/example_kubernetes_executor.py
[2025-02-13T17:29:54.700+0000] {processor.py:756} INFO - Processing file /home/airflow/.local/lib/python3.7/site-packages/airflow/example_dags/example_kubernetes_executor.py for tasks to queue
[2025-02-13T17:29:54.701+0000] {logging_mixin.py:137} INFO - [2025-02-13T17:29:54.701+0000] {dagbag.py:537} INFO - Filling up the DagBag from /home/airflow/.local/lib/python3.7/site-packages/airflow/example_dags/example_kubernetes_executor.py
[2025-02-13T17:29:54.782+0000] {processor.py:766} INFO - DAG(s) dict_keys(['example_kubernetes_executor']) retrieved from /home/airflow/.local/lib/python3.7/site-packages/airflow/example_dags/example_kubernetes_executor.py
[2025-02-13T17:29:54.868+0000] {logging_mixin.py:137} INFO - [2025-02-13T17:29:54.867+0000] {dag.py:2585} INFO - Sync 1 DAGs
[2025-02-13T17:29:54.935+0000] {logging_mixin.py:137} INFO - [2025-02-13T17:29:54.934+0000] {dag.py:3340} INFO - Setting next_dagrun for example_kubernetes_executor to None, run_after=None
[2025-02-13T17:29:55.008+0000] {processor.py:176} INFO - Processing /home/airflow/.local/lib/python3.7/site-packages/airflow/example_dags/example_kubernetes_executor.py took 0.316 seconds
[2025-02-13T17:30:25.172+0000] {processor.py:154} INFO - Started process (PID=1974) to work on /home/airflow/.local/lib/python3.7/site-packages/airflow/example_dags/example_kubernetes_executor.py
[2025-02-13T17:30:25.175+0000] {processor.py:756} INFO - Processing file /home/airflow/.local/lib/python3.7/site-packages/airflow/example_dags/example_kubernetes_executor.py for tasks to queue
[2025-02-13T17:30:25.177+0000] {logging_mixin.py:137} INFO - [2025-02-13T17:30:25.177+0000] {dagbag.py:537} INFO - Filling up the DagBag from /home/airflow/.local/lib/python3.7/site-packages/airflow/example_dags/example_kubernetes_executor.py
[2025-02-13T17:30:25.271+0000] {processor.py:766} INFO - DAG(s) dict_keys(['example_kubernetes_executor']) retrieved from /home/airflow/.local/lib/python3.7/site-packages/airflow/example_dags/example_kubernetes_executor.py
[2025-02-13T17:30:25.329+0000] {logging_mixin.py:137} INFO - [2025-02-13T17:30:25.329+0000] {dag.py:2585} INFO - Sync 1 DAGs
[2025-02-13T17:30:25.413+0000] {logging_mixin.py:137} INFO - [2025-02-13T17:30:25.412+0000] {dag.py:3340} INFO - Setting next_dagrun for example_kubernetes_executor to None, run_after=None
[2025-02-13T17:30:25.467+0000] {processor.py:176} INFO - Processing /home/airflow/.local/lib/python3.7/site-packages/airflow/example_dags/example_kubernetes_executor.py took 0.300 seconds
[2025-02-13T17:30:55.655+0000] {processor.py:154} INFO - Started process (PID=2152) to work on /home/airflow/.local/lib/python3.7/site-packages/airflow/example_dags/example_kubernetes_executor.py
[2025-02-13T17:30:55.657+0000] {processor.py:756} INFO - Processing file /home/airflow/.local/lib/python3.7/site-packages/airflow/example_dags/example_kubernetes_executor.py for tasks to queue
[2025-02-13T17:30:55.660+0000] {logging_mixin.py:137} INFO - [2025-02-13T17:30:55.660+0000] {dagbag.py:537} INFO - Filling up the DagBag from /home/airflow/.local/lib/python3.7/site-packages/airflow/example_dags/example_kubernetes_executor.py
[2025-02-13T17:30:55.772+0000] {processor.py:766} INFO - DAG(s) dict_keys(['example_kubernetes_executor']) retrieved from /home/airflow/.local/lib/python3.7/site-packages/airflow/example_dags/example_kubernetes_executor.py
[2025-02-13T17:30:55.911+0000] {logging_mixin.py:137} INFO - [2025-02-13T17:30:55.910+0000] {dag.py:2585} INFO - Sync 1 DAGs
[2025-02-13T17:30:55.981+0000] {logging_mixin.py:137} INFO - [2025-02-13T17:30:55.981+0000] {dag.py:3340} INFO - Setting next_dagrun for example_kubernetes_executor to None, run_after=None
[2025-02-13T17:30:56.074+0000] {processor.py:176} INFO - Processing /home/airflow/.local/lib/python3.7/site-packages/airflow/example_dags/example_kubernetes_executor.py took 0.427 seconds
[2025-02-13T17:31:26.543+0000] {processor.py:154} INFO - Started process (PID=2332) to work on /home/airflow/.local/lib/python3.7/site-packages/airflow/example_dags/example_kubernetes_executor.py
[2025-02-13T17:31:26.546+0000] {processor.py:756} INFO - Processing file /home/airflow/.local/lib/python3.7/site-packages/airflow/example_dags/example_kubernetes_executor.py for tasks to queue
[2025-02-13T17:31:26.549+0000] {logging_mixin.py:137} INFO - [2025-02-13T17:31:26.549+0000] {dagbag.py:537} INFO - Filling up the DagBag from /home/airflow/.local/lib/python3.7/site-packages/airflow/example_dags/example_kubernetes_executor.py
[2025-02-13T17:31:26.610+0000] {processor.py:766} INFO - DAG(s) dict_keys(['example_kubernetes_executor']) retrieved from /home/airflow/.local/lib/python3.7/site-packages/airflow/example_dags/example_kubernetes_executor.py
[2025-02-13T17:31:26.696+0000] {logging_mixin.py:137} INFO - [2025-02-13T17:31:26.696+0000] {dag.py:2585} INFO - Sync 1 DAGs
[2025-02-13T17:31:26.747+0000] {logging_mixin.py:137} INFO - [2025-02-13T17:31:26.747+0000] {dag.py:3340} INFO - Setting next_dagrun for example_kubernetes_executor to None, run_after=None
[2025-02-13T17:31:26.798+0000] {processor.py:176} INFO - Processing /home/airflow/.local/lib/python3.7/site-packages/airflow/example_dags/example_kubernetes_executor.py took 0.260 seconds
[2025-02-13T17:31:57.086+0000] {processor.py:154} INFO - Started process (PID=2514) to work on /home/airflow/.local/lib/python3.7/site-packages/airflow/example_dags/example_kubernetes_executor.py
[2025-02-13T17:31:57.089+0000] {processor.py:756} INFO - Processing file /home/airflow/.local/lib/python3.7/site-packages/airflow/example_dags/example_kubernetes_executor.py for tasks to queue
[2025-02-13T17:31:57.091+0000] {logging_mixin.py:137} INFO - [2025-02-13T17:31:57.091+0000] {dagbag.py:537} INFO - Filling up the DagBag from /home/airflow/.local/lib/python3.7/site-packages/airflow/example_dags/example_kubernetes_executor.py
[2025-02-13T17:31:57.159+0000] {processor.py:766} INFO - DAG(s) dict_keys(['example_kubernetes_executor']) retrieved from /home/airflow/.local/lib/python3.7/site-packages/airflow/example_dags/example_kubernetes_executor.py
[2025-02-13T17:31:57.234+0000] {logging_mixin.py:137} INFO - [2025-02-13T17:31:57.234+0000] {dag.py:2585} INFO - Sync 1 DAGs
[2025-02-13T17:31:57.310+0000] {logging_mixin.py:137} INFO - [2025-02-13T17:31:57.310+0000] {dag.py:3340} INFO - Setting next_dagrun for example_kubernetes_executor to None, run_after=None
[2025-02-13T17:31:57.381+0000] {processor.py:176} INFO - Processing /home/airflow/.local/lib/python3.7/site-packages/airflow/example_dags/example_kubernetes_executor.py took 0.300 seconds
[2025-02-13T17:32:27.475+0000] {processor.py:154} INFO - Started process (PID=2692) to work on /home/airflow/.local/lib/python3.7/site-packages/airflow/example_dags/example_kubernetes_executor.py
[2025-02-13T17:32:27.479+0000] {processor.py:756} INFO - Processing file /home/airflow/.local/lib/python3.7/site-packages/airflow/example_dags/example_kubernetes_executor.py for tasks to queue
[2025-02-13T17:32:27.485+0000] {logging_mixin.py:137} INFO - [2025-02-13T17:32:27.484+0000] {dagbag.py:537} INFO - Filling up the DagBag from /home/airflow/.local/lib/python3.7/site-packages/airflow/example_dags/example_kubernetes_executor.py
[2025-02-13T17:32:27.551+0000] {processor.py:766} INFO - DAG(s) dict_keys(['example_kubernetes_executor']) retrieved from /home/airflow/.local/lib/python3.7/site-packages/airflow/example_dags/example_kubernetes_executor.py
[2025-02-13T17:32:27.643+0000] {logging_mixin.py:137} INFO - [2025-02-13T17:32:27.642+0000] {dag.py:2585} INFO - Sync 1 DAGs
[2025-02-13T17:32:27.713+0000] {logging_mixin.py:137} INFO - [2025-02-13T17:32:27.712+0000] {dag.py:3340} INFO - Setting next_dagrun for example_kubernetes_executor to None, run_after=None
[2025-02-13T17:32:27.769+0000] {processor.py:176} INFO - Processing /home/airflow/.local/lib/python3.7/site-packages/airflow/example_dags/example_kubernetes_executor.py took 0.316 seconds
[2025-02-13T17:32:57.911+0000] {processor.py:154} INFO - Started process (PID=2872) to work on /home/airflow/.local/lib/python3.7/site-packages/airflow/example_dags/example_kubernetes_executor.py
[2025-02-13T17:32:57.914+0000] {processor.py:756} INFO - Processing file /home/airflow/.local/lib/python3.7/site-packages/airflow/example_dags/example_kubernetes_executor.py for tasks to queue
[2025-02-13T17:32:57.918+0000] {logging_mixin.py:137} INFO - [2025-02-13T17:32:57.918+0000] {dagbag.py:537} INFO - Filling up the DagBag from /home/airflow/.local/lib/python3.7/site-packages/airflow/example_dags/example_kubernetes_executor.py
[2025-02-13T17:32:57.992+0000] {processor.py:766} INFO - DAG(s) dict_keys(['example_kubernetes_executor']) retrieved from /home/airflow/.local/lib/python3.7/site-packages/airflow/example_dags/example_kubernetes_executor.py
[2025-02-13T17:32:58.055+0000] {logging_mixin.py:137} INFO - [2025-02-13T17:32:58.054+0000] {dag.py:2585} INFO - Sync 1 DAGs
[2025-02-13T17:32:58.108+0000] {logging_mixin.py:137} INFO - [2025-02-13T17:32:58.108+0000] {dag.py:3340} INFO - Setting next_dagrun for example_kubernetes_executor to None, run_after=None
[2025-02-13T17:32:58.170+0000] {processor.py:176} INFO - Processing /home/airflow/.local/lib/python3.7/site-packages/airflow/example_dags/example_kubernetes_executor.py took 0.264 seconds
[2025-02-13T17:33:28.923+0000] {processor.py:154} INFO - Started process (PID=3052) to work on /home/airflow/.local/lib/python3.7/site-packages/airflow/example_dags/example_kubernetes_executor.py
[2025-02-13T17:33:28.925+0000] {processor.py:756} INFO - Processing file /home/airflow/.local/lib/python3.7/site-packages/airflow/example_dags/example_kubernetes_executor.py for tasks to queue
[2025-02-13T17:33:28.926+0000] {logging_mixin.py:137} INFO - [2025-02-13T17:33:28.926+0000] {dagbag.py:537} INFO - Filling up the DagBag from /home/airflow/.local/lib/python3.7/site-packages/airflow/example_dags/example_kubernetes_executor.py
[2025-02-13T17:33:28.974+0000] {processor.py:766} INFO - DAG(s) dict_keys(['example_kubernetes_executor']) retrieved from /home/airflow/.local/lib/python3.7/site-packages/airflow/example_dags/example_kubernetes_executor.py
[2025-02-13T17:33:29.071+0000] {logging_mixin.py:137} INFO - [2025-02-13T17:33:29.070+0000] {dag.py:2585} INFO - Sync 1 DAGs
[2025-02-13T17:33:29.128+0000] {logging_mixin.py:137} INFO - [2025-02-13T17:33:29.128+0000] {dag.py:3340} INFO - Setting next_dagrun for example_kubernetes_executor to None, run_after=None
[2025-02-13T17:33:29.173+0000] {processor.py:176} INFO - Processing /home/airflow/.local/lib/python3.7/site-packages/airflow/example_dags/example_kubernetes_executor.py took 0.257 seconds
[2025-02-13T17:33:59.339+0000] {processor.py:154} INFO - Started process (PID=3232) to work on /home/airflow/.local/lib/python3.7/site-packages/airflow/example_dags/example_kubernetes_executor.py
[2025-02-13T17:33:59.342+0000] {processor.py:756} INFO - Processing file /home/airflow/.local/lib/python3.7/site-packages/airflow/example_dags/example_kubernetes_executor.py for tasks to queue
[2025-02-13T17:33:59.345+0000] {logging_mixin.py:137} INFO - [2025-02-13T17:33:59.344+0000] {dagbag.py:537} INFO - Filling up the DagBag from /home/airflow/.local/lib/python3.7/site-packages/airflow/example_dags/example_kubernetes_executor.py
[2025-02-13T17:33:59.394+0000] {processor.py:766} INFO - DAG(s) dict_keys(['example_kubernetes_executor']) retrieved from /home/airflow/.local/lib/python3.7/site-packages/airflow/example_dags/example_kubernetes_executor.py
[2025-02-13T17:33:59.467+0000] {logging_mixin.py:137} INFO - [2025-02-13T17:33:59.467+0000] {dag.py:2585} INFO - Sync 1 DAGs
[2025-02-13T17:33:59.509+0000] {logging_mixin.py:137} INFO - [2025-02-13T17:33:59.509+0000] {dag.py:3340} INFO - Setting next_dagrun for example_kubernetes_executor to None, run_after=None
[2025-02-13T17:33:59.546+0000] {processor.py:176} INFO - Processing /home/airflow/.local/lib/python3.7/site-packages/airflow/example_dags/example_kubernetes_executor.py took 0.214 seconds
[2025-02-13T17:34:30.475+0000] {processor.py:154} INFO - Started process (PID=3413) to work on /home/airflow/.local/lib/python3.7/site-packages/airflow/example_dags/example_kubernetes_executor.py
[2025-02-13T17:34:30.477+0000] {processor.py:756} INFO - Processing file /home/airflow/.local/lib/python3.7/site-packages/airflow/example_dags/example_kubernetes_executor.py for tasks to queue
[2025-02-13T17:34:30.478+0000] {logging_mixin.py:137} INFO - [2025-02-13T17:34:30.478+0000] {dagbag.py:537} INFO - Filling up the DagBag from /home/airflow/.local/lib/python3.7/site-packages/airflow/example_dags/example_kubernetes_executor.py
[2025-02-13T17:34:30.524+0000] {processor.py:766} INFO - DAG(s) dict_keys(['example_kubernetes_executor']) retrieved from /home/airflow/.local/lib/python3.7/site-packages/airflow/example_dags/example_kubernetes_executor.py
[2025-02-13T17:34:30.590+0000] {logging_mixin.py:137} INFO - [2025-02-13T17:34:30.590+0000] {dag.py:2585} INFO - Sync 1 DAGs
[2025-02-13T17:34:30.632+0000] {logging_mixin.py:137} INFO - [2025-02-13T17:34:30.632+0000] {dag.py:3340} INFO - Setting next_dagrun for example_kubernetes_executor to None, run_after=None
[2025-02-13T17:34:30.714+0000] {processor.py:176} INFO - Processing /home/airflow/.local/lib/python3.7/site-packages/airflow/example_dags/example_kubernetes_executor.py took 0.244 seconds
[2025-02-13T17:35:01.183+0000] {processor.py:154} INFO - Started process (PID=3592) to work on /home/airflow/.local/lib/python3.7/site-packages/airflow/example_dags/example_kubernetes_executor.py
[2025-02-13T17:35:01.185+0000] {processor.py:756} INFO - Processing file /home/airflow/.local/lib/python3.7/site-packages/airflow/example_dags/example_kubernetes_executor.py for tasks to queue
[2025-02-13T17:35:01.188+0000] {logging_mixin.py:137} INFO - [2025-02-13T17:35:01.188+0000] {dagbag.py:537} INFO - Filling up the DagBag from /home/airflow/.local/lib/python3.7/site-packages/airflow/example_dags/example_kubernetes_executor.py
[2025-02-13T17:35:01.248+0000] {processor.py:766} INFO - DAG(s) dict_keys(['example_kubernetes_executor']) retrieved from /home/airflow/.local/lib/python3.7/site-packages/airflow/example_dags/example_kubernetes_executor.py
[2025-02-13T17:35:01.327+0000] {logging_mixin.py:137} INFO - [2025-02-13T17:35:01.326+0000] {dag.py:2585} INFO - Sync 1 DAGs
[2025-02-13T17:35:01.388+0000] {logging_mixin.py:137} INFO - [2025-02-13T17:35:01.388+0000] {dag.py:3340} INFO - Setting next_dagrun for example_kubernetes_executor to None, run_after=None
[2025-02-13T17:35:01.433+0000] {processor.py:176} INFO - Processing /home/airflow/.local/lib/python3.7/site-packages/airflow/example_dags/example_kubernetes_executor.py took 0.255 seconds
[2025-02-13T17:35:31.727+0000] {processor.py:154} INFO - Started process (PID=3774) to work on /home/airflow/.local/lib/python3.7/site-packages/airflow/example_dags/example_kubernetes_executor.py
[2025-02-13T17:35:31.728+0000] {processor.py:756} INFO - Processing file /home/airflow/.local/lib/python3.7/site-packages/airflow/example_dags/example_kubernetes_executor.py for tasks to queue
[2025-02-13T17:35:31.732+0000] {logging_mixin.py:137} INFO - [2025-02-13T17:35:31.731+0000] {dagbag.py:537} INFO - Filling up the DagBag from /home/airflow/.local/lib/python3.7/site-packages/airflow/example_dags/example_kubernetes_executor.py
[2025-02-13T17:35:31.769+0000] {processor.py:766} INFO - DAG(s) dict_keys(['example_kubernetes_executor']) retrieved from /home/airflow/.local/lib/python3.7/site-packages/airflow/example_dags/example_kubernetes_executor.py
[2025-02-13T17:35:31.834+0000] {logging_mixin.py:137} INFO - [2025-02-13T17:35:31.834+0000] {dag.py:2585} INFO - Sync 1 DAGs
[2025-02-13T17:35:31.889+0000] {logging_mixin.py:137} INFO - [2025-02-13T17:35:31.889+0000] {dag.py:3340} INFO - Setting next_dagrun for example_kubernetes_executor to None, run_after=None
[2025-02-13T17:35:31.927+0000] {processor.py:176} INFO - Processing /home/airflow/.local/lib/python3.7/site-packages/airflow/example_dags/example_kubernetes_executor.py took 0.204 seconds
[2025-02-13T17:36:02.174+0000] {processor.py:154} INFO - Started process (PID=3952) to work on /home/airflow/.local/lib/python3.7/site-packages/airflow/example_dags/example_kubernetes_executor.py
[2025-02-13T17:36:02.176+0000] {processor.py:756} INFO - Processing file /home/airflow/.local/lib/python3.7/site-packages/airflow/example_dags/example_kubernetes_executor.py for tasks to queue
[2025-02-13T17:36:02.178+0000] {logging_mixin.py:137} INFO - [2025-02-13T17:36:02.178+0000] {dagbag.py:537} INFO - Filling up the DagBag from /home/airflow/.local/lib/python3.7/site-packages/airflow/example_dags/example_kubernetes_executor.py
[2025-02-13T17:36:02.235+0000] {processor.py:766} INFO - DAG(s) dict_keys(['example_kubernetes_executor']) retrieved from /home/airflow/.local/lib/python3.7/site-packages/airflow/example_dags/example_kubernetes_executor.py
[2025-02-13T17:36:02.329+0000] {logging_mixin.py:137} INFO - [2025-02-13T17:36:02.329+0000] {dag.py:2585} INFO - Sync 1 DAGs
[2025-02-13T17:36:02.381+0000] {logging_mixin.py:137} INFO - [2025-02-13T17:36:02.381+0000] {dag.py:3340} INFO - Setting next_dagrun for example_kubernetes_executor to None, run_after=None
[2025-02-13T17:36:02.427+0000] {processor.py:176} INFO - Processing /home/airflow/.local/lib/python3.7/site-packages/airflow/example_dags/example_kubernetes_executor.py took 0.258 seconds
[2025-02-13T17:36:32.673+0000] {processor.py:154} INFO - Started process (PID=4134) to work on /home/airflow/.local/lib/python3.7/site-packages/airflow/example_dags/example_kubernetes_executor.py
[2025-02-13T17:36:32.675+0000] {processor.py:756} INFO - Processing file /home/airflow/.local/lib/python3.7/site-packages/airflow/example_dags/example_kubernetes_executor.py for tasks to queue
[2025-02-13T17:36:32.677+0000] {logging_mixin.py:137} INFO - [2025-02-13T17:36:32.676+0000] {dagbag.py:537} INFO - Filling up the DagBag from /home/airflow/.local/lib/python3.7/site-packages/airflow/example_dags/example_kubernetes_executor.py
[2025-02-13T17:36:32.727+0000] {processor.py:766} INFO - DAG(s) dict_keys(['example_kubernetes_executor']) retrieved from /home/airflow/.local/lib/python3.7/site-packages/airflow/example_dags/example_kubernetes_executor.py
[2025-02-13T17:36:32.803+0000] {logging_mixin.py:137} INFO - [2025-02-13T17:36:32.803+0000] {dag.py:2585} INFO - Sync 1 DAGs
[2025-02-13T17:36:32.848+0000] {logging_mixin.py:137} INFO - [2025-02-13T17:36:32.848+0000] {dag.py:3340} INFO - Setting next_dagrun for example_kubernetes_executor to None, run_after=None
[2025-02-13T17:36:32.912+0000] {processor.py:176} INFO - Processing /home/airflow/.local/lib/python3.7/site-packages/airflow/example_dags/example_kubernetes_executor.py took 0.244 seconds
[2025-02-13T17:37:03.089+0000] {processor.py:154} INFO - Started process (PID=4312) to work on /home/airflow/.local/lib/python3.7/site-packages/airflow/example_dags/example_kubernetes_executor.py
[2025-02-13T17:37:03.092+0000] {processor.py:756} INFO - Processing file /home/airflow/.local/lib/python3.7/site-packages/airflow/example_dags/example_kubernetes_executor.py for tasks to queue
[2025-02-13T17:37:03.094+0000] {logging_mixin.py:137} INFO - [2025-02-13T17:37:03.094+0000] {dagbag.py:537} INFO - Filling up the DagBag from /home/airflow/.local/lib/python3.7/site-packages/airflow/example_dags/example_kubernetes_executor.py
[2025-02-13T17:37:03.174+0000] {processor.py:766} INFO - DAG(s) dict_keys(['example_kubernetes_executor']) retrieved from /home/airflow/.local/lib/python3.7/site-packages/airflow/example_dags/example_kubernetes_executor.py
[2025-02-13T17:37:03.283+0000] {logging_mixin.py:137} INFO - [2025-02-13T17:37:03.282+0000] {dag.py:2585} INFO - Sync 1 DAGs
[2025-02-13T17:37:03.341+0000] {logging_mixin.py:137} INFO - [2025-02-13T17:37:03.341+0000] {dag.py:3340} INFO - Setting next_dagrun for example_kubernetes_executor to None, run_after=None
[2025-02-13T17:37:03.403+0000] {processor.py:176} INFO - Processing /home/airflow/.local/lib/python3.7/site-packages/airflow/example_dags/example_kubernetes_executor.py took 0.323 seconds
[2025-02-13T17:37:33.702+0000] {processor.py:154} INFO - Started process (PID=4494) to work on /home/airflow/.local/lib/python3.7/site-packages/airflow/example_dags/example_kubernetes_executor.py
[2025-02-13T17:37:33.705+0000] {processor.py:756} INFO - Processing file /home/airflow/.local/lib/python3.7/site-packages/airflow/example_dags/example_kubernetes_executor.py for tasks to queue
[2025-02-13T17:37:33.708+0000] {logging_mixin.py:137} INFO - [2025-02-13T17:37:33.707+0000] {dagbag.py:537} INFO - Filling up the DagBag from /home/airflow/.local/lib/python3.7/site-packages/airflow/example_dags/example_kubernetes_executor.py
[2025-02-13T17:37:33.792+0000] {processor.py:766} INFO - DAG(s) dict_keys(['example_kubernetes_executor']) retrieved from /home/airflow/.local/lib/python3.7/site-packages/airflow/example_dags/example_kubernetes_executor.py
[2025-02-13T17:37:33.877+0000] {logging_mixin.py:137} INFO - [2025-02-13T17:37:33.877+0000] {dag.py:2585} INFO - Sync 1 DAGs
[2025-02-13T17:37:33.919+0000] {logging_mixin.py:137} INFO - [2025-02-13T17:37:33.919+0000] {dag.py:3340} INFO - Setting next_dagrun for example_kubernetes_executor to None, run_after=None
[2025-02-13T17:37:33.963+0000] {processor.py:176} INFO - Processing /home/airflow/.local/lib/python3.7/site-packages/airflow/example_dags/example_kubernetes_executor.py took 0.271 seconds
[2025-02-13T17:38:04.555+0000] {processor.py:154} INFO - Started process (PID=4674) to work on /home/airflow/.local/lib/python3.7/site-packages/airflow/example_dags/example_kubernetes_executor.py
[2025-02-13T17:38:04.557+0000] {processor.py:756} INFO - Processing file /home/airflow/.local/lib/python3.7/site-packages/airflow/example_dags/example_kubernetes_executor.py for tasks to queue
[2025-02-13T17:38:04.559+0000] {logging_mixin.py:137} INFO - [2025-02-13T17:38:04.559+0000] {dagbag.py:537} INFO - Filling up the DagBag from /home/airflow/.local/lib/python3.7/site-packages/airflow/example_dags/example_kubernetes_executor.py
[2025-02-13T17:38:04.618+0000] {processor.py:766} INFO - DAG(s) dict_keys(['example_kubernetes_executor']) retrieved from /home/airflow/.local/lib/python3.7/site-packages/airflow/example_dags/example_kubernetes_executor.py
[2025-02-13T17:38:04.694+0000] {logging_mixin.py:137} INFO - [2025-02-13T17:38:04.694+0000] {dag.py:2585} INFO - Sync 1 DAGs
[2025-02-13T17:38:04.736+0000] {logging_mixin.py:137} INFO - [2025-02-13T17:38:04.735+0000] {dag.py:3340} INFO - Setting next_dagrun for example_kubernetes_executor to None, run_after=None
[2025-02-13T17:38:04.780+0000] {processor.py:176} INFO - Processing /home/airflow/.local/lib/python3.7/site-packages/airflow/example_dags/example_kubernetes_executor.py took 0.230 seconds
[2025-02-13T17:38:35.354+0000] {processor.py:154} INFO - Started process (PID=4852) to work on /home/airflow/.local/lib/python3.7/site-packages/airflow/example_dags/example_kubernetes_executor.py
[2025-02-13T17:38:35.356+0000] {processor.py:756} INFO - Processing file /home/airflow/.local/lib/python3.7/site-packages/airflow/example_dags/example_kubernetes_executor.py for tasks to queue
[2025-02-13T17:38:35.357+0000] {logging_mixin.py:137} INFO - [2025-02-13T17:38:35.357+0000] {dagbag.py:537} INFO - Filling up the DagBag from /home/airflow/.local/lib/python3.7/site-packages/airflow/example_dags/example_kubernetes_executor.py
[2025-02-13T17:38:35.408+0000] {processor.py:766} INFO - DAG(s) dict_keys(['example_kubernetes_executor']) retrieved from /home/airflow/.local/lib/python3.7/site-packages/airflow/example_dags/example_kubernetes_executor.py
[2025-02-13T17:38:35.511+0000] {logging_mixin.py:137} INFO - [2025-02-13T17:38:35.510+0000] {dag.py:2585} INFO - Sync 1 DAGs
[2025-02-13T17:38:35.569+0000] {logging_mixin.py:137} INFO - [2025-02-13T17:38:35.568+0000] {dag.py:3340} INFO - Setting next_dagrun for example_kubernetes_executor to None, run_after=None
[2025-02-13T17:38:35.610+0000] {processor.py:176} INFO - Processing /home/airflow/.local/lib/python3.7/site-packages/airflow/example_dags/example_kubernetes_executor.py took 0.261 seconds
[2025-02-13T17:39:37.843+0000] {processor.py:154} INFO - Started process (PID=5036) to work on /home/airflow/.local/lib/python3.7/site-packages/airflow/example_dags/example_kubernetes_executor.py
[2025-02-13T17:39:37.845+0000] {processor.py:756} INFO - Processing file /home/airflow/.local/lib/python3.7/site-packages/airflow/example_dags/example_kubernetes_executor.py for tasks to queue
[2025-02-13T17:39:37.847+0000] {logging_mixin.py:137} INFO - [2025-02-13T17:39:37.847+0000] {dagbag.py:537} INFO - Filling up the DagBag from /home/airflow/.local/lib/python3.7/site-packages/airflow/example_dags/example_kubernetes_executor.py
[2025-02-13T17:39:37.945+0000] {processor.py:766} INFO - DAG(s) dict_keys(['example_kubernetes_executor']) retrieved from /home/airflow/.local/lib/python3.7/site-packages/airflow/example_dags/example_kubernetes_executor.py
[2025-02-13T17:39:38.071+0000] {logging_mixin.py:137} INFO - [2025-02-13T17:39:38.070+0000] {dag.py:2585} INFO - Sync 1 DAGs
[2025-02-13T17:39:38.151+0000] {logging_mixin.py:137} INFO - [2025-02-13T17:39:38.151+0000] {dag.py:3340} INFO - Setting next_dagrun for example_kubernetes_executor to None, run_after=None
[2025-02-13T17:39:38.200+0000] {processor.py:176} INFO - Processing /home/airflow/.local/lib/python3.7/site-packages/airflow/example_dags/example_kubernetes_executor.py took 0.362 seconds
[2025-02-13T17:40:08.524+0000] {processor.py:154} INFO - Started process (PID=5216) to work on /home/airflow/.local/lib/python3.7/site-packages/airflow/example_dags/example_kubernetes_executor.py
[2025-02-13T17:40:08.526+0000] {processor.py:756} INFO - Processing file /home/airflow/.local/lib/python3.7/site-packages/airflow/example_dags/example_kubernetes_executor.py for tasks to queue
[2025-02-13T17:40:08.528+0000] {logging_mixin.py:137} INFO - [2025-02-13T17:40:08.527+0000] {dagbag.py:537} INFO - Filling up the DagBag from /home/airflow/.local/lib/python3.7/site-packages/airflow/example_dags/example_kubernetes_executor.py
[2025-02-13T17:40:08.598+0000] {processor.py:766} INFO - DAG(s) dict_keys(['example_kubernetes_executor']) retrieved from /home/airflow/.local/lib/python3.7/site-packages/airflow/example_dags/example_kubernetes_executor.py
[2025-02-13T17:40:08.696+0000] {logging_mixin.py:137} INFO - [2025-02-13T17:40:08.696+0000] {dag.py:2585} INFO - Sync 1 DAGs
[2025-02-13T17:40:08.789+0000] {logging_mixin.py:137} INFO - [2025-02-13T17:40:08.788+0000] {dag.py:3340} INFO - Setting next_dagrun for example_kubernetes_executor to None, run_after=None
[2025-02-13T17:40:08.863+0000] {processor.py:176} INFO - Processing /home/airflow/.local/lib/python3.7/site-packages/airflow/example_dags/example_kubernetes_executor.py took 0.343 seconds
[2025-02-13T17:40:39.446+0000] {processor.py:154} INFO - Started process (PID=5396) to work on /home/airflow/.local/lib/python3.7/site-packages/airflow/example_dags/example_kubernetes_executor.py
[2025-02-13T17:40:39.448+0000] {processor.py:756} INFO - Processing file /home/airflow/.local/lib/python3.7/site-packages/airflow/example_dags/example_kubernetes_executor.py for tasks to queue
[2025-02-13T17:40:39.451+0000] {logging_mixin.py:137} INFO - [2025-02-13T17:40:39.451+0000] {dagbag.py:537} INFO - Filling up the DagBag from /home/airflow/.local/lib/python3.7/site-packages/airflow/example_dags/example_kubernetes_executor.py
[2025-02-13T17:40:39.495+0000] {processor.py:766} INFO - DAG(s) dict_keys(['example_kubernetes_executor']) retrieved from /home/airflow/.local/lib/python3.7/site-packages/airflow/example_dags/example_kubernetes_executor.py
[2025-02-13T17:40:39.568+0000] {logging_mixin.py:137} INFO - [2025-02-13T17:40:39.567+0000] {dag.py:2585} INFO - Sync 1 DAGs
[2025-02-13T17:40:39.607+0000] {logging_mixin.py:137} INFO - [2025-02-13T17:40:39.607+0000] {dag.py:3340} INFO - Setting next_dagrun for example_kubernetes_executor to None, run_after=None
[2025-02-13T17:40:39.648+0000] {processor.py:176} INFO - Processing /home/airflow/.local/lib/python3.7/site-packages/airflow/example_dags/example_kubernetes_executor.py took 0.205 seconds
[2025-02-13T17:41:10.525+0000] {processor.py:154} INFO - Started process (PID=5574) to work on /home/airflow/.local/lib/python3.7/site-packages/airflow/example_dags/example_kubernetes_executor.py
[2025-02-13T17:41:10.527+0000] {processor.py:756} INFO - Processing file /home/airflow/.local/lib/python3.7/site-packages/airflow/example_dags/example_kubernetes_executor.py for tasks to queue
[2025-02-13T17:41:10.529+0000] {logging_mixin.py:137} INFO - [2025-02-13T17:41:10.529+0000] {dagbag.py:537} INFO - Filling up the DagBag from /home/airflow/.local/lib/python3.7/site-packages/airflow/example_dags/example_kubernetes_executor.py
[2025-02-13T17:41:10.616+0000] {processor.py:766} INFO - DAG(s) dict_keys(['example_kubernetes_executor']) retrieved from /home/airflow/.local/lib/python3.7/site-packages/airflow/example_dags/example_kubernetes_executor.py
[2025-02-13T17:41:10.748+0000] {logging_mixin.py:137} INFO - [2025-02-13T17:41:10.747+0000] {dag.py:2585} INFO - Sync 1 DAGs
[2025-02-13T17:41:10.809+0000] {logging_mixin.py:137} INFO - [2025-02-13T17:41:10.809+0000] {dag.py:3340} INFO - Setting next_dagrun for example_kubernetes_executor to None, run_after=None
[2025-02-13T17:41:10.873+0000] {processor.py:176} INFO - Processing /home/airflow/.local/lib/python3.7/site-packages/airflow/example_dags/example_kubernetes_executor.py took 0.354 seconds
[2025-02-13T17:41:41.185+0000] {processor.py:154} INFO - Started process (PID=5754) to work on /home/airflow/.local/lib/python3.7/site-packages/airflow/example_dags/example_kubernetes_executor.py
[2025-02-13T17:41:41.186+0000] {processor.py:756} INFO - Processing file /home/airflow/.local/lib/python3.7/site-packages/airflow/example_dags/example_kubernetes_executor.py for tasks to queue
[2025-02-13T17:41:41.188+0000] {logging_mixin.py:137} INFO - [2025-02-13T17:41:41.188+0000] {dagbag.py:537} INFO - Filling up the DagBag from /home/airflow/.local/lib/python3.7/site-packages/airflow/example_dags/example_kubernetes_executor.py
[2025-02-13T17:41:41.227+0000] {processor.py:766} INFO - DAG(s) dict_keys(['example_kubernetes_executor']) retrieved from /home/airflow/.local/lib/python3.7/site-packages/airflow/example_dags/example_kubernetes_executor.py
[2025-02-13T17:41:41.290+0000] {logging_mixin.py:137} INFO - [2025-02-13T17:41:41.290+0000] {dag.py:2585} INFO - Sync 1 DAGs
[2025-02-13T17:41:41.329+0000] {logging_mixin.py:137} INFO - [2025-02-13T17:41:41.329+0000] {dag.py:3340} INFO - Setting next_dagrun for example_kubernetes_executor to None, run_after=None
[2025-02-13T17:41:41.376+0000] {processor.py:176} INFO - Processing /home/airflow/.local/lib/python3.7/site-packages/airflow/example_dags/example_kubernetes_executor.py took 0.195 seconds
[2025-02-13T17:42:11.752+0000] {processor.py:154} INFO - Started process (PID=5936) to work on /home/airflow/.local/lib/python3.7/site-packages/airflow/example_dags/example_kubernetes_executor.py
[2025-02-13T17:42:11.754+0000] {processor.py:756} INFO - Processing file /home/airflow/.local/lib/python3.7/site-packages/airflow/example_dags/example_kubernetes_executor.py for tasks to queue
[2025-02-13T17:42:11.755+0000] {logging_mixin.py:137} INFO - [2025-02-13T17:42:11.755+0000] {dagbag.py:537} INFO - Filling up the DagBag from /home/airflow/.local/lib/python3.7/site-packages/airflow/example_dags/example_kubernetes_executor.py
[2025-02-13T17:42:11.799+0000] {processor.py:766} INFO - DAG(s) dict_keys(['example_kubernetes_executor']) retrieved from /home/airflow/.local/lib/python3.7/site-packages/airflow/example_dags/example_kubernetes_executor.py
[2025-02-13T17:42:11.875+0000] {logging_mixin.py:137} INFO - [2025-02-13T17:42:11.875+0000] {dag.py:2585} INFO - Sync 1 DAGs
[2025-02-13T17:42:11.920+0000] {logging_mixin.py:137} INFO - [2025-02-13T17:42:11.920+0000] {dag.py:3340} INFO - Setting next_dagrun for example_kubernetes_executor to None, run_after=None
[2025-02-13T17:42:11.952+0000] {processor.py:176} INFO - Processing /home/airflow/.local/lib/python3.7/site-packages/airflow/example_dags/example_kubernetes_executor.py took 0.205 seconds
[2025-02-13T17:42:42.387+0000] {processor.py:154} INFO - Started process (PID=6114) to work on /home/airflow/.local/lib/python3.7/site-packages/airflow/example_dags/example_kubernetes_executor.py
[2025-02-13T17:42:42.389+0000] {processor.py:756} INFO - Processing file /home/airflow/.local/lib/python3.7/site-packages/airflow/example_dags/example_kubernetes_executor.py for tasks to queue
[2025-02-13T17:42:42.390+0000] {logging_mixin.py:137} INFO - [2025-02-13T17:42:42.390+0000] {dagbag.py:537} INFO - Filling up the DagBag from /home/airflow/.local/lib/python3.7/site-packages/airflow/example_dags/example_kubernetes_executor.py
[2025-02-13T17:42:42.443+0000] {processor.py:766} INFO - DAG(s) dict_keys(['example_kubernetes_executor']) retrieved from /home/airflow/.local/lib/python3.7/site-packages/airflow/example_dags/example_kubernetes_executor.py
[2025-02-13T17:42:42.510+0000] {logging_mixin.py:137} INFO - [2025-02-13T17:42:42.509+0000] {dag.py:2585} INFO - Sync 1 DAGs
[2025-02-13T17:42:42.549+0000] {logging_mixin.py:137} INFO - [2025-02-13T17:42:42.548+0000] {dag.py:3340} INFO - Setting next_dagrun for example_kubernetes_executor to None, run_after=None
[2025-02-13T17:42:42.587+0000] {processor.py:176} INFO - Processing /home/airflow/.local/lib/python3.7/site-packages/airflow/example_dags/example_kubernetes_executor.py took 0.205 seconds
[2025-02-13T17:43:13.155+0000] {processor.py:154} INFO - Started process (PID=6294) to work on /home/airflow/.local/lib/python3.7/site-packages/airflow/example_dags/example_kubernetes_executor.py
[2025-02-13T17:43:13.157+0000] {processor.py:756} INFO - Processing file /home/airflow/.local/lib/python3.7/site-packages/airflow/example_dags/example_kubernetes_executor.py for tasks to queue
[2025-02-13T17:43:13.159+0000] {logging_mixin.py:137} INFO - [2025-02-13T17:43:13.158+0000] {dagbag.py:537} INFO - Filling up the DagBag from /home/airflow/.local/lib/python3.7/site-packages/airflow/example_dags/example_kubernetes_executor.py
[2025-02-13T17:43:13.213+0000] {processor.py:766} INFO - DAG(s) dict_keys(['example_kubernetes_executor']) retrieved from /home/airflow/.local/lib/python3.7/site-packages/airflow/example_dags/example_kubernetes_executor.py
[2025-02-13T17:43:13.292+0000] {logging_mixin.py:137} INFO - [2025-02-13T17:43:13.292+0000] {dag.py:2585} INFO - Sync 1 DAGs
[2025-02-13T17:43:13.336+0000] {logging_mixin.py:137} INFO - [2025-02-13T17:43:13.336+0000] {dag.py:3340} INFO - Setting next_dagrun for example_kubernetes_executor to None, run_after=None
[2025-02-13T17:43:13.376+0000] {processor.py:176} INFO - Processing /home/airflow/.local/lib/python3.7/site-packages/airflow/example_dags/example_kubernetes_executor.py took 0.226 seconds
[2025-02-13T17:43:43.741+0000] {processor.py:154} INFO - Started process (PID=6474) to work on /home/airflow/.local/lib/python3.7/site-packages/airflow/example_dags/example_kubernetes_executor.py
[2025-02-13T17:43:43.743+0000] {processor.py:756} INFO - Processing file /home/airflow/.local/lib/python3.7/site-packages/airflow/example_dags/example_kubernetes_executor.py for tasks to queue
[2025-02-13T17:43:43.745+0000] {logging_mixin.py:137} INFO - [2025-02-13T17:43:43.745+0000] {dagbag.py:537} INFO - Filling up the DagBag from /home/airflow/.local/lib/python3.7/site-packages/airflow/example_dags/example_kubernetes_executor.py
[2025-02-13T17:43:43.791+0000] {processor.py:766} INFO - DAG(s) dict_keys(['example_kubernetes_executor']) retrieved from /home/airflow/.local/lib/python3.7/site-packages/airflow/example_dags/example_kubernetes_executor.py
[2025-02-13T17:43:43.860+0000] {logging_mixin.py:137} INFO - [2025-02-13T17:43:43.859+0000] {dag.py:2585} INFO - Sync 1 DAGs
[2025-02-13T17:43:43.902+0000] {logging_mixin.py:137} INFO - [2025-02-13T17:43:43.902+0000] {dag.py:3340} INFO - Setting next_dagrun for example_kubernetes_executor to None, run_after=None
[2025-02-13T17:43:43.942+0000] {processor.py:176} INFO - Processing /home/airflow/.local/lib/python3.7/site-packages/airflow/example_dags/example_kubernetes_executor.py took 0.205 seconds
[2025-02-13T17:44:14.347+0000] {processor.py:154} INFO - Started process (PID=6656) to work on /home/airflow/.local/lib/python3.7/site-packages/airflow/example_dags/example_kubernetes_executor.py
[2025-02-13T17:44:14.349+0000] {processor.py:756} INFO - Processing file /home/airflow/.local/lib/python3.7/site-packages/airflow/example_dags/example_kubernetes_executor.py for tasks to queue
[2025-02-13T17:44:14.351+0000] {logging_mixin.py:137} INFO - [2025-02-13T17:44:14.350+0000] {dagbag.py:537} INFO - Filling up the DagBag from /home/airflow/.local/lib/python3.7/site-packages/airflow/example_dags/example_kubernetes_executor.py
[2025-02-13T17:44:14.401+0000] {processor.py:766} INFO - DAG(s) dict_keys(['example_kubernetes_executor']) retrieved from /home/airflow/.local/lib/python3.7/site-packages/airflow/example_dags/example_kubernetes_executor.py
[2025-02-13T17:44:14.470+0000] {logging_mixin.py:137} INFO - [2025-02-13T17:44:14.470+0000] {dag.py:2585} INFO - Sync 1 DAGs
[2025-02-13T17:44:14.515+0000] {logging_mixin.py:137} INFO - [2025-02-13T17:44:14.515+0000] {dag.py:3340} INFO - Setting next_dagrun for example_kubernetes_executor to None, run_after=None
[2025-02-13T17:44:14.556+0000] {processor.py:176} INFO - Processing /home/airflow/.local/lib/python3.7/site-packages/airflow/example_dags/example_kubernetes_executor.py took 0.213 seconds
[2025-02-13T17:44:45.035+0000] {processor.py:154} INFO - Started process (PID=6834) to work on /home/airflow/.local/lib/python3.7/site-packages/airflow/example_dags/example_kubernetes_executor.py
[2025-02-13T17:44:45.037+0000] {processor.py:756} INFO - Processing file /home/airflow/.local/lib/python3.7/site-packages/airflow/example_dags/example_kubernetes_executor.py for tasks to queue
[2025-02-13T17:44:45.039+0000] {logging_mixin.py:137} INFO - [2025-02-13T17:44:45.039+0000] {dagbag.py:537} INFO - Filling up the DagBag from /home/airflow/.local/lib/python3.7/site-packages/airflow/example_dags/example_kubernetes_executor.py
[2025-02-13T17:44:45.089+0000] {processor.py:766} INFO - DAG(s) dict_keys(['example_kubernetes_executor']) retrieved from /home/airflow/.local/lib/python3.7/site-packages/airflow/example_dags/example_kubernetes_executor.py
[2025-02-13T17:44:45.162+0000] {logging_mixin.py:137} INFO - [2025-02-13T17:44:45.162+0000] {dag.py:2585} INFO - Sync 1 DAGs
[2025-02-13T17:44:45.207+0000] {logging_mixin.py:137} INFO - [2025-02-13T17:44:45.207+0000] {dag.py:3340} INFO - Setting next_dagrun for example_kubernetes_executor to None, run_after=None
[2025-02-13T17:44:45.245+0000] {processor.py:176} INFO - Processing /home/airflow/.local/lib/python3.7/site-packages/airflow/example_dags/example_kubernetes_executor.py took 0.215 seconds
[2025-02-13T17:45:15.766+0000] {processor.py:154} INFO - Started process (PID=7016) to work on /home/airflow/.local/lib/python3.7/site-packages/airflow/example_dags/example_kubernetes_executor.py
[2025-02-13T17:45:15.769+0000] {processor.py:756} INFO - Processing file /home/airflow/.local/lib/python3.7/site-packages/airflow/example_dags/example_kubernetes_executor.py for tasks to queue
[2025-02-13T17:45:15.770+0000] {logging_mixin.py:137} INFO - [2025-02-13T17:45:15.770+0000] {dagbag.py:537} INFO - Filling up the DagBag from /home/airflow/.local/lib/python3.7/site-packages/airflow/example_dags/example_kubernetes_executor.py
[2025-02-13T17:45:15.815+0000] {processor.py:766} INFO - DAG(s) dict_keys(['example_kubernetes_executor']) retrieved from /home/airflow/.local/lib/python3.7/site-packages/airflow/example_dags/example_kubernetes_executor.py
[2025-02-13T17:45:15.874+0000] {logging_mixin.py:137} INFO - [2025-02-13T17:45:15.874+0000] {dag.py:2585} INFO - Sync 1 DAGs
[2025-02-13T17:45:15.912+0000] {logging_mixin.py:137} INFO - [2025-02-13T17:45:15.912+0000] {dag.py:3340} INFO - Setting next_dagrun for example_kubernetes_executor to None, run_after=None
[2025-02-13T17:45:15.944+0000] {processor.py:176} INFO - Processing /home/airflow/.local/lib/python3.7/site-packages/airflow/example_dags/example_kubernetes_executor.py took 0.184 seconds
[2025-02-13T17:45:46.321+0000] {processor.py:154} INFO - Started process (PID=7196) to work on /home/airflow/.local/lib/python3.7/site-packages/airflow/example_dags/example_kubernetes_executor.py
[2025-02-13T17:45:46.323+0000] {processor.py:756} INFO - Processing file /home/airflow/.local/lib/python3.7/site-packages/airflow/example_dags/example_kubernetes_executor.py for tasks to queue
[2025-02-13T17:45:46.324+0000] {logging_mixin.py:137} INFO - [2025-02-13T17:45:46.324+0000] {dagbag.py:537} INFO - Filling up the DagBag from /home/airflow/.local/lib/python3.7/site-packages/airflow/example_dags/example_kubernetes_executor.py
[2025-02-13T17:45:46.370+0000] {processor.py:766} INFO - DAG(s) dict_keys(['example_kubernetes_executor']) retrieved from /home/airflow/.local/lib/python3.7/site-packages/airflow/example_dags/example_kubernetes_executor.py
[2025-02-13T17:45:46.448+0000] {logging_mixin.py:137} INFO - [2025-02-13T17:45:46.447+0000] {dag.py:2585} INFO - Sync 1 DAGs
[2025-02-13T17:45:46.495+0000] {logging_mixin.py:137} INFO - [2025-02-13T17:45:46.495+0000] {dag.py:3340} INFO - Setting next_dagrun for example_kubernetes_executor to None, run_after=None
[2025-02-13T17:45:46.534+0000] {processor.py:176} INFO - Processing /home/airflow/.local/lib/python3.7/site-packages/airflow/example_dags/example_kubernetes_executor.py took 0.218 seconds
[2025-02-13T17:46:16.869+0000] {processor.py:154} INFO - Started process (PID=7376) to work on /home/airflow/.local/lib/python3.7/site-packages/airflow/example_dags/example_kubernetes_executor.py
[2025-02-13T17:46:16.871+0000] {processor.py:756} INFO - Processing file /home/airflow/.local/lib/python3.7/site-packages/airflow/example_dags/example_kubernetes_executor.py for tasks to queue
[2025-02-13T17:46:16.874+0000] {logging_mixin.py:137} INFO - [2025-02-13T17:46:16.874+0000] {dagbag.py:537} INFO - Filling up the DagBag from /home/airflow/.local/lib/python3.7/site-packages/airflow/example_dags/example_kubernetes_executor.py
[2025-02-13T17:46:16.914+0000] {processor.py:766} INFO - DAG(s) dict_keys(['example_kubernetes_executor']) retrieved from /home/airflow/.local/lib/python3.7/site-packages/airflow/example_dags/example_kubernetes_executor.py
[2025-02-13T17:46:16.985+0000] {logging_mixin.py:137} INFO - [2025-02-13T17:46:16.985+0000] {dag.py:2585} INFO - Sync 1 DAGs
[2025-02-13T17:46:17.044+0000] {logging_mixin.py:137} INFO - [2025-02-13T17:46:17.044+0000] {dag.py:3340} INFO - Setting next_dagrun for example_kubernetes_executor to None, run_after=None
[2025-02-13T17:46:17.107+0000] {processor.py:176} INFO - Processing /home/airflow/.local/lib/python3.7/site-packages/airflow/example_dags/example_kubernetes_executor.py took 0.243 seconds
[2025-02-13T17:47:33.685+0000] {processor.py:154} INFO - Started process (PID=173) to work on /home/airflow/.local/lib/python3.7/site-packages/airflow/example_dags/example_kubernetes_executor.py
[2025-02-13T17:47:33.688+0000] {processor.py:756} INFO - Processing file /home/airflow/.local/lib/python3.7/site-packages/airflow/example_dags/example_kubernetes_executor.py for tasks to queue
[2025-02-13T17:47:33.691+0000] {logging_mixin.py:137} INFO - [2025-02-13T17:47:33.690+0000] {dagbag.py:537} INFO - Filling up the DagBag from /home/airflow/.local/lib/python3.7/site-packages/airflow/example_dags/example_kubernetes_executor.py
[2025-02-13T17:47:33.749+0000] {processor.py:766} INFO - DAG(s) dict_keys(['example_kubernetes_executor']) retrieved from /home/airflow/.local/lib/python3.7/site-packages/airflow/example_dags/example_kubernetes_executor.py
[2025-02-13T17:47:33.862+0000] {logging_mixin.py:137} INFO - [2025-02-13T17:47:33.862+0000] {dag.py:2585} INFO - Sync 1 DAGs
[2025-02-13T17:47:33.929+0000] {logging_mixin.py:137} INFO - [2025-02-13T17:47:33.928+0000] {dag.py:3340} INFO - Setting next_dagrun for example_kubernetes_executor to None, run_after=None
[2025-02-13T17:47:33.983+0000] {processor.py:176} INFO - Processing /home/airflow/.local/lib/python3.7/site-packages/airflow/example_dags/example_kubernetes_executor.py took 0.307 seconds
[2025-02-13T17:48:04.051+0000] {processor.py:154} INFO - Started process (PID=351) to work on /home/airflow/.local/lib/python3.7/site-packages/airflow/example_dags/example_kubernetes_executor.py
[2025-02-13T17:48:04.053+0000] {processor.py:756} INFO - Processing file /home/airflow/.local/lib/python3.7/site-packages/airflow/example_dags/example_kubernetes_executor.py for tasks to queue
[2025-02-13T17:48:04.055+0000] {logging_mixin.py:137} INFO - [2025-02-13T17:48:04.055+0000] {dagbag.py:537} INFO - Filling up the DagBag from /home/airflow/.local/lib/python3.7/site-packages/airflow/example_dags/example_kubernetes_executor.py
[2025-02-13T17:48:04.120+0000] {processor.py:766} INFO - DAG(s) dict_keys(['example_kubernetes_executor']) retrieved from /home/airflow/.local/lib/python3.7/site-packages/airflow/example_dags/example_kubernetes_executor.py
[2025-02-13T17:48:04.188+0000] {logging_mixin.py:137} INFO - [2025-02-13T17:48:04.187+0000] {dag.py:2585} INFO - Sync 1 DAGs
[2025-02-13T17:48:04.236+0000] {logging_mixin.py:137} INFO - [2025-02-13T17:48:04.236+0000] {dag.py:3340} INFO - Setting next_dagrun for example_kubernetes_executor to None, run_after=None
[2025-02-13T17:48:04.300+0000] {processor.py:176} INFO - Processing /home/airflow/.local/lib/python3.7/site-packages/airflow/example_dags/example_kubernetes_executor.py took 0.254 seconds
[2025-02-13T17:48:34.364+0000] {processor.py:154} INFO - Started process (PID=533) to work on /home/airflow/.local/lib/python3.7/site-packages/airflow/example_dags/example_kubernetes_executor.py
[2025-02-13T17:48:34.366+0000] {processor.py:756} INFO - Processing file /home/airflow/.local/lib/python3.7/site-packages/airflow/example_dags/example_kubernetes_executor.py for tasks to queue
[2025-02-13T17:48:34.368+0000] {logging_mixin.py:137} INFO - [2025-02-13T17:48:34.368+0000] {dagbag.py:537} INFO - Filling up the DagBag from /home/airflow/.local/lib/python3.7/site-packages/airflow/example_dags/example_kubernetes_executor.py
[2025-02-13T17:48:34.406+0000] {processor.py:766} INFO - DAG(s) dict_keys(['example_kubernetes_executor']) retrieved from /home/airflow/.local/lib/python3.7/site-packages/airflow/example_dags/example_kubernetes_executor.py
[2025-02-13T17:48:34.478+0000] {logging_mixin.py:137} INFO - [2025-02-13T17:48:34.478+0000] {dag.py:2585} INFO - Sync 1 DAGs
[2025-02-13T17:48:34.515+0000] {logging_mixin.py:137} INFO - [2025-02-13T17:48:34.515+0000] {dag.py:3340} INFO - Setting next_dagrun for example_kubernetes_executor to None, run_after=None
[2025-02-13T17:48:34.554+0000] {processor.py:176} INFO - Processing /home/airflow/.local/lib/python3.7/site-packages/airflow/example_dags/example_kubernetes_executor.py took 0.194 seconds
[2025-02-13T17:49:04.908+0000] {processor.py:154} INFO - Started process (PID=712) to work on /home/airflow/.local/lib/python3.7/site-packages/airflow/example_dags/example_kubernetes_executor.py
[2025-02-13T17:49:04.909+0000] {processor.py:756} INFO - Processing file /home/airflow/.local/lib/python3.7/site-packages/airflow/example_dags/example_kubernetes_executor.py for tasks to queue
[2025-02-13T17:49:04.911+0000] {logging_mixin.py:137} INFO - [2025-02-13T17:49:04.910+0000] {dagbag.py:537} INFO - Filling up the DagBag from /home/airflow/.local/lib/python3.7/site-packages/airflow/example_dags/example_kubernetes_executor.py
[2025-02-13T17:49:04.951+0000] {processor.py:766} INFO - DAG(s) dict_keys(['example_kubernetes_executor']) retrieved from /home/airflow/.local/lib/python3.7/site-packages/airflow/example_dags/example_kubernetes_executor.py
[2025-02-13T17:49:05.005+0000] {logging_mixin.py:137} INFO - [2025-02-13T17:49:05.005+0000] {dag.py:2585} INFO - Sync 1 DAGs
[2025-02-13T17:49:05.040+0000] {logging_mixin.py:137} INFO - [2025-02-13T17:49:05.040+0000] {dag.py:3340} INFO - Setting next_dagrun for example_kubernetes_executor to None, run_after=None
[2025-02-13T17:49:05.071+0000] {processor.py:176} INFO - Processing /home/airflow/.local/lib/python3.7/site-packages/airflow/example_dags/example_kubernetes_executor.py took 0.168 seconds
[2025-02-13T17:49:35.957+0000] {processor.py:154} INFO - Started process (PID=892) to work on /home/airflow/.local/lib/python3.7/site-packages/airflow/example_dags/example_kubernetes_executor.py
[2025-02-13T17:49:35.958+0000] {processor.py:756} INFO - Processing file /home/airflow/.local/lib/python3.7/site-packages/airflow/example_dags/example_kubernetes_executor.py for tasks to queue
[2025-02-13T17:49:35.960+0000] {logging_mixin.py:137} INFO - [2025-02-13T17:49:35.959+0000] {dagbag.py:537} INFO - Filling up the DagBag from /home/airflow/.local/lib/python3.7/site-packages/airflow/example_dags/example_kubernetes_executor.py
[2025-02-13T17:49:36.003+0000] {processor.py:766} INFO - DAG(s) dict_keys(['example_kubernetes_executor']) retrieved from /home/airflow/.local/lib/python3.7/site-packages/airflow/example_dags/example_kubernetes_executor.py
[2025-02-13T17:49:36.065+0000] {logging_mixin.py:137} INFO - [2025-02-13T17:49:36.065+0000] {dag.py:2585} INFO - Sync 1 DAGs
[2025-02-13T17:49:36.098+0000] {logging_mixin.py:137} INFO - [2025-02-13T17:49:36.098+0000] {dag.py:3340} INFO - Setting next_dagrun for example_kubernetes_executor to None, run_after=None
[2025-02-13T17:49:36.132+0000] {processor.py:176} INFO - Processing /home/airflow/.local/lib/python3.7/site-packages/airflow/example_dags/example_kubernetes_executor.py took 0.181 seconds
[2025-02-13T17:50:06.379+0000] {processor.py:154} INFO - Started process (PID=1072) to work on /home/airflow/.local/lib/python3.7/site-packages/airflow/example_dags/example_kubernetes_executor.py
[2025-02-13T17:50:06.381+0000] {processor.py:756} INFO - Processing file /home/airflow/.local/lib/python3.7/site-packages/airflow/example_dags/example_kubernetes_executor.py for tasks to queue
[2025-02-13T17:50:06.382+0000] {logging_mixin.py:137} INFO - [2025-02-13T17:50:06.382+0000] {dagbag.py:537} INFO - Filling up the DagBag from /home/airflow/.local/lib/python3.7/site-packages/airflow/example_dags/example_kubernetes_executor.py
[2025-02-13T17:50:06.423+0000] {processor.py:766} INFO - DAG(s) dict_keys(['example_kubernetes_executor']) retrieved from /home/airflow/.local/lib/python3.7/site-packages/airflow/example_dags/example_kubernetes_executor.py
[2025-02-13T17:50:06.490+0000] {logging_mixin.py:137} INFO - [2025-02-13T17:50:06.490+0000] {dag.py:2585} INFO - Sync 1 DAGs
[2025-02-13T17:50:06.525+0000] {logging_mixin.py:137} INFO - [2025-02-13T17:50:06.524+0000] {dag.py:3340} INFO - Setting next_dagrun for example_kubernetes_executor to None, run_after=None
[2025-02-13T17:50:06.556+0000] {processor.py:176} INFO - Processing /home/airflow/.local/lib/python3.7/site-packages/airflow/example_dags/example_kubernetes_executor.py took 0.181 seconds
[2025-02-13T17:50:36.793+0000] {processor.py:154} INFO - Started process (PID=1252) to work on /home/airflow/.local/lib/python3.7/site-packages/airflow/example_dags/example_kubernetes_executor.py
[2025-02-13T17:50:36.795+0000] {processor.py:756} INFO - Processing file /home/airflow/.local/lib/python3.7/site-packages/airflow/example_dags/example_kubernetes_executor.py for tasks to queue
[2025-02-13T17:50:36.796+0000] {logging_mixin.py:137} INFO - [2025-02-13T17:50:36.796+0000] {dagbag.py:537} INFO - Filling up the DagBag from /home/airflow/.local/lib/python3.7/site-packages/airflow/example_dags/example_kubernetes_executor.py
[2025-02-13T17:50:36.835+0000] {processor.py:766} INFO - DAG(s) dict_keys(['example_kubernetes_executor']) retrieved from /home/airflow/.local/lib/python3.7/site-packages/airflow/example_dags/example_kubernetes_executor.py
[2025-02-13T17:50:36.896+0000] {logging_mixin.py:137} INFO - [2025-02-13T17:50:36.896+0000] {dag.py:2585} INFO - Sync 1 DAGs
[2025-02-13T17:50:36.932+0000] {logging_mixin.py:137} INFO - [2025-02-13T17:50:36.932+0000] {dag.py:3340} INFO - Setting next_dagrun for example_kubernetes_executor to None, run_after=None
[2025-02-13T17:50:36.960+0000] {processor.py:176} INFO - Processing /home/airflow/.local/lib/python3.7/site-packages/airflow/example_dags/example_kubernetes_executor.py took 0.172 seconds
[2025-02-13T17:51:07.858+0000] {processor.py:154} INFO - Started process (PID=1432) to work on /home/airflow/.local/lib/python3.7/site-packages/airflow/example_dags/example_kubernetes_executor.py
[2025-02-13T17:51:07.860+0000] {processor.py:756} INFO - Processing file /home/airflow/.local/lib/python3.7/site-packages/airflow/example_dags/example_kubernetes_executor.py for tasks to queue
[2025-02-13T17:51:07.861+0000] {logging_mixin.py:137} INFO - [2025-02-13T17:51:07.861+0000] {dagbag.py:537} INFO - Filling up the DagBag from /home/airflow/.local/lib/python3.7/site-packages/airflow/example_dags/example_kubernetes_executor.py
[2025-02-13T17:51:07.897+0000] {processor.py:766} INFO - DAG(s) dict_keys(['example_kubernetes_executor']) retrieved from /home/airflow/.local/lib/python3.7/site-packages/airflow/example_dags/example_kubernetes_executor.py
[2025-02-13T17:51:07.965+0000] {logging_mixin.py:137} INFO - [2025-02-13T17:51:07.965+0000] {dag.py:2585} INFO - Sync 1 DAGs
[2025-02-13T17:51:07.999+0000] {logging_mixin.py:137} INFO - [2025-02-13T17:51:07.998+0000] {dag.py:3340} INFO - Setting next_dagrun for example_kubernetes_executor to None, run_after=None
[2025-02-13T17:51:08.038+0000] {processor.py:176} INFO - Processing /home/airflow/.local/lib/python3.7/site-packages/airflow/example_dags/example_kubernetes_executor.py took 0.184 seconds
[2025-02-13T17:51:38.179+0000] {processor.py:154} INFO - Started process (PID=1612) to work on /home/airflow/.local/lib/python3.7/site-packages/airflow/example_dags/example_kubernetes_executor.py
[2025-02-13T17:51:38.181+0000] {processor.py:756} INFO - Processing file /home/airflow/.local/lib/python3.7/site-packages/airflow/example_dags/example_kubernetes_executor.py for tasks to queue
[2025-02-13T17:51:38.182+0000] {logging_mixin.py:137} INFO - [2025-02-13T17:51:38.182+0000] {dagbag.py:537} INFO - Filling up the DagBag from /home/airflow/.local/lib/python3.7/site-packages/airflow/example_dags/example_kubernetes_executor.py
[2025-02-13T17:51:38.227+0000] {processor.py:766} INFO - DAG(s) dict_keys(['example_kubernetes_executor']) retrieved from /home/airflow/.local/lib/python3.7/site-packages/airflow/example_dags/example_kubernetes_executor.py
[2025-02-13T17:51:38.321+0000] {logging_mixin.py:137} INFO - [2025-02-13T17:51:38.320+0000] {dag.py:2585} INFO - Sync 1 DAGs
[2025-02-13T17:51:38.361+0000] {logging_mixin.py:137} INFO - [2025-02-13T17:51:38.361+0000] {dag.py:3340} INFO - Setting next_dagrun for example_kubernetes_executor to None, run_after=None
[2025-02-13T17:51:38.395+0000] {processor.py:176} INFO - Processing /home/airflow/.local/lib/python3.7/site-packages/airflow/example_dags/example_kubernetes_executor.py took 0.221 seconds
