[2025-02-13T17:24:20.260+0000] {processor.py:154} INFO - Started process (PID=231) to work on /home/airflow/.local/lib/python3.7/site-packages/airflow/example_dags/example_branch_operator.py
[2025-02-13T17:24:20.263+0000] {processor.py:756} INFO - Processing file /home/airflow/.local/lib/python3.7/site-packages/airflow/example_dags/example_branch_operator.py for tasks to queue
[2025-02-13T17:24:20.266+0000] {logging_mixin.py:137} INFO - [2025-02-13T17:24:20.266+0000] {dagbag.py:537} INFO - Filling up the DagBag from /home/airflow/.local/lib/python3.7/site-packages/airflow/example_dags/example_branch_operator.py
[2025-02-13T17:24:20.308+0000] {processor.py:766} INFO - DAG(s) dict_keys(['example_branch_operator']) retrieved from /home/airflow/.local/lib/python3.7/site-packages/airflow/example_dags/example_branch_operator.py
[2025-02-13T17:24:20.672+0000] {logging_mixin.py:137} INFO - [2025-02-13T17:24:20.671+0000] {dag.py:2585} INFO - Sync 1 DAGs
[2025-02-13T17:24:20.740+0000] {logging_mixin.py:137} INFO - [2025-02-13T17:24:20.739+0000] {dag.py:3340} INFO - Setting next_dagrun for example_branch_operator to 2025-02-12T00:00:00+00:00, run_after=2025-02-13T00:00:00+00:00
[2025-02-13T17:24:20.801+0000] {processor.py:176} INFO - Processing /home/airflow/.local/lib/python3.7/site-packages/airflow/example_dags/example_branch_operator.py took 0.547 seconds
[2025-02-13T17:25:20.801+0000] {processor.py:154} INFO - Started process (PID=231) to work on /home/airflow/.local/lib/python3.7/site-packages/airflow/example_dags/example_branch_operator.py
[2025-02-13T17:25:20.805+0000] {processor.py:756} INFO - Processing file /home/airflow/.local/lib/python3.7/site-packages/airflow/example_dags/example_branch_operator.py for tasks to queue
[2025-02-13T17:25:20.809+0000] {logging_mixin.py:137} INFO - [2025-02-13T17:25:20.808+0000] {dagbag.py:537} INFO - Filling up the DagBag from /home/airflow/.local/lib/python3.7/site-packages/airflow/example_dags/example_branch_operator.py
[2025-02-13T17:25:20.861+0000] {processor.py:766} INFO - DAG(s) dict_keys(['example_branch_operator']) retrieved from /home/airflow/.local/lib/python3.7/site-packages/airflow/example_dags/example_branch_operator.py
[2025-02-13T17:25:20.961+0000] {logging_mixin.py:137} INFO - [2025-02-13T17:25:20.960+0000] {dag.py:2585} INFO - Sync 1 DAGs
[2025-02-13T17:25:21.052+0000] {logging_mixin.py:137} INFO - [2025-02-13T17:25:21.052+0000] {dag.py:3340} INFO - Setting next_dagrun for example_branch_operator to 2025-02-12T00:00:00+00:00, run_after=2025-02-13T00:00:00+00:00
[2025-02-13T17:25:21.133+0000] {processor.py:176} INFO - Processing /home/airflow/.local/lib/python3.7/site-packages/airflow/example_dags/example_branch_operator.py took 0.338 seconds
[2025-02-13T17:25:52.178+0000] {processor.py:154} INFO - Started process (PID=411) to work on /home/airflow/.local/lib/python3.7/site-packages/airflow/example_dags/example_branch_operator.py
[2025-02-13T17:25:52.185+0000] {processor.py:756} INFO - Processing file /home/airflow/.local/lib/python3.7/site-packages/airflow/example_dags/example_branch_operator.py for tasks to queue
[2025-02-13T17:25:52.191+0000] {logging_mixin.py:137} INFO - [2025-02-13T17:25:52.189+0000] {dagbag.py:537} INFO - Filling up the DagBag from /home/airflow/.local/lib/python3.7/site-packages/airflow/example_dags/example_branch_operator.py
[2025-02-13T17:25:52.310+0000] {processor.py:766} INFO - DAG(s) dict_keys(['example_branch_operator']) retrieved from /home/airflow/.local/lib/python3.7/site-packages/airflow/example_dags/example_branch_operator.py
[2025-02-13T17:25:52.493+0000] {logging_mixin.py:137} INFO - [2025-02-13T17:25:52.492+0000] {dag.py:2585} INFO - Sync 1 DAGs
[2025-02-13T17:25:52.598+0000] {logging_mixin.py:137} INFO - [2025-02-13T17:25:52.597+0000] {dag.py:3340} INFO - Setting next_dagrun for example_branch_operator to 2025-02-12T00:00:00+00:00, run_after=2025-02-13T00:00:00+00:00
[2025-02-13T17:25:52.680+0000] {processor.py:176} INFO - Processing /home/airflow/.local/lib/python3.7/site-packages/airflow/example_dags/example_branch_operator.py took 0.519 seconds
[2025-02-13T17:26:23.137+0000] {processor.py:154} INFO - Started process (PID=594) to work on /home/airflow/.local/lib/python3.7/site-packages/airflow/example_dags/example_branch_operator.py
[2025-02-13T17:26:23.141+0000] {processor.py:756} INFO - Processing file /home/airflow/.local/lib/python3.7/site-packages/airflow/example_dags/example_branch_operator.py for tasks to queue
[2025-02-13T17:26:23.146+0000] {logging_mixin.py:137} INFO - [2025-02-13T17:26:23.145+0000] {dagbag.py:537} INFO - Filling up the DagBag from /home/airflow/.local/lib/python3.7/site-packages/airflow/example_dags/example_branch_operator.py
[2025-02-13T17:26:23.188+0000] {processor.py:766} INFO - DAG(s) dict_keys(['example_branch_operator']) retrieved from /home/airflow/.local/lib/python3.7/site-packages/airflow/example_dags/example_branch_operator.py
[2025-02-13T17:26:23.301+0000] {logging_mixin.py:137} INFO - [2025-02-13T17:26:23.300+0000] {dag.py:2585} INFO - Sync 1 DAGs
[2025-02-13T17:26:23.371+0000] {logging_mixin.py:137} INFO - [2025-02-13T17:26:23.371+0000] {dag.py:3340} INFO - Setting next_dagrun for example_branch_operator to 2025-02-12T00:00:00+00:00, run_after=2025-02-13T00:00:00+00:00
[2025-02-13T17:26:23.437+0000] {processor.py:176} INFO - Processing /home/airflow/.local/lib/python3.7/site-packages/airflow/example_dags/example_branch_operator.py took 0.308 seconds
[2025-02-13T17:26:53.754+0000] {processor.py:154} INFO - Started process (PID=774) to work on /home/airflow/.local/lib/python3.7/site-packages/airflow/example_dags/example_branch_operator.py
[2025-02-13T17:26:53.758+0000] {processor.py:756} INFO - Processing file /home/airflow/.local/lib/python3.7/site-packages/airflow/example_dags/example_branch_operator.py for tasks to queue
[2025-02-13T17:26:53.761+0000] {logging_mixin.py:137} INFO - [2025-02-13T17:26:53.760+0000] {dagbag.py:537} INFO - Filling up the DagBag from /home/airflow/.local/lib/python3.7/site-packages/airflow/example_dags/example_branch_operator.py
[2025-02-13T17:26:53.797+0000] {processor.py:766} INFO - DAG(s) dict_keys(['example_branch_operator']) retrieved from /home/airflow/.local/lib/python3.7/site-packages/airflow/example_dags/example_branch_operator.py
[2025-02-13T17:26:53.841+0000] {logging_mixin.py:137} INFO - [2025-02-13T17:26:53.840+0000] {dag.py:2585} INFO - Sync 1 DAGs
[2025-02-13T17:26:53.908+0000] {logging_mixin.py:137} INFO - [2025-02-13T17:26:53.908+0000] {dag.py:3340} INFO - Setting next_dagrun for example_branch_operator to 2025-02-12T00:00:00+00:00, run_after=2025-02-13T00:00:00+00:00
[2025-02-13T17:26:53.951+0000] {processor.py:176} INFO - Processing /home/airflow/.local/lib/python3.7/site-packages/airflow/example_dags/example_branch_operator.py took 0.207 seconds
[2025-02-13T17:27:24.200+0000] {processor.py:154} INFO - Started process (PID=952) to work on /home/airflow/.local/lib/python3.7/site-packages/airflow/example_dags/example_branch_operator.py
[2025-02-13T17:27:24.202+0000] {processor.py:756} INFO - Processing file /home/airflow/.local/lib/python3.7/site-packages/airflow/example_dags/example_branch_operator.py for tasks to queue
[2025-02-13T17:27:24.205+0000] {logging_mixin.py:137} INFO - [2025-02-13T17:27:24.204+0000] {dagbag.py:537} INFO - Filling up the DagBag from /home/airflow/.local/lib/python3.7/site-packages/airflow/example_dags/example_branch_operator.py
[2025-02-13T17:27:24.237+0000] {processor.py:766} INFO - DAG(s) dict_keys(['example_branch_operator']) retrieved from /home/airflow/.local/lib/python3.7/site-packages/airflow/example_dags/example_branch_operator.py
[2025-02-13T17:27:24.290+0000] {logging_mixin.py:137} INFO - [2025-02-13T17:27:24.290+0000] {dag.py:2585} INFO - Sync 1 DAGs
[2025-02-13T17:27:24.379+0000] {logging_mixin.py:137} INFO - [2025-02-13T17:27:24.378+0000] {dag.py:3340} INFO - Setting next_dagrun for example_branch_operator to 2025-02-12T00:00:00+00:00, run_after=2025-02-13T00:00:00+00:00
[2025-02-13T17:27:24.455+0000] {processor.py:176} INFO - Processing /home/airflow/.local/lib/python3.7/site-packages/airflow/example_dags/example_branch_operator.py took 0.260 seconds
[2025-02-13T17:27:54.660+0000] {processor.py:154} INFO - Started process (PID=1132) to work on /home/airflow/.local/lib/python3.7/site-packages/airflow/example_dags/example_branch_operator.py
[2025-02-13T17:27:54.662+0000] {processor.py:756} INFO - Processing file /home/airflow/.local/lib/python3.7/site-packages/airflow/example_dags/example_branch_operator.py for tasks to queue
[2025-02-13T17:27:54.665+0000] {logging_mixin.py:137} INFO - [2025-02-13T17:27:54.665+0000] {dagbag.py:537} INFO - Filling up the DagBag from /home/airflow/.local/lib/python3.7/site-packages/airflow/example_dags/example_branch_operator.py
[2025-02-13T17:27:54.693+0000] {processor.py:766} INFO - DAG(s) dict_keys(['example_branch_operator']) retrieved from /home/airflow/.local/lib/python3.7/site-packages/airflow/example_dags/example_branch_operator.py
[2025-02-13T17:27:54.766+0000] {logging_mixin.py:137} INFO - [2025-02-13T17:27:54.765+0000] {dag.py:2585} INFO - Sync 1 DAGs
[2025-02-13T17:27:54.845+0000] {logging_mixin.py:137} INFO - [2025-02-13T17:27:54.845+0000] {dag.py:3340} INFO - Setting next_dagrun for example_branch_operator to 2025-02-12T00:00:00+00:00, run_after=2025-02-13T00:00:00+00:00
[2025-02-13T17:27:54.894+0000] {processor.py:176} INFO - Processing /home/airflow/.local/lib/python3.7/site-packages/airflow/example_dags/example_branch_operator.py took 0.241 seconds
[2025-02-13T17:28:25.372+0000] {processor.py:154} INFO - Started process (PID=1312) to work on /home/airflow/.local/lib/python3.7/site-packages/airflow/example_dags/example_branch_operator.py
[2025-02-13T17:28:25.374+0000] {processor.py:756} INFO - Processing file /home/airflow/.local/lib/python3.7/site-packages/airflow/example_dags/example_branch_operator.py for tasks to queue
[2025-02-13T17:28:25.375+0000] {logging_mixin.py:137} INFO - [2025-02-13T17:28:25.375+0000] {dagbag.py:537} INFO - Filling up the DagBag from /home/airflow/.local/lib/python3.7/site-packages/airflow/example_dags/example_branch_operator.py
[2025-02-13T17:28:25.399+0000] {processor.py:766} INFO - DAG(s) dict_keys(['example_branch_operator']) retrieved from /home/airflow/.local/lib/python3.7/site-packages/airflow/example_dags/example_branch_operator.py
[2025-02-13T17:28:25.442+0000] {logging_mixin.py:137} INFO - [2025-02-13T17:28:25.442+0000] {dag.py:2585} INFO - Sync 1 DAGs
[2025-02-13T17:28:25.518+0000] {logging_mixin.py:137} INFO - [2025-02-13T17:28:25.518+0000] {dag.py:3340} INFO - Setting next_dagrun for example_branch_operator to 2025-02-12T00:00:00+00:00, run_after=2025-02-13T00:00:00+00:00
[2025-02-13T17:28:25.594+0000] {processor.py:176} INFO - Processing /home/airflow/.local/lib/python3.7/site-packages/airflow/example_dags/example_branch_operator.py took 0.228 seconds
[2025-02-13T17:28:56.566+0000] {processor.py:154} INFO - Started process (PID=1494) to work on /home/airflow/.local/lib/python3.7/site-packages/airflow/example_dags/example_branch_operator.py
[2025-02-13T17:28:56.568+0000] {processor.py:756} INFO - Processing file /home/airflow/.local/lib/python3.7/site-packages/airflow/example_dags/example_branch_operator.py for tasks to queue
[2025-02-13T17:28:56.570+0000] {logging_mixin.py:137} INFO - [2025-02-13T17:28:56.570+0000] {dagbag.py:537} INFO - Filling up the DagBag from /home/airflow/.local/lib/python3.7/site-packages/airflow/example_dags/example_branch_operator.py
[2025-02-13T17:28:56.607+0000] {processor.py:766} INFO - DAG(s) dict_keys(['example_branch_operator']) retrieved from /home/airflow/.local/lib/python3.7/site-packages/airflow/example_dags/example_branch_operator.py
[2025-02-13T17:28:56.674+0000] {logging_mixin.py:137} INFO - [2025-02-13T17:28:56.674+0000] {dag.py:2585} INFO - Sync 1 DAGs
[2025-02-13T17:28:56.733+0000] {logging_mixin.py:137} INFO - [2025-02-13T17:28:56.732+0000] {dag.py:3340} INFO - Setting next_dagrun for example_branch_operator to 2025-02-12T00:00:00+00:00, run_after=2025-02-13T00:00:00+00:00
[2025-02-13T17:28:56.784+0000] {processor.py:176} INFO - Processing /home/airflow/.local/lib/python3.7/site-packages/airflow/example_dags/example_branch_operator.py took 0.224 seconds
[2025-02-13T17:29:26.964+0000] {processor.py:154} INFO - Started process (PID=1674) to work on /home/airflow/.local/lib/python3.7/site-packages/airflow/example_dags/example_branch_operator.py
[2025-02-13T17:29:26.967+0000] {processor.py:756} INFO - Processing file /home/airflow/.local/lib/python3.7/site-packages/airflow/example_dags/example_branch_operator.py for tasks to queue
[2025-02-13T17:29:26.968+0000] {logging_mixin.py:137} INFO - [2025-02-13T17:29:26.968+0000] {dagbag.py:537} INFO - Filling up the DagBag from /home/airflow/.local/lib/python3.7/site-packages/airflow/example_dags/example_branch_operator.py
[2025-02-13T17:29:27.005+0000] {processor.py:766} INFO - DAG(s) dict_keys(['example_branch_operator']) retrieved from /home/airflow/.local/lib/python3.7/site-packages/airflow/example_dags/example_branch_operator.py
[2025-02-13T17:29:27.066+0000] {logging_mixin.py:137} INFO - [2025-02-13T17:29:27.066+0000] {dag.py:2585} INFO - Sync 1 DAGs
[2025-02-13T17:29:27.132+0000] {logging_mixin.py:137} INFO - [2025-02-13T17:29:27.132+0000] {dag.py:3340} INFO - Setting next_dagrun for example_branch_operator to 2025-02-12T00:00:00+00:00, run_after=2025-02-13T00:00:00+00:00
[2025-02-13T17:29:27.206+0000] {processor.py:176} INFO - Processing /home/airflow/.local/lib/python3.7/site-packages/airflow/example_dags/example_branch_operator.py took 0.252 seconds
[2025-02-13T17:29:57.892+0000] {processor.py:154} INFO - Started process (PID=1852) to work on /home/airflow/.local/lib/python3.7/site-packages/airflow/example_dags/example_branch_operator.py
[2025-02-13T17:29:57.894+0000] {processor.py:756} INFO - Processing file /home/airflow/.local/lib/python3.7/site-packages/airflow/example_dags/example_branch_operator.py for tasks to queue
[2025-02-13T17:29:57.896+0000] {logging_mixin.py:137} INFO - [2025-02-13T17:29:57.895+0000] {dagbag.py:537} INFO - Filling up the DagBag from /home/airflow/.local/lib/python3.7/site-packages/airflow/example_dags/example_branch_operator.py
[2025-02-13T17:29:57.946+0000] {processor.py:766} INFO - DAG(s) dict_keys(['example_branch_operator']) retrieved from /home/airflow/.local/lib/python3.7/site-packages/airflow/example_dags/example_branch_operator.py
[2025-02-13T17:29:58.056+0000] {logging_mixin.py:137} INFO - [2025-02-13T17:29:58.055+0000] {dag.py:2585} INFO - Sync 1 DAGs
[2025-02-13T17:29:58.215+0000] {logging_mixin.py:137} INFO - [2025-02-13T17:29:58.212+0000] {dag.py:3340} INFO - Setting next_dagrun for example_branch_operator to 2025-02-12T00:00:00+00:00, run_after=2025-02-13T00:00:00+00:00
[2025-02-13T17:29:58.314+0000] {processor.py:176} INFO - Processing /home/airflow/.local/lib/python3.7/site-packages/airflow/example_dags/example_branch_operator.py took 0.427 seconds
[2025-02-13T17:30:29.293+0000] {processor.py:154} INFO - Started process (PID=2032) to work on /home/airflow/.local/lib/python3.7/site-packages/airflow/example_dags/example_branch_operator.py
[2025-02-13T17:30:29.296+0000] {processor.py:756} INFO - Processing file /home/airflow/.local/lib/python3.7/site-packages/airflow/example_dags/example_branch_operator.py for tasks to queue
[2025-02-13T17:30:29.298+0000] {logging_mixin.py:137} INFO - [2025-02-13T17:30:29.297+0000] {dagbag.py:537} INFO - Filling up the DagBag from /home/airflow/.local/lib/python3.7/site-packages/airflow/example_dags/example_branch_operator.py
[2025-02-13T17:30:29.334+0000] {processor.py:766} INFO - DAG(s) dict_keys(['example_branch_operator']) retrieved from /home/airflow/.local/lib/python3.7/site-packages/airflow/example_dags/example_branch_operator.py
[2025-02-13T17:30:29.403+0000] {logging_mixin.py:137} INFO - [2025-02-13T17:30:29.403+0000] {dag.py:2585} INFO - Sync 1 DAGs
[2025-02-13T17:30:29.467+0000] {logging_mixin.py:137} INFO - [2025-02-13T17:30:29.467+0000] {dag.py:3340} INFO - Setting next_dagrun for example_branch_operator to 2025-02-12T00:00:00+00:00, run_after=2025-02-13T00:00:00+00:00
[2025-02-13T17:30:29.532+0000] {processor.py:176} INFO - Processing /home/airflow/.local/lib/python3.7/site-packages/airflow/example_dags/example_branch_operator.py took 0.248 seconds
[2025-02-13T17:31:00.477+0000] {processor.py:154} INFO - Started process (PID=2211) to work on /home/airflow/.local/lib/python3.7/site-packages/airflow/example_dags/example_branch_operator.py
[2025-02-13T17:31:00.479+0000] {processor.py:756} INFO - Processing file /home/airflow/.local/lib/python3.7/site-packages/airflow/example_dags/example_branch_operator.py for tasks to queue
[2025-02-13T17:31:00.483+0000] {logging_mixin.py:137} INFO - [2025-02-13T17:31:00.482+0000] {dagbag.py:537} INFO - Filling up the DagBag from /home/airflow/.local/lib/python3.7/site-packages/airflow/example_dags/example_branch_operator.py
[2025-02-13T17:31:00.542+0000] {processor.py:766} INFO - DAG(s) dict_keys(['example_branch_operator']) retrieved from /home/airflow/.local/lib/python3.7/site-packages/airflow/example_dags/example_branch_operator.py
[2025-02-13T17:31:00.619+0000] {logging_mixin.py:137} INFO - [2025-02-13T17:31:00.619+0000] {dag.py:2585} INFO - Sync 1 DAGs
[2025-02-13T17:31:00.698+0000] {logging_mixin.py:137} INFO - [2025-02-13T17:31:00.698+0000] {dag.py:3340} INFO - Setting next_dagrun for example_branch_operator to 2025-02-12T00:00:00+00:00, run_after=2025-02-13T00:00:00+00:00
[2025-02-13T17:31:00.749+0000] {processor.py:176} INFO - Processing /home/airflow/.local/lib/python3.7/site-packages/airflow/example_dags/example_branch_operator.py took 0.278 seconds
[2025-02-13T17:31:30.919+0000] {processor.py:154} INFO - Started process (PID=2391) to work on /home/airflow/.local/lib/python3.7/site-packages/airflow/example_dags/example_branch_operator.py
[2025-02-13T17:31:30.922+0000] {processor.py:756} INFO - Processing file /home/airflow/.local/lib/python3.7/site-packages/airflow/example_dags/example_branch_operator.py for tasks to queue
[2025-02-13T17:31:30.925+0000] {logging_mixin.py:137} INFO - [2025-02-13T17:31:30.924+0000] {dagbag.py:537} INFO - Filling up the DagBag from /home/airflow/.local/lib/python3.7/site-packages/airflow/example_dags/example_branch_operator.py
[2025-02-13T17:31:30.970+0000] {processor.py:766} INFO - DAG(s) dict_keys(['example_branch_operator']) retrieved from /home/airflow/.local/lib/python3.7/site-packages/airflow/example_dags/example_branch_operator.py
[2025-02-13T17:31:31.040+0000] {logging_mixin.py:137} INFO - [2025-02-13T17:31:31.040+0000] {dag.py:2585} INFO - Sync 1 DAGs
[2025-02-13T17:31:31.132+0000] {logging_mixin.py:137} INFO - [2025-02-13T17:31:31.130+0000] {dag.py:3340} INFO - Setting next_dagrun for example_branch_operator to 2025-02-12T00:00:00+00:00, run_after=2025-02-13T00:00:00+00:00
[2025-02-13T17:31:31.189+0000] {processor.py:176} INFO - Processing /home/airflow/.local/lib/python3.7/site-packages/airflow/example_dags/example_branch_operator.py took 0.277 seconds
[2025-02-13T17:32:01.635+0000] {processor.py:154} INFO - Started process (PID=2572) to work on /home/airflow/.local/lib/python3.7/site-packages/airflow/example_dags/example_branch_operator.py
[2025-02-13T17:32:01.637+0000] {processor.py:756} INFO - Processing file /home/airflow/.local/lib/python3.7/site-packages/airflow/example_dags/example_branch_operator.py for tasks to queue
[2025-02-13T17:32:01.641+0000] {logging_mixin.py:137} INFO - [2025-02-13T17:32:01.639+0000] {dagbag.py:537} INFO - Filling up the DagBag from /home/airflow/.local/lib/python3.7/site-packages/airflow/example_dags/example_branch_operator.py
[2025-02-13T17:32:01.704+0000] {processor.py:766} INFO - DAG(s) dict_keys(['example_branch_operator']) retrieved from /home/airflow/.local/lib/python3.7/site-packages/airflow/example_dags/example_branch_operator.py
[2025-02-13T17:32:01.838+0000] {logging_mixin.py:137} INFO - [2025-02-13T17:32:01.838+0000] {dag.py:2585} INFO - Sync 1 DAGs
[2025-02-13T17:32:01.897+0000] {logging_mixin.py:137} INFO - [2025-02-13T17:32:01.897+0000] {dag.py:3340} INFO - Setting next_dagrun for example_branch_operator to 2025-02-12T00:00:00+00:00, run_after=2025-02-13T00:00:00+00:00
[2025-02-13T17:32:01.958+0000] {processor.py:176} INFO - Processing /home/airflow/.local/lib/python3.7/site-packages/airflow/example_dags/example_branch_operator.py took 0.329 seconds
[2025-02-13T17:32:32.415+0000] {processor.py:154} INFO - Started process (PID=2752) to work on /home/airflow/.local/lib/python3.7/site-packages/airflow/example_dags/example_branch_operator.py
[2025-02-13T17:32:32.418+0000] {processor.py:756} INFO - Processing file /home/airflow/.local/lib/python3.7/site-packages/airflow/example_dags/example_branch_operator.py for tasks to queue
[2025-02-13T17:32:32.423+0000] {logging_mixin.py:137} INFO - [2025-02-13T17:32:32.422+0000] {dagbag.py:537} INFO - Filling up the DagBag from /home/airflow/.local/lib/python3.7/site-packages/airflow/example_dags/example_branch_operator.py
[2025-02-13T17:32:32.477+0000] {processor.py:766} INFO - DAG(s) dict_keys(['example_branch_operator']) retrieved from /home/airflow/.local/lib/python3.7/site-packages/airflow/example_dags/example_branch_operator.py
[2025-02-13T17:32:32.586+0000] {logging_mixin.py:137} INFO - [2025-02-13T17:32:32.586+0000] {dag.py:2585} INFO - Sync 1 DAGs
[2025-02-13T17:32:32.647+0000] {logging_mixin.py:137} INFO - [2025-02-13T17:32:32.647+0000] {dag.py:3340} INFO - Setting next_dagrun for example_branch_operator to 2025-02-12T00:00:00+00:00, run_after=2025-02-13T00:00:00+00:00
[2025-02-13T17:32:32.695+0000] {processor.py:176} INFO - Processing /home/airflow/.local/lib/python3.7/site-packages/airflow/example_dags/example_branch_operator.py took 0.287 seconds
[2025-02-13T17:33:03.164+0000] {processor.py:154} INFO - Started process (PID=2932) to work on /home/airflow/.local/lib/python3.7/site-packages/airflow/example_dags/example_branch_operator.py
[2025-02-13T17:33:03.168+0000] {processor.py:756} INFO - Processing file /home/airflow/.local/lib/python3.7/site-packages/airflow/example_dags/example_branch_operator.py for tasks to queue
[2025-02-13T17:33:03.170+0000] {logging_mixin.py:137} INFO - [2025-02-13T17:33:03.170+0000] {dagbag.py:537} INFO - Filling up the DagBag from /home/airflow/.local/lib/python3.7/site-packages/airflow/example_dags/example_branch_operator.py
[2025-02-13T17:33:03.260+0000] {processor.py:766} INFO - DAG(s) dict_keys(['example_branch_operator']) retrieved from /home/airflow/.local/lib/python3.7/site-packages/airflow/example_dags/example_branch_operator.py
[2025-02-13T17:33:03.335+0000] {logging_mixin.py:137} INFO - [2025-02-13T17:33:03.334+0000] {dag.py:2585} INFO - Sync 1 DAGs
[2025-02-13T17:33:03.395+0000] {logging_mixin.py:137} INFO - [2025-02-13T17:33:03.395+0000] {dag.py:3340} INFO - Setting next_dagrun for example_branch_operator to 2025-02-12T00:00:00+00:00, run_after=2025-02-13T00:00:00+00:00
[2025-02-13T17:33:03.454+0000] {processor.py:176} INFO - Processing /home/airflow/.local/lib/python3.7/site-packages/airflow/example_dags/example_branch_operator.py took 0.297 seconds
[2025-02-13T17:33:33.626+0000] {processor.py:154} INFO - Started process (PID=3112) to work on /home/airflow/.local/lib/python3.7/site-packages/airflow/example_dags/example_branch_operator.py
[2025-02-13T17:33:33.628+0000] {processor.py:756} INFO - Processing file /home/airflow/.local/lib/python3.7/site-packages/airflow/example_dags/example_branch_operator.py for tasks to queue
[2025-02-13T17:33:33.630+0000] {logging_mixin.py:137} INFO - [2025-02-13T17:33:33.630+0000] {dagbag.py:537} INFO - Filling up the DagBag from /home/airflow/.local/lib/python3.7/site-packages/airflow/example_dags/example_branch_operator.py
[2025-02-13T17:33:33.678+0000] {processor.py:766} INFO - DAG(s) dict_keys(['example_branch_operator']) retrieved from /home/airflow/.local/lib/python3.7/site-packages/airflow/example_dags/example_branch_operator.py
[2025-02-13T17:33:33.797+0000] {logging_mixin.py:137} INFO - [2025-02-13T17:33:33.797+0000] {dag.py:2585} INFO - Sync 1 DAGs
[2025-02-13T17:33:33.868+0000] {logging_mixin.py:137} INFO - [2025-02-13T17:33:33.867+0000] {dag.py:3340} INFO - Setting next_dagrun for example_branch_operator to 2025-02-12T00:00:00+00:00, run_after=2025-02-13T00:00:00+00:00
[2025-02-13T17:33:33.912+0000] {processor.py:176} INFO - Processing /home/airflow/.local/lib/python3.7/site-packages/airflow/example_dags/example_branch_operator.py took 0.293 seconds
[2025-02-13T17:34:04.314+0000] {processor.py:154} INFO - Started process (PID=3292) to work on /home/airflow/.local/lib/python3.7/site-packages/airflow/example_dags/example_branch_operator.py
[2025-02-13T17:34:04.317+0000] {processor.py:756} INFO - Processing file /home/airflow/.local/lib/python3.7/site-packages/airflow/example_dags/example_branch_operator.py for tasks to queue
[2025-02-13T17:34:04.319+0000] {logging_mixin.py:137} INFO - [2025-02-13T17:34:04.318+0000] {dagbag.py:537} INFO - Filling up the DagBag from /home/airflow/.local/lib/python3.7/site-packages/airflow/example_dags/example_branch_operator.py
[2025-02-13T17:34:04.353+0000] {processor.py:766} INFO - DAG(s) dict_keys(['example_branch_operator']) retrieved from /home/airflow/.local/lib/python3.7/site-packages/airflow/example_dags/example_branch_operator.py
[2025-02-13T17:34:04.441+0000] {logging_mixin.py:137} INFO - [2025-02-13T17:34:04.440+0000] {dag.py:2585} INFO - Sync 1 DAGs
[2025-02-13T17:34:04.497+0000] {logging_mixin.py:137} INFO - [2025-02-13T17:34:04.496+0000] {dag.py:3340} INFO - Setting next_dagrun for example_branch_operator to 2025-02-12T00:00:00+00:00, run_after=2025-02-13T00:00:00+00:00
[2025-02-13T17:34:04.535+0000] {processor.py:176} INFO - Processing /home/airflow/.local/lib/python3.7/site-packages/airflow/example_dags/example_branch_operator.py took 0.232 seconds
[2025-02-13T17:34:34.689+0000] {processor.py:154} INFO - Started process (PID=3472) to work on /home/airflow/.local/lib/python3.7/site-packages/airflow/example_dags/example_branch_operator.py
[2025-02-13T17:34:34.691+0000] {processor.py:756} INFO - Processing file /home/airflow/.local/lib/python3.7/site-packages/airflow/example_dags/example_branch_operator.py for tasks to queue
[2025-02-13T17:34:34.692+0000] {logging_mixin.py:137} INFO - [2025-02-13T17:34:34.692+0000] {dagbag.py:537} INFO - Filling up the DagBag from /home/airflow/.local/lib/python3.7/site-packages/airflow/example_dags/example_branch_operator.py
[2025-02-13T17:34:34.725+0000] {processor.py:766} INFO - DAG(s) dict_keys(['example_branch_operator']) retrieved from /home/airflow/.local/lib/python3.7/site-packages/airflow/example_dags/example_branch_operator.py
[2025-02-13T17:34:34.831+0000] {logging_mixin.py:137} INFO - [2025-02-13T17:34:34.831+0000] {dag.py:2585} INFO - Sync 1 DAGs
[2025-02-13T17:34:34.909+0000] {logging_mixin.py:137} INFO - [2025-02-13T17:34:34.909+0000] {dag.py:3340} INFO - Setting next_dagrun for example_branch_operator to 2025-02-12T00:00:00+00:00, run_after=2025-02-13T00:00:00+00:00
[2025-02-13T17:34:34.954+0000] {processor.py:176} INFO - Processing /home/airflow/.local/lib/python3.7/site-packages/airflow/example_dags/example_branch_operator.py took 0.272 seconds
[2025-02-13T17:35:05.105+0000] {processor.py:154} INFO - Started process (PID=3652) to work on /home/airflow/.local/lib/python3.7/site-packages/airflow/example_dags/example_branch_operator.py
[2025-02-13T17:35:05.107+0000] {processor.py:756} INFO - Processing file /home/airflow/.local/lib/python3.7/site-packages/airflow/example_dags/example_branch_operator.py for tasks to queue
[2025-02-13T17:35:05.108+0000] {logging_mixin.py:137} INFO - [2025-02-13T17:35:05.108+0000] {dagbag.py:537} INFO - Filling up the DagBag from /home/airflow/.local/lib/python3.7/site-packages/airflow/example_dags/example_branch_operator.py
[2025-02-13T17:35:05.153+0000] {processor.py:766} INFO - DAG(s) dict_keys(['example_branch_operator']) retrieved from /home/airflow/.local/lib/python3.7/site-packages/airflow/example_dags/example_branch_operator.py
[2025-02-13T17:35:05.237+0000] {logging_mixin.py:137} INFO - [2025-02-13T17:35:05.236+0000] {dag.py:2585} INFO - Sync 1 DAGs
[2025-02-13T17:35:05.290+0000] {logging_mixin.py:137} INFO - [2025-02-13T17:35:05.289+0000] {dag.py:3340} INFO - Setting next_dagrun for example_branch_operator to 2025-02-12T00:00:00+00:00, run_after=2025-02-13T00:00:00+00:00
[2025-02-13T17:35:05.342+0000] {processor.py:176} INFO - Processing /home/airflow/.local/lib/python3.7/site-packages/airflow/example_dags/example_branch_operator.py took 0.244 seconds
[2025-02-13T17:35:35.572+0000] {processor.py:154} INFO - Started process (PID=3832) to work on /home/airflow/.local/lib/python3.7/site-packages/airflow/example_dags/example_branch_operator.py
[2025-02-13T17:35:35.574+0000] {processor.py:756} INFO - Processing file /home/airflow/.local/lib/python3.7/site-packages/airflow/example_dags/example_branch_operator.py for tasks to queue
[2025-02-13T17:35:35.575+0000] {logging_mixin.py:137} INFO - [2025-02-13T17:35:35.575+0000] {dagbag.py:537} INFO - Filling up the DagBag from /home/airflow/.local/lib/python3.7/site-packages/airflow/example_dags/example_branch_operator.py
[2025-02-13T17:35:35.601+0000] {processor.py:766} INFO - DAG(s) dict_keys(['example_branch_operator']) retrieved from /home/airflow/.local/lib/python3.7/site-packages/airflow/example_dags/example_branch_operator.py
[2025-02-13T17:35:35.667+0000] {logging_mixin.py:137} INFO - [2025-02-13T17:35:35.666+0000] {dag.py:2585} INFO - Sync 1 DAGs
[2025-02-13T17:35:35.705+0000] {logging_mixin.py:137} INFO - [2025-02-13T17:35:35.705+0000] {dag.py:3340} INFO - Setting next_dagrun for example_branch_operator to 2025-02-12T00:00:00+00:00, run_after=2025-02-13T00:00:00+00:00
[2025-02-13T17:35:35.770+0000] {processor.py:176} INFO - Processing /home/airflow/.local/lib/python3.7/site-packages/airflow/example_dags/example_branch_operator.py took 0.202 seconds
[2025-02-13T17:36:05.964+0000] {processor.py:154} INFO - Started process (PID=4012) to work on /home/airflow/.local/lib/python3.7/site-packages/airflow/example_dags/example_branch_operator.py
[2025-02-13T17:36:05.967+0000] {processor.py:756} INFO - Processing file /home/airflow/.local/lib/python3.7/site-packages/airflow/example_dags/example_branch_operator.py for tasks to queue
[2025-02-13T17:36:05.970+0000] {logging_mixin.py:137} INFO - [2025-02-13T17:36:05.969+0000] {dagbag.py:537} INFO - Filling up the DagBag from /home/airflow/.local/lib/python3.7/site-packages/airflow/example_dags/example_branch_operator.py
[2025-02-13T17:36:06.029+0000] {processor.py:766} INFO - DAG(s) dict_keys(['example_branch_operator']) retrieved from /home/airflow/.local/lib/python3.7/site-packages/airflow/example_dags/example_branch_operator.py
[2025-02-13T17:36:06.152+0000] {logging_mixin.py:137} INFO - [2025-02-13T17:36:06.152+0000] {dag.py:2585} INFO - Sync 1 DAGs
[2025-02-13T17:36:06.255+0000] {logging_mixin.py:137} INFO - [2025-02-13T17:36:06.255+0000] {dag.py:3340} INFO - Setting next_dagrun for example_branch_operator to 2025-02-12T00:00:00+00:00, run_after=2025-02-13T00:00:00+00:00
[2025-02-13T17:36:06.321+0000] {processor.py:176} INFO - Processing /home/airflow/.local/lib/python3.7/site-packages/airflow/example_dags/example_branch_operator.py took 0.372 seconds
[2025-02-13T17:36:36.486+0000] {processor.py:154} INFO - Started process (PID=4192) to work on /home/airflow/.local/lib/python3.7/site-packages/airflow/example_dags/example_branch_operator.py
[2025-02-13T17:36:36.489+0000] {processor.py:756} INFO - Processing file /home/airflow/.local/lib/python3.7/site-packages/airflow/example_dags/example_branch_operator.py for tasks to queue
[2025-02-13T17:36:36.493+0000] {logging_mixin.py:137} INFO - [2025-02-13T17:36:36.492+0000] {dagbag.py:537} INFO - Filling up the DagBag from /home/airflow/.local/lib/python3.7/site-packages/airflow/example_dags/example_branch_operator.py
[2025-02-13T17:36:36.543+0000] {processor.py:766} INFO - DAG(s) dict_keys(['example_branch_operator']) retrieved from /home/airflow/.local/lib/python3.7/site-packages/airflow/example_dags/example_branch_operator.py
[2025-02-13T17:36:36.624+0000] {logging_mixin.py:137} INFO - [2025-02-13T17:36:36.624+0000] {dag.py:2585} INFO - Sync 1 DAGs
[2025-02-13T17:36:36.687+0000] {logging_mixin.py:137} INFO - [2025-02-13T17:36:36.686+0000] {dag.py:3340} INFO - Setting next_dagrun for example_branch_operator to 2025-02-12T00:00:00+00:00, run_after=2025-02-13T00:00:00+00:00
[2025-02-13T17:36:36.731+0000] {processor.py:176} INFO - Processing /home/airflow/.local/lib/python3.7/site-packages/airflow/example_dags/example_branch_operator.py took 0.253 seconds
[2025-02-13T17:37:06.933+0000] {processor.py:154} INFO - Started process (PID=4371) to work on /home/airflow/.local/lib/python3.7/site-packages/airflow/example_dags/example_branch_operator.py
[2025-02-13T17:37:06.936+0000] {processor.py:756} INFO - Processing file /home/airflow/.local/lib/python3.7/site-packages/airflow/example_dags/example_branch_operator.py for tasks to queue
[2025-02-13T17:37:06.939+0000] {logging_mixin.py:137} INFO - [2025-02-13T17:37:06.939+0000] {dagbag.py:537} INFO - Filling up the DagBag from /home/airflow/.local/lib/python3.7/site-packages/airflow/example_dags/example_branch_operator.py
[2025-02-13T17:37:06.970+0000] {processor.py:766} INFO - DAG(s) dict_keys(['example_branch_operator']) retrieved from /home/airflow/.local/lib/python3.7/site-packages/airflow/example_dags/example_branch_operator.py
[2025-02-13T17:37:07.069+0000] {logging_mixin.py:137} INFO - [2025-02-13T17:37:07.069+0000] {dag.py:2585} INFO - Sync 1 DAGs
[2025-02-13T17:37:07.117+0000] {logging_mixin.py:137} INFO - [2025-02-13T17:37:07.116+0000] {dag.py:3340} INFO - Setting next_dagrun for example_branch_operator to 2025-02-12T00:00:00+00:00, run_after=2025-02-13T00:00:00+00:00
[2025-02-13T17:37:07.157+0000] {processor.py:176} INFO - Processing /home/airflow/.local/lib/python3.7/site-packages/airflow/example_dags/example_branch_operator.py took 0.231 seconds
[2025-02-13T17:37:37.720+0000] {processor.py:154} INFO - Started process (PID=4552) to work on /home/airflow/.local/lib/python3.7/site-packages/airflow/example_dags/example_branch_operator.py
[2025-02-13T17:37:37.722+0000] {processor.py:756} INFO - Processing file /home/airflow/.local/lib/python3.7/site-packages/airflow/example_dags/example_branch_operator.py for tasks to queue
[2025-02-13T17:37:37.726+0000] {logging_mixin.py:137} INFO - [2025-02-13T17:37:37.725+0000] {dagbag.py:537} INFO - Filling up the DagBag from /home/airflow/.local/lib/python3.7/site-packages/airflow/example_dags/example_branch_operator.py
[2025-02-13T17:37:37.764+0000] {processor.py:766} INFO - DAG(s) dict_keys(['example_branch_operator']) retrieved from /home/airflow/.local/lib/python3.7/site-packages/airflow/example_dags/example_branch_operator.py
[2025-02-13T17:37:37.840+0000] {logging_mixin.py:137} INFO - [2025-02-13T17:37:37.839+0000] {dag.py:2585} INFO - Sync 1 DAGs
[2025-02-13T17:37:37.904+0000] {logging_mixin.py:137} INFO - [2025-02-13T17:37:37.904+0000] {dag.py:3340} INFO - Setting next_dagrun for example_branch_operator to 2025-02-12T00:00:00+00:00, run_after=2025-02-13T00:00:00+00:00
[2025-02-13T17:37:37.954+0000] {processor.py:176} INFO - Processing /home/airflow/.local/lib/python3.7/site-packages/airflow/example_dags/example_branch_operator.py took 0.240 seconds
[2025-02-13T17:38:08.312+0000] {processor.py:154} INFO - Started process (PID=4732) to work on /home/airflow/.local/lib/python3.7/site-packages/airflow/example_dags/example_branch_operator.py
[2025-02-13T17:38:08.314+0000] {processor.py:756} INFO - Processing file /home/airflow/.local/lib/python3.7/site-packages/airflow/example_dags/example_branch_operator.py for tasks to queue
[2025-02-13T17:38:08.316+0000] {logging_mixin.py:137} INFO - [2025-02-13T17:38:08.316+0000] {dagbag.py:537} INFO - Filling up the DagBag from /home/airflow/.local/lib/python3.7/site-packages/airflow/example_dags/example_branch_operator.py
[2025-02-13T17:38:08.351+0000] {processor.py:766} INFO - DAG(s) dict_keys(['example_branch_operator']) retrieved from /home/airflow/.local/lib/python3.7/site-packages/airflow/example_dags/example_branch_operator.py
[2025-02-13T17:38:08.435+0000] {logging_mixin.py:137} INFO - [2025-02-13T17:38:08.435+0000] {dag.py:2585} INFO - Sync 1 DAGs
[2025-02-13T17:38:08.486+0000] {logging_mixin.py:137} INFO - [2025-02-13T17:38:08.486+0000] {dag.py:3340} INFO - Setting next_dagrun for example_branch_operator to 2025-02-12T00:00:00+00:00, run_after=2025-02-13T00:00:00+00:00
[2025-02-13T17:38:08.530+0000] {processor.py:176} INFO - Processing /home/airflow/.local/lib/python3.7/site-packages/airflow/example_dags/example_branch_operator.py took 0.225 seconds
[2025-02-13T17:38:39.188+0000] {processor.py:154} INFO - Started process (PID=4912) to work on /home/airflow/.local/lib/python3.7/site-packages/airflow/example_dags/example_branch_operator.py
[2025-02-13T17:38:39.190+0000] {processor.py:756} INFO - Processing file /home/airflow/.local/lib/python3.7/site-packages/airflow/example_dags/example_branch_operator.py for tasks to queue
[2025-02-13T17:38:39.194+0000] {logging_mixin.py:137} INFO - [2025-02-13T17:38:39.193+0000] {dagbag.py:537} INFO - Filling up the DagBag from /home/airflow/.local/lib/python3.7/site-packages/airflow/example_dags/example_branch_operator.py
[2025-02-13T17:38:39.238+0000] {processor.py:766} INFO - DAG(s) dict_keys(['example_branch_operator']) retrieved from /home/airflow/.local/lib/python3.7/site-packages/airflow/example_dags/example_branch_operator.py
[2025-02-13T17:38:39.318+0000] {logging_mixin.py:137} INFO - [2025-02-13T17:38:39.318+0000] {dag.py:2585} INFO - Sync 1 DAGs
[2025-02-13T17:38:39.367+0000] {logging_mixin.py:137} INFO - [2025-02-13T17:38:39.366+0000] {dag.py:3340} INFO - Setting next_dagrun for example_branch_operator to 2025-02-12T00:00:00+00:00, run_after=2025-02-13T00:00:00+00:00
[2025-02-13T17:38:39.410+0000] {processor.py:176} INFO - Processing /home/airflow/.local/lib/python3.7/site-packages/airflow/example_dags/example_branch_operator.py took 0.232 seconds
[2025-02-13T17:39:39.326+0000] {processor.py:154} INFO - Started process (PID=5094) to work on /home/airflow/.local/lib/python3.7/site-packages/airflow/example_dags/example_branch_operator.py
[2025-02-13T17:39:39.332+0000] {processor.py:756} INFO - Processing file /home/airflow/.local/lib/python3.7/site-packages/airflow/example_dags/example_branch_operator.py for tasks to queue
[2025-02-13T17:39:39.334+0000] {logging_mixin.py:137} INFO - [2025-02-13T17:39:39.334+0000] {dagbag.py:537} INFO - Filling up the DagBag from /home/airflow/.local/lib/python3.7/site-packages/airflow/example_dags/example_branch_operator.py
[2025-02-13T17:39:39.436+0000] {processor.py:766} INFO - DAG(s) dict_keys(['example_branch_operator']) retrieved from /home/airflow/.local/lib/python3.7/site-packages/airflow/example_dags/example_branch_operator.py
[2025-02-13T17:39:39.656+0000] {logging_mixin.py:137} INFO - [2025-02-13T17:39:39.655+0000] {dag.py:2585} INFO - Sync 1 DAGs
[2025-02-13T17:39:39.796+0000] {logging_mixin.py:137} INFO - [2025-02-13T17:39:39.796+0000] {dag.py:3340} INFO - Setting next_dagrun for example_branch_operator to 2025-02-12T00:00:00+00:00, run_after=2025-02-13T00:00:00+00:00
[2025-02-13T17:39:39.904+0000] {processor.py:176} INFO - Processing /home/airflow/.local/lib/python3.7/site-packages/airflow/example_dags/example_branch_operator.py took 0.585 seconds
[2025-02-13T17:40:10.552+0000] {processor.py:154} INFO - Started process (PID=5274) to work on /home/airflow/.local/lib/python3.7/site-packages/airflow/example_dags/example_branch_operator.py
[2025-02-13T17:40:10.554+0000] {processor.py:756} INFO - Processing file /home/airflow/.local/lib/python3.7/site-packages/airflow/example_dags/example_branch_operator.py for tasks to queue
[2025-02-13T17:40:10.558+0000] {logging_mixin.py:137} INFO - [2025-02-13T17:40:10.558+0000] {dagbag.py:537} INFO - Filling up the DagBag from /home/airflow/.local/lib/python3.7/site-packages/airflow/example_dags/example_branch_operator.py
[2025-02-13T17:40:10.593+0000] {processor.py:766} INFO - DAG(s) dict_keys(['example_branch_operator']) retrieved from /home/airflow/.local/lib/python3.7/site-packages/airflow/example_dags/example_branch_operator.py
[2025-02-13T17:40:10.674+0000] {logging_mixin.py:137} INFO - [2025-02-13T17:40:10.673+0000] {dag.py:2585} INFO - Sync 1 DAGs
[2025-02-13T17:40:10.721+0000] {logging_mixin.py:137} INFO - [2025-02-13T17:40:10.721+0000] {dag.py:3340} INFO - Setting next_dagrun for example_branch_operator to 2025-02-12T00:00:00+00:00, run_after=2025-02-13T00:00:00+00:00
[2025-02-13T17:40:10.786+0000] {processor.py:176} INFO - Processing /home/airflow/.local/lib/python3.7/site-packages/airflow/example_dags/example_branch_operator.py took 0.243 seconds
[2025-02-13T17:40:40.938+0000] {processor.py:154} INFO - Started process (PID=5454) to work on /home/airflow/.local/lib/python3.7/site-packages/airflow/example_dags/example_branch_operator.py
[2025-02-13T17:40:40.939+0000] {processor.py:756} INFO - Processing file /home/airflow/.local/lib/python3.7/site-packages/airflow/example_dags/example_branch_operator.py for tasks to queue
[2025-02-13T17:40:40.941+0000] {logging_mixin.py:137} INFO - [2025-02-13T17:40:40.940+0000] {dagbag.py:537} INFO - Filling up the DagBag from /home/airflow/.local/lib/python3.7/site-packages/airflow/example_dags/example_branch_operator.py
[2025-02-13T17:40:40.960+0000] {processor.py:766} INFO - DAG(s) dict_keys(['example_branch_operator']) retrieved from /home/airflow/.local/lib/python3.7/site-packages/airflow/example_dags/example_branch_operator.py
[2025-02-13T17:40:41.066+0000] {logging_mixin.py:137} INFO - [2025-02-13T17:40:41.066+0000] {dag.py:2585} INFO - Sync 1 DAGs
[2025-02-13T17:40:41.155+0000] {logging_mixin.py:137} INFO - [2025-02-13T17:40:41.155+0000] {dag.py:3340} INFO - Setting next_dagrun for example_branch_operator to 2025-02-12T00:00:00+00:00, run_after=2025-02-13T00:00:00+00:00
[2025-02-13T17:40:41.234+0000] {processor.py:176} INFO - Processing /home/airflow/.local/lib/python3.7/site-packages/airflow/example_dags/example_branch_operator.py took 0.300 seconds
[2025-02-13T17:41:12.708+0000] {processor.py:154} INFO - Started process (PID=5634) to work on /home/airflow/.local/lib/python3.7/site-packages/airflow/example_dags/example_branch_operator.py
[2025-02-13T17:41:12.710+0000] {processor.py:756} INFO - Processing file /home/airflow/.local/lib/python3.7/site-packages/airflow/example_dags/example_branch_operator.py for tasks to queue
[2025-02-13T17:41:12.712+0000] {logging_mixin.py:137} INFO - [2025-02-13T17:41:12.711+0000] {dagbag.py:537} INFO - Filling up the DagBag from /home/airflow/.local/lib/python3.7/site-packages/airflow/example_dags/example_branch_operator.py
[2025-02-13T17:41:12.742+0000] {processor.py:766} INFO - DAG(s) dict_keys(['example_branch_operator']) retrieved from /home/airflow/.local/lib/python3.7/site-packages/airflow/example_dags/example_branch_operator.py
[2025-02-13T17:41:12.823+0000] {logging_mixin.py:137} INFO - [2025-02-13T17:41:12.822+0000] {dag.py:2585} INFO - Sync 1 DAGs
[2025-02-13T17:41:12.895+0000] {logging_mixin.py:137} INFO - [2025-02-13T17:41:12.895+0000] {dag.py:3340} INFO - Setting next_dagrun for example_branch_operator to 2025-02-12T00:00:00+00:00, run_after=2025-02-13T00:00:00+00:00
[2025-02-13T17:41:12.950+0000] {processor.py:176} INFO - Processing /home/airflow/.local/lib/python3.7/site-packages/airflow/example_dags/example_branch_operator.py took 0.250 seconds
[2025-02-13T17:41:43.104+0000] {processor.py:154} INFO - Started process (PID=5816) to work on /home/airflow/.local/lib/python3.7/site-packages/airflow/example_dags/example_branch_operator.py
[2025-02-13T17:41:43.106+0000] {processor.py:756} INFO - Processing file /home/airflow/.local/lib/python3.7/site-packages/airflow/example_dags/example_branch_operator.py for tasks to queue
[2025-02-13T17:41:43.108+0000] {logging_mixin.py:137} INFO - [2025-02-13T17:41:43.108+0000] {dagbag.py:537} INFO - Filling up the DagBag from /home/airflow/.local/lib/python3.7/site-packages/airflow/example_dags/example_branch_operator.py
[2025-02-13T17:41:43.141+0000] {processor.py:766} INFO - DAG(s) dict_keys(['example_branch_operator']) retrieved from /home/airflow/.local/lib/python3.7/site-packages/airflow/example_dags/example_branch_operator.py
[2025-02-13T17:41:43.325+0000] {logging_mixin.py:137} INFO - [2025-02-13T17:41:43.324+0000] {dag.py:2585} INFO - Sync 1 DAGs
[2025-02-13T17:41:43.400+0000] {logging_mixin.py:137} INFO - [2025-02-13T17:41:43.400+0000] {dag.py:3340} INFO - Setting next_dagrun for example_branch_operator to 2025-02-12T00:00:00+00:00, run_after=2025-02-13T00:00:00+00:00
[2025-02-13T17:41:43.471+0000] {processor.py:176} INFO - Processing /home/airflow/.local/lib/python3.7/site-packages/airflow/example_dags/example_branch_operator.py took 0.372 seconds
[2025-02-13T17:42:13.639+0000] {processor.py:154} INFO - Started process (PID=5994) to work on /home/airflow/.local/lib/python3.7/site-packages/airflow/example_dags/example_branch_operator.py
[2025-02-13T17:42:13.641+0000] {processor.py:756} INFO - Processing file /home/airflow/.local/lib/python3.7/site-packages/airflow/example_dags/example_branch_operator.py for tasks to queue
[2025-02-13T17:42:13.642+0000] {logging_mixin.py:137} INFO - [2025-02-13T17:42:13.642+0000] {dagbag.py:537} INFO - Filling up the DagBag from /home/airflow/.local/lib/python3.7/site-packages/airflow/example_dags/example_branch_operator.py
[2025-02-13T17:42:13.665+0000] {processor.py:766} INFO - DAG(s) dict_keys(['example_branch_operator']) retrieved from /home/airflow/.local/lib/python3.7/site-packages/airflow/example_dags/example_branch_operator.py
[2025-02-13T17:42:13.726+0000] {logging_mixin.py:137} INFO - [2025-02-13T17:42:13.726+0000] {dag.py:2585} INFO - Sync 1 DAGs
[2025-02-13T17:42:13.761+0000] {logging_mixin.py:137} INFO - [2025-02-13T17:42:13.761+0000] {dag.py:3340} INFO - Setting next_dagrun for example_branch_operator to 2025-02-12T00:00:00+00:00, run_after=2025-02-13T00:00:00+00:00
[2025-02-13T17:42:13.809+0000] {processor.py:176} INFO - Processing /home/airflow/.local/lib/python3.7/site-packages/airflow/example_dags/example_branch_operator.py took 0.175 seconds
[2025-02-13T17:42:43.953+0000] {processor.py:154} INFO - Started process (PID=6174) to work on /home/airflow/.local/lib/python3.7/site-packages/airflow/example_dags/example_branch_operator.py
[2025-02-13T17:42:43.956+0000] {processor.py:756} INFO - Processing file /home/airflow/.local/lib/python3.7/site-packages/airflow/example_dags/example_branch_operator.py for tasks to queue
[2025-02-13T17:42:43.959+0000] {logging_mixin.py:137} INFO - [2025-02-13T17:42:43.958+0000] {dagbag.py:537} INFO - Filling up the DagBag from /home/airflow/.local/lib/python3.7/site-packages/airflow/example_dags/example_branch_operator.py
[2025-02-13T17:42:43.986+0000] {processor.py:766} INFO - DAG(s) dict_keys(['example_branch_operator']) retrieved from /home/airflow/.local/lib/python3.7/site-packages/airflow/example_dags/example_branch_operator.py
[2025-02-13T17:42:44.055+0000] {logging_mixin.py:137} INFO - [2025-02-13T17:42:44.054+0000] {dag.py:2585} INFO - Sync 1 DAGs
[2025-02-13T17:42:44.095+0000] {logging_mixin.py:137} INFO - [2025-02-13T17:42:44.095+0000] {dag.py:3340} INFO - Setting next_dagrun for example_branch_operator to 2025-02-12T00:00:00+00:00, run_after=2025-02-13T00:00:00+00:00
[2025-02-13T17:42:44.125+0000] {processor.py:176} INFO - Processing /home/airflow/.local/lib/python3.7/site-packages/airflow/example_dags/example_branch_operator.py took 0.177 seconds
[2025-02-13T17:43:14.667+0000] {processor.py:154} INFO - Started process (PID=6354) to work on /home/airflow/.local/lib/python3.7/site-packages/airflow/example_dags/example_branch_operator.py
[2025-02-13T17:43:14.669+0000] {processor.py:756} INFO - Processing file /home/airflow/.local/lib/python3.7/site-packages/airflow/example_dags/example_branch_operator.py for tasks to queue
[2025-02-13T17:43:14.671+0000] {logging_mixin.py:137} INFO - [2025-02-13T17:43:14.671+0000] {dagbag.py:537} INFO - Filling up the DagBag from /home/airflow/.local/lib/python3.7/site-packages/airflow/example_dags/example_branch_operator.py
[2025-02-13T17:43:14.700+0000] {processor.py:766} INFO - DAG(s) dict_keys(['example_branch_operator']) retrieved from /home/airflow/.local/lib/python3.7/site-packages/airflow/example_dags/example_branch_operator.py
[2025-02-13T17:43:14.770+0000] {logging_mixin.py:137} INFO - [2025-02-13T17:43:14.770+0000] {dag.py:2585} INFO - Sync 1 DAGs
[2025-02-13T17:43:14.817+0000] {logging_mixin.py:137} INFO - [2025-02-13T17:43:14.817+0000] {dag.py:3340} INFO - Setting next_dagrun for example_branch_operator to 2025-02-12T00:00:00+00:00, run_after=2025-02-13T00:00:00+00:00
[2025-02-13T17:43:14.851+0000] {processor.py:176} INFO - Processing /home/airflow/.local/lib/python3.7/site-packages/airflow/example_dags/example_branch_operator.py took 0.189 seconds
[2025-02-13T17:43:45.243+0000] {processor.py:154} INFO - Started process (PID=6534) to work on /home/airflow/.local/lib/python3.7/site-packages/airflow/example_dags/example_branch_operator.py
[2025-02-13T17:43:45.246+0000] {processor.py:756} INFO - Processing file /home/airflow/.local/lib/python3.7/site-packages/airflow/example_dags/example_branch_operator.py for tasks to queue
[2025-02-13T17:43:45.247+0000] {logging_mixin.py:137} INFO - [2025-02-13T17:43:45.247+0000] {dagbag.py:537} INFO - Filling up the DagBag from /home/airflow/.local/lib/python3.7/site-packages/airflow/example_dags/example_branch_operator.py
[2025-02-13T17:43:45.276+0000] {processor.py:766} INFO - DAG(s) dict_keys(['example_branch_operator']) retrieved from /home/airflow/.local/lib/python3.7/site-packages/airflow/example_dags/example_branch_operator.py
[2025-02-13T17:43:45.346+0000] {logging_mixin.py:137} INFO - [2025-02-13T17:43:45.345+0000] {dag.py:2585} INFO - Sync 1 DAGs
[2025-02-13T17:43:45.390+0000] {logging_mixin.py:137} INFO - [2025-02-13T17:43:45.390+0000] {dag.py:3340} INFO - Setting next_dagrun for example_branch_operator to 2025-02-12T00:00:00+00:00, run_after=2025-02-13T00:00:00+00:00
[2025-02-13T17:43:45.426+0000] {processor.py:176} INFO - Processing /home/airflow/.local/lib/python3.7/site-packages/airflow/example_dags/example_branch_operator.py took 0.187 seconds
[2025-02-13T17:44:15.858+0000] {processor.py:154} INFO - Started process (PID=6714) to work on /home/airflow/.local/lib/python3.7/site-packages/airflow/example_dags/example_branch_operator.py
[2025-02-13T17:44:15.860+0000] {processor.py:756} INFO - Processing file /home/airflow/.local/lib/python3.7/site-packages/airflow/example_dags/example_branch_operator.py for tasks to queue
[2025-02-13T17:44:15.861+0000] {logging_mixin.py:137} INFO - [2025-02-13T17:44:15.861+0000] {dagbag.py:537} INFO - Filling up the DagBag from /home/airflow/.local/lib/python3.7/site-packages/airflow/example_dags/example_branch_operator.py
[2025-02-13T17:44:15.889+0000] {processor.py:766} INFO - DAG(s) dict_keys(['example_branch_operator']) retrieved from /home/airflow/.local/lib/python3.7/site-packages/airflow/example_dags/example_branch_operator.py
[2025-02-13T17:44:15.959+0000] {logging_mixin.py:137} INFO - [2025-02-13T17:44:15.959+0000] {dag.py:2585} INFO - Sync 1 DAGs
[2025-02-13T17:44:16.014+0000] {logging_mixin.py:137} INFO - [2025-02-13T17:44:16.014+0000] {dag.py:3340} INFO - Setting next_dagrun for example_branch_operator to 2025-02-12T00:00:00+00:00, run_after=2025-02-13T00:00:00+00:00
[2025-02-13T17:44:16.046+0000] {processor.py:176} INFO - Processing /home/airflow/.local/lib/python3.7/site-packages/airflow/example_dags/example_branch_operator.py took 0.193 seconds
[2025-02-13T17:44:47.189+0000] {processor.py:154} INFO - Started process (PID=6894) to work on /home/airflow/.local/lib/python3.7/site-packages/airflow/example_dags/example_branch_operator.py
[2025-02-13T17:44:47.192+0000] {processor.py:756} INFO - Processing file /home/airflow/.local/lib/python3.7/site-packages/airflow/example_dags/example_branch_operator.py for tasks to queue
[2025-02-13T17:44:47.195+0000] {logging_mixin.py:137} INFO - [2025-02-13T17:44:47.194+0000] {dagbag.py:537} INFO - Filling up the DagBag from /home/airflow/.local/lib/python3.7/site-packages/airflow/example_dags/example_branch_operator.py
[2025-02-13T17:44:47.265+0000] {processor.py:766} INFO - DAG(s) dict_keys(['example_branch_operator']) retrieved from /home/airflow/.local/lib/python3.7/site-packages/airflow/example_dags/example_branch_operator.py
[2025-02-13T17:44:47.327+0000] {logging_mixin.py:137} INFO - [2025-02-13T17:44:47.326+0000] {dag.py:2585} INFO - Sync 1 DAGs
[2025-02-13T17:44:47.365+0000] {logging_mixin.py:137} INFO - [2025-02-13T17:44:47.365+0000] {dag.py:3340} INFO - Setting next_dagrun for example_branch_operator to 2025-02-12T00:00:00+00:00, run_after=2025-02-13T00:00:00+00:00
[2025-02-13T17:44:47.400+0000] {processor.py:176} INFO - Processing /home/airflow/.local/lib/python3.7/site-packages/airflow/example_dags/example_branch_operator.py took 0.246 seconds
[2025-02-13T17:45:17.633+0000] {processor.py:154} INFO - Started process (PID=7076) to work on /home/airflow/.local/lib/python3.7/site-packages/airflow/example_dags/example_branch_operator.py
[2025-02-13T17:45:17.635+0000] {processor.py:756} INFO - Processing file /home/airflow/.local/lib/python3.7/site-packages/airflow/example_dags/example_branch_operator.py for tasks to queue
[2025-02-13T17:45:17.636+0000] {logging_mixin.py:137} INFO - [2025-02-13T17:45:17.636+0000] {dagbag.py:537} INFO - Filling up the DagBag from /home/airflow/.local/lib/python3.7/site-packages/airflow/example_dags/example_branch_operator.py
[2025-02-13T17:45:17.663+0000] {processor.py:766} INFO - DAG(s) dict_keys(['example_branch_operator']) retrieved from /home/airflow/.local/lib/python3.7/site-packages/airflow/example_dags/example_branch_operator.py
[2025-02-13T17:45:17.727+0000] {logging_mixin.py:137} INFO - [2025-02-13T17:45:17.726+0000] {dag.py:2585} INFO - Sync 1 DAGs
[2025-02-13T17:45:17.818+0000] {logging_mixin.py:137} INFO - [2025-02-13T17:45:17.818+0000] {dag.py:3340} INFO - Setting next_dagrun for example_branch_operator to 2025-02-12T00:00:00+00:00, run_after=2025-02-13T00:00:00+00:00
[2025-02-13T17:45:17.885+0000] {processor.py:176} INFO - Processing /home/airflow/.local/lib/python3.7/site-packages/airflow/example_dags/example_branch_operator.py took 0.258 seconds
[2025-02-13T17:45:48.172+0000] {processor.py:154} INFO - Started process (PID=7256) to work on /home/airflow/.local/lib/python3.7/site-packages/airflow/example_dags/example_branch_operator.py
[2025-02-13T17:45:48.174+0000] {processor.py:756} INFO - Processing file /home/airflow/.local/lib/python3.7/site-packages/airflow/example_dags/example_branch_operator.py for tasks to queue
[2025-02-13T17:45:48.176+0000] {logging_mixin.py:137} INFO - [2025-02-13T17:45:48.176+0000] {dagbag.py:537} INFO - Filling up the DagBag from /home/airflow/.local/lib/python3.7/site-packages/airflow/example_dags/example_branch_operator.py
[2025-02-13T17:45:48.212+0000] {processor.py:766} INFO - DAG(s) dict_keys(['example_branch_operator']) retrieved from /home/airflow/.local/lib/python3.7/site-packages/airflow/example_dags/example_branch_operator.py
[2025-02-13T17:45:48.295+0000] {logging_mixin.py:137} INFO - [2025-02-13T17:45:48.295+0000] {dag.py:2585} INFO - Sync 1 DAGs
[2025-02-13T17:45:48.339+0000] {logging_mixin.py:137} INFO - [2025-02-13T17:45:48.338+0000] {dag.py:3340} INFO - Setting next_dagrun for example_branch_operator to 2025-02-12T00:00:00+00:00, run_after=2025-02-13T00:00:00+00:00
[2025-02-13T17:45:48.369+0000] {processor.py:176} INFO - Processing /home/airflow/.local/lib/python3.7/site-packages/airflow/example_dags/example_branch_operator.py took 0.203 seconds
[2025-02-13T17:47:35.910+0000] {processor.py:154} INFO - Started process (PID=231) to work on /home/airflow/.local/lib/python3.7/site-packages/airflow/example_dags/example_branch_operator.py
[2025-02-13T17:47:35.913+0000] {processor.py:756} INFO - Processing file /home/airflow/.local/lib/python3.7/site-packages/airflow/example_dags/example_branch_operator.py for tasks to queue
[2025-02-13T17:47:35.916+0000] {logging_mixin.py:137} INFO - [2025-02-13T17:47:35.915+0000] {dagbag.py:537} INFO - Filling up the DagBag from /home/airflow/.local/lib/python3.7/site-packages/airflow/example_dags/example_branch_operator.py
[2025-02-13T17:47:35.939+0000] {processor.py:766} INFO - DAG(s) dict_keys(['example_branch_operator']) retrieved from /home/airflow/.local/lib/python3.7/site-packages/airflow/example_dags/example_branch_operator.py
[2025-02-13T17:47:36.086+0000] {logging_mixin.py:137} INFO - [2025-02-13T17:47:36.085+0000] {dag.py:2585} INFO - Sync 1 DAGs
[2025-02-13T17:47:36.152+0000] {logging_mixin.py:137} INFO - [2025-02-13T17:47:36.151+0000] {dag.py:3340} INFO - Setting next_dagrun for example_branch_operator to 2025-02-12T00:00:00+00:00, run_after=2025-02-13T00:00:00+00:00
[2025-02-13T17:47:36.214+0000] {processor.py:176} INFO - Processing /home/airflow/.local/lib/python3.7/site-packages/airflow/example_dags/example_branch_operator.py took 0.309 seconds
[2025-02-13T17:48:06.472+0000] {processor.py:154} INFO - Started process (PID=411) to work on /home/airflow/.local/lib/python3.7/site-packages/airflow/example_dags/example_branch_operator.py
[2025-02-13T17:48:06.474+0000] {processor.py:756} INFO - Processing file /home/airflow/.local/lib/python3.7/site-packages/airflow/example_dags/example_branch_operator.py for tasks to queue
[2025-02-13T17:48:06.478+0000] {logging_mixin.py:137} INFO - [2025-02-13T17:48:06.477+0000] {dagbag.py:537} INFO - Filling up the DagBag from /home/airflow/.local/lib/python3.7/site-packages/airflow/example_dags/example_branch_operator.py
[2025-02-13T17:48:06.505+0000] {processor.py:766} INFO - DAG(s) dict_keys(['example_branch_operator']) retrieved from /home/airflow/.local/lib/python3.7/site-packages/airflow/example_dags/example_branch_operator.py
[2025-02-13T17:48:06.541+0000] {logging_mixin.py:137} INFO - [2025-02-13T17:48:06.540+0000] {dag.py:2585} INFO - Sync 1 DAGs
[2025-02-13T17:48:06.587+0000] {logging_mixin.py:137} INFO - [2025-02-13T17:48:06.586+0000] {dag.py:3340} INFO - Setting next_dagrun for example_branch_operator to 2025-02-12T00:00:00+00:00, run_after=2025-02-13T00:00:00+00:00
[2025-02-13T17:48:06.642+0000] {processor.py:176} INFO - Processing /home/airflow/.local/lib/python3.7/site-packages/airflow/example_dags/example_branch_operator.py took 0.180 seconds
[2025-02-13T17:48:37.009+0000] {processor.py:154} INFO - Started process (PID=592) to work on /home/airflow/.local/lib/python3.7/site-packages/airflow/example_dags/example_branch_operator.py
[2025-02-13T17:48:37.012+0000] {processor.py:756} INFO - Processing file /home/airflow/.local/lib/python3.7/site-packages/airflow/example_dags/example_branch_operator.py for tasks to queue
[2025-02-13T17:48:37.013+0000] {logging_mixin.py:137} INFO - [2025-02-13T17:48:37.013+0000] {dagbag.py:537} INFO - Filling up the DagBag from /home/airflow/.local/lib/python3.7/site-packages/airflow/example_dags/example_branch_operator.py
[2025-02-13T17:48:37.037+0000] {processor.py:766} INFO - DAG(s) dict_keys(['example_branch_operator']) retrieved from /home/airflow/.local/lib/python3.7/site-packages/airflow/example_dags/example_branch_operator.py
[2025-02-13T17:48:37.097+0000] {logging_mixin.py:137} INFO - [2025-02-13T17:48:37.097+0000] {dag.py:2585} INFO - Sync 1 DAGs
[2025-02-13T17:48:37.138+0000] {logging_mixin.py:137} INFO - [2025-02-13T17:48:37.138+0000] {dag.py:3340} INFO - Setting next_dagrun for example_branch_operator to 2025-02-12T00:00:00+00:00, run_after=2025-02-13T00:00:00+00:00
[2025-02-13T17:48:37.181+0000] {processor.py:176} INFO - Processing /home/airflow/.local/lib/python3.7/site-packages/airflow/example_dags/example_branch_operator.py took 0.179 seconds
[2025-02-13T17:49:07.262+0000] {processor.py:154} INFO - Started process (PID=772) to work on /home/airflow/.local/lib/python3.7/site-packages/airflow/example_dags/example_branch_operator.py
[2025-02-13T17:49:07.264+0000] {processor.py:756} INFO - Processing file /home/airflow/.local/lib/python3.7/site-packages/airflow/example_dags/example_branch_operator.py for tasks to queue
[2025-02-13T17:49:07.265+0000] {logging_mixin.py:137} INFO - [2025-02-13T17:49:07.265+0000] {dagbag.py:537} INFO - Filling up the DagBag from /home/airflow/.local/lib/python3.7/site-packages/airflow/example_dags/example_branch_operator.py
[2025-02-13T17:49:07.289+0000] {processor.py:766} INFO - DAG(s) dict_keys(['example_branch_operator']) retrieved from /home/airflow/.local/lib/python3.7/site-packages/airflow/example_dags/example_branch_operator.py
[2025-02-13T17:49:07.349+0000] {logging_mixin.py:137} INFO - [2025-02-13T17:49:07.348+0000] {dag.py:2585} INFO - Sync 1 DAGs
[2025-02-13T17:49:07.385+0000] {logging_mixin.py:137} INFO - [2025-02-13T17:49:07.385+0000] {dag.py:3340} INFO - Setting next_dagrun for example_branch_operator to 2025-02-12T00:00:00+00:00, run_after=2025-02-13T00:00:00+00:00
[2025-02-13T17:49:07.414+0000] {processor.py:176} INFO - Processing /home/airflow/.local/lib/python3.7/site-packages/airflow/example_dags/example_branch_operator.py took 0.156 seconds
[2025-02-13T17:49:38.848+0000] {processor.py:154} INFO - Started process (PID=954) to work on /home/airflow/.local/lib/python3.7/site-packages/airflow/example_dags/example_branch_operator.py
[2025-02-13T17:49:38.850+0000] {processor.py:756} INFO - Processing file /home/airflow/.local/lib/python3.7/site-packages/airflow/example_dags/example_branch_operator.py for tasks to queue
[2025-02-13T17:49:38.851+0000] {logging_mixin.py:137} INFO - [2025-02-13T17:49:38.851+0000] {dagbag.py:537} INFO - Filling up the DagBag from /home/airflow/.local/lib/python3.7/site-packages/airflow/example_dags/example_branch_operator.py
[2025-02-13T17:49:38.872+0000] {processor.py:766} INFO - DAG(s) dict_keys(['example_branch_operator']) retrieved from /home/airflow/.local/lib/python3.7/site-packages/airflow/example_dags/example_branch_operator.py
[2025-02-13T17:49:38.933+0000] {logging_mixin.py:137} INFO - [2025-02-13T17:49:38.933+0000] {dag.py:2585} INFO - Sync 1 DAGs
[2025-02-13T17:49:38.974+0000] {logging_mixin.py:137} INFO - [2025-02-13T17:49:38.974+0000] {dag.py:3340} INFO - Setting next_dagrun for example_branch_operator to 2025-02-12T00:00:00+00:00, run_after=2025-02-13T00:00:00+00:00
[2025-02-13T17:49:39.006+0000] {processor.py:176} INFO - Processing /home/airflow/.local/lib/python3.7/site-packages/airflow/example_dags/example_branch_operator.py took 0.164 seconds
[2025-02-13T17:50:09.848+0000] {processor.py:154} INFO - Started process (PID=1134) to work on /home/airflow/.local/lib/python3.7/site-packages/airflow/example_dags/example_branch_operator.py
[2025-02-13T17:50:09.850+0000] {processor.py:756} INFO - Processing file /home/airflow/.local/lib/python3.7/site-packages/airflow/example_dags/example_branch_operator.py for tasks to queue
[2025-02-13T17:50:09.851+0000] {logging_mixin.py:137} INFO - [2025-02-13T17:50:09.851+0000] {dagbag.py:537} INFO - Filling up the DagBag from /home/airflow/.local/lib/python3.7/site-packages/airflow/example_dags/example_branch_operator.py
[2025-02-13T17:50:09.875+0000] {processor.py:766} INFO - DAG(s) dict_keys(['example_branch_operator']) retrieved from /home/airflow/.local/lib/python3.7/site-packages/airflow/example_dags/example_branch_operator.py
[2025-02-13T17:50:09.933+0000] {logging_mixin.py:137} INFO - [2025-02-13T17:50:09.933+0000] {dag.py:2585} INFO - Sync 1 DAGs
[2025-02-13T17:50:09.968+0000] {logging_mixin.py:137} INFO - [2025-02-13T17:50:09.968+0000] {dag.py:3340} INFO - Setting next_dagrun for example_branch_operator to 2025-02-12T00:00:00+00:00, run_after=2025-02-13T00:00:00+00:00
[2025-02-13T17:50:09.995+0000] {processor.py:176} INFO - Processing /home/airflow/.local/lib/python3.7/site-packages/airflow/example_dags/example_branch_operator.py took 0.151 seconds
[2025-02-13T17:50:40.357+0000] {processor.py:154} INFO - Started process (PID=1314) to work on /home/airflow/.local/lib/python3.7/site-packages/airflow/example_dags/example_branch_operator.py
[2025-02-13T17:50:40.359+0000] {processor.py:756} INFO - Processing file /home/airflow/.local/lib/python3.7/site-packages/airflow/example_dags/example_branch_operator.py for tasks to queue
[2025-02-13T17:50:40.361+0000] {logging_mixin.py:137} INFO - [2025-02-13T17:50:40.361+0000] {dagbag.py:537} INFO - Filling up the DagBag from /home/airflow/.local/lib/python3.7/site-packages/airflow/example_dags/example_branch_operator.py
[2025-02-13T17:50:40.392+0000] {processor.py:766} INFO - DAG(s) dict_keys(['example_branch_operator']) retrieved from /home/airflow/.local/lib/python3.7/site-packages/airflow/example_dags/example_branch_operator.py
[2025-02-13T17:50:40.470+0000] {logging_mixin.py:137} INFO - [2025-02-13T17:50:40.470+0000] {dag.py:2585} INFO - Sync 1 DAGs
[2025-02-13T17:50:40.512+0000] {logging_mixin.py:137} INFO - [2025-02-13T17:50:40.512+0000] {dag.py:3340} INFO - Setting next_dagrun for example_branch_operator to 2025-02-12T00:00:00+00:00, run_after=2025-02-13T00:00:00+00:00
[2025-02-13T17:50:40.545+0000] {processor.py:176} INFO - Processing /home/airflow/.local/lib/python3.7/site-packages/airflow/example_dags/example_branch_operator.py took 0.193 seconds
[2025-02-13T17:51:11.487+0000] {processor.py:154} INFO - Started process (PID=1494) to work on /home/airflow/.local/lib/python3.7/site-packages/airflow/example_dags/example_branch_operator.py
[2025-02-13T17:51:11.488+0000] {processor.py:756} INFO - Processing file /home/airflow/.local/lib/python3.7/site-packages/airflow/example_dags/example_branch_operator.py for tasks to queue
[2025-02-13T17:51:11.490+0000] {logging_mixin.py:137} INFO - [2025-02-13T17:51:11.490+0000] {dagbag.py:537} INFO - Filling up the DagBag from /home/airflow/.local/lib/python3.7/site-packages/airflow/example_dags/example_branch_operator.py
[2025-02-13T17:51:11.514+0000] {processor.py:766} INFO - DAG(s) dict_keys(['example_branch_operator']) retrieved from /home/airflow/.local/lib/python3.7/site-packages/airflow/example_dags/example_branch_operator.py
[2025-02-13T17:51:11.575+0000] {logging_mixin.py:137} INFO - [2025-02-13T17:51:11.575+0000] {dag.py:2585} INFO - Sync 1 DAGs
[2025-02-13T17:51:11.609+0000] {logging_mixin.py:137} INFO - [2025-02-13T17:51:11.609+0000] {dag.py:3340} INFO - Setting next_dagrun for example_branch_operator to 2025-02-12T00:00:00+00:00, run_after=2025-02-13T00:00:00+00:00
[2025-02-13T17:51:11.638+0000] {processor.py:176} INFO - Processing /home/airflow/.local/lib/python3.7/site-packages/airflow/example_dags/example_branch_operator.py took 0.156 seconds
[2025-02-13T17:51:41.733+0000] {processor.py:154} INFO - Started process (PID=1674) to work on /home/airflow/.local/lib/python3.7/site-packages/airflow/example_dags/example_branch_operator.py
[2025-02-13T17:51:41.735+0000] {processor.py:756} INFO - Processing file /home/airflow/.local/lib/python3.7/site-packages/airflow/example_dags/example_branch_operator.py for tasks to queue
[2025-02-13T17:51:41.737+0000] {logging_mixin.py:137} INFO - [2025-02-13T17:51:41.736+0000] {dagbag.py:537} INFO - Filling up the DagBag from /home/airflow/.local/lib/python3.7/site-packages/airflow/example_dags/example_branch_operator.py
[2025-02-13T17:51:41.758+0000] {processor.py:766} INFO - DAG(s) dict_keys(['example_branch_operator']) retrieved from /home/airflow/.local/lib/python3.7/site-packages/airflow/example_dags/example_branch_operator.py
[2025-02-13T17:51:41.817+0000] {logging_mixin.py:137} INFO - [2025-02-13T17:51:41.816+0000] {dag.py:2585} INFO - Sync 1 DAGs
[2025-02-13T17:51:41.859+0000] {logging_mixin.py:137} INFO - [2025-02-13T17:51:41.859+0000] {dag.py:3340} INFO - Setting next_dagrun for example_branch_operator to 2025-02-12T00:00:00+00:00, run_after=2025-02-13T00:00:00+00:00
[2025-02-13T17:51:41.911+0000] {processor.py:176} INFO - Processing /home/airflow/.local/lib/python3.7/site-packages/airflow/example_dags/example_branch_operator.py took 0.181 seconds
