[2025-02-13T17:25:24.363+0000] {processor.py:154} INFO - Started process (PID=308) to work on /home/airflow/.local/lib/python3.7/site-packages/airflow/example_dags/example_bash_operator.py
[2025-02-13T17:25:24.367+0000] {processor.py:756} INFO - Processing file /home/airflow/.local/lib/python3.7/site-packages/airflow/example_dags/example_bash_operator.py for tasks to queue
[2025-02-13T17:25:24.369+0000] {logging_mixin.py:137} INFO - [2025-02-13T17:25:24.369+0000] {dagbag.py:537} INFO - Filling up the DagBag from /home/airflow/.local/lib/python3.7/site-packages/airflow/example_dags/example_bash_operator.py
[2025-02-13T17:25:24.455+0000] {processor.py:766} INFO - DAG(s) dict_keys(['example_bash_operator']) retrieved from /home/airflow/.local/lib/python3.7/site-packages/airflow/example_dags/example_bash_operator.py
[2025-02-13T17:25:24.554+0000] {logging_mixin.py:137} INFO - [2025-02-13T17:25:24.554+0000] {dag.py:2585} INFO - Sync 1 DAGs
[2025-02-13T17:25:24.597+0000] {logging_mixin.py:137} INFO - [2025-02-13T17:25:24.597+0000] {dag.py:3340} INFO - Setting next_dagrun for example_bash_operator to 2025-02-12T00:00:00+00:00, run_after=2025-02-13T00:00:00+00:00
[2025-02-13T17:25:24.653+0000] {processor.py:176} INFO - Processing /home/airflow/.local/lib/python3.7/site-packages/airflow/example_dags/example_bash_operator.py took 0.303 seconds
[2025-02-13T17:25:55.900+0000] {processor.py:154} INFO - Started process (PID=486) to work on /home/airflow/.local/lib/python3.7/site-packages/airflow/example_dags/example_bash_operator.py
[2025-02-13T17:25:55.903+0000] {processor.py:756} INFO - Processing file /home/airflow/.local/lib/python3.7/site-packages/airflow/example_dags/example_bash_operator.py for tasks to queue
[2025-02-13T17:25:55.905+0000] {logging_mixin.py:137} INFO - [2025-02-13T17:25:55.905+0000] {dagbag.py:537} INFO - Filling up the DagBag from /home/airflow/.local/lib/python3.7/site-packages/airflow/example_dags/example_bash_operator.py
[2025-02-13T17:25:55.962+0000] {processor.py:766} INFO - DAG(s) dict_keys(['example_bash_operator']) retrieved from /home/airflow/.local/lib/python3.7/site-packages/airflow/example_dags/example_bash_operator.py
[2025-02-13T17:25:56.067+0000] {logging_mixin.py:137} INFO - [2025-02-13T17:25:56.067+0000] {dag.py:2585} INFO - Sync 1 DAGs
[2025-02-13T17:25:56.184+0000] {logging_mixin.py:137} INFO - [2025-02-13T17:25:56.183+0000] {dag.py:3340} INFO - Setting next_dagrun for example_bash_operator to 2025-02-12T00:00:00+00:00, run_after=2025-02-13T00:00:00+00:00
[2025-02-13T17:25:56.249+0000] {processor.py:176} INFO - Processing /home/airflow/.local/lib/python3.7/site-packages/airflow/example_dags/example_bash_operator.py took 0.355 seconds
[2025-02-13T17:26:26.948+0000] {processor.py:154} INFO - Started process (PID=667) to work on /home/airflow/.local/lib/python3.7/site-packages/airflow/example_dags/example_bash_operator.py
[2025-02-13T17:26:26.951+0000] {processor.py:756} INFO - Processing file /home/airflow/.local/lib/python3.7/site-packages/airflow/example_dags/example_bash_operator.py for tasks to queue
[2025-02-13T17:26:26.954+0000] {logging_mixin.py:137} INFO - [2025-02-13T17:26:26.953+0000] {dagbag.py:537} INFO - Filling up the DagBag from /home/airflow/.local/lib/python3.7/site-packages/airflow/example_dags/example_bash_operator.py
[2025-02-13T17:26:27.002+0000] {processor.py:766} INFO - DAG(s) dict_keys(['example_bash_operator']) retrieved from /home/airflow/.local/lib/python3.7/site-packages/airflow/example_dags/example_bash_operator.py
[2025-02-13T17:26:27.119+0000] {logging_mixin.py:137} INFO - [2025-02-13T17:26:27.118+0000] {dag.py:2585} INFO - Sync 1 DAGs
[2025-02-13T17:26:27.208+0000] {logging_mixin.py:137} INFO - [2025-02-13T17:26:27.207+0000] {dag.py:3340} INFO - Setting next_dagrun for example_bash_operator to 2025-02-12T00:00:00+00:00, run_after=2025-02-13T00:00:00+00:00
[2025-02-13T17:26:27.262+0000] {processor.py:176} INFO - Processing /home/airflow/.local/lib/python3.7/site-packages/airflow/example_dags/example_bash_operator.py took 0.326 seconds
[2025-02-13T17:26:57.386+0000] {processor.py:154} INFO - Started process (PID=849) to work on /home/airflow/.local/lib/python3.7/site-packages/airflow/example_dags/example_bash_operator.py
[2025-02-13T17:26:57.388+0000] {processor.py:756} INFO - Processing file /home/airflow/.local/lib/python3.7/site-packages/airflow/example_dags/example_bash_operator.py for tasks to queue
[2025-02-13T17:26:57.390+0000] {logging_mixin.py:137} INFO - [2025-02-13T17:26:57.389+0000] {dagbag.py:537} INFO - Filling up the DagBag from /home/airflow/.local/lib/python3.7/site-packages/airflow/example_dags/example_bash_operator.py
[2025-02-13T17:26:57.455+0000] {processor.py:766} INFO - DAG(s) dict_keys(['example_bash_operator']) retrieved from /home/airflow/.local/lib/python3.7/site-packages/airflow/example_dags/example_bash_operator.py
[2025-02-13T17:26:57.532+0000] {logging_mixin.py:137} INFO - [2025-02-13T17:26:57.531+0000] {dag.py:2585} INFO - Sync 1 DAGs
[2025-02-13T17:26:57.597+0000] {logging_mixin.py:137} INFO - [2025-02-13T17:26:57.597+0000] {dag.py:3340} INFO - Setting next_dagrun for example_bash_operator to 2025-02-12T00:00:00+00:00, run_after=2025-02-13T00:00:00+00:00
[2025-02-13T17:26:57.634+0000] {processor.py:176} INFO - Processing /home/airflow/.local/lib/python3.7/site-packages/airflow/example_dags/example_bash_operator.py took 0.253 seconds
[2025-02-13T17:27:28.455+0000] {processor.py:154} INFO - Started process (PID=1027) to work on /home/airflow/.local/lib/python3.7/site-packages/airflow/example_dags/example_bash_operator.py
[2025-02-13T17:27:28.458+0000] {processor.py:756} INFO - Processing file /home/airflow/.local/lib/python3.7/site-packages/airflow/example_dags/example_bash_operator.py for tasks to queue
[2025-02-13T17:27:28.462+0000] {logging_mixin.py:137} INFO - [2025-02-13T17:27:28.461+0000] {dagbag.py:537} INFO - Filling up the DagBag from /home/airflow/.local/lib/python3.7/site-packages/airflow/example_dags/example_bash_operator.py
[2025-02-13T17:27:28.549+0000] {processor.py:766} INFO - DAG(s) dict_keys(['example_bash_operator']) retrieved from /home/airflow/.local/lib/python3.7/site-packages/airflow/example_dags/example_bash_operator.py
[2025-02-13T17:27:28.633+0000] {logging_mixin.py:137} INFO - [2025-02-13T17:27:28.632+0000] {dag.py:2585} INFO - Sync 1 DAGs
[2025-02-13T17:27:28.712+0000] {logging_mixin.py:137} INFO - [2025-02-13T17:27:28.712+0000] {dag.py:3340} INFO - Setting next_dagrun for example_bash_operator to 2025-02-12T00:00:00+00:00, run_after=2025-02-13T00:00:00+00:00
[2025-02-13T17:27:28.764+0000] {processor.py:176} INFO - Processing /home/airflow/.local/lib/python3.7/site-packages/airflow/example_dags/example_bash_operator.py took 0.328 seconds
[2025-02-13T17:27:59.595+0000] {processor.py:154} INFO - Started process (PID=1207) to work on /home/airflow/.local/lib/python3.7/site-packages/airflow/example_dags/example_bash_operator.py
[2025-02-13T17:27:59.598+0000] {processor.py:756} INFO - Processing file /home/airflow/.local/lib/python3.7/site-packages/airflow/example_dags/example_bash_operator.py for tasks to queue
[2025-02-13T17:27:59.601+0000] {logging_mixin.py:137} INFO - [2025-02-13T17:27:59.600+0000] {dagbag.py:537} INFO - Filling up the DagBag from /home/airflow/.local/lib/python3.7/site-packages/airflow/example_dags/example_bash_operator.py
[2025-02-13T17:27:59.639+0000] {processor.py:766} INFO - DAG(s) dict_keys(['example_bash_operator']) retrieved from /home/airflow/.local/lib/python3.7/site-packages/airflow/example_dags/example_bash_operator.py
[2025-02-13T17:27:59.680+0000] {logging_mixin.py:137} INFO - [2025-02-13T17:27:59.680+0000] {dag.py:2585} INFO - Sync 1 DAGs
[2025-02-13T17:27:59.728+0000] {logging_mixin.py:137} INFO - [2025-02-13T17:27:59.728+0000] {dag.py:3340} INFO - Setting next_dagrun for example_bash_operator to 2025-02-12T00:00:00+00:00, run_after=2025-02-13T00:00:00+00:00
[2025-02-13T17:27:59.776+0000] {processor.py:176} INFO - Processing /home/airflow/.local/lib/python3.7/site-packages/airflow/example_dags/example_bash_operator.py took 0.192 seconds
[2025-02-13T17:28:29.944+0000] {processor.py:154} INFO - Started process (PID=1389) to work on /home/airflow/.local/lib/python3.7/site-packages/airflow/example_dags/example_bash_operator.py
[2025-02-13T17:28:29.946+0000] {processor.py:756} INFO - Processing file /home/airflow/.local/lib/python3.7/site-packages/airflow/example_dags/example_bash_operator.py for tasks to queue
[2025-02-13T17:28:29.948+0000] {logging_mixin.py:137} INFO - [2025-02-13T17:28:29.947+0000] {dagbag.py:537} INFO - Filling up the DagBag from /home/airflow/.local/lib/python3.7/site-packages/airflow/example_dags/example_bash_operator.py
[2025-02-13T17:28:29.983+0000] {processor.py:766} INFO - DAG(s) dict_keys(['example_bash_operator']) retrieved from /home/airflow/.local/lib/python3.7/site-packages/airflow/example_dags/example_bash_operator.py
[2025-02-13T17:28:30.024+0000] {logging_mixin.py:137} INFO - [2025-02-13T17:28:30.023+0000] {dag.py:2585} INFO - Sync 1 DAGs
[2025-02-13T17:28:30.073+0000] {logging_mixin.py:137} INFO - [2025-02-13T17:28:30.073+0000] {dag.py:3340} INFO - Setting next_dagrun for example_bash_operator to 2025-02-12T00:00:00+00:00, run_after=2025-02-13T00:00:00+00:00
[2025-02-13T17:28:30.107+0000] {processor.py:176} INFO - Processing /home/airflow/.local/lib/python3.7/site-packages/airflow/example_dags/example_bash_operator.py took 0.167 seconds
[2025-02-13T17:29:01.107+0000] {processor.py:154} INFO - Started process (PID=1567) to work on /home/airflow/.local/lib/python3.7/site-packages/airflow/example_dags/example_bash_operator.py
[2025-02-13T17:29:01.110+0000] {processor.py:756} INFO - Processing file /home/airflow/.local/lib/python3.7/site-packages/airflow/example_dags/example_bash_operator.py for tasks to queue
[2025-02-13T17:29:01.114+0000] {logging_mixin.py:137} INFO - [2025-02-13T17:29:01.113+0000] {dagbag.py:537} INFO - Filling up the DagBag from /home/airflow/.local/lib/python3.7/site-packages/airflow/example_dags/example_bash_operator.py
[2025-02-13T17:29:01.172+0000] {processor.py:766} INFO - DAG(s) dict_keys(['example_bash_operator']) retrieved from /home/airflow/.local/lib/python3.7/site-packages/airflow/example_dags/example_bash_operator.py
[2025-02-13T17:29:01.221+0000] {logging_mixin.py:137} INFO - [2025-02-13T17:29:01.221+0000] {dag.py:2585} INFO - Sync 1 DAGs
[2025-02-13T17:29:01.274+0000] {logging_mixin.py:137} INFO - [2025-02-13T17:29:01.273+0000] {dag.py:3340} INFO - Setting next_dagrun for example_bash_operator to 2025-02-12T00:00:00+00:00, run_after=2025-02-13T00:00:00+00:00
[2025-02-13T17:29:01.327+0000] {processor.py:176} INFO - Processing /home/airflow/.local/lib/python3.7/site-packages/airflow/example_dags/example_bash_operator.py took 0.228 seconds
[2025-02-13T17:29:31.550+0000] {processor.py:154} INFO - Started process (PID=1749) to work on /home/airflow/.local/lib/python3.7/site-packages/airflow/example_dags/example_bash_operator.py
[2025-02-13T17:29:31.552+0000] {processor.py:756} INFO - Processing file /home/airflow/.local/lib/python3.7/site-packages/airflow/example_dags/example_bash_operator.py for tasks to queue
[2025-02-13T17:29:31.553+0000] {logging_mixin.py:137} INFO - [2025-02-13T17:29:31.553+0000] {dagbag.py:537} INFO - Filling up the DagBag from /home/airflow/.local/lib/python3.7/site-packages/airflow/example_dags/example_bash_operator.py
[2025-02-13T17:29:31.584+0000] {processor.py:766} INFO - DAG(s) dict_keys(['example_bash_operator']) retrieved from /home/airflow/.local/lib/python3.7/site-packages/airflow/example_dags/example_bash_operator.py
[2025-02-13T17:29:31.646+0000] {logging_mixin.py:137} INFO - [2025-02-13T17:29:31.646+0000] {dag.py:2585} INFO - Sync 1 DAGs
[2025-02-13T17:29:31.704+0000] {logging_mixin.py:137} INFO - [2025-02-13T17:29:31.704+0000] {dag.py:3340} INFO - Setting next_dagrun for example_bash_operator to 2025-02-12T00:00:00+00:00, run_after=2025-02-13T00:00:00+00:00
[2025-02-13T17:29:31.743+0000] {processor.py:176} INFO - Processing /home/airflow/.local/lib/python3.7/site-packages/airflow/example_dags/example_bash_operator.py took 0.197 seconds
[2025-02-13T17:30:01.896+0000] {processor.py:154} INFO - Started process (PID=1927) to work on /home/airflow/.local/lib/python3.7/site-packages/airflow/example_dags/example_bash_operator.py
[2025-02-13T17:30:01.900+0000] {processor.py:756} INFO - Processing file /home/airflow/.local/lib/python3.7/site-packages/airflow/example_dags/example_bash_operator.py for tasks to queue
[2025-02-13T17:30:01.903+0000] {logging_mixin.py:137} INFO - [2025-02-13T17:30:01.902+0000] {dagbag.py:537} INFO - Filling up the DagBag from /home/airflow/.local/lib/python3.7/site-packages/airflow/example_dags/example_bash_operator.py
[2025-02-13T17:30:01.962+0000] {processor.py:766} INFO - DAG(s) dict_keys(['example_bash_operator']) retrieved from /home/airflow/.local/lib/python3.7/site-packages/airflow/example_dags/example_bash_operator.py
[2025-02-13T17:30:02.011+0000] {logging_mixin.py:137} INFO - [2025-02-13T17:30:02.011+0000] {dag.py:2585} INFO - Sync 1 DAGs
[2025-02-13T17:30:02.054+0000] {logging_mixin.py:137} INFO - [2025-02-13T17:30:02.053+0000] {dag.py:3340} INFO - Setting next_dagrun for example_bash_operator to 2025-02-12T00:00:00+00:00, run_after=2025-02-13T00:00:00+00:00
[2025-02-13T17:30:02.114+0000] {processor.py:176} INFO - Processing /home/airflow/.local/lib/python3.7/site-packages/airflow/example_dags/example_bash_operator.py took 0.243 seconds
[2025-02-13T17:30:32.865+0000] {processor.py:154} INFO - Started process (PID=2107) to work on /home/airflow/.local/lib/python3.7/site-packages/airflow/example_dags/example_bash_operator.py
[2025-02-13T17:30:32.868+0000] {processor.py:756} INFO - Processing file /home/airflow/.local/lib/python3.7/site-packages/airflow/example_dags/example_bash_operator.py for tasks to queue
[2025-02-13T17:30:32.871+0000] {logging_mixin.py:137} INFO - [2025-02-13T17:30:32.870+0000] {dagbag.py:537} INFO - Filling up the DagBag from /home/airflow/.local/lib/python3.7/site-packages/airflow/example_dags/example_bash_operator.py
[2025-02-13T17:30:32.935+0000] {processor.py:766} INFO - DAG(s) dict_keys(['example_bash_operator']) retrieved from /home/airflow/.local/lib/python3.7/site-packages/airflow/example_dags/example_bash_operator.py
[2025-02-13T17:30:33.007+0000] {logging_mixin.py:137} INFO - [2025-02-13T17:30:33.006+0000] {dag.py:2585} INFO - Sync 1 DAGs
[2025-02-13T17:30:33.082+0000] {logging_mixin.py:137} INFO - [2025-02-13T17:30:33.082+0000] {dag.py:3340} INFO - Setting next_dagrun for example_bash_operator to 2025-02-12T00:00:00+00:00, run_after=2025-02-13T00:00:00+00:00
[2025-02-13T17:30:33.162+0000] {processor.py:176} INFO - Processing /home/airflow/.local/lib/python3.7/site-packages/airflow/example_dags/example_bash_operator.py took 0.308 seconds
[2025-02-13T17:31:03.903+0000] {processor.py:154} INFO - Started process (PID=2289) to work on /home/airflow/.local/lib/python3.7/site-packages/airflow/example_dags/example_bash_operator.py
[2025-02-13T17:31:03.905+0000] {processor.py:756} INFO - Processing file /home/airflow/.local/lib/python3.7/site-packages/airflow/example_dags/example_bash_operator.py for tasks to queue
[2025-02-13T17:31:03.908+0000] {logging_mixin.py:137} INFO - [2025-02-13T17:31:03.908+0000] {dagbag.py:537} INFO - Filling up the DagBag from /home/airflow/.local/lib/python3.7/site-packages/airflow/example_dags/example_bash_operator.py
[2025-02-13T17:31:03.941+0000] {processor.py:766} INFO - DAG(s) dict_keys(['example_bash_operator']) retrieved from /home/airflow/.local/lib/python3.7/site-packages/airflow/example_dags/example_bash_operator.py
[2025-02-13T17:31:04.004+0000] {logging_mixin.py:137} INFO - [2025-02-13T17:31:04.004+0000] {dag.py:2585} INFO - Sync 1 DAGs
[2025-02-13T17:31:04.056+0000] {logging_mixin.py:137} INFO - [2025-02-13T17:31:04.055+0000] {dag.py:3340} INFO - Setting next_dagrun for example_bash_operator to 2025-02-12T00:00:00+00:00, run_after=2025-02-13T00:00:00+00:00
[2025-02-13T17:31:04.123+0000] {processor.py:176} INFO - Processing /home/airflow/.local/lib/python3.7/site-packages/airflow/example_dags/example_bash_operator.py took 0.226 seconds
[2025-02-13T17:31:34.431+0000] {processor.py:154} INFO - Started process (PID=2469) to work on /home/airflow/.local/lib/python3.7/site-packages/airflow/example_dags/example_bash_operator.py
[2025-02-13T17:31:34.433+0000] {processor.py:756} INFO - Processing file /home/airflow/.local/lib/python3.7/site-packages/airflow/example_dags/example_bash_operator.py for tasks to queue
[2025-02-13T17:31:34.436+0000] {logging_mixin.py:137} INFO - [2025-02-13T17:31:34.436+0000] {dagbag.py:537} INFO - Filling up the DagBag from /home/airflow/.local/lib/python3.7/site-packages/airflow/example_dags/example_bash_operator.py
[2025-02-13T17:31:34.480+0000] {processor.py:766} INFO - DAG(s) dict_keys(['example_bash_operator']) retrieved from /home/airflow/.local/lib/python3.7/site-packages/airflow/example_dags/example_bash_operator.py
[2025-02-13T17:31:34.541+0000] {logging_mixin.py:137} INFO - [2025-02-13T17:31:34.541+0000] {dag.py:2585} INFO - Sync 1 DAGs
[2025-02-13T17:31:34.617+0000] {logging_mixin.py:137} INFO - [2025-02-13T17:31:34.617+0000] {dag.py:3340} INFO - Setting next_dagrun for example_bash_operator to 2025-02-12T00:00:00+00:00, run_after=2025-02-13T00:00:00+00:00
[2025-02-13T17:31:34.669+0000] {processor.py:176} INFO - Processing /home/airflow/.local/lib/python3.7/site-packages/airflow/example_dags/example_bash_operator.py took 0.246 seconds
[2025-02-13T17:32:06.399+0000] {processor.py:154} INFO - Started process (PID=2646) to work on /home/airflow/.local/lib/python3.7/site-packages/airflow/example_dags/example_bash_operator.py
[2025-02-13T17:32:06.401+0000] {processor.py:756} INFO - Processing file /home/airflow/.local/lib/python3.7/site-packages/airflow/example_dags/example_bash_operator.py for tasks to queue
[2025-02-13T17:32:06.404+0000] {logging_mixin.py:137} INFO - [2025-02-13T17:32:06.404+0000] {dagbag.py:537} INFO - Filling up the DagBag from /home/airflow/.local/lib/python3.7/site-packages/airflow/example_dags/example_bash_operator.py
[2025-02-13T17:32:06.450+0000] {processor.py:766} INFO - DAG(s) dict_keys(['example_bash_operator']) retrieved from /home/airflow/.local/lib/python3.7/site-packages/airflow/example_dags/example_bash_operator.py
[2025-02-13T17:32:06.597+0000] {logging_mixin.py:137} INFO - [2025-02-13T17:32:06.596+0000] {dag.py:2585} INFO - Sync 1 DAGs
[2025-02-13T17:32:06.636+0000] {logging_mixin.py:137} INFO - [2025-02-13T17:32:06.636+0000] {dag.py:3340} INFO - Setting next_dagrun for example_bash_operator to 2025-02-12T00:00:00+00:00, run_after=2025-02-13T00:00:00+00:00
[2025-02-13T17:32:06.689+0000] {processor.py:176} INFO - Processing /home/airflow/.local/lib/python3.7/site-packages/airflow/example_dags/example_bash_operator.py took 0.299 seconds
[2025-02-13T17:32:37.320+0000] {processor.py:154} INFO - Started process (PID=2829) to work on /home/airflow/.local/lib/python3.7/site-packages/airflow/example_dags/example_bash_operator.py
[2025-02-13T17:32:37.323+0000] {processor.py:756} INFO - Processing file /home/airflow/.local/lib/python3.7/site-packages/airflow/example_dags/example_bash_operator.py for tasks to queue
[2025-02-13T17:32:37.326+0000] {logging_mixin.py:137} INFO - [2025-02-13T17:32:37.326+0000] {dagbag.py:537} INFO - Filling up the DagBag from /home/airflow/.local/lib/python3.7/site-packages/airflow/example_dags/example_bash_operator.py
[2025-02-13T17:32:37.371+0000] {processor.py:766} INFO - DAG(s) dict_keys(['example_bash_operator']) retrieved from /home/airflow/.local/lib/python3.7/site-packages/airflow/example_dags/example_bash_operator.py
[2025-02-13T17:32:37.471+0000] {logging_mixin.py:137} INFO - [2025-02-13T17:32:37.471+0000] {dag.py:2585} INFO - Sync 1 DAGs
[2025-02-13T17:32:37.529+0000] {logging_mixin.py:137} INFO - [2025-02-13T17:32:37.529+0000] {dag.py:3340} INFO - Setting next_dagrun for example_bash_operator to 2025-02-12T00:00:00+00:00, run_after=2025-02-13T00:00:00+00:00
[2025-02-13T17:32:37.582+0000] {processor.py:176} INFO - Processing /home/airflow/.local/lib/python3.7/site-packages/airflow/example_dags/example_bash_operator.py took 0.269 seconds
[2025-02-13T17:33:07.902+0000] {processor.py:154} INFO - Started process (PID=3007) to work on /home/airflow/.local/lib/python3.7/site-packages/airflow/example_dags/example_bash_operator.py
[2025-02-13T17:33:07.905+0000] {processor.py:756} INFO - Processing file /home/airflow/.local/lib/python3.7/site-packages/airflow/example_dags/example_bash_operator.py for tasks to queue
[2025-02-13T17:33:07.906+0000] {logging_mixin.py:137} INFO - [2025-02-13T17:33:07.906+0000] {dagbag.py:537} INFO - Filling up the DagBag from /home/airflow/.local/lib/python3.7/site-packages/airflow/example_dags/example_bash_operator.py
[2025-02-13T17:33:07.955+0000] {processor.py:766} INFO - DAG(s) dict_keys(['example_bash_operator']) retrieved from /home/airflow/.local/lib/python3.7/site-packages/airflow/example_dags/example_bash_operator.py
[2025-02-13T17:33:08.017+0000] {logging_mixin.py:137} INFO - [2025-02-13T17:33:08.016+0000] {dag.py:2585} INFO - Sync 1 DAGs
[2025-02-13T17:33:08.071+0000] {logging_mixin.py:137} INFO - [2025-02-13T17:33:08.070+0000] {dag.py:3340} INFO - Setting next_dagrun for example_bash_operator to 2025-02-12T00:00:00+00:00, run_after=2025-02-13T00:00:00+00:00
[2025-02-13T17:33:08.111+0000] {processor.py:176} INFO - Processing /home/airflow/.local/lib/python3.7/site-packages/airflow/example_dags/example_bash_operator.py took 0.220 seconds
[2025-02-13T17:33:38.700+0000] {processor.py:154} INFO - Started process (PID=3189) to work on /home/airflow/.local/lib/python3.7/site-packages/airflow/example_dags/example_bash_operator.py
[2025-02-13T17:33:38.702+0000] {processor.py:756} INFO - Processing file /home/airflow/.local/lib/python3.7/site-packages/airflow/example_dags/example_bash_operator.py for tasks to queue
[2025-02-13T17:33:38.704+0000] {logging_mixin.py:137} INFO - [2025-02-13T17:33:38.704+0000] {dagbag.py:537} INFO - Filling up the DagBag from /home/airflow/.local/lib/python3.7/site-packages/airflow/example_dags/example_bash_operator.py
[2025-02-13T17:33:38.741+0000] {processor.py:766} INFO - DAG(s) dict_keys(['example_bash_operator']) retrieved from /home/airflow/.local/lib/python3.7/site-packages/airflow/example_dags/example_bash_operator.py
[2025-02-13T17:33:38.826+0000] {logging_mixin.py:137} INFO - [2025-02-13T17:33:38.826+0000] {dag.py:2585} INFO - Sync 1 DAGs
[2025-02-13T17:33:38.873+0000] {logging_mixin.py:137} INFO - [2025-02-13T17:33:38.873+0000] {dag.py:3340} INFO - Setting next_dagrun for example_bash_operator to 2025-02-12T00:00:00+00:00, run_after=2025-02-13T00:00:00+00:00
[2025-02-13T17:33:38.913+0000] {processor.py:176} INFO - Processing /home/airflow/.local/lib/python3.7/site-packages/airflow/example_dags/example_bash_operator.py took 0.220 seconds
[2025-02-13T17:34:09.398+0000] {processor.py:154} INFO - Started process (PID=3367) to work on /home/airflow/.local/lib/python3.7/site-packages/airflow/example_dags/example_bash_operator.py
[2025-02-13T17:34:09.401+0000] {processor.py:756} INFO - Processing file /home/airflow/.local/lib/python3.7/site-packages/airflow/example_dags/example_bash_operator.py for tasks to queue
[2025-02-13T17:34:09.403+0000] {logging_mixin.py:137} INFO - [2025-02-13T17:34:09.403+0000] {dagbag.py:537} INFO - Filling up the DagBag from /home/airflow/.local/lib/python3.7/site-packages/airflow/example_dags/example_bash_operator.py
[2025-02-13T17:34:09.442+0000] {processor.py:766} INFO - DAG(s) dict_keys(['example_bash_operator']) retrieved from /home/airflow/.local/lib/python3.7/site-packages/airflow/example_dags/example_bash_operator.py
[2025-02-13T17:34:09.526+0000] {logging_mixin.py:137} INFO - [2025-02-13T17:34:09.526+0000] {dag.py:2585} INFO - Sync 1 DAGs
[2025-02-13T17:34:09.578+0000] {logging_mixin.py:137} INFO - [2025-02-13T17:34:09.578+0000] {dag.py:3340} INFO - Setting next_dagrun for example_bash_operator to 2025-02-12T00:00:00+00:00, run_after=2025-02-13T00:00:00+00:00
[2025-02-13T17:34:09.618+0000] {processor.py:176} INFO - Processing /home/airflow/.local/lib/python3.7/site-packages/airflow/example_dags/example_bash_operator.py took 0.224 seconds
[2025-02-13T17:34:40.104+0000] {processor.py:154} INFO - Started process (PID=3549) to work on /home/airflow/.local/lib/python3.7/site-packages/airflow/example_dags/example_bash_operator.py
[2025-02-13T17:34:40.107+0000] {processor.py:756} INFO - Processing file /home/airflow/.local/lib/python3.7/site-packages/airflow/example_dags/example_bash_operator.py for tasks to queue
[2025-02-13T17:34:40.108+0000] {logging_mixin.py:137} INFO - [2025-02-13T17:34:40.108+0000] {dagbag.py:537} INFO - Filling up the DagBag from /home/airflow/.local/lib/python3.7/site-packages/airflow/example_dags/example_bash_operator.py
[2025-02-13T17:34:40.148+0000] {processor.py:766} INFO - DAG(s) dict_keys(['example_bash_operator']) retrieved from /home/airflow/.local/lib/python3.7/site-packages/airflow/example_dags/example_bash_operator.py
[2025-02-13T17:34:40.220+0000] {logging_mixin.py:137} INFO - [2025-02-13T17:34:40.220+0000] {dag.py:2585} INFO - Sync 1 DAGs
[2025-02-13T17:34:40.269+0000] {logging_mixin.py:137} INFO - [2025-02-13T17:34:40.268+0000] {dag.py:3340} INFO - Setting next_dagrun for example_bash_operator to 2025-02-12T00:00:00+00:00, run_after=2025-02-13T00:00:00+00:00
[2025-02-13T17:34:40.311+0000] {processor.py:176} INFO - Processing /home/airflow/.local/lib/python3.7/site-packages/airflow/example_dags/example_bash_operator.py took 0.214 seconds
[2025-02-13T17:35:11.051+0000] {processor.py:154} INFO - Started process (PID=3729) to work on /home/airflow/.local/lib/python3.7/site-packages/airflow/example_dags/example_bash_operator.py
[2025-02-13T17:35:11.053+0000] {processor.py:756} INFO - Processing file /home/airflow/.local/lib/python3.7/site-packages/airflow/example_dags/example_bash_operator.py for tasks to queue
[2025-02-13T17:35:11.055+0000] {logging_mixin.py:137} INFO - [2025-02-13T17:35:11.054+0000] {dagbag.py:537} INFO - Filling up the DagBag from /home/airflow/.local/lib/python3.7/site-packages/airflow/example_dags/example_bash_operator.py
[2025-02-13T17:35:11.090+0000] {processor.py:766} INFO - DAG(s) dict_keys(['example_bash_operator']) retrieved from /home/airflow/.local/lib/python3.7/site-packages/airflow/example_dags/example_bash_operator.py
[2025-02-13T17:35:11.175+0000] {logging_mixin.py:137} INFO - [2025-02-13T17:35:11.174+0000] {dag.py:2585} INFO - Sync 1 DAGs
[2025-02-13T17:35:11.223+0000] {logging_mixin.py:137} INFO - [2025-02-13T17:35:11.222+0000] {dag.py:3340} INFO - Setting next_dagrun for example_bash_operator to 2025-02-12T00:00:00+00:00, run_after=2025-02-13T00:00:00+00:00
[2025-02-13T17:35:11.264+0000] {processor.py:176} INFO - Processing /home/airflow/.local/lib/python3.7/site-packages/airflow/example_dags/example_bash_operator.py took 0.218 seconds
[2025-02-13T17:35:41.703+0000] {processor.py:154} INFO - Started process (PID=3909) to work on /home/airflow/.local/lib/python3.7/site-packages/airflow/example_dags/example_bash_operator.py
[2025-02-13T17:35:41.706+0000] {processor.py:756} INFO - Processing file /home/airflow/.local/lib/python3.7/site-packages/airflow/example_dags/example_bash_operator.py for tasks to queue
[2025-02-13T17:35:41.707+0000] {logging_mixin.py:137} INFO - [2025-02-13T17:35:41.707+0000] {dagbag.py:537} INFO - Filling up the DagBag from /home/airflow/.local/lib/python3.7/site-packages/airflow/example_dags/example_bash_operator.py
[2025-02-13T17:35:41.750+0000] {processor.py:766} INFO - DAG(s) dict_keys(['example_bash_operator']) retrieved from /home/airflow/.local/lib/python3.7/site-packages/airflow/example_dags/example_bash_operator.py
[2025-02-13T17:35:41.829+0000] {logging_mixin.py:137} INFO - [2025-02-13T17:35:41.829+0000] {dag.py:2585} INFO - Sync 1 DAGs
[2025-02-13T17:35:41.891+0000] {logging_mixin.py:137} INFO - [2025-02-13T17:35:41.891+0000] {dag.py:3340} INFO - Setting next_dagrun for example_bash_operator to 2025-02-12T00:00:00+00:00, run_after=2025-02-13T00:00:00+00:00
[2025-02-13T17:35:41.948+0000] {processor.py:176} INFO - Processing /home/airflow/.local/lib/python3.7/site-packages/airflow/example_dags/example_bash_operator.py took 0.251 seconds
[2025-02-13T17:36:12.170+0000] {processor.py:154} INFO - Started process (PID=4087) to work on /home/airflow/.local/lib/python3.7/site-packages/airflow/example_dags/example_bash_operator.py
[2025-02-13T17:36:12.172+0000] {processor.py:756} INFO - Processing file /home/airflow/.local/lib/python3.7/site-packages/airflow/example_dags/example_bash_operator.py for tasks to queue
[2025-02-13T17:36:12.177+0000] {logging_mixin.py:137} INFO - [2025-02-13T17:36:12.176+0000] {dagbag.py:537} INFO - Filling up the DagBag from /home/airflow/.local/lib/python3.7/site-packages/airflow/example_dags/example_bash_operator.py
[2025-02-13T17:36:12.217+0000] {processor.py:766} INFO - DAG(s) dict_keys(['example_bash_operator']) retrieved from /home/airflow/.local/lib/python3.7/site-packages/airflow/example_dags/example_bash_operator.py
[2025-02-13T17:36:12.307+0000] {logging_mixin.py:137} INFO - [2025-02-13T17:36:12.306+0000] {dag.py:2585} INFO - Sync 1 DAGs
[2025-02-13T17:36:12.361+0000] {logging_mixin.py:137} INFO - [2025-02-13T17:36:12.361+0000] {dag.py:3340} INFO - Setting next_dagrun for example_bash_operator to 2025-02-12T00:00:00+00:00, run_after=2025-02-13T00:00:00+00:00
[2025-02-13T17:36:12.406+0000] {processor.py:176} INFO - Processing /home/airflow/.local/lib/python3.7/site-packages/airflow/example_dags/example_bash_operator.py took 0.246 seconds
[2025-02-13T17:36:42.626+0000] {processor.py:154} INFO - Started process (PID=4267) to work on /home/airflow/.local/lib/python3.7/site-packages/airflow/example_dags/example_bash_operator.py
[2025-02-13T17:36:42.628+0000] {processor.py:756} INFO - Processing file /home/airflow/.local/lib/python3.7/site-packages/airflow/example_dags/example_bash_operator.py for tasks to queue
[2025-02-13T17:36:42.629+0000] {logging_mixin.py:137} INFO - [2025-02-13T17:36:42.629+0000] {dagbag.py:537} INFO - Filling up the DagBag from /home/airflow/.local/lib/python3.7/site-packages/airflow/example_dags/example_bash_operator.py
[2025-02-13T17:36:42.725+0000] {processor.py:766} INFO - DAG(s) dict_keys(['example_bash_operator']) retrieved from /home/airflow/.local/lib/python3.7/site-packages/airflow/example_dags/example_bash_operator.py
[2025-02-13T17:36:42.834+0000] {logging_mixin.py:137} INFO - [2025-02-13T17:36:42.834+0000] {dag.py:2585} INFO - Sync 1 DAGs
[2025-02-13T17:36:42.951+0000] {logging_mixin.py:137} INFO - [2025-02-13T17:36:42.950+0000] {dag.py:3340} INFO - Setting next_dagrun for example_bash_operator to 2025-02-12T00:00:00+00:00, run_after=2025-02-13T00:00:00+00:00
[2025-02-13T17:36:43.051+0000] {processor.py:176} INFO - Processing /home/airflow/.local/lib/python3.7/site-packages/airflow/example_dags/example_bash_operator.py took 0.431 seconds
[2025-02-13T17:37:13.739+0000] {processor.py:154} INFO - Started process (PID=4447) to work on /home/airflow/.local/lib/python3.7/site-packages/airflow/example_dags/example_bash_operator.py
[2025-02-13T17:37:13.741+0000] {processor.py:756} INFO - Processing file /home/airflow/.local/lib/python3.7/site-packages/airflow/example_dags/example_bash_operator.py for tasks to queue
[2025-02-13T17:37:13.743+0000] {logging_mixin.py:137} INFO - [2025-02-13T17:37:13.743+0000] {dagbag.py:537} INFO - Filling up the DagBag from /home/airflow/.local/lib/python3.7/site-packages/airflow/example_dags/example_bash_operator.py
[2025-02-13T17:37:13.779+0000] {processor.py:766} INFO - DAG(s) dict_keys(['example_bash_operator']) retrieved from /home/airflow/.local/lib/python3.7/site-packages/airflow/example_dags/example_bash_operator.py
[2025-02-13T17:37:13.866+0000] {logging_mixin.py:137} INFO - [2025-02-13T17:37:13.866+0000] {dag.py:2585} INFO - Sync 1 DAGs
[2025-02-13T17:37:13.920+0000] {logging_mixin.py:137} INFO - [2025-02-13T17:37:13.920+0000] {dag.py:3340} INFO - Setting next_dagrun for example_bash_operator to 2025-02-12T00:00:00+00:00, run_after=2025-02-13T00:00:00+00:00
[2025-02-13T17:37:13.962+0000] {processor.py:176} INFO - Processing /home/airflow/.local/lib/python3.7/site-packages/airflow/example_dags/example_bash_operator.py took 0.227 seconds
[2025-02-13T17:37:44.811+0000] {processor.py:154} INFO - Started process (PID=4627) to work on /home/airflow/.local/lib/python3.7/site-packages/airflow/example_dags/example_bash_operator.py
[2025-02-13T17:37:44.813+0000] {processor.py:756} INFO - Processing file /home/airflow/.local/lib/python3.7/site-packages/airflow/example_dags/example_bash_operator.py for tasks to queue
[2025-02-13T17:37:44.816+0000] {logging_mixin.py:137} INFO - [2025-02-13T17:37:44.816+0000] {dagbag.py:537} INFO - Filling up the DagBag from /home/airflow/.local/lib/python3.7/site-packages/airflow/example_dags/example_bash_operator.py
[2025-02-13T17:37:44.863+0000] {processor.py:766} INFO - DAG(s) dict_keys(['example_bash_operator']) retrieved from /home/airflow/.local/lib/python3.7/site-packages/airflow/example_dags/example_bash_operator.py
[2025-02-13T17:37:44.969+0000] {logging_mixin.py:137} INFO - [2025-02-13T17:37:44.969+0000] {dag.py:2585} INFO - Sync 1 DAGs
[2025-02-13T17:37:45.027+0000] {logging_mixin.py:137} INFO - [2025-02-13T17:37:45.027+0000] {dag.py:3340} INFO - Setting next_dagrun for example_bash_operator to 2025-02-12T00:00:00+00:00, run_after=2025-02-13T00:00:00+00:00
[2025-02-13T17:37:45.066+0000] {processor.py:176} INFO - Processing /home/airflow/.local/lib/python3.7/site-packages/airflow/example_dags/example_bash_operator.py took 0.260 seconds
[2025-02-13T17:38:15.543+0000] {processor.py:154} INFO - Started process (PID=4807) to work on /home/airflow/.local/lib/python3.7/site-packages/airflow/example_dags/example_bash_operator.py
[2025-02-13T17:38:15.545+0000] {processor.py:756} INFO - Processing file /home/airflow/.local/lib/python3.7/site-packages/airflow/example_dags/example_bash_operator.py for tasks to queue
[2025-02-13T17:38:15.547+0000] {logging_mixin.py:137} INFO - [2025-02-13T17:38:15.546+0000] {dagbag.py:537} INFO - Filling up the DagBag from /home/airflow/.local/lib/python3.7/site-packages/airflow/example_dags/example_bash_operator.py
[2025-02-13T17:38:15.589+0000] {processor.py:766} INFO - DAG(s) dict_keys(['example_bash_operator']) retrieved from /home/airflow/.local/lib/python3.7/site-packages/airflow/example_dags/example_bash_operator.py
[2025-02-13T17:38:15.675+0000] {logging_mixin.py:137} INFO - [2025-02-13T17:38:15.674+0000] {dag.py:2585} INFO - Sync 1 DAGs
[2025-02-13T17:38:15.725+0000] {logging_mixin.py:137} INFO - [2025-02-13T17:38:15.725+0000] {dag.py:3340} INFO - Setting next_dagrun for example_bash_operator to 2025-02-12T00:00:00+00:00, run_after=2025-02-13T00:00:00+00:00
[2025-02-13T17:38:15.762+0000] {processor.py:176} INFO - Processing /home/airflow/.local/lib/python3.7/site-packages/airflow/example_dags/example_bash_operator.py took 0.227 seconds
[2025-02-13T17:38:46.119+0000] {processor.py:154} INFO - Started process (PID=4984) to work on /home/airflow/.local/lib/python3.7/site-packages/airflow/example_dags/example_bash_operator.py
[2025-02-13T17:38:46.124+0000] {processor.py:756} INFO - Processing file /home/airflow/.local/lib/python3.7/site-packages/airflow/example_dags/example_bash_operator.py for tasks to queue
[2025-02-13T17:38:46.126+0000] {logging_mixin.py:137} INFO - [2025-02-13T17:38:46.126+0000] {dagbag.py:537} INFO - Filling up the DagBag from /home/airflow/.local/lib/python3.7/site-packages/airflow/example_dags/example_bash_operator.py
[2025-02-13T17:38:46.188+0000] {processor.py:766} INFO - DAG(s) dict_keys(['example_bash_operator']) retrieved from /home/airflow/.local/lib/python3.7/site-packages/airflow/example_dags/example_bash_operator.py
[2025-02-13T17:38:46.386+0000] {logging_mixin.py:137} INFO - [2025-02-13T17:38:46.385+0000] {dag.py:2585} INFO - Sync 1 DAGs
[2025-02-13T17:38:46.449+0000] {logging_mixin.py:137} INFO - [2025-02-13T17:38:46.449+0000] {dag.py:3340} INFO - Setting next_dagrun for example_bash_operator to 2025-02-12T00:00:00+00:00, run_after=2025-02-13T00:00:00+00:00
[2025-02-13T17:38:46.492+0000] {processor.py:176} INFO - Processing /home/airflow/.local/lib/python3.7/site-packages/airflow/example_dags/example_bash_operator.py took 0.384 seconds
[2025-02-13T17:39:41.313+0000] {processor.py:154} INFO - Started process (PID=5169) to work on /home/airflow/.local/lib/python3.7/site-packages/airflow/example_dags/example_bash_operator.py
[2025-02-13T17:39:41.314+0000] {processor.py:756} INFO - Processing file /home/airflow/.local/lib/python3.7/site-packages/airflow/example_dags/example_bash_operator.py for tasks to queue
[2025-02-13T17:39:41.315+0000] {logging_mixin.py:137} INFO - [2025-02-13T17:39:41.315+0000] {dagbag.py:537} INFO - Filling up the DagBag from /home/airflow/.local/lib/python3.7/site-packages/airflow/example_dags/example_bash_operator.py
[2025-02-13T17:39:41.333+0000] {processor.py:766} INFO - DAG(s) dict_keys(['example_bash_operator']) retrieved from /home/airflow/.local/lib/python3.7/site-packages/airflow/example_dags/example_bash_operator.py
[2025-02-13T17:39:41.378+0000] {logging_mixin.py:137} INFO - [2025-02-13T17:39:41.377+0000] {dag.py:2585} INFO - Sync 1 DAGs
[2025-02-13T17:39:41.402+0000] {logging_mixin.py:137} INFO - [2025-02-13T17:39:41.402+0000] {dag.py:3340} INFO - Setting next_dagrun for example_bash_operator to 2025-02-12T00:00:00+00:00, run_after=2025-02-13T00:00:00+00:00
[2025-02-13T17:39:41.422+0000] {processor.py:176} INFO - Processing /home/airflow/.local/lib/python3.7/site-packages/airflow/example_dags/example_bash_operator.py took 0.112 seconds
[2025-02-13T17:40:13.036+0000] {processor.py:154} INFO - Started process (PID=5349) to work on /home/airflow/.local/lib/python3.7/site-packages/airflow/example_dags/example_bash_operator.py
[2025-02-13T17:40:13.037+0000] {processor.py:756} INFO - Processing file /home/airflow/.local/lib/python3.7/site-packages/airflow/example_dags/example_bash_operator.py for tasks to queue
[2025-02-13T17:40:13.039+0000] {logging_mixin.py:137} INFO - [2025-02-13T17:40:13.039+0000] {dagbag.py:537} INFO - Filling up the DagBag from /home/airflow/.local/lib/python3.7/site-packages/airflow/example_dags/example_bash_operator.py
[2025-02-13T17:40:13.075+0000] {processor.py:766} INFO - DAG(s) dict_keys(['example_bash_operator']) retrieved from /home/airflow/.local/lib/python3.7/site-packages/airflow/example_dags/example_bash_operator.py
[2025-02-13T17:40:13.156+0000] {logging_mixin.py:137} INFO - [2025-02-13T17:40:13.155+0000] {dag.py:2585} INFO - Sync 1 DAGs
[2025-02-13T17:40:13.211+0000] {logging_mixin.py:137} INFO - [2025-02-13T17:40:13.210+0000] {dag.py:3340} INFO - Setting next_dagrun for example_bash_operator to 2025-02-12T00:00:00+00:00, run_after=2025-02-13T00:00:00+00:00
[2025-02-13T17:40:13.267+0000] {processor.py:176} INFO - Processing /home/airflow/.local/lib/python3.7/site-packages/airflow/example_dags/example_bash_operator.py took 0.235 seconds
[2025-02-13T17:40:45.249+0000] {processor.py:154} INFO - Started process (PID=5531) to work on /home/airflow/.local/lib/python3.7/site-packages/airflow/example_dags/example_bash_operator.py
[2025-02-13T17:40:45.251+0000] {processor.py:756} INFO - Processing file /home/airflow/.local/lib/python3.7/site-packages/airflow/example_dags/example_bash_operator.py for tasks to queue
[2025-02-13T17:40:45.254+0000] {logging_mixin.py:137} INFO - [2025-02-13T17:40:45.254+0000] {dagbag.py:537} INFO - Filling up the DagBag from /home/airflow/.local/lib/python3.7/site-packages/airflow/example_dags/example_bash_operator.py
[2025-02-13T17:40:45.311+0000] {processor.py:766} INFO - DAG(s) dict_keys(['example_bash_operator']) retrieved from /home/airflow/.local/lib/python3.7/site-packages/airflow/example_dags/example_bash_operator.py
[2025-02-13T17:40:45.411+0000] {logging_mixin.py:137} INFO - [2025-02-13T17:40:45.410+0000] {dag.py:2585} INFO - Sync 1 DAGs
[2025-02-13T17:40:45.479+0000] {logging_mixin.py:137} INFO - [2025-02-13T17:40:45.479+0000] {dag.py:3340} INFO - Setting next_dagrun for example_bash_operator to 2025-02-12T00:00:00+00:00, run_after=2025-02-13T00:00:00+00:00
[2025-02-13T17:40:45.551+0000] {processor.py:176} INFO - Processing /home/airflow/.local/lib/python3.7/site-packages/airflow/example_dags/example_bash_operator.py took 0.310 seconds
[2025-02-13T17:41:16.471+0000] {processor.py:154} INFO - Started process (PID=5711) to work on /home/airflow/.local/lib/python3.7/site-packages/airflow/example_dags/example_bash_operator.py
[2025-02-13T17:41:16.472+0000] {processor.py:756} INFO - Processing file /home/airflow/.local/lib/python3.7/site-packages/airflow/example_dags/example_bash_operator.py for tasks to queue
[2025-02-13T17:41:16.473+0000] {logging_mixin.py:137} INFO - [2025-02-13T17:41:16.473+0000] {dagbag.py:537} INFO - Filling up the DagBag from /home/airflow/.local/lib/python3.7/site-packages/airflow/example_dags/example_bash_operator.py
[2025-02-13T17:41:16.503+0000] {processor.py:766} INFO - DAG(s) dict_keys(['example_bash_operator']) retrieved from /home/airflow/.local/lib/python3.7/site-packages/airflow/example_dags/example_bash_operator.py
[2025-02-13T17:41:16.568+0000] {logging_mixin.py:137} INFO - [2025-02-13T17:41:16.568+0000] {dag.py:2585} INFO - Sync 1 DAGs
[2025-02-13T17:41:16.608+0000] {logging_mixin.py:137} INFO - [2025-02-13T17:41:16.608+0000] {dag.py:3340} INFO - Setting next_dagrun for example_bash_operator to 2025-02-12T00:00:00+00:00, run_after=2025-02-13T00:00:00+00:00
[2025-02-13T17:41:16.643+0000] {processor.py:176} INFO - Processing /home/airflow/.local/lib/python3.7/site-packages/airflow/example_dags/example_bash_operator.py took 0.178 seconds
[2025-02-13T17:41:46.862+0000] {processor.py:154} INFO - Started process (PID=5888) to work on /home/airflow/.local/lib/python3.7/site-packages/airflow/example_dags/example_bash_operator.py
[2025-02-13T17:41:46.864+0000] {processor.py:756} INFO - Processing file /home/airflow/.local/lib/python3.7/site-packages/airflow/example_dags/example_bash_operator.py for tasks to queue
[2025-02-13T17:41:46.866+0000] {logging_mixin.py:137} INFO - [2025-02-13T17:41:46.866+0000] {dagbag.py:537} INFO - Filling up the DagBag from /home/airflow/.local/lib/python3.7/site-packages/airflow/example_dags/example_bash_operator.py
[2025-02-13T17:41:46.929+0000] {processor.py:766} INFO - DAG(s) dict_keys(['example_bash_operator']) retrieved from /home/airflow/.local/lib/python3.7/site-packages/airflow/example_dags/example_bash_operator.py
[2025-02-13T17:41:47.046+0000] {logging_mixin.py:137} INFO - [2025-02-13T17:41:47.046+0000] {dag.py:2585} INFO - Sync 1 DAGs
[2025-02-13T17:41:47.105+0000] {logging_mixin.py:137} INFO - [2025-02-13T17:41:47.104+0000] {dag.py:3340} INFO - Setting next_dagrun for example_bash_operator to 2025-02-12T00:00:00+00:00, run_after=2025-02-13T00:00:00+00:00
[2025-02-13T17:41:47.139+0000] {processor.py:176} INFO - Processing /home/airflow/.local/lib/python3.7/site-packages/airflow/example_dags/example_bash_operator.py took 0.281 seconds
[2025-02-13T17:42:17.571+0000] {processor.py:154} INFO - Started process (PID=6071) to work on /home/airflow/.local/lib/python3.7/site-packages/airflow/example_dags/example_bash_operator.py
[2025-02-13T17:42:17.573+0000] {processor.py:756} INFO - Processing file /home/airflow/.local/lib/python3.7/site-packages/airflow/example_dags/example_bash_operator.py for tasks to queue
[2025-02-13T17:42:17.575+0000] {logging_mixin.py:137} INFO - [2025-02-13T17:42:17.575+0000] {dagbag.py:537} INFO - Filling up the DagBag from /home/airflow/.local/lib/python3.7/site-packages/airflow/example_dags/example_bash_operator.py
[2025-02-13T17:42:17.603+0000] {processor.py:766} INFO - DAG(s) dict_keys(['example_bash_operator']) retrieved from /home/airflow/.local/lib/python3.7/site-packages/airflow/example_dags/example_bash_operator.py
[2025-02-13T17:42:17.720+0000] {logging_mixin.py:137} INFO - [2025-02-13T17:42:17.719+0000] {dag.py:2585} INFO - Sync 1 DAGs
[2025-02-13T17:42:17.782+0000] {logging_mixin.py:137} INFO - [2025-02-13T17:42:17.782+0000] {dag.py:3340} INFO - Setting next_dagrun for example_bash_operator to 2025-02-12T00:00:00+00:00, run_after=2025-02-13T00:00:00+00:00
[2025-02-13T17:42:17.828+0000] {processor.py:176} INFO - Processing /home/airflow/.local/lib/python3.7/site-packages/airflow/example_dags/example_bash_operator.py took 0.261 seconds
[2025-02-13T17:42:48.260+0000] {processor.py:154} INFO - Started process (PID=6251) to work on /home/airflow/.local/lib/python3.7/site-packages/airflow/example_dags/example_bash_operator.py
[2025-02-13T17:42:48.262+0000] {processor.py:756} INFO - Processing file /home/airflow/.local/lib/python3.7/site-packages/airflow/example_dags/example_bash_operator.py for tasks to queue
[2025-02-13T17:42:48.264+0000] {logging_mixin.py:137} INFO - [2025-02-13T17:42:48.263+0000] {dagbag.py:537} INFO - Filling up the DagBag from /home/airflow/.local/lib/python3.7/site-packages/airflow/example_dags/example_bash_operator.py
[2025-02-13T17:42:48.305+0000] {processor.py:766} INFO - DAG(s) dict_keys(['example_bash_operator']) retrieved from /home/airflow/.local/lib/python3.7/site-packages/airflow/example_dags/example_bash_operator.py
[2025-02-13T17:42:48.384+0000] {logging_mixin.py:137} INFO - [2025-02-13T17:42:48.384+0000] {dag.py:2585} INFO - Sync 1 DAGs
[2025-02-13T17:42:48.431+0000] {logging_mixin.py:137} INFO - [2025-02-13T17:42:48.431+0000] {dag.py:3340} INFO - Setting next_dagrun for example_bash_operator to 2025-02-12T00:00:00+00:00, run_after=2025-02-13T00:00:00+00:00
[2025-02-13T17:42:48.472+0000] {processor.py:176} INFO - Processing /home/airflow/.local/lib/python3.7/site-packages/airflow/example_dags/example_bash_operator.py took 0.217 seconds
[2025-02-13T17:43:19.290+0000] {processor.py:154} INFO - Started process (PID=6431) to work on /home/airflow/.local/lib/python3.7/site-packages/airflow/example_dags/example_bash_operator.py
[2025-02-13T17:43:19.292+0000] {processor.py:756} INFO - Processing file /home/airflow/.local/lib/python3.7/site-packages/airflow/example_dags/example_bash_operator.py for tasks to queue
[2025-02-13T17:43:19.294+0000] {logging_mixin.py:137} INFO - [2025-02-13T17:43:19.294+0000] {dagbag.py:537} INFO - Filling up the DagBag from /home/airflow/.local/lib/python3.7/site-packages/airflow/example_dags/example_bash_operator.py
[2025-02-13T17:43:19.334+0000] {processor.py:766} INFO - DAG(s) dict_keys(['example_bash_operator']) retrieved from /home/airflow/.local/lib/python3.7/site-packages/airflow/example_dags/example_bash_operator.py
[2025-02-13T17:43:19.422+0000] {logging_mixin.py:137} INFO - [2025-02-13T17:43:19.421+0000] {dag.py:2585} INFO - Sync 1 DAGs
[2025-02-13T17:43:19.468+0000] {logging_mixin.py:137} INFO - [2025-02-13T17:43:19.468+0000] {dag.py:3340} INFO - Setting next_dagrun for example_bash_operator to 2025-02-12T00:00:00+00:00, run_after=2025-02-13T00:00:00+00:00
[2025-02-13T17:43:19.510+0000] {processor.py:176} INFO - Processing /home/airflow/.local/lib/python3.7/site-packages/airflow/example_dags/example_bash_operator.py took 0.226 seconds
[2025-02-13T17:43:49.616+0000] {processor.py:154} INFO - Started process (PID=6609) to work on /home/airflow/.local/lib/python3.7/site-packages/airflow/example_dags/example_bash_operator.py
[2025-02-13T17:43:49.618+0000] {processor.py:756} INFO - Processing file /home/airflow/.local/lib/python3.7/site-packages/airflow/example_dags/example_bash_operator.py for tasks to queue
[2025-02-13T17:43:49.620+0000] {logging_mixin.py:137} INFO - [2025-02-13T17:43:49.619+0000] {dagbag.py:537} INFO - Filling up the DagBag from /home/airflow/.local/lib/python3.7/site-packages/airflow/example_dags/example_bash_operator.py
[2025-02-13T17:43:49.666+0000] {processor.py:766} INFO - DAG(s) dict_keys(['example_bash_operator']) retrieved from /home/airflow/.local/lib/python3.7/site-packages/airflow/example_dags/example_bash_operator.py
[2025-02-13T17:43:49.760+0000] {logging_mixin.py:137} INFO - [2025-02-13T17:43:49.759+0000] {dag.py:2585} INFO - Sync 1 DAGs
[2025-02-13T17:43:49.809+0000] {logging_mixin.py:137} INFO - [2025-02-13T17:43:49.809+0000] {dag.py:3340} INFO - Setting next_dagrun for example_bash_operator to 2025-02-12T00:00:00+00:00, run_after=2025-02-13T00:00:00+00:00
[2025-02-13T17:43:49.852+0000] {processor.py:176} INFO - Processing /home/airflow/.local/lib/python3.7/site-packages/airflow/example_dags/example_bash_operator.py took 0.242 seconds
[2025-02-13T17:44:20.722+0000] {processor.py:154} INFO - Started process (PID=6791) to work on /home/airflow/.local/lib/python3.7/site-packages/airflow/example_dags/example_bash_operator.py
[2025-02-13T17:44:20.723+0000] {processor.py:756} INFO - Processing file /home/airflow/.local/lib/python3.7/site-packages/airflow/example_dags/example_bash_operator.py for tasks to queue
[2025-02-13T17:44:20.726+0000] {logging_mixin.py:137} INFO - [2025-02-13T17:44:20.726+0000] {dagbag.py:537} INFO - Filling up the DagBag from /home/airflow/.local/lib/python3.7/site-packages/airflow/example_dags/example_bash_operator.py
[2025-02-13T17:44:20.784+0000] {processor.py:766} INFO - DAG(s) dict_keys(['example_bash_operator']) retrieved from /home/airflow/.local/lib/python3.7/site-packages/airflow/example_dags/example_bash_operator.py
[2025-02-13T17:44:20.901+0000] {logging_mixin.py:137} INFO - [2025-02-13T17:44:20.900+0000] {dag.py:2585} INFO - Sync 1 DAGs
[2025-02-13T17:44:20.955+0000] {logging_mixin.py:137} INFO - [2025-02-13T17:44:20.955+0000] {dag.py:3340} INFO - Setting next_dagrun for example_bash_operator to 2025-02-12T00:00:00+00:00, run_after=2025-02-13T00:00:00+00:00
[2025-02-13T17:44:21.047+0000] {processor.py:176} INFO - Processing /home/airflow/.local/lib/python3.7/site-packages/airflow/example_dags/example_bash_operator.py took 0.334 seconds
[2025-02-13T17:44:51.246+0000] {processor.py:154} INFO - Started process (PID=6971) to work on /home/airflow/.local/lib/python3.7/site-packages/airflow/example_dags/example_bash_operator.py
[2025-02-13T17:44:51.248+0000] {processor.py:756} INFO - Processing file /home/airflow/.local/lib/python3.7/site-packages/airflow/example_dags/example_bash_operator.py for tasks to queue
[2025-02-13T17:44:51.249+0000] {logging_mixin.py:137} INFO - [2025-02-13T17:44:51.249+0000] {dagbag.py:537} INFO - Filling up the DagBag from /home/airflow/.local/lib/python3.7/site-packages/airflow/example_dags/example_bash_operator.py
[2025-02-13T17:44:51.276+0000] {processor.py:766} INFO - DAG(s) dict_keys(['example_bash_operator']) retrieved from /home/airflow/.local/lib/python3.7/site-packages/airflow/example_dags/example_bash_operator.py
[2025-02-13T17:44:51.335+0000] {logging_mixin.py:137} INFO - [2025-02-13T17:44:51.334+0000] {dag.py:2585} INFO - Sync 1 DAGs
[2025-02-13T17:44:51.377+0000] {logging_mixin.py:137} INFO - [2025-02-13T17:44:51.377+0000] {dag.py:3340} INFO - Setting next_dagrun for example_bash_operator to 2025-02-12T00:00:00+00:00, run_after=2025-02-13T00:00:00+00:00
[2025-02-13T17:44:51.412+0000] {processor.py:176} INFO - Processing /home/airflow/.local/lib/python3.7/site-packages/airflow/example_dags/example_bash_operator.py took 0.172 seconds
[2025-02-13T17:45:21.692+0000] {processor.py:154} INFO - Started process (PID=7156) to work on /home/airflow/.local/lib/python3.7/site-packages/airflow/example_dags/example_bash_operator.py
[2025-02-13T17:45:21.694+0000] {processor.py:756} INFO - Processing file /home/airflow/.local/lib/python3.7/site-packages/airflow/example_dags/example_bash_operator.py for tasks to queue
[2025-02-13T17:45:21.696+0000] {logging_mixin.py:137} INFO - [2025-02-13T17:45:21.695+0000] {dagbag.py:537} INFO - Filling up the DagBag from /home/airflow/.local/lib/python3.7/site-packages/airflow/example_dags/example_bash_operator.py
[2025-02-13T17:45:21.742+0000] {processor.py:766} INFO - DAG(s) dict_keys(['example_bash_operator']) retrieved from /home/airflow/.local/lib/python3.7/site-packages/airflow/example_dags/example_bash_operator.py
[2025-02-13T17:45:21.838+0000] {logging_mixin.py:137} INFO - [2025-02-13T17:45:21.838+0000] {dag.py:2585} INFO - Sync 1 DAGs
[2025-02-13T17:45:21.875+0000] {logging_mixin.py:137} INFO - [2025-02-13T17:45:21.875+0000] {dag.py:3340} INFO - Setting next_dagrun for example_bash_operator to 2025-02-12T00:00:00+00:00, run_after=2025-02-13T00:00:00+00:00
[2025-02-13T17:45:21.907+0000] {processor.py:176} INFO - Processing /home/airflow/.local/lib/python3.7/site-packages/airflow/example_dags/example_bash_operator.py took 0.221 seconds
[2025-02-13T17:45:52.291+0000] {processor.py:154} INFO - Started process (PID=7334) to work on /home/airflow/.local/lib/python3.7/site-packages/airflow/example_dags/example_bash_operator.py
[2025-02-13T17:45:52.292+0000] {processor.py:756} INFO - Processing file /home/airflow/.local/lib/python3.7/site-packages/airflow/example_dags/example_bash_operator.py for tasks to queue
[2025-02-13T17:45:52.294+0000] {logging_mixin.py:137} INFO - [2025-02-13T17:45:52.294+0000] {dagbag.py:537} INFO - Filling up the DagBag from /home/airflow/.local/lib/python3.7/site-packages/airflow/example_dags/example_bash_operator.py
[2025-02-13T17:45:52.323+0000] {processor.py:766} INFO - DAG(s) dict_keys(['example_bash_operator']) retrieved from /home/airflow/.local/lib/python3.7/site-packages/airflow/example_dags/example_bash_operator.py
[2025-02-13T17:45:52.388+0000] {logging_mixin.py:137} INFO - [2025-02-13T17:45:52.388+0000] {dag.py:2585} INFO - Sync 1 DAGs
[2025-02-13T17:45:52.429+0000] {logging_mixin.py:137} INFO - [2025-02-13T17:45:52.428+0000] {dag.py:3340} INFO - Setting next_dagrun for example_bash_operator to 2025-02-12T00:00:00+00:00, run_after=2025-02-13T00:00:00+00:00
[2025-02-13T17:45:52.464+0000] {processor.py:176} INFO - Processing /home/airflow/.local/lib/python3.7/site-packages/airflow/example_dags/example_bash_operator.py took 0.178 seconds
[2025-02-13T17:47:39.316+0000] {processor.py:154} INFO - Started process (PID=306) to work on /home/airflow/.local/lib/python3.7/site-packages/airflow/example_dags/example_bash_operator.py
[2025-02-13T17:47:39.318+0000] {processor.py:756} INFO - Processing file /home/airflow/.local/lib/python3.7/site-packages/airflow/example_dags/example_bash_operator.py for tasks to queue
[2025-02-13T17:47:39.320+0000] {logging_mixin.py:137} INFO - [2025-02-13T17:47:39.319+0000] {dagbag.py:537} INFO - Filling up the DagBag from /home/airflow/.local/lib/python3.7/site-packages/airflow/example_dags/example_bash_operator.py
[2025-02-13T17:47:39.377+0000] {processor.py:766} INFO - DAG(s) dict_keys(['example_bash_operator']) retrieved from /home/airflow/.local/lib/python3.7/site-packages/airflow/example_dags/example_bash_operator.py
[2025-02-13T17:47:39.476+0000] {logging_mixin.py:137} INFO - [2025-02-13T17:47:39.476+0000] {dag.py:2585} INFO - Sync 1 DAGs
[2025-02-13T17:47:39.524+0000] {logging_mixin.py:137} INFO - [2025-02-13T17:47:39.524+0000] {dag.py:3340} INFO - Setting next_dagrun for example_bash_operator to 2025-02-12T00:00:00+00:00, run_after=2025-02-13T00:00:00+00:00
[2025-02-13T17:47:39.580+0000] {processor.py:176} INFO - Processing /home/airflow/.local/lib/python3.7/site-packages/airflow/example_dags/example_bash_operator.py took 0.268 seconds
[2025-02-13T17:48:09.972+0000] {processor.py:154} INFO - Started process (PID=488) to work on /home/airflow/.local/lib/python3.7/site-packages/airflow/example_dags/example_bash_operator.py
[2025-02-13T17:48:09.975+0000] {processor.py:756} INFO - Processing file /home/airflow/.local/lib/python3.7/site-packages/airflow/example_dags/example_bash_operator.py for tasks to queue
[2025-02-13T17:48:09.977+0000] {logging_mixin.py:137} INFO - [2025-02-13T17:48:09.977+0000] {dagbag.py:537} INFO - Filling up the DagBag from /home/airflow/.local/lib/python3.7/site-packages/airflow/example_dags/example_bash_operator.py
[2025-02-13T17:48:10.007+0000] {processor.py:766} INFO - DAG(s) dict_keys(['example_bash_operator']) retrieved from /home/airflow/.local/lib/python3.7/site-packages/airflow/example_dags/example_bash_operator.py
[2025-02-13T17:48:10.056+0000] {logging_mixin.py:137} INFO - [2025-02-13T17:48:10.056+0000] {dag.py:2585} INFO - Sync 1 DAGs
[2025-02-13T17:48:10.097+0000] {logging_mixin.py:137} INFO - [2025-02-13T17:48:10.097+0000] {dag.py:3340} INFO - Setting next_dagrun for example_bash_operator to 2025-02-12T00:00:00+00:00, run_after=2025-02-13T00:00:00+00:00
[2025-02-13T17:48:10.151+0000] {processor.py:176} INFO - Processing /home/airflow/.local/lib/python3.7/site-packages/airflow/example_dags/example_bash_operator.py took 0.190 seconds
[2025-02-13T17:48:40.466+0000] {processor.py:154} INFO - Started process (PID=669) to work on /home/airflow/.local/lib/python3.7/site-packages/airflow/example_dags/example_bash_operator.py
[2025-02-13T17:48:40.467+0000] {processor.py:756} INFO - Processing file /home/airflow/.local/lib/python3.7/site-packages/airflow/example_dags/example_bash_operator.py for tasks to queue
[2025-02-13T17:48:40.468+0000] {logging_mixin.py:137} INFO - [2025-02-13T17:48:40.468+0000] {dagbag.py:537} INFO - Filling up the DagBag from /home/airflow/.local/lib/python3.7/site-packages/airflow/example_dags/example_bash_operator.py
[2025-02-13T17:48:40.497+0000] {processor.py:766} INFO - DAG(s) dict_keys(['example_bash_operator']) retrieved from /home/airflow/.local/lib/python3.7/site-packages/airflow/example_dags/example_bash_operator.py
[2025-02-13T17:48:40.563+0000] {logging_mixin.py:137} INFO - [2025-02-13T17:48:40.563+0000] {dag.py:2585} INFO - Sync 1 DAGs
[2025-02-13T17:48:40.601+0000] {logging_mixin.py:137} INFO - [2025-02-13T17:48:40.601+0000] {dag.py:3340} INFO - Setting next_dagrun for example_bash_operator to 2025-02-12T00:00:00+00:00, run_after=2025-02-13T00:00:00+00:00
[2025-02-13T17:48:40.642+0000] {processor.py:176} INFO - Processing /home/airflow/.local/lib/python3.7/site-packages/airflow/example_dags/example_bash_operator.py took 0.180 seconds
[2025-02-13T17:49:11.700+0000] {processor.py:154} INFO - Started process (PID=849) to work on /home/airflow/.local/lib/python3.7/site-packages/airflow/example_dags/example_bash_operator.py
[2025-02-13T17:49:11.701+0000] {processor.py:756} INFO - Processing file /home/airflow/.local/lib/python3.7/site-packages/airflow/example_dags/example_bash_operator.py for tasks to queue
[2025-02-13T17:49:11.702+0000] {logging_mixin.py:137} INFO - [2025-02-13T17:49:11.702+0000] {dagbag.py:537} INFO - Filling up the DagBag from /home/airflow/.local/lib/python3.7/site-packages/airflow/example_dags/example_bash_operator.py
[2025-02-13T17:49:11.729+0000] {processor.py:766} INFO - DAG(s) dict_keys(['example_bash_operator']) retrieved from /home/airflow/.local/lib/python3.7/site-packages/airflow/example_dags/example_bash_operator.py
[2025-02-13T17:49:11.789+0000] {logging_mixin.py:137} INFO - [2025-02-13T17:49:11.789+0000] {dag.py:2585} INFO - Sync 1 DAGs
[2025-02-13T17:49:11.829+0000] {logging_mixin.py:137} INFO - [2025-02-13T17:49:11.829+0000] {dag.py:3340} INFO - Setting next_dagrun for example_bash_operator to 2025-02-12T00:00:00+00:00, run_after=2025-02-13T00:00:00+00:00
[2025-02-13T17:49:11.866+0000] {processor.py:176} INFO - Processing /home/airflow/.local/lib/python3.7/site-packages/airflow/example_dags/example_bash_operator.py took 0.170 seconds
[2025-02-13T17:49:42.220+0000] {processor.py:154} INFO - Started process (PID=1028) to work on /home/airflow/.local/lib/python3.7/site-packages/airflow/example_dags/example_bash_operator.py
[2025-02-13T17:49:42.222+0000] {processor.py:756} INFO - Processing file /home/airflow/.local/lib/python3.7/site-packages/airflow/example_dags/example_bash_operator.py for tasks to queue
[2025-02-13T17:49:42.223+0000] {logging_mixin.py:137} INFO - [2025-02-13T17:49:42.223+0000] {dagbag.py:537} INFO - Filling up the DagBag from /home/airflow/.local/lib/python3.7/site-packages/airflow/example_dags/example_bash_operator.py
[2025-02-13T17:49:42.251+0000] {processor.py:766} INFO - DAG(s) dict_keys(['example_bash_operator']) retrieved from /home/airflow/.local/lib/python3.7/site-packages/airflow/example_dags/example_bash_operator.py
[2025-02-13T17:49:42.324+0000] {logging_mixin.py:137} INFO - [2025-02-13T17:49:42.324+0000] {dag.py:2585} INFO - Sync 1 DAGs
[2025-02-13T17:49:42.363+0000] {logging_mixin.py:137} INFO - [2025-02-13T17:49:42.363+0000] {dag.py:3340} INFO - Setting next_dagrun for example_bash_operator to 2025-02-12T00:00:00+00:00, run_after=2025-02-13T00:00:00+00:00
[2025-02-13T17:49:42.394+0000] {processor.py:176} INFO - Processing /home/airflow/.local/lib/python3.7/site-packages/airflow/example_dags/example_bash_operator.py took 0.179 seconds
[2025-02-13T17:50:12.704+0000] {processor.py:154} INFO - Started process (PID=1209) to work on /home/airflow/.local/lib/python3.7/site-packages/airflow/example_dags/example_bash_operator.py
[2025-02-13T17:50:12.705+0000] {processor.py:756} INFO - Processing file /home/airflow/.local/lib/python3.7/site-packages/airflow/example_dags/example_bash_operator.py for tasks to queue
[2025-02-13T17:50:12.706+0000] {logging_mixin.py:137} INFO - [2025-02-13T17:50:12.706+0000] {dagbag.py:537} INFO - Filling up the DagBag from /home/airflow/.local/lib/python3.7/site-packages/airflow/example_dags/example_bash_operator.py
[2025-02-13T17:50:12.737+0000] {processor.py:766} INFO - DAG(s) dict_keys(['example_bash_operator']) retrieved from /home/airflow/.local/lib/python3.7/site-packages/airflow/example_dags/example_bash_operator.py
[2025-02-13T17:50:12.802+0000] {logging_mixin.py:137} INFO - [2025-02-13T17:50:12.802+0000] {dag.py:2585} INFO - Sync 1 DAGs
[2025-02-13T17:50:12.846+0000] {logging_mixin.py:137} INFO - [2025-02-13T17:50:12.846+0000] {dag.py:3340} INFO - Setting next_dagrun for example_bash_operator to 2025-02-12T00:00:00+00:00, run_after=2025-02-13T00:00:00+00:00
[2025-02-13T17:50:12.876+0000] {processor.py:176} INFO - Processing /home/airflow/.local/lib/python3.7/site-packages/airflow/example_dags/example_bash_operator.py took 0.176 seconds
[2025-02-13T17:50:43.417+0000] {processor.py:154} INFO - Started process (PID=1389) to work on /home/airflow/.local/lib/python3.7/site-packages/airflow/example_dags/example_bash_operator.py
[2025-02-13T17:50:43.419+0000] {processor.py:756} INFO - Processing file /home/airflow/.local/lib/python3.7/site-packages/airflow/example_dags/example_bash_operator.py for tasks to queue
[2025-02-13T17:50:43.421+0000] {logging_mixin.py:137} INFO - [2025-02-13T17:50:43.421+0000] {dagbag.py:537} INFO - Filling up the DagBag from /home/airflow/.local/lib/python3.7/site-packages/airflow/example_dags/example_bash_operator.py
[2025-02-13T17:50:43.457+0000] {processor.py:766} INFO - DAG(s) dict_keys(['example_bash_operator']) retrieved from /home/airflow/.local/lib/python3.7/site-packages/airflow/example_dags/example_bash_operator.py
[2025-02-13T17:50:43.540+0000] {logging_mixin.py:137} INFO - [2025-02-13T17:50:43.539+0000] {dag.py:2585} INFO - Sync 1 DAGs
[2025-02-13T17:50:43.579+0000] {logging_mixin.py:137} INFO - [2025-02-13T17:50:43.579+0000] {dag.py:3340} INFO - Setting next_dagrun for example_bash_operator to 2025-02-12T00:00:00+00:00, run_after=2025-02-13T00:00:00+00:00
[2025-02-13T17:50:43.607+0000] {processor.py:176} INFO - Processing /home/airflow/.local/lib/python3.7/site-packages/airflow/example_dags/example_bash_operator.py took 0.194 seconds
[2025-02-13T17:51:13.891+0000] {processor.py:154} INFO - Started process (PID=1567) to work on /home/airflow/.local/lib/python3.7/site-packages/airflow/example_dags/example_bash_operator.py
[2025-02-13T17:51:13.893+0000] {processor.py:756} INFO - Processing file /home/airflow/.local/lib/python3.7/site-packages/airflow/example_dags/example_bash_operator.py for tasks to queue
[2025-02-13T17:51:13.894+0000] {logging_mixin.py:137} INFO - [2025-02-13T17:51:13.894+0000] {dagbag.py:537} INFO - Filling up the DagBag from /home/airflow/.local/lib/python3.7/site-packages/airflow/example_dags/example_bash_operator.py
[2025-02-13T17:51:13.925+0000] {processor.py:766} INFO - DAG(s) dict_keys(['example_bash_operator']) retrieved from /home/airflow/.local/lib/python3.7/site-packages/airflow/example_dags/example_bash_operator.py
[2025-02-13T17:51:13.993+0000] {logging_mixin.py:137} INFO - [2025-02-13T17:51:13.992+0000] {dag.py:2585} INFO - Sync 1 DAGs
[2025-02-13T17:51:14.033+0000] {logging_mixin.py:137} INFO - [2025-02-13T17:51:14.033+0000] {dag.py:3340} INFO - Setting next_dagrun for example_bash_operator to 2025-02-12T00:00:00+00:00, run_after=2025-02-13T00:00:00+00:00
[2025-02-13T17:51:14.064+0000] {processor.py:176} INFO - Processing /home/airflow/.local/lib/python3.7/site-packages/airflow/example_dags/example_bash_operator.py took 0.178 seconds
[2025-02-13T17:51:44.715+0000] {processor.py:154} INFO - Started process (PID=1747) to work on /home/airflow/.local/lib/python3.7/site-packages/airflow/example_dags/example_bash_operator.py
[2025-02-13T17:51:44.717+0000] {processor.py:756} INFO - Processing file /home/airflow/.local/lib/python3.7/site-packages/airflow/example_dags/example_bash_operator.py for tasks to queue
[2025-02-13T17:51:44.720+0000] {logging_mixin.py:137} INFO - [2025-02-13T17:51:44.720+0000] {dagbag.py:537} INFO - Filling up the DagBag from /home/airflow/.local/lib/python3.7/site-packages/airflow/example_dags/example_bash_operator.py
[2025-02-13T17:51:44.781+0000] {processor.py:766} INFO - DAG(s) dict_keys(['example_bash_operator']) retrieved from /home/airflow/.local/lib/python3.7/site-packages/airflow/example_dags/example_bash_operator.py
[2025-02-13T17:51:44.878+0000] {logging_mixin.py:137} INFO - [2025-02-13T17:51:44.878+0000] {dag.py:2585} INFO - Sync 1 DAGs
[2025-02-13T17:51:44.940+0000] {logging_mixin.py:137} INFO - [2025-02-13T17:51:44.940+0000] {dag.py:3340} INFO - Setting next_dagrun for example_bash_operator to 2025-02-12T00:00:00+00:00, run_after=2025-02-13T00:00:00+00:00
[2025-02-13T17:51:45.002+0000] {processor.py:176} INFO - Processing /home/airflow/.local/lib/python3.7/site-packages/airflow/example_dags/example_bash_operator.py took 0.294 seconds
