[2025-02-13T17:24:19.109+0000] {processor.py:154} INFO - Started process (PID=211) to work on /home/airflow/.local/lib/python3.7/site-packages/airflow/example_dags/example_latest_only_with_trigger.py
[2025-02-13T17:24:19.112+0000] {processor.py:756} INFO - Processing file /home/airflow/.local/lib/python3.7/site-packages/airflow/example_dags/example_latest_only_with_trigger.py for tasks to queue
[2025-02-13T17:24:19.115+0000] {logging_mixin.py:137} INFO - [2025-02-13T17:24:19.114+0000] {dagbag.py:537} INFO - Filling up the DagBag from /home/airflow/.local/lib/python3.7/site-packages/airflow/example_dags/example_latest_only_with_trigger.py
[2025-02-13T17:24:19.160+0000] {processor.py:766} INFO - DAG(s) dict_keys(['latest_only_with_trigger']) retrieved from /home/airflow/.local/lib/python3.7/site-packages/airflow/example_dags/example_latest_only_with_trigger.py
[2025-02-13T17:24:19.492+0000] {logging_mixin.py:137} INFO - [2025-02-13T17:24:19.491+0000] {dag.py:2585} INFO - Sync 1 DAGs
[2025-02-13T17:24:19.551+0000] {logging_mixin.py:137} INFO - [2025-02-13T17:24:19.550+0000] {dag.py:3340} INFO - Setting next_dagrun for latest_only_with_trigger to 2025-02-13T13:24:19.550653+00:00, run_after=2025-02-13T17:24:19.550653+00:00
[2025-02-13T17:24:19.607+0000] {processor.py:176} INFO - Processing /home/airflow/.local/lib/python3.7/site-packages/airflow/example_dags/example_latest_only_with_trigger.py took 0.505 seconds
[2025-02-13T17:25:20.086+0000] {processor.py:154} INFO - Started process (PID=211) to work on /home/airflow/.local/lib/python3.7/site-packages/airflow/example_dags/example_latest_only_with_trigger.py
[2025-02-13T17:25:20.089+0000] {processor.py:756} INFO - Processing file /home/airflow/.local/lib/python3.7/site-packages/airflow/example_dags/example_latest_only_with_trigger.py for tasks to queue
[2025-02-13T17:25:20.093+0000] {logging_mixin.py:137} INFO - [2025-02-13T17:25:20.093+0000] {dagbag.py:537} INFO - Filling up the DagBag from /home/airflow/.local/lib/python3.7/site-packages/airflow/example_dags/example_latest_only_with_trigger.py
[2025-02-13T17:25:20.135+0000] {processor.py:766} INFO - DAG(s) dict_keys(['latest_only_with_trigger']) retrieved from /home/airflow/.local/lib/python3.7/site-packages/airflow/example_dags/example_latest_only_with_trigger.py
[2025-02-13T17:25:20.215+0000] {logging_mixin.py:137} INFO - [2025-02-13T17:25:20.215+0000] {dag.py:2585} INFO - Sync 1 DAGs
[2025-02-13T17:25:20.293+0000] {logging_mixin.py:137} INFO - [2025-02-13T17:25:20.293+0000] {dag.py:3340} INFO - Setting next_dagrun for latest_only_with_trigger to 2025-02-13T13:25:20.292592+00:00, run_after=2025-02-13T17:25:20.292592+00:00
[2025-02-13T17:25:20.359+0000] {processor.py:176} INFO - Processing /home/airflow/.local/lib/python3.7/site-packages/airflow/example_dags/example_latest_only_with_trigger.py took 0.281 seconds
[2025-02-13T17:25:50.993+0000] {processor.py:154} INFO - Started process (PID=391) to work on /home/airflow/.local/lib/python3.7/site-packages/airflow/example_dags/example_latest_only_with_trigger.py
[2025-02-13T17:25:50.997+0000] {processor.py:756} INFO - Processing file /home/airflow/.local/lib/python3.7/site-packages/airflow/example_dags/example_latest_only_with_trigger.py for tasks to queue
[2025-02-13T17:25:50.999+0000] {logging_mixin.py:137} INFO - [2025-02-13T17:25:50.999+0000] {dagbag.py:537} INFO - Filling up the DagBag from /home/airflow/.local/lib/python3.7/site-packages/airflow/example_dags/example_latest_only_with_trigger.py
[2025-02-13T17:25:51.081+0000] {processor.py:766} INFO - DAG(s) dict_keys(['latest_only_with_trigger']) retrieved from /home/airflow/.local/lib/python3.7/site-packages/airflow/example_dags/example_latest_only_with_trigger.py
[2025-02-13T17:25:51.250+0000] {logging_mixin.py:137} INFO - [2025-02-13T17:25:51.248+0000] {dag.py:2585} INFO - Sync 1 DAGs
[2025-02-13T17:25:51.371+0000] {logging_mixin.py:137} INFO - [2025-02-13T17:25:51.371+0000] {dag.py:3340} INFO - Setting next_dagrun for latest_only_with_trigger to 2025-02-13T13:25:51.370035+00:00, run_after=2025-02-13T17:25:51.370035+00:00
[2025-02-13T17:25:51.455+0000] {processor.py:176} INFO - Processing /home/airflow/.local/lib/python3.7/site-packages/airflow/example_dags/example_latest_only_with_trigger.py took 0.470 seconds
[2025-02-13T17:26:21.945+0000] {processor.py:154} INFO - Started process (PID=574) to work on /home/airflow/.local/lib/python3.7/site-packages/airflow/example_dags/example_latest_only_with_trigger.py
[2025-02-13T17:26:21.948+0000] {processor.py:756} INFO - Processing file /home/airflow/.local/lib/python3.7/site-packages/airflow/example_dags/example_latest_only_with_trigger.py for tasks to queue
[2025-02-13T17:26:21.956+0000] {logging_mixin.py:137} INFO - [2025-02-13T17:26:21.955+0000] {dagbag.py:537} INFO - Filling up the DagBag from /home/airflow/.local/lib/python3.7/site-packages/airflow/example_dags/example_latest_only_with_trigger.py
[2025-02-13T17:26:21.984+0000] {processor.py:766} INFO - DAG(s) dict_keys(['latest_only_with_trigger']) retrieved from /home/airflow/.local/lib/python3.7/site-packages/airflow/example_dags/example_latest_only_with_trigger.py
[2025-02-13T17:26:22.082+0000] {logging_mixin.py:137} INFO - [2025-02-13T17:26:22.081+0000] {dag.py:2585} INFO - Sync 1 DAGs
[2025-02-13T17:26:22.165+0000] {logging_mixin.py:137} INFO - [2025-02-13T17:26:22.164+0000] {dag.py:3340} INFO - Setting next_dagrun for latest_only_with_trigger to 2025-02-13T13:26:22.164366+00:00, run_after=2025-02-13T17:26:22.164366+00:00
[2025-02-13T17:26:22.231+0000] {processor.py:176} INFO - Processing /home/airflow/.local/lib/python3.7/site-packages/airflow/example_dags/example_latest_only_with_trigger.py took 0.291 seconds
[2025-02-13T17:26:52.492+0000] {processor.py:154} INFO - Started process (PID=752) to work on /home/airflow/.local/lib/python3.7/site-packages/airflow/example_dags/example_latest_only_with_trigger.py
[2025-02-13T17:26:52.499+0000] {processor.py:756} INFO - Processing file /home/airflow/.local/lib/python3.7/site-packages/airflow/example_dags/example_latest_only_with_trigger.py for tasks to queue
[2025-02-13T17:26:52.503+0000] {logging_mixin.py:137} INFO - [2025-02-13T17:26:52.503+0000] {dagbag.py:537} INFO - Filling up the DagBag from /home/airflow/.local/lib/python3.7/site-packages/airflow/example_dags/example_latest_only_with_trigger.py
[2025-02-13T17:26:52.568+0000] {processor.py:766} INFO - DAG(s) dict_keys(['latest_only_with_trigger']) retrieved from /home/airflow/.local/lib/python3.7/site-packages/airflow/example_dags/example_latest_only_with_trigger.py
[2025-02-13T17:26:52.780+0000] {logging_mixin.py:137} INFO - [2025-02-13T17:26:52.779+0000] {dag.py:2585} INFO - Sync 1 DAGs
[2025-02-13T17:26:52.956+0000] {logging_mixin.py:137} INFO - [2025-02-13T17:26:52.955+0000] {dag.py:3340} INFO - Setting next_dagrun for latest_only_with_trigger to 2025-02-13T13:26:52.954562+00:00, run_after=2025-02-13T17:26:52.954562+00:00
[2025-02-13T17:26:53.027+0000] {processor.py:176} INFO - Processing /home/airflow/.local/lib/python3.7/site-packages/airflow/example_dags/example_latest_only_with_trigger.py took 0.552 seconds
[2025-02-13T17:27:23.490+0000] {processor.py:154} INFO - Started process (PID=932) to work on /home/airflow/.local/lib/python3.7/site-packages/airflow/example_dags/example_latest_only_with_trigger.py
[2025-02-13T17:27:23.492+0000] {processor.py:756} INFO - Processing file /home/airflow/.local/lib/python3.7/site-packages/airflow/example_dags/example_latest_only_with_trigger.py for tasks to queue
[2025-02-13T17:27:23.494+0000] {logging_mixin.py:137} INFO - [2025-02-13T17:27:23.493+0000] {dagbag.py:537} INFO - Filling up the DagBag from /home/airflow/.local/lib/python3.7/site-packages/airflow/example_dags/example_latest_only_with_trigger.py
[2025-02-13T17:27:23.535+0000] {processor.py:766} INFO - DAG(s) dict_keys(['latest_only_with_trigger']) retrieved from /home/airflow/.local/lib/python3.7/site-packages/airflow/example_dags/example_latest_only_with_trigger.py
[2025-02-13T17:27:23.597+0000] {logging_mixin.py:137} INFO - [2025-02-13T17:27:23.596+0000] {dag.py:2585} INFO - Sync 1 DAGs
[2025-02-13T17:27:23.648+0000] {logging_mixin.py:137} INFO - [2025-02-13T17:27:23.647+0000] {dag.py:3340} INFO - Setting next_dagrun for latest_only_with_trigger to 2025-02-13T13:27:23.647283+00:00, run_after=2025-02-13T17:27:23.647283+00:00
[2025-02-13T17:27:23.709+0000] {processor.py:176} INFO - Processing /home/airflow/.local/lib/python3.7/site-packages/airflow/example_dags/example_latest_only_with_trigger.py took 0.224 seconds
[2025-02-13T17:27:54.025+0000] {processor.py:154} INFO - Started process (PID=1110) to work on /home/airflow/.local/lib/python3.7/site-packages/airflow/example_dags/example_latest_only_with_trigger.py
[2025-02-13T17:27:54.027+0000] {processor.py:756} INFO - Processing file /home/airflow/.local/lib/python3.7/site-packages/airflow/example_dags/example_latest_only_with_trigger.py for tasks to queue
[2025-02-13T17:27:54.029+0000] {logging_mixin.py:137} INFO - [2025-02-13T17:27:54.029+0000] {dagbag.py:537} INFO - Filling up the DagBag from /home/airflow/.local/lib/python3.7/site-packages/airflow/example_dags/example_latest_only_with_trigger.py
[2025-02-13T17:27:54.073+0000] {processor.py:766} INFO - DAG(s) dict_keys(['latest_only_with_trigger']) retrieved from /home/airflow/.local/lib/python3.7/site-packages/airflow/example_dags/example_latest_only_with_trigger.py
[2025-02-13T17:27:54.132+0000] {logging_mixin.py:137} INFO - [2025-02-13T17:27:54.132+0000] {dag.py:2585} INFO - Sync 1 DAGs
[2025-02-13T17:27:54.177+0000] {logging_mixin.py:137} INFO - [2025-02-13T17:27:54.177+0000] {dag.py:3340} INFO - Setting next_dagrun for latest_only_with_trigger to 2025-02-13T13:27:54.176879+00:00, run_after=2025-02-13T17:27:54.176879+00:00
[2025-02-13T17:27:54.227+0000] {processor.py:176} INFO - Processing /home/airflow/.local/lib/python3.7/site-packages/airflow/example_dags/example_latest_only_with_trigger.py took 0.208 seconds
[2025-02-13T17:28:24.824+0000] {processor.py:154} INFO - Started process (PID=1291) to work on /home/airflow/.local/lib/python3.7/site-packages/airflow/example_dags/example_latest_only_with_trigger.py
[2025-02-13T17:28:24.827+0000] {processor.py:756} INFO - Processing file /home/airflow/.local/lib/python3.7/site-packages/airflow/example_dags/example_latest_only_with_trigger.py for tasks to queue
[2025-02-13T17:28:24.829+0000] {logging_mixin.py:137} INFO - [2025-02-13T17:28:24.829+0000] {dagbag.py:537} INFO - Filling up the DagBag from /home/airflow/.local/lib/python3.7/site-packages/airflow/example_dags/example_latest_only_with_trigger.py
[2025-02-13T17:28:24.865+0000] {processor.py:766} INFO - DAG(s) dict_keys(['latest_only_with_trigger']) retrieved from /home/airflow/.local/lib/python3.7/site-packages/airflow/example_dags/example_latest_only_with_trigger.py
[2025-02-13T17:28:24.921+0000] {logging_mixin.py:137} INFO - [2025-02-13T17:28:24.921+0000] {dag.py:2585} INFO - Sync 1 DAGs
[2025-02-13T17:28:24.993+0000] {logging_mixin.py:137} INFO - [2025-02-13T17:28:24.992+0000] {dag.py:3340} INFO - Setting next_dagrun for latest_only_with_trigger to 2025-02-13T13:28:24.992202+00:00, run_after=2025-02-13T17:28:24.992202+00:00
[2025-02-13T17:28:25.041+0000] {processor.py:176} INFO - Processing /home/airflow/.local/lib/python3.7/site-packages/airflow/example_dags/example_latest_only_with_trigger.py took 0.224 seconds
[2025-02-13T17:28:55.550+0000] {processor.py:154} INFO - Started process (PID=1471) to work on /home/airflow/.local/lib/python3.7/site-packages/airflow/example_dags/example_latest_only_with_trigger.py
[2025-02-13T17:28:55.553+0000] {processor.py:756} INFO - Processing file /home/airflow/.local/lib/python3.7/site-packages/airflow/example_dags/example_latest_only_with_trigger.py for tasks to queue
[2025-02-13T17:28:55.554+0000] {logging_mixin.py:137} INFO - [2025-02-13T17:28:55.554+0000] {dagbag.py:537} INFO - Filling up the DagBag from /home/airflow/.local/lib/python3.7/site-packages/airflow/example_dags/example_latest_only_with_trigger.py
[2025-02-13T17:28:55.605+0000] {processor.py:766} INFO - DAG(s) dict_keys(['latest_only_with_trigger']) retrieved from /home/airflow/.local/lib/python3.7/site-packages/airflow/example_dags/example_latest_only_with_trigger.py
[2025-02-13T17:28:55.725+0000] {logging_mixin.py:137} INFO - [2025-02-13T17:28:55.724+0000] {dag.py:2585} INFO - Sync 1 DAGs
[2025-02-13T17:28:55.835+0000] {logging_mixin.py:137} INFO - [2025-02-13T17:28:55.835+0000] {dag.py:3340} INFO - Setting next_dagrun for latest_only_with_trigger to 2025-02-13T13:28:55.834880+00:00, run_after=2025-02-13T17:28:55.834880+00:00
[2025-02-13T17:28:55.884+0000] {processor.py:176} INFO - Processing /home/airflow/.local/lib/python3.7/site-packages/airflow/example_dags/example_latest_only_with_trigger.py took 0.339 seconds
[2025-02-13T17:29:26.167+0000] {processor.py:154} INFO - Started process (PID=1651) to work on /home/airflow/.local/lib/python3.7/site-packages/airflow/example_dags/example_latest_only_with_trigger.py
[2025-02-13T17:29:26.170+0000] {processor.py:756} INFO - Processing file /home/airflow/.local/lib/python3.7/site-packages/airflow/example_dags/example_latest_only_with_trigger.py for tasks to queue
[2025-02-13T17:29:26.173+0000] {logging_mixin.py:137} INFO - [2025-02-13T17:29:26.172+0000] {dagbag.py:537} INFO - Filling up the DagBag from /home/airflow/.local/lib/python3.7/site-packages/airflow/example_dags/example_latest_only_with_trigger.py
[2025-02-13T17:29:26.195+0000] {processor.py:766} INFO - DAG(s) dict_keys(['latest_only_with_trigger']) retrieved from /home/airflow/.local/lib/python3.7/site-packages/airflow/example_dags/example_latest_only_with_trigger.py
[2025-02-13T17:29:26.240+0000] {logging_mixin.py:137} INFO - [2025-02-13T17:29:26.239+0000] {dag.py:2585} INFO - Sync 1 DAGs
[2025-02-13T17:29:26.305+0000] {logging_mixin.py:137} INFO - [2025-02-13T17:29:26.305+0000] {dag.py:3340} INFO - Setting next_dagrun for latest_only_with_trigger to 2025-02-13T13:29:26.304939+00:00, run_after=2025-02-13T17:29:26.304939+00:00
[2025-02-13T17:29:26.351+0000] {processor.py:176} INFO - Processing /home/airflow/.local/lib/python3.7/site-packages/airflow/example_dags/example_latest_only_with_trigger.py took 0.189 seconds
[2025-02-13T17:29:57.149+0000] {processor.py:154} INFO - Started process (PID=1831) to work on /home/airflow/.local/lib/python3.7/site-packages/airflow/example_dags/example_latest_only_with_trigger.py
[2025-02-13T17:29:57.152+0000] {processor.py:756} INFO - Processing file /home/airflow/.local/lib/python3.7/site-packages/airflow/example_dags/example_latest_only_with_trigger.py for tasks to queue
[2025-02-13T17:29:57.156+0000] {logging_mixin.py:137} INFO - [2025-02-13T17:29:57.155+0000] {dagbag.py:537} INFO - Filling up the DagBag from /home/airflow/.local/lib/python3.7/site-packages/airflow/example_dags/example_latest_only_with_trigger.py
[2025-02-13T17:29:57.197+0000] {processor.py:766} INFO - DAG(s) dict_keys(['latest_only_with_trigger']) retrieved from /home/airflow/.local/lib/python3.7/site-packages/airflow/example_dags/example_latest_only_with_trigger.py
[2025-02-13T17:29:57.262+0000] {logging_mixin.py:137} INFO - [2025-02-13T17:29:57.262+0000] {dag.py:2585} INFO - Sync 1 DAGs
[2025-02-13T17:29:57.316+0000] {logging_mixin.py:137} INFO - [2025-02-13T17:29:57.316+0000] {dag.py:3340} INFO - Setting next_dagrun for latest_only_with_trigger to 2025-02-13T13:29:57.315837+00:00, run_after=2025-02-13T17:29:57.315837+00:00
[2025-02-13T17:29:57.369+0000] {processor.py:176} INFO - Processing /home/airflow/.local/lib/python3.7/site-packages/airflow/example_dags/example_latest_only_with_trigger.py took 0.227 seconds
[2025-02-13T17:30:27.680+0000] {processor.py:154} INFO - Started process (PID=2011) to work on /home/airflow/.local/lib/python3.7/site-packages/airflow/example_dags/example_latest_only_with_trigger.py
[2025-02-13T17:30:27.682+0000] {processor.py:756} INFO - Processing file /home/airflow/.local/lib/python3.7/site-packages/airflow/example_dags/example_latest_only_with_trigger.py for tasks to queue
[2025-02-13T17:30:27.684+0000] {logging_mixin.py:137} INFO - [2025-02-13T17:30:27.684+0000] {dagbag.py:537} INFO - Filling up the DagBag from /home/airflow/.local/lib/python3.7/site-packages/airflow/example_dags/example_latest_only_with_trigger.py
[2025-02-13T17:30:27.714+0000] {processor.py:766} INFO - DAG(s) dict_keys(['latest_only_with_trigger']) retrieved from /home/airflow/.local/lib/python3.7/site-packages/airflow/example_dags/example_latest_only_with_trigger.py
[2025-02-13T17:30:27.768+0000] {logging_mixin.py:137} INFO - [2025-02-13T17:30:27.767+0000] {dag.py:2585} INFO - Sync 1 DAGs
[2025-02-13T17:30:27.836+0000] {logging_mixin.py:137} INFO - [2025-02-13T17:30:27.836+0000] {dag.py:3340} INFO - Setting next_dagrun for latest_only_with_trigger to 2025-02-13T13:30:27.835354+00:00, run_after=2025-02-13T17:30:27.835354+00:00
[2025-02-13T17:30:27.899+0000] {processor.py:176} INFO - Processing /home/airflow/.local/lib/python3.7/site-packages/airflow/example_dags/example_latest_only_with_trigger.py took 0.231 seconds
[2025-02-13T17:30:58.814+0000] {processor.py:154} INFO - Started process (PID=2191) to work on /home/airflow/.local/lib/python3.7/site-packages/airflow/example_dags/example_latest_only_with_trigger.py
[2025-02-13T17:30:58.816+0000] {processor.py:756} INFO - Processing file /home/airflow/.local/lib/python3.7/site-packages/airflow/example_dags/example_latest_only_with_trigger.py for tasks to queue
[2025-02-13T17:30:58.817+0000] {logging_mixin.py:137} INFO - [2025-02-13T17:30:58.817+0000] {dagbag.py:537} INFO - Filling up the DagBag from /home/airflow/.local/lib/python3.7/site-packages/airflow/example_dags/example_latest_only_with_trigger.py
[2025-02-13T17:30:58.848+0000] {processor.py:766} INFO - DAG(s) dict_keys(['latest_only_with_trigger']) retrieved from /home/airflow/.local/lib/python3.7/site-packages/airflow/example_dags/example_latest_only_with_trigger.py
[2025-02-13T17:30:58.927+0000] {logging_mixin.py:137} INFO - [2025-02-13T17:30:58.927+0000] {dag.py:2585} INFO - Sync 1 DAGs
[2025-02-13T17:30:59.001+0000] {logging_mixin.py:137} INFO - [2025-02-13T17:30:59.000+0000] {dag.py:3340} INFO - Setting next_dagrun for latest_only_with_trigger to 2025-02-13T13:30:59.000079+00:00, run_after=2025-02-13T17:30:59.000079+00:00
[2025-02-13T17:30:59.056+0000] {processor.py:176} INFO - Processing /home/airflow/.local/lib/python3.7/site-packages/airflow/example_dags/example_latest_only_with_trigger.py took 0.247 seconds
[2025-02-13T17:31:29.318+0000] {processor.py:154} INFO - Started process (PID=2372) to work on /home/airflow/.local/lib/python3.7/site-packages/airflow/example_dags/example_latest_only_with_trigger.py
[2025-02-13T17:31:29.322+0000] {processor.py:756} INFO - Processing file /home/airflow/.local/lib/python3.7/site-packages/airflow/example_dags/example_latest_only_with_trigger.py for tasks to queue
[2025-02-13T17:31:29.324+0000] {logging_mixin.py:137} INFO - [2025-02-13T17:31:29.324+0000] {dagbag.py:537} INFO - Filling up the DagBag from /home/airflow/.local/lib/python3.7/site-packages/airflow/example_dags/example_latest_only_with_trigger.py
[2025-02-13T17:31:29.354+0000] {processor.py:766} INFO - DAG(s) dict_keys(['latest_only_with_trigger']) retrieved from /home/airflow/.local/lib/python3.7/site-packages/airflow/example_dags/example_latest_only_with_trigger.py
[2025-02-13T17:31:29.423+0000] {logging_mixin.py:137} INFO - [2025-02-13T17:31:29.423+0000] {dag.py:2585} INFO - Sync 1 DAGs
[2025-02-13T17:31:29.482+0000] {logging_mixin.py:137} INFO - [2025-02-13T17:31:29.481+0000] {dag.py:3340} INFO - Setting next_dagrun for latest_only_with_trigger to 2025-02-13T13:31:29.480865+00:00, run_after=2025-02-13T17:31:29.480865+00:00
[2025-02-13T17:31:29.539+0000] {processor.py:176} INFO - Processing /home/airflow/.local/lib/python3.7/site-packages/airflow/example_dags/example_latest_only_with_trigger.py took 0.234 seconds
[2025-02-13T17:31:59.635+0000] {processor.py:154} INFO - Started process (PID=2549) to work on /home/airflow/.local/lib/python3.7/site-packages/airflow/example_dags/example_latest_only_with_trigger.py
[2025-02-13T17:31:59.638+0000] {processor.py:756} INFO - Processing file /home/airflow/.local/lib/python3.7/site-packages/airflow/example_dags/example_latest_only_with_trigger.py for tasks to queue
[2025-02-13T17:31:59.640+0000] {logging_mixin.py:137} INFO - [2025-02-13T17:31:59.640+0000] {dagbag.py:537} INFO - Filling up the DagBag from /home/airflow/.local/lib/python3.7/site-packages/airflow/example_dags/example_latest_only_with_trigger.py
[2025-02-13T17:31:59.673+0000] {processor.py:766} INFO - DAG(s) dict_keys(['latest_only_with_trigger']) retrieved from /home/airflow/.local/lib/python3.7/site-packages/airflow/example_dags/example_latest_only_with_trigger.py
[2025-02-13T17:31:59.756+0000] {logging_mixin.py:137} INFO - [2025-02-13T17:31:59.756+0000] {dag.py:2585} INFO - Sync 1 DAGs
[2025-02-13T17:31:59.808+0000] {logging_mixin.py:137} INFO - [2025-02-13T17:31:59.808+0000] {dag.py:3340} INFO - Setting next_dagrun for latest_only_with_trigger to 2025-02-13T13:31:59.807930+00:00, run_after=2025-02-13T17:31:59.807930+00:00
[2025-02-13T17:31:59.872+0000] {processor.py:176} INFO - Processing /home/airflow/.local/lib/python3.7/site-packages/airflow/example_dags/example_latest_only_with_trigger.py took 0.247 seconds
[2025-02-13T17:32:29.982+0000] {processor.py:154} INFO - Started process (PID=2729) to work on /home/airflow/.local/lib/python3.7/site-packages/airflow/example_dags/example_latest_only_with_trigger.py
[2025-02-13T17:32:29.984+0000] {processor.py:756} INFO - Processing file /home/airflow/.local/lib/python3.7/site-packages/airflow/example_dags/example_latest_only_with_trigger.py for tasks to queue
[2025-02-13T17:32:29.985+0000] {logging_mixin.py:137} INFO - [2025-02-13T17:32:29.985+0000] {dagbag.py:537} INFO - Filling up the DagBag from /home/airflow/.local/lib/python3.7/site-packages/airflow/example_dags/example_latest_only_with_trigger.py
[2025-02-13T17:32:30.010+0000] {processor.py:766} INFO - DAG(s) dict_keys(['latest_only_with_trigger']) retrieved from /home/airflow/.local/lib/python3.7/site-packages/airflow/example_dags/example_latest_only_with_trigger.py
[2025-02-13T17:32:30.079+0000] {logging_mixin.py:137} INFO - [2025-02-13T17:32:30.079+0000] {dag.py:2585} INFO - Sync 1 DAGs
[2025-02-13T17:32:30.137+0000] {logging_mixin.py:137} INFO - [2025-02-13T17:32:30.137+0000] {dag.py:3340} INFO - Setting next_dagrun for latest_only_with_trigger to 2025-02-13T13:32:30.137052+00:00, run_after=2025-02-13T17:32:30.137052+00:00
[2025-02-13T17:32:30.186+0000] {processor.py:176} INFO - Processing /home/airflow/.local/lib/python3.7/site-packages/airflow/example_dags/example_latest_only_with_trigger.py took 0.210 seconds
[2025-02-13T17:33:00.578+0000] {processor.py:154} INFO - Started process (PID=2907) to work on /home/airflow/.local/lib/python3.7/site-packages/airflow/example_dags/example_latest_only_with_trigger.py
[2025-02-13T17:33:00.579+0000] {processor.py:756} INFO - Processing file /home/airflow/.local/lib/python3.7/site-packages/airflow/example_dags/example_latest_only_with_trigger.py for tasks to queue
[2025-02-13T17:33:00.580+0000] {logging_mixin.py:137} INFO - [2025-02-13T17:33:00.580+0000] {dagbag.py:537} INFO - Filling up the DagBag from /home/airflow/.local/lib/python3.7/site-packages/airflow/example_dags/example_latest_only_with_trigger.py
[2025-02-13T17:33:00.602+0000] {processor.py:766} INFO - DAG(s) dict_keys(['latest_only_with_trigger']) retrieved from /home/airflow/.local/lib/python3.7/site-packages/airflow/example_dags/example_latest_only_with_trigger.py
[2025-02-13T17:33:00.639+0000] {logging_mixin.py:137} INFO - [2025-02-13T17:33:00.639+0000] {dag.py:2585} INFO - Sync 1 DAGs
[2025-02-13T17:33:00.684+0000] {logging_mixin.py:137} INFO - [2025-02-13T17:33:00.683+0000] {dag.py:3340} INFO - Setting next_dagrun for latest_only_with_trigger to 2025-02-13T13:33:00.683581+00:00, run_after=2025-02-13T17:33:00.683581+00:00
[2025-02-13T17:33:00.723+0000] {processor.py:176} INFO - Processing /home/airflow/.local/lib/python3.7/site-packages/airflow/example_dags/example_latest_only_with_trigger.py took 0.149 seconds
[2025-02-13T17:33:31.888+0000] {processor.py:154} INFO - Started process (PID=3089) to work on /home/airflow/.local/lib/python3.7/site-packages/airflow/example_dags/example_latest_only_with_trigger.py
[2025-02-13T17:33:31.891+0000] {processor.py:756} INFO - Processing file /home/airflow/.local/lib/python3.7/site-packages/airflow/example_dags/example_latest_only_with_trigger.py for tasks to queue
[2025-02-13T17:33:31.892+0000] {logging_mixin.py:137} INFO - [2025-02-13T17:33:31.892+0000] {dagbag.py:537} INFO - Filling up the DagBag from /home/airflow/.local/lib/python3.7/site-packages/airflow/example_dags/example_latest_only_with_trigger.py
[2025-02-13T17:33:31.923+0000] {processor.py:766} INFO - DAG(s) dict_keys(['latest_only_with_trigger']) retrieved from /home/airflow/.local/lib/python3.7/site-packages/airflow/example_dags/example_latest_only_with_trigger.py
[2025-02-13T17:33:32.012+0000] {logging_mixin.py:137} INFO - [2025-02-13T17:33:32.012+0000] {dag.py:2585} INFO - Sync 1 DAGs
[2025-02-13T17:33:32.063+0000] {logging_mixin.py:137} INFO - [2025-02-13T17:33:32.063+0000] {dag.py:3340} INFO - Setting next_dagrun for latest_only_with_trigger to 2025-02-13T13:33:32.062676+00:00, run_after=2025-02-13T17:33:32.062676+00:00
[2025-02-13T17:33:32.101+0000] {processor.py:176} INFO - Processing /home/airflow/.local/lib/python3.7/site-packages/airflow/example_dags/example_latest_only_with_trigger.py took 0.221 seconds
[2025-02-13T17:34:02.338+0000] {processor.py:154} INFO - Started process (PID=3269) to work on /home/airflow/.local/lib/python3.7/site-packages/airflow/example_dags/example_latest_only_with_trigger.py
[2025-02-13T17:34:02.340+0000] {processor.py:756} INFO - Processing file /home/airflow/.local/lib/python3.7/site-packages/airflow/example_dags/example_latest_only_with_trigger.py for tasks to queue
[2025-02-13T17:34:02.342+0000] {logging_mixin.py:137} INFO - [2025-02-13T17:34:02.341+0000] {dagbag.py:537} INFO - Filling up the DagBag from /home/airflow/.local/lib/python3.7/site-packages/airflow/example_dags/example_latest_only_with_trigger.py
[2025-02-13T17:34:02.366+0000] {processor.py:766} INFO - DAG(s) dict_keys(['latest_only_with_trigger']) retrieved from /home/airflow/.local/lib/python3.7/site-packages/airflow/example_dags/example_latest_only_with_trigger.py
[2025-02-13T17:34:02.442+0000] {logging_mixin.py:137} INFO - [2025-02-13T17:34:02.442+0000] {dag.py:2585} INFO - Sync 1 DAGs
[2025-02-13T17:34:02.492+0000] {logging_mixin.py:137} INFO - [2025-02-13T17:34:02.491+0000] {dag.py:3340} INFO - Setting next_dagrun for latest_only_with_trigger to 2025-02-13T13:34:02.491278+00:00, run_after=2025-02-13T17:34:02.491278+00:00
[2025-02-13T17:34:02.532+0000] {processor.py:176} INFO - Processing /home/airflow/.local/lib/python3.7/site-packages/airflow/example_dags/example_latest_only_with_trigger.py took 0.200 seconds
[2025-02-13T17:34:32.706+0000] {processor.py:154} INFO - Started process (PID=3447) to work on /home/airflow/.local/lib/python3.7/site-packages/airflow/example_dags/example_latest_only_with_trigger.py
[2025-02-13T17:34:32.708+0000] {processor.py:756} INFO - Processing file /home/airflow/.local/lib/python3.7/site-packages/airflow/example_dags/example_latest_only_with_trigger.py for tasks to queue
[2025-02-13T17:34:32.712+0000] {logging_mixin.py:137} INFO - [2025-02-13T17:34:32.711+0000] {dagbag.py:537} INFO - Filling up the DagBag from /home/airflow/.local/lib/python3.7/site-packages/airflow/example_dags/example_latest_only_with_trigger.py
[2025-02-13T17:34:32.750+0000] {processor.py:766} INFO - DAG(s) dict_keys(['latest_only_with_trigger']) retrieved from /home/airflow/.local/lib/python3.7/site-packages/airflow/example_dags/example_latest_only_with_trigger.py
[2025-02-13T17:34:32.832+0000] {logging_mixin.py:137} INFO - [2025-02-13T17:34:32.831+0000] {dag.py:2585} INFO - Sync 1 DAGs
[2025-02-13T17:34:32.885+0000] {logging_mixin.py:137} INFO - [2025-02-13T17:34:32.885+0000] {dag.py:3340} INFO - Setting next_dagrun for latest_only_with_trigger to 2025-02-13T13:34:32.885211+00:00, run_after=2025-02-13T17:34:32.885211+00:00
[2025-02-13T17:34:32.944+0000] {processor.py:176} INFO - Processing /home/airflow/.local/lib/python3.7/site-packages/airflow/example_dags/example_latest_only_with_trigger.py took 0.246 seconds
[2025-02-13T17:35:03.546+0000] {processor.py:154} INFO - Started process (PID=3629) to work on /home/airflow/.local/lib/python3.7/site-packages/airflow/example_dags/example_latest_only_with_trigger.py
[2025-02-13T17:35:03.548+0000] {processor.py:756} INFO - Processing file /home/airflow/.local/lib/python3.7/site-packages/airflow/example_dags/example_latest_only_with_trigger.py for tasks to queue
[2025-02-13T17:35:03.551+0000] {logging_mixin.py:137} INFO - [2025-02-13T17:35:03.551+0000] {dagbag.py:537} INFO - Filling up the DagBag from /home/airflow/.local/lib/python3.7/site-packages/airflow/example_dags/example_latest_only_with_trigger.py
[2025-02-13T17:35:03.581+0000] {processor.py:766} INFO - DAG(s) dict_keys(['latest_only_with_trigger']) retrieved from /home/airflow/.local/lib/python3.7/site-packages/airflow/example_dags/example_latest_only_with_trigger.py
[2025-02-13T17:35:03.655+0000] {logging_mixin.py:137} INFO - [2025-02-13T17:35:03.655+0000] {dag.py:2585} INFO - Sync 1 DAGs
[2025-02-13T17:35:03.711+0000] {logging_mixin.py:137} INFO - [2025-02-13T17:35:03.711+0000] {dag.py:3340} INFO - Setting next_dagrun for latest_only_with_trigger to 2025-02-13T13:35:03.710602+00:00, run_after=2025-02-13T17:35:03.710602+00:00
[2025-02-13T17:35:03.754+0000] {processor.py:176} INFO - Processing /home/airflow/.local/lib/python3.7/site-packages/airflow/example_dags/example_latest_only_with_trigger.py took 0.216 seconds
[2025-02-13T17:35:33.975+0000] {processor.py:154} INFO - Started process (PID=3809) to work on /home/airflow/.local/lib/python3.7/site-packages/airflow/example_dags/example_latest_only_with_trigger.py
[2025-02-13T17:35:33.977+0000] {processor.py:756} INFO - Processing file /home/airflow/.local/lib/python3.7/site-packages/airflow/example_dags/example_latest_only_with_trigger.py for tasks to queue
[2025-02-13T17:35:33.978+0000] {logging_mixin.py:137} INFO - [2025-02-13T17:35:33.978+0000] {dagbag.py:537} INFO - Filling up the DagBag from /home/airflow/.local/lib/python3.7/site-packages/airflow/example_dags/example_latest_only_with_trigger.py
[2025-02-13T17:35:34.002+0000] {processor.py:766} INFO - DAG(s) dict_keys(['latest_only_with_trigger']) retrieved from /home/airflow/.local/lib/python3.7/site-packages/airflow/example_dags/example_latest_only_with_trigger.py
[2025-02-13T17:35:34.074+0000] {logging_mixin.py:137} INFO - [2025-02-13T17:35:34.074+0000] {dag.py:2585} INFO - Sync 1 DAGs
[2025-02-13T17:35:34.117+0000] {logging_mixin.py:137} INFO - [2025-02-13T17:35:34.117+0000] {dag.py:3340} INFO - Setting next_dagrun for latest_only_with_trigger to 2025-02-13T13:35:34.116562+00:00, run_after=2025-02-13T17:35:34.116562+00:00
[2025-02-13T17:35:34.228+0000] {processor.py:176} INFO - Processing /home/airflow/.local/lib/python3.7/site-packages/airflow/example_dags/example_latest_only_with_trigger.py took 0.259 seconds
[2025-02-13T17:36:04.345+0000] {processor.py:154} INFO - Started process (PID=3989) to work on /home/airflow/.local/lib/python3.7/site-packages/airflow/example_dags/example_latest_only_with_trigger.py
[2025-02-13T17:36:04.347+0000] {processor.py:756} INFO - Processing file /home/airflow/.local/lib/python3.7/site-packages/airflow/example_dags/example_latest_only_with_trigger.py for tasks to queue
[2025-02-13T17:36:04.351+0000] {logging_mixin.py:137} INFO - [2025-02-13T17:36:04.351+0000] {dagbag.py:537} INFO - Filling up the DagBag from /home/airflow/.local/lib/python3.7/site-packages/airflow/example_dags/example_latest_only_with_trigger.py
[2025-02-13T17:36:04.382+0000] {processor.py:766} INFO - DAG(s) dict_keys(['latest_only_with_trigger']) retrieved from /home/airflow/.local/lib/python3.7/site-packages/airflow/example_dags/example_latest_only_with_trigger.py
[2025-02-13T17:36:04.471+0000] {logging_mixin.py:137} INFO - [2025-02-13T17:36:04.471+0000] {dag.py:2585} INFO - Sync 1 DAGs
[2025-02-13T17:36:04.521+0000] {logging_mixin.py:137} INFO - [2025-02-13T17:36:04.521+0000] {dag.py:3340} INFO - Setting next_dagrun for latest_only_with_trigger to 2025-02-13T13:36:04.520975+00:00, run_after=2025-02-13T17:36:04.520975+00:00
[2025-02-13T17:36:04.569+0000] {processor.py:176} INFO - Processing /home/airflow/.local/lib/python3.7/site-packages/airflow/example_dags/example_latest_only_with_trigger.py took 0.231 seconds
[2025-02-13T17:36:34.924+0000] {processor.py:154} INFO - Started process (PID=4169) to work on /home/airflow/.local/lib/python3.7/site-packages/airflow/example_dags/example_latest_only_with_trigger.py
[2025-02-13T17:36:34.926+0000] {processor.py:756} INFO - Processing file /home/airflow/.local/lib/python3.7/site-packages/airflow/example_dags/example_latest_only_with_trigger.py for tasks to queue
[2025-02-13T17:36:34.928+0000] {logging_mixin.py:137} INFO - [2025-02-13T17:36:34.928+0000] {dagbag.py:537} INFO - Filling up the DagBag from /home/airflow/.local/lib/python3.7/site-packages/airflow/example_dags/example_latest_only_with_trigger.py
[2025-02-13T17:36:34.965+0000] {processor.py:766} INFO - DAG(s) dict_keys(['latest_only_with_trigger']) retrieved from /home/airflow/.local/lib/python3.7/site-packages/airflow/example_dags/example_latest_only_with_trigger.py
[2025-02-13T17:36:35.042+0000] {logging_mixin.py:137} INFO - [2025-02-13T17:36:35.042+0000] {dag.py:2585} INFO - Sync 1 DAGs
[2025-02-13T17:36:35.092+0000] {logging_mixin.py:137} INFO - [2025-02-13T17:36:35.091+0000] {dag.py:3340} INFO - Setting next_dagrun for latest_only_with_trigger to 2025-02-13T13:36:35.091381+00:00, run_after=2025-02-13T17:36:35.091381+00:00
[2025-02-13T17:36:35.147+0000] {processor.py:176} INFO - Processing /home/airflow/.local/lib/python3.7/site-packages/airflow/example_dags/example_latest_only_with_trigger.py took 0.227 seconds
[2025-02-13T17:37:05.373+0000] {processor.py:154} INFO - Started process (PID=4349) to work on /home/airflow/.local/lib/python3.7/site-packages/airflow/example_dags/example_latest_only_with_trigger.py
[2025-02-13T17:37:05.375+0000] {processor.py:756} INFO - Processing file /home/airflow/.local/lib/python3.7/site-packages/airflow/example_dags/example_latest_only_with_trigger.py for tasks to queue
[2025-02-13T17:37:05.376+0000] {logging_mixin.py:137} INFO - [2025-02-13T17:37:05.376+0000] {dagbag.py:537} INFO - Filling up the DagBag from /home/airflow/.local/lib/python3.7/site-packages/airflow/example_dags/example_latest_only_with_trigger.py
[2025-02-13T17:37:05.421+0000] {processor.py:766} INFO - DAG(s) dict_keys(['latest_only_with_trigger']) retrieved from /home/airflow/.local/lib/python3.7/site-packages/airflow/example_dags/example_latest_only_with_trigger.py
[2025-02-13T17:37:05.496+0000] {logging_mixin.py:137} INFO - [2025-02-13T17:37:05.495+0000] {dag.py:2585} INFO - Sync 1 DAGs
[2025-02-13T17:37:05.547+0000] {logging_mixin.py:137} INFO - [2025-02-13T17:37:05.546+0000] {dag.py:3340} INFO - Setting next_dagrun for latest_only_with_trigger to 2025-02-13T13:37:05.546337+00:00, run_after=2025-02-13T17:37:05.546337+00:00
[2025-02-13T17:37:05.595+0000] {processor.py:176} INFO - Processing /home/airflow/.local/lib/python3.7/site-packages/airflow/example_dags/example_latest_only_with_trigger.py took 0.228 seconds
[2025-02-13T17:37:36.048+0000] {processor.py:154} INFO - Started process (PID=4529) to work on /home/airflow/.local/lib/python3.7/site-packages/airflow/example_dags/example_latest_only_with_trigger.py
[2025-02-13T17:37:36.051+0000] {processor.py:756} INFO - Processing file /home/airflow/.local/lib/python3.7/site-packages/airflow/example_dags/example_latest_only_with_trigger.py for tasks to queue
[2025-02-13T17:37:36.053+0000] {logging_mixin.py:137} INFO - [2025-02-13T17:37:36.053+0000] {dagbag.py:537} INFO - Filling up the DagBag from /home/airflow/.local/lib/python3.7/site-packages/airflow/example_dags/example_latest_only_with_trigger.py
[2025-02-13T17:37:36.090+0000] {processor.py:766} INFO - DAG(s) dict_keys(['latest_only_with_trigger']) retrieved from /home/airflow/.local/lib/python3.7/site-packages/airflow/example_dags/example_latest_only_with_trigger.py
[2025-02-13T17:37:36.205+0000] {logging_mixin.py:137} INFO - [2025-02-13T17:37:36.205+0000] {dag.py:2585} INFO - Sync 1 DAGs
[2025-02-13T17:37:36.301+0000] {logging_mixin.py:137} INFO - [2025-02-13T17:37:36.300+0000] {dag.py:3340} INFO - Setting next_dagrun for latest_only_with_trigger to 2025-02-13T13:37:36.299352+00:00, run_after=2025-02-13T17:37:36.299352+00:00
[2025-02-13T17:37:36.350+0000] {processor.py:176} INFO - Processing /home/airflow/.local/lib/python3.7/site-packages/airflow/example_dags/example_latest_only_with_trigger.py took 0.312 seconds
[2025-02-13T17:38:06.806+0000] {processor.py:154} INFO - Started process (PID=4709) to work on /home/airflow/.local/lib/python3.7/site-packages/airflow/example_dags/example_latest_only_with_trigger.py
[2025-02-13T17:38:06.808+0000] {processor.py:756} INFO - Processing file /home/airflow/.local/lib/python3.7/site-packages/airflow/example_dags/example_latest_only_with_trigger.py for tasks to queue
[2025-02-13T17:38:06.810+0000] {logging_mixin.py:137} INFO - [2025-02-13T17:38:06.810+0000] {dagbag.py:537} INFO - Filling up the DagBag from /home/airflow/.local/lib/python3.7/site-packages/airflow/example_dags/example_latest_only_with_trigger.py
[2025-02-13T17:38:06.840+0000] {processor.py:766} INFO - DAG(s) dict_keys(['latest_only_with_trigger']) retrieved from /home/airflow/.local/lib/python3.7/site-packages/airflow/example_dags/example_latest_only_with_trigger.py
[2025-02-13T17:38:06.916+0000] {logging_mixin.py:137} INFO - [2025-02-13T17:38:06.916+0000] {dag.py:2585} INFO - Sync 1 DAGs
[2025-02-13T17:38:06.966+0000] {logging_mixin.py:137} INFO - [2025-02-13T17:38:06.966+0000] {dag.py:3340} INFO - Setting next_dagrun for latest_only_with_trigger to 2025-02-13T13:38:06.965490+00:00, run_after=2025-02-13T17:38:06.965490+00:00
[2025-02-13T17:38:07.004+0000] {processor.py:176} INFO - Processing /home/airflow/.local/lib/python3.7/site-packages/airflow/example_dags/example_latest_only_with_trigger.py took 0.204 seconds
[2025-02-13T17:38:37.488+0000] {processor.py:154} INFO - Started process (PID=4887) to work on /home/airflow/.local/lib/python3.7/site-packages/airflow/example_dags/example_latest_only_with_trigger.py
[2025-02-13T17:38:37.491+0000] {processor.py:756} INFO - Processing file /home/airflow/.local/lib/python3.7/site-packages/airflow/example_dags/example_latest_only_with_trigger.py for tasks to queue
[2025-02-13T17:38:37.494+0000] {logging_mixin.py:137} INFO - [2025-02-13T17:38:37.493+0000] {dagbag.py:537} INFO - Filling up the DagBag from /home/airflow/.local/lib/python3.7/site-packages/airflow/example_dags/example_latest_only_with_trigger.py
[2025-02-13T17:38:37.541+0000] {processor.py:766} INFO - DAG(s) dict_keys(['latest_only_with_trigger']) retrieved from /home/airflow/.local/lib/python3.7/site-packages/airflow/example_dags/example_latest_only_with_trigger.py
[2025-02-13T17:38:37.631+0000] {logging_mixin.py:137} INFO - [2025-02-13T17:38:37.631+0000] {dag.py:2585} INFO - Sync 1 DAGs
[2025-02-13T17:38:37.676+0000] {logging_mixin.py:137} INFO - [2025-02-13T17:38:37.676+0000] {dag.py:3340} INFO - Setting next_dagrun for latest_only_with_trigger to 2025-02-13T13:38:37.676336+00:00, run_after=2025-02-13T17:38:37.676336+00:00
[2025-02-13T17:38:37.724+0000] {processor.py:176} INFO - Processing /home/airflow/.local/lib/python3.7/site-packages/airflow/example_dags/example_latest_only_with_trigger.py took 0.245 seconds
[2025-02-13T17:39:38.938+0000] {processor.py:154} INFO - Started process (PID=5074) to work on /home/airflow/.local/lib/python3.7/site-packages/airflow/example_dags/example_latest_only_with_trigger.py
[2025-02-13T17:39:38.939+0000] {processor.py:756} INFO - Processing file /home/airflow/.local/lib/python3.7/site-packages/airflow/example_dags/example_latest_only_with_trigger.py for tasks to queue
[2025-02-13T17:39:38.941+0000] {logging_mixin.py:137} INFO - [2025-02-13T17:39:38.940+0000] {dagbag.py:537} INFO - Filling up the DagBag from /home/airflow/.local/lib/python3.7/site-packages/airflow/example_dags/example_latest_only_with_trigger.py
[2025-02-13T17:39:38.955+0000] {processor.py:766} INFO - DAG(s) dict_keys(['latest_only_with_trigger']) retrieved from /home/airflow/.local/lib/python3.7/site-packages/airflow/example_dags/example_latest_only_with_trigger.py
[2025-02-13T17:39:39.000+0000] {logging_mixin.py:137} INFO - [2025-02-13T17:39:39.000+0000] {dag.py:2585} INFO - Sync 1 DAGs
[2025-02-13T17:39:39.032+0000] {logging_mixin.py:137} INFO - [2025-02-13T17:39:39.032+0000] {dag.py:3340} INFO - Setting next_dagrun for latest_only_with_trigger to 2025-02-13T13:39:39.032268+00:00, run_after=2025-02-13T17:39:39.032268+00:00
[2025-02-13T17:39:39.066+0000] {processor.py:176} INFO - Processing /home/airflow/.local/lib/python3.7/site-packages/airflow/example_dags/example_latest_only_with_trigger.py took 0.131 seconds
[2025-02-13T17:40:09.998+0000] {processor.py:154} INFO - Started process (PID=5254) to work on /home/airflow/.local/lib/python3.7/site-packages/airflow/example_dags/example_latest_only_with_trigger.py
[2025-02-13T17:40:10.001+0000] {processor.py:756} INFO - Processing file /home/airflow/.local/lib/python3.7/site-packages/airflow/example_dags/example_latest_only_with_trigger.py for tasks to queue
[2025-02-13T17:40:10.003+0000] {logging_mixin.py:137} INFO - [2025-02-13T17:40:10.003+0000] {dagbag.py:537} INFO - Filling up the DagBag from /home/airflow/.local/lib/python3.7/site-packages/airflow/example_dags/example_latest_only_with_trigger.py
[2025-02-13T17:40:10.027+0000] {processor.py:766} INFO - DAG(s) dict_keys(['latest_only_with_trigger']) retrieved from /home/airflow/.local/lib/python3.7/site-packages/airflow/example_dags/example_latest_only_with_trigger.py
[2025-02-13T17:40:10.101+0000] {logging_mixin.py:137} INFO - [2025-02-13T17:40:10.100+0000] {dag.py:2585} INFO - Sync 1 DAGs
[2025-02-13T17:40:10.155+0000] {logging_mixin.py:137} INFO - [2025-02-13T17:40:10.155+0000] {dag.py:3340} INFO - Setting next_dagrun for latest_only_with_trigger to 2025-02-13T13:40:10.154945+00:00, run_after=2025-02-13T17:40:10.154945+00:00
[2025-02-13T17:40:10.218+0000] {processor.py:176} INFO - Processing /home/airflow/.local/lib/python3.7/site-packages/airflow/example_dags/example_latest_only_with_trigger.py took 0.228 seconds
[2025-02-13T17:40:40.476+0000] {processor.py:154} INFO - Started process (PID=5434) to work on /home/airflow/.local/lib/python3.7/site-packages/airflow/example_dags/example_latest_only_with_trigger.py
[2025-02-13T17:40:40.478+0000] {processor.py:756} INFO - Processing file /home/airflow/.local/lib/python3.7/site-packages/airflow/example_dags/example_latest_only_with_trigger.py for tasks to queue
[2025-02-13T17:40:40.480+0000] {logging_mixin.py:137} INFO - [2025-02-13T17:40:40.479+0000] {dagbag.py:537} INFO - Filling up the DagBag from /home/airflow/.local/lib/python3.7/site-packages/airflow/example_dags/example_latest_only_with_trigger.py
[2025-02-13T17:40:40.514+0000] {processor.py:766} INFO - DAG(s) dict_keys(['latest_only_with_trigger']) retrieved from /home/airflow/.local/lib/python3.7/site-packages/airflow/example_dags/example_latest_only_with_trigger.py
[2025-02-13T17:40:40.572+0000] {logging_mixin.py:137} INFO - [2025-02-13T17:40:40.572+0000] {dag.py:2585} INFO - Sync 1 DAGs
[2025-02-13T17:40:40.615+0000] {logging_mixin.py:137} INFO - [2025-02-13T17:40:40.615+0000] {dag.py:3340} INFO - Setting next_dagrun for latest_only_with_trigger to 2025-02-13T13:40:40.615029+00:00, run_after=2025-02-13T17:40:40.615029+00:00
[2025-02-13T17:40:40.646+0000] {processor.py:176} INFO - Processing /home/airflow/.local/lib/python3.7/site-packages/airflow/example_dags/example_latest_only_with_trigger.py took 0.184 seconds
[2025-02-13T17:41:12.082+0000] {processor.py:154} INFO - Started process (PID=5614) to work on /home/airflow/.local/lib/python3.7/site-packages/airflow/example_dags/example_latest_only_with_trigger.py
[2025-02-13T17:41:12.084+0000] {processor.py:756} INFO - Processing file /home/airflow/.local/lib/python3.7/site-packages/airflow/example_dags/example_latest_only_with_trigger.py for tasks to queue
[2025-02-13T17:41:12.087+0000] {logging_mixin.py:137} INFO - [2025-02-13T17:41:12.087+0000] {dagbag.py:537} INFO - Filling up the DagBag from /home/airflow/.local/lib/python3.7/site-packages/airflow/example_dags/example_latest_only_with_trigger.py
[2025-02-13T17:41:12.112+0000] {processor.py:766} INFO - DAG(s) dict_keys(['latest_only_with_trigger']) retrieved from /home/airflow/.local/lib/python3.7/site-packages/airflow/example_dags/example_latest_only_with_trigger.py
[2025-02-13T17:41:12.198+0000] {logging_mixin.py:137} INFO - [2025-02-13T17:41:12.197+0000] {dag.py:2585} INFO - Sync 1 DAGs
[2025-02-13T17:41:12.274+0000] {logging_mixin.py:137} INFO - [2025-02-13T17:41:12.273+0000] {dag.py:3340} INFO - Setting next_dagrun for latest_only_with_trigger to 2025-02-13T13:41:12.273419+00:00, run_after=2025-02-13T17:41:12.273419+00:00
[2025-02-13T17:41:12.331+0000] {processor.py:176} INFO - Processing /home/airflow/.local/lib/python3.7/site-packages/airflow/example_dags/example_latest_only_with_trigger.py took 0.254 seconds
[2025-02-13T17:41:42.648+0000] {processor.py:154} INFO - Started process (PID=5794) to work on /home/airflow/.local/lib/python3.7/site-packages/airflow/example_dags/example_latest_only_with_trigger.py
[2025-02-13T17:41:42.649+0000] {processor.py:756} INFO - Processing file /home/airflow/.local/lib/python3.7/site-packages/airflow/example_dags/example_latest_only_with_trigger.py for tasks to queue
[2025-02-13T17:41:42.650+0000] {logging_mixin.py:137} INFO - [2025-02-13T17:41:42.650+0000] {dagbag.py:537} INFO - Filling up the DagBag from /home/airflow/.local/lib/python3.7/site-packages/airflow/example_dags/example_latest_only_with_trigger.py
[2025-02-13T17:41:42.666+0000] {processor.py:766} INFO - DAG(s) dict_keys(['latest_only_with_trigger']) retrieved from /home/airflow/.local/lib/python3.7/site-packages/airflow/example_dags/example_latest_only_with_trigger.py
[2025-02-13T17:41:42.703+0000] {logging_mixin.py:137} INFO - [2025-02-13T17:41:42.703+0000] {dag.py:2585} INFO - Sync 1 DAGs
[2025-02-13T17:41:42.729+0000] {logging_mixin.py:137} INFO - [2025-02-13T17:41:42.729+0000] {dag.py:3340} INFO - Setting next_dagrun for latest_only_with_trigger to 2025-02-13T13:41:42.729510+00:00, run_after=2025-02-13T17:41:42.729510+00:00
[2025-02-13T17:41:42.751+0000] {processor.py:176} INFO - Processing /home/airflow/.local/lib/python3.7/site-packages/airflow/example_dags/example_latest_only_with_trigger.py took 0.106 seconds
[2025-02-13T17:42:13.079+0000] {processor.py:154} INFO - Started process (PID=5974) to work on /home/airflow/.local/lib/python3.7/site-packages/airflow/example_dags/example_latest_only_with_trigger.py
[2025-02-13T17:42:13.082+0000] {processor.py:756} INFO - Processing file /home/airflow/.local/lib/python3.7/site-packages/airflow/example_dags/example_latest_only_with_trigger.py for tasks to queue
[2025-02-13T17:42:13.084+0000] {logging_mixin.py:137} INFO - [2025-02-13T17:42:13.084+0000] {dagbag.py:537} INFO - Filling up the DagBag from /home/airflow/.local/lib/python3.7/site-packages/airflow/example_dags/example_latest_only_with_trigger.py
[2025-02-13T17:42:13.115+0000] {processor.py:766} INFO - DAG(s) dict_keys(['latest_only_with_trigger']) retrieved from /home/airflow/.local/lib/python3.7/site-packages/airflow/example_dags/example_latest_only_with_trigger.py
[2025-02-13T17:42:13.249+0000] {logging_mixin.py:137} INFO - [2025-02-13T17:42:13.249+0000] {dag.py:2585} INFO - Sync 1 DAGs
[2025-02-13T17:42:13.323+0000] {logging_mixin.py:137} INFO - [2025-02-13T17:42:13.323+0000] {dag.py:3340} INFO - Setting next_dagrun for latest_only_with_trigger to 2025-02-13T13:42:13.322504+00:00, run_after=2025-02-13T17:42:13.322504+00:00
[2025-02-13T17:42:13.371+0000] {processor.py:176} INFO - Processing /home/airflow/.local/lib/python3.7/site-packages/airflow/example_dags/example_latest_only_with_trigger.py took 0.298 seconds
[2025-02-13T17:42:43.479+0000] {processor.py:154} INFO - Started process (PID=6156) to work on /home/airflow/.local/lib/python3.7/site-packages/airflow/example_dags/example_latest_only_with_trigger.py
[2025-02-13T17:42:43.481+0000] {processor.py:756} INFO - Processing file /home/airflow/.local/lib/python3.7/site-packages/airflow/example_dags/example_latest_only_with_trigger.py for tasks to queue
[2025-02-13T17:42:43.483+0000] {logging_mixin.py:137} INFO - [2025-02-13T17:42:43.483+0000] {dagbag.py:537} INFO - Filling up the DagBag from /home/airflow/.local/lib/python3.7/site-packages/airflow/example_dags/example_latest_only_with_trigger.py
[2025-02-13T17:42:43.509+0000] {processor.py:766} INFO - DAG(s) dict_keys(['latest_only_with_trigger']) retrieved from /home/airflow/.local/lib/python3.7/site-packages/airflow/example_dags/example_latest_only_with_trigger.py
[2025-02-13T17:42:43.580+0000] {logging_mixin.py:137} INFO - [2025-02-13T17:42:43.580+0000] {dag.py:2585} INFO - Sync 1 DAGs
[2025-02-13T17:42:43.621+0000] {logging_mixin.py:137} INFO - [2025-02-13T17:42:43.620+0000] {dag.py:3340} INFO - Setting next_dagrun for latest_only_with_trigger to 2025-02-13T13:42:43.620572+00:00, run_after=2025-02-13T17:42:43.620572+00:00
[2025-02-13T17:42:43.652+0000] {processor.py:176} INFO - Processing /home/airflow/.local/lib/python3.7/site-packages/airflow/example_dags/example_latest_only_with_trigger.py took 0.179 seconds
[2025-02-13T17:43:14.175+0000] {processor.py:154} INFO - Started process (PID=6334) to work on /home/airflow/.local/lib/python3.7/site-packages/airflow/example_dags/example_latest_only_with_trigger.py
[2025-02-13T17:43:14.177+0000] {processor.py:756} INFO - Processing file /home/airflow/.local/lib/python3.7/site-packages/airflow/example_dags/example_latest_only_with_trigger.py for tasks to queue
[2025-02-13T17:43:14.179+0000] {logging_mixin.py:137} INFO - [2025-02-13T17:43:14.179+0000] {dagbag.py:537} INFO - Filling up the DagBag from /home/airflow/.local/lib/python3.7/site-packages/airflow/example_dags/example_latest_only_with_trigger.py
[2025-02-13T17:43:14.204+0000] {processor.py:766} INFO - DAG(s) dict_keys(['latest_only_with_trigger']) retrieved from /home/airflow/.local/lib/python3.7/site-packages/airflow/example_dags/example_latest_only_with_trigger.py
[2025-02-13T17:43:14.272+0000] {logging_mixin.py:137} INFO - [2025-02-13T17:43:14.272+0000] {dag.py:2585} INFO - Sync 1 DAGs
[2025-02-13T17:43:14.319+0000] {logging_mixin.py:137} INFO - [2025-02-13T17:43:14.318+0000] {dag.py:3340} INFO - Setting next_dagrun for latest_only_with_trigger to 2025-02-13T13:43:14.318224+00:00, run_after=2025-02-13T17:43:14.318224+00:00
[2025-02-13T17:43:14.364+0000] {processor.py:176} INFO - Processing /home/airflow/.local/lib/python3.7/site-packages/airflow/example_dags/example_latest_only_with_trigger.py took 0.194 seconds
[2025-02-13T17:43:44.758+0000] {processor.py:154} INFO - Started process (PID=6514) to work on /home/airflow/.local/lib/python3.7/site-packages/airflow/example_dags/example_latest_only_with_trigger.py
[2025-02-13T17:43:44.760+0000] {processor.py:756} INFO - Processing file /home/airflow/.local/lib/python3.7/site-packages/airflow/example_dags/example_latest_only_with_trigger.py for tasks to queue
[2025-02-13T17:43:44.763+0000] {logging_mixin.py:137} INFO - [2025-02-13T17:43:44.762+0000] {dagbag.py:537} INFO - Filling up the DagBag from /home/airflow/.local/lib/python3.7/site-packages/airflow/example_dags/example_latest_only_with_trigger.py
[2025-02-13T17:43:44.786+0000] {processor.py:766} INFO - DAG(s) dict_keys(['latest_only_with_trigger']) retrieved from /home/airflow/.local/lib/python3.7/site-packages/airflow/example_dags/example_latest_only_with_trigger.py
[2025-02-13T17:43:44.856+0000] {logging_mixin.py:137} INFO - [2025-02-13T17:43:44.856+0000] {dag.py:2585} INFO - Sync 1 DAGs
[2025-02-13T17:43:44.905+0000] {logging_mixin.py:137} INFO - [2025-02-13T17:43:44.905+0000] {dag.py:3340} INFO - Setting next_dagrun for latest_only_with_trigger to 2025-02-13T13:43:44.905255+00:00, run_after=2025-02-13T17:43:44.905255+00:00
[2025-02-13T17:43:44.944+0000] {processor.py:176} INFO - Processing /home/airflow/.local/lib/python3.7/site-packages/airflow/example_dags/example_latest_only_with_trigger.py took 0.191 seconds
[2025-02-13T17:44:15.379+0000] {processor.py:154} INFO - Started process (PID=6694) to work on /home/airflow/.local/lib/python3.7/site-packages/airflow/example_dags/example_latest_only_with_trigger.py
[2025-02-13T17:44:15.381+0000] {processor.py:756} INFO - Processing file /home/airflow/.local/lib/python3.7/site-packages/airflow/example_dags/example_latest_only_with_trigger.py for tasks to queue
[2025-02-13T17:44:15.383+0000] {logging_mixin.py:137} INFO - [2025-02-13T17:44:15.382+0000] {dagbag.py:537} INFO - Filling up the DagBag from /home/airflow/.local/lib/python3.7/site-packages/airflow/example_dags/example_latest_only_with_trigger.py
[2025-02-13T17:44:15.407+0000] {processor.py:766} INFO - DAG(s) dict_keys(['latest_only_with_trigger']) retrieved from /home/airflow/.local/lib/python3.7/site-packages/airflow/example_dags/example_latest_only_with_trigger.py
[2025-02-13T17:44:15.480+0000] {logging_mixin.py:137} INFO - [2025-02-13T17:44:15.480+0000] {dag.py:2585} INFO - Sync 1 DAGs
[2025-02-13T17:44:15.527+0000] {logging_mixin.py:137} INFO - [2025-02-13T17:44:15.527+0000] {dag.py:3340} INFO - Setting next_dagrun for latest_only_with_trigger to 2025-02-13T13:44:15.526864+00:00, run_after=2025-02-13T17:44:15.526864+00:00
[2025-02-13T17:44:15.565+0000] {processor.py:176} INFO - Processing /home/airflow/.local/lib/python3.7/site-packages/airflow/example_dags/example_latest_only_with_trigger.py took 0.191 seconds
[2025-02-13T17:44:46.241+0000] {processor.py:154} INFO - Started process (PID=6876) to work on /home/airflow/.local/lib/python3.7/site-packages/airflow/example_dags/example_latest_only_with_trigger.py
[2025-02-13T17:44:46.243+0000] {processor.py:756} INFO - Processing file /home/airflow/.local/lib/python3.7/site-packages/airflow/example_dags/example_latest_only_with_trigger.py for tasks to queue
[2025-02-13T17:44:46.245+0000] {logging_mixin.py:137} INFO - [2025-02-13T17:44:46.244+0000] {dagbag.py:537} INFO - Filling up the DagBag from /home/airflow/.local/lib/python3.7/site-packages/airflow/example_dags/example_latest_only_with_trigger.py
[2025-02-13T17:44:46.265+0000] {processor.py:766} INFO - DAG(s) dict_keys(['latest_only_with_trigger']) retrieved from /home/airflow/.local/lib/python3.7/site-packages/airflow/example_dags/example_latest_only_with_trigger.py
[2025-02-13T17:44:46.339+0000] {logging_mixin.py:137} INFO - [2025-02-13T17:44:46.338+0000] {dag.py:2585} INFO - Sync 1 DAGs
[2025-02-13T17:44:46.383+0000] {logging_mixin.py:137} INFO - [2025-02-13T17:44:46.383+0000] {dag.py:3340} INFO - Setting next_dagrun for latest_only_with_trigger to 2025-02-13T13:44:46.382727+00:00, run_after=2025-02-13T17:44:46.382727+00:00
[2025-02-13T17:44:46.425+0000] {processor.py:176} INFO - Processing /home/airflow/.local/lib/python3.7/site-packages/airflow/example_dags/example_latest_only_with_trigger.py took 0.191 seconds
[2025-02-13T17:45:16.673+0000] {processor.py:154} INFO - Started process (PID=7054) to work on /home/airflow/.local/lib/python3.7/site-packages/airflow/example_dags/example_latest_only_with_trigger.py
[2025-02-13T17:45:16.675+0000] {processor.py:756} INFO - Processing file /home/airflow/.local/lib/python3.7/site-packages/airflow/example_dags/example_latest_only_with_trigger.py for tasks to queue
[2025-02-13T17:45:16.677+0000] {logging_mixin.py:137} INFO - [2025-02-13T17:45:16.677+0000] {dagbag.py:537} INFO - Filling up the DagBag from /home/airflow/.local/lib/python3.7/site-packages/airflow/example_dags/example_latest_only_with_trigger.py
[2025-02-13T17:45:16.695+0000] {processor.py:766} INFO - DAG(s) dict_keys(['latest_only_with_trigger']) retrieved from /home/airflow/.local/lib/python3.7/site-packages/airflow/example_dags/example_latest_only_with_trigger.py
[2025-02-13T17:45:16.751+0000] {logging_mixin.py:137} INFO - [2025-02-13T17:45:16.751+0000] {dag.py:2585} INFO - Sync 1 DAGs
[2025-02-13T17:45:16.787+0000] {logging_mixin.py:137} INFO - [2025-02-13T17:45:16.787+0000] {dag.py:3340} INFO - Setting next_dagrun for latest_only_with_trigger to 2025-02-13T13:45:16.787424+00:00, run_after=2025-02-13T17:45:16.787424+00:00
[2025-02-13T17:45:16.825+0000] {processor.py:176} INFO - Processing /home/airflow/.local/lib/python3.7/site-packages/airflow/example_dags/example_latest_only_with_trigger.py took 0.156 seconds
[2025-02-13T17:45:47.424+0000] {processor.py:154} INFO - Started process (PID=7234) to work on /home/airflow/.local/lib/python3.7/site-packages/airflow/example_dags/example_latest_only_with_trigger.py
[2025-02-13T17:45:47.426+0000] {processor.py:756} INFO - Processing file /home/airflow/.local/lib/python3.7/site-packages/airflow/example_dags/example_latest_only_with_trigger.py for tasks to queue
[2025-02-13T17:45:47.428+0000] {logging_mixin.py:137} INFO - [2025-02-13T17:45:47.428+0000] {dagbag.py:537} INFO - Filling up the DagBag from /home/airflow/.local/lib/python3.7/site-packages/airflow/example_dags/example_latest_only_with_trigger.py
[2025-02-13T17:45:47.457+0000] {processor.py:766} INFO - DAG(s) dict_keys(['latest_only_with_trigger']) retrieved from /home/airflow/.local/lib/python3.7/site-packages/airflow/example_dags/example_latest_only_with_trigger.py
[2025-02-13T17:45:47.522+0000] {logging_mixin.py:137} INFO - [2025-02-13T17:45:47.522+0000] {dag.py:2585} INFO - Sync 1 DAGs
[2025-02-13T17:45:47.558+0000] {logging_mixin.py:137} INFO - [2025-02-13T17:45:47.558+0000] {dag.py:3340} INFO - Setting next_dagrun for latest_only_with_trigger to 2025-02-13T13:45:47.557535+00:00, run_after=2025-02-13T17:45:47.557535+00:00
[2025-02-13T17:45:47.590+0000] {processor.py:176} INFO - Processing /home/airflow/.local/lib/python3.7/site-packages/airflow/example_dags/example_latest_only_with_trigger.py took 0.172 seconds
[2025-02-13T17:47:35.218+0000] {processor.py:154} INFO - Started process (PID=211) to work on /home/airflow/.local/lib/python3.7/site-packages/airflow/example_dags/example_latest_only_with_trigger.py
[2025-02-13T17:47:35.222+0000] {processor.py:756} INFO - Processing file /home/airflow/.local/lib/python3.7/site-packages/airflow/example_dags/example_latest_only_with_trigger.py for tasks to queue
[2025-02-13T17:47:35.224+0000] {logging_mixin.py:137} INFO - [2025-02-13T17:47:35.224+0000] {dagbag.py:537} INFO - Filling up the DagBag from /home/airflow/.local/lib/python3.7/site-packages/airflow/example_dags/example_latest_only_with_trigger.py
[2025-02-13T17:47:35.285+0000] {processor.py:766} INFO - DAG(s) dict_keys(['latest_only_with_trigger']) retrieved from /home/airflow/.local/lib/python3.7/site-packages/airflow/example_dags/example_latest_only_with_trigger.py
[2025-02-13T17:47:35.394+0000] {logging_mixin.py:137} INFO - [2025-02-13T17:47:35.393+0000] {dag.py:2585} INFO - Sync 1 DAGs
[2025-02-13T17:47:35.471+0000] {logging_mixin.py:137} INFO - [2025-02-13T17:47:35.471+0000] {dag.py:3340} INFO - Setting next_dagrun for latest_only_with_trigger to 2025-02-13T13:47:35.471031+00:00, run_after=2025-02-13T17:47:35.471031+00:00
[2025-02-13T17:47:35.525+0000] {processor.py:176} INFO - Processing /home/airflow/.local/lib/python3.7/site-packages/airflow/example_dags/example_latest_only_with_trigger.py took 0.313 seconds
[2025-02-13T17:48:05.913+0000] {processor.py:154} INFO - Started process (PID=393) to work on /home/airflow/.local/lib/python3.7/site-packages/airflow/example_dags/example_latest_only_with_trigger.py
[2025-02-13T17:48:05.916+0000] {processor.py:756} INFO - Processing file /home/airflow/.local/lib/python3.7/site-packages/airflow/example_dags/example_latest_only_with_trigger.py for tasks to queue
[2025-02-13T17:48:05.919+0000] {logging_mixin.py:137} INFO - [2025-02-13T17:48:05.919+0000] {dagbag.py:537} INFO - Filling up the DagBag from /home/airflow/.local/lib/python3.7/site-packages/airflow/example_dags/example_latest_only_with_trigger.py
[2025-02-13T17:48:05.951+0000] {processor.py:766} INFO - DAG(s) dict_keys(['latest_only_with_trigger']) retrieved from /home/airflow/.local/lib/python3.7/site-packages/airflow/example_dags/example_latest_only_with_trigger.py
[2025-02-13T17:48:06.004+0000] {logging_mixin.py:137} INFO - [2025-02-13T17:48:06.004+0000] {dag.py:2585} INFO - Sync 1 DAGs
[2025-02-13T17:48:06.053+0000] {logging_mixin.py:137} INFO - [2025-02-13T17:48:06.052+0000] {dag.py:3340} INFO - Setting next_dagrun for latest_only_with_trigger to 2025-02-13T13:48:06.050568+00:00, run_after=2025-02-13T17:48:06.050568+00:00
[2025-02-13T17:48:06.113+0000] {processor.py:176} INFO - Processing /home/airflow/.local/lib/python3.7/site-packages/airflow/example_dags/example_latest_only_with_trigger.py took 0.205 seconds
[2025-02-13T17:48:36.413+0000] {processor.py:154} INFO - Started process (PID=572) to work on /home/airflow/.local/lib/python3.7/site-packages/airflow/example_dags/example_latest_only_with_trigger.py
[2025-02-13T17:48:36.415+0000] {processor.py:756} INFO - Processing file /home/airflow/.local/lib/python3.7/site-packages/airflow/example_dags/example_latest_only_with_trigger.py for tasks to queue
[2025-02-13T17:48:36.417+0000] {logging_mixin.py:137} INFO - [2025-02-13T17:48:36.417+0000] {dagbag.py:537} INFO - Filling up the DagBag from /home/airflow/.local/lib/python3.7/site-packages/airflow/example_dags/example_latest_only_with_trigger.py
[2025-02-13T17:48:36.438+0000] {processor.py:766} INFO - DAG(s) dict_keys(['latest_only_with_trigger']) retrieved from /home/airflow/.local/lib/python3.7/site-packages/airflow/example_dags/example_latest_only_with_trigger.py
[2025-02-13T17:48:36.525+0000] {logging_mixin.py:137} INFO - [2025-02-13T17:48:36.525+0000] {dag.py:2585} INFO - Sync 1 DAGs
[2025-02-13T17:48:36.566+0000] {logging_mixin.py:137} INFO - [2025-02-13T17:48:36.566+0000] {dag.py:3340} INFO - Setting next_dagrun for latest_only_with_trigger to 2025-02-13T13:48:36.565767+00:00, run_after=2025-02-13T17:48:36.565767+00:00
[2025-02-13T17:48:36.605+0000] {processor.py:176} INFO - Processing /home/airflow/.local/lib/python3.7/site-packages/airflow/example_dags/example_latest_only_with_trigger.py took 0.196 seconds
[2025-02-13T17:49:06.657+0000] {processor.py:154} INFO - Started process (PID=747) to work on /home/airflow/.local/lib/python3.7/site-packages/airflow/example_dags/example_latest_only_with_trigger.py
[2025-02-13T17:49:06.658+0000] {processor.py:756} INFO - Processing file /home/airflow/.local/lib/python3.7/site-packages/airflow/example_dags/example_latest_only_with_trigger.py for tasks to queue
[2025-02-13T17:49:06.660+0000] {logging_mixin.py:137} INFO - [2025-02-13T17:49:06.660+0000] {dagbag.py:537} INFO - Filling up the DagBag from /home/airflow/.local/lib/python3.7/site-packages/airflow/example_dags/example_latest_only_with_trigger.py
[2025-02-13T17:49:06.680+0000] {processor.py:766} INFO - DAG(s) dict_keys(['latest_only_with_trigger']) retrieved from /home/airflow/.local/lib/python3.7/site-packages/airflow/example_dags/example_latest_only_with_trigger.py
[2025-02-13T17:49:06.739+0000] {logging_mixin.py:137} INFO - [2025-02-13T17:49:06.738+0000] {dag.py:2585} INFO - Sync 1 DAGs
[2025-02-13T17:49:06.771+0000] {logging_mixin.py:137} INFO - [2025-02-13T17:49:06.771+0000] {dag.py:3340} INFO - Setting next_dagrun for latest_only_with_trigger to 2025-02-13T13:49:06.771051+00:00, run_after=2025-02-13T17:49:06.771051+00:00
[2025-02-13T17:49:06.809+0000] {processor.py:176} INFO - Processing /home/airflow/.local/lib/python3.7/site-packages/airflow/example_dags/example_latest_only_with_trigger.py took 0.155 seconds
[2025-02-13T17:49:38.042+0000] {processor.py:154} INFO - Started process (PID=932) to work on /home/airflow/.local/lib/python3.7/site-packages/airflow/example_dags/example_latest_only_with_trigger.py
[2025-02-13T17:49:38.044+0000] {processor.py:756} INFO - Processing file /home/airflow/.local/lib/python3.7/site-packages/airflow/example_dags/example_latest_only_with_trigger.py for tasks to queue
[2025-02-13T17:49:38.045+0000] {logging_mixin.py:137} INFO - [2025-02-13T17:49:38.045+0000] {dagbag.py:537} INFO - Filling up the DagBag from /home/airflow/.local/lib/python3.7/site-packages/airflow/example_dags/example_latest_only_with_trigger.py
[2025-02-13T17:49:38.087+0000] {processor.py:766} INFO - DAG(s) dict_keys(['latest_only_with_trigger']) retrieved from /home/airflow/.local/lib/python3.7/site-packages/airflow/example_dags/example_latest_only_with_trigger.py
[2025-02-13T17:49:38.155+0000] {logging_mixin.py:137} INFO - [2025-02-13T17:49:38.155+0000] {dag.py:2585} INFO - Sync 1 DAGs
[2025-02-13T17:49:38.205+0000] {logging_mixin.py:137} INFO - [2025-02-13T17:49:38.205+0000] {dag.py:3340} INFO - Setting next_dagrun for latest_only_with_trigger to 2025-02-13T13:49:38.204792+00:00, run_after=2025-02-13T17:49:38.204792+00:00
[2025-02-13T17:49:38.256+0000] {processor.py:176} INFO - Processing /home/airflow/.local/lib/python3.7/site-packages/airflow/example_dags/example_latest_only_with_trigger.py took 0.227 seconds
[2025-02-13T17:50:08.361+0000] {processor.py:154} INFO - Started process (PID=1111) to work on /home/airflow/.local/lib/python3.7/site-packages/airflow/example_dags/example_latest_only_with_trigger.py
[2025-02-13T17:50:08.362+0000] {processor.py:756} INFO - Processing file /home/airflow/.local/lib/python3.7/site-packages/airflow/example_dags/example_latest_only_with_trigger.py for tasks to queue
[2025-02-13T17:50:08.364+0000] {logging_mixin.py:137} INFO - [2025-02-13T17:50:08.364+0000] {dagbag.py:537} INFO - Filling up the DagBag from /home/airflow/.local/lib/python3.7/site-packages/airflow/example_dags/example_latest_only_with_trigger.py
[2025-02-13T17:50:08.384+0000] {processor.py:766} INFO - DAG(s) dict_keys(['latest_only_with_trigger']) retrieved from /home/airflow/.local/lib/python3.7/site-packages/airflow/example_dags/example_latest_only_with_trigger.py
[2025-02-13T17:50:08.439+0000] {logging_mixin.py:137} INFO - [2025-02-13T17:50:08.439+0000] {dag.py:2585} INFO - Sync 1 DAGs
[2025-02-13T17:50:08.471+0000] {logging_mixin.py:137} INFO - [2025-02-13T17:50:08.470+0000] {dag.py:3340} INFO - Setting next_dagrun for latest_only_with_trigger to 2025-02-13T13:50:08.470721+00:00, run_after=2025-02-13T17:50:08.470721+00:00
[2025-02-13T17:50:08.501+0000] {processor.py:176} INFO - Processing /home/airflow/.local/lib/python3.7/site-packages/airflow/example_dags/example_latest_only_with_trigger.py took 0.145 seconds
[2025-02-13T17:50:38.746+0000] {processor.py:154} INFO - Started process (PID=1292) to work on /home/airflow/.local/lib/python3.7/site-packages/airflow/example_dags/example_latest_only_with_trigger.py
[2025-02-13T17:50:38.748+0000] {processor.py:756} INFO - Processing file /home/airflow/.local/lib/python3.7/site-packages/airflow/example_dags/example_latest_only_with_trigger.py for tasks to queue
[2025-02-13T17:50:38.749+0000] {logging_mixin.py:137} INFO - [2025-02-13T17:50:38.749+0000] {dagbag.py:537} INFO - Filling up the DagBag from /home/airflow/.local/lib/python3.7/site-packages/airflow/example_dags/example_latest_only_with_trigger.py
[2025-02-13T17:50:38.772+0000] {processor.py:766} INFO - DAG(s) dict_keys(['latest_only_with_trigger']) retrieved from /home/airflow/.local/lib/python3.7/site-packages/airflow/example_dags/example_latest_only_with_trigger.py
[2025-02-13T17:50:38.826+0000] {logging_mixin.py:137} INFO - [2025-02-13T17:50:38.826+0000] {dag.py:2585} INFO - Sync 1 DAGs
[2025-02-13T17:50:38.861+0000] {logging_mixin.py:137} INFO - [2025-02-13T17:50:38.861+0000] {dag.py:3340} INFO - Setting next_dagrun for latest_only_with_trigger to 2025-02-13T13:50:38.861108+00:00, run_after=2025-02-13T17:50:38.861108+00:00
[2025-02-13T17:50:38.893+0000] {processor.py:176} INFO - Processing /home/airflow/.local/lib/python3.7/site-packages/airflow/example_dags/example_latest_only_with_trigger.py took 0.152 seconds
[2025-02-13T17:51:09.836+0000] {processor.py:154} INFO - Started process (PID=1472) to work on /home/airflow/.local/lib/python3.7/site-packages/airflow/example_dags/example_latest_only_with_trigger.py
[2025-02-13T17:51:09.838+0000] {processor.py:756} INFO - Processing file /home/airflow/.local/lib/python3.7/site-packages/airflow/example_dags/example_latest_only_with_trigger.py for tasks to queue
[2025-02-13T17:51:09.840+0000] {logging_mixin.py:137} INFO - [2025-02-13T17:51:09.839+0000] {dagbag.py:537} INFO - Filling up the DagBag from /home/airflow/.local/lib/python3.7/site-packages/airflow/example_dags/example_latest_only_with_trigger.py
[2025-02-13T17:51:09.857+0000] {processor.py:766} INFO - DAG(s) dict_keys(['latest_only_with_trigger']) retrieved from /home/airflow/.local/lib/python3.7/site-packages/airflow/example_dags/example_latest_only_with_trigger.py
[2025-02-13T17:51:09.916+0000] {logging_mixin.py:137} INFO - [2025-02-13T17:51:09.916+0000] {dag.py:2585} INFO - Sync 1 DAGs
[2025-02-13T17:51:09.948+0000] {logging_mixin.py:137} INFO - [2025-02-13T17:51:09.948+0000] {dag.py:3340} INFO - Setting next_dagrun for latest_only_with_trigger to 2025-02-13T13:51:09.948400+00:00, run_after=2025-02-13T17:51:09.948400+00:00
[2025-02-13T17:51:09.979+0000] {processor.py:176} INFO - Processing /home/airflow/.local/lib/python3.7/site-packages/airflow/example_dags/example_latest_only_with_trigger.py took 0.147 seconds
[2025-02-13T17:51:40.107+0000] {processor.py:154} INFO - Started process (PID=1652) to work on /home/airflow/.local/lib/python3.7/site-packages/airflow/example_dags/example_latest_only_with_trigger.py
[2025-02-13T17:51:40.109+0000] {processor.py:756} INFO - Processing file /home/airflow/.local/lib/python3.7/site-packages/airflow/example_dags/example_latest_only_with_trigger.py for tasks to queue
[2025-02-13T17:51:40.110+0000] {logging_mixin.py:137} INFO - [2025-02-13T17:51:40.110+0000] {dagbag.py:537} INFO - Filling up the DagBag from /home/airflow/.local/lib/python3.7/site-packages/airflow/example_dags/example_latest_only_with_trigger.py
[2025-02-13T17:51:40.129+0000] {processor.py:766} INFO - DAG(s) dict_keys(['latest_only_with_trigger']) retrieved from /home/airflow/.local/lib/python3.7/site-packages/airflow/example_dags/example_latest_only_with_trigger.py
[2025-02-13T17:51:40.188+0000] {logging_mixin.py:137} INFO - [2025-02-13T17:51:40.188+0000] {dag.py:2585} INFO - Sync 1 DAGs
[2025-02-13T17:51:40.229+0000] {logging_mixin.py:137} INFO - [2025-02-13T17:51:40.229+0000] {dag.py:3340} INFO - Setting next_dagrun for latest_only_with_trigger to 2025-02-13T13:51:40.229076+00:00, run_after=2025-02-13T17:51:40.229076+00:00
[2025-02-13T17:51:40.257+0000] {processor.py:176} INFO - Processing /home/airflow/.local/lib/python3.7/site-packages/airflow/example_dags/example_latest_only_with_trigger.py took 0.153 seconds
