[2025-02-13T17:25:23.479+0000] {processor.py:154} INFO - Started process (PID=293) to work on /home/airflow/.local/lib/python3.7/site-packages/airflow/example_dags/example_sla_dag.py
[2025-02-13T17:25:23.483+0000] {processor.py:756} INFO - Processing file /home/airflow/.local/lib/python3.7/site-packages/airflow/example_dags/example_sla_dag.py for tasks to queue
[2025-02-13T17:25:23.487+0000] {logging_mixin.py:137} INFO - [2025-02-13T17:25:23.486+0000] {dagbag.py:537} INFO - Filling up the DagBag from /home/airflow/.local/lib/python3.7/site-packages/airflow/example_dags/example_sla_dag.py
[2025-02-13T17:25:23.559+0000] {processor.py:766} INFO - DAG(s) dict_keys(['example_sla_dag']) retrieved from /home/airflow/.local/lib/python3.7/site-packages/airflow/example_dags/example_sla_dag.py
[2025-02-13T17:25:23.652+0000] {logging_mixin.py:137} INFO - [2025-02-13T17:25:23.652+0000] {dag.py:2585} INFO - Sync 1 DAGs
[2025-02-13T17:25:23.716+0000] {logging_mixin.py:137} INFO - [2025-02-13T17:25:23.715+0000] {dag.py:3340} INFO - Setting next_dagrun for example_sla_dag to 2025-02-13T17:22:00+00:00, run_after=2025-02-13T17:24:00+00:00
[2025-02-13T17:25:23.766+0000] {processor.py:176} INFO - Processing /home/airflow/.local/lib/python3.7/site-packages/airflow/example_dags/example_sla_dag.py took 0.292 seconds
[2025-02-13T17:25:55.183+0000] {processor.py:154} INFO - Started process (PID=471) to work on /home/airflow/.local/lib/python3.7/site-packages/airflow/example_dags/example_sla_dag.py
[2025-02-13T17:25:55.186+0000] {processor.py:756} INFO - Processing file /home/airflow/.local/lib/python3.7/site-packages/airflow/example_dags/example_sla_dag.py for tasks to queue
[2025-02-13T17:25:55.189+0000] {logging_mixin.py:137} INFO - [2025-02-13T17:25:55.188+0000] {dagbag.py:537} INFO - Filling up the DagBag from /home/airflow/.local/lib/python3.7/site-packages/airflow/example_dags/example_sla_dag.py
[2025-02-13T17:25:55.238+0000] {processor.py:766} INFO - DAG(s) dict_keys(['example_sla_dag']) retrieved from /home/airflow/.local/lib/python3.7/site-packages/airflow/example_dags/example_sla_dag.py
[2025-02-13T17:25:55.328+0000] {logging_mixin.py:137} INFO - [2025-02-13T17:25:55.327+0000] {dag.py:2585} INFO - Sync 1 DAGs
[2025-02-13T17:25:55.453+0000] {logging_mixin.py:137} INFO - [2025-02-13T17:25:55.453+0000] {dag.py:3340} INFO - Setting next_dagrun for example_sla_dag to 2025-02-13T17:22:00+00:00, run_after=2025-02-13T17:24:00+00:00
[2025-02-13T17:25:55.534+0000] {processor.py:176} INFO - Processing /home/airflow/.local/lib/python3.7/site-packages/airflow/example_dags/example_sla_dag.py took 0.356 seconds
[2025-02-13T17:26:26.250+0000] {processor.py:154} INFO - Started process (PID=652) to work on /home/airflow/.local/lib/python3.7/site-packages/airflow/example_dags/example_sla_dag.py
[2025-02-13T17:26:26.253+0000] {processor.py:756} INFO - Processing file /home/airflow/.local/lib/python3.7/site-packages/airflow/example_dags/example_sla_dag.py for tasks to queue
[2025-02-13T17:26:26.255+0000] {logging_mixin.py:137} INFO - [2025-02-13T17:26:26.255+0000] {dagbag.py:537} INFO - Filling up the DagBag from /home/airflow/.local/lib/python3.7/site-packages/airflow/example_dags/example_sla_dag.py
[2025-02-13T17:26:26.288+0000] {processor.py:766} INFO - DAG(s) dict_keys(['example_sla_dag']) retrieved from /home/airflow/.local/lib/python3.7/site-packages/airflow/example_dags/example_sla_dag.py
[2025-02-13T17:26:26.377+0000] {logging_mixin.py:137} INFO - [2025-02-13T17:26:26.377+0000] {dag.py:2585} INFO - Sync 1 DAGs
[2025-02-13T17:26:26.451+0000] {logging_mixin.py:137} INFO - [2025-02-13T17:26:26.449+0000] {dag.py:3340} INFO - Setting next_dagrun for example_sla_dag to 2025-02-13T17:24:00+00:00, run_after=2025-02-13T17:26:00+00:00
[2025-02-13T17:26:26.502+0000] {processor.py:176} INFO - Processing /home/airflow/.local/lib/python3.7/site-packages/airflow/example_dags/example_sla_dag.py took 0.260 seconds
[2025-02-13T17:26:56.788+0000] {processor.py:154} INFO - Started process (PID=832) to work on /home/airflow/.local/lib/python3.7/site-packages/airflow/example_dags/example_sla_dag.py
[2025-02-13T17:26:56.791+0000] {processor.py:756} INFO - Processing file /home/airflow/.local/lib/python3.7/site-packages/airflow/example_dags/example_sla_dag.py for tasks to queue
[2025-02-13T17:26:56.793+0000] {logging_mixin.py:137} INFO - [2025-02-13T17:26:56.793+0000] {dagbag.py:537} INFO - Filling up the DagBag from /home/airflow/.local/lib/python3.7/site-packages/airflow/example_dags/example_sla_dag.py
[2025-02-13T17:26:56.850+0000] {processor.py:766} INFO - DAG(s) dict_keys(['example_sla_dag']) retrieved from /home/airflow/.local/lib/python3.7/site-packages/airflow/example_dags/example_sla_dag.py
[2025-02-13T17:26:56.906+0000] {logging_mixin.py:137} INFO - [2025-02-13T17:26:56.906+0000] {dag.py:2585} INFO - Sync 1 DAGs
[2025-02-13T17:26:56.973+0000] {logging_mixin.py:137} INFO - [2025-02-13T17:26:56.973+0000] {dag.py:3340} INFO - Setting next_dagrun for example_sla_dag to 2025-02-13T17:24:00+00:00, run_after=2025-02-13T17:26:00+00:00
[2025-02-13T17:26:57.023+0000] {processor.py:176} INFO - Processing /home/airflow/.local/lib/python3.7/site-packages/airflow/example_dags/example_sla_dag.py took 0.244 seconds
[2025-02-13T17:27:28.028+0000] {processor.py:154} INFO - Started process (PID=1012) to work on /home/airflow/.local/lib/python3.7/site-packages/airflow/example_dags/example_sla_dag.py
[2025-02-13T17:27:28.031+0000] {processor.py:756} INFO - Processing file /home/airflow/.local/lib/python3.7/site-packages/airflow/example_dags/example_sla_dag.py for tasks to queue
[2025-02-13T17:27:28.035+0000] {logging_mixin.py:137} INFO - [2025-02-13T17:27:28.034+0000] {dagbag.py:537} INFO - Filling up the DagBag from /home/airflow/.local/lib/python3.7/site-packages/airflow/example_dags/example_sla_dag.py
[2025-02-13T17:27:28.093+0000] {processor.py:766} INFO - DAG(s) dict_keys(['example_sla_dag']) retrieved from /home/airflow/.local/lib/python3.7/site-packages/airflow/example_dags/example_sla_dag.py
[2025-02-13T17:27:28.153+0000] {logging_mixin.py:137} INFO - [2025-02-13T17:27:28.153+0000] {dag.py:2585} INFO - Sync 1 DAGs
[2025-02-13T17:27:28.241+0000] {logging_mixin.py:137} INFO - [2025-02-13T17:27:28.240+0000] {dag.py:3340} INFO - Setting next_dagrun for example_sla_dag to 2025-02-13T17:24:00+00:00, run_after=2025-02-13T17:26:00+00:00
[2025-02-13T17:27:28.310+0000] {processor.py:176} INFO - Processing /home/airflow/.local/lib/python3.7/site-packages/airflow/example_dags/example_sla_dag.py took 0.301 seconds
[2025-02-13T17:27:58.916+0000] {processor.py:154} INFO - Started process (PID=1194) to work on /home/airflow/.local/lib/python3.7/site-packages/airflow/example_dags/example_sla_dag.py
[2025-02-13T17:27:58.920+0000] {processor.py:756} INFO - Processing file /home/airflow/.local/lib/python3.7/site-packages/airflow/example_dags/example_sla_dag.py for tasks to queue
[2025-02-13T17:27:58.923+0000] {logging_mixin.py:137} INFO - [2025-02-13T17:27:58.922+0000] {dagbag.py:537} INFO - Filling up the DagBag from /home/airflow/.local/lib/python3.7/site-packages/airflow/example_dags/example_sla_dag.py
[2025-02-13T17:27:59.048+0000] {processor.py:766} INFO - DAG(s) dict_keys(['example_sla_dag']) retrieved from /home/airflow/.local/lib/python3.7/site-packages/airflow/example_dags/example_sla_dag.py
[2025-02-13T17:27:59.119+0000] {logging_mixin.py:137} INFO - [2025-02-13T17:27:59.119+0000] {dag.py:2585} INFO - Sync 1 DAGs
[2025-02-13T17:27:59.162+0000] {logging_mixin.py:137} INFO - [2025-02-13T17:27:59.162+0000] {dag.py:3340} INFO - Setting next_dagrun for example_sla_dag to 2025-02-13T17:24:00+00:00, run_after=2025-02-13T17:26:00+00:00
[2025-02-13T17:27:59.205+0000] {processor.py:176} INFO - Processing /home/airflow/.local/lib/python3.7/site-packages/airflow/example_dags/example_sla_dag.py took 0.298 seconds
[2025-02-13T17:28:29.527+0000] {processor.py:154} INFO - Started process (PID=1372) to work on /home/airflow/.local/lib/python3.7/site-packages/airflow/example_dags/example_sla_dag.py
[2025-02-13T17:28:29.529+0000] {processor.py:756} INFO - Processing file /home/airflow/.local/lib/python3.7/site-packages/airflow/example_dags/example_sla_dag.py for tasks to queue
[2025-02-13T17:28:29.530+0000] {logging_mixin.py:137} INFO - [2025-02-13T17:28:29.530+0000] {dagbag.py:537} INFO - Filling up the DagBag from /home/airflow/.local/lib/python3.7/site-packages/airflow/example_dags/example_sla_dag.py
[2025-02-13T17:28:29.559+0000] {processor.py:766} INFO - DAG(s) dict_keys(['example_sla_dag']) retrieved from /home/airflow/.local/lib/python3.7/site-packages/airflow/example_dags/example_sla_dag.py
[2025-02-13T17:28:29.595+0000] {logging_mixin.py:137} INFO - [2025-02-13T17:28:29.594+0000] {dag.py:2585} INFO - Sync 1 DAGs
[2025-02-13T17:28:29.646+0000] {logging_mixin.py:137} INFO - [2025-02-13T17:28:29.646+0000] {dag.py:3340} INFO - Setting next_dagrun for example_sla_dag to 2025-02-13T17:26:00+00:00, run_after=2025-02-13T17:28:00+00:00
[2025-02-13T17:28:29.684+0000] {processor.py:176} INFO - Processing /home/airflow/.local/lib/python3.7/site-packages/airflow/example_dags/example_sla_dag.py took 0.162 seconds
[2025-02-13T17:29:00.402+0000] {processor.py:154} INFO - Started process (PID=1554) to work on /home/airflow/.local/lib/python3.7/site-packages/airflow/example_dags/example_sla_dag.py
[2025-02-13T17:29:00.404+0000] {processor.py:756} INFO - Processing file /home/airflow/.local/lib/python3.7/site-packages/airflow/example_dags/example_sla_dag.py for tasks to queue
[2025-02-13T17:29:00.407+0000] {logging_mixin.py:137} INFO - [2025-02-13T17:29:00.407+0000] {dagbag.py:537} INFO - Filling up the DagBag from /home/airflow/.local/lib/python3.7/site-packages/airflow/example_dags/example_sla_dag.py
[2025-02-13T17:29:00.450+0000] {processor.py:766} INFO - DAG(s) dict_keys(['example_sla_dag']) retrieved from /home/airflow/.local/lib/python3.7/site-packages/airflow/example_dags/example_sla_dag.py
[2025-02-13T17:29:00.503+0000] {logging_mixin.py:137} INFO - [2025-02-13T17:29:00.503+0000] {dag.py:2585} INFO - Sync 1 DAGs
[2025-02-13T17:29:00.580+0000] {logging_mixin.py:137} INFO - [2025-02-13T17:29:00.579+0000] {dag.py:3340} INFO - Setting next_dagrun for example_sla_dag to 2025-02-13T17:26:00+00:00, run_after=2025-02-13T17:28:00+00:00
[2025-02-13T17:29:00.638+0000] {processor.py:176} INFO - Processing /home/airflow/.local/lib/python3.7/site-packages/airflow/example_dags/example_sla_dag.py took 0.242 seconds
[2025-02-13T17:29:30.984+0000] {processor.py:154} INFO - Started process (PID=1734) to work on /home/airflow/.local/lib/python3.7/site-packages/airflow/example_dags/example_sla_dag.py
[2025-02-13T17:29:30.985+0000] {processor.py:756} INFO - Processing file /home/airflow/.local/lib/python3.7/site-packages/airflow/example_dags/example_sla_dag.py for tasks to queue
[2025-02-13T17:29:30.988+0000] {logging_mixin.py:137} INFO - [2025-02-13T17:29:30.987+0000] {dagbag.py:537} INFO - Filling up the DagBag from /home/airflow/.local/lib/python3.7/site-packages/airflow/example_dags/example_sla_dag.py
[2025-02-13T17:29:31.021+0000] {processor.py:766} INFO - DAG(s) dict_keys(['example_sla_dag']) retrieved from /home/airflow/.local/lib/python3.7/site-packages/airflow/example_dags/example_sla_dag.py
[2025-02-13T17:29:31.076+0000] {logging_mixin.py:137} INFO - [2025-02-13T17:29:31.076+0000] {dag.py:2585} INFO - Sync 1 DAGs
[2025-02-13T17:29:31.129+0000] {logging_mixin.py:137} INFO - [2025-02-13T17:29:31.129+0000] {dag.py:3340} INFO - Setting next_dagrun for example_sla_dag to 2025-02-13T17:26:00+00:00, run_after=2025-02-13T17:28:00+00:00
[2025-02-13T17:29:31.170+0000] {processor.py:176} INFO - Processing /home/airflow/.local/lib/python3.7/site-packages/airflow/example_dags/example_sla_dag.py took 0.190 seconds
[2025-02-13T17:30:01.373+0000] {processor.py:154} INFO - Started process (PID=1912) to work on /home/airflow/.local/lib/python3.7/site-packages/airflow/example_dags/example_sla_dag.py
[2025-02-13T17:30:01.375+0000] {processor.py:756} INFO - Processing file /home/airflow/.local/lib/python3.7/site-packages/airflow/example_dags/example_sla_dag.py for tasks to queue
[2025-02-13T17:30:01.378+0000] {logging_mixin.py:137} INFO - [2025-02-13T17:30:01.378+0000] {dagbag.py:537} INFO - Filling up the DagBag from /home/airflow/.local/lib/python3.7/site-packages/airflow/example_dags/example_sla_dag.py
[2025-02-13T17:30:01.415+0000] {processor.py:766} INFO - DAG(s) dict_keys(['example_sla_dag']) retrieved from /home/airflow/.local/lib/python3.7/site-packages/airflow/example_dags/example_sla_dag.py
[2025-02-13T17:30:01.478+0000] {logging_mixin.py:137} INFO - [2025-02-13T17:30:01.478+0000] {dag.py:2585} INFO - Sync 1 DAGs
[2025-02-13T17:30:01.542+0000] {logging_mixin.py:137} INFO - [2025-02-13T17:30:01.541+0000] {dag.py:3340} INFO - Setting next_dagrun for example_sla_dag to 2025-02-13T17:28:00+00:00, run_after=2025-02-13T17:30:00+00:00
[2025-02-13T17:30:01.598+0000] {processor.py:176} INFO - Processing /home/airflow/.local/lib/python3.7/site-packages/airflow/example_dags/example_sla_dag.py took 0.229 seconds
[2025-02-13T17:30:32.237+0000] {processor.py:154} INFO - Started process (PID=2092) to work on /home/airflow/.local/lib/python3.7/site-packages/airflow/example_dags/example_sla_dag.py
[2025-02-13T17:30:32.240+0000] {processor.py:756} INFO - Processing file /home/airflow/.local/lib/python3.7/site-packages/airflow/example_dags/example_sla_dag.py for tasks to queue
[2025-02-13T17:30:32.243+0000] {logging_mixin.py:137} INFO - [2025-02-13T17:30:32.243+0000] {dagbag.py:537} INFO - Filling up the DagBag from /home/airflow/.local/lib/python3.7/site-packages/airflow/example_dags/example_sla_dag.py
[2025-02-13T17:30:32.285+0000] {processor.py:766} INFO - DAG(s) dict_keys(['example_sla_dag']) retrieved from /home/airflow/.local/lib/python3.7/site-packages/airflow/example_dags/example_sla_dag.py
[2025-02-13T17:30:32.340+0000] {logging_mixin.py:137} INFO - [2025-02-13T17:30:32.340+0000] {dag.py:2585} INFO - Sync 1 DAGs
[2025-02-13T17:30:32.408+0000] {logging_mixin.py:137} INFO - [2025-02-13T17:30:32.407+0000] {dag.py:3340} INFO - Setting next_dagrun for example_sla_dag to 2025-02-13T17:28:00+00:00, run_after=2025-02-13T17:30:00+00:00
[2025-02-13T17:30:32.461+0000] {processor.py:176} INFO - Processing /home/airflow/.local/lib/python3.7/site-packages/airflow/example_dags/example_sla_dag.py took 0.235 seconds
[2025-02-13T17:31:02.801+0000] {processor.py:154} INFO - Started process (PID=2272) to work on /home/airflow/.local/lib/python3.7/site-packages/airflow/example_dags/example_sla_dag.py
[2025-02-13T17:31:02.808+0000] {processor.py:756} INFO - Processing file /home/airflow/.local/lib/python3.7/site-packages/airflow/example_dags/example_sla_dag.py for tasks to queue
[2025-02-13T17:31:02.812+0000] {logging_mixin.py:137} INFO - [2025-02-13T17:31:02.811+0000] {dagbag.py:537} INFO - Filling up the DagBag from /home/airflow/.local/lib/python3.7/site-packages/airflow/example_dags/example_sla_dag.py
[2025-02-13T17:31:02.919+0000] {processor.py:766} INFO - DAG(s) dict_keys(['example_sla_dag']) retrieved from /home/airflow/.local/lib/python3.7/site-packages/airflow/example_dags/example_sla_dag.py
[2025-02-13T17:31:03.007+0000] {logging_mixin.py:137} INFO - [2025-02-13T17:31:03.007+0000] {dag.py:2585} INFO - Sync 1 DAGs
[2025-02-13T17:31:03.094+0000] {logging_mixin.py:137} INFO - [2025-02-13T17:31:03.094+0000] {dag.py:3340} INFO - Setting next_dagrun for example_sla_dag to 2025-02-13T17:28:00+00:00, run_after=2025-02-13T17:30:00+00:00
[2025-02-13T17:31:03.155+0000] {processor.py:176} INFO - Processing /home/airflow/.local/lib/python3.7/site-packages/airflow/example_dags/example_sla_dag.py took 0.369 seconds
[2025-02-13T17:31:33.530+0000] {processor.py:154} INFO - Started process (PID=2452) to work on /home/airflow/.local/lib/python3.7/site-packages/airflow/example_dags/example_sla_dag.py
[2025-02-13T17:31:33.532+0000] {processor.py:756} INFO - Processing file /home/airflow/.local/lib/python3.7/site-packages/airflow/example_dags/example_sla_dag.py for tasks to queue
[2025-02-13T17:31:33.534+0000] {logging_mixin.py:137} INFO - [2025-02-13T17:31:33.534+0000] {dagbag.py:537} INFO - Filling up the DagBag from /home/airflow/.local/lib/python3.7/site-packages/airflow/example_dags/example_sla_dag.py
[2025-02-13T17:31:33.576+0000] {processor.py:766} INFO - DAG(s) dict_keys(['example_sla_dag']) retrieved from /home/airflow/.local/lib/python3.7/site-packages/airflow/example_dags/example_sla_dag.py
[2025-02-13T17:31:33.636+0000] {logging_mixin.py:137} INFO - [2025-02-13T17:31:33.635+0000] {dag.py:2585} INFO - Sync 1 DAGs
[2025-02-13T17:31:33.714+0000] {logging_mixin.py:137} INFO - [2025-02-13T17:31:33.713+0000] {dag.py:3340} INFO - Setting next_dagrun for example_sla_dag to 2025-02-13T17:28:00+00:00, run_after=2025-02-13T17:30:00+00:00
[2025-02-13T17:31:33.763+0000] {processor.py:176} INFO - Processing /home/airflow/.local/lib/python3.7/site-packages/airflow/example_dags/example_sla_dag.py took 0.239 seconds
[2025-02-13T17:32:05.551+0000] {processor.py:154} INFO - Started process (PID=2632) to work on /home/airflow/.local/lib/python3.7/site-packages/airflow/example_dags/example_sla_dag.py
[2025-02-13T17:32:05.553+0000] {processor.py:756} INFO - Processing file /home/airflow/.local/lib/python3.7/site-packages/airflow/example_dags/example_sla_dag.py for tasks to queue
[2025-02-13T17:32:05.555+0000] {logging_mixin.py:137} INFO - [2025-02-13T17:32:05.555+0000] {dagbag.py:537} INFO - Filling up the DagBag from /home/airflow/.local/lib/python3.7/site-packages/airflow/example_dags/example_sla_dag.py
[2025-02-13T17:32:05.600+0000] {processor.py:766} INFO - DAG(s) dict_keys(['example_sla_dag']) retrieved from /home/airflow/.local/lib/python3.7/site-packages/airflow/example_dags/example_sla_dag.py
[2025-02-13T17:32:05.692+0000] {logging_mixin.py:137} INFO - [2025-02-13T17:32:05.691+0000] {dag.py:2585} INFO - Sync 1 DAGs
[2025-02-13T17:32:05.783+0000] {logging_mixin.py:137} INFO - [2025-02-13T17:32:05.782+0000] {dag.py:3340} INFO - Setting next_dagrun for example_sla_dag to 2025-02-13T17:30:00+00:00, run_after=2025-02-13T17:32:00+00:00
[2025-02-13T17:32:05.858+0000] {processor.py:176} INFO - Processing /home/airflow/.local/lib/python3.7/site-packages/airflow/example_dags/example_sla_dag.py took 0.311 seconds
[2025-02-13T17:32:36.099+0000] {processor.py:154} INFO - Started process (PID=2812) to work on /home/airflow/.local/lib/python3.7/site-packages/airflow/example_dags/example_sla_dag.py
[2025-02-13T17:32:36.102+0000] {processor.py:756} INFO - Processing file /home/airflow/.local/lib/python3.7/site-packages/airflow/example_dags/example_sla_dag.py for tasks to queue
[2025-02-13T17:32:36.106+0000] {logging_mixin.py:137} INFO - [2025-02-13T17:32:36.105+0000] {dagbag.py:537} INFO - Filling up the DagBag from /home/airflow/.local/lib/python3.7/site-packages/airflow/example_dags/example_sla_dag.py
[2025-02-13T17:32:36.176+0000] {processor.py:766} INFO - DAG(s) dict_keys(['example_sla_dag']) retrieved from /home/airflow/.local/lib/python3.7/site-packages/airflow/example_dags/example_sla_dag.py
[2025-02-13T17:32:36.315+0000] {logging_mixin.py:137} INFO - [2025-02-13T17:32:36.313+0000] {dag.py:2585} INFO - Sync 1 DAGs
[2025-02-13T17:32:36.410+0000] {logging_mixin.py:137} INFO - [2025-02-13T17:32:36.410+0000] {dag.py:3340} INFO - Setting next_dagrun for example_sla_dag to 2025-02-13T17:30:00+00:00, run_after=2025-02-13T17:32:00+00:00
[2025-02-13T17:32:36.473+0000] {processor.py:176} INFO - Processing /home/airflow/.local/lib/python3.7/site-packages/airflow/example_dags/example_sla_dag.py took 0.380 seconds
[2025-02-13T17:33:06.607+0000] {processor.py:154} INFO - Started process (PID=2989) to work on /home/airflow/.local/lib/python3.7/site-packages/airflow/example_dags/example_sla_dag.py
[2025-02-13T17:33:06.609+0000] {processor.py:756} INFO - Processing file /home/airflow/.local/lib/python3.7/site-packages/airflow/example_dags/example_sla_dag.py for tasks to queue
[2025-02-13T17:33:06.611+0000] {logging_mixin.py:137} INFO - [2025-02-13T17:33:06.611+0000] {dagbag.py:537} INFO - Filling up the DagBag from /home/airflow/.local/lib/python3.7/site-packages/airflow/example_dags/example_sla_dag.py
[2025-02-13T17:33:06.644+0000] {processor.py:766} INFO - DAG(s) dict_keys(['example_sla_dag']) retrieved from /home/airflow/.local/lib/python3.7/site-packages/airflow/example_dags/example_sla_dag.py
[2025-02-13T17:33:06.686+0000] {logging_mixin.py:137} INFO - [2025-02-13T17:33:06.686+0000] {dag.py:2585} INFO - Sync 1 DAGs
[2025-02-13T17:33:06.734+0000] {logging_mixin.py:137} INFO - [2025-02-13T17:33:06.734+0000] {dag.py:3340} INFO - Setting next_dagrun for example_sla_dag to 2025-02-13T17:30:00+00:00, run_after=2025-02-13T17:32:00+00:00
[2025-02-13T17:33:06.763+0000] {processor.py:176} INFO - Processing /home/airflow/.local/lib/python3.7/site-packages/airflow/example_dags/example_sla_dag.py took 0.163 seconds
[2025-02-13T17:33:37.058+0000] {processor.py:154} INFO - Started process (PID=3169) to work on /home/airflow/.local/lib/python3.7/site-packages/airflow/example_dags/example_sla_dag.py
[2025-02-13T17:33:37.060+0000] {processor.py:756} INFO - Processing file /home/airflow/.local/lib/python3.7/site-packages/airflow/example_dags/example_sla_dag.py for tasks to queue
[2025-02-13T17:33:37.062+0000] {logging_mixin.py:137} INFO - [2025-02-13T17:33:37.062+0000] {dagbag.py:537} INFO - Filling up the DagBag from /home/airflow/.local/lib/python3.7/site-packages/airflow/example_dags/example_sla_dag.py
[2025-02-13T17:33:37.102+0000] {processor.py:766} INFO - DAG(s) dict_keys(['example_sla_dag']) retrieved from /home/airflow/.local/lib/python3.7/site-packages/airflow/example_dags/example_sla_dag.py
[2025-02-13T17:33:37.171+0000] {logging_mixin.py:137} INFO - [2025-02-13T17:33:37.171+0000] {dag.py:2585} INFO - Sync 1 DAGs
[2025-02-13T17:33:37.227+0000] {logging_mixin.py:137} INFO - [2025-02-13T17:33:37.227+0000] {dag.py:3340} INFO - Setting next_dagrun for example_sla_dag to 2025-02-13T17:30:00+00:00, run_after=2025-02-13T17:32:00+00:00
[2025-02-13T17:33:37.261+0000] {processor.py:176} INFO - Processing /home/airflow/.local/lib/python3.7/site-packages/airflow/example_dags/example_sla_dag.py took 0.209 seconds
[2025-02-13T17:34:07.857+0000] {processor.py:154} INFO - Started process (PID=3349) to work on /home/airflow/.local/lib/python3.7/site-packages/airflow/example_dags/example_sla_dag.py
[2025-02-13T17:34:07.860+0000] {processor.py:756} INFO - Processing file /home/airflow/.local/lib/python3.7/site-packages/airflow/example_dags/example_sla_dag.py for tasks to queue
[2025-02-13T17:34:07.862+0000] {logging_mixin.py:137} INFO - [2025-02-13T17:34:07.861+0000] {dagbag.py:537} INFO - Filling up the DagBag from /home/airflow/.local/lib/python3.7/site-packages/airflow/example_dags/example_sla_dag.py
[2025-02-13T17:34:07.906+0000] {processor.py:766} INFO - DAG(s) dict_keys(['example_sla_dag']) retrieved from /home/airflow/.local/lib/python3.7/site-packages/airflow/example_dags/example_sla_dag.py
[2025-02-13T17:34:07.986+0000] {logging_mixin.py:137} INFO - [2025-02-13T17:34:07.986+0000] {dag.py:2585} INFO - Sync 1 DAGs
[2025-02-13T17:34:08.052+0000] {logging_mixin.py:137} INFO - [2025-02-13T17:34:08.052+0000] {dag.py:3340} INFO - Setting next_dagrun for example_sla_dag to 2025-02-13T17:32:00+00:00, run_after=2025-02-13T17:34:00+00:00
[2025-02-13T17:34:08.098+0000] {processor.py:176} INFO - Processing /home/airflow/.local/lib/python3.7/site-packages/airflow/example_dags/example_sla_dag.py took 0.246 seconds
[2025-02-13T17:34:38.499+0000] {processor.py:154} INFO - Started process (PID=3529) to work on /home/airflow/.local/lib/python3.7/site-packages/airflow/example_dags/example_sla_dag.py
[2025-02-13T17:34:38.501+0000] {processor.py:756} INFO - Processing file /home/airflow/.local/lib/python3.7/site-packages/airflow/example_dags/example_sla_dag.py for tasks to queue
[2025-02-13T17:34:38.504+0000] {logging_mixin.py:137} INFO - [2025-02-13T17:34:38.503+0000] {dagbag.py:537} INFO - Filling up the DagBag from /home/airflow/.local/lib/python3.7/site-packages/airflow/example_dags/example_sla_dag.py
[2025-02-13T17:34:38.547+0000] {processor.py:766} INFO - DAG(s) dict_keys(['example_sla_dag']) retrieved from /home/airflow/.local/lib/python3.7/site-packages/airflow/example_dags/example_sla_dag.py
[2025-02-13T17:34:38.613+0000] {logging_mixin.py:137} INFO - [2025-02-13T17:34:38.612+0000] {dag.py:2585} INFO - Sync 1 DAGs
[2025-02-13T17:34:38.668+0000] {logging_mixin.py:137} INFO - [2025-02-13T17:34:38.668+0000] {dag.py:3340} INFO - Setting next_dagrun for example_sla_dag to 2025-02-13T17:32:00+00:00, run_after=2025-02-13T17:34:00+00:00
[2025-02-13T17:34:38.706+0000] {processor.py:176} INFO - Processing /home/airflow/.local/lib/python3.7/site-packages/airflow/example_dags/example_sla_dag.py took 0.213 seconds
[2025-02-13T17:35:09.364+0000] {processor.py:154} INFO - Started process (PID=3709) to work on /home/airflow/.local/lib/python3.7/site-packages/airflow/example_dags/example_sla_dag.py
[2025-02-13T17:35:09.366+0000] {processor.py:756} INFO - Processing file /home/airflow/.local/lib/python3.7/site-packages/airflow/example_dags/example_sla_dag.py for tasks to queue
[2025-02-13T17:35:09.368+0000] {logging_mixin.py:137} INFO - [2025-02-13T17:35:09.368+0000] {dagbag.py:537} INFO - Filling up the DagBag from /home/airflow/.local/lib/python3.7/site-packages/airflow/example_dags/example_sla_dag.py
[2025-02-13T17:35:09.407+0000] {processor.py:766} INFO - DAG(s) dict_keys(['example_sla_dag']) retrieved from /home/airflow/.local/lib/python3.7/site-packages/airflow/example_dags/example_sla_dag.py
[2025-02-13T17:35:09.477+0000] {logging_mixin.py:137} INFO - [2025-02-13T17:35:09.477+0000] {dag.py:2585} INFO - Sync 1 DAGs
[2025-02-13T17:35:09.546+0000] {logging_mixin.py:137} INFO - [2025-02-13T17:35:09.545+0000] {dag.py:3340} INFO - Setting next_dagrun for example_sla_dag to 2025-02-13T17:32:00+00:00, run_after=2025-02-13T17:34:00+00:00
[2025-02-13T17:35:09.589+0000] {processor.py:176} INFO - Processing /home/airflow/.local/lib/python3.7/site-packages/airflow/example_dags/example_sla_dag.py took 0.230 seconds
[2025-02-13T17:35:39.895+0000] {processor.py:154} INFO - Started process (PID=3887) to work on /home/airflow/.local/lib/python3.7/site-packages/airflow/example_dags/example_sla_dag.py
[2025-02-13T17:35:39.897+0000] {processor.py:756} INFO - Processing file /home/airflow/.local/lib/python3.7/site-packages/airflow/example_dags/example_sla_dag.py for tasks to queue
[2025-02-13T17:35:39.899+0000] {logging_mixin.py:137} INFO - [2025-02-13T17:35:39.899+0000] {dagbag.py:537} INFO - Filling up the DagBag from /home/airflow/.local/lib/python3.7/site-packages/airflow/example_dags/example_sla_dag.py
[2025-02-13T17:35:39.938+0000] {processor.py:766} INFO - DAG(s) dict_keys(['example_sla_dag']) retrieved from /home/airflow/.local/lib/python3.7/site-packages/airflow/example_dags/example_sla_dag.py
[2025-02-13T17:35:40.014+0000] {logging_mixin.py:137} INFO - [2025-02-13T17:35:40.014+0000] {dag.py:2585} INFO - Sync 1 DAGs
[2025-02-13T17:35:40.067+0000] {logging_mixin.py:137} INFO - [2025-02-13T17:35:40.067+0000] {dag.py:3340} INFO - Setting next_dagrun for example_sla_dag to 2025-02-13T17:32:00+00:00, run_after=2025-02-13T17:34:00+00:00
[2025-02-13T17:35:40.124+0000] {processor.py:176} INFO - Processing /home/airflow/.local/lib/python3.7/site-packages/airflow/example_dags/example_sla_dag.py took 0.236 seconds
[2025-02-13T17:36:10.300+0000] {processor.py:154} INFO - Started process (PID=4067) to work on /home/airflow/.local/lib/python3.7/site-packages/airflow/example_dags/example_sla_dag.py
[2025-02-13T17:36:10.302+0000] {processor.py:756} INFO - Processing file /home/airflow/.local/lib/python3.7/site-packages/airflow/example_dags/example_sla_dag.py for tasks to queue
[2025-02-13T17:36:10.303+0000] {logging_mixin.py:137} INFO - [2025-02-13T17:36:10.303+0000] {dagbag.py:537} INFO - Filling up the DagBag from /home/airflow/.local/lib/python3.7/site-packages/airflow/example_dags/example_sla_dag.py
[2025-02-13T17:36:10.351+0000] {processor.py:766} INFO - DAG(s) dict_keys(['example_sla_dag']) retrieved from /home/airflow/.local/lib/python3.7/site-packages/airflow/example_dags/example_sla_dag.py
[2025-02-13T17:36:10.427+0000] {logging_mixin.py:137} INFO - [2025-02-13T17:36:10.427+0000] {dag.py:2585} INFO - Sync 1 DAGs
[2025-02-13T17:36:10.481+0000] {logging_mixin.py:137} INFO - [2025-02-13T17:36:10.481+0000] {dag.py:3340} INFO - Setting next_dagrun for example_sla_dag to 2025-02-13T17:34:00+00:00, run_after=2025-02-13T17:36:00+00:00
[2025-02-13T17:36:10.521+0000] {processor.py:176} INFO - Processing /home/airflow/.local/lib/python3.7/site-packages/airflow/example_dags/example_sla_dag.py took 0.228 seconds
[2025-02-13T17:36:40.771+0000] {processor.py:154} INFO - Started process (PID=4244) to work on /home/airflow/.local/lib/python3.7/site-packages/airflow/example_dags/example_sla_dag.py
[2025-02-13T17:36:40.772+0000] {processor.py:756} INFO - Processing file /home/airflow/.local/lib/python3.7/site-packages/airflow/example_dags/example_sla_dag.py for tasks to queue
[2025-02-13T17:36:40.774+0000] {logging_mixin.py:137} INFO - [2025-02-13T17:36:40.774+0000] {dagbag.py:537} INFO - Filling up the DagBag from /home/airflow/.local/lib/python3.7/site-packages/airflow/example_dags/example_sla_dag.py
[2025-02-13T17:36:40.813+0000] {processor.py:766} INFO - DAG(s) dict_keys(['example_sla_dag']) retrieved from /home/airflow/.local/lib/python3.7/site-packages/airflow/example_dags/example_sla_dag.py
[2025-02-13T17:36:40.883+0000] {logging_mixin.py:137} INFO - [2025-02-13T17:36:40.883+0000] {dag.py:2585} INFO - Sync 1 DAGs
[2025-02-13T17:36:40.940+0000] {logging_mixin.py:137} INFO - [2025-02-13T17:36:40.940+0000] {dag.py:3340} INFO - Setting next_dagrun for example_sla_dag to 2025-02-13T17:34:00+00:00, run_after=2025-02-13T17:36:00+00:00
[2025-02-13T17:36:40.990+0000] {processor.py:176} INFO - Processing /home/airflow/.local/lib/python3.7/site-packages/airflow/example_dags/example_sla_dag.py took 0.224 seconds
[2025-02-13T17:37:11.161+0000] {processor.py:154} INFO - Started process (PID=4424) to work on /home/airflow/.local/lib/python3.7/site-packages/airflow/example_dags/example_sla_dag.py
[2025-02-13T17:37:11.163+0000] {processor.py:756} INFO - Processing file /home/airflow/.local/lib/python3.7/site-packages/airflow/example_dags/example_sla_dag.py for tasks to queue
[2025-02-13T17:37:11.165+0000] {logging_mixin.py:137} INFO - [2025-02-13T17:37:11.164+0000] {dagbag.py:537} INFO - Filling up the DagBag from /home/airflow/.local/lib/python3.7/site-packages/airflow/example_dags/example_sla_dag.py
[2025-02-13T17:37:11.200+0000] {processor.py:766} INFO - DAG(s) dict_keys(['example_sla_dag']) retrieved from /home/airflow/.local/lib/python3.7/site-packages/airflow/example_dags/example_sla_dag.py
[2025-02-13T17:37:11.267+0000] {logging_mixin.py:137} INFO - [2025-02-13T17:37:11.267+0000] {dag.py:2585} INFO - Sync 1 DAGs
[2025-02-13T17:37:11.316+0000] {logging_mixin.py:137} INFO - [2025-02-13T17:37:11.316+0000] {dag.py:3340} INFO - Setting next_dagrun for example_sla_dag to 2025-02-13T17:34:00+00:00, run_after=2025-02-13T17:36:00+00:00
[2025-02-13T17:37:11.356+0000] {processor.py:176} INFO - Processing /home/airflow/.local/lib/python3.7/site-packages/airflow/example_dags/example_sla_dag.py took 0.202 seconds
[2025-02-13T17:37:41.660+0000] {processor.py:154} INFO - Started process (PID=4604) to work on /home/airflow/.local/lib/python3.7/site-packages/airflow/example_dags/example_sla_dag.py
[2025-02-13T17:37:41.662+0000] {processor.py:756} INFO - Processing file /home/airflow/.local/lib/python3.7/site-packages/airflow/example_dags/example_sla_dag.py for tasks to queue
[2025-02-13T17:37:41.664+0000] {logging_mixin.py:137} INFO - [2025-02-13T17:37:41.664+0000] {dagbag.py:537} INFO - Filling up the DagBag from /home/airflow/.local/lib/python3.7/site-packages/airflow/example_dags/example_sla_dag.py
[2025-02-13T17:37:41.714+0000] {processor.py:766} INFO - DAG(s) dict_keys(['example_sla_dag']) retrieved from /home/airflow/.local/lib/python3.7/site-packages/airflow/example_dags/example_sla_dag.py
[2025-02-13T17:37:41.797+0000] {logging_mixin.py:137} INFO - [2025-02-13T17:37:41.796+0000] {dag.py:2585} INFO - Sync 1 DAGs
[2025-02-13T17:37:41.858+0000] {logging_mixin.py:137} INFO - [2025-02-13T17:37:41.858+0000] {dag.py:3340} INFO - Setting next_dagrun for example_sla_dag to 2025-02-13T17:34:00+00:00, run_after=2025-02-13T17:36:00+00:00
[2025-02-13T17:37:41.893+0000] {processor.py:176} INFO - Processing /home/airflow/.local/lib/python3.7/site-packages/airflow/example_dags/example_sla_dag.py took 0.239 seconds
[2025-02-13T17:38:11.977+0000] {processor.py:154} INFO - Started process (PID=4784) to work on /home/airflow/.local/lib/python3.7/site-packages/airflow/example_dags/example_sla_dag.py
[2025-02-13T17:38:11.979+0000] {processor.py:756} INFO - Processing file /home/airflow/.local/lib/python3.7/site-packages/airflow/example_dags/example_sla_dag.py for tasks to queue
[2025-02-13T17:38:11.981+0000] {logging_mixin.py:137} INFO - [2025-02-13T17:38:11.981+0000] {dagbag.py:537} INFO - Filling up the DagBag from /home/airflow/.local/lib/python3.7/site-packages/airflow/example_dags/example_sla_dag.py
[2025-02-13T17:38:12.021+0000] {processor.py:766} INFO - DAG(s) dict_keys(['example_sla_dag']) retrieved from /home/airflow/.local/lib/python3.7/site-packages/airflow/example_dags/example_sla_dag.py
[2025-02-13T17:38:12.104+0000] {logging_mixin.py:137} INFO - [2025-02-13T17:38:12.103+0000] {dag.py:2585} INFO - Sync 1 DAGs
[2025-02-13T17:38:12.161+0000] {logging_mixin.py:137} INFO - [2025-02-13T17:38:12.161+0000] {dag.py:3340} INFO - Setting next_dagrun for example_sla_dag to 2025-02-13T17:36:00+00:00, run_after=2025-02-13T17:38:00+00:00
[2025-02-13T17:38:12.197+0000] {processor.py:176} INFO - Processing /home/airflow/.local/lib/python3.7/site-packages/airflow/example_dags/example_sla_dag.py took 0.226 seconds
[2025-02-13T17:38:42.743+0000] {processor.py:154} INFO - Started process (PID=4964) to work on /home/airflow/.local/lib/python3.7/site-packages/airflow/example_dags/example_sla_dag.py
[2025-02-13T17:38:42.745+0000] {processor.py:756} INFO - Processing file /home/airflow/.local/lib/python3.7/site-packages/airflow/example_dags/example_sla_dag.py for tasks to queue
[2025-02-13T17:38:42.747+0000] {logging_mixin.py:137} INFO - [2025-02-13T17:38:42.747+0000] {dagbag.py:537} INFO - Filling up the DagBag from /home/airflow/.local/lib/python3.7/site-packages/airflow/example_dags/example_sla_dag.py
[2025-02-13T17:38:42.788+0000] {processor.py:766} INFO - DAG(s) dict_keys(['example_sla_dag']) retrieved from /home/airflow/.local/lib/python3.7/site-packages/airflow/example_dags/example_sla_dag.py
[2025-02-13T17:38:42.860+0000] {logging_mixin.py:137} INFO - [2025-02-13T17:38:42.859+0000] {dag.py:2585} INFO - Sync 1 DAGs
[2025-02-13T17:38:42.909+0000] {logging_mixin.py:137} INFO - [2025-02-13T17:38:42.908+0000] {dag.py:3340} INFO - Setting next_dagrun for example_sla_dag to 2025-02-13T17:36:00+00:00, run_after=2025-02-13T17:38:00+00:00
[2025-02-13T17:38:42.969+0000] {processor.py:176} INFO - Processing /home/airflow/.local/lib/python3.7/site-packages/airflow/example_dags/example_sla_dag.py took 0.231 seconds
[2025-02-13T17:39:41.060+0000] {processor.py:154} INFO - Started process (PID=5154) to work on /home/airflow/.local/lib/python3.7/site-packages/airflow/example_dags/example_sla_dag.py
[2025-02-13T17:39:41.061+0000] {processor.py:756} INFO - Processing file /home/airflow/.local/lib/python3.7/site-packages/airflow/example_dags/example_sla_dag.py for tasks to queue
[2025-02-13T17:39:41.062+0000] {logging_mixin.py:137} INFO - [2025-02-13T17:39:41.062+0000] {dagbag.py:537} INFO - Filling up the DagBag from /home/airflow/.local/lib/python3.7/site-packages/airflow/example_dags/example_sla_dag.py
[2025-02-13T17:39:41.083+0000] {processor.py:766} INFO - DAG(s) dict_keys(['example_sla_dag']) retrieved from /home/airflow/.local/lib/python3.7/site-packages/airflow/example_dags/example_sla_dag.py
[2025-02-13T17:39:41.124+0000] {logging_mixin.py:137} INFO - [2025-02-13T17:39:41.124+0000] {dag.py:2585} INFO - Sync 1 DAGs
[2025-02-13T17:39:41.149+0000] {logging_mixin.py:137} INFO - [2025-02-13T17:39:41.149+0000] {dag.py:3340} INFO - Setting next_dagrun for example_sla_dag to 2025-02-13T17:36:00+00:00, run_after=2025-02-13T17:38:00+00:00
[2025-02-13T17:39:41.174+0000] {processor.py:176} INFO - Processing /home/airflow/.local/lib/python3.7/site-packages/airflow/example_dags/example_sla_dag.py took 0.118 seconds
[2025-02-13T17:40:12.550+0000] {processor.py:154} INFO - Started process (PID=5334) to work on /home/airflow/.local/lib/python3.7/site-packages/airflow/example_dags/example_sla_dag.py
[2025-02-13T17:40:12.553+0000] {processor.py:756} INFO - Processing file /home/airflow/.local/lib/python3.7/site-packages/airflow/example_dags/example_sla_dag.py for tasks to queue
[2025-02-13T17:40:12.556+0000] {logging_mixin.py:137} INFO - [2025-02-13T17:40:12.555+0000] {dagbag.py:537} INFO - Filling up the DagBag from /home/airflow/.local/lib/python3.7/site-packages/airflow/example_dags/example_sla_dag.py
[2025-02-13T17:40:12.597+0000] {processor.py:766} INFO - DAG(s) dict_keys(['example_sla_dag']) retrieved from /home/airflow/.local/lib/python3.7/site-packages/airflow/example_dags/example_sla_dag.py
[2025-02-13T17:40:12.668+0000] {logging_mixin.py:137} INFO - [2025-02-13T17:40:12.667+0000] {dag.py:2585} INFO - Sync 1 DAGs
[2025-02-13T17:40:12.716+0000] {logging_mixin.py:137} INFO - [2025-02-13T17:40:12.716+0000] {dag.py:3340} INFO - Setting next_dagrun for example_sla_dag to 2025-02-13T17:38:00+00:00, run_after=2025-02-13T17:40:00+00:00
[2025-02-13T17:40:12.765+0000] {processor.py:176} INFO - Processing /home/airflow/.local/lib/python3.7/site-packages/airflow/example_dags/example_sla_dag.py took 0.219 seconds
[2025-02-13T17:40:44.316+0000] {processor.py:154} INFO - Started process (PID=5513) to work on /home/airflow/.local/lib/python3.7/site-packages/airflow/example_dags/example_sla_dag.py
[2025-02-13T17:40:44.318+0000] {processor.py:756} INFO - Processing file /home/airflow/.local/lib/python3.7/site-packages/airflow/example_dags/example_sla_dag.py for tasks to queue
[2025-02-13T17:40:44.322+0000] {logging_mixin.py:137} INFO - [2025-02-13T17:40:44.321+0000] {dagbag.py:537} INFO - Filling up the DagBag from /home/airflow/.local/lib/python3.7/site-packages/airflow/example_dags/example_sla_dag.py
[2025-02-13T17:40:44.399+0000] {processor.py:766} INFO - DAG(s) dict_keys(['example_sla_dag']) retrieved from /home/airflow/.local/lib/python3.7/site-packages/airflow/example_dags/example_sla_dag.py
[2025-02-13T17:40:44.587+0000] {logging_mixin.py:137} INFO - [2025-02-13T17:40:44.587+0000] {dag.py:2585} INFO - Sync 1 DAGs
[2025-02-13T17:40:44.703+0000] {logging_mixin.py:137} INFO - [2025-02-13T17:40:44.703+0000] {dag.py:3340} INFO - Setting next_dagrun for example_sla_dag to 2025-02-13T17:38:00+00:00, run_after=2025-02-13T17:40:00+00:00
[2025-02-13T17:40:44.776+0000] {processor.py:176} INFO - Processing /home/airflow/.local/lib/python3.7/site-packages/airflow/example_dags/example_sla_dag.py took 0.469 seconds
[2025-02-13T17:41:15.634+0000] {processor.py:154} INFO - Started process (PID=5694) to work on /home/airflow/.local/lib/python3.7/site-packages/airflow/example_dags/example_sla_dag.py
[2025-02-13T17:41:15.636+0000] {processor.py:756} INFO - Processing file /home/airflow/.local/lib/python3.7/site-packages/airflow/example_dags/example_sla_dag.py for tasks to queue
[2025-02-13T17:41:15.637+0000] {logging_mixin.py:137} INFO - [2025-02-13T17:41:15.637+0000] {dagbag.py:537} INFO - Filling up the DagBag from /home/airflow/.local/lib/python3.7/site-packages/airflow/example_dags/example_sla_dag.py
[2025-02-13T17:41:15.670+0000] {processor.py:766} INFO - DAG(s) dict_keys(['example_sla_dag']) retrieved from /home/airflow/.local/lib/python3.7/site-packages/airflow/example_dags/example_sla_dag.py
[2025-02-13T17:41:15.725+0000] {logging_mixin.py:137} INFO - [2025-02-13T17:41:15.725+0000] {dag.py:2585} INFO - Sync 1 DAGs
[2025-02-13T17:41:15.765+0000] {logging_mixin.py:137} INFO - [2025-02-13T17:41:15.765+0000] {dag.py:3340} INFO - Setting next_dagrun for example_sla_dag to 2025-02-13T17:38:00+00:00, run_after=2025-02-13T17:40:00+00:00
[2025-02-13T17:41:15.836+0000] {processor.py:176} INFO - Processing /home/airflow/.local/lib/python3.7/site-packages/airflow/example_dags/example_sla_dag.py took 0.207 seconds
[2025-02-13T17:41:46.401+0000] {processor.py:154} INFO - Started process (PID=5874) to work on /home/airflow/.local/lib/python3.7/site-packages/airflow/example_dags/example_sla_dag.py
[2025-02-13T17:41:46.403+0000] {processor.py:756} INFO - Processing file /home/airflow/.local/lib/python3.7/site-packages/airflow/example_dags/example_sla_dag.py for tasks to queue
[2025-02-13T17:41:46.405+0000] {logging_mixin.py:137} INFO - [2025-02-13T17:41:46.404+0000] {dagbag.py:537} INFO - Filling up the DagBag from /home/airflow/.local/lib/python3.7/site-packages/airflow/example_dags/example_sla_dag.py
[2025-02-13T17:41:46.441+0000] {processor.py:766} INFO - DAG(s) dict_keys(['example_sla_dag']) retrieved from /home/airflow/.local/lib/python3.7/site-packages/airflow/example_dags/example_sla_dag.py
[2025-02-13T17:41:46.505+0000] {logging_mixin.py:137} INFO - [2025-02-13T17:41:46.505+0000] {dag.py:2585} INFO - Sync 1 DAGs
[2025-02-13T17:41:46.547+0000] {logging_mixin.py:137} INFO - [2025-02-13T17:41:46.547+0000] {dag.py:3340} INFO - Setting next_dagrun for example_sla_dag to 2025-02-13T17:38:00+00:00, run_after=2025-02-13T17:40:00+00:00
[2025-02-13T17:41:46.575+0000] {processor.py:176} INFO - Processing /home/airflow/.local/lib/python3.7/site-packages/airflow/example_dags/example_sla_dag.py took 0.180 seconds
[2025-02-13T17:42:17.079+0000] {processor.py:154} INFO - Started process (PID=6054) to work on /home/airflow/.local/lib/python3.7/site-packages/airflow/example_dags/example_sla_dag.py
[2025-02-13T17:42:17.082+0000] {processor.py:756} INFO - Processing file /home/airflow/.local/lib/python3.7/site-packages/airflow/example_dags/example_sla_dag.py for tasks to queue
[2025-02-13T17:42:17.084+0000] {logging_mixin.py:137} INFO - [2025-02-13T17:42:17.084+0000] {dagbag.py:537} INFO - Filling up the DagBag from /home/airflow/.local/lib/python3.7/site-packages/airflow/example_dags/example_sla_dag.py
[2025-02-13T17:42:17.118+0000] {processor.py:766} INFO - DAG(s) dict_keys(['example_sla_dag']) retrieved from /home/airflow/.local/lib/python3.7/site-packages/airflow/example_dags/example_sla_dag.py
[2025-02-13T17:42:17.189+0000] {logging_mixin.py:137} INFO - [2025-02-13T17:42:17.189+0000] {dag.py:2585} INFO - Sync 1 DAGs
[2025-02-13T17:42:17.234+0000] {logging_mixin.py:137} INFO - [2025-02-13T17:42:17.234+0000] {dag.py:3340} INFO - Setting next_dagrun for example_sla_dag to 2025-02-13T17:40:00+00:00, run_after=2025-02-13T17:42:00+00:00
[2025-02-13T17:42:17.265+0000] {processor.py:176} INFO - Processing /home/airflow/.local/lib/python3.7/site-packages/airflow/example_dags/example_sla_dag.py took 0.191 seconds
[2025-02-13T17:42:47.481+0000] {processor.py:154} INFO - Started process (PID=6234) to work on /home/airflow/.local/lib/python3.7/site-packages/airflow/example_dags/example_sla_dag.py
[2025-02-13T17:42:47.484+0000] {processor.py:756} INFO - Processing file /home/airflow/.local/lib/python3.7/site-packages/airflow/example_dags/example_sla_dag.py for tasks to queue
[2025-02-13T17:42:47.486+0000] {logging_mixin.py:137} INFO - [2025-02-13T17:42:47.486+0000] {dagbag.py:537} INFO - Filling up the DagBag from /home/airflow/.local/lib/python3.7/site-packages/airflow/example_dags/example_sla_dag.py
[2025-02-13T17:42:47.534+0000] {processor.py:766} INFO - DAG(s) dict_keys(['example_sla_dag']) retrieved from /home/airflow/.local/lib/python3.7/site-packages/airflow/example_dags/example_sla_dag.py
[2025-02-13T17:42:47.614+0000] {logging_mixin.py:137} INFO - [2025-02-13T17:42:47.614+0000] {dag.py:2585} INFO - Sync 1 DAGs
[2025-02-13T17:42:47.726+0000] {logging_mixin.py:137} INFO - [2025-02-13T17:42:47.726+0000] {dag.py:3340} INFO - Setting next_dagrun for example_sla_dag to 2025-02-13T17:40:00+00:00, run_after=2025-02-13T17:42:00+00:00
[2025-02-13T17:42:47.822+0000] {processor.py:176} INFO - Processing /home/airflow/.local/lib/python3.7/site-packages/airflow/example_dags/example_sla_dag.py took 0.351 seconds
[2025-02-13T17:43:18.499+0000] {processor.py:154} INFO - Started process (PID=6414) to work on /home/airflow/.local/lib/python3.7/site-packages/airflow/example_dags/example_sla_dag.py
[2025-02-13T17:43:18.501+0000] {processor.py:756} INFO - Processing file /home/airflow/.local/lib/python3.7/site-packages/airflow/example_dags/example_sla_dag.py for tasks to queue
[2025-02-13T17:43:18.503+0000] {logging_mixin.py:137} INFO - [2025-02-13T17:43:18.502+0000] {dagbag.py:537} INFO - Filling up the DagBag from /home/airflow/.local/lib/python3.7/site-packages/airflow/example_dags/example_sla_dag.py
[2025-02-13T17:43:18.543+0000] {processor.py:766} INFO - DAG(s) dict_keys(['example_sla_dag']) retrieved from /home/airflow/.local/lib/python3.7/site-packages/airflow/example_dags/example_sla_dag.py
[2025-02-13T17:43:18.614+0000] {logging_mixin.py:137} INFO - [2025-02-13T17:43:18.614+0000] {dag.py:2585} INFO - Sync 1 DAGs
[2025-02-13T17:43:18.669+0000] {logging_mixin.py:137} INFO - [2025-02-13T17:43:18.669+0000] {dag.py:3340} INFO - Setting next_dagrun for example_sla_dag to 2025-02-13T17:40:00+00:00, run_after=2025-02-13T17:42:00+00:00
[2025-02-13T17:43:18.708+0000] {processor.py:176} INFO - Processing /home/airflow/.local/lib/python3.7/site-packages/airflow/example_dags/example_sla_dag.py took 0.216 seconds
[2025-02-13T17:43:49.079+0000] {processor.py:154} INFO - Started process (PID=6594) to work on /home/airflow/.local/lib/python3.7/site-packages/airflow/example_dags/example_sla_dag.py
[2025-02-13T17:43:49.081+0000] {processor.py:756} INFO - Processing file /home/airflow/.local/lib/python3.7/site-packages/airflow/example_dags/example_sla_dag.py for tasks to queue
[2025-02-13T17:43:49.083+0000] {logging_mixin.py:137} INFO - [2025-02-13T17:43:49.083+0000] {dagbag.py:537} INFO - Filling up the DagBag from /home/airflow/.local/lib/python3.7/site-packages/airflow/example_dags/example_sla_dag.py
[2025-02-13T17:43:49.125+0000] {processor.py:766} INFO - DAG(s) dict_keys(['example_sla_dag']) retrieved from /home/airflow/.local/lib/python3.7/site-packages/airflow/example_dags/example_sla_dag.py
[2025-02-13T17:43:49.208+0000] {logging_mixin.py:137} INFO - [2025-02-13T17:43:49.208+0000] {dag.py:2585} INFO - Sync 1 DAGs
[2025-02-13T17:43:49.258+0000] {logging_mixin.py:137} INFO - [2025-02-13T17:43:49.258+0000] {dag.py:3340} INFO - Setting next_dagrun for example_sla_dag to 2025-02-13T17:40:00+00:00, run_after=2025-02-13T17:42:00+00:00
[2025-02-13T17:43:49.293+0000] {processor.py:176} INFO - Processing /home/airflow/.local/lib/python3.7/site-packages/airflow/example_dags/example_sla_dag.py took 0.221 seconds
[2025-02-13T17:44:19.919+0000] {processor.py:154} INFO - Started process (PID=6774) to work on /home/airflow/.local/lib/python3.7/site-packages/airflow/example_dags/example_sla_dag.py
[2025-02-13T17:44:19.922+0000] {processor.py:756} INFO - Processing file /home/airflow/.local/lib/python3.7/site-packages/airflow/example_dags/example_sla_dag.py for tasks to queue
[2025-02-13T17:44:19.925+0000] {logging_mixin.py:137} INFO - [2025-02-13T17:44:19.925+0000] {dagbag.py:537} INFO - Filling up the DagBag from /home/airflow/.local/lib/python3.7/site-packages/airflow/example_dags/example_sla_dag.py
[2025-02-13T17:44:19.970+0000] {processor.py:766} INFO - DAG(s) dict_keys(['example_sla_dag']) retrieved from /home/airflow/.local/lib/python3.7/site-packages/airflow/example_dags/example_sla_dag.py
[2025-02-13T17:44:20.027+0000] {logging_mixin.py:137} INFO - [2025-02-13T17:44:20.026+0000] {dag.py:2585} INFO - Sync 1 DAGs
[2025-02-13T17:44:20.066+0000] {logging_mixin.py:137} INFO - [2025-02-13T17:44:20.066+0000] {dag.py:3340} INFO - Setting next_dagrun for example_sla_dag to 2025-02-13T17:42:00+00:00, run_after=2025-02-13T17:44:00+00:00
[2025-02-13T17:44:20.093+0000] {processor.py:176} INFO - Processing /home/airflow/.local/lib/python3.7/site-packages/airflow/example_dags/example_sla_dag.py took 0.182 seconds
[2025-02-13T17:44:50.309+0000] {processor.py:154} INFO - Started process (PID=6954) to work on /home/airflow/.local/lib/python3.7/site-packages/airflow/example_dags/example_sla_dag.py
[2025-02-13T17:44:50.315+0000] {processor.py:756} INFO - Processing file /home/airflow/.local/lib/python3.7/site-packages/airflow/example_dags/example_sla_dag.py for tasks to queue
[2025-02-13T17:44:50.319+0000] {logging_mixin.py:137} INFO - [2025-02-13T17:44:50.319+0000] {dagbag.py:537} INFO - Filling up the DagBag from /home/airflow/.local/lib/python3.7/site-packages/airflow/example_dags/example_sla_dag.py
[2025-02-13T17:44:50.384+0000] {processor.py:766} INFO - DAG(s) dict_keys(['example_sla_dag']) retrieved from /home/airflow/.local/lib/python3.7/site-packages/airflow/example_dags/example_sla_dag.py
[2025-02-13T17:44:50.465+0000] {logging_mixin.py:137} INFO - [2025-02-13T17:44:50.464+0000] {dag.py:2585} INFO - Sync 1 DAGs
[2025-02-13T17:44:50.523+0000] {logging_mixin.py:137} INFO - [2025-02-13T17:44:50.522+0000] {dag.py:3340} INFO - Setting next_dagrun for example_sla_dag to 2025-02-13T17:42:00+00:00, run_after=2025-02-13T17:44:00+00:00
[2025-02-13T17:44:50.559+0000] {processor.py:176} INFO - Processing /home/airflow/.local/lib/python3.7/site-packages/airflow/example_dags/example_sla_dag.py took 0.257 seconds
[2025-02-13T17:45:20.900+0000] {processor.py:154} INFO - Started process (PID=7134) to work on /home/airflow/.local/lib/python3.7/site-packages/airflow/example_dags/example_sla_dag.py
[2025-02-13T17:45:20.902+0000] {processor.py:756} INFO - Processing file /home/airflow/.local/lib/python3.7/site-packages/airflow/example_dags/example_sla_dag.py for tasks to queue
[2025-02-13T17:45:20.910+0000] {logging_mixin.py:137} INFO - [2025-02-13T17:45:20.910+0000] {dagbag.py:537} INFO - Filling up the DagBag from /home/airflow/.local/lib/python3.7/site-packages/airflow/example_dags/example_sla_dag.py
[2025-02-13T17:45:20.970+0000] {processor.py:766} INFO - DAG(s) dict_keys(['example_sla_dag']) retrieved from /home/airflow/.local/lib/python3.7/site-packages/airflow/example_dags/example_sla_dag.py
[2025-02-13T17:45:21.055+0000] {logging_mixin.py:137} INFO - [2025-02-13T17:45:21.055+0000] {dag.py:2585} INFO - Sync 1 DAGs
[2025-02-13T17:45:21.109+0000] {logging_mixin.py:137} INFO - [2025-02-13T17:45:21.109+0000] {dag.py:3340} INFO - Setting next_dagrun for example_sla_dag to 2025-02-13T17:42:00+00:00, run_after=2025-02-13T17:44:00+00:00
[2025-02-13T17:45:21.189+0000] {processor.py:176} INFO - Processing /home/airflow/.local/lib/python3.7/site-packages/airflow/example_dags/example_sla_dag.py took 0.301 seconds
[2025-02-13T17:45:51.832+0000] {processor.py:154} INFO - Started process (PID=7314) to work on /home/airflow/.local/lib/python3.7/site-packages/airflow/example_dags/example_sla_dag.py
[2025-02-13T17:45:51.834+0000] {processor.py:756} INFO - Processing file /home/airflow/.local/lib/python3.7/site-packages/airflow/example_dags/example_sla_dag.py for tasks to queue
[2025-02-13T17:45:51.838+0000] {logging_mixin.py:137} INFO - [2025-02-13T17:45:51.837+0000] {dagbag.py:537} INFO - Filling up the DagBag from /home/airflow/.local/lib/python3.7/site-packages/airflow/example_dags/example_sla_dag.py
[2025-02-13T17:45:51.878+0000] {processor.py:766} INFO - DAG(s) dict_keys(['example_sla_dag']) retrieved from /home/airflow/.local/lib/python3.7/site-packages/airflow/example_dags/example_sla_dag.py
[2025-02-13T17:45:51.951+0000] {logging_mixin.py:137} INFO - [2025-02-13T17:45:51.951+0000] {dag.py:2585} INFO - Sync 1 DAGs
[2025-02-13T17:45:51.998+0000] {logging_mixin.py:137} INFO - [2025-02-13T17:45:51.998+0000] {dag.py:3340} INFO - Setting next_dagrun for example_sla_dag to 2025-02-13T17:42:00+00:00, run_after=2025-02-13T17:44:00+00:00
[2025-02-13T17:45:52.032+0000] {processor.py:176} INFO - Processing /home/airflow/.local/lib/python3.7/site-packages/airflow/example_dags/example_sla_dag.py took 0.207 seconds
[2025-02-13T17:47:38.688+0000] {processor.py:154} INFO - Started process (PID=291) to work on /home/airflow/.local/lib/python3.7/site-packages/airflow/example_dags/example_sla_dag.py
[2025-02-13T17:47:38.691+0000] {processor.py:756} INFO - Processing file /home/airflow/.local/lib/python3.7/site-packages/airflow/example_dags/example_sla_dag.py for tasks to queue
[2025-02-13T17:47:38.696+0000] {logging_mixin.py:137} INFO - [2025-02-13T17:47:38.695+0000] {dagbag.py:537} INFO - Filling up the DagBag from /home/airflow/.local/lib/python3.7/site-packages/airflow/example_dags/example_sla_dag.py
[2025-02-13T17:47:38.788+0000] {processor.py:766} INFO - DAG(s) dict_keys(['example_sla_dag']) retrieved from /home/airflow/.local/lib/python3.7/site-packages/airflow/example_dags/example_sla_dag.py
[2025-02-13T17:47:38.875+0000] {logging_mixin.py:137} INFO - [2025-02-13T17:47:38.874+0000] {dag.py:2585} INFO - Sync 1 DAGs
[2025-02-13T17:47:38.933+0000] {logging_mixin.py:137} INFO - [2025-02-13T17:47:38.933+0000] {dag.py:3340} INFO - Setting next_dagrun for example_sla_dag to 2025-02-13T17:44:00+00:00, run_after=2025-02-13T17:46:00+00:00
[2025-02-13T17:47:38.988+0000] {processor.py:176} INFO - Processing /home/airflow/.local/lib/python3.7/site-packages/airflow/example_dags/example_sla_dag.py took 0.305 seconds
[2025-02-13T17:48:09.402+0000] {processor.py:154} INFO - Started process (PID=473) to work on /home/airflow/.local/lib/python3.7/site-packages/airflow/example_dags/example_sla_dag.py
[2025-02-13T17:48:09.404+0000] {processor.py:756} INFO - Processing file /home/airflow/.local/lib/python3.7/site-packages/airflow/example_dags/example_sla_dag.py for tasks to queue
[2025-02-13T17:48:09.405+0000] {logging_mixin.py:137} INFO - [2025-02-13T17:48:09.405+0000] {dagbag.py:537} INFO - Filling up the DagBag from /home/airflow/.local/lib/python3.7/site-packages/airflow/example_dags/example_sla_dag.py
[2025-02-13T17:48:09.441+0000] {processor.py:766} INFO - DAG(s) dict_keys(['example_sla_dag']) retrieved from /home/airflow/.local/lib/python3.7/site-packages/airflow/example_dags/example_sla_dag.py
[2025-02-13T17:48:09.484+0000] {logging_mixin.py:137} INFO - [2025-02-13T17:48:09.484+0000] {dag.py:2585} INFO - Sync 1 DAGs
[2025-02-13T17:48:09.546+0000] {logging_mixin.py:137} INFO - [2025-02-13T17:48:09.545+0000] {dag.py:3340} INFO - Setting next_dagrun for example_sla_dag to 2025-02-13T17:46:00+00:00, run_after=2025-02-13T17:48:00+00:00
[2025-02-13T17:48:09.610+0000] {processor.py:176} INFO - Processing /home/airflow/.local/lib/python3.7/site-packages/airflow/example_dags/example_sla_dag.py took 0.212 seconds
[2025-02-13T17:48:39.932+0000] {processor.py:154} INFO - Started process (PID=654) to work on /home/airflow/.local/lib/python3.7/site-packages/airflow/example_dags/example_sla_dag.py
[2025-02-13T17:48:39.934+0000] {processor.py:756} INFO - Processing file /home/airflow/.local/lib/python3.7/site-packages/airflow/example_dags/example_sla_dag.py for tasks to queue
[2025-02-13T17:48:39.935+0000] {logging_mixin.py:137} INFO - [2025-02-13T17:48:39.935+0000] {dagbag.py:537} INFO - Filling up the DagBag from /home/airflow/.local/lib/python3.7/site-packages/airflow/example_dags/example_sla_dag.py
[2025-02-13T17:48:39.966+0000] {processor.py:766} INFO - DAG(s) dict_keys(['example_sla_dag']) retrieved from /home/airflow/.local/lib/python3.7/site-packages/airflow/example_dags/example_sla_dag.py
[2025-02-13T17:48:40.041+0000] {logging_mixin.py:137} INFO - [2025-02-13T17:48:40.041+0000] {dag.py:2585} INFO - Sync 1 DAGs
[2025-02-13T17:48:40.112+0000] {logging_mixin.py:137} INFO - [2025-02-13T17:48:40.112+0000] {dag.py:3340} INFO - Setting next_dagrun for example_sla_dag to 2025-02-13T17:46:00+00:00, run_after=2025-02-13T17:48:00+00:00
[2025-02-13T17:48:40.154+0000] {processor.py:176} INFO - Processing /home/airflow/.local/lib/python3.7/site-packages/airflow/example_dags/example_sla_dag.py took 0.225 seconds
[2025-02-13T17:49:10.227+0000] {processor.py:154} INFO - Started process (PID=832) to work on /home/airflow/.local/lib/python3.7/site-packages/airflow/example_dags/example_sla_dag.py
[2025-02-13T17:49:10.229+0000] {processor.py:756} INFO - Processing file /home/airflow/.local/lib/python3.7/site-packages/airflow/example_dags/example_sla_dag.py for tasks to queue
[2025-02-13T17:49:10.230+0000] {logging_mixin.py:137} INFO - [2025-02-13T17:49:10.230+0000] {dagbag.py:537} INFO - Filling up the DagBag from /home/airflow/.local/lib/python3.7/site-packages/airflow/example_dags/example_sla_dag.py
[2025-02-13T17:49:10.261+0000] {processor.py:766} INFO - DAG(s) dict_keys(['example_sla_dag']) retrieved from /home/airflow/.local/lib/python3.7/site-packages/airflow/example_dags/example_sla_dag.py
[2025-02-13T17:49:10.315+0000] {logging_mixin.py:137} INFO - [2025-02-13T17:49:10.315+0000] {dag.py:2585} INFO - Sync 1 DAGs
[2025-02-13T17:49:10.355+0000] {logging_mixin.py:137} INFO - [2025-02-13T17:49:10.355+0000] {dag.py:3340} INFO - Setting next_dagrun for example_sla_dag to 2025-02-13T17:46:00+00:00, run_after=2025-02-13T17:48:00+00:00
[2025-02-13T17:49:10.386+0000] {processor.py:176} INFO - Processing /home/airflow/.local/lib/python3.7/site-packages/airflow/example_dags/example_sla_dag.py took 0.163 seconds
[2025-02-13T17:49:40.781+0000] {processor.py:154} INFO - Started process (PID=1012) to work on /home/airflow/.local/lib/python3.7/site-packages/airflow/example_dags/example_sla_dag.py
[2025-02-13T17:49:40.783+0000] {processor.py:756} INFO - Processing file /home/airflow/.local/lib/python3.7/site-packages/airflow/example_dags/example_sla_dag.py for tasks to queue
[2025-02-13T17:49:40.784+0000] {logging_mixin.py:137} INFO - [2025-02-13T17:49:40.784+0000] {dagbag.py:537} INFO - Filling up the DagBag from /home/airflow/.local/lib/python3.7/site-packages/airflow/example_dags/example_sla_dag.py
[2025-02-13T17:49:40.814+0000] {processor.py:766} INFO - DAG(s) dict_keys(['example_sla_dag']) retrieved from /home/airflow/.local/lib/python3.7/site-packages/airflow/example_dags/example_sla_dag.py
[2025-02-13T17:49:40.875+0000] {logging_mixin.py:137} INFO - [2025-02-13T17:49:40.875+0000] {dag.py:2585} INFO - Sync 1 DAGs
[2025-02-13T17:49:40.916+0000] {logging_mixin.py:137} INFO - [2025-02-13T17:49:40.916+0000] {dag.py:3340} INFO - Setting next_dagrun for example_sla_dag to 2025-02-13T17:46:00+00:00, run_after=2025-02-13T17:48:00+00:00
[2025-02-13T17:49:40.946+0000] {processor.py:176} INFO - Processing /home/airflow/.local/lib/python3.7/site-packages/airflow/example_dags/example_sla_dag.py took 0.169 seconds
[2025-02-13T17:50:11.438+0000] {processor.py:154} INFO - Started process (PID=1192) to work on /home/airflow/.local/lib/python3.7/site-packages/airflow/example_dags/example_sla_dag.py
[2025-02-13T17:50:11.439+0000] {processor.py:756} INFO - Processing file /home/airflow/.local/lib/python3.7/site-packages/airflow/example_dags/example_sla_dag.py for tasks to queue
[2025-02-13T17:50:11.440+0000] {logging_mixin.py:137} INFO - [2025-02-13T17:50:11.440+0000] {dagbag.py:537} INFO - Filling up the DagBag from /home/airflow/.local/lib/python3.7/site-packages/airflow/example_dags/example_sla_dag.py
[2025-02-13T17:50:11.468+0000] {processor.py:766} INFO - DAG(s) dict_keys(['example_sla_dag']) retrieved from /home/airflow/.local/lib/python3.7/site-packages/airflow/example_dags/example_sla_dag.py
[2025-02-13T17:50:11.518+0000] {logging_mixin.py:137} INFO - [2025-02-13T17:50:11.517+0000] {dag.py:2585} INFO - Sync 1 DAGs
[2025-02-13T17:50:11.557+0000] {logging_mixin.py:137} INFO - [2025-02-13T17:50:11.557+0000] {dag.py:3340} INFO - Setting next_dagrun for example_sla_dag to 2025-02-13T17:48:00+00:00, run_after=2025-02-13T17:50:00+00:00
[2025-02-13T17:50:11.582+0000] {processor.py:176} INFO - Processing /home/airflow/.local/lib/python3.7/site-packages/airflow/example_dags/example_sla_dag.py took 0.149 seconds
[2025-02-13T17:50:42.139+0000] {processor.py:154} INFO - Started process (PID=1373) to work on /home/airflow/.local/lib/python3.7/site-packages/airflow/example_dags/example_sla_dag.py
[2025-02-13T17:50:42.140+0000] {processor.py:756} INFO - Processing file /home/airflow/.local/lib/python3.7/site-packages/airflow/example_dags/example_sla_dag.py for tasks to queue
[2025-02-13T17:50:42.141+0000] {logging_mixin.py:137} INFO - [2025-02-13T17:50:42.141+0000] {dagbag.py:537} INFO - Filling up the DagBag from /home/airflow/.local/lib/python3.7/site-packages/airflow/example_dags/example_sla_dag.py
[2025-02-13T17:50:42.190+0000] {processor.py:766} INFO - DAG(s) dict_keys(['example_sla_dag']) retrieved from /home/airflow/.local/lib/python3.7/site-packages/airflow/example_dags/example_sla_dag.py
[2025-02-13T17:50:42.254+0000] {logging_mixin.py:137} INFO - [2025-02-13T17:50:42.254+0000] {dag.py:2585} INFO - Sync 1 DAGs
[2025-02-13T17:50:42.295+0000] {logging_mixin.py:137} INFO - [2025-02-13T17:50:42.295+0000] {dag.py:3340} INFO - Setting next_dagrun for example_sla_dag to 2025-02-13T17:48:00+00:00, run_after=2025-02-13T17:50:00+00:00
[2025-02-13T17:50:42.321+0000] {processor.py:176} INFO - Processing /home/airflow/.local/lib/python3.7/site-packages/airflow/example_dags/example_sla_dag.py took 0.187 seconds
[2025-02-13T17:51:13.485+0000] {processor.py:154} INFO - Started process (PID=1554) to work on /home/airflow/.local/lib/python3.7/site-packages/airflow/example_dags/example_sla_dag.py
[2025-02-13T17:51:13.487+0000] {processor.py:756} INFO - Processing file /home/airflow/.local/lib/python3.7/site-packages/airflow/example_dags/example_sla_dag.py for tasks to queue
[2025-02-13T17:51:13.489+0000] {logging_mixin.py:137} INFO - [2025-02-13T17:51:13.488+0000] {dagbag.py:537} INFO - Filling up the DagBag from /home/airflow/.local/lib/python3.7/site-packages/airflow/example_dags/example_sla_dag.py
[2025-02-13T17:51:13.522+0000] {processor.py:766} INFO - DAG(s) dict_keys(['example_sla_dag']) retrieved from /home/airflow/.local/lib/python3.7/site-packages/airflow/example_dags/example_sla_dag.py
[2025-02-13T17:51:13.587+0000] {logging_mixin.py:137} INFO - [2025-02-13T17:51:13.587+0000] {dag.py:2585} INFO - Sync 1 DAGs
[2025-02-13T17:51:13.624+0000] {logging_mixin.py:137} INFO - [2025-02-13T17:51:13.624+0000] {dag.py:3340} INFO - Setting next_dagrun for example_sla_dag to 2025-02-13T17:48:00+00:00, run_after=2025-02-13T17:50:00+00:00
[2025-02-13T17:51:13.653+0000] {processor.py:176} INFO - Processing /home/airflow/.local/lib/python3.7/site-packages/airflow/example_dags/example_sla_dag.py took 0.174 seconds
[2025-02-13T17:51:44.146+0000] {processor.py:154} INFO - Started process (PID=1732) to work on /home/airflow/.local/lib/python3.7/site-packages/airflow/example_dags/example_sla_dag.py
[2025-02-13T17:51:44.148+0000] {processor.py:756} INFO - Processing file /home/airflow/.local/lib/python3.7/site-packages/airflow/example_dags/example_sla_dag.py for tasks to queue
[2025-02-13T17:51:44.151+0000] {logging_mixin.py:137} INFO - [2025-02-13T17:51:44.150+0000] {dagbag.py:537} INFO - Filling up the DagBag from /home/airflow/.local/lib/python3.7/site-packages/airflow/example_dags/example_sla_dag.py
[2025-02-13T17:51:44.190+0000] {processor.py:766} INFO - DAG(s) dict_keys(['example_sla_dag']) retrieved from /home/airflow/.local/lib/python3.7/site-packages/airflow/example_dags/example_sla_dag.py
[2025-02-13T17:51:44.268+0000] {logging_mixin.py:137} INFO - [2025-02-13T17:51:44.268+0000] {dag.py:2585} INFO - Sync 1 DAGs
[2025-02-13T17:51:44.320+0000] {logging_mixin.py:137} INFO - [2025-02-13T17:51:44.320+0000] {dag.py:3340} INFO - Setting next_dagrun for example_sla_dag to 2025-02-13T17:48:00+00:00, run_after=2025-02-13T17:50:00+00:00
[2025-02-13T17:51:44.374+0000] {processor.py:176} INFO - Processing /home/airflow/.local/lib/python3.7/site-packages/airflow/example_dags/example_sla_dag.py took 0.234 seconds
