[2025-02-13T17:24:15.373+0000] {processor.py:154} INFO - Started process (PID=162) to work on /home/airflow/.local/lib/python3.7/site-packages/airflow/example_dags/example_branch_labels.py
[2025-02-13T17:24:15.379+0000] {processor.py:756} INFO - Processing file /home/airflow/.local/lib/python3.7/site-packages/airflow/example_dags/example_branch_labels.py for tasks to queue
[2025-02-13T17:24:15.382+0000] {logging_mixin.py:137} INFO - [2025-02-13T17:24:15.381+0000] {dagbag.py:537} INFO - Filling up the DagBag from /home/airflow/.local/lib/python3.7/site-packages/airflow/example_dags/example_branch_labels.py
[2025-02-13T17:24:15.486+0000] {processor.py:766} INFO - DAG(s) dict_keys(['example_branch_labels']) retrieved from /home/airflow/.local/lib/python3.7/site-packages/airflow/example_dags/example_branch_labels.py
[2025-02-13T17:24:15.922+0000] {logging_mixin.py:137} INFO - [2025-02-13T17:24:15.922+0000] {dag.py:2585} INFO - Sync 1 DAGs
[2025-02-13T17:24:16.003+0000] {logging_mixin.py:137} INFO - [2025-02-13T17:24:16.003+0000] {dag.py:3340} INFO - Setting next_dagrun for example_branch_labels to 2025-02-12T00:00:00+00:00, run_after=2025-02-13T00:00:00+00:00
[2025-02-13T17:24:16.070+0000] {processor.py:176} INFO - Processing /home/airflow/.local/lib/python3.7/site-packages/airflow/example_dags/example_branch_labels.py took 0.707 seconds
[2025-02-13T17:25:17.869+0000] {processor.py:154} INFO - Started process (PID=162) to work on /home/airflow/.local/lib/python3.7/site-packages/airflow/example_dags/example_branch_labels.py
[2025-02-13T17:25:17.874+0000] {processor.py:756} INFO - Processing file /home/airflow/.local/lib/python3.7/site-packages/airflow/example_dags/example_branch_labels.py for tasks to queue
[2025-02-13T17:25:17.878+0000] {logging_mixin.py:137} INFO - [2025-02-13T17:25:17.877+0000] {dagbag.py:537} INFO - Filling up the DagBag from /home/airflow/.local/lib/python3.7/site-packages/airflow/example_dags/example_branch_labels.py
[2025-02-13T17:25:18.007+0000] {processor.py:766} INFO - DAG(s) dict_keys(['example_branch_labels']) retrieved from /home/airflow/.local/lib/python3.7/site-packages/airflow/example_dags/example_branch_labels.py
[2025-02-13T17:25:18.129+0000] {logging_mixin.py:137} INFO - [2025-02-13T17:25:18.127+0000] {dag.py:2585} INFO - Sync 1 DAGs
[2025-02-13T17:25:18.206+0000] {logging_mixin.py:137} INFO - [2025-02-13T17:25:18.205+0000] {dag.py:3340} INFO - Setting next_dagrun for example_branch_labels to 2025-02-12T00:00:00+00:00, run_after=2025-02-13T00:00:00+00:00
[2025-02-13T17:25:18.266+0000] {processor.py:176} INFO - Processing /home/airflow/.local/lib/python3.7/site-packages/airflow/example_dags/example_branch_labels.py took 0.412 seconds
[2025-02-13T17:25:48.540+0000] {processor.py:154} INFO - Started process (PID=343) to work on /home/airflow/.local/lib/python3.7/site-packages/airflow/example_dags/example_branch_labels.py
[2025-02-13T17:25:48.544+0000] {processor.py:756} INFO - Processing file /home/airflow/.local/lib/python3.7/site-packages/airflow/example_dags/example_branch_labels.py for tasks to queue
[2025-02-13T17:25:48.547+0000] {logging_mixin.py:137} INFO - [2025-02-13T17:25:48.547+0000] {dagbag.py:537} INFO - Filling up the DagBag from /home/airflow/.local/lib/python3.7/site-packages/airflow/example_dags/example_branch_labels.py
[2025-02-13T17:25:48.595+0000] {processor.py:766} INFO - DAG(s) dict_keys(['example_branch_labels']) retrieved from /home/airflow/.local/lib/python3.7/site-packages/airflow/example_dags/example_branch_labels.py
[2025-02-13T17:25:48.772+0000] {logging_mixin.py:137} INFO - [2025-02-13T17:25:48.771+0000] {dag.py:2585} INFO - Sync 1 DAGs
[2025-02-13T17:25:48.853+0000] {logging_mixin.py:137} INFO - [2025-02-13T17:25:48.853+0000] {dag.py:3340} INFO - Setting next_dagrun for example_branch_labels to 2025-02-12T00:00:00+00:00, run_after=2025-02-13T00:00:00+00:00
[2025-02-13T17:25:48.911+0000] {processor.py:176} INFO - Processing /home/airflow/.local/lib/python3.7/site-packages/airflow/example_dags/example_branch_labels.py took 0.400 seconds
[2025-02-13T17:26:19.067+0000] {processor.py:154} INFO - Started process (PID=524) to work on /home/airflow/.local/lib/python3.7/site-packages/airflow/example_dags/example_branch_labels.py
[2025-02-13T17:26:19.070+0000] {processor.py:756} INFO - Processing file /home/airflow/.local/lib/python3.7/site-packages/airflow/example_dags/example_branch_labels.py for tasks to queue
[2025-02-13T17:26:19.072+0000] {logging_mixin.py:137} INFO - [2025-02-13T17:26:19.071+0000] {dagbag.py:537} INFO - Filling up the DagBag from /home/airflow/.local/lib/python3.7/site-packages/airflow/example_dags/example_branch_labels.py
[2025-02-13T17:26:19.114+0000] {processor.py:766} INFO - DAG(s) dict_keys(['example_branch_labels']) retrieved from /home/airflow/.local/lib/python3.7/site-packages/airflow/example_dags/example_branch_labels.py
[2025-02-13T17:26:19.220+0000] {logging_mixin.py:137} INFO - [2025-02-13T17:26:19.220+0000] {dag.py:2585} INFO - Sync 1 DAGs
[2025-02-13T17:26:19.284+0000] {logging_mixin.py:137} INFO - [2025-02-13T17:26:19.283+0000] {dag.py:3340} INFO - Setting next_dagrun for example_branch_labels to 2025-02-12T00:00:00+00:00, run_after=2025-02-13T00:00:00+00:00
[2025-02-13T17:26:19.354+0000] {processor.py:176} INFO - Processing /home/airflow/.local/lib/python3.7/site-packages/airflow/example_dags/example_branch_labels.py took 0.295 seconds
[2025-02-13T17:26:50.260+0000] {processor.py:154} INFO - Started process (PID=704) to work on /home/airflow/.local/lib/python3.7/site-packages/airflow/example_dags/example_branch_labels.py
[2025-02-13T17:26:50.265+0000] {processor.py:756} INFO - Processing file /home/airflow/.local/lib/python3.7/site-packages/airflow/example_dags/example_branch_labels.py for tasks to queue
[2025-02-13T17:26:50.273+0000] {logging_mixin.py:137} INFO - [2025-02-13T17:26:50.271+0000] {dagbag.py:537} INFO - Filling up the DagBag from /home/airflow/.local/lib/python3.7/site-packages/airflow/example_dags/example_branch_labels.py
[2025-02-13T17:26:50.330+0000] {processor.py:766} INFO - DAG(s) dict_keys(['example_branch_labels']) retrieved from /home/airflow/.local/lib/python3.7/site-packages/airflow/example_dags/example_branch_labels.py
[2025-02-13T17:26:50.397+0000] {logging_mixin.py:137} INFO - [2025-02-13T17:26:50.397+0000] {dag.py:2585} INFO - Sync 1 DAGs
[2025-02-13T17:26:50.451+0000] {logging_mixin.py:137} INFO - [2025-02-13T17:26:50.451+0000] {dag.py:3340} INFO - Setting next_dagrun for example_branch_labels to 2025-02-12T00:00:00+00:00, run_after=2025-02-13T00:00:00+00:00
[2025-02-13T17:26:50.506+0000] {processor.py:176} INFO - Processing /home/airflow/.local/lib/python3.7/site-packages/airflow/example_dags/example_branch_labels.py took 0.255 seconds
[2025-02-13T17:27:20.948+0000] {processor.py:154} INFO - Started process (PID=884) to work on /home/airflow/.local/lib/python3.7/site-packages/airflow/example_dags/example_branch_labels.py
[2025-02-13T17:27:20.951+0000] {processor.py:756} INFO - Processing file /home/airflow/.local/lib/python3.7/site-packages/airflow/example_dags/example_branch_labels.py for tasks to queue
[2025-02-13T17:27:20.954+0000] {logging_mixin.py:137} INFO - [2025-02-13T17:27:20.954+0000] {dagbag.py:537} INFO - Filling up the DagBag from /home/airflow/.local/lib/python3.7/site-packages/airflow/example_dags/example_branch_labels.py
[2025-02-13T17:27:20.982+0000] {processor.py:766} INFO - DAG(s) dict_keys(['example_branch_labels']) retrieved from /home/airflow/.local/lib/python3.7/site-packages/airflow/example_dags/example_branch_labels.py
[2025-02-13T17:27:21.039+0000] {logging_mixin.py:137} INFO - [2025-02-13T17:27:21.039+0000] {dag.py:2585} INFO - Sync 1 DAGs
[2025-02-13T17:27:21.163+0000] {logging_mixin.py:137} INFO - [2025-02-13T17:27:21.163+0000] {dag.py:3340} INFO - Setting next_dagrun for example_branch_labels to 2025-02-12T00:00:00+00:00, run_after=2025-02-13T00:00:00+00:00
[2025-02-13T17:27:21.253+0000] {processor.py:176} INFO - Processing /home/airflow/.local/lib/python3.7/site-packages/airflow/example_dags/example_branch_labels.py took 0.310 seconds
[2025-02-13T17:27:51.520+0000] {processor.py:154} INFO - Started process (PID=1064) to work on /home/airflow/.local/lib/python3.7/site-packages/airflow/example_dags/example_branch_labels.py
[2025-02-13T17:27:51.523+0000] {processor.py:756} INFO - Processing file /home/airflow/.local/lib/python3.7/site-packages/airflow/example_dags/example_branch_labels.py for tasks to queue
[2025-02-13T17:27:51.525+0000] {logging_mixin.py:137} INFO - [2025-02-13T17:27:51.525+0000] {dagbag.py:537} INFO - Filling up the DagBag from /home/airflow/.local/lib/python3.7/site-packages/airflow/example_dags/example_branch_labels.py
[2025-02-13T17:27:51.561+0000] {processor.py:766} INFO - DAG(s) dict_keys(['example_branch_labels']) retrieved from /home/airflow/.local/lib/python3.7/site-packages/airflow/example_dags/example_branch_labels.py
[2025-02-13T17:27:51.620+0000] {logging_mixin.py:137} INFO - [2025-02-13T17:27:51.619+0000] {dag.py:2585} INFO - Sync 1 DAGs
[2025-02-13T17:27:51.677+0000] {logging_mixin.py:137} INFO - [2025-02-13T17:27:51.677+0000] {dag.py:3340} INFO - Setting next_dagrun for example_branch_labels to 2025-02-12T00:00:00+00:00, run_after=2025-02-13T00:00:00+00:00
[2025-02-13T17:27:51.725+0000] {processor.py:176} INFO - Processing /home/airflow/.local/lib/python3.7/site-packages/airflow/example_dags/example_branch_labels.py took 0.212 seconds
[2025-02-13T17:28:22.509+0000] {processor.py:154} INFO - Started process (PID=1244) to work on /home/airflow/.local/lib/python3.7/site-packages/airflow/example_dags/example_branch_labels.py
[2025-02-13T17:28:22.513+0000] {processor.py:756} INFO - Processing file /home/airflow/.local/lib/python3.7/site-packages/airflow/example_dags/example_branch_labels.py for tasks to queue
[2025-02-13T17:28:22.521+0000] {logging_mixin.py:137} INFO - [2025-02-13T17:28:22.520+0000] {dagbag.py:537} INFO - Filling up the DagBag from /home/airflow/.local/lib/python3.7/site-packages/airflow/example_dags/example_branch_labels.py
[2025-02-13T17:28:22.592+0000] {processor.py:766} INFO - DAG(s) dict_keys(['example_branch_labels']) retrieved from /home/airflow/.local/lib/python3.7/site-packages/airflow/example_dags/example_branch_labels.py
[2025-02-13T17:28:22.697+0000] {logging_mixin.py:137} INFO - [2025-02-13T17:28:22.696+0000] {dag.py:2585} INFO - Sync 1 DAGs
[2025-02-13T17:28:22.789+0000] {logging_mixin.py:137} INFO - [2025-02-13T17:28:22.788+0000] {dag.py:3340} INFO - Setting next_dagrun for example_branch_labels to 2025-02-12T00:00:00+00:00, run_after=2025-02-13T00:00:00+00:00
[2025-02-13T17:28:22.865+0000] {processor.py:176} INFO - Processing /home/airflow/.local/lib/python3.7/site-packages/airflow/example_dags/example_branch_labels.py took 0.363 seconds
[2025-02-13T17:28:53.108+0000] {processor.py:154} INFO - Started process (PID=1424) to work on /home/airflow/.local/lib/python3.7/site-packages/airflow/example_dags/example_branch_labels.py
[2025-02-13T17:28:53.112+0000] {processor.py:756} INFO - Processing file /home/airflow/.local/lib/python3.7/site-packages/airflow/example_dags/example_branch_labels.py for tasks to queue
[2025-02-13T17:28:53.117+0000] {logging_mixin.py:137} INFO - [2025-02-13T17:28:53.116+0000] {dagbag.py:537} INFO - Filling up the DagBag from /home/airflow/.local/lib/python3.7/site-packages/airflow/example_dags/example_branch_labels.py
[2025-02-13T17:28:53.153+0000] {processor.py:766} INFO - DAG(s) dict_keys(['example_branch_labels']) retrieved from /home/airflow/.local/lib/python3.7/site-packages/airflow/example_dags/example_branch_labels.py
[2025-02-13T17:28:53.208+0000] {logging_mixin.py:137} INFO - [2025-02-13T17:28:53.207+0000] {dag.py:2585} INFO - Sync 1 DAGs
[2025-02-13T17:28:53.282+0000] {logging_mixin.py:137} INFO - [2025-02-13T17:28:53.281+0000] {dag.py:3340} INFO - Setting next_dagrun for example_branch_labels to 2025-02-12T00:00:00+00:00, run_after=2025-02-13T00:00:00+00:00
[2025-02-13T17:28:53.333+0000] {processor.py:176} INFO - Processing /home/airflow/.local/lib/python3.7/site-packages/airflow/example_dags/example_branch_labels.py took 0.233 seconds
[2025-02-13T17:29:23.900+0000] {processor.py:154} INFO - Started process (PID=1604) to work on /home/airflow/.local/lib/python3.7/site-packages/airflow/example_dags/example_branch_labels.py
[2025-02-13T17:29:23.902+0000] {processor.py:756} INFO - Processing file /home/airflow/.local/lib/python3.7/site-packages/airflow/example_dags/example_branch_labels.py for tasks to queue
[2025-02-13T17:29:23.904+0000] {logging_mixin.py:137} INFO - [2025-02-13T17:29:23.904+0000] {dagbag.py:537} INFO - Filling up the DagBag from /home/airflow/.local/lib/python3.7/site-packages/airflow/example_dags/example_branch_labels.py
[2025-02-13T17:29:23.935+0000] {processor.py:766} INFO - DAG(s) dict_keys(['example_branch_labels']) retrieved from /home/airflow/.local/lib/python3.7/site-packages/airflow/example_dags/example_branch_labels.py
[2025-02-13T17:29:23.993+0000] {logging_mixin.py:137} INFO - [2025-02-13T17:29:23.992+0000] {dag.py:2585} INFO - Sync 1 DAGs
[2025-02-13T17:29:24.074+0000] {logging_mixin.py:137} INFO - [2025-02-13T17:29:24.073+0000] {dag.py:3340} INFO - Setting next_dagrun for example_branch_labels to 2025-02-12T00:00:00+00:00, run_after=2025-02-13T00:00:00+00:00
[2025-02-13T17:29:24.123+0000] {processor.py:176} INFO - Processing /home/airflow/.local/lib/python3.7/site-packages/airflow/example_dags/example_branch_labels.py took 0.230 seconds
[2025-02-13T17:29:54.378+0000] {processor.py:154} INFO - Started process (PID=1784) to work on /home/airflow/.local/lib/python3.7/site-packages/airflow/example_dags/example_branch_labels.py
[2025-02-13T17:29:54.380+0000] {processor.py:756} INFO - Processing file /home/airflow/.local/lib/python3.7/site-packages/airflow/example_dags/example_branch_labels.py for tasks to queue
[2025-02-13T17:29:54.383+0000] {logging_mixin.py:137} INFO - [2025-02-13T17:29:54.383+0000] {dagbag.py:537} INFO - Filling up the DagBag from /home/airflow/.local/lib/python3.7/site-packages/airflow/example_dags/example_branch_labels.py
[2025-02-13T17:29:54.415+0000] {processor.py:766} INFO - DAG(s) dict_keys(['example_branch_labels']) retrieved from /home/airflow/.local/lib/python3.7/site-packages/airflow/example_dags/example_branch_labels.py
[2025-02-13T17:29:54.485+0000] {logging_mixin.py:137} INFO - [2025-02-13T17:29:54.484+0000] {dag.py:2585} INFO - Sync 1 DAGs
[2025-02-13T17:29:54.562+0000] {logging_mixin.py:137} INFO - [2025-02-13T17:29:54.561+0000] {dag.py:3340} INFO - Setting next_dagrun for example_branch_labels to 2025-02-12T00:00:00+00:00, run_after=2025-02-13T00:00:00+00:00
[2025-02-13T17:29:54.622+0000] {processor.py:176} INFO - Processing /home/airflow/.local/lib/python3.7/site-packages/airflow/example_dags/example_branch_labels.py took 0.253 seconds
[2025-02-13T17:30:24.801+0000] {processor.py:154} INFO - Started process (PID=1964) to work on /home/airflow/.local/lib/python3.7/site-packages/airflow/example_dags/example_branch_labels.py
[2025-02-13T17:30:24.804+0000] {processor.py:756} INFO - Processing file /home/airflow/.local/lib/python3.7/site-packages/airflow/example_dags/example_branch_labels.py for tasks to queue
[2025-02-13T17:30:24.808+0000] {logging_mixin.py:137} INFO - [2025-02-13T17:30:24.807+0000] {dagbag.py:537} INFO - Filling up the DagBag from /home/airflow/.local/lib/python3.7/site-packages/airflow/example_dags/example_branch_labels.py
[2025-02-13T17:30:24.846+0000] {processor.py:766} INFO - DAG(s) dict_keys(['example_branch_labels']) retrieved from /home/airflow/.local/lib/python3.7/site-packages/airflow/example_dags/example_branch_labels.py
[2025-02-13T17:30:24.915+0000] {logging_mixin.py:137} INFO - [2025-02-13T17:30:24.914+0000] {dag.py:2585} INFO - Sync 1 DAGs
[2025-02-13T17:30:24.990+0000] {logging_mixin.py:137} INFO - [2025-02-13T17:30:24.990+0000] {dag.py:3340} INFO - Setting next_dagrun for example_branch_labels to 2025-02-12T00:00:00+00:00, run_after=2025-02-13T00:00:00+00:00
[2025-02-13T17:30:25.051+0000] {processor.py:176} INFO - Processing /home/airflow/.local/lib/python3.7/site-packages/airflow/example_dags/example_branch_labels.py took 0.261 seconds
[2025-02-13T17:30:55.190+0000] {processor.py:154} INFO - Started process (PID=2144) to work on /home/airflow/.local/lib/python3.7/site-packages/airflow/example_dags/example_branch_labels.py
[2025-02-13T17:30:55.193+0000] {processor.py:756} INFO - Processing file /home/airflow/.local/lib/python3.7/site-packages/airflow/example_dags/example_branch_labels.py for tasks to queue
[2025-02-13T17:30:55.196+0000] {logging_mixin.py:137} INFO - [2025-02-13T17:30:55.196+0000] {dagbag.py:537} INFO - Filling up the DagBag from /home/airflow/.local/lib/python3.7/site-packages/airflow/example_dags/example_branch_labels.py
[2025-02-13T17:30:55.239+0000] {processor.py:766} INFO - DAG(s) dict_keys(['example_branch_labels']) retrieved from /home/airflow/.local/lib/python3.7/site-packages/airflow/example_dags/example_branch_labels.py
[2025-02-13T17:30:55.365+0000] {logging_mixin.py:137} INFO - [2025-02-13T17:30:55.365+0000] {dag.py:2585} INFO - Sync 1 DAGs
[2025-02-13T17:30:55.473+0000] {logging_mixin.py:137} INFO - [2025-02-13T17:30:55.472+0000] {dag.py:3340} INFO - Setting next_dagrun for example_branch_labels to 2025-02-12T00:00:00+00:00, run_after=2025-02-13T00:00:00+00:00
[2025-02-13T17:30:55.550+0000] {processor.py:176} INFO - Processing /home/airflow/.local/lib/python3.7/site-packages/airflow/example_dags/example_branch_labels.py took 0.370 seconds
[2025-02-13T17:31:26.180+0000] {processor.py:154} INFO - Started process (PID=2324) to work on /home/airflow/.local/lib/python3.7/site-packages/airflow/example_dags/example_branch_labels.py
[2025-02-13T17:31:26.183+0000] {processor.py:756} INFO - Processing file /home/airflow/.local/lib/python3.7/site-packages/airflow/example_dags/example_branch_labels.py for tasks to queue
[2025-02-13T17:31:26.185+0000] {logging_mixin.py:137} INFO - [2025-02-13T17:31:26.185+0000] {dagbag.py:537} INFO - Filling up the DagBag from /home/airflow/.local/lib/python3.7/site-packages/airflow/example_dags/example_branch_labels.py
[2025-02-13T17:31:26.231+0000] {processor.py:766} INFO - DAG(s) dict_keys(['example_branch_labels']) retrieved from /home/airflow/.local/lib/python3.7/site-packages/airflow/example_dags/example_branch_labels.py
[2025-02-13T17:31:26.339+0000] {logging_mixin.py:137} INFO - [2025-02-13T17:31:26.338+0000] {dag.py:2585} INFO - Sync 1 DAGs
[2025-02-13T17:31:26.414+0000] {logging_mixin.py:137} INFO - [2025-02-13T17:31:26.413+0000] {dag.py:3340} INFO - Setting next_dagrun for example_branch_labels to 2025-02-12T00:00:00+00:00, run_after=2025-02-13T00:00:00+00:00
[2025-02-13T17:31:26.479+0000] {processor.py:176} INFO - Processing /home/airflow/.local/lib/python3.7/site-packages/airflow/example_dags/example_branch_labels.py took 0.314 seconds
[2025-02-13T17:31:56.783+0000] {processor.py:154} INFO - Started process (PID=2504) to work on /home/airflow/.local/lib/python3.7/site-packages/airflow/example_dags/example_branch_labels.py
[2025-02-13T17:31:56.785+0000] {processor.py:756} INFO - Processing file /home/airflow/.local/lib/python3.7/site-packages/airflow/example_dags/example_branch_labels.py for tasks to queue
[2025-02-13T17:31:56.788+0000] {logging_mixin.py:137} INFO - [2025-02-13T17:31:56.788+0000] {dagbag.py:537} INFO - Filling up the DagBag from /home/airflow/.local/lib/python3.7/site-packages/airflow/example_dags/example_branch_labels.py
[2025-02-13T17:31:56.814+0000] {processor.py:766} INFO - DAG(s) dict_keys(['example_branch_labels']) retrieved from /home/airflow/.local/lib/python3.7/site-packages/airflow/example_dags/example_branch_labels.py
[2025-02-13T17:31:56.892+0000] {logging_mixin.py:137} INFO - [2025-02-13T17:31:56.891+0000] {dag.py:2585} INFO - Sync 1 DAGs
[2025-02-13T17:31:56.954+0000] {logging_mixin.py:137} INFO - [2025-02-13T17:31:56.953+0000] {dag.py:3340} INFO - Setting next_dagrun for example_branch_labels to 2025-02-12T00:00:00+00:00, run_after=2025-02-13T00:00:00+00:00
[2025-02-13T17:31:57.018+0000] {processor.py:176} INFO - Processing /home/airflow/.local/lib/python3.7/site-packages/airflow/example_dags/example_branch_labels.py took 0.240 seconds
[2025-02-13T17:32:27.130+0000] {processor.py:154} INFO - Started process (PID=2684) to work on /home/airflow/.local/lib/python3.7/site-packages/airflow/example_dags/example_branch_labels.py
[2025-02-13T17:32:27.134+0000] {processor.py:756} INFO - Processing file /home/airflow/.local/lib/python3.7/site-packages/airflow/example_dags/example_branch_labels.py for tasks to queue
[2025-02-13T17:32:27.136+0000] {logging_mixin.py:137} INFO - [2025-02-13T17:32:27.136+0000] {dagbag.py:537} INFO - Filling up the DagBag from /home/airflow/.local/lib/python3.7/site-packages/airflow/example_dags/example_branch_labels.py
[2025-02-13T17:32:27.168+0000] {processor.py:766} INFO - DAG(s) dict_keys(['example_branch_labels']) retrieved from /home/airflow/.local/lib/python3.7/site-packages/airflow/example_dags/example_branch_labels.py
[2025-02-13T17:32:27.256+0000] {logging_mixin.py:137} INFO - [2025-02-13T17:32:27.256+0000] {dag.py:2585} INFO - Sync 1 DAGs
[2025-02-13T17:32:27.325+0000] {logging_mixin.py:137} INFO - [2025-02-13T17:32:27.325+0000] {dag.py:3340} INFO - Setting next_dagrun for example_branch_labels to 2025-02-12T00:00:00+00:00, run_after=2025-02-13T00:00:00+00:00
[2025-02-13T17:32:27.385+0000] {processor.py:176} INFO - Processing /home/airflow/.local/lib/python3.7/site-packages/airflow/example_dags/example_branch_labels.py took 0.261 seconds
[2025-02-13T17:32:57.588+0000] {processor.py:154} INFO - Started process (PID=2864) to work on /home/airflow/.local/lib/python3.7/site-packages/airflow/example_dags/example_branch_labels.py
[2025-02-13T17:32:57.592+0000] {processor.py:756} INFO - Processing file /home/airflow/.local/lib/python3.7/site-packages/airflow/example_dags/example_branch_labels.py for tasks to queue
[2025-02-13T17:32:57.595+0000] {logging_mixin.py:137} INFO - [2025-02-13T17:32:57.594+0000] {dagbag.py:537} INFO - Filling up the DagBag from /home/airflow/.local/lib/python3.7/site-packages/airflow/example_dags/example_branch_labels.py
[2025-02-13T17:32:57.653+0000] {processor.py:766} INFO - DAG(s) dict_keys(['example_branch_labels']) retrieved from /home/airflow/.local/lib/python3.7/site-packages/airflow/example_dags/example_branch_labels.py
[2025-02-13T17:32:57.719+0000] {logging_mixin.py:137} INFO - [2025-02-13T17:32:57.719+0000] {dag.py:2585} INFO - Sync 1 DAGs
[2025-02-13T17:32:57.787+0000] {logging_mixin.py:137} INFO - [2025-02-13T17:32:57.786+0000] {dag.py:3340} INFO - Setting next_dagrun for example_branch_labels to 2025-02-12T00:00:00+00:00, run_after=2025-02-13T00:00:00+00:00
[2025-02-13T17:32:57.846+0000] {processor.py:176} INFO - Processing /home/airflow/.local/lib/python3.7/site-packages/airflow/example_dags/example_branch_labels.py took 0.272 seconds
[2025-02-13T17:33:28.662+0000] {processor.py:154} INFO - Started process (PID=3044) to work on /home/airflow/.local/lib/python3.7/site-packages/airflow/example_dags/example_branch_labels.py
[2025-02-13T17:33:28.664+0000] {processor.py:756} INFO - Processing file /home/airflow/.local/lib/python3.7/site-packages/airflow/example_dags/example_branch_labels.py for tasks to queue
[2025-02-13T17:33:28.666+0000] {logging_mixin.py:137} INFO - [2025-02-13T17:33:28.666+0000] {dagbag.py:537} INFO - Filling up the DagBag from /home/airflow/.local/lib/python3.7/site-packages/airflow/example_dags/example_branch_labels.py
[2025-02-13T17:33:28.694+0000] {processor.py:766} INFO - DAG(s) dict_keys(['example_branch_labels']) retrieved from /home/airflow/.local/lib/python3.7/site-packages/airflow/example_dags/example_branch_labels.py
[2025-02-13T17:33:28.776+0000] {logging_mixin.py:137} INFO - [2025-02-13T17:33:28.776+0000] {dag.py:2585} INFO - Sync 1 DAGs
[2025-02-13T17:33:28.831+0000] {logging_mixin.py:137} INFO - [2025-02-13T17:33:28.830+0000] {dag.py:3340} INFO - Setting next_dagrun for example_branch_labels to 2025-02-12T00:00:00+00:00, run_after=2025-02-13T00:00:00+00:00
[2025-02-13T17:33:28.871+0000] {processor.py:176} INFO - Processing /home/airflow/.local/lib/python3.7/site-packages/airflow/example_dags/example_branch_labels.py took 0.215 seconds
[2025-02-13T17:33:59.052+0000] {processor.py:154} INFO - Started process (PID=3224) to work on /home/airflow/.local/lib/python3.7/site-packages/airflow/example_dags/example_branch_labels.py
[2025-02-13T17:33:59.054+0000] {processor.py:756} INFO - Processing file /home/airflow/.local/lib/python3.7/site-packages/airflow/example_dags/example_branch_labels.py for tasks to queue
[2025-02-13T17:33:59.056+0000] {logging_mixin.py:137} INFO - [2025-02-13T17:33:59.056+0000] {dagbag.py:537} INFO - Filling up the DagBag from /home/airflow/.local/lib/python3.7/site-packages/airflow/example_dags/example_branch_labels.py
[2025-02-13T17:33:59.082+0000] {processor.py:766} INFO - DAG(s) dict_keys(['example_branch_labels']) retrieved from /home/airflow/.local/lib/python3.7/site-packages/airflow/example_dags/example_branch_labels.py
[2025-02-13T17:33:59.178+0000] {logging_mixin.py:137} INFO - [2025-02-13T17:33:59.178+0000] {dag.py:2585} INFO - Sync 1 DAGs
[2025-02-13T17:33:59.236+0000] {logging_mixin.py:137} INFO - [2025-02-13T17:33:59.236+0000] {dag.py:3340} INFO - Setting next_dagrun for example_branch_labels to 2025-02-12T00:00:00+00:00, run_after=2025-02-13T00:00:00+00:00
[2025-02-13T17:33:59.280+0000] {processor.py:176} INFO - Processing /home/airflow/.local/lib/python3.7/site-packages/airflow/example_dags/example_branch_labels.py took 0.235 seconds
[2025-02-13T17:34:30.188+0000] {processor.py:154} INFO - Started process (PID=3404) to work on /home/airflow/.local/lib/python3.7/site-packages/airflow/example_dags/example_branch_labels.py
[2025-02-13T17:34:30.190+0000] {processor.py:756} INFO - Processing file /home/airflow/.local/lib/python3.7/site-packages/airflow/example_dags/example_branch_labels.py for tasks to queue
[2025-02-13T17:34:30.192+0000] {logging_mixin.py:137} INFO - [2025-02-13T17:34:30.192+0000] {dagbag.py:537} INFO - Filling up the DagBag from /home/airflow/.local/lib/python3.7/site-packages/airflow/example_dags/example_branch_labels.py
[2025-02-13T17:34:30.218+0000] {processor.py:766} INFO - DAG(s) dict_keys(['example_branch_labels']) retrieved from /home/airflow/.local/lib/python3.7/site-packages/airflow/example_dags/example_branch_labels.py
[2025-02-13T17:34:30.301+0000] {logging_mixin.py:137} INFO - [2025-02-13T17:34:30.301+0000] {dag.py:2585} INFO - Sync 1 DAGs
[2025-02-13T17:34:30.353+0000] {logging_mixin.py:137} INFO - [2025-02-13T17:34:30.353+0000] {dag.py:3340} INFO - Setting next_dagrun for example_branch_labels to 2025-02-12T00:00:00+00:00, run_after=2025-02-13T00:00:00+00:00
[2025-02-13T17:34:30.418+0000] {processor.py:176} INFO - Processing /home/airflow/.local/lib/python3.7/site-packages/airflow/example_dags/example_branch_labels.py took 0.236 seconds
[2025-02-13T17:35:00.900+0000] {processor.py:154} INFO - Started process (PID=3584) to work on /home/airflow/.local/lib/python3.7/site-packages/airflow/example_dags/example_branch_labels.py
[2025-02-13T17:35:00.902+0000] {processor.py:756} INFO - Processing file /home/airflow/.local/lib/python3.7/site-packages/airflow/example_dags/example_branch_labels.py for tasks to queue
[2025-02-13T17:35:00.904+0000] {logging_mixin.py:137} INFO - [2025-02-13T17:35:00.904+0000] {dagbag.py:537} INFO - Filling up the DagBag from /home/airflow/.local/lib/python3.7/site-packages/airflow/example_dags/example_branch_labels.py
[2025-02-13T17:35:00.941+0000] {processor.py:766} INFO - DAG(s) dict_keys(['example_branch_labels']) retrieved from /home/airflow/.local/lib/python3.7/site-packages/airflow/example_dags/example_branch_labels.py
[2025-02-13T17:35:01.021+0000] {logging_mixin.py:137} INFO - [2025-02-13T17:35:01.020+0000] {dag.py:2585} INFO - Sync 1 DAGs
[2025-02-13T17:35:01.079+0000] {logging_mixin.py:137} INFO - [2025-02-13T17:35:01.079+0000] {dag.py:3340} INFO - Setting next_dagrun for example_branch_labels to 2025-02-12T00:00:00+00:00, run_after=2025-02-13T00:00:00+00:00
[2025-02-13T17:35:01.124+0000] {processor.py:176} INFO - Processing /home/airflow/.local/lib/python3.7/site-packages/airflow/example_dags/example_branch_labels.py took 0.238 seconds
[2025-02-13T17:35:31.458+0000] {processor.py:154} INFO - Started process (PID=3764) to work on /home/airflow/.local/lib/python3.7/site-packages/airflow/example_dags/example_branch_labels.py
[2025-02-13T17:35:31.460+0000] {processor.py:756} INFO - Processing file /home/airflow/.local/lib/python3.7/site-packages/airflow/example_dags/example_branch_labels.py for tasks to queue
[2025-02-13T17:35:31.464+0000] {logging_mixin.py:137} INFO - [2025-02-13T17:35:31.464+0000] {dagbag.py:537} INFO - Filling up the DagBag from /home/airflow/.local/lib/python3.7/site-packages/airflow/example_dags/example_branch_labels.py
[2025-02-13T17:35:31.492+0000] {processor.py:766} INFO - DAG(s) dict_keys(['example_branch_labels']) retrieved from /home/airflow/.local/lib/python3.7/site-packages/airflow/example_dags/example_branch_labels.py
[2025-02-13T17:35:31.565+0000] {logging_mixin.py:137} INFO - [2025-02-13T17:35:31.564+0000] {dag.py:2585} INFO - Sync 1 DAGs
[2025-02-13T17:35:31.611+0000] {logging_mixin.py:137} INFO - [2025-02-13T17:35:31.610+0000] {dag.py:3340} INFO - Setting next_dagrun for example_branch_labels to 2025-02-12T00:00:00+00:00, run_after=2025-02-13T00:00:00+00:00
[2025-02-13T17:35:31.662+0000] {processor.py:176} INFO - Processing /home/airflow/.local/lib/python3.7/site-packages/airflow/example_dags/example_branch_labels.py took 0.208 seconds
[2025-02-13T17:36:01.891+0000] {processor.py:154} INFO - Started process (PID=3944) to work on /home/airflow/.local/lib/python3.7/site-packages/airflow/example_dags/example_branch_labels.py
[2025-02-13T17:36:01.893+0000] {processor.py:756} INFO - Processing file /home/airflow/.local/lib/python3.7/site-packages/airflow/example_dags/example_branch_labels.py for tasks to queue
[2025-02-13T17:36:01.895+0000] {logging_mixin.py:137} INFO - [2025-02-13T17:36:01.894+0000] {dagbag.py:537} INFO - Filling up the DagBag from /home/airflow/.local/lib/python3.7/site-packages/airflow/example_dags/example_branch_labels.py
[2025-02-13T17:36:01.922+0000] {processor.py:766} INFO - DAG(s) dict_keys(['example_branch_labels']) retrieved from /home/airflow/.local/lib/python3.7/site-packages/airflow/example_dags/example_branch_labels.py
[2025-02-13T17:36:02.014+0000] {logging_mixin.py:137} INFO - [2025-02-13T17:36:02.014+0000] {dag.py:2585} INFO - Sync 1 DAGs
[2025-02-13T17:36:02.080+0000] {logging_mixin.py:137} INFO - [2025-02-13T17:36:02.079+0000] {dag.py:3340} INFO - Setting next_dagrun for example_branch_labels to 2025-02-12T00:00:00+00:00, run_after=2025-02-13T00:00:00+00:00
[2025-02-13T17:36:02.120+0000] {processor.py:176} INFO - Processing /home/airflow/.local/lib/python3.7/site-packages/airflow/example_dags/example_branch_labels.py took 0.234 seconds
[2025-02-13T17:36:32.339+0000] {processor.py:154} INFO - Started process (PID=4124) to work on /home/airflow/.local/lib/python3.7/site-packages/airflow/example_dags/example_branch_labels.py
[2025-02-13T17:36:32.342+0000] {processor.py:756} INFO - Processing file /home/airflow/.local/lib/python3.7/site-packages/airflow/example_dags/example_branch_labels.py for tasks to queue
[2025-02-13T17:36:32.344+0000] {logging_mixin.py:137} INFO - [2025-02-13T17:36:32.344+0000] {dagbag.py:537} INFO - Filling up the DagBag from /home/airflow/.local/lib/python3.7/site-packages/airflow/example_dags/example_branch_labels.py
[2025-02-13T17:36:32.376+0000] {processor.py:766} INFO - DAG(s) dict_keys(['example_branch_labels']) retrieved from /home/airflow/.local/lib/python3.7/site-packages/airflow/example_dags/example_branch_labels.py
[2025-02-13T17:36:32.472+0000] {logging_mixin.py:137} INFO - [2025-02-13T17:36:32.471+0000] {dag.py:2585} INFO - Sync 1 DAGs
[2025-02-13T17:36:32.545+0000] {logging_mixin.py:137} INFO - [2025-02-13T17:36:32.545+0000] {dag.py:3340} INFO - Setting next_dagrun for example_branch_labels to 2025-02-12T00:00:00+00:00, run_after=2025-02-13T00:00:00+00:00
[2025-02-13T17:36:32.589+0000] {processor.py:176} INFO - Processing /home/airflow/.local/lib/python3.7/site-packages/airflow/example_dags/example_branch_labels.py took 0.257 seconds
[2025-02-13T17:37:02.734+0000] {processor.py:154} INFO - Started process (PID=4304) to work on /home/airflow/.local/lib/python3.7/site-packages/airflow/example_dags/example_branch_labels.py
[2025-02-13T17:37:02.736+0000] {processor.py:756} INFO - Processing file /home/airflow/.local/lib/python3.7/site-packages/airflow/example_dags/example_branch_labels.py for tasks to queue
[2025-02-13T17:37:02.739+0000] {logging_mixin.py:137} INFO - [2025-02-13T17:37:02.738+0000] {dagbag.py:537} INFO - Filling up the DagBag from /home/airflow/.local/lib/python3.7/site-packages/airflow/example_dags/example_branch_labels.py
[2025-02-13T17:37:02.766+0000] {processor.py:766} INFO - DAG(s) dict_keys(['example_branch_labels']) retrieved from /home/airflow/.local/lib/python3.7/site-packages/airflow/example_dags/example_branch_labels.py
[2025-02-13T17:37:02.841+0000] {logging_mixin.py:137} INFO - [2025-02-13T17:37:02.841+0000] {dag.py:2585} INFO - Sync 1 DAGs
[2025-02-13T17:37:02.911+0000] {logging_mixin.py:137} INFO - [2025-02-13T17:37:02.911+0000] {dag.py:3340} INFO - Setting next_dagrun for example_branch_labels to 2025-02-12T00:00:00+00:00, run_after=2025-02-13T00:00:00+00:00
[2025-02-13T17:37:03.015+0000] {processor.py:176} INFO - Processing /home/airflow/.local/lib/python3.7/site-packages/airflow/example_dags/example_branch_labels.py took 0.286 seconds
[2025-02-13T17:37:33.353+0000] {processor.py:154} INFO - Started process (PID=4484) to work on /home/airflow/.local/lib/python3.7/site-packages/airflow/example_dags/example_branch_labels.py
[2025-02-13T17:37:33.358+0000] {processor.py:756} INFO - Processing file /home/airflow/.local/lib/python3.7/site-packages/airflow/example_dags/example_branch_labels.py for tasks to queue
[2025-02-13T17:37:33.362+0000] {logging_mixin.py:137} INFO - [2025-02-13T17:37:33.361+0000] {dagbag.py:537} INFO - Filling up the DagBag from /home/airflow/.local/lib/python3.7/site-packages/airflow/example_dags/example_branch_labels.py
[2025-02-13T17:37:33.395+0000] {processor.py:766} INFO - DAG(s) dict_keys(['example_branch_labels']) retrieved from /home/airflow/.local/lib/python3.7/site-packages/airflow/example_dags/example_branch_labels.py
[2025-02-13T17:37:33.494+0000] {logging_mixin.py:137} INFO - [2025-02-13T17:37:33.494+0000] {dag.py:2585} INFO - Sync 1 DAGs
[2025-02-13T17:37:33.564+0000] {logging_mixin.py:137} INFO - [2025-02-13T17:37:33.564+0000] {dag.py:3340} INFO - Setting next_dagrun for example_branch_labels to 2025-02-12T00:00:00+00:00, run_after=2025-02-13T00:00:00+00:00
[2025-02-13T17:37:33.615+0000] {processor.py:176} INFO - Processing /home/airflow/.local/lib/python3.7/site-packages/airflow/example_dags/example_branch_labels.py took 0.268 seconds
[2025-02-13T17:38:04.254+0000] {processor.py:154} INFO - Started process (PID=4664) to work on /home/airflow/.local/lib/python3.7/site-packages/airflow/example_dags/example_branch_labels.py
[2025-02-13T17:38:04.256+0000] {processor.py:756} INFO - Processing file /home/airflow/.local/lib/python3.7/site-packages/airflow/example_dags/example_branch_labels.py for tasks to queue
[2025-02-13T17:38:04.258+0000] {logging_mixin.py:137} INFO - [2025-02-13T17:38:04.257+0000] {dagbag.py:537} INFO - Filling up the DagBag from /home/airflow/.local/lib/python3.7/site-packages/airflow/example_dags/example_branch_labels.py
[2025-02-13T17:38:04.288+0000] {processor.py:766} INFO - DAG(s) dict_keys(['example_branch_labels']) retrieved from /home/airflow/.local/lib/python3.7/site-packages/airflow/example_dags/example_branch_labels.py
[2025-02-13T17:38:04.379+0000] {logging_mixin.py:137} INFO - [2025-02-13T17:38:04.379+0000] {dag.py:2585} INFO - Sync 1 DAGs
[2025-02-13T17:38:04.434+0000] {logging_mixin.py:137} INFO - [2025-02-13T17:38:04.433+0000] {dag.py:3340} INFO - Setting next_dagrun for example_branch_labels to 2025-02-12T00:00:00+00:00, run_after=2025-02-13T00:00:00+00:00
[2025-02-13T17:38:04.490+0000] {processor.py:176} INFO - Processing /home/airflow/.local/lib/python3.7/site-packages/airflow/example_dags/example_branch_labels.py took 0.244 seconds
[2025-02-13T17:38:35.027+0000] {processor.py:154} INFO - Started process (PID=4844) to work on /home/airflow/.local/lib/python3.7/site-packages/airflow/example_dags/example_branch_labels.py
[2025-02-13T17:38:35.031+0000] {processor.py:756} INFO - Processing file /home/airflow/.local/lib/python3.7/site-packages/airflow/example_dags/example_branch_labels.py for tasks to queue
[2025-02-13T17:38:35.034+0000] {logging_mixin.py:137} INFO - [2025-02-13T17:38:35.033+0000] {dagbag.py:537} INFO - Filling up the DagBag from /home/airflow/.local/lib/python3.7/site-packages/airflow/example_dags/example_branch_labels.py
[2025-02-13T17:38:35.071+0000] {processor.py:766} INFO - DAG(s) dict_keys(['example_branch_labels']) retrieved from /home/airflow/.local/lib/python3.7/site-packages/airflow/example_dags/example_branch_labels.py
[2025-02-13T17:38:35.164+0000] {logging_mixin.py:137} INFO - [2025-02-13T17:38:35.163+0000] {dag.py:2585} INFO - Sync 1 DAGs
[2025-02-13T17:38:35.240+0000] {logging_mixin.py:137} INFO - [2025-02-13T17:38:35.239+0000] {dag.py:3340} INFO - Setting next_dagrun for example_branch_labels to 2025-02-12T00:00:00+00:00, run_after=2025-02-13T00:00:00+00:00
[2025-02-13T17:38:35.300+0000] {processor.py:176} INFO - Processing /home/airflow/.local/lib/python3.7/site-packages/airflow/example_dags/example_branch_labels.py took 0.285 seconds
[2025-02-13T17:39:37.321+0000] {processor.py:154} INFO - Started process (PID=5024) to work on /home/airflow/.local/lib/python3.7/site-packages/airflow/example_dags/example_branch_labels.py
[2025-02-13T17:39:37.322+0000] {processor.py:756} INFO - Processing file /home/airflow/.local/lib/python3.7/site-packages/airflow/example_dags/example_branch_labels.py for tasks to queue
[2025-02-13T17:39:37.323+0000] {logging_mixin.py:137} INFO - [2025-02-13T17:39:37.323+0000] {dagbag.py:537} INFO - Filling up the DagBag from /home/airflow/.local/lib/python3.7/site-packages/airflow/example_dags/example_branch_labels.py
[2025-02-13T17:39:37.343+0000] {processor.py:766} INFO - DAG(s) dict_keys(['example_branch_labels']) retrieved from /home/airflow/.local/lib/python3.7/site-packages/airflow/example_dags/example_branch_labels.py
[2025-02-13T17:39:37.406+0000] {logging_mixin.py:137} INFO - [2025-02-13T17:39:37.405+0000] {dag.py:2585} INFO - Sync 1 DAGs
[2025-02-13T17:39:37.601+0000] {logging_mixin.py:137} INFO - [2025-02-13T17:39:37.600+0000] {dag.py:3340} INFO - Setting next_dagrun for example_branch_labels to 2025-02-12T00:00:00+00:00, run_after=2025-02-13T00:00:00+00:00
[2025-02-13T17:39:37.711+0000] {processor.py:176} INFO - Processing /home/airflow/.local/lib/python3.7/site-packages/airflow/example_dags/example_branch_labels.py took 0.394 seconds
[2025-02-13T17:40:08.086+0000] {processor.py:154} INFO - Started process (PID=5206) to work on /home/airflow/.local/lib/python3.7/site-packages/airflow/example_dags/example_branch_labels.py
[2025-02-13T17:40:08.088+0000] {processor.py:756} INFO - Processing file /home/airflow/.local/lib/python3.7/site-packages/airflow/example_dags/example_branch_labels.py for tasks to queue
[2025-02-13T17:40:08.091+0000] {logging_mixin.py:137} INFO - [2025-02-13T17:40:08.090+0000] {dagbag.py:537} INFO - Filling up the DagBag from /home/airflow/.local/lib/python3.7/site-packages/airflow/example_dags/example_branch_labels.py
[2025-02-13T17:40:08.153+0000] {processor.py:766} INFO - DAG(s) dict_keys(['example_branch_labels']) retrieved from /home/airflow/.local/lib/python3.7/site-packages/airflow/example_dags/example_branch_labels.py
[2025-02-13T17:40:08.313+0000] {logging_mixin.py:137} INFO - [2025-02-13T17:40:08.313+0000] {dag.py:2585} INFO - Sync 1 DAGs
[2025-02-13T17:40:08.387+0000] {logging_mixin.py:137} INFO - [2025-02-13T17:40:08.387+0000] {dag.py:3340} INFO - Setting next_dagrun for example_branch_labels to 2025-02-12T00:00:00+00:00, run_after=2025-02-13T00:00:00+00:00
[2025-02-13T17:40:08.438+0000] {processor.py:176} INFO - Processing /home/airflow/.local/lib/python3.7/site-packages/airflow/example_dags/example_branch_labels.py took 0.364 seconds
[2025-02-13T17:40:39.181+0000] {processor.py:154} INFO - Started process (PID=5386) to work on /home/airflow/.local/lib/python3.7/site-packages/airflow/example_dags/example_branch_labels.py
[2025-02-13T17:40:39.183+0000] {processor.py:756} INFO - Processing file /home/airflow/.local/lib/python3.7/site-packages/airflow/example_dags/example_branch_labels.py for tasks to queue
[2025-02-13T17:40:39.186+0000] {logging_mixin.py:137} INFO - [2025-02-13T17:40:39.185+0000] {dagbag.py:537} INFO - Filling up the DagBag from /home/airflow/.local/lib/python3.7/site-packages/airflow/example_dags/example_branch_labels.py
[2025-02-13T17:40:39.214+0000] {processor.py:766} INFO - DAG(s) dict_keys(['example_branch_labels']) retrieved from /home/airflow/.local/lib/python3.7/site-packages/airflow/example_dags/example_branch_labels.py
[2025-02-13T17:40:39.279+0000] {logging_mixin.py:137} INFO - [2025-02-13T17:40:39.279+0000] {dag.py:2585} INFO - Sync 1 DAGs
[2025-02-13T17:40:39.335+0000] {logging_mixin.py:137} INFO - [2025-02-13T17:40:39.334+0000] {dag.py:3340} INFO - Setting next_dagrun for example_branch_labels to 2025-02-12T00:00:00+00:00, run_after=2025-02-13T00:00:00+00:00
[2025-02-13T17:40:39.377+0000] {processor.py:176} INFO - Processing /home/airflow/.local/lib/python3.7/site-packages/airflow/example_dags/example_branch_labels.py took 0.200 seconds
[2025-02-13T17:41:10.228+0000] {processor.py:154} INFO - Started process (PID=5566) to work on /home/airflow/.local/lib/python3.7/site-packages/airflow/example_dags/example_branch_labels.py
[2025-02-13T17:41:10.231+0000] {processor.py:756} INFO - Processing file /home/airflow/.local/lib/python3.7/site-packages/airflow/example_dags/example_branch_labels.py for tasks to queue
[2025-02-13T17:41:10.233+0000] {logging_mixin.py:137} INFO - [2025-02-13T17:41:10.233+0000] {dagbag.py:537} INFO - Filling up the DagBag from /home/airflow/.local/lib/python3.7/site-packages/airflow/example_dags/example_branch_labels.py
[2025-02-13T17:41:10.276+0000] {processor.py:766} INFO - DAG(s) dict_keys(['example_branch_labels']) retrieved from /home/airflow/.local/lib/python3.7/site-packages/airflow/example_dags/example_branch_labels.py
[2025-02-13T17:41:10.377+0000] {logging_mixin.py:137} INFO - [2025-02-13T17:41:10.377+0000] {dag.py:2585} INFO - Sync 1 DAGs
[2025-02-13T17:41:10.430+0000] {logging_mixin.py:137} INFO - [2025-02-13T17:41:10.429+0000] {dag.py:3340} INFO - Setting next_dagrun for example_branch_labels to 2025-02-12T00:00:00+00:00, run_after=2025-02-13T00:00:00+00:00
[2025-02-13T17:41:10.467+0000] {processor.py:176} INFO - Processing /home/airflow/.local/lib/python3.7/site-packages/airflow/example_dags/example_branch_labels.py took 0.247 seconds
[2025-02-13T17:41:40.781+0000] {processor.py:154} INFO - Started process (PID=5746) to work on /home/airflow/.local/lib/python3.7/site-packages/airflow/example_dags/example_branch_labels.py
[2025-02-13T17:41:40.785+0000] {processor.py:756} INFO - Processing file /home/airflow/.local/lib/python3.7/site-packages/airflow/example_dags/example_branch_labels.py for tasks to queue
[2025-02-13T17:41:40.790+0000] {logging_mixin.py:137} INFO - [2025-02-13T17:41:40.789+0000] {dagbag.py:537} INFO - Filling up the DagBag from /home/airflow/.local/lib/python3.7/site-packages/airflow/example_dags/example_branch_labels.py
[2025-02-13T17:41:40.830+0000] {processor.py:766} INFO - DAG(s) dict_keys(['example_branch_labels']) retrieved from /home/airflow/.local/lib/python3.7/site-packages/airflow/example_dags/example_branch_labels.py
[2025-02-13T17:41:40.952+0000] {logging_mixin.py:137} INFO - [2025-02-13T17:41:40.951+0000] {dag.py:2585} INFO - Sync 1 DAGs
[2025-02-13T17:41:41.065+0000] {logging_mixin.py:137} INFO - [2025-02-13T17:41:41.065+0000] {dag.py:3340} INFO - Setting next_dagrun for example_branch_labels to 2025-02-12T00:00:00+00:00, run_after=2025-02-13T00:00:00+00:00
[2025-02-13T17:41:41.132+0000] {processor.py:176} INFO - Processing /home/airflow/.local/lib/python3.7/site-packages/airflow/example_dags/example_branch_labels.py took 0.369 seconds
[2025-02-13T17:42:11.395+0000] {processor.py:154} INFO - Started process (PID=5926) to work on /home/airflow/.local/lib/python3.7/site-packages/airflow/example_dags/example_branch_labels.py
[2025-02-13T17:42:11.398+0000] {processor.py:756} INFO - Processing file /home/airflow/.local/lib/python3.7/site-packages/airflow/example_dags/example_branch_labels.py for tasks to queue
[2025-02-13T17:42:11.400+0000] {logging_mixin.py:137} INFO - [2025-02-13T17:42:11.399+0000] {dagbag.py:537} INFO - Filling up the DagBag from /home/airflow/.local/lib/python3.7/site-packages/airflow/example_dags/example_branch_labels.py
[2025-02-13T17:42:11.432+0000] {processor.py:766} INFO - DAG(s) dict_keys(['example_branch_labels']) retrieved from /home/airflow/.local/lib/python3.7/site-packages/airflow/example_dags/example_branch_labels.py
[2025-02-13T17:42:11.609+0000] {logging_mixin.py:137} INFO - [2025-02-13T17:42:11.608+0000] {dag.py:2585} INFO - Sync 1 DAGs
[2025-02-13T17:42:11.660+0000] {logging_mixin.py:137} INFO - [2025-02-13T17:42:11.660+0000] {dag.py:3340} INFO - Setting next_dagrun for example_branch_labels to 2025-02-12T00:00:00+00:00, run_after=2025-02-13T00:00:00+00:00
[2025-02-13T17:42:11.697+0000] {processor.py:176} INFO - Processing /home/airflow/.local/lib/python3.7/site-packages/airflow/example_dags/example_branch_labels.py took 0.310 seconds
[2025-02-13T17:42:42.112+0000] {processor.py:154} INFO - Started process (PID=6106) to work on /home/airflow/.local/lib/python3.7/site-packages/airflow/example_dags/example_branch_labels.py
[2025-02-13T17:42:42.114+0000] {processor.py:756} INFO - Processing file /home/airflow/.local/lib/python3.7/site-packages/airflow/example_dags/example_branch_labels.py for tasks to queue
[2025-02-13T17:42:42.116+0000] {logging_mixin.py:137} INFO - [2025-02-13T17:42:42.116+0000] {dagbag.py:537} INFO - Filling up the DagBag from /home/airflow/.local/lib/python3.7/site-packages/airflow/example_dags/example_branch_labels.py
[2025-02-13T17:42:42.166+0000] {processor.py:766} INFO - DAG(s) dict_keys(['example_branch_labels']) retrieved from /home/airflow/.local/lib/python3.7/site-packages/airflow/example_dags/example_branch_labels.py
[2025-02-13T17:42:42.239+0000] {logging_mixin.py:137} INFO - [2025-02-13T17:42:42.239+0000] {dag.py:2585} INFO - Sync 1 DAGs
[2025-02-13T17:42:42.297+0000] {logging_mixin.py:137} INFO - [2025-02-13T17:42:42.297+0000] {dag.py:3340} INFO - Setting next_dagrun for example_branch_labels to 2025-02-12T00:00:00+00:00, run_after=2025-02-13T00:00:00+00:00
[2025-02-13T17:42:42.336+0000] {processor.py:176} INFO - Processing /home/airflow/.local/lib/python3.7/site-packages/airflow/example_dags/example_branch_labels.py took 0.231 seconds
[2025-02-13T17:43:12.889+0000] {processor.py:154} INFO - Started process (PID=6286) to work on /home/airflow/.local/lib/python3.7/site-packages/airflow/example_dags/example_branch_labels.py
[2025-02-13T17:43:12.891+0000] {processor.py:756} INFO - Processing file /home/airflow/.local/lib/python3.7/site-packages/airflow/example_dags/example_branch_labels.py for tasks to queue
[2025-02-13T17:43:12.893+0000] {logging_mixin.py:137} INFO - [2025-02-13T17:43:12.893+0000] {dagbag.py:537} INFO - Filling up the DagBag from /home/airflow/.local/lib/python3.7/site-packages/airflow/example_dags/example_branch_labels.py
[2025-02-13T17:43:12.924+0000] {processor.py:766} INFO - DAG(s) dict_keys(['example_branch_labels']) retrieved from /home/airflow/.local/lib/python3.7/site-packages/airflow/example_dags/example_branch_labels.py
[2025-02-13T17:43:13.014+0000] {logging_mixin.py:137} INFO - [2025-02-13T17:43:13.014+0000] {dag.py:2585} INFO - Sync 1 DAGs
[2025-02-13T17:43:13.064+0000] {logging_mixin.py:137} INFO - [2025-02-13T17:43:13.064+0000] {dag.py:3340} INFO - Setting next_dagrun for example_branch_labels to 2025-02-12T00:00:00+00:00, run_after=2025-02-13T00:00:00+00:00
[2025-02-13T17:43:13.105+0000] {processor.py:176} INFO - Processing /home/airflow/.local/lib/python3.7/site-packages/airflow/example_dags/example_branch_labels.py took 0.223 seconds
[2025-02-13T17:43:43.418+0000] {processor.py:154} INFO - Started process (PID=6466) to work on /home/airflow/.local/lib/python3.7/site-packages/airflow/example_dags/example_branch_labels.py
[2025-02-13T17:43:43.421+0000] {processor.py:756} INFO - Processing file /home/airflow/.local/lib/python3.7/site-packages/airflow/example_dags/example_branch_labels.py for tasks to queue
[2025-02-13T17:43:43.424+0000] {logging_mixin.py:137} INFO - [2025-02-13T17:43:43.423+0000] {dagbag.py:537} INFO - Filling up the DagBag from /home/airflow/.local/lib/python3.7/site-packages/airflow/example_dags/example_branch_labels.py
[2025-02-13T17:43:43.476+0000] {processor.py:766} INFO - DAG(s) dict_keys(['example_branch_labels']) retrieved from /home/airflow/.local/lib/python3.7/site-packages/airflow/example_dags/example_branch_labels.py
[2025-02-13T17:43:43.585+0000] {logging_mixin.py:137} INFO - [2025-02-13T17:43:43.584+0000] {dag.py:2585} INFO - Sync 1 DAGs
[2025-02-13T17:43:43.648+0000] {logging_mixin.py:137} INFO - [2025-02-13T17:43:43.648+0000] {dag.py:3340} INFO - Setting next_dagrun for example_branch_labels to 2025-02-12T00:00:00+00:00, run_after=2025-02-13T00:00:00+00:00
[2025-02-13T17:43:43.684+0000] {processor.py:176} INFO - Processing /home/airflow/.local/lib/python3.7/site-packages/airflow/example_dags/example_branch_labels.py took 0.278 seconds
[2025-02-13T17:44:14.051+0000] {processor.py:154} INFO - Started process (PID=6646) to work on /home/airflow/.local/lib/python3.7/site-packages/airflow/example_dags/example_branch_labels.py
[2025-02-13T17:44:14.053+0000] {processor.py:756} INFO - Processing file /home/airflow/.local/lib/python3.7/site-packages/airflow/example_dags/example_branch_labels.py for tasks to queue
[2025-02-13T17:44:14.055+0000] {logging_mixin.py:137} INFO - [2025-02-13T17:44:14.055+0000] {dagbag.py:537} INFO - Filling up the DagBag from /home/airflow/.local/lib/python3.7/site-packages/airflow/example_dags/example_branch_labels.py
[2025-02-13T17:44:14.088+0000] {processor.py:766} INFO - DAG(s) dict_keys(['example_branch_labels']) retrieved from /home/airflow/.local/lib/python3.7/site-packages/airflow/example_dags/example_branch_labels.py
[2025-02-13T17:44:14.171+0000] {logging_mixin.py:137} INFO - [2025-02-13T17:44:14.170+0000] {dag.py:2585} INFO - Sync 1 DAGs
[2025-02-13T17:44:14.231+0000] {logging_mixin.py:137} INFO - [2025-02-13T17:44:14.231+0000] {dag.py:3340} INFO - Setting next_dagrun for example_branch_labels to 2025-02-12T00:00:00+00:00, run_after=2025-02-13T00:00:00+00:00
[2025-02-13T17:44:14.274+0000] {processor.py:176} INFO - Processing /home/airflow/.local/lib/python3.7/site-packages/airflow/example_dags/example_branch_labels.py took 0.231 seconds
[2025-02-13T17:44:44.750+0000] {processor.py:154} INFO - Started process (PID=6826) to work on /home/airflow/.local/lib/python3.7/site-packages/airflow/example_dags/example_branch_labels.py
[2025-02-13T17:44:44.753+0000] {processor.py:756} INFO - Processing file /home/airflow/.local/lib/python3.7/site-packages/airflow/example_dags/example_branch_labels.py for tasks to queue
[2025-02-13T17:44:44.754+0000] {logging_mixin.py:137} INFO - [2025-02-13T17:44:44.754+0000] {dagbag.py:537} INFO - Filling up the DagBag from /home/airflow/.local/lib/python3.7/site-packages/airflow/example_dags/example_branch_labels.py
[2025-02-13T17:44:44.790+0000] {processor.py:766} INFO - DAG(s) dict_keys(['example_branch_labels']) retrieved from /home/airflow/.local/lib/python3.7/site-packages/airflow/example_dags/example_branch_labels.py
[2025-02-13T17:44:44.884+0000] {logging_mixin.py:137} INFO - [2025-02-13T17:44:44.884+0000] {dag.py:2585} INFO - Sync 1 DAGs
[2025-02-13T17:44:44.942+0000] {logging_mixin.py:137} INFO - [2025-02-13T17:44:44.942+0000] {dag.py:3340} INFO - Setting next_dagrun for example_branch_labels to 2025-02-12T00:00:00+00:00, run_after=2025-02-13T00:00:00+00:00
[2025-02-13T17:44:44.979+0000] {processor.py:176} INFO - Processing /home/airflow/.local/lib/python3.7/site-packages/airflow/example_dags/example_branch_labels.py took 0.237 seconds
[2025-02-13T17:45:15.535+0000] {processor.py:154} INFO - Started process (PID=7006) to work on /home/airflow/.local/lib/python3.7/site-packages/airflow/example_dags/example_branch_labels.py
[2025-02-13T17:45:15.538+0000] {processor.py:756} INFO - Processing file /home/airflow/.local/lib/python3.7/site-packages/airflow/example_dags/example_branch_labels.py for tasks to queue
[2025-02-13T17:45:15.540+0000] {logging_mixin.py:137} INFO - [2025-02-13T17:45:15.540+0000] {dagbag.py:537} INFO - Filling up the DagBag from /home/airflow/.local/lib/python3.7/site-packages/airflow/example_dags/example_branch_labels.py
[2025-02-13T17:45:15.571+0000] {processor.py:766} INFO - DAG(s) dict_keys(['example_branch_labels']) retrieved from /home/airflow/.local/lib/python3.7/site-packages/airflow/example_dags/example_branch_labels.py
[2025-02-13T17:45:15.639+0000] {logging_mixin.py:137} INFO - [2025-02-13T17:45:15.639+0000] {dag.py:2585} INFO - Sync 1 DAGs
[2025-02-13T17:45:15.678+0000] {logging_mixin.py:137} INFO - [2025-02-13T17:45:15.678+0000] {dag.py:3340} INFO - Setting next_dagrun for example_branch_labels to 2025-02-12T00:00:00+00:00, run_after=2025-02-13T00:00:00+00:00
[2025-02-13T17:45:15.711+0000] {processor.py:176} INFO - Processing /home/airflow/.local/lib/python3.7/site-packages/airflow/example_dags/example_branch_labels.py took 0.182 seconds
[2025-02-13T17:45:46.001+0000] {processor.py:154} INFO - Started process (PID=7186) to work on /home/airflow/.local/lib/python3.7/site-packages/airflow/example_dags/example_branch_labels.py
[2025-02-13T17:45:46.004+0000] {processor.py:756} INFO - Processing file /home/airflow/.local/lib/python3.7/site-packages/airflow/example_dags/example_branch_labels.py for tasks to queue
[2025-02-13T17:45:46.006+0000] {logging_mixin.py:137} INFO - [2025-02-13T17:45:46.006+0000] {dagbag.py:537} INFO - Filling up the DagBag from /home/airflow/.local/lib/python3.7/site-packages/airflow/example_dags/example_branch_labels.py
[2025-02-13T17:45:46.036+0000] {processor.py:766} INFO - DAG(s) dict_keys(['example_branch_labels']) retrieved from /home/airflow/.local/lib/python3.7/site-packages/airflow/example_dags/example_branch_labels.py
[2025-02-13T17:45:46.133+0000] {logging_mixin.py:137} INFO - [2025-02-13T17:45:46.133+0000] {dag.py:2585} INFO - Sync 1 DAGs
[2025-02-13T17:45:46.191+0000] {logging_mixin.py:137} INFO - [2025-02-13T17:45:46.191+0000] {dag.py:3340} INFO - Setting next_dagrun for example_branch_labels to 2025-02-12T00:00:00+00:00, run_after=2025-02-13T00:00:00+00:00
[2025-02-13T17:45:46.238+0000] {processor.py:176} INFO - Processing /home/airflow/.local/lib/python3.7/site-packages/airflow/example_dags/example_branch_labels.py took 0.243 seconds
[2025-02-13T17:46:16.534+0000] {processor.py:154} INFO - Started process (PID=7366) to work on /home/airflow/.local/lib/python3.7/site-packages/airflow/example_dags/example_branch_labels.py
[2025-02-13T17:46:16.536+0000] {processor.py:756} INFO - Processing file /home/airflow/.local/lib/python3.7/site-packages/airflow/example_dags/example_branch_labels.py for tasks to queue
[2025-02-13T17:46:16.539+0000] {logging_mixin.py:137} INFO - [2025-02-13T17:46:16.539+0000] {dagbag.py:537} INFO - Filling up the DagBag from /home/airflow/.local/lib/python3.7/site-packages/airflow/example_dags/example_branch_labels.py
[2025-02-13T17:46:16.583+0000] {processor.py:766} INFO - DAG(s) dict_keys(['example_branch_labels']) retrieved from /home/airflow/.local/lib/python3.7/site-packages/airflow/example_dags/example_branch_labels.py
[2025-02-13T17:46:16.684+0000] {logging_mixin.py:137} INFO - [2025-02-13T17:46:16.683+0000] {dag.py:2585} INFO - Sync 1 DAGs
[2025-02-13T17:46:16.749+0000] {logging_mixin.py:137} INFO - [2025-02-13T17:46:16.749+0000] {dag.py:3340} INFO - Setting next_dagrun for example_branch_labels to 2025-02-12T00:00:00+00:00, run_after=2025-02-13T00:00:00+00:00
[2025-02-13T17:46:16.794+0000] {processor.py:176} INFO - Processing /home/airflow/.local/lib/python3.7/site-packages/airflow/example_dags/example_branch_labels.py took 0.265 seconds
[2025-02-13T17:47:33.135+0000] {processor.py:154} INFO - Started process (PID=163) to work on /home/airflow/.local/lib/python3.7/site-packages/airflow/example_dags/example_branch_labels.py
[2025-02-13T17:47:33.136+0000] {processor.py:756} INFO - Processing file /home/airflow/.local/lib/python3.7/site-packages/airflow/example_dags/example_branch_labels.py for tasks to queue
[2025-02-13T17:47:33.139+0000] {logging_mixin.py:137} INFO - [2025-02-13T17:47:33.139+0000] {dagbag.py:537} INFO - Filling up the DagBag from /home/airflow/.local/lib/python3.7/site-packages/airflow/example_dags/example_branch_labels.py
[2025-02-13T17:47:33.304+0000] {processor.py:766} INFO - DAG(s) dict_keys(['example_branch_labels']) retrieved from /home/airflow/.local/lib/python3.7/site-packages/airflow/example_dags/example_branch_labels.py
[2025-02-13T17:47:33.458+0000] {logging_mixin.py:137} INFO - [2025-02-13T17:47:33.458+0000] {dag.py:2585} INFO - Sync 1 DAGs
[2025-02-13T17:47:33.546+0000] {logging_mixin.py:137} INFO - [2025-02-13T17:47:33.546+0000] {dag.py:3340} INFO - Setting next_dagrun for example_branch_labels to 2025-02-12T00:00:00+00:00, run_after=2025-02-13T00:00:00+00:00
[2025-02-13T17:47:33.611+0000] {processor.py:176} INFO - Processing /home/airflow/.local/lib/python3.7/site-packages/airflow/example_dags/example_branch_labels.py took 0.484 seconds
[2025-02-13T17:48:03.795+0000] {processor.py:154} INFO - Started process (PID=343) to work on /home/airflow/.local/lib/python3.7/site-packages/airflow/example_dags/example_branch_labels.py
[2025-02-13T17:48:03.797+0000] {processor.py:756} INFO - Processing file /home/airflow/.local/lib/python3.7/site-packages/airflow/example_dags/example_branch_labels.py for tasks to queue
[2025-02-13T17:48:03.798+0000] {logging_mixin.py:137} INFO - [2025-02-13T17:48:03.798+0000] {dagbag.py:537} INFO - Filling up the DagBag from /home/airflow/.local/lib/python3.7/site-packages/airflow/example_dags/example_branch_labels.py
[2025-02-13T17:48:03.827+0000] {processor.py:766} INFO - DAG(s) dict_keys(['example_branch_labels']) retrieved from /home/airflow/.local/lib/python3.7/site-packages/airflow/example_dags/example_branch_labels.py
[2025-02-13T17:48:03.880+0000] {logging_mixin.py:137} INFO - [2025-02-13T17:48:03.880+0000] {dag.py:2585} INFO - Sync 1 DAGs
[2025-02-13T17:48:03.942+0000] {logging_mixin.py:137} INFO - [2025-02-13T17:48:03.942+0000] {dag.py:3340} INFO - Setting next_dagrun for example_branch_labels to 2025-02-12T00:00:00+00:00, run_after=2025-02-13T00:00:00+00:00
[2025-02-13T17:48:03.995+0000] {processor.py:176} INFO - Processing /home/airflow/.local/lib/python3.7/site-packages/airflow/example_dags/example_branch_labels.py took 0.205 seconds
[2025-02-13T17:48:34.108+0000] {processor.py:154} INFO - Started process (PID=524) to work on /home/airflow/.local/lib/python3.7/site-packages/airflow/example_dags/example_branch_labels.py
[2025-02-13T17:48:34.110+0000] {processor.py:756} INFO - Processing file /home/airflow/.local/lib/python3.7/site-packages/airflow/example_dags/example_branch_labels.py for tasks to queue
[2025-02-13T17:48:34.112+0000] {logging_mixin.py:137} INFO - [2025-02-13T17:48:34.112+0000] {dagbag.py:537} INFO - Filling up the DagBag from /home/airflow/.local/lib/python3.7/site-packages/airflow/example_dags/example_branch_labels.py
[2025-02-13T17:48:34.139+0000] {processor.py:766} INFO - DAG(s) dict_keys(['example_branch_labels']) retrieved from /home/airflow/.local/lib/python3.7/site-packages/airflow/example_dags/example_branch_labels.py
[2025-02-13T17:48:34.222+0000] {logging_mixin.py:137} INFO - [2025-02-13T17:48:34.222+0000] {dag.py:2585} INFO - Sync 1 DAGs
[2025-02-13T17:48:34.272+0000] {logging_mixin.py:137} INFO - [2025-02-13T17:48:34.272+0000] {dag.py:3340} INFO - Setting next_dagrun for example_branch_labels to 2025-02-12T00:00:00+00:00, run_after=2025-02-13T00:00:00+00:00
[2025-02-13T17:48:34.315+0000] {processor.py:176} INFO - Processing /home/airflow/.local/lib/python3.7/site-packages/airflow/example_dags/example_branch_labels.py took 0.211 seconds
[2025-02-13T17:49:04.705+0000] {processor.py:154} INFO - Started process (PID=704) to work on /home/airflow/.local/lib/python3.7/site-packages/airflow/example_dags/example_branch_labels.py
[2025-02-13T17:49:04.708+0000] {processor.py:756} INFO - Processing file /home/airflow/.local/lib/python3.7/site-packages/airflow/example_dags/example_branch_labels.py for tasks to queue
[2025-02-13T17:49:04.709+0000] {logging_mixin.py:137} INFO - [2025-02-13T17:49:04.709+0000] {dagbag.py:537} INFO - Filling up the DagBag from /home/airflow/.local/lib/python3.7/site-packages/airflow/example_dags/example_branch_labels.py
[2025-02-13T17:49:04.737+0000] {processor.py:766} INFO - DAG(s) dict_keys(['example_branch_labels']) retrieved from /home/airflow/.local/lib/python3.7/site-packages/airflow/example_dags/example_branch_labels.py
[2025-02-13T17:49:04.806+0000] {logging_mixin.py:137} INFO - [2025-02-13T17:49:04.806+0000] {dag.py:2585} INFO - Sync 1 DAGs
[2025-02-13T17:49:04.840+0000] {logging_mixin.py:137} INFO - [2025-02-13T17:49:04.839+0000] {dag.py:3340} INFO - Setting next_dagrun for example_branch_labels to 2025-02-12T00:00:00+00:00, run_after=2025-02-13T00:00:00+00:00
[2025-02-13T17:49:04.868+0000] {processor.py:176} INFO - Processing /home/airflow/.local/lib/python3.7/site-packages/airflow/example_dags/example_branch_labels.py took 0.170 seconds
[2025-02-13T17:49:35.756+0000] {processor.py:154} INFO - Started process (PID=884) to work on /home/airflow/.local/lib/python3.7/site-packages/airflow/example_dags/example_branch_labels.py
[2025-02-13T17:49:35.759+0000] {processor.py:756} INFO - Processing file /home/airflow/.local/lib/python3.7/site-packages/airflow/example_dags/example_branch_labels.py for tasks to queue
[2025-02-13T17:49:35.761+0000] {logging_mixin.py:137} INFO - [2025-02-13T17:49:35.761+0000] {dagbag.py:537} INFO - Filling up the DagBag from /home/airflow/.local/lib/python3.7/site-packages/airflow/example_dags/example_branch_labels.py
[2025-02-13T17:49:35.789+0000] {processor.py:766} INFO - DAG(s) dict_keys(['example_branch_labels']) retrieved from /home/airflow/.local/lib/python3.7/site-packages/airflow/example_dags/example_branch_labels.py
[2025-02-13T17:49:35.854+0000] {logging_mixin.py:137} INFO - [2025-02-13T17:49:35.854+0000] {dag.py:2585} INFO - Sync 1 DAGs
[2025-02-13T17:49:35.890+0000] {logging_mixin.py:137} INFO - [2025-02-13T17:49:35.890+0000] {dag.py:3340} INFO - Setting next_dagrun for example_branch_labels to 2025-02-12T00:00:00+00:00, run_after=2025-02-13T00:00:00+00:00
[2025-02-13T17:49:35.917+0000] {processor.py:176} INFO - Processing /home/airflow/.local/lib/python3.7/site-packages/airflow/example_dags/example_branch_labels.py took 0.166 seconds
[2025-02-13T17:50:06.167+0000] {processor.py:154} INFO - Started process (PID=1064) to work on /home/airflow/.local/lib/python3.7/site-packages/airflow/example_dags/example_branch_labels.py
[2025-02-13T17:50:06.169+0000] {processor.py:756} INFO - Processing file /home/airflow/.local/lib/python3.7/site-packages/airflow/example_dags/example_branch_labels.py for tasks to queue
[2025-02-13T17:50:06.170+0000] {logging_mixin.py:137} INFO - [2025-02-13T17:50:06.170+0000] {dagbag.py:537} INFO - Filling up the DagBag from /home/airflow/.local/lib/python3.7/site-packages/airflow/example_dags/example_branch_labels.py
[2025-02-13T17:50:06.197+0000] {processor.py:766} INFO - DAG(s) dict_keys(['example_branch_labels']) retrieved from /home/airflow/.local/lib/python3.7/site-packages/airflow/example_dags/example_branch_labels.py
[2025-02-13T17:50:06.263+0000] {logging_mixin.py:137} INFO - [2025-02-13T17:50:06.263+0000] {dag.py:2585} INFO - Sync 1 DAGs
[2025-02-13T17:50:06.300+0000] {logging_mixin.py:137} INFO - [2025-02-13T17:50:06.300+0000] {dag.py:3340} INFO - Setting next_dagrun for example_branch_labels to 2025-02-12T00:00:00+00:00, run_after=2025-02-13T00:00:00+00:00
[2025-02-13T17:50:06.337+0000] {processor.py:176} INFO - Processing /home/airflow/.local/lib/python3.7/site-packages/airflow/example_dags/example_branch_labels.py took 0.176 seconds
[2025-02-13T17:50:36.595+0000] {processor.py:154} INFO - Started process (PID=1244) to work on /home/airflow/.local/lib/python3.7/site-packages/airflow/example_dags/example_branch_labels.py
[2025-02-13T17:50:36.596+0000] {processor.py:756} INFO - Processing file /home/airflow/.local/lib/python3.7/site-packages/airflow/example_dags/example_branch_labels.py for tasks to queue
[2025-02-13T17:50:36.597+0000] {logging_mixin.py:137} INFO - [2025-02-13T17:50:36.597+0000] {dagbag.py:537} INFO - Filling up the DagBag from /home/airflow/.local/lib/python3.7/site-packages/airflow/example_dags/example_branch_labels.py
[2025-02-13T17:50:36.627+0000] {processor.py:766} INFO - DAG(s) dict_keys(['example_branch_labels']) retrieved from /home/airflow/.local/lib/python3.7/site-packages/airflow/example_dags/example_branch_labels.py
[2025-02-13T17:50:36.689+0000] {logging_mixin.py:137} INFO - [2025-02-13T17:50:36.689+0000] {dag.py:2585} INFO - Sync 1 DAGs
[2025-02-13T17:50:36.725+0000] {logging_mixin.py:137} INFO - [2025-02-13T17:50:36.725+0000] {dag.py:3340} INFO - Setting next_dagrun for example_branch_labels to 2025-02-12T00:00:00+00:00, run_after=2025-02-13T00:00:00+00:00
[2025-02-13T17:50:36.753+0000] {processor.py:176} INFO - Processing /home/airflow/.local/lib/python3.7/site-packages/airflow/example_dags/example_branch_labels.py took 0.164 seconds
[2025-02-13T17:51:07.670+0000] {processor.py:154} INFO - Started process (PID=1424) to work on /home/airflow/.local/lib/python3.7/site-packages/airflow/example_dags/example_branch_labels.py
[2025-02-13T17:51:07.672+0000] {processor.py:756} INFO - Processing file /home/airflow/.local/lib/python3.7/site-packages/airflow/example_dags/example_branch_labels.py for tasks to queue
[2025-02-13T17:51:07.673+0000] {logging_mixin.py:137} INFO - [2025-02-13T17:51:07.673+0000] {dagbag.py:537} INFO - Filling up the DagBag from /home/airflow/.local/lib/python3.7/site-packages/airflow/example_dags/example_branch_labels.py
[2025-02-13T17:51:07.694+0000] {processor.py:766} INFO - DAG(s) dict_keys(['example_branch_labels']) retrieved from /home/airflow/.local/lib/python3.7/site-packages/airflow/example_dags/example_branch_labels.py
[2025-02-13T17:51:07.753+0000] {logging_mixin.py:137} INFO - [2025-02-13T17:51:07.753+0000] {dag.py:2585} INFO - Sync 1 DAGs
[2025-02-13T17:51:07.788+0000] {logging_mixin.py:137} INFO - [2025-02-13T17:51:07.788+0000] {dag.py:3340} INFO - Setting next_dagrun for example_branch_labels to 2025-02-12T00:00:00+00:00, run_after=2025-02-13T00:00:00+00:00
[2025-02-13T17:51:07.816+0000] {processor.py:176} INFO - Processing /home/airflow/.local/lib/python3.7/site-packages/airflow/example_dags/example_branch_labels.py took 0.152 seconds
[2025-02-13T17:51:37.933+0000] {processor.py:154} INFO - Started process (PID=1604) to work on /home/airflow/.local/lib/python3.7/site-packages/airflow/example_dags/example_branch_labels.py
[2025-02-13T17:51:37.935+0000] {processor.py:756} INFO - Processing file /home/airflow/.local/lib/python3.7/site-packages/airflow/example_dags/example_branch_labels.py for tasks to queue
[2025-02-13T17:51:37.937+0000] {logging_mixin.py:137} INFO - [2025-02-13T17:51:37.936+0000] {dagbag.py:537} INFO - Filling up the DagBag from /home/airflow/.local/lib/python3.7/site-packages/airflow/example_dags/example_branch_labels.py
[2025-02-13T17:51:37.967+0000] {processor.py:766} INFO - DAG(s) dict_keys(['example_branch_labels']) retrieved from /home/airflow/.local/lib/python3.7/site-packages/airflow/example_dags/example_branch_labels.py
[2025-02-13T17:51:38.043+0000] {logging_mixin.py:137} INFO - [2025-02-13T17:51:38.043+0000] {dag.py:2585} INFO - Sync 1 DAGs
[2025-02-13T17:51:38.103+0000] {logging_mixin.py:137} INFO - [2025-02-13T17:51:38.103+0000] {dag.py:3340} INFO - Setting next_dagrun for example_branch_labels to 2025-02-12T00:00:00+00:00, run_after=2025-02-13T00:00:00+00:00
[2025-02-13T17:51:38.136+0000] {processor.py:176} INFO - Processing /home/airflow/.local/lib/python3.7/site-packages/airflow/example_dags/example_branch_labels.py took 0.210 seconds
