[2025-02-13T17:24:23.613+0000] {processor.py:154} INFO - Started process (PID=281) to work on /home/airflow/.local/lib/python3.7/site-packages/airflow/example_dags/example_branch_operator_decorator.py
[2025-02-13T17:24:23.617+0000] {processor.py:756} INFO - Processing file /home/airflow/.local/lib/python3.7/site-packages/airflow/example_dags/example_branch_operator_decorator.py for tasks to queue
[2025-02-13T17:24:23.620+0000] {logging_mixin.py:137} INFO - [2025-02-13T17:24:23.619+0000] {dagbag.py:537} INFO - Filling up the DagBag from /home/airflow/.local/lib/python3.7/site-packages/airflow/example_dags/example_branch_operator_decorator.py
[2025-02-13T17:24:24.159+0000] {logging_mixin.py:137} INFO - [2025-02-13T17:24:24.159+0000] {process_utils.py:256} INFO - Waiting up to 5 seconds for processes to exit...
[2025-02-13T17:24:24.178+0000] {logging_mixin.py:137} INFO - [2025-02-13T17:24:24.178+0000] {process_utils.py:256} INFO - Waiting up to 5 seconds for processes to exit...
[2025-02-13T17:25:23.104+0000] {processor.py:154} INFO - Started process (PID=283) to work on /home/airflow/.local/lib/python3.7/site-packages/airflow/example_dags/example_branch_operator_decorator.py
[2025-02-13T17:25:23.105+0000] {processor.py:756} INFO - Processing file /home/airflow/.local/lib/python3.7/site-packages/airflow/example_dags/example_branch_operator_decorator.py for tasks to queue
[2025-02-13T17:25:23.108+0000] {logging_mixin.py:137} INFO - [2025-02-13T17:25:23.107+0000] {dagbag.py:537} INFO - Filling up the DagBag from /home/airflow/.local/lib/python3.7/site-packages/airflow/example_dags/example_branch_operator_decorator.py
[2025-02-13T17:25:23.153+0000] {processor.py:766} INFO - DAG(s) dict_keys(['example_branch_python_operator_decorator']) retrieved from /home/airflow/.local/lib/python3.7/site-packages/airflow/example_dags/example_branch_operator_decorator.py
[2025-02-13T17:25:23.266+0000] {logging_mixin.py:137} INFO - [2025-02-13T17:25:23.265+0000] {dag.py:2585} INFO - Sync 1 DAGs
[2025-02-13T17:25:23.317+0000] {logging_mixin.py:137} INFO - [2025-02-13T17:25:23.316+0000] {dag.py:3340} INFO - Setting next_dagrun for example_branch_python_operator_decorator to 2025-02-12T00:00:00+00:00, run_after=2025-02-13T00:00:00+00:00
[2025-02-13T17:25:23.380+0000] {processor.py:176} INFO - Processing /home/airflow/.local/lib/python3.7/site-packages/airflow/example_dags/example_branch_operator_decorator.py took 0.280 seconds
[2025-02-13T17:25:54.792+0000] {processor.py:154} INFO - Started process (PID=461) to work on /home/airflow/.local/lib/python3.7/site-packages/airflow/example_dags/example_branch_operator_decorator.py
[2025-02-13T17:25:54.796+0000] {processor.py:756} INFO - Processing file /home/airflow/.local/lib/python3.7/site-packages/airflow/example_dags/example_branch_operator_decorator.py for tasks to queue
[2025-02-13T17:25:54.799+0000] {logging_mixin.py:137} INFO - [2025-02-13T17:25:54.798+0000] {dagbag.py:537} INFO - Filling up the DagBag from /home/airflow/.local/lib/python3.7/site-packages/airflow/example_dags/example_branch_operator_decorator.py
[2025-02-13T17:25:54.863+0000] {processor.py:766} INFO - DAG(s) dict_keys(['example_branch_python_operator_decorator']) retrieved from /home/airflow/.local/lib/python3.7/site-packages/airflow/example_dags/example_branch_operator_decorator.py
[2025-02-13T17:25:54.974+0000] {logging_mixin.py:137} INFO - [2025-02-13T17:25:54.974+0000] {dag.py:2585} INFO - Sync 1 DAGs
[2025-02-13T17:25:55.054+0000] {logging_mixin.py:137} INFO - [2025-02-13T17:25:55.054+0000] {dag.py:3340} INFO - Setting next_dagrun for example_branch_python_operator_decorator to 2025-02-12T00:00:00+00:00, run_after=2025-02-13T00:00:00+00:00
[2025-02-13T17:25:55.111+0000] {processor.py:176} INFO - Processing /home/airflow/.local/lib/python3.7/site-packages/airflow/example_dags/example_branch_operator_decorator.py took 0.323 seconds
[2025-02-13T17:26:25.842+0000] {processor.py:154} INFO - Started process (PID=642) to work on /home/airflow/.local/lib/python3.7/site-packages/airflow/example_dags/example_branch_operator_decorator.py
[2025-02-13T17:26:25.844+0000] {processor.py:756} INFO - Processing file /home/airflow/.local/lib/python3.7/site-packages/airflow/example_dags/example_branch_operator_decorator.py for tasks to queue
[2025-02-13T17:26:25.847+0000] {logging_mixin.py:137} INFO - [2025-02-13T17:26:25.847+0000] {dagbag.py:537} INFO - Filling up the DagBag from /home/airflow/.local/lib/python3.7/site-packages/airflow/example_dags/example_branch_operator_decorator.py
[2025-02-13T17:26:25.917+0000] {processor.py:766} INFO - DAG(s) dict_keys(['example_branch_python_operator_decorator']) retrieved from /home/airflow/.local/lib/python3.7/site-packages/airflow/example_dags/example_branch_operator_decorator.py
[2025-02-13T17:26:26.025+0000] {logging_mixin.py:137} INFO - [2025-02-13T17:26:26.025+0000] {dag.py:2585} INFO - Sync 1 DAGs
[2025-02-13T17:26:26.123+0000] {logging_mixin.py:137} INFO - [2025-02-13T17:26:26.123+0000] {dag.py:3340} INFO - Setting next_dagrun for example_branch_python_operator_decorator to 2025-02-12T00:00:00+00:00, run_after=2025-02-13T00:00:00+00:00
[2025-02-13T17:26:26.189+0000] {processor.py:176} INFO - Processing /home/airflow/.local/lib/python3.7/site-packages/airflow/example_dags/example_branch_operator_decorator.py took 0.352 seconds
[2025-02-13T17:26:56.466+0000] {processor.py:154} INFO - Started process (PID=821) to work on /home/airflow/.local/lib/python3.7/site-packages/airflow/example_dags/example_branch_operator_decorator.py
[2025-02-13T17:26:56.470+0000] {processor.py:756} INFO - Processing file /home/airflow/.local/lib/python3.7/site-packages/airflow/example_dags/example_branch_operator_decorator.py for tasks to queue
[2025-02-13T17:26:56.472+0000] {logging_mixin.py:137} INFO - [2025-02-13T17:26:56.472+0000] {dagbag.py:537} INFO - Filling up the DagBag from /home/airflow/.local/lib/python3.7/site-packages/airflow/example_dags/example_branch_operator_decorator.py
[2025-02-13T17:26:56.525+0000] {processor.py:766} INFO - DAG(s) dict_keys(['example_branch_python_operator_decorator']) retrieved from /home/airflow/.local/lib/python3.7/site-packages/airflow/example_dags/example_branch_operator_decorator.py
[2025-02-13T17:26:56.583+0000] {logging_mixin.py:137} INFO - [2025-02-13T17:26:56.583+0000] {dag.py:2585} INFO - Sync 1 DAGs
[2025-02-13T17:26:56.649+0000] {logging_mixin.py:137} INFO - [2025-02-13T17:26:56.649+0000] {dag.py:3340} INFO - Setting next_dagrun for example_branch_python_operator_decorator to 2025-02-12T00:00:00+00:00, run_after=2025-02-13T00:00:00+00:00
[2025-02-13T17:26:56.710+0000] {processor.py:176} INFO - Processing /home/airflow/.local/lib/python3.7/site-packages/airflow/example_dags/example_branch_operator_decorator.py took 0.255 seconds
[2025-02-13T17:27:27.648+0000] {processor.py:154} INFO - Started process (PID=1002) to work on /home/airflow/.local/lib/python3.7/site-packages/airflow/example_dags/example_branch_operator_decorator.py
[2025-02-13T17:27:27.650+0000] {processor.py:756} INFO - Processing file /home/airflow/.local/lib/python3.7/site-packages/airflow/example_dags/example_branch_operator_decorator.py for tasks to queue
[2025-02-13T17:27:27.651+0000] {logging_mixin.py:137} INFO - [2025-02-13T17:27:27.651+0000] {dagbag.py:537} INFO - Filling up the DagBag from /home/airflow/.local/lib/python3.7/site-packages/airflow/example_dags/example_branch_operator_decorator.py
[2025-02-13T17:27:27.702+0000] {processor.py:766} INFO - DAG(s) dict_keys(['example_branch_python_operator_decorator']) retrieved from /home/airflow/.local/lib/python3.7/site-packages/airflow/example_dags/example_branch_operator_decorator.py
[2025-02-13T17:27:27.775+0000] {logging_mixin.py:137} INFO - [2025-02-13T17:27:27.774+0000] {dag.py:2585} INFO - Sync 1 DAGs
[2025-02-13T17:27:27.870+0000] {logging_mixin.py:137} INFO - [2025-02-13T17:27:27.870+0000] {dag.py:3340} INFO - Setting next_dagrun for example_branch_python_operator_decorator to 2025-02-12T00:00:00+00:00, run_after=2025-02-13T00:00:00+00:00
[2025-02-13T17:27:27.935+0000] {processor.py:176} INFO - Processing /home/airflow/.local/lib/python3.7/site-packages/airflow/example_dags/example_branch_operator_decorator.py took 0.292 seconds
[2025-02-13T17:27:58.371+0000] {processor.py:154} INFO - Started process (PID=1182) to work on /home/airflow/.local/lib/python3.7/site-packages/airflow/example_dags/example_branch_operator_decorator.py
[2025-02-13T17:27:58.373+0000] {processor.py:756} INFO - Processing file /home/airflow/.local/lib/python3.7/site-packages/airflow/example_dags/example_branch_operator_decorator.py for tasks to queue
[2025-02-13T17:27:58.375+0000] {logging_mixin.py:137} INFO - [2025-02-13T17:27:58.375+0000] {dagbag.py:537} INFO - Filling up the DagBag from /home/airflow/.local/lib/python3.7/site-packages/airflow/example_dags/example_branch_operator_decorator.py
[2025-02-13T17:27:58.412+0000] {processor.py:766} INFO - DAG(s) dict_keys(['example_branch_python_operator_decorator']) retrieved from /home/airflow/.local/lib/python3.7/site-packages/airflow/example_dags/example_branch_operator_decorator.py
[2025-02-13T17:27:58.450+0000] {logging_mixin.py:137} INFO - [2025-02-13T17:27:58.450+0000] {dag.py:2585} INFO - Sync 1 DAGs
[2025-02-13T17:27:58.512+0000] {logging_mixin.py:137} INFO - [2025-02-13T17:27:58.511+0000] {dag.py:3340} INFO - Setting next_dagrun for example_branch_python_operator_decorator to 2025-02-12T00:00:00+00:00, run_after=2025-02-13T00:00:00+00:00
[2025-02-13T17:27:58.556+0000] {processor.py:176} INFO - Processing /home/airflow/.local/lib/python3.7/site-packages/airflow/example_dags/example_branch_operator_decorator.py took 0.189 seconds
[2025-02-13T17:28:29.225+0000] {processor.py:154} INFO - Started process (PID=1363) to work on /home/airflow/.local/lib/python3.7/site-packages/airflow/example_dags/example_branch_operator_decorator.py
[2025-02-13T17:28:29.228+0000] {processor.py:756} INFO - Processing file /home/airflow/.local/lib/python3.7/site-packages/airflow/example_dags/example_branch_operator_decorator.py for tasks to queue
[2025-02-13T17:28:29.229+0000] {logging_mixin.py:137} INFO - [2025-02-13T17:28:29.229+0000] {dagbag.py:537} INFO - Filling up the DagBag from /home/airflow/.local/lib/python3.7/site-packages/airflow/example_dags/example_branch_operator_decorator.py
[2025-02-13T17:28:29.317+0000] {processor.py:766} INFO - DAG(s) dict_keys(['example_branch_python_operator_decorator']) retrieved from /home/airflow/.local/lib/python3.7/site-packages/airflow/example_dags/example_branch_operator_decorator.py
[2025-02-13T17:28:29.392+0000] {logging_mixin.py:137} INFO - [2025-02-13T17:28:29.391+0000] {dag.py:2585} INFO - Sync 1 DAGs
[2025-02-13T17:28:29.443+0000] {logging_mixin.py:137} INFO - [2025-02-13T17:28:29.443+0000] {dag.py:3340} INFO - Setting next_dagrun for example_branch_python_operator_decorator to 2025-02-12T00:00:00+00:00, run_after=2025-02-13T00:00:00+00:00
[2025-02-13T17:28:29.479+0000] {processor.py:176} INFO - Processing /home/airflow/.local/lib/python3.7/site-packages/airflow/example_dags/example_branch_operator_decorator.py took 0.262 seconds
[2025-02-13T17:29:00.040+0000] {processor.py:154} INFO - Started process (PID=1544) to work on /home/airflow/.local/lib/python3.7/site-packages/airflow/example_dags/example_branch_operator_decorator.py
[2025-02-13T17:29:00.042+0000] {processor.py:756} INFO - Processing file /home/airflow/.local/lib/python3.7/site-packages/airflow/example_dags/example_branch_operator_decorator.py for tasks to queue
[2025-02-13T17:29:00.045+0000] {logging_mixin.py:137} INFO - [2025-02-13T17:29:00.044+0000] {dagbag.py:537} INFO - Filling up the DagBag from /home/airflow/.local/lib/python3.7/site-packages/airflow/example_dags/example_branch_operator_decorator.py
[2025-02-13T17:29:00.101+0000] {processor.py:766} INFO - DAG(s) dict_keys(['example_branch_python_operator_decorator']) retrieved from /home/airflow/.local/lib/python3.7/site-packages/airflow/example_dags/example_branch_operator_decorator.py
[2025-02-13T17:29:00.158+0000] {logging_mixin.py:137} INFO - [2025-02-13T17:29:00.158+0000] {dag.py:2585} INFO - Sync 1 DAGs
[2025-02-13T17:29:00.230+0000] {logging_mixin.py:137} INFO - [2025-02-13T17:29:00.229+0000] {dag.py:3340} INFO - Setting next_dagrun for example_branch_python_operator_decorator to 2025-02-12T00:00:00+00:00, run_after=2025-02-13T00:00:00+00:00
[2025-02-13T17:29:00.309+0000] {processor.py:176} INFO - Processing /home/airflow/.local/lib/python3.7/site-packages/airflow/example_dags/example_branch_operator_decorator.py took 0.275 seconds
[2025-02-13T17:29:30.423+0000] {processor.py:154} INFO - Started process (PID=1724) to work on /home/airflow/.local/lib/python3.7/site-packages/airflow/example_dags/example_branch_operator_decorator.py
[2025-02-13T17:29:30.425+0000] {processor.py:756} INFO - Processing file /home/airflow/.local/lib/python3.7/site-packages/airflow/example_dags/example_branch_operator_decorator.py for tasks to queue
[2025-02-13T17:29:30.427+0000] {logging_mixin.py:137} INFO - [2025-02-13T17:29:30.427+0000] {dagbag.py:537} INFO - Filling up the DagBag from /home/airflow/.local/lib/python3.7/site-packages/airflow/example_dags/example_branch_operator_decorator.py
[2025-02-13T17:29:30.464+0000] {processor.py:766} INFO - DAG(s) dict_keys(['example_branch_python_operator_decorator']) retrieved from /home/airflow/.local/lib/python3.7/site-packages/airflow/example_dags/example_branch_operator_decorator.py
[2025-02-13T17:29:30.512+0000] {logging_mixin.py:137} INFO - [2025-02-13T17:29:30.512+0000] {dag.py:2585} INFO - Sync 1 DAGs
[2025-02-13T17:29:30.550+0000] {logging_mixin.py:137} INFO - [2025-02-13T17:29:30.550+0000] {dag.py:3340} INFO - Setting next_dagrun for example_branch_python_operator_decorator to 2025-02-12T00:00:00+00:00, run_after=2025-02-13T00:00:00+00:00
[2025-02-13T17:29:30.580+0000] {processor.py:176} INFO - Processing /home/airflow/.local/lib/python3.7/site-packages/airflow/example_dags/example_branch_operator_decorator.py took 0.163 seconds
[2025-02-13T17:30:01.033+0000] {processor.py:154} INFO - Started process (PID=1902) to work on /home/airflow/.local/lib/python3.7/site-packages/airflow/example_dags/example_branch_operator_decorator.py
[2025-02-13T17:30:01.036+0000] {processor.py:756} INFO - Processing file /home/airflow/.local/lib/python3.7/site-packages/airflow/example_dags/example_branch_operator_decorator.py for tasks to queue
[2025-02-13T17:30:01.039+0000] {logging_mixin.py:137} INFO - [2025-02-13T17:30:01.038+0000] {dagbag.py:537} INFO - Filling up the DagBag from /home/airflow/.local/lib/python3.7/site-packages/airflow/example_dags/example_branch_operator_decorator.py
[2025-02-13T17:30:01.084+0000] {processor.py:766} INFO - DAG(s) dict_keys(['example_branch_python_operator_decorator']) retrieved from /home/airflow/.local/lib/python3.7/site-packages/airflow/example_dags/example_branch_operator_decorator.py
[2025-02-13T17:30:01.145+0000] {logging_mixin.py:137} INFO - [2025-02-13T17:30:01.145+0000] {dag.py:2585} INFO - Sync 1 DAGs
[2025-02-13T17:30:01.239+0000] {logging_mixin.py:137} INFO - [2025-02-13T17:30:01.238+0000] {dag.py:3340} INFO - Setting next_dagrun for example_branch_python_operator_decorator to 2025-02-12T00:00:00+00:00, run_after=2025-02-13T00:00:00+00:00
[2025-02-13T17:30:01.300+0000] {processor.py:176} INFO - Processing /home/airflow/.local/lib/python3.7/site-packages/airflow/example_dags/example_branch_operator_decorator.py took 0.280 seconds
[2025-02-13T17:30:31.918+0000] {processor.py:154} INFO - Started process (PID=2082) to work on /home/airflow/.local/lib/python3.7/site-packages/airflow/example_dags/example_branch_operator_decorator.py
[2025-02-13T17:30:31.920+0000] {processor.py:756} INFO - Processing file /home/airflow/.local/lib/python3.7/site-packages/airflow/example_dags/example_branch_operator_decorator.py for tasks to queue
[2025-02-13T17:30:31.922+0000] {logging_mixin.py:137} INFO - [2025-02-13T17:30:31.922+0000] {dagbag.py:537} INFO - Filling up the DagBag from /home/airflow/.local/lib/python3.7/site-packages/airflow/example_dags/example_branch_operator_decorator.py
[2025-02-13T17:30:31.973+0000] {processor.py:766} INFO - DAG(s) dict_keys(['example_branch_python_operator_decorator']) retrieved from /home/airflow/.local/lib/python3.7/site-packages/airflow/example_dags/example_branch_operator_decorator.py
[2025-02-13T17:30:32.033+0000] {logging_mixin.py:137} INFO - [2025-02-13T17:30:32.032+0000] {dag.py:2585} INFO - Sync 1 DAGs
[2025-02-13T17:30:32.108+0000] {logging_mixin.py:137} INFO - [2025-02-13T17:30:32.108+0000] {dag.py:3340} INFO - Setting next_dagrun for example_branch_python_operator_decorator to 2025-02-12T00:00:00+00:00, run_after=2025-02-13T00:00:00+00:00
[2025-02-13T17:30:32.159+0000] {processor.py:176} INFO - Processing /home/airflow/.local/lib/python3.7/site-packages/airflow/example_dags/example_branch_operator_decorator.py took 0.248 seconds
[2025-02-13T17:31:02.450+0000] {processor.py:154} INFO - Started process (PID=2264) to work on /home/airflow/.local/lib/python3.7/site-packages/airflow/example_dags/example_branch_operator_decorator.py
[2025-02-13T17:31:02.452+0000] {processor.py:756} INFO - Processing file /home/airflow/.local/lib/python3.7/site-packages/airflow/example_dags/example_branch_operator_decorator.py for tasks to queue
[2025-02-13T17:31:02.454+0000] {logging_mixin.py:137} INFO - [2025-02-13T17:31:02.453+0000] {dagbag.py:537} INFO - Filling up the DagBag from /home/airflow/.local/lib/python3.7/site-packages/airflow/example_dags/example_branch_operator_decorator.py
[2025-02-13T17:31:02.497+0000] {processor.py:766} INFO - DAG(s) dict_keys(['example_branch_python_operator_decorator']) retrieved from /home/airflow/.local/lib/python3.7/site-packages/airflow/example_dags/example_branch_operator_decorator.py
[2025-02-13T17:31:02.538+0000] {logging_mixin.py:137} INFO - [2025-02-13T17:31:02.537+0000] {dag.py:2585} INFO - Sync 1 DAGs
[2025-02-13T17:31:02.590+0000] {logging_mixin.py:137} INFO - [2025-02-13T17:31:02.590+0000] {dag.py:3340} INFO - Setting next_dagrun for example_branch_python_operator_decorator to 2025-02-12T00:00:00+00:00, run_after=2025-02-13T00:00:00+00:00
[2025-02-13T17:31:02.646+0000] {processor.py:176} INFO - Processing /home/airflow/.local/lib/python3.7/site-packages/airflow/example_dags/example_branch_operator_decorator.py took 0.200 seconds
[2025-02-13T17:31:33.173+0000] {processor.py:154} INFO - Started process (PID=2442) to work on /home/airflow/.local/lib/python3.7/site-packages/airflow/example_dags/example_branch_operator_decorator.py
[2025-02-13T17:31:33.177+0000] {processor.py:756} INFO - Processing file /home/airflow/.local/lib/python3.7/site-packages/airflow/example_dags/example_branch_operator_decorator.py for tasks to queue
[2025-02-13T17:31:33.179+0000] {logging_mixin.py:137} INFO - [2025-02-13T17:31:33.179+0000] {dagbag.py:537} INFO - Filling up the DagBag from /home/airflow/.local/lib/python3.7/site-packages/airflow/example_dags/example_branch_operator_decorator.py
[2025-02-13T17:31:33.269+0000] {processor.py:766} INFO - DAG(s) dict_keys(['example_branch_python_operator_decorator']) retrieved from /home/airflow/.local/lib/python3.7/site-packages/airflow/example_dags/example_branch_operator_decorator.py
[2025-02-13T17:31:33.347+0000] {logging_mixin.py:137} INFO - [2025-02-13T17:31:33.346+0000] {dag.py:2585} INFO - Sync 1 DAGs
[2025-02-13T17:31:33.404+0000] {logging_mixin.py:137} INFO - [2025-02-13T17:31:33.404+0000] {dag.py:3340} INFO - Setting next_dagrun for example_branch_python_operator_decorator to 2025-02-12T00:00:00+00:00, run_after=2025-02-13T00:00:00+00:00
[2025-02-13T17:31:33.455+0000] {processor.py:176} INFO - Processing /home/airflow/.local/lib/python3.7/site-packages/airflow/example_dags/example_branch_operator_decorator.py took 0.294 seconds
[2025-02-13T17:32:04.991+0000] {processor.py:154} INFO - Started process (PID=2622) to work on /home/airflow/.local/lib/python3.7/site-packages/airflow/example_dags/example_branch_operator_decorator.py
[2025-02-13T17:32:04.993+0000] {processor.py:756} INFO - Processing file /home/airflow/.local/lib/python3.7/site-packages/airflow/example_dags/example_branch_operator_decorator.py for tasks to queue
[2025-02-13T17:32:04.995+0000] {logging_mixin.py:137} INFO - [2025-02-13T17:32:04.995+0000] {dagbag.py:537} INFO - Filling up the DagBag from /home/airflow/.local/lib/python3.7/site-packages/airflow/example_dags/example_branch_operator_decorator.py
[2025-02-13T17:32:05.041+0000] {processor.py:766} INFO - DAG(s) dict_keys(['example_branch_python_operator_decorator']) retrieved from /home/airflow/.local/lib/python3.7/site-packages/airflow/example_dags/example_branch_operator_decorator.py
[2025-02-13T17:32:05.118+0000] {logging_mixin.py:137} INFO - [2025-02-13T17:32:05.117+0000] {dag.py:2585} INFO - Sync 1 DAGs
[2025-02-13T17:32:05.172+0000] {logging_mixin.py:137} INFO - [2025-02-13T17:32:05.172+0000] {dag.py:3340} INFO - Setting next_dagrun for example_branch_python_operator_decorator to 2025-02-12T00:00:00+00:00, run_after=2025-02-13T00:00:00+00:00
[2025-02-13T17:32:05.212+0000] {processor.py:176} INFO - Processing /home/airflow/.local/lib/python3.7/site-packages/airflow/example_dags/example_branch_operator_decorator.py took 0.226 seconds
[2025-02-13T17:32:35.612+0000] {processor.py:154} INFO - Started process (PID=2798) to work on /home/airflow/.local/lib/python3.7/site-packages/airflow/example_dags/example_branch_operator_decorator.py
[2025-02-13T17:32:35.614+0000] {processor.py:756} INFO - Processing file /home/airflow/.local/lib/python3.7/site-packages/airflow/example_dags/example_branch_operator_decorator.py for tasks to queue
[2025-02-13T17:32:35.618+0000] {logging_mixin.py:137} INFO - [2025-02-13T17:32:35.618+0000] {dagbag.py:537} INFO - Filling up the DagBag from /home/airflow/.local/lib/python3.7/site-packages/airflow/example_dags/example_branch_operator_decorator.py
[2025-02-13T17:32:35.687+0000] {processor.py:766} INFO - DAG(s) dict_keys(['example_branch_python_operator_decorator']) retrieved from /home/airflow/.local/lib/python3.7/site-packages/airflow/example_dags/example_branch_operator_decorator.py
[2025-02-13T17:32:35.811+0000] {logging_mixin.py:137} INFO - [2025-02-13T17:32:35.810+0000] {dag.py:2585} INFO - Sync 1 DAGs
[2025-02-13T17:32:35.882+0000] {logging_mixin.py:137} INFO - [2025-02-13T17:32:35.882+0000] {dag.py:3340} INFO - Setting next_dagrun for example_branch_python_operator_decorator to 2025-02-12T00:00:00+00:00, run_after=2025-02-13T00:00:00+00:00
[2025-02-13T17:32:35.980+0000] {processor.py:176} INFO - Processing /home/airflow/.local/lib/python3.7/site-packages/airflow/example_dags/example_branch_operator_decorator.py took 0.376 seconds
[2025-02-13T17:33:06.328+0000] {processor.py:154} INFO - Started process (PID=2979) to work on /home/airflow/.local/lib/python3.7/site-packages/airflow/example_dags/example_branch_operator_decorator.py
[2025-02-13T17:33:06.331+0000] {processor.py:756} INFO - Processing file /home/airflow/.local/lib/python3.7/site-packages/airflow/example_dags/example_branch_operator_decorator.py for tasks to queue
[2025-02-13T17:33:06.333+0000] {logging_mixin.py:137} INFO - [2025-02-13T17:33:06.333+0000] {dagbag.py:537} INFO - Filling up the DagBag from /home/airflow/.local/lib/python3.7/site-packages/airflow/example_dags/example_branch_operator_decorator.py
[2025-02-13T17:33:06.385+0000] {processor.py:766} INFO - DAG(s) dict_keys(['example_branch_python_operator_decorator']) retrieved from /home/airflow/.local/lib/python3.7/site-packages/airflow/example_dags/example_branch_operator_decorator.py
[2025-02-13T17:33:06.445+0000] {logging_mixin.py:137} INFO - [2025-02-13T17:33:06.444+0000] {dag.py:2585} INFO - Sync 1 DAGs
[2025-02-13T17:33:06.504+0000] {logging_mixin.py:137} INFO - [2025-02-13T17:33:06.504+0000] {dag.py:3340} INFO - Setting next_dagrun for example_branch_python_operator_decorator to 2025-02-12T00:00:00+00:00, run_after=2025-02-13T00:00:00+00:00
[2025-02-13T17:33:06.539+0000] {processor.py:176} INFO - Processing /home/airflow/.local/lib/python3.7/site-packages/airflow/example_dags/example_branch_operator_decorator.py took 0.215 seconds
[2025-02-13T17:33:36.765+0000] {processor.py:154} INFO - Started process (PID=3159) to work on /home/airflow/.local/lib/python3.7/site-packages/airflow/example_dags/example_branch_operator_decorator.py
[2025-02-13T17:33:36.768+0000] {processor.py:756} INFO - Processing file /home/airflow/.local/lib/python3.7/site-packages/airflow/example_dags/example_branch_operator_decorator.py for tasks to queue
[2025-02-13T17:33:36.769+0000] {logging_mixin.py:137} INFO - [2025-02-13T17:33:36.769+0000] {dagbag.py:537} INFO - Filling up the DagBag from /home/airflow/.local/lib/python3.7/site-packages/airflow/example_dags/example_branch_operator_decorator.py
[2025-02-13T17:33:36.816+0000] {processor.py:766} INFO - DAG(s) dict_keys(['example_branch_python_operator_decorator']) retrieved from /home/airflow/.local/lib/python3.7/site-packages/airflow/example_dags/example_branch_operator_decorator.py
[2025-02-13T17:33:36.900+0000] {logging_mixin.py:137} INFO - [2025-02-13T17:33:36.900+0000] {dag.py:2585} INFO - Sync 1 DAGs
[2025-02-13T17:33:36.949+0000] {logging_mixin.py:137} INFO - [2025-02-13T17:33:36.948+0000] {dag.py:3340} INFO - Setting next_dagrun for example_branch_python_operator_decorator to 2025-02-12T00:00:00+00:00, run_after=2025-02-13T00:00:00+00:00
[2025-02-13T17:33:36.992+0000] {processor.py:176} INFO - Processing /home/airflow/.local/lib/python3.7/site-packages/airflow/example_dags/example_branch_operator_decorator.py took 0.232 seconds
[2025-02-13T17:34:07.526+0000] {processor.py:154} INFO - Started process (PID=3339) to work on /home/airflow/.local/lib/python3.7/site-packages/airflow/example_dags/example_branch_operator_decorator.py
[2025-02-13T17:34:07.528+0000] {processor.py:756} INFO - Processing file /home/airflow/.local/lib/python3.7/site-packages/airflow/example_dags/example_branch_operator_decorator.py for tasks to queue
[2025-02-13T17:34:07.530+0000] {logging_mixin.py:137} INFO - [2025-02-13T17:34:07.530+0000] {dagbag.py:537} INFO - Filling up the DagBag from /home/airflow/.local/lib/python3.7/site-packages/airflow/example_dags/example_branch_operator_decorator.py
[2025-02-13T17:34:07.583+0000] {processor.py:766} INFO - DAG(s) dict_keys(['example_branch_python_operator_decorator']) retrieved from /home/airflow/.local/lib/python3.7/site-packages/airflow/example_dags/example_branch_operator_decorator.py
[2025-02-13T17:34:07.670+0000] {logging_mixin.py:137} INFO - [2025-02-13T17:34:07.669+0000] {dag.py:2585} INFO - Sync 1 DAGs
[2025-02-13T17:34:07.729+0000] {logging_mixin.py:137} INFO - [2025-02-13T17:34:07.728+0000] {dag.py:3340} INFO - Setting next_dagrun for example_branch_python_operator_decorator to 2025-02-12T00:00:00+00:00, run_after=2025-02-13T00:00:00+00:00
[2025-02-13T17:34:07.778+0000] {processor.py:176} INFO - Processing /home/airflow/.local/lib/python3.7/site-packages/airflow/example_dags/example_branch_operator_decorator.py took 0.257 seconds
[2025-02-13T17:34:38.201+0000] {processor.py:154} INFO - Started process (PID=3519) to work on /home/airflow/.local/lib/python3.7/site-packages/airflow/example_dags/example_branch_operator_decorator.py
[2025-02-13T17:34:38.203+0000] {processor.py:756} INFO - Processing file /home/airflow/.local/lib/python3.7/site-packages/airflow/example_dags/example_branch_operator_decorator.py for tasks to queue
[2025-02-13T17:34:38.205+0000] {logging_mixin.py:137} INFO - [2025-02-13T17:34:38.204+0000] {dagbag.py:537} INFO - Filling up the DagBag from /home/airflow/.local/lib/python3.7/site-packages/airflow/example_dags/example_branch_operator_decorator.py
[2025-02-13T17:34:38.250+0000] {processor.py:766} INFO - DAG(s) dict_keys(['example_branch_python_operator_decorator']) retrieved from /home/airflow/.local/lib/python3.7/site-packages/airflow/example_dags/example_branch_operator_decorator.py
[2025-02-13T17:34:38.322+0000] {logging_mixin.py:137} INFO - [2025-02-13T17:34:38.321+0000] {dag.py:2585} INFO - Sync 1 DAGs
[2025-02-13T17:34:38.380+0000] {logging_mixin.py:137} INFO - [2025-02-13T17:34:38.380+0000] {dag.py:3340} INFO - Setting next_dagrun for example_branch_python_operator_decorator to 2025-02-12T00:00:00+00:00, run_after=2025-02-13T00:00:00+00:00
[2025-02-13T17:34:38.425+0000] {processor.py:176} INFO - Processing /home/airflow/.local/lib/python3.7/site-packages/airflow/example_dags/example_branch_operator_decorator.py took 0.230 seconds
[2025-02-13T17:35:08.738+0000] {processor.py:154} INFO - Started process (PID=3697) to work on /home/airflow/.local/lib/python3.7/site-packages/airflow/example_dags/example_branch_operator_decorator.py
[2025-02-13T17:35:08.740+0000] {processor.py:756} INFO - Processing file /home/airflow/.local/lib/python3.7/site-packages/airflow/example_dags/example_branch_operator_decorator.py for tasks to queue
[2025-02-13T17:35:08.742+0000] {logging_mixin.py:137} INFO - [2025-02-13T17:35:08.742+0000] {dagbag.py:537} INFO - Filling up the DagBag from /home/airflow/.local/lib/python3.7/site-packages/airflow/example_dags/example_branch_operator_decorator.py
[2025-02-13T17:35:08.793+0000] {processor.py:766} INFO - DAG(s) dict_keys(['example_branch_python_operator_decorator']) retrieved from /home/airflow/.local/lib/python3.7/site-packages/airflow/example_dags/example_branch_operator_decorator.py
[2025-02-13T17:35:08.869+0000] {logging_mixin.py:137} INFO - [2025-02-13T17:35:08.869+0000] {dag.py:2585} INFO - Sync 1 DAGs
[2025-02-13T17:35:08.924+0000] {logging_mixin.py:137} INFO - [2025-02-13T17:35:08.923+0000] {dag.py:3340} INFO - Setting next_dagrun for example_branch_python_operator_decorator to 2025-02-12T00:00:00+00:00, run_after=2025-02-13T00:00:00+00:00
[2025-02-13T17:35:08.967+0000] {processor.py:176} INFO - Processing /home/airflow/.local/lib/python3.7/site-packages/airflow/example_dags/example_branch_operator_decorator.py took 0.236 seconds
[2025-02-13T17:35:39.169+0000] {processor.py:154} INFO - Started process (PID=3874) to work on /home/airflow/.local/lib/python3.7/site-packages/airflow/example_dags/example_branch_operator_decorator.py
[2025-02-13T17:35:39.174+0000] {processor.py:756} INFO - Processing file /home/airflow/.local/lib/python3.7/site-packages/airflow/example_dags/example_branch_operator_decorator.py for tasks to queue
[2025-02-13T17:35:39.178+0000] {logging_mixin.py:137} INFO - [2025-02-13T17:35:39.177+0000] {dagbag.py:537} INFO - Filling up the DagBag from /home/airflow/.local/lib/python3.7/site-packages/airflow/example_dags/example_branch_operator_decorator.py
[2025-02-13T17:35:39.251+0000] {processor.py:766} INFO - DAG(s) dict_keys(['example_branch_python_operator_decorator']) retrieved from /home/airflow/.local/lib/python3.7/site-packages/airflow/example_dags/example_branch_operator_decorator.py
[2025-02-13T17:35:39.378+0000] {logging_mixin.py:137} INFO - [2025-02-13T17:35:39.378+0000] {dag.py:2585} INFO - Sync 1 DAGs
[2025-02-13T17:35:39.477+0000] {logging_mixin.py:137} INFO - [2025-02-13T17:35:39.477+0000] {dag.py:3340} INFO - Setting next_dagrun for example_branch_python_operator_decorator to 2025-02-12T00:00:00+00:00, run_after=2025-02-13T00:00:00+00:00
[2025-02-13T17:35:39.532+0000] {processor.py:176} INFO - Processing /home/airflow/.local/lib/python3.7/site-packages/airflow/example_dags/example_branch_operator_decorator.py took 0.368 seconds
[2025-02-13T17:36:09.772+0000] {processor.py:154} INFO - Started process (PID=4054) to work on /home/airflow/.local/lib/python3.7/site-packages/airflow/example_dags/example_branch_operator_decorator.py
[2025-02-13T17:36:09.774+0000] {processor.py:756} INFO - Processing file /home/airflow/.local/lib/python3.7/site-packages/airflow/example_dags/example_branch_operator_decorator.py for tasks to queue
[2025-02-13T17:36:09.776+0000] {logging_mixin.py:137} INFO - [2025-02-13T17:36:09.775+0000] {dagbag.py:537} INFO - Filling up the DagBag from /home/airflow/.local/lib/python3.7/site-packages/airflow/example_dags/example_branch_operator_decorator.py
[2025-02-13T17:36:09.817+0000] {processor.py:766} INFO - DAG(s) dict_keys(['example_branch_python_operator_decorator']) retrieved from /home/airflow/.local/lib/python3.7/site-packages/airflow/example_dags/example_branch_operator_decorator.py
[2025-02-13T17:36:09.884+0000] {logging_mixin.py:137} INFO - [2025-02-13T17:36:09.884+0000] {dag.py:2585} INFO - Sync 1 DAGs
[2025-02-13T17:36:09.936+0000] {logging_mixin.py:137} INFO - [2025-02-13T17:36:09.936+0000] {dag.py:3340} INFO - Setting next_dagrun for example_branch_python_operator_decorator to 2025-02-12T00:00:00+00:00, run_after=2025-02-13T00:00:00+00:00
[2025-02-13T17:36:09.973+0000] {processor.py:176} INFO - Processing /home/airflow/.local/lib/python3.7/site-packages/airflow/example_dags/example_branch_operator_decorator.py took 0.207 seconds
[2025-02-13T17:36:40.237+0000] {processor.py:154} INFO - Started process (PID=4234) to work on /home/airflow/.local/lib/python3.7/site-packages/airflow/example_dags/example_branch_operator_decorator.py
[2025-02-13T17:36:40.240+0000] {processor.py:756} INFO - Processing file /home/airflow/.local/lib/python3.7/site-packages/airflow/example_dags/example_branch_operator_decorator.py for tasks to queue
[2025-02-13T17:36:40.242+0000] {logging_mixin.py:137} INFO - [2025-02-13T17:36:40.242+0000] {dagbag.py:537} INFO - Filling up the DagBag from /home/airflow/.local/lib/python3.7/site-packages/airflow/example_dags/example_branch_operator_decorator.py
[2025-02-13T17:36:40.289+0000] {processor.py:766} INFO - DAG(s) dict_keys(['example_branch_python_operator_decorator']) retrieved from /home/airflow/.local/lib/python3.7/site-packages/airflow/example_dags/example_branch_operator_decorator.py
[2025-02-13T17:36:40.362+0000] {logging_mixin.py:137} INFO - [2025-02-13T17:36:40.361+0000] {dag.py:2585} INFO - Sync 1 DAGs
[2025-02-13T17:36:40.412+0000] {logging_mixin.py:137} INFO - [2025-02-13T17:36:40.412+0000] {dag.py:3340} INFO - Setting next_dagrun for example_branch_python_operator_decorator to 2025-02-12T00:00:00+00:00, run_after=2025-02-13T00:00:00+00:00
[2025-02-13T17:36:40.451+0000] {processor.py:176} INFO - Processing /home/airflow/.local/lib/python3.7/site-packages/airflow/example_dags/example_branch_operator_decorator.py took 0.219 seconds
[2025-02-13T17:37:10.580+0000] {processor.py:154} INFO - Started process (PID=4414) to work on /home/airflow/.local/lib/python3.7/site-packages/airflow/example_dags/example_branch_operator_decorator.py
[2025-02-13T17:37:10.582+0000] {processor.py:756} INFO - Processing file /home/airflow/.local/lib/python3.7/site-packages/airflow/example_dags/example_branch_operator_decorator.py for tasks to queue
[2025-02-13T17:37:10.584+0000] {logging_mixin.py:137} INFO - [2025-02-13T17:37:10.584+0000] {dagbag.py:537} INFO - Filling up the DagBag from /home/airflow/.local/lib/python3.7/site-packages/airflow/example_dags/example_branch_operator_decorator.py
[2025-02-13T17:37:10.626+0000] {processor.py:766} INFO - DAG(s) dict_keys(['example_branch_python_operator_decorator']) retrieved from /home/airflow/.local/lib/python3.7/site-packages/airflow/example_dags/example_branch_operator_decorator.py
[2025-02-13T17:37:10.703+0000] {logging_mixin.py:137} INFO - [2025-02-13T17:37:10.703+0000] {dag.py:2585} INFO - Sync 1 DAGs
[2025-02-13T17:37:10.754+0000] {logging_mixin.py:137} INFO - [2025-02-13T17:37:10.754+0000] {dag.py:3340} INFO - Setting next_dagrun for example_branch_python_operator_decorator to 2025-02-12T00:00:00+00:00, run_after=2025-02-13T00:00:00+00:00
[2025-02-13T17:37:10.797+0000] {processor.py:176} INFO - Processing /home/airflow/.local/lib/python3.7/site-packages/airflow/example_dags/example_branch_operator_decorator.py took 0.224 seconds
[2025-02-13T17:37:41.085+0000] {processor.py:154} INFO - Started process (PID=4594) to work on /home/airflow/.local/lib/python3.7/site-packages/airflow/example_dags/example_branch_operator_decorator.py
[2025-02-13T17:37:41.087+0000] {processor.py:756} INFO - Processing file /home/airflow/.local/lib/python3.7/site-packages/airflow/example_dags/example_branch_operator_decorator.py for tasks to queue
[2025-02-13T17:37:41.089+0000] {logging_mixin.py:137} INFO - [2025-02-13T17:37:41.089+0000] {dagbag.py:537} INFO - Filling up the DagBag from /home/airflow/.local/lib/python3.7/site-packages/airflow/example_dags/example_branch_operator_decorator.py
[2025-02-13T17:37:41.144+0000] {processor.py:766} INFO - DAG(s) dict_keys(['example_branch_python_operator_decorator']) retrieved from /home/airflow/.local/lib/python3.7/site-packages/airflow/example_dags/example_branch_operator_decorator.py
[2025-02-13T17:37:41.225+0000] {logging_mixin.py:137} INFO - [2025-02-13T17:37:41.225+0000] {dag.py:2585} INFO - Sync 1 DAGs
[2025-02-13T17:37:41.277+0000] {logging_mixin.py:137} INFO - [2025-02-13T17:37:41.277+0000] {dag.py:3340} INFO - Setting next_dagrun for example_branch_python_operator_decorator to 2025-02-12T00:00:00+00:00, run_after=2025-02-13T00:00:00+00:00
[2025-02-13T17:37:41.321+0000] {processor.py:176} INFO - Processing /home/airflow/.local/lib/python3.7/site-packages/airflow/example_dags/example_branch_operator_decorator.py took 0.243 seconds
[2025-02-13T17:38:11.457+0000] {processor.py:154} INFO - Started process (PID=4774) to work on /home/airflow/.local/lib/python3.7/site-packages/airflow/example_dags/example_branch_operator_decorator.py
[2025-02-13T17:38:11.459+0000] {processor.py:756} INFO - Processing file /home/airflow/.local/lib/python3.7/site-packages/airflow/example_dags/example_branch_operator_decorator.py for tasks to queue
[2025-02-13T17:38:11.460+0000] {logging_mixin.py:137} INFO - [2025-02-13T17:38:11.460+0000] {dagbag.py:537} INFO - Filling up the DagBag from /home/airflow/.local/lib/python3.7/site-packages/airflow/example_dags/example_branch_operator_decorator.py
[2025-02-13T17:38:11.501+0000] {processor.py:766} INFO - DAG(s) dict_keys(['example_branch_python_operator_decorator']) retrieved from /home/airflow/.local/lib/python3.7/site-packages/airflow/example_dags/example_branch_operator_decorator.py
[2025-02-13T17:38:11.582+0000] {logging_mixin.py:137} INFO - [2025-02-13T17:38:11.581+0000] {dag.py:2585} INFO - Sync 1 DAGs
[2025-02-13T17:38:11.682+0000] {logging_mixin.py:137} INFO - [2025-02-13T17:38:11.682+0000] {dag.py:3340} INFO - Setting next_dagrun for example_branch_python_operator_decorator to 2025-02-12T00:00:00+00:00, run_after=2025-02-13T00:00:00+00:00
[2025-02-13T17:38:11.741+0000] {processor.py:176} INFO - Processing /home/airflow/.local/lib/python3.7/site-packages/airflow/example_dags/example_branch_operator_decorator.py took 0.289 seconds
[2025-02-13T17:38:42.450+0000] {processor.py:154} INFO - Started process (PID=4954) to work on /home/airflow/.local/lib/python3.7/site-packages/airflow/example_dags/example_branch_operator_decorator.py
[2025-02-13T17:38:42.452+0000] {processor.py:756} INFO - Processing file /home/airflow/.local/lib/python3.7/site-packages/airflow/example_dags/example_branch_operator_decorator.py for tasks to queue
[2025-02-13T17:38:42.454+0000] {logging_mixin.py:137} INFO - [2025-02-13T17:38:42.454+0000] {dagbag.py:537} INFO - Filling up the DagBag from /home/airflow/.local/lib/python3.7/site-packages/airflow/example_dags/example_branch_operator_decorator.py
[2025-02-13T17:38:42.501+0000] {processor.py:766} INFO - DAG(s) dict_keys(['example_branch_python_operator_decorator']) retrieved from /home/airflow/.local/lib/python3.7/site-packages/airflow/example_dags/example_branch_operator_decorator.py
[2025-02-13T17:38:42.577+0000] {logging_mixin.py:137} INFO - [2025-02-13T17:38:42.576+0000] {dag.py:2585} INFO - Sync 1 DAGs
[2025-02-13T17:38:42.627+0000] {logging_mixin.py:137} INFO - [2025-02-13T17:38:42.626+0000] {dag.py:3340} INFO - Setting next_dagrun for example_branch_python_operator_decorator to 2025-02-12T00:00:00+00:00, run_after=2025-02-13T00:00:00+00:00
[2025-02-13T17:38:42.675+0000] {processor.py:176} INFO - Processing /home/airflow/.local/lib/python3.7/site-packages/airflow/example_dags/example_branch_operator_decorator.py took 0.230 seconds
[2025-02-13T17:39:40.892+0000] {processor.py:154} INFO - Started process (PID=5144) to work on /home/airflow/.local/lib/python3.7/site-packages/airflow/example_dags/example_branch_operator_decorator.py
[2025-02-13T17:39:40.894+0000] {processor.py:756} INFO - Processing file /home/airflow/.local/lib/python3.7/site-packages/airflow/example_dags/example_branch_operator_decorator.py for tasks to queue
[2025-02-13T17:39:40.895+0000] {logging_mixin.py:137} INFO - [2025-02-13T17:39:40.895+0000] {dagbag.py:537} INFO - Filling up the DagBag from /home/airflow/.local/lib/python3.7/site-packages/airflow/example_dags/example_branch_operator_decorator.py
[2025-02-13T17:39:40.924+0000] {processor.py:766} INFO - DAG(s) dict_keys(['example_branch_python_operator_decorator']) retrieved from /home/airflow/.local/lib/python3.7/site-packages/airflow/example_dags/example_branch_operator_decorator.py
[2025-02-13T17:39:40.965+0000] {logging_mixin.py:137} INFO - [2025-02-13T17:39:40.964+0000] {dag.py:2585} INFO - Sync 1 DAGs
[2025-02-13T17:39:40.995+0000] {logging_mixin.py:137} INFO - [2025-02-13T17:39:40.995+0000] {dag.py:3340} INFO - Setting next_dagrun for example_branch_python_operator_decorator to 2025-02-12T00:00:00+00:00, run_after=2025-02-13T00:00:00+00:00
[2025-02-13T17:39:41.023+0000] {processor.py:176} INFO - Processing /home/airflow/.local/lib/python3.7/site-packages/airflow/example_dags/example_branch_operator_decorator.py took 0.134 seconds
[2025-02-13T17:40:12.286+0000] {processor.py:154} INFO - Started process (PID=5324) to work on /home/airflow/.local/lib/python3.7/site-packages/airflow/example_dags/example_branch_operator_decorator.py
[2025-02-13T17:40:12.288+0000] {processor.py:756} INFO - Processing file /home/airflow/.local/lib/python3.7/site-packages/airflow/example_dags/example_branch_operator_decorator.py for tasks to queue
[2025-02-13T17:40:12.290+0000] {logging_mixin.py:137} INFO - [2025-02-13T17:40:12.289+0000] {dagbag.py:537} INFO - Filling up the DagBag from /home/airflow/.local/lib/python3.7/site-packages/airflow/example_dags/example_branch_operator_decorator.py
[2025-02-13T17:40:12.327+0000] {processor.py:766} INFO - DAG(s) dict_keys(['example_branch_python_operator_decorator']) retrieved from /home/airflow/.local/lib/python3.7/site-packages/airflow/example_dags/example_branch_operator_decorator.py
[2025-02-13T17:40:12.394+0000] {logging_mixin.py:137} INFO - [2025-02-13T17:40:12.393+0000] {dag.py:2585} INFO - Sync 1 DAGs
[2025-02-13T17:40:12.448+0000] {logging_mixin.py:137} INFO - [2025-02-13T17:40:12.447+0000] {dag.py:3340} INFO - Setting next_dagrun for example_branch_python_operator_decorator to 2025-02-12T00:00:00+00:00, run_after=2025-02-13T00:00:00+00:00
[2025-02-13T17:40:12.486+0000] {processor.py:176} INFO - Processing /home/airflow/.local/lib/python3.7/site-packages/airflow/example_dags/example_branch_operator_decorator.py took 0.211 seconds
[2025-02-13T17:40:43.914+0000] {processor.py:154} INFO - Started process (PID=5506) to work on /home/airflow/.local/lib/python3.7/site-packages/airflow/example_dags/example_branch_operator_decorator.py
[2025-02-13T17:40:43.916+0000] {processor.py:756} INFO - Processing file /home/airflow/.local/lib/python3.7/site-packages/airflow/example_dags/example_branch_operator_decorator.py for tasks to queue
[2025-02-13T17:40:43.920+0000] {logging_mixin.py:137} INFO - [2025-02-13T17:40:43.919+0000] {dagbag.py:537} INFO - Filling up the DagBag from /home/airflow/.local/lib/python3.7/site-packages/airflow/example_dags/example_branch_operator_decorator.py
[2025-02-13T17:40:43.970+0000] {processor.py:766} INFO - DAG(s) dict_keys(['example_branch_python_operator_decorator']) retrieved from /home/airflow/.local/lib/python3.7/site-packages/airflow/example_dags/example_branch_operator_decorator.py
[2025-02-13T17:40:44.092+0000] {logging_mixin.py:137} INFO - [2025-02-13T17:40:44.092+0000] {dag.py:2585} INFO - Sync 1 DAGs
[2025-02-13T17:40:44.152+0000] {logging_mixin.py:137} INFO - [2025-02-13T17:40:44.152+0000] {dag.py:3340} INFO - Setting next_dagrun for example_branch_python_operator_decorator to 2025-02-12T00:00:00+00:00, run_after=2025-02-13T00:00:00+00:00
[2025-02-13T17:40:44.218+0000] {processor.py:176} INFO - Processing /home/airflow/.local/lib/python3.7/site-packages/airflow/example_dags/example_branch_operator_decorator.py took 0.309 seconds
[2025-02-13T17:41:14.352+0000] {processor.py:154} INFO - Started process (PID=5684) to work on /home/airflow/.local/lib/python3.7/site-packages/airflow/example_dags/example_branch_operator_decorator.py
[2025-02-13T17:41:14.354+0000] {processor.py:756} INFO - Processing file /home/airflow/.local/lib/python3.7/site-packages/airflow/example_dags/example_branch_operator_decorator.py for tasks to queue
[2025-02-13T17:41:14.355+0000] {logging_mixin.py:137} INFO - [2025-02-13T17:41:14.355+0000] {dagbag.py:537} INFO - Filling up the DagBag from /home/airflow/.local/lib/python3.7/site-packages/airflow/example_dags/example_branch_operator_decorator.py
[2025-02-13T17:41:14.400+0000] {processor.py:766} INFO - DAG(s) dict_keys(['example_branch_python_operator_decorator']) retrieved from /home/airflow/.local/lib/python3.7/site-packages/airflow/example_dags/example_branch_operator_decorator.py
[2025-02-13T17:41:14.474+0000] {logging_mixin.py:137} INFO - [2025-02-13T17:41:14.473+0000] {dag.py:2585} INFO - Sync 1 DAGs
[2025-02-13T17:41:14.524+0000] {logging_mixin.py:137} INFO - [2025-02-13T17:41:14.524+0000] {dag.py:3340} INFO - Setting next_dagrun for example_branch_python_operator_decorator to 2025-02-12T00:00:00+00:00, run_after=2025-02-13T00:00:00+00:00
[2025-02-13T17:41:14.576+0000] {processor.py:176} INFO - Processing /home/airflow/.local/lib/python3.7/site-packages/airflow/example_dags/example_branch_operator_decorator.py took 0.230 seconds
[2025-02-13T17:41:45.084+0000] {processor.py:154} INFO - Started process (PID=5864) to work on /home/airflow/.local/lib/python3.7/site-packages/airflow/example_dags/example_branch_operator_decorator.py
[2025-02-13T17:41:45.086+0000] {processor.py:756} INFO - Processing file /home/airflow/.local/lib/python3.7/site-packages/airflow/example_dags/example_branch_operator_decorator.py for tasks to queue
[2025-02-13T17:41:45.088+0000] {logging_mixin.py:137} INFO - [2025-02-13T17:41:45.088+0000] {dagbag.py:537} INFO - Filling up the DagBag from /home/airflow/.local/lib/python3.7/site-packages/airflow/example_dags/example_branch_operator_decorator.py
[2025-02-13T17:41:45.146+0000] {processor.py:766} INFO - DAG(s) dict_keys(['example_branch_python_operator_decorator']) retrieved from /home/airflow/.local/lib/python3.7/site-packages/airflow/example_dags/example_branch_operator_decorator.py
[2025-02-13T17:41:45.248+0000] {logging_mixin.py:137} INFO - [2025-02-13T17:41:45.246+0000] {dag.py:2585} INFO - Sync 1 DAGs
[2025-02-13T17:41:45.305+0000] {logging_mixin.py:137} INFO - [2025-02-13T17:41:45.305+0000] {dag.py:3340} INFO - Setting next_dagrun for example_branch_python_operator_decorator to 2025-02-12T00:00:00+00:00, run_after=2025-02-13T00:00:00+00:00
[2025-02-13T17:41:45.350+0000] {processor.py:176} INFO - Processing /home/airflow/.local/lib/python3.7/site-packages/airflow/example_dags/example_branch_operator_decorator.py took 0.273 seconds
[2025-02-13T17:42:15.716+0000] {processor.py:154} INFO - Started process (PID=6044) to work on /home/airflow/.local/lib/python3.7/site-packages/airflow/example_dags/example_branch_operator_decorator.py
[2025-02-13T17:42:15.719+0000] {processor.py:756} INFO - Processing file /home/airflow/.local/lib/python3.7/site-packages/airflow/example_dags/example_branch_operator_decorator.py for tasks to queue
[2025-02-13T17:42:15.722+0000] {logging_mixin.py:137} INFO - [2025-02-13T17:42:15.721+0000] {dagbag.py:537} INFO - Filling up the DagBag from /home/airflow/.local/lib/python3.7/site-packages/airflow/example_dags/example_branch_operator_decorator.py
[2025-02-13T17:42:15.817+0000] {processor.py:766} INFO - DAG(s) dict_keys(['example_branch_python_operator_decorator']) retrieved from /home/airflow/.local/lib/python3.7/site-packages/airflow/example_dags/example_branch_operator_decorator.py
[2025-02-13T17:42:15.904+0000] {logging_mixin.py:137} INFO - [2025-02-13T17:42:15.904+0000] {dag.py:2585} INFO - Sync 1 DAGs
[2025-02-13T17:42:15.956+0000] {logging_mixin.py:137} INFO - [2025-02-13T17:42:15.956+0000] {dag.py:3340} INFO - Setting next_dagrun for example_branch_python_operator_decorator to 2025-02-12T00:00:00+00:00, run_after=2025-02-13T00:00:00+00:00
[2025-02-13T17:42:16.004+0000] {processor.py:176} INFO - Processing /home/airflow/.local/lib/python3.7/site-packages/airflow/example_dags/example_branch_operator_decorator.py took 0.296 seconds
[2025-02-13T17:42:46.214+0000] {processor.py:154} INFO - Started process (PID=6221) to work on /home/airflow/.local/lib/python3.7/site-packages/airflow/example_dags/example_branch_operator_decorator.py
[2025-02-13T17:42:46.216+0000] {processor.py:756} INFO - Processing file /home/airflow/.local/lib/python3.7/site-packages/airflow/example_dags/example_branch_operator_decorator.py for tasks to queue
[2025-02-13T17:42:46.217+0000] {logging_mixin.py:137} INFO - [2025-02-13T17:42:46.217+0000] {dagbag.py:537} INFO - Filling up the DagBag from /home/airflow/.local/lib/python3.7/site-packages/airflow/example_dags/example_branch_operator_decorator.py
[2025-02-13T17:42:46.252+0000] {processor.py:766} INFO - DAG(s) dict_keys(['example_branch_python_operator_decorator']) retrieved from /home/airflow/.local/lib/python3.7/site-packages/airflow/example_dags/example_branch_operator_decorator.py
[2025-02-13T17:42:46.312+0000] {logging_mixin.py:137} INFO - [2025-02-13T17:42:46.312+0000] {dag.py:2585} INFO - Sync 1 DAGs
[2025-02-13T17:42:46.354+0000] {logging_mixin.py:137} INFO - [2025-02-13T17:42:46.354+0000] {dag.py:3340} INFO - Setting next_dagrun for example_branch_python_operator_decorator to 2025-02-12T00:00:00+00:00, run_after=2025-02-13T00:00:00+00:00
[2025-02-13T17:42:46.389+0000] {processor.py:176} INFO - Processing /home/airflow/.local/lib/python3.7/site-packages/airflow/example_dags/example_branch_operator_decorator.py took 0.178 seconds
[2025-02-13T17:43:17.202+0000] {processor.py:154} INFO - Started process (PID=6404) to work on /home/airflow/.local/lib/python3.7/site-packages/airflow/example_dags/example_branch_operator_decorator.py
[2025-02-13T17:43:17.204+0000] {processor.py:756} INFO - Processing file /home/airflow/.local/lib/python3.7/site-packages/airflow/example_dags/example_branch_operator_decorator.py for tasks to queue
[2025-02-13T17:43:17.207+0000] {logging_mixin.py:137} INFO - [2025-02-13T17:43:17.207+0000] {dagbag.py:537} INFO - Filling up the DagBag from /home/airflow/.local/lib/python3.7/site-packages/airflow/example_dags/example_branch_operator_decorator.py
[2025-02-13T17:43:17.251+0000] {processor.py:766} INFO - DAG(s) dict_keys(['example_branch_python_operator_decorator']) retrieved from /home/airflow/.local/lib/python3.7/site-packages/airflow/example_dags/example_branch_operator_decorator.py
[2025-02-13T17:43:17.322+0000] {logging_mixin.py:137} INFO - [2025-02-13T17:43:17.322+0000] {dag.py:2585} INFO - Sync 1 DAGs
[2025-02-13T17:43:17.372+0000] {logging_mixin.py:137} INFO - [2025-02-13T17:43:17.371+0000] {dag.py:3340} INFO - Setting next_dagrun for example_branch_python_operator_decorator to 2025-02-12T00:00:00+00:00, run_after=2025-02-13T00:00:00+00:00
[2025-02-13T17:43:17.418+0000] {processor.py:176} INFO - Processing /home/airflow/.local/lib/python3.7/site-packages/airflow/example_dags/example_branch_operator_decorator.py took 0.221 seconds
[2025-02-13T17:43:47.641+0000] {processor.py:154} INFO - Started process (PID=6579) to work on /home/airflow/.local/lib/python3.7/site-packages/airflow/example_dags/example_branch_operator_decorator.py
[2025-02-13T17:43:47.644+0000] {processor.py:756} INFO - Processing file /home/airflow/.local/lib/python3.7/site-packages/airflow/example_dags/example_branch_operator_decorator.py for tasks to queue
[2025-02-13T17:43:47.645+0000] {logging_mixin.py:137} INFO - [2025-02-13T17:43:47.645+0000] {dagbag.py:537} INFO - Filling up the DagBag from /home/airflow/.local/lib/python3.7/site-packages/airflow/example_dags/example_branch_operator_decorator.py
[2025-02-13T17:43:47.726+0000] {processor.py:766} INFO - DAG(s) dict_keys(['example_branch_python_operator_decorator']) retrieved from /home/airflow/.local/lib/python3.7/site-packages/airflow/example_dags/example_branch_operator_decorator.py
[2025-02-13T17:43:47.850+0000] {logging_mixin.py:137} INFO - [2025-02-13T17:43:47.850+0000] {dag.py:2585} INFO - Sync 1 DAGs
[2025-02-13T17:43:47.915+0000] {logging_mixin.py:137} INFO - [2025-02-13T17:43:47.915+0000] {dag.py:3340} INFO - Setting next_dagrun for example_branch_python_operator_decorator to 2025-02-12T00:00:00+00:00, run_after=2025-02-13T00:00:00+00:00
[2025-02-13T17:43:47.976+0000] {processor.py:176} INFO - Processing /home/airflow/.local/lib/python3.7/site-packages/airflow/example_dags/example_branch_operator_decorator.py took 0.340 seconds
[2025-02-13T17:44:18.598+0000] {processor.py:154} INFO - Started process (PID=6761) to work on /home/airflow/.local/lib/python3.7/site-packages/airflow/example_dags/example_branch_operator_decorator.py
[2025-02-13T17:44:18.600+0000] {processor.py:756} INFO - Processing file /home/airflow/.local/lib/python3.7/site-packages/airflow/example_dags/example_branch_operator_decorator.py for tasks to queue
[2025-02-13T17:44:18.602+0000] {logging_mixin.py:137} INFO - [2025-02-13T17:44:18.601+0000] {dagbag.py:537} INFO - Filling up the DagBag from /home/airflow/.local/lib/python3.7/site-packages/airflow/example_dags/example_branch_operator_decorator.py
[2025-02-13T17:44:18.654+0000] {processor.py:766} INFO - DAG(s) dict_keys(['example_branch_python_operator_decorator']) retrieved from /home/airflow/.local/lib/python3.7/site-packages/airflow/example_dags/example_branch_operator_decorator.py
[2025-02-13T17:44:18.727+0000] {logging_mixin.py:137} INFO - [2025-02-13T17:44:18.727+0000] {dag.py:2585} INFO - Sync 1 DAGs
[2025-02-13T17:44:18.776+0000] {logging_mixin.py:137} INFO - [2025-02-13T17:44:18.776+0000] {dag.py:3340} INFO - Setting next_dagrun for example_branch_python_operator_decorator to 2025-02-12T00:00:00+00:00, run_after=2025-02-13T00:00:00+00:00
[2025-02-13T17:44:18.819+0000] {processor.py:176} INFO - Processing /home/airflow/.local/lib/python3.7/site-packages/airflow/example_dags/example_branch_operator_decorator.py took 0.225 seconds
[2025-02-13T17:44:49.016+0000] {processor.py:154} INFO - Started process (PID=6939) to work on /home/airflow/.local/lib/python3.7/site-packages/airflow/example_dags/example_branch_operator_decorator.py
[2025-02-13T17:44:49.018+0000] {processor.py:756} INFO - Processing file /home/airflow/.local/lib/python3.7/site-packages/airflow/example_dags/example_branch_operator_decorator.py for tasks to queue
[2025-02-13T17:44:49.020+0000] {logging_mixin.py:137} INFO - [2025-02-13T17:44:49.019+0000] {dagbag.py:537} INFO - Filling up the DagBag from /home/airflow/.local/lib/python3.7/site-packages/airflow/example_dags/example_branch_operator_decorator.py
[2025-02-13T17:44:49.052+0000] {processor.py:766} INFO - DAG(s) dict_keys(['example_branch_python_operator_decorator']) retrieved from /home/airflow/.local/lib/python3.7/site-packages/airflow/example_dags/example_branch_operator_decorator.py
[2025-02-13T17:44:49.134+0000] {logging_mixin.py:137} INFO - [2025-02-13T17:44:49.133+0000] {dag.py:2585} INFO - Sync 1 DAGs
[2025-02-13T17:44:49.182+0000] {logging_mixin.py:137} INFO - [2025-02-13T17:44:49.181+0000] {dag.py:3340} INFO - Setting next_dagrun for example_branch_python_operator_decorator to 2025-02-12T00:00:00+00:00, run_after=2025-02-13T00:00:00+00:00
[2025-02-13T17:44:49.224+0000] {processor.py:176} INFO - Processing /home/airflow/.local/lib/python3.7/site-packages/airflow/example_dags/example_branch_operator_decorator.py took 0.212 seconds
[2025-02-13T17:45:19.338+0000] {processor.py:154} INFO - Started process (PID=7119) to work on /home/airflow/.local/lib/python3.7/site-packages/airflow/example_dags/example_branch_operator_decorator.py
[2025-02-13T17:45:19.340+0000] {processor.py:756} INFO - Processing file /home/airflow/.local/lib/python3.7/site-packages/airflow/example_dags/example_branch_operator_decorator.py for tasks to queue
[2025-02-13T17:45:19.341+0000] {logging_mixin.py:137} INFO - [2025-02-13T17:45:19.341+0000] {dagbag.py:537} INFO - Filling up the DagBag from /home/airflow/.local/lib/python3.7/site-packages/airflow/example_dags/example_branch_operator_decorator.py
[2025-02-13T17:45:19.384+0000] {processor.py:766} INFO - DAG(s) dict_keys(['example_branch_python_operator_decorator']) retrieved from /home/airflow/.local/lib/python3.7/site-packages/airflow/example_dags/example_branch_operator_decorator.py
[2025-02-13T17:45:19.455+0000] {logging_mixin.py:137} INFO - [2025-02-13T17:45:19.455+0000] {dag.py:2585} INFO - Sync 1 DAGs
[2025-02-13T17:45:19.502+0000] {logging_mixin.py:137} INFO - [2025-02-13T17:45:19.502+0000] {dag.py:3340} INFO - Setting next_dagrun for example_branch_python_operator_decorator to 2025-02-12T00:00:00+00:00, run_after=2025-02-13T00:00:00+00:00
[2025-02-13T17:45:19.540+0000] {processor.py:176} INFO - Processing /home/airflow/.local/lib/python3.7/site-packages/airflow/example_dags/example_branch_operator_decorator.py took 0.209 seconds
[2025-02-13T17:45:50.370+0000] {processor.py:154} INFO - Started process (PID=7299) to work on /home/airflow/.local/lib/python3.7/site-packages/airflow/example_dags/example_branch_operator_decorator.py
[2025-02-13T17:45:50.372+0000] {processor.py:756} INFO - Processing file /home/airflow/.local/lib/python3.7/site-packages/airflow/example_dags/example_branch_operator_decorator.py for tasks to queue
[2025-02-13T17:45:50.374+0000] {logging_mixin.py:137} INFO - [2025-02-13T17:45:50.373+0000] {dagbag.py:537} INFO - Filling up the DagBag from /home/airflow/.local/lib/python3.7/site-packages/airflow/example_dags/example_branch_operator_decorator.py
[2025-02-13T17:45:50.406+0000] {processor.py:766} INFO - DAG(s) dict_keys(['example_branch_python_operator_decorator']) retrieved from /home/airflow/.local/lib/python3.7/site-packages/airflow/example_dags/example_branch_operator_decorator.py
[2025-02-13T17:45:50.467+0000] {logging_mixin.py:137} INFO - [2025-02-13T17:45:50.467+0000] {dag.py:2585} INFO - Sync 1 DAGs
[2025-02-13T17:45:50.507+0000] {logging_mixin.py:137} INFO - [2025-02-13T17:45:50.507+0000] {dag.py:3340} INFO - Setting next_dagrun for example_branch_python_operator_decorator to 2025-02-12T00:00:00+00:00, run_after=2025-02-13T00:00:00+00:00
[2025-02-13T17:45:50.536+0000] {processor.py:176} INFO - Processing /home/airflow/.local/lib/python3.7/site-packages/airflow/example_dags/example_branch_operator_decorator.py took 0.171 seconds
[2025-02-13T17:47:38.238+0000] {processor.py:154} INFO - Started process (PID=281) to work on /home/airflow/.local/lib/python3.7/site-packages/airflow/example_dags/example_branch_operator_decorator.py
[2025-02-13T17:47:38.242+0000] {processor.py:756} INFO - Processing file /home/airflow/.local/lib/python3.7/site-packages/airflow/example_dags/example_branch_operator_decorator.py for tasks to queue
[2025-02-13T17:47:38.245+0000] {logging_mixin.py:137} INFO - [2025-02-13T17:47:38.244+0000] {dagbag.py:537} INFO - Filling up the DagBag from /home/airflow/.local/lib/python3.7/site-packages/airflow/example_dags/example_branch_operator_decorator.py
[2025-02-13T17:47:38.306+0000] {processor.py:766} INFO - DAG(s) dict_keys(['example_branch_python_operator_decorator']) retrieved from /home/airflow/.local/lib/python3.7/site-packages/airflow/example_dags/example_branch_operator_decorator.py
[2025-02-13T17:47:38.448+0000] {logging_mixin.py:137} INFO - [2025-02-13T17:47:38.443+0000] {dag.py:2585} INFO - Sync 1 DAGs
[2025-02-13T17:47:38.536+0000] {logging_mixin.py:137} INFO - [2025-02-13T17:47:38.536+0000] {dag.py:3340} INFO - Setting next_dagrun for example_branch_python_operator_decorator to 2025-02-12T00:00:00+00:00, run_after=2025-02-13T00:00:00+00:00
[2025-02-13T17:47:38.612+0000] {processor.py:176} INFO - Processing /home/airflow/.local/lib/python3.7/site-packages/airflow/example_dags/example_branch_operator_decorator.py took 0.386 seconds
[2025-02-13T17:48:09.069+0000] {processor.py:154} INFO - Started process (PID=463) to work on /home/airflow/.local/lib/python3.7/site-packages/airflow/example_dags/example_branch_operator_decorator.py
[2025-02-13T17:48:09.073+0000] {processor.py:756} INFO - Processing file /home/airflow/.local/lib/python3.7/site-packages/airflow/example_dags/example_branch_operator_decorator.py for tasks to queue
[2025-02-13T17:48:09.077+0000] {logging_mixin.py:137} INFO - [2025-02-13T17:48:09.076+0000] {dagbag.py:537} INFO - Filling up the DagBag from /home/airflow/.local/lib/python3.7/site-packages/airflow/example_dags/example_branch_operator_decorator.py
[2025-02-13T17:48:09.149+0000] {processor.py:766} INFO - DAG(s) dict_keys(['example_branch_python_operator_decorator']) retrieved from /home/airflow/.local/lib/python3.7/site-packages/airflow/example_dags/example_branch_operator_decorator.py
[2025-02-13T17:48:09.193+0000] {logging_mixin.py:137} INFO - [2025-02-13T17:48:09.193+0000] {dag.py:2585} INFO - Sync 1 DAGs
[2025-02-13T17:48:09.276+0000] {logging_mixin.py:137} INFO - [2025-02-13T17:48:09.276+0000] {dag.py:3340} INFO - Setting next_dagrun for example_branch_python_operator_decorator to 2025-02-12T00:00:00+00:00, run_after=2025-02-13T00:00:00+00:00
[2025-02-13T17:48:09.333+0000] {processor.py:176} INFO - Processing /home/airflow/.local/lib/python3.7/site-packages/airflow/example_dags/example_branch_operator_decorator.py took 0.278 seconds
[2025-02-13T17:48:39.694+0000] {processor.py:154} INFO - Started process (PID=644) to work on /home/airflow/.local/lib/python3.7/site-packages/airflow/example_dags/example_branch_operator_decorator.py
[2025-02-13T17:48:39.697+0000] {processor.py:756} INFO - Processing file /home/airflow/.local/lib/python3.7/site-packages/airflow/example_dags/example_branch_operator_decorator.py for tasks to queue
[2025-02-13T17:48:39.699+0000] {logging_mixin.py:137} INFO - [2025-02-13T17:48:39.698+0000] {dagbag.py:537} INFO - Filling up the DagBag from /home/airflow/.local/lib/python3.7/site-packages/airflow/example_dags/example_branch_operator_decorator.py
[2025-02-13T17:48:39.729+0000] {processor.py:766} INFO - DAG(s) dict_keys(['example_branch_python_operator_decorator']) retrieved from /home/airflow/.local/lib/python3.7/site-packages/airflow/example_dags/example_branch_operator_decorator.py
[2025-02-13T17:48:39.785+0000] {logging_mixin.py:137} INFO - [2025-02-13T17:48:39.785+0000] {dag.py:2585} INFO - Sync 1 DAGs
[2025-02-13T17:48:39.854+0000] {logging_mixin.py:137} INFO - [2025-02-13T17:48:39.854+0000] {dag.py:3340} INFO - Setting next_dagrun for example_branch_python_operator_decorator to 2025-02-12T00:00:00+00:00, run_after=2025-02-13T00:00:00+00:00
[2025-02-13T17:48:39.883+0000] {processor.py:176} INFO - Processing /home/airflow/.local/lib/python3.7/site-packages/airflow/example_dags/example_branch_operator_decorator.py took 0.193 seconds
[2025-02-13T17:49:10.000+0000] {processor.py:154} INFO - Started process (PID=821) to work on /home/airflow/.local/lib/python3.7/site-packages/airflow/example_dags/example_branch_operator_decorator.py
[2025-02-13T17:49:10.002+0000] {processor.py:756} INFO - Processing file /home/airflow/.local/lib/python3.7/site-packages/airflow/example_dags/example_branch_operator_decorator.py for tasks to queue
[2025-02-13T17:49:10.004+0000] {logging_mixin.py:137} INFO - [2025-02-13T17:49:10.003+0000] {dagbag.py:537} INFO - Filling up the DagBag from /home/airflow/.local/lib/python3.7/site-packages/airflow/example_dags/example_branch_operator_decorator.py
[2025-02-13T17:49:10.057+0000] {processor.py:766} INFO - DAG(s) dict_keys(['example_branch_python_operator_decorator']) retrieved from /home/airflow/.local/lib/python3.7/site-packages/airflow/example_dags/example_branch_operator_decorator.py
[2025-02-13T17:49:10.117+0000] {logging_mixin.py:137} INFO - [2025-02-13T17:49:10.117+0000] {dag.py:2585} INFO - Sync 1 DAGs
[2025-02-13T17:49:10.152+0000] {logging_mixin.py:137} INFO - [2025-02-13T17:49:10.151+0000] {dag.py:3340} INFO - Setting next_dagrun for example_branch_python_operator_decorator to 2025-02-12T00:00:00+00:00, run_after=2025-02-13T00:00:00+00:00
[2025-02-13T17:49:10.183+0000] {processor.py:176} INFO - Processing /home/airflow/.local/lib/python3.7/site-packages/airflow/example_dags/example_branch_operator_decorator.py took 0.189 seconds
[2025-02-13T17:49:40.553+0000] {processor.py:154} INFO - Started process (PID=1002) to work on /home/airflow/.local/lib/python3.7/site-packages/airflow/example_dags/example_branch_operator_decorator.py
[2025-02-13T17:49:40.555+0000] {processor.py:756} INFO - Processing file /home/airflow/.local/lib/python3.7/site-packages/airflow/example_dags/example_branch_operator_decorator.py for tasks to queue
[2025-02-13T17:49:40.556+0000] {logging_mixin.py:137} INFO - [2025-02-13T17:49:40.556+0000] {dagbag.py:537} INFO - Filling up the DagBag from /home/airflow/.local/lib/python3.7/site-packages/airflow/example_dags/example_branch_operator_decorator.py
[2025-02-13T17:49:40.606+0000] {processor.py:766} INFO - DAG(s) dict_keys(['example_branch_python_operator_decorator']) retrieved from /home/airflow/.local/lib/python3.7/site-packages/airflow/example_dags/example_branch_operator_decorator.py
[2025-02-13T17:49:40.669+0000] {logging_mixin.py:137} INFO - [2025-02-13T17:49:40.669+0000] {dag.py:2585} INFO - Sync 1 DAGs
[2025-02-13T17:49:40.704+0000] {logging_mixin.py:137} INFO - [2025-02-13T17:49:40.704+0000] {dag.py:3340} INFO - Setting next_dagrun for example_branch_python_operator_decorator to 2025-02-12T00:00:00+00:00, run_after=2025-02-13T00:00:00+00:00
[2025-02-13T17:49:40.739+0000] {processor.py:176} INFO - Processing /home/airflow/.local/lib/python3.7/site-packages/airflow/example_dags/example_branch_operator_decorator.py took 0.191 seconds
[2025-02-13T17:50:11.223+0000] {processor.py:154} INFO - Started process (PID=1181) to work on /home/airflow/.local/lib/python3.7/site-packages/airflow/example_dags/example_branch_operator_decorator.py
[2025-02-13T17:50:11.224+0000] {processor.py:756} INFO - Processing file /home/airflow/.local/lib/python3.7/site-packages/airflow/example_dags/example_branch_operator_decorator.py for tasks to queue
[2025-02-13T17:50:11.225+0000] {logging_mixin.py:137} INFO - [2025-02-13T17:50:11.225+0000] {dagbag.py:537} INFO - Filling up the DagBag from /home/airflow/.local/lib/python3.7/site-packages/airflow/example_dags/example_branch_operator_decorator.py
[2025-02-13T17:50:11.264+0000] {processor.py:766} INFO - DAG(s) dict_keys(['example_branch_python_operator_decorator']) retrieved from /home/airflow/.local/lib/python3.7/site-packages/airflow/example_dags/example_branch_operator_decorator.py
[2025-02-13T17:50:11.327+0000] {logging_mixin.py:137} INFO - [2025-02-13T17:50:11.326+0000] {dag.py:2585} INFO - Sync 1 DAGs
[2025-02-13T17:50:11.362+0000] {logging_mixin.py:137} INFO - [2025-02-13T17:50:11.362+0000] {dag.py:3340} INFO - Setting next_dagrun for example_branch_python_operator_decorator to 2025-02-12T00:00:00+00:00, run_after=2025-02-13T00:00:00+00:00
[2025-02-13T17:50:11.389+0000] {processor.py:176} INFO - Processing /home/airflow/.local/lib/python3.7/site-packages/airflow/example_dags/example_branch_operator_decorator.py took 0.173 seconds
[2025-02-13T17:50:41.876+0000] {processor.py:154} INFO - Started process (PID=1362) to work on /home/airflow/.local/lib/python3.7/site-packages/airflow/example_dags/example_branch_operator_decorator.py
[2025-02-13T17:50:41.877+0000] {processor.py:756} INFO - Processing file /home/airflow/.local/lib/python3.7/site-packages/airflow/example_dags/example_branch_operator_decorator.py for tasks to queue
[2025-02-13T17:50:41.879+0000] {logging_mixin.py:137} INFO - [2025-02-13T17:50:41.879+0000] {dagbag.py:537} INFO - Filling up the DagBag from /home/airflow/.local/lib/python3.7/site-packages/airflow/example_dags/example_branch_operator_decorator.py
[2025-02-13T17:50:41.921+0000] {processor.py:766} INFO - DAG(s) dict_keys(['example_branch_python_operator_decorator']) retrieved from /home/airflow/.local/lib/python3.7/site-packages/airflow/example_dags/example_branch_operator_decorator.py
[2025-02-13T17:50:42.001+0000] {logging_mixin.py:137} INFO - [2025-02-13T17:50:42.001+0000] {dag.py:2585} INFO - Sync 1 DAGs
[2025-02-13T17:50:42.056+0000] {logging_mixin.py:137} INFO - [2025-02-13T17:50:42.056+0000] {dag.py:3340} INFO - Setting next_dagrun for example_branch_python_operator_decorator to 2025-02-12T00:00:00+00:00, run_after=2025-02-13T00:00:00+00:00
[2025-02-13T17:50:42.092+0000] {processor.py:176} INFO - Processing /home/airflow/.local/lib/python3.7/site-packages/airflow/example_dags/example_branch_operator_decorator.py took 0.221 seconds
[2025-02-13T17:51:12.995+0000] {processor.py:154} INFO - Started process (PID=1542) to work on /home/airflow/.local/lib/python3.7/site-packages/airflow/example_dags/example_branch_operator_decorator.py
[2025-02-13T17:51:12.997+0000] {processor.py:756} INFO - Processing file /home/airflow/.local/lib/python3.7/site-packages/airflow/example_dags/example_branch_operator_decorator.py for tasks to queue
[2025-02-13T17:51:13.000+0000] {logging_mixin.py:137} INFO - [2025-02-13T17:51:13.000+0000] {dagbag.py:537} INFO - Filling up the DagBag from /home/airflow/.local/lib/python3.7/site-packages/airflow/example_dags/example_branch_operator_decorator.py
[2025-02-13T17:51:13.043+0000] {processor.py:766} INFO - DAG(s) dict_keys(['example_branch_python_operator_decorator']) retrieved from /home/airflow/.local/lib/python3.7/site-packages/airflow/example_dags/example_branch_operator_decorator.py
[2025-02-13T17:51:13.102+0000] {logging_mixin.py:137} INFO - [2025-02-13T17:51:13.102+0000] {dag.py:2585} INFO - Sync 1 DAGs
[2025-02-13T17:51:13.140+0000] {logging_mixin.py:137} INFO - [2025-02-13T17:51:13.140+0000] {dag.py:3340} INFO - Setting next_dagrun for example_branch_python_operator_decorator to 2025-02-12T00:00:00+00:00, run_after=2025-02-13T00:00:00+00:00
[2025-02-13T17:51:13.175+0000] {processor.py:176} INFO - Processing /home/airflow/.local/lib/python3.7/site-packages/airflow/example_dags/example_branch_operator_decorator.py took 0.184 seconds
[2025-02-13T17:51:43.820+0000] {processor.py:154} INFO - Started process (PID=1722) to work on /home/airflow/.local/lib/python3.7/site-packages/airflow/example_dags/example_branch_operator_decorator.py
[2025-02-13T17:51:43.822+0000] {processor.py:756} INFO - Processing file /home/airflow/.local/lib/python3.7/site-packages/airflow/example_dags/example_branch_operator_decorator.py for tasks to queue
[2025-02-13T17:51:43.823+0000] {logging_mixin.py:137} INFO - [2025-02-13T17:51:43.823+0000] {dagbag.py:537} INFO - Filling up the DagBag from /home/airflow/.local/lib/python3.7/site-packages/airflow/example_dags/example_branch_operator_decorator.py
[2025-02-13T17:51:43.858+0000] {processor.py:766} INFO - DAG(s) dict_keys(['example_branch_python_operator_decorator']) retrieved from /home/airflow/.local/lib/python3.7/site-packages/airflow/example_dags/example_branch_operator_decorator.py
[2025-02-13T17:51:43.921+0000] {logging_mixin.py:137} INFO - [2025-02-13T17:51:43.920+0000] {dag.py:2585} INFO - Sync 1 DAGs
[2025-02-13T17:51:43.983+0000] {logging_mixin.py:137} INFO - [2025-02-13T17:51:43.983+0000] {dag.py:3340} INFO - Setting next_dagrun for example_branch_python_operator_decorator to 2025-02-12T00:00:00+00:00, run_after=2025-02-13T00:00:00+00:00
[2025-02-13T17:51:44.028+0000] {processor.py:176} INFO - Processing /home/airflow/.local/lib/python3.7/site-packages/airflow/example_dags/example_branch_operator_decorator.py took 0.213 seconds
