[2025-02-13T17:24:17.751+0000] {processor.py:154} INFO - Started process (PID=191) to work on /home/airflow/.local/lib/python3.7/site-packages/airflow/example_dags/example_short_circuit_decorator.py
[2025-02-13T17:24:17.754+0000] {processor.py:756} INFO - Processing file /home/airflow/.local/lib/python3.7/site-packages/airflow/example_dags/example_short_circuit_decorator.py for tasks to queue
[2025-02-13T17:24:17.759+0000] {logging_mixin.py:137} INFO - [2025-02-13T17:24:17.758+0000] {dagbag.py:537} INFO - Filling up the DagBag from /home/airflow/.local/lib/python3.7/site-packages/airflow/example_dags/example_short_circuit_decorator.py
[2025-02-13T17:24:17.842+0000] {processor.py:766} INFO - DAG(s) dict_keys(['example_short_circuit_decorator']) retrieved from /home/airflow/.local/lib/python3.7/site-packages/airflow/example_dags/example_short_circuit_decorator.py
[2025-02-13T17:24:18.187+0000] {logging_mixin.py:137} INFO - [2025-02-13T17:24:18.186+0000] {dag.py:2585} INFO - Sync 1 DAGs
[2025-02-13T17:24:18.235+0000] {logging_mixin.py:137} INFO - [2025-02-13T17:24:18.235+0000] {dag.py:3340} INFO - Setting next_dagrun for example_short_circuit_decorator to 2025-02-12T17:24:18.235224+00:00, run_after=2025-02-13T17:24:18.235224+00:00
[2025-02-13T17:24:18.295+0000] {processor.py:176} INFO - Processing /home/airflow/.local/lib/python3.7/site-packages/airflow/example_dags/example_short_circuit_decorator.py took 0.551 seconds
[2025-02-13T17:25:19.157+0000] {processor.py:154} INFO - Started process (PID=191) to work on /home/airflow/.local/lib/python3.7/site-packages/airflow/example_dags/example_short_circuit_decorator.py
[2025-02-13T17:25:19.159+0000] {processor.py:756} INFO - Processing file /home/airflow/.local/lib/python3.7/site-packages/airflow/example_dags/example_short_circuit_decorator.py for tasks to queue
[2025-02-13T17:25:19.162+0000] {logging_mixin.py:137} INFO - [2025-02-13T17:25:19.161+0000] {dagbag.py:537} INFO - Filling up the DagBag from /home/airflow/.local/lib/python3.7/site-packages/airflow/example_dags/example_short_circuit_decorator.py
[2025-02-13T17:25:19.217+0000] {processor.py:766} INFO - DAG(s) dict_keys(['example_short_circuit_decorator']) retrieved from /home/airflow/.local/lib/python3.7/site-packages/airflow/example_dags/example_short_circuit_decorator.py
[2025-02-13T17:25:19.305+0000] {logging_mixin.py:137} INFO - [2025-02-13T17:25:19.305+0000] {dag.py:2585} INFO - Sync 1 DAGs
[2025-02-13T17:25:19.378+0000] {logging_mixin.py:137} INFO - [2025-02-13T17:25:19.377+0000] {dag.py:3340} INFO - Setting next_dagrun for example_short_circuit_decorator to 2025-02-12T17:25:19.376264+00:00, run_after=2025-02-13T17:25:19.376264+00:00
[2025-02-13T17:25:19.438+0000] {processor.py:176} INFO - Processing /home/airflow/.local/lib/python3.7/site-packages/airflow/example_dags/example_short_circuit_decorator.py took 0.291 seconds
[2025-02-13T17:25:49.943+0000] {processor.py:154} INFO - Started process (PID=371) to work on /home/airflow/.local/lib/python3.7/site-packages/airflow/example_dags/example_short_circuit_decorator.py
[2025-02-13T17:25:49.949+0000] {processor.py:756} INFO - Processing file /home/airflow/.local/lib/python3.7/site-packages/airflow/example_dags/example_short_circuit_decorator.py for tasks to queue
[2025-02-13T17:25:49.953+0000] {logging_mixin.py:137} INFO - [2025-02-13T17:25:49.952+0000] {dagbag.py:537} INFO - Filling up the DagBag from /home/airflow/.local/lib/python3.7/site-packages/airflow/example_dags/example_short_circuit_decorator.py
[2025-02-13T17:25:50.057+0000] {processor.py:766} INFO - DAG(s) dict_keys(['example_short_circuit_decorator']) retrieved from /home/airflow/.local/lib/python3.7/site-packages/airflow/example_dags/example_short_circuit_decorator.py
[2025-02-13T17:25:50.231+0000] {logging_mixin.py:137} INFO - [2025-02-13T17:25:50.231+0000] {dag.py:2585} INFO - Sync 1 DAGs
[2025-02-13T17:25:50.343+0000] {logging_mixin.py:137} INFO - [2025-02-13T17:25:50.343+0000] {dag.py:3340} INFO - Setting next_dagrun for example_short_circuit_decorator to 2025-02-12T17:25:50.341038+00:00, run_after=2025-02-13T17:25:50.341038+00:00
[2025-02-13T17:25:50.418+0000] {processor.py:176} INFO - Processing /home/airflow/.local/lib/python3.7/site-packages/airflow/example_dags/example_short_circuit_decorator.py took 0.488 seconds
[2025-02-13T17:26:20.703+0000] {processor.py:154} INFO - Started process (PID=554) to work on /home/airflow/.local/lib/python3.7/site-packages/airflow/example_dags/example_short_circuit_decorator.py
[2025-02-13T17:26:20.706+0000] {processor.py:756} INFO - Processing file /home/airflow/.local/lib/python3.7/site-packages/airflow/example_dags/example_short_circuit_decorator.py for tasks to queue
[2025-02-13T17:26:20.709+0000] {logging_mixin.py:137} INFO - [2025-02-13T17:26:20.709+0000] {dagbag.py:537} INFO - Filling up the DagBag from /home/airflow/.local/lib/python3.7/site-packages/airflow/example_dags/example_short_circuit_decorator.py
[2025-02-13T17:26:20.784+0000] {processor.py:766} INFO - DAG(s) dict_keys(['example_short_circuit_decorator']) retrieved from /home/airflow/.local/lib/python3.7/site-packages/airflow/example_dags/example_short_circuit_decorator.py
[2025-02-13T17:26:20.891+0000] {logging_mixin.py:137} INFO - [2025-02-13T17:26:20.890+0000] {dag.py:2585} INFO - Sync 1 DAGs
[2025-02-13T17:26:20.950+0000] {logging_mixin.py:137} INFO - [2025-02-13T17:26:20.950+0000] {dag.py:3340} INFO - Setting next_dagrun for example_short_circuit_decorator to 2025-02-12T17:26:20.949902+00:00, run_after=2025-02-13T17:26:20.949902+00:00
[2025-02-13T17:26:21.004+0000] {processor.py:176} INFO - Processing /home/airflow/.local/lib/python3.7/site-packages/airflow/example_dags/example_short_circuit_decorator.py took 0.310 seconds
[2025-02-13T17:26:51.131+0000] {processor.py:154} INFO - Started process (PID=732) to work on /home/airflow/.local/lib/python3.7/site-packages/airflow/example_dags/example_short_circuit_decorator.py
[2025-02-13T17:26:51.136+0000] {processor.py:756} INFO - Processing file /home/airflow/.local/lib/python3.7/site-packages/airflow/example_dags/example_short_circuit_decorator.py for tasks to queue
[2025-02-13T17:26:51.139+0000] {logging_mixin.py:137} INFO - [2025-02-13T17:26:51.138+0000] {dagbag.py:537} INFO - Filling up the DagBag from /home/airflow/.local/lib/python3.7/site-packages/airflow/example_dags/example_short_circuit_decorator.py
[2025-02-13T17:26:51.211+0000] {processor.py:766} INFO - DAG(s) dict_keys(['example_short_circuit_decorator']) retrieved from /home/airflow/.local/lib/python3.7/site-packages/airflow/example_dags/example_short_circuit_decorator.py
[2025-02-13T17:26:51.261+0000] {logging_mixin.py:137} INFO - [2025-02-13T17:26:51.261+0000] {dag.py:2585} INFO - Sync 1 DAGs
[2025-02-13T17:26:51.310+0000] {logging_mixin.py:137} INFO - [2025-02-13T17:26:51.310+0000] {dag.py:3340} INFO - Setting next_dagrun for example_short_circuit_decorator to 2025-02-12T17:26:51.310351+00:00, run_after=2025-02-13T17:26:51.310351+00:00
[2025-02-13T17:26:51.350+0000] {processor.py:176} INFO - Processing /home/airflow/.local/lib/python3.7/site-packages/airflow/example_dags/example_short_circuit_decorator.py took 0.225 seconds
[2025-02-13T17:27:22.075+0000] {processor.py:154} INFO - Started process (PID=912) to work on /home/airflow/.local/lib/python3.7/site-packages/airflow/example_dags/example_short_circuit_decorator.py
[2025-02-13T17:27:22.078+0000] {processor.py:756} INFO - Processing file /home/airflow/.local/lib/python3.7/site-packages/airflow/example_dags/example_short_circuit_decorator.py for tasks to queue
[2025-02-13T17:27:22.081+0000] {logging_mixin.py:137} INFO - [2025-02-13T17:27:22.081+0000] {dagbag.py:537} INFO - Filling up the DagBag from /home/airflow/.local/lib/python3.7/site-packages/airflow/example_dags/example_short_circuit_decorator.py
[2025-02-13T17:27:22.123+0000] {processor.py:766} INFO - DAG(s) dict_keys(['example_short_circuit_decorator']) retrieved from /home/airflow/.local/lib/python3.7/site-packages/airflow/example_dags/example_short_circuit_decorator.py
[2025-02-13T17:27:22.170+0000] {logging_mixin.py:137} INFO - [2025-02-13T17:27:22.169+0000] {dag.py:2585} INFO - Sync 1 DAGs
[2025-02-13T17:27:22.215+0000] {logging_mixin.py:137} INFO - [2025-02-13T17:27:22.215+0000] {dag.py:3340} INFO - Setting next_dagrun for example_short_circuit_decorator to 2025-02-12T17:27:22.214645+00:00, run_after=2025-02-13T17:27:22.214645+00:00
[2025-02-13T17:27:22.270+0000] {processor.py:176} INFO - Processing /home/airflow/.local/lib/python3.7/site-packages/airflow/example_dags/example_short_circuit_decorator.py took 0.199 seconds
[2025-02-13T17:27:52.640+0000] {processor.py:154} INFO - Started process (PID=1094) to work on /home/airflow/.local/lib/python3.7/site-packages/airflow/example_dags/example_short_circuit_decorator.py
[2025-02-13T17:27:52.642+0000] {processor.py:756} INFO - Processing file /home/airflow/.local/lib/python3.7/site-packages/airflow/example_dags/example_short_circuit_decorator.py for tasks to queue
[2025-02-13T17:27:52.647+0000] {logging_mixin.py:137} INFO - [2025-02-13T17:27:52.645+0000] {dagbag.py:537} INFO - Filling up the DagBag from /home/airflow/.local/lib/python3.7/site-packages/airflow/example_dags/example_short_circuit_decorator.py
[2025-02-13T17:27:52.711+0000] {processor.py:766} INFO - DAG(s) dict_keys(['example_short_circuit_decorator']) retrieved from /home/airflow/.local/lib/python3.7/site-packages/airflow/example_dags/example_short_circuit_decorator.py
[2025-02-13T17:27:52.789+0000] {logging_mixin.py:137} INFO - [2025-02-13T17:27:52.788+0000] {dag.py:2585} INFO - Sync 1 DAGs
[2025-02-13T17:27:52.857+0000] {logging_mixin.py:137} INFO - [2025-02-13T17:27:52.857+0000] {dag.py:3340} INFO - Setting next_dagrun for example_short_circuit_decorator to 2025-02-12T17:27:52.855973+00:00, run_after=2025-02-13T17:27:52.855973+00:00
[2025-02-13T17:27:52.922+0000] {processor.py:176} INFO - Processing /home/airflow/.local/lib/python3.7/site-packages/airflow/example_dags/example_short_circuit_decorator.py took 0.288 seconds
[2025-02-13T17:28:23.471+0000] {processor.py:154} INFO - Started process (PID=1272) to work on /home/airflow/.local/lib/python3.7/site-packages/airflow/example_dags/example_short_circuit_decorator.py
[2025-02-13T17:28:23.474+0000] {processor.py:756} INFO - Processing file /home/airflow/.local/lib/python3.7/site-packages/airflow/example_dags/example_short_circuit_decorator.py for tasks to queue
[2025-02-13T17:28:23.477+0000] {logging_mixin.py:137} INFO - [2025-02-13T17:28:23.477+0000] {dagbag.py:537} INFO - Filling up the DagBag from /home/airflow/.local/lib/python3.7/site-packages/airflow/example_dags/example_short_circuit_decorator.py
[2025-02-13T17:28:23.519+0000] {processor.py:766} INFO - DAG(s) dict_keys(['example_short_circuit_decorator']) retrieved from /home/airflow/.local/lib/python3.7/site-packages/airflow/example_dags/example_short_circuit_decorator.py
[2025-02-13T17:28:23.568+0000] {logging_mixin.py:137} INFO - [2025-02-13T17:28:23.568+0000] {dag.py:2585} INFO - Sync 1 DAGs
[2025-02-13T17:28:23.642+0000] {logging_mixin.py:137} INFO - [2025-02-13T17:28:23.642+0000] {dag.py:3340} INFO - Setting next_dagrun for example_short_circuit_decorator to 2025-02-12T17:28:23.641608+00:00, run_after=2025-02-13T17:28:23.641608+00:00
[2025-02-13T17:28:23.687+0000] {processor.py:176} INFO - Processing /home/airflow/.local/lib/python3.7/site-packages/airflow/example_dags/example_short_circuit_decorator.py took 0.221 seconds
[2025-02-13T17:28:54.214+0000] {processor.py:154} INFO - Started process (PID=1454) to work on /home/airflow/.local/lib/python3.7/site-packages/airflow/example_dags/example_short_circuit_decorator.py
[2025-02-13T17:28:54.216+0000] {processor.py:756} INFO - Processing file /home/airflow/.local/lib/python3.7/site-packages/airflow/example_dags/example_short_circuit_decorator.py for tasks to queue
[2025-02-13T17:28:54.220+0000] {logging_mixin.py:137} INFO - [2025-02-13T17:28:54.219+0000] {dagbag.py:537} INFO - Filling up the DagBag from /home/airflow/.local/lib/python3.7/site-packages/airflow/example_dags/example_short_circuit_decorator.py
[2025-02-13T17:28:54.288+0000] {processor.py:766} INFO - DAG(s) dict_keys(['example_short_circuit_decorator']) retrieved from /home/airflow/.local/lib/python3.7/site-packages/airflow/example_dags/example_short_circuit_decorator.py
[2025-02-13T17:28:54.344+0000] {logging_mixin.py:137} INFO - [2025-02-13T17:28:54.344+0000] {dag.py:2585} INFO - Sync 1 DAGs
[2025-02-13T17:28:54.390+0000] {logging_mixin.py:137} INFO - [2025-02-13T17:28:54.389+0000] {dag.py:3340} INFO - Setting next_dagrun for example_short_circuit_decorator to 2025-02-12T17:28:54.389004+00:00, run_after=2025-02-13T17:28:54.389004+00:00
[2025-02-13T17:28:54.432+0000] {processor.py:176} INFO - Processing /home/airflow/.local/lib/python3.7/site-packages/airflow/example_dags/example_short_circuit_decorator.py took 0.224 seconds
[2025-02-13T17:29:24.742+0000] {processor.py:154} INFO - Started process (PID=1632) to work on /home/airflow/.local/lib/python3.7/site-packages/airflow/example_dags/example_short_circuit_decorator.py
[2025-02-13T17:29:24.744+0000] {processor.py:756} INFO - Processing file /home/airflow/.local/lib/python3.7/site-packages/airflow/example_dags/example_short_circuit_decorator.py for tasks to queue
[2025-02-13T17:29:24.746+0000] {logging_mixin.py:137} INFO - [2025-02-13T17:29:24.746+0000] {dagbag.py:537} INFO - Filling up the DagBag from /home/airflow/.local/lib/python3.7/site-packages/airflow/example_dags/example_short_circuit_decorator.py
[2025-02-13T17:29:24.793+0000] {processor.py:766} INFO - DAG(s) dict_keys(['example_short_circuit_decorator']) retrieved from /home/airflow/.local/lib/python3.7/site-packages/airflow/example_dags/example_short_circuit_decorator.py
[2025-02-13T17:29:24.850+0000] {logging_mixin.py:137} INFO - [2025-02-13T17:29:24.850+0000] {dag.py:2585} INFO - Sync 1 DAGs
[2025-02-13T17:29:24.907+0000] {logging_mixin.py:137} INFO - [2025-02-13T17:29:24.907+0000] {dag.py:3340} INFO - Setting next_dagrun for example_short_circuit_decorator to 2025-02-12T17:29:24.907119+00:00, run_after=2025-02-13T17:29:24.907119+00:00
[2025-02-13T17:29:24.959+0000] {processor.py:176} INFO - Processing /home/airflow/.local/lib/python3.7/site-packages/airflow/example_dags/example_short_circuit_decorator.py took 0.221 seconds
[2025-02-13T17:29:55.363+0000] {processor.py:154} INFO - Started process (PID=1812) to work on /home/airflow/.local/lib/python3.7/site-packages/airflow/example_dags/example_short_circuit_decorator.py
[2025-02-13T17:29:55.365+0000] {processor.py:756} INFO - Processing file /home/airflow/.local/lib/python3.7/site-packages/airflow/example_dags/example_short_circuit_decorator.py for tasks to queue
[2025-02-13T17:29:55.370+0000] {logging_mixin.py:137} INFO - [2025-02-13T17:29:55.369+0000] {dagbag.py:537} INFO - Filling up the DagBag from /home/airflow/.local/lib/python3.7/site-packages/airflow/example_dags/example_short_circuit_decorator.py
[2025-02-13T17:29:55.421+0000] {processor.py:766} INFO - DAG(s) dict_keys(['example_short_circuit_decorator']) retrieved from /home/airflow/.local/lib/python3.7/site-packages/airflow/example_dags/example_short_circuit_decorator.py
[2025-02-13T17:29:55.482+0000] {logging_mixin.py:137} INFO - [2025-02-13T17:29:55.481+0000] {dag.py:2585} INFO - Sync 1 DAGs
[2025-02-13T17:29:55.590+0000] {logging_mixin.py:137} INFO - [2025-02-13T17:29:55.589+0000] {dag.py:3340} INFO - Setting next_dagrun for example_short_circuit_decorator to 2025-02-12T17:29:55.589320+00:00, run_after=2025-02-13T17:29:55.589320+00:00
[2025-02-13T17:29:55.692+0000] {processor.py:176} INFO - Processing /home/airflow/.local/lib/python3.7/site-packages/airflow/example_dags/example_short_circuit_decorator.py took 0.337 seconds
[2025-02-13T17:30:26.294+0000] {processor.py:154} INFO - Started process (PID=1994) to work on /home/airflow/.local/lib/python3.7/site-packages/airflow/example_dags/example_short_circuit_decorator.py
[2025-02-13T17:30:26.297+0000] {processor.py:756} INFO - Processing file /home/airflow/.local/lib/python3.7/site-packages/airflow/example_dags/example_short_circuit_decorator.py for tasks to queue
[2025-02-13T17:30:26.301+0000] {logging_mixin.py:137} INFO - [2025-02-13T17:30:26.300+0000] {dagbag.py:537} INFO - Filling up the DagBag from /home/airflow/.local/lib/python3.7/site-packages/airflow/example_dags/example_short_circuit_decorator.py
[2025-02-13T17:30:26.363+0000] {processor.py:766} INFO - DAG(s) dict_keys(['example_short_circuit_decorator']) retrieved from /home/airflow/.local/lib/python3.7/site-packages/airflow/example_dags/example_short_circuit_decorator.py
[2025-02-13T17:30:26.421+0000] {logging_mixin.py:137} INFO - [2025-02-13T17:30:26.420+0000] {dag.py:2585} INFO - Sync 1 DAGs
[2025-02-13T17:30:26.496+0000] {logging_mixin.py:137} INFO - [2025-02-13T17:30:26.496+0000] {dag.py:3340} INFO - Setting next_dagrun for example_short_circuit_decorator to 2025-02-12T17:30:26.495074+00:00, run_after=2025-02-13T17:30:26.495074+00:00
[2025-02-13T17:30:26.560+0000] {processor.py:176} INFO - Processing /home/airflow/.local/lib/python3.7/site-packages/airflow/example_dags/example_short_circuit_decorator.py took 0.271 seconds
[2025-02-13T17:30:57.091+0000] {processor.py:154} INFO - Started process (PID=2171) to work on /home/airflow/.local/lib/python3.7/site-packages/airflow/example_dags/example_short_circuit_decorator.py
[2025-02-13T17:30:57.094+0000] {processor.py:756} INFO - Processing file /home/airflow/.local/lib/python3.7/site-packages/airflow/example_dags/example_short_circuit_decorator.py for tasks to queue
[2025-02-13T17:30:57.097+0000] {logging_mixin.py:137} INFO - [2025-02-13T17:30:57.097+0000] {dagbag.py:537} INFO - Filling up the DagBag from /home/airflow/.local/lib/python3.7/site-packages/airflow/example_dags/example_short_circuit_decorator.py
[2025-02-13T17:30:57.155+0000] {processor.py:766} INFO - DAG(s) dict_keys(['example_short_circuit_decorator']) retrieved from /home/airflow/.local/lib/python3.7/site-packages/airflow/example_dags/example_short_circuit_decorator.py
[2025-02-13T17:30:57.240+0000] {logging_mixin.py:137} INFO - [2025-02-13T17:30:57.239+0000] {dag.py:2585} INFO - Sync 1 DAGs
[2025-02-13T17:30:57.333+0000] {logging_mixin.py:137} INFO - [2025-02-13T17:30:57.333+0000] {dag.py:3340} INFO - Setting next_dagrun for example_short_circuit_decorator to 2025-02-12T17:30:57.332667+00:00, run_after=2025-02-13T17:30:57.332667+00:00
[2025-02-13T17:30:57.392+0000] {processor.py:176} INFO - Processing /home/airflow/.local/lib/python3.7/site-packages/airflow/example_dags/example_short_circuit_decorator.py took 0.306 seconds
[2025-02-13T17:31:27.940+0000] {processor.py:154} INFO - Started process (PID=2352) to work on /home/airflow/.local/lib/python3.7/site-packages/airflow/example_dags/example_short_circuit_decorator.py
[2025-02-13T17:31:27.942+0000] {processor.py:756} INFO - Processing file /home/airflow/.local/lib/python3.7/site-packages/airflow/example_dags/example_short_circuit_decorator.py for tasks to queue
[2025-02-13T17:31:27.949+0000] {logging_mixin.py:137} INFO - [2025-02-13T17:31:27.945+0000] {dagbag.py:537} INFO - Filling up the DagBag from /home/airflow/.local/lib/python3.7/site-packages/airflow/example_dags/example_short_circuit_decorator.py
[2025-02-13T17:31:27.994+0000] {processor.py:766} INFO - DAG(s) dict_keys(['example_short_circuit_decorator']) retrieved from /home/airflow/.local/lib/python3.7/site-packages/airflow/example_dags/example_short_circuit_decorator.py
[2025-02-13T17:31:28.082+0000] {logging_mixin.py:137} INFO - [2025-02-13T17:31:28.082+0000] {dag.py:2585} INFO - Sync 1 DAGs
[2025-02-13T17:31:28.149+0000] {logging_mixin.py:137} INFO - [2025-02-13T17:31:28.149+0000] {dag.py:3340} INFO - Setting next_dagrun for example_short_circuit_decorator to 2025-02-12T17:31:28.149332+00:00, run_after=2025-02-13T17:31:28.149332+00:00
[2025-02-13T17:31:28.210+0000] {processor.py:176} INFO - Processing /home/airflow/.local/lib/python3.7/site-packages/airflow/example_dags/example_short_circuit_decorator.py took 0.276 seconds
[2025-02-13T17:31:58.899+0000] {processor.py:154} INFO - Started process (PID=2534) to work on /home/airflow/.local/lib/python3.7/site-packages/airflow/example_dags/example_short_circuit_decorator.py
[2025-02-13T17:31:58.901+0000] {processor.py:756} INFO - Processing file /home/airflow/.local/lib/python3.7/site-packages/airflow/example_dags/example_short_circuit_decorator.py for tasks to queue
[2025-02-13T17:31:58.902+0000] {logging_mixin.py:137} INFO - [2025-02-13T17:31:58.902+0000] {dagbag.py:537} INFO - Filling up the DagBag from /home/airflow/.local/lib/python3.7/site-packages/airflow/example_dags/example_short_circuit_decorator.py
[2025-02-13T17:31:58.949+0000] {processor.py:766} INFO - DAG(s) dict_keys(['example_short_circuit_decorator']) retrieved from /home/airflow/.local/lib/python3.7/site-packages/airflow/example_dags/example_short_circuit_decorator.py
[2025-02-13T17:31:59.041+0000] {logging_mixin.py:137} INFO - [2025-02-13T17:31:59.041+0000] {dag.py:2585} INFO - Sync 1 DAGs
[2025-02-13T17:31:59.107+0000] {logging_mixin.py:137} INFO - [2025-02-13T17:31:59.106+0000] {dag.py:3340} INFO - Setting next_dagrun for example_short_circuit_decorator to 2025-02-12T17:31:59.106400+00:00, run_after=2025-02-13T17:31:59.106400+00:00
[2025-02-13T17:31:59.157+0000] {processor.py:176} INFO - Processing /home/airflow/.local/lib/python3.7/site-packages/airflow/example_dags/example_short_circuit_decorator.py took 0.264 seconds
[2025-02-13T17:32:29.317+0000] {processor.py:154} INFO - Started process (PID=2714) to work on /home/airflow/.local/lib/python3.7/site-packages/airflow/example_dags/example_short_circuit_decorator.py
[2025-02-13T17:32:29.319+0000] {processor.py:756} INFO - Processing file /home/airflow/.local/lib/python3.7/site-packages/airflow/example_dags/example_short_circuit_decorator.py for tasks to queue
[2025-02-13T17:32:29.321+0000] {logging_mixin.py:137} INFO - [2025-02-13T17:32:29.321+0000] {dagbag.py:537} INFO - Filling up the DagBag from /home/airflow/.local/lib/python3.7/site-packages/airflow/example_dags/example_short_circuit_decorator.py
[2025-02-13T17:32:29.387+0000] {processor.py:766} INFO - DAG(s) dict_keys(['example_short_circuit_decorator']) retrieved from /home/airflow/.local/lib/python3.7/site-packages/airflow/example_dags/example_short_circuit_decorator.py
[2025-02-13T17:32:29.472+0000] {logging_mixin.py:137} INFO - [2025-02-13T17:32:29.472+0000] {dag.py:2585} INFO - Sync 1 DAGs
[2025-02-13T17:32:29.518+0000] {logging_mixin.py:137} INFO - [2025-02-13T17:32:29.518+0000] {dag.py:3340} INFO - Setting next_dagrun for example_short_circuit_decorator to 2025-02-12T17:32:29.517653+00:00, run_after=2025-02-13T17:32:29.517653+00:00
[2025-02-13T17:32:29.575+0000] {processor.py:176} INFO - Processing /home/airflow/.local/lib/python3.7/site-packages/airflow/example_dags/example_short_circuit_decorator.py took 0.264 seconds
[2025-02-13T17:33:00.345+0000] {processor.py:154} INFO - Started process (PID=2894) to work on /home/airflow/.local/lib/python3.7/site-packages/airflow/example_dags/example_short_circuit_decorator.py
[2025-02-13T17:33:00.347+0000] {processor.py:756} INFO - Processing file /home/airflow/.local/lib/python3.7/site-packages/airflow/example_dags/example_short_circuit_decorator.py for tasks to queue
[2025-02-13T17:33:00.349+0000] {logging_mixin.py:137} INFO - [2025-02-13T17:33:00.348+0000] {dagbag.py:537} INFO - Filling up the DagBag from /home/airflow/.local/lib/python3.7/site-packages/airflow/example_dags/example_short_circuit_decorator.py
[2025-02-13T17:33:00.389+0000] {processor.py:766} INFO - DAG(s) dict_keys(['example_short_circuit_decorator']) retrieved from /home/airflow/.local/lib/python3.7/site-packages/airflow/example_dags/example_short_circuit_decorator.py
[2025-02-13T17:33:00.430+0000] {logging_mixin.py:137} INFO - [2025-02-13T17:33:00.429+0000] {dag.py:2585} INFO - Sync 1 DAGs
[2025-02-13T17:33:00.474+0000] {logging_mixin.py:137} INFO - [2025-02-13T17:33:00.474+0000] {dag.py:3340} INFO - Setting next_dagrun for example_short_circuit_decorator to 2025-02-12T17:33:00.473809+00:00, run_after=2025-02-13T17:33:00.473809+00:00
[2025-02-13T17:33:00.514+0000] {processor.py:176} INFO - Processing /home/airflow/.local/lib/python3.7/site-packages/airflow/example_dags/example_short_circuit_decorator.py took 0.174 seconds
[2025-02-13T17:33:31.358+0000] {processor.py:154} INFO - Started process (PID=3074) to work on /home/airflow/.local/lib/python3.7/site-packages/airflow/example_dags/example_short_circuit_decorator.py
[2025-02-13T17:33:31.360+0000] {processor.py:756} INFO - Processing file /home/airflow/.local/lib/python3.7/site-packages/airflow/example_dags/example_short_circuit_decorator.py for tasks to queue
[2025-02-13T17:33:31.362+0000] {logging_mixin.py:137} INFO - [2025-02-13T17:33:31.362+0000] {dagbag.py:537} INFO - Filling up the DagBag from /home/airflow/.local/lib/python3.7/site-packages/airflow/example_dags/example_short_circuit_decorator.py
[2025-02-13T17:33:31.415+0000] {processor.py:766} INFO - DAG(s) dict_keys(['example_short_circuit_decorator']) retrieved from /home/airflow/.local/lib/python3.7/site-packages/airflow/example_dags/example_short_circuit_decorator.py
[2025-02-13T17:33:31.492+0000] {logging_mixin.py:137} INFO - [2025-02-13T17:33:31.491+0000] {dag.py:2585} INFO - Sync 1 DAGs
[2025-02-13T17:33:31.548+0000] {logging_mixin.py:137} INFO - [2025-02-13T17:33:31.548+0000] {dag.py:3340} INFO - Setting next_dagrun for example_short_circuit_decorator to 2025-02-12T17:33:31.547803+00:00, run_after=2025-02-13T17:33:31.547803+00:00
[2025-02-13T17:33:31.589+0000] {processor.py:176} INFO - Processing /home/airflow/.local/lib/python3.7/site-packages/airflow/example_dags/example_short_circuit_decorator.py took 0.238 seconds
[2025-02-13T17:34:01.787+0000] {processor.py:154} INFO - Started process (PID=3254) to work on /home/airflow/.local/lib/python3.7/site-packages/airflow/example_dags/example_short_circuit_decorator.py
[2025-02-13T17:34:01.790+0000] {processor.py:756} INFO - Processing file /home/airflow/.local/lib/python3.7/site-packages/airflow/example_dags/example_short_circuit_decorator.py for tasks to queue
[2025-02-13T17:34:01.792+0000] {logging_mixin.py:137} INFO - [2025-02-13T17:34:01.791+0000] {dagbag.py:537} INFO - Filling up the DagBag from /home/airflow/.local/lib/python3.7/site-packages/airflow/example_dags/example_short_circuit_decorator.py
[2025-02-13T17:34:01.842+0000] {processor.py:766} INFO - DAG(s) dict_keys(['example_short_circuit_decorator']) retrieved from /home/airflow/.local/lib/python3.7/site-packages/airflow/example_dags/example_short_circuit_decorator.py
[2025-02-13T17:34:01.923+0000] {logging_mixin.py:137} INFO - [2025-02-13T17:34:01.922+0000] {dag.py:2585} INFO - Sync 1 DAGs
[2025-02-13T17:34:01.969+0000] {logging_mixin.py:137} INFO - [2025-02-13T17:34:01.968+0000] {dag.py:3340} INFO - Setting next_dagrun for example_short_circuit_decorator to 2025-02-12T17:34:01.968153+00:00, run_after=2025-02-13T17:34:01.968153+00:00
[2025-02-13T17:34:02.035+0000] {processor.py:176} INFO - Processing /home/airflow/.local/lib/python3.7/site-packages/airflow/example_dags/example_short_circuit_decorator.py took 0.255 seconds
[2025-02-13T17:34:32.118+0000] {processor.py:154} INFO - Started process (PID=3434) to work on /home/airflow/.local/lib/python3.7/site-packages/airflow/example_dags/example_short_circuit_decorator.py
[2025-02-13T17:34:32.121+0000] {processor.py:756} INFO - Processing file /home/airflow/.local/lib/python3.7/site-packages/airflow/example_dags/example_short_circuit_decorator.py for tasks to queue
[2025-02-13T17:34:32.122+0000] {logging_mixin.py:137} INFO - [2025-02-13T17:34:32.122+0000] {dagbag.py:537} INFO - Filling up the DagBag from /home/airflow/.local/lib/python3.7/site-packages/airflow/example_dags/example_short_circuit_decorator.py
[2025-02-13T17:34:32.166+0000] {processor.py:766} INFO - DAG(s) dict_keys(['example_short_circuit_decorator']) retrieved from /home/airflow/.local/lib/python3.7/site-packages/airflow/example_dags/example_short_circuit_decorator.py
[2025-02-13T17:34:32.239+0000] {logging_mixin.py:137} INFO - [2025-02-13T17:34:32.238+0000] {dag.py:2585} INFO - Sync 1 DAGs
[2025-02-13T17:34:32.289+0000] {logging_mixin.py:137} INFO - [2025-02-13T17:34:32.289+0000] {dag.py:3340} INFO - Setting next_dagrun for example_short_circuit_decorator to 2025-02-12T17:34:32.288816+00:00, run_after=2025-02-13T17:34:32.288816+00:00
[2025-02-13T17:34:32.330+0000] {processor.py:176} INFO - Processing /home/airflow/.local/lib/python3.7/site-packages/airflow/example_dags/example_short_circuit_decorator.py took 0.217 seconds
[2025-02-13T17:35:02.791+0000] {processor.py:154} INFO - Started process (PID=3614) to work on /home/airflow/.local/lib/python3.7/site-packages/airflow/example_dags/example_short_circuit_decorator.py
[2025-02-13T17:35:02.794+0000] {processor.py:756} INFO - Processing file /home/airflow/.local/lib/python3.7/site-packages/airflow/example_dags/example_short_circuit_decorator.py for tasks to queue
[2025-02-13T17:35:02.796+0000] {logging_mixin.py:137} INFO - [2025-02-13T17:35:02.795+0000] {dagbag.py:537} INFO - Filling up the DagBag from /home/airflow/.local/lib/python3.7/site-packages/airflow/example_dags/example_short_circuit_decorator.py
[2025-02-13T17:35:02.879+0000] {processor.py:766} INFO - DAG(s) dict_keys(['example_short_circuit_decorator']) retrieved from /home/airflow/.local/lib/python3.7/site-packages/airflow/example_dags/example_short_circuit_decorator.py
[2025-02-13T17:35:03.025+0000] {logging_mixin.py:137} INFO - [2025-02-13T17:35:03.025+0000] {dag.py:2585} INFO - Sync 1 DAGs
[2025-02-13T17:35:03.102+0000] {logging_mixin.py:137} INFO - [2025-02-13T17:35:03.102+0000] {dag.py:3340} INFO - Setting next_dagrun for example_short_circuit_decorator to 2025-02-12T17:35:03.101544+00:00, run_after=2025-02-13T17:35:03.101544+00:00
[2025-02-13T17:35:03.157+0000] {processor.py:176} INFO - Processing /home/airflow/.local/lib/python3.7/site-packages/airflow/example_dags/example_short_circuit_decorator.py took 0.375 seconds
[2025-02-13T17:35:33.233+0000] {processor.py:154} INFO - Started process (PID=3794) to work on /home/airflow/.local/lib/python3.7/site-packages/airflow/example_dags/example_short_circuit_decorator.py
[2025-02-13T17:35:33.235+0000] {processor.py:756} INFO - Processing file /home/airflow/.local/lib/python3.7/site-packages/airflow/example_dags/example_short_circuit_decorator.py for tasks to queue
[2025-02-13T17:35:33.236+0000] {logging_mixin.py:137} INFO - [2025-02-13T17:35:33.236+0000] {dagbag.py:537} INFO - Filling up the DagBag from /home/airflow/.local/lib/python3.7/site-packages/airflow/example_dags/example_short_circuit_decorator.py
[2025-02-13T17:35:33.272+0000] {processor.py:766} INFO - DAG(s) dict_keys(['example_short_circuit_decorator']) retrieved from /home/airflow/.local/lib/python3.7/site-packages/airflow/example_dags/example_short_circuit_decorator.py
[2025-02-13T17:35:33.332+0000] {logging_mixin.py:137} INFO - [2025-02-13T17:35:33.332+0000] {dag.py:2585} INFO - Sync 1 DAGs
[2025-02-13T17:35:33.366+0000] {logging_mixin.py:137} INFO - [2025-02-13T17:35:33.366+0000] {dag.py:3340} INFO - Setting next_dagrun for example_short_circuit_decorator to 2025-02-12T17:35:33.366388+00:00, run_after=2025-02-13T17:35:33.366388+00:00
[2025-02-13T17:35:33.410+0000] {processor.py:176} INFO - Processing /home/airflow/.local/lib/python3.7/site-packages/airflow/example_dags/example_short_circuit_decorator.py took 0.182 seconds
[2025-02-13T17:36:03.784+0000] {processor.py:154} INFO - Started process (PID=3974) to work on /home/airflow/.local/lib/python3.7/site-packages/airflow/example_dags/example_short_circuit_decorator.py
[2025-02-13T17:36:03.786+0000] {processor.py:756} INFO - Processing file /home/airflow/.local/lib/python3.7/site-packages/airflow/example_dags/example_short_circuit_decorator.py for tasks to queue
[2025-02-13T17:36:03.788+0000] {logging_mixin.py:137} INFO - [2025-02-13T17:36:03.787+0000] {dagbag.py:537} INFO - Filling up the DagBag from /home/airflow/.local/lib/python3.7/site-packages/airflow/example_dags/example_short_circuit_decorator.py
[2025-02-13T17:36:03.841+0000] {processor.py:766} INFO - DAG(s) dict_keys(['example_short_circuit_decorator']) retrieved from /home/airflow/.local/lib/python3.7/site-packages/airflow/example_dags/example_short_circuit_decorator.py
[2025-02-13T17:36:03.921+0000] {logging_mixin.py:137} INFO - [2025-02-13T17:36:03.921+0000] {dag.py:2585} INFO - Sync 1 DAGs
[2025-02-13T17:36:03.980+0000] {logging_mixin.py:137} INFO - [2025-02-13T17:36:03.979+0000] {dag.py:3340} INFO - Setting next_dagrun for example_short_circuit_decorator to 2025-02-12T17:36:03.979017+00:00, run_after=2025-02-13T17:36:03.979017+00:00
[2025-02-13T17:36:04.023+0000] {processor.py:176} INFO - Processing /home/airflow/.local/lib/python3.7/site-packages/airflow/example_dags/example_short_circuit_decorator.py took 0.244 seconds
[2025-02-13T17:36:34.362+0000] {processor.py:154} INFO - Started process (PID=4154) to work on /home/airflow/.local/lib/python3.7/site-packages/airflow/example_dags/example_short_circuit_decorator.py
[2025-02-13T17:36:34.364+0000] {processor.py:756} INFO - Processing file /home/airflow/.local/lib/python3.7/site-packages/airflow/example_dags/example_short_circuit_decorator.py for tasks to queue
[2025-02-13T17:36:34.367+0000] {logging_mixin.py:137} INFO - [2025-02-13T17:36:34.366+0000] {dagbag.py:537} INFO - Filling up the DagBag from /home/airflow/.local/lib/python3.7/site-packages/airflow/example_dags/example_short_circuit_decorator.py
[2025-02-13T17:36:34.414+0000] {processor.py:766} INFO - DAG(s) dict_keys(['example_short_circuit_decorator']) retrieved from /home/airflow/.local/lib/python3.7/site-packages/airflow/example_dags/example_short_circuit_decorator.py
[2025-02-13T17:36:34.494+0000] {logging_mixin.py:137} INFO - [2025-02-13T17:36:34.494+0000] {dag.py:2585} INFO - Sync 1 DAGs
[2025-02-13T17:36:34.543+0000] {logging_mixin.py:137} INFO - [2025-02-13T17:36:34.543+0000] {dag.py:3340} INFO - Setting next_dagrun for example_short_circuit_decorator to 2025-02-12T17:36:34.543006+00:00, run_after=2025-02-13T17:36:34.543006+00:00
[2025-02-13T17:36:34.585+0000] {processor.py:176} INFO - Processing /home/airflow/.local/lib/python3.7/site-packages/airflow/example_dags/example_short_circuit_decorator.py took 0.230 seconds
[2025-02-13T17:37:04.781+0000] {processor.py:154} INFO - Started process (PID=4334) to work on /home/airflow/.local/lib/python3.7/site-packages/airflow/example_dags/example_short_circuit_decorator.py
[2025-02-13T17:37:04.783+0000] {processor.py:756} INFO - Processing file /home/airflow/.local/lib/python3.7/site-packages/airflow/example_dags/example_short_circuit_decorator.py for tasks to queue
[2025-02-13T17:37:04.785+0000] {logging_mixin.py:137} INFO - [2025-02-13T17:37:04.785+0000] {dagbag.py:537} INFO - Filling up the DagBag from /home/airflow/.local/lib/python3.7/site-packages/airflow/example_dags/example_short_circuit_decorator.py
[2025-02-13T17:37:04.831+0000] {processor.py:766} INFO - DAG(s) dict_keys(['example_short_circuit_decorator']) retrieved from /home/airflow/.local/lib/python3.7/site-packages/airflow/example_dags/example_short_circuit_decorator.py
[2025-02-13T17:37:04.948+0000] {logging_mixin.py:137} INFO - [2025-02-13T17:37:04.948+0000] {dag.py:2585} INFO - Sync 1 DAGs
[2025-02-13T17:37:05.012+0000] {logging_mixin.py:137} INFO - [2025-02-13T17:37:05.012+0000] {dag.py:3340} INFO - Setting next_dagrun for example_short_circuit_decorator to 2025-02-12T17:37:05.011606+00:00, run_after=2025-02-13T17:37:05.011606+00:00
[2025-02-13T17:37:05.065+0000] {processor.py:176} INFO - Processing /home/airflow/.local/lib/python3.7/site-packages/airflow/example_dags/example_short_circuit_decorator.py took 0.290 seconds
[2025-02-13T17:37:35.367+0000] {processor.py:154} INFO - Started process (PID=4514) to work on /home/airflow/.local/lib/python3.7/site-packages/airflow/example_dags/example_short_circuit_decorator.py
[2025-02-13T17:37:35.369+0000] {processor.py:756} INFO - Processing file /home/airflow/.local/lib/python3.7/site-packages/airflow/example_dags/example_short_circuit_decorator.py for tasks to queue
[2025-02-13T17:37:35.371+0000] {logging_mixin.py:137} INFO - [2025-02-13T17:37:35.371+0000] {dagbag.py:537} INFO - Filling up the DagBag from /home/airflow/.local/lib/python3.7/site-packages/airflow/example_dags/example_short_circuit_decorator.py
[2025-02-13T17:37:35.420+0000] {processor.py:766} INFO - DAG(s) dict_keys(['example_short_circuit_decorator']) retrieved from /home/airflow/.local/lib/python3.7/site-packages/airflow/example_dags/example_short_circuit_decorator.py
[2025-02-13T17:37:35.503+0000] {logging_mixin.py:137} INFO - [2025-02-13T17:37:35.503+0000] {dag.py:2585} INFO - Sync 1 DAGs
[2025-02-13T17:37:35.566+0000] {logging_mixin.py:137} INFO - [2025-02-13T17:37:35.565+0000] {dag.py:3340} INFO - Setting next_dagrun for example_short_circuit_decorator to 2025-02-12T17:37:35.565162+00:00, run_after=2025-02-13T17:37:35.565162+00:00
[2025-02-13T17:37:35.610+0000] {processor.py:176} INFO - Processing /home/airflow/.local/lib/python3.7/site-packages/airflow/example_dags/example_short_circuit_decorator.py took 0.248 seconds
[2025-02-13T17:38:06.200+0000] {processor.py:154} INFO - Started process (PID=4694) to work on /home/airflow/.local/lib/python3.7/site-packages/airflow/example_dags/example_short_circuit_decorator.py
[2025-02-13T17:38:06.204+0000] {processor.py:756} INFO - Processing file /home/airflow/.local/lib/python3.7/site-packages/airflow/example_dags/example_short_circuit_decorator.py for tasks to queue
[2025-02-13T17:38:06.207+0000] {logging_mixin.py:137} INFO - [2025-02-13T17:38:06.207+0000] {dagbag.py:537} INFO - Filling up the DagBag from /home/airflow/.local/lib/python3.7/site-packages/airflow/example_dags/example_short_circuit_decorator.py
[2025-02-13T17:38:06.281+0000] {processor.py:766} INFO - DAG(s) dict_keys(['example_short_circuit_decorator']) retrieved from /home/airflow/.local/lib/python3.7/site-packages/airflow/example_dags/example_short_circuit_decorator.py
[2025-02-13T17:38:06.367+0000] {logging_mixin.py:137} INFO - [2025-02-13T17:38:06.367+0000] {dag.py:2585} INFO - Sync 1 DAGs
[2025-02-13T17:38:06.418+0000] {logging_mixin.py:137} INFO - [2025-02-13T17:38:06.417+0000] {dag.py:3340} INFO - Setting next_dagrun for example_short_circuit_decorator to 2025-02-12T17:38:06.417071+00:00, run_after=2025-02-13T17:38:06.417071+00:00
[2025-02-13T17:38:06.466+0000] {processor.py:176} INFO - Processing /home/airflow/.local/lib/python3.7/site-packages/airflow/example_dags/example_short_circuit_decorator.py took 0.286 seconds
[2025-02-13T17:38:37.140+0000] {processor.py:154} INFO - Started process (PID=4874) to work on /home/airflow/.local/lib/python3.7/site-packages/airflow/example_dags/example_short_circuit_decorator.py
[2025-02-13T17:38:37.143+0000] {processor.py:756} INFO - Processing file /home/airflow/.local/lib/python3.7/site-packages/airflow/example_dags/example_short_circuit_decorator.py for tasks to queue
[2025-02-13T17:38:37.146+0000] {logging_mixin.py:137} INFO - [2025-02-13T17:38:37.145+0000] {dagbag.py:537} INFO - Filling up the DagBag from /home/airflow/.local/lib/python3.7/site-packages/airflow/example_dags/example_short_circuit_decorator.py
[2025-02-13T17:38:37.228+0000] {processor.py:766} INFO - DAG(s) dict_keys(['example_short_circuit_decorator']) retrieved from /home/airflow/.local/lib/python3.7/site-packages/airflow/example_dags/example_short_circuit_decorator.py
[2025-02-13T17:38:37.317+0000] {logging_mixin.py:137} INFO - [2025-02-13T17:38:37.317+0000] {dag.py:2585} INFO - Sync 1 DAGs
[2025-02-13T17:38:37.362+0000] {logging_mixin.py:137} INFO - [2025-02-13T17:38:37.362+0000] {dag.py:3340} INFO - Setting next_dagrun for example_short_circuit_decorator to 2025-02-12T17:38:37.362106+00:00, run_after=2025-02-13T17:38:37.362106+00:00
[2025-02-13T17:38:37.403+0000] {processor.py:176} INFO - Processing /home/airflow/.local/lib/python3.7/site-packages/airflow/example_dags/example_short_circuit_decorator.py took 0.270 seconds
[2025-02-13T17:39:38.565+0000] {processor.py:154} INFO - Started process (PID=5054) to work on /home/airflow/.local/lib/python3.7/site-packages/airflow/example_dags/example_short_circuit_decorator.py
[2025-02-13T17:39:38.566+0000] {processor.py:756} INFO - Processing file /home/airflow/.local/lib/python3.7/site-packages/airflow/example_dags/example_short_circuit_decorator.py for tasks to queue
[2025-02-13T17:39:38.567+0000] {logging_mixin.py:137} INFO - [2025-02-13T17:39:38.567+0000] {dagbag.py:537} INFO - Filling up the DagBag from /home/airflow/.local/lib/python3.7/site-packages/airflow/example_dags/example_short_circuit_decorator.py
[2025-02-13T17:39:38.600+0000] {processor.py:766} INFO - DAG(s) dict_keys(['example_short_circuit_decorator']) retrieved from /home/airflow/.local/lib/python3.7/site-packages/airflow/example_dags/example_short_circuit_decorator.py
[2025-02-13T17:39:38.641+0000] {logging_mixin.py:137} INFO - [2025-02-13T17:39:38.641+0000] {dag.py:2585} INFO - Sync 1 DAGs
[2025-02-13T17:39:38.672+0000] {logging_mixin.py:137} INFO - [2025-02-13T17:39:38.672+0000] {dag.py:3340} INFO - Setting next_dagrun for example_short_circuit_decorator to 2025-02-12T17:39:38.671887+00:00, run_after=2025-02-13T17:39:38.671887+00:00
[2025-02-13T17:39:38.701+0000] {processor.py:176} INFO - Processing /home/airflow/.local/lib/python3.7/site-packages/airflow/example_dags/example_short_circuit_decorator.py took 0.141 seconds
[2025-02-13T17:40:09.346+0000] {processor.py:154} INFO - Started process (PID=5234) to work on /home/airflow/.local/lib/python3.7/site-packages/airflow/example_dags/example_short_circuit_decorator.py
[2025-02-13T17:40:09.348+0000] {processor.py:756} INFO - Processing file /home/airflow/.local/lib/python3.7/site-packages/airflow/example_dags/example_short_circuit_decorator.py for tasks to queue
[2025-02-13T17:40:09.350+0000] {logging_mixin.py:137} INFO - [2025-02-13T17:40:09.350+0000] {dagbag.py:537} INFO - Filling up the DagBag from /home/airflow/.local/lib/python3.7/site-packages/airflow/example_dags/example_short_circuit_decorator.py
[2025-02-13T17:40:09.390+0000] {processor.py:766} INFO - DAG(s) dict_keys(['example_short_circuit_decorator']) retrieved from /home/airflow/.local/lib/python3.7/site-packages/airflow/example_dags/example_short_circuit_decorator.py
[2025-02-13T17:40:09.464+0000] {logging_mixin.py:137} INFO - [2025-02-13T17:40:09.464+0000] {dag.py:2585} INFO - Sync 1 DAGs
[2025-02-13T17:40:09.522+0000] {logging_mixin.py:137} INFO - [2025-02-13T17:40:09.522+0000] {dag.py:3340} INFO - Setting next_dagrun for example_short_circuit_decorator to 2025-02-12T17:40:09.521692+00:00, run_after=2025-02-13T17:40:09.521692+00:00
[2025-02-13T17:40:09.573+0000] {processor.py:176} INFO - Processing /home/airflow/.local/lib/python3.7/site-packages/airflow/example_dags/example_short_circuit_decorator.py took 0.233 seconds
[2025-02-13T17:40:39.932+0000] {processor.py:154} INFO - Started process (PID=5414) to work on /home/airflow/.local/lib/python3.7/site-packages/airflow/example_dags/example_short_circuit_decorator.py
[2025-02-13T17:40:39.935+0000] {processor.py:756} INFO - Processing file /home/airflow/.local/lib/python3.7/site-packages/airflow/example_dags/example_short_circuit_decorator.py for tasks to queue
[2025-02-13T17:40:39.936+0000] {logging_mixin.py:137} INFO - [2025-02-13T17:40:39.936+0000] {dagbag.py:537} INFO - Filling up the DagBag from /home/airflow/.local/lib/python3.7/site-packages/airflow/example_dags/example_short_circuit_decorator.py
[2025-02-13T17:40:39.973+0000] {processor.py:766} INFO - DAG(s) dict_keys(['example_short_circuit_decorator']) retrieved from /home/airflow/.local/lib/python3.7/site-packages/airflow/example_dags/example_short_circuit_decorator.py
[2025-02-13T17:40:40.037+0000] {logging_mixin.py:137} INFO - [2025-02-13T17:40:40.036+0000] {dag.py:2585} INFO - Sync 1 DAGs
[2025-02-13T17:40:40.093+0000] {logging_mixin.py:137} INFO - [2025-02-13T17:40:40.093+0000] {dag.py:3340} INFO - Setting next_dagrun for example_short_circuit_decorator to 2025-02-12T17:40:40.093078+00:00, run_after=2025-02-13T17:40:40.093078+00:00
[2025-02-13T17:40:40.130+0000] {processor.py:176} INFO - Processing /home/airflow/.local/lib/python3.7/site-packages/airflow/example_dags/example_short_circuit_decorator.py took 0.202 seconds
[2025-02-13T17:41:11.352+0000] {processor.py:154} INFO - Started process (PID=5594) to work on /home/airflow/.local/lib/python3.7/site-packages/airflow/example_dags/example_short_circuit_decorator.py
[2025-02-13T17:41:11.355+0000] {processor.py:756} INFO - Processing file /home/airflow/.local/lib/python3.7/site-packages/airflow/example_dags/example_short_circuit_decorator.py for tasks to queue
[2025-02-13T17:41:11.357+0000] {logging_mixin.py:137} INFO - [2025-02-13T17:41:11.356+0000] {dagbag.py:537} INFO - Filling up the DagBag from /home/airflow/.local/lib/python3.7/site-packages/airflow/example_dags/example_short_circuit_decorator.py
[2025-02-13T17:41:11.415+0000] {processor.py:766} INFO - DAG(s) dict_keys(['example_short_circuit_decorator']) retrieved from /home/airflow/.local/lib/python3.7/site-packages/airflow/example_dags/example_short_circuit_decorator.py
[2025-02-13T17:41:11.505+0000] {logging_mixin.py:137} INFO - [2025-02-13T17:41:11.505+0000] {dag.py:2585} INFO - Sync 1 DAGs
[2025-02-13T17:41:11.555+0000] {logging_mixin.py:137} INFO - [2025-02-13T17:41:11.555+0000] {dag.py:3340} INFO - Setting next_dagrun for example_short_circuit_decorator to 2025-02-12T17:41:11.555057+00:00, run_after=2025-02-13T17:41:11.555057+00:00
[2025-02-13T17:41:11.588+0000] {processor.py:176} INFO - Processing /home/airflow/.local/lib/python3.7/site-packages/airflow/example_dags/example_short_circuit_decorator.py took 0.241 seconds
[2025-02-13T17:41:41.683+0000] {processor.py:154} INFO - Started process (PID=5774) to work on /home/airflow/.local/lib/python3.7/site-packages/airflow/example_dags/example_short_circuit_decorator.py
[2025-02-13T17:41:41.685+0000] {processor.py:756} INFO - Processing file /home/airflow/.local/lib/python3.7/site-packages/airflow/example_dags/example_short_circuit_decorator.py for tasks to queue
[2025-02-13T17:41:41.688+0000] {logging_mixin.py:137} INFO - [2025-02-13T17:41:41.688+0000] {dagbag.py:537} INFO - Filling up the DagBag from /home/airflow/.local/lib/python3.7/site-packages/airflow/example_dags/example_short_circuit_decorator.py
[2025-02-13T17:41:41.727+0000] {processor.py:766} INFO - DAG(s) dict_keys(['example_short_circuit_decorator']) retrieved from /home/airflow/.local/lib/python3.7/site-packages/airflow/example_dags/example_short_circuit_decorator.py
[2025-02-13T17:41:41.781+0000] {logging_mixin.py:137} INFO - [2025-02-13T17:41:41.781+0000] {dag.py:2585} INFO - Sync 1 DAGs
[2025-02-13T17:41:41.839+0000] {logging_mixin.py:137} INFO - [2025-02-13T17:41:41.838+0000] {dag.py:3340} INFO - Setting next_dagrun for example_short_circuit_decorator to 2025-02-12T17:41:41.837278+00:00, run_after=2025-02-13T17:41:41.837278+00:00
[2025-02-13T17:41:41.913+0000] {processor.py:176} INFO - Processing /home/airflow/.local/lib/python3.7/site-packages/airflow/example_dags/example_short_circuit_decorator.py took 0.234 seconds
[2025-02-13T17:42:12.298+0000] {processor.py:154} INFO - Started process (PID=5956) to work on /home/airflow/.local/lib/python3.7/site-packages/airflow/example_dags/example_short_circuit_decorator.py
[2025-02-13T17:42:12.299+0000] {processor.py:756} INFO - Processing file /home/airflow/.local/lib/python3.7/site-packages/airflow/example_dags/example_short_circuit_decorator.py for tasks to queue
[2025-02-13T17:42:12.301+0000] {logging_mixin.py:137} INFO - [2025-02-13T17:42:12.301+0000] {dagbag.py:537} INFO - Filling up the DagBag from /home/airflow/.local/lib/python3.7/site-packages/airflow/example_dags/example_short_circuit_decorator.py
[2025-02-13T17:42:12.368+0000] {processor.py:766} INFO - DAG(s) dict_keys(['example_short_circuit_decorator']) retrieved from /home/airflow/.local/lib/python3.7/site-packages/airflow/example_dags/example_short_circuit_decorator.py
[2025-02-13T17:42:12.436+0000] {logging_mixin.py:137} INFO - [2025-02-13T17:42:12.436+0000] {dag.py:2585} INFO - Sync 1 DAGs
[2025-02-13T17:42:12.482+0000] {logging_mixin.py:137} INFO - [2025-02-13T17:42:12.481+0000] {dag.py:3340} INFO - Setting next_dagrun for example_short_circuit_decorator to 2025-02-12T17:42:12.481597+00:00, run_after=2025-02-13T17:42:12.481597+00:00
[2025-02-13T17:42:12.509+0000] {processor.py:176} INFO - Processing /home/airflow/.local/lib/python3.7/site-packages/airflow/example_dags/example_short_circuit_decorator.py took 0.218 seconds
[2025-02-13T17:42:42.865+0000] {processor.py:154} INFO - Started process (PID=6134) to work on /home/airflow/.local/lib/python3.7/site-packages/airflow/example_dags/example_short_circuit_decorator.py
[2025-02-13T17:42:42.868+0000] {processor.py:756} INFO - Processing file /home/airflow/.local/lib/python3.7/site-packages/airflow/example_dags/example_short_circuit_decorator.py for tasks to queue
[2025-02-13T17:42:42.870+0000] {logging_mixin.py:137} INFO - [2025-02-13T17:42:42.869+0000] {dagbag.py:537} INFO - Filling up the DagBag from /home/airflow/.local/lib/python3.7/site-packages/airflow/example_dags/example_short_circuit_decorator.py
[2025-02-13T17:42:42.902+0000] {processor.py:766} INFO - DAG(s) dict_keys(['example_short_circuit_decorator']) retrieved from /home/airflow/.local/lib/python3.7/site-packages/airflow/example_dags/example_short_circuit_decorator.py
[2025-02-13T17:42:42.966+0000] {logging_mixin.py:137} INFO - [2025-02-13T17:42:42.965+0000] {dag.py:2585} INFO - Sync 1 DAGs
[2025-02-13T17:42:43.003+0000] {logging_mixin.py:137} INFO - [2025-02-13T17:42:43.003+0000] {dag.py:3340} INFO - Setting next_dagrun for example_short_circuit_decorator to 2025-02-12T17:42:43.002773+00:00, run_after=2025-02-13T17:42:43.002773+00:00
[2025-02-13T17:42:43.039+0000] {processor.py:176} INFO - Processing /home/airflow/.local/lib/python3.7/site-packages/airflow/example_dags/example_short_circuit_decorator.py took 0.178 seconds
[2025-02-13T17:43:13.675+0000] {processor.py:154} INFO - Started process (PID=6314) to work on /home/airflow/.local/lib/python3.7/site-packages/airflow/example_dags/example_short_circuit_decorator.py
[2025-02-13T17:43:13.678+0000] {processor.py:756} INFO - Processing file /home/airflow/.local/lib/python3.7/site-packages/airflow/example_dags/example_short_circuit_decorator.py for tasks to queue
[2025-02-13T17:43:13.679+0000] {logging_mixin.py:137} INFO - [2025-02-13T17:43:13.679+0000] {dagbag.py:537} INFO - Filling up the DagBag from /home/airflow/.local/lib/python3.7/site-packages/airflow/example_dags/example_short_circuit_decorator.py
[2025-02-13T17:43:13.723+0000] {processor.py:766} INFO - DAG(s) dict_keys(['example_short_circuit_decorator']) retrieved from /home/airflow/.local/lib/python3.7/site-packages/airflow/example_dags/example_short_circuit_decorator.py
[2025-02-13T17:43:13.799+0000] {logging_mixin.py:137} INFO - [2025-02-13T17:43:13.798+0000] {dag.py:2585} INFO - Sync 1 DAGs
[2025-02-13T17:43:13.849+0000] {logging_mixin.py:137} INFO - [2025-02-13T17:43:13.849+0000] {dag.py:3340} INFO - Setting next_dagrun for example_short_circuit_decorator to 2025-02-12T17:43:13.848891+00:00, run_after=2025-02-13T17:43:13.848891+00:00
[2025-02-13T17:43:13.890+0000] {processor.py:176} INFO - Processing /home/airflow/.local/lib/python3.7/site-packages/airflow/example_dags/example_short_circuit_decorator.py took 0.221 seconds
[2025-02-13T17:43:44.285+0000] {processor.py:154} INFO - Started process (PID=6494) to work on /home/airflow/.local/lib/python3.7/site-packages/airflow/example_dags/example_short_circuit_decorator.py
[2025-02-13T17:43:44.287+0000] {processor.py:756} INFO - Processing file /home/airflow/.local/lib/python3.7/site-packages/airflow/example_dags/example_short_circuit_decorator.py for tasks to queue
[2025-02-13T17:43:44.288+0000] {logging_mixin.py:137} INFO - [2025-02-13T17:43:44.288+0000] {dagbag.py:537} INFO - Filling up the DagBag from /home/airflow/.local/lib/python3.7/site-packages/airflow/example_dags/example_short_circuit_decorator.py
[2025-02-13T17:43:44.333+0000] {processor.py:766} INFO - DAG(s) dict_keys(['example_short_circuit_decorator']) retrieved from /home/airflow/.local/lib/python3.7/site-packages/airflow/example_dags/example_short_circuit_decorator.py
[2025-02-13T17:43:44.404+0000] {logging_mixin.py:137} INFO - [2025-02-13T17:43:44.404+0000] {dag.py:2585} INFO - Sync 1 DAGs
[2025-02-13T17:43:44.451+0000] {logging_mixin.py:137} INFO - [2025-02-13T17:43:44.451+0000] {dag.py:3340} INFO - Setting next_dagrun for example_short_circuit_decorator to 2025-02-12T17:43:44.450737+00:00, run_after=2025-02-13T17:43:44.450737+00:00
[2025-02-13T17:43:44.487+0000] {processor.py:176} INFO - Processing /home/airflow/.local/lib/python3.7/site-packages/airflow/example_dags/example_short_circuit_decorator.py took 0.208 seconds
[2025-02-13T17:44:14.895+0000] {processor.py:154} INFO - Started process (PID=6676) to work on /home/airflow/.local/lib/python3.7/site-packages/airflow/example_dags/example_short_circuit_decorator.py
[2025-02-13T17:44:14.897+0000] {processor.py:756} INFO - Processing file /home/airflow/.local/lib/python3.7/site-packages/airflow/example_dags/example_short_circuit_decorator.py for tasks to queue
[2025-02-13T17:44:14.899+0000] {logging_mixin.py:137} INFO - [2025-02-13T17:44:14.898+0000] {dagbag.py:537} INFO - Filling up the DagBag from /home/airflow/.local/lib/python3.7/site-packages/airflow/example_dags/example_short_circuit_decorator.py
[2025-02-13T17:44:14.938+0000] {processor.py:766} INFO - DAG(s) dict_keys(['example_short_circuit_decorator']) retrieved from /home/airflow/.local/lib/python3.7/site-packages/airflow/example_dags/example_short_circuit_decorator.py
[2025-02-13T17:44:15.006+0000] {logging_mixin.py:137} INFO - [2025-02-13T17:44:15.006+0000] {dag.py:2585} INFO - Sync 1 DAGs
[2025-02-13T17:44:15.052+0000] {logging_mixin.py:137} INFO - [2025-02-13T17:44:15.051+0000] {dag.py:3340} INFO - Setting next_dagrun for example_short_circuit_decorator to 2025-02-12T17:44:15.051175+00:00, run_after=2025-02-13T17:44:15.051175+00:00
[2025-02-13T17:44:15.094+0000] {processor.py:176} INFO - Processing /home/airflow/.local/lib/python3.7/site-packages/airflow/example_dags/example_short_circuit_decorator.py took 0.204 seconds
[2025-02-13T17:44:45.561+0000] {processor.py:154} INFO - Started process (PID=6854) to work on /home/airflow/.local/lib/python3.7/site-packages/airflow/example_dags/example_short_circuit_decorator.py
[2025-02-13T17:44:45.563+0000] {processor.py:756} INFO - Processing file /home/airflow/.local/lib/python3.7/site-packages/airflow/example_dags/example_short_circuit_decorator.py for tasks to queue
[2025-02-13T17:44:45.566+0000] {logging_mixin.py:137} INFO - [2025-02-13T17:44:45.565+0000] {dagbag.py:537} INFO - Filling up the DagBag from /home/airflow/.local/lib/python3.7/site-packages/airflow/example_dags/example_short_circuit_decorator.py
[2025-02-13T17:44:45.615+0000] {processor.py:766} INFO - DAG(s) dict_keys(['example_short_circuit_decorator']) retrieved from /home/airflow/.local/lib/python3.7/site-packages/airflow/example_dags/example_short_circuit_decorator.py
[2025-02-13T17:44:45.691+0000] {logging_mixin.py:137} INFO - [2025-02-13T17:44:45.690+0000] {dag.py:2585} INFO - Sync 1 DAGs
[2025-02-13T17:44:45.741+0000] {logging_mixin.py:137} INFO - [2025-02-13T17:44:45.741+0000] {dag.py:3340} INFO - Setting next_dagrun for example_short_circuit_decorator to 2025-02-12T17:44:45.741320+00:00, run_after=2025-02-13T17:44:45.741320+00:00
[2025-02-13T17:44:45.787+0000] {processor.py:176} INFO - Processing /home/airflow/.local/lib/python3.7/site-packages/airflow/example_dags/example_short_circuit_decorator.py took 0.233 seconds
[2025-02-13T17:45:16.193+0000] {processor.py:154} INFO - Started process (PID=7034) to work on /home/airflow/.local/lib/python3.7/site-packages/airflow/example_dags/example_short_circuit_decorator.py
[2025-02-13T17:45:16.195+0000] {processor.py:756} INFO - Processing file /home/airflow/.local/lib/python3.7/site-packages/airflow/example_dags/example_short_circuit_decorator.py for tasks to queue
[2025-02-13T17:45:16.196+0000] {logging_mixin.py:137} INFO - [2025-02-13T17:45:16.196+0000] {dagbag.py:537} INFO - Filling up the DagBag from /home/airflow/.local/lib/python3.7/site-packages/airflow/example_dags/example_short_circuit_decorator.py
[2025-02-13T17:45:16.228+0000] {processor.py:766} INFO - DAG(s) dict_keys(['example_short_circuit_decorator']) retrieved from /home/airflow/.local/lib/python3.7/site-packages/airflow/example_dags/example_short_circuit_decorator.py
[2025-02-13T17:45:16.288+0000] {logging_mixin.py:137} INFO - [2025-02-13T17:45:16.287+0000] {dag.py:2585} INFO - Sync 1 DAGs
[2025-02-13T17:45:16.324+0000] {logging_mixin.py:137} INFO - [2025-02-13T17:45:16.323+0000] {dag.py:3340} INFO - Setting next_dagrun for example_short_circuit_decorator to 2025-02-12T17:45:16.323144+00:00, run_after=2025-02-13T17:45:16.323144+00:00
[2025-02-13T17:45:16.366+0000] {processor.py:176} INFO - Processing /home/airflow/.local/lib/python3.7/site-packages/airflow/example_dags/example_short_circuit_decorator.py took 0.176 seconds
[2025-02-13T17:45:46.870+0000] {processor.py:154} INFO - Started process (PID=7216) to work on /home/airflow/.local/lib/python3.7/site-packages/airflow/example_dags/example_short_circuit_decorator.py
[2025-02-13T17:45:46.872+0000] {processor.py:756} INFO - Processing file /home/airflow/.local/lib/python3.7/site-packages/airflow/example_dags/example_short_circuit_decorator.py for tasks to queue
[2025-02-13T17:45:46.873+0000] {logging_mixin.py:137} INFO - [2025-02-13T17:45:46.873+0000] {dagbag.py:537} INFO - Filling up the DagBag from /home/airflow/.local/lib/python3.7/site-packages/airflow/example_dags/example_short_circuit_decorator.py
[2025-02-13T17:45:46.918+0000] {processor.py:766} INFO - DAG(s) dict_keys(['example_short_circuit_decorator']) retrieved from /home/airflow/.local/lib/python3.7/site-packages/airflow/example_dags/example_short_circuit_decorator.py
[2025-02-13T17:45:47.000+0000] {logging_mixin.py:137} INFO - [2025-02-13T17:45:46.999+0000] {dag.py:2585} INFO - Sync 1 DAGs
[2025-02-13T17:45:47.052+0000] {logging_mixin.py:137} INFO - [2025-02-13T17:45:47.052+0000] {dag.py:3340} INFO - Setting next_dagrun for example_short_circuit_decorator to 2025-02-12T17:45:47.051455+00:00, run_after=2025-02-13T17:45:47.051455+00:00
[2025-02-13T17:45:47.086+0000] {processor.py:176} INFO - Processing /home/airflow/.local/lib/python3.7/site-packages/airflow/example_dags/example_short_circuit_decorator.py took 0.221 seconds
[2025-02-13T17:46:18.045+0000] {processor.py:154} INFO - Started process (PID=7396) to work on /home/airflow/.local/lib/python3.7/site-packages/airflow/example_dags/example_short_circuit_decorator.py
[2025-02-13T17:46:18.048+0000] {processor.py:756} INFO - Processing file /home/airflow/.local/lib/python3.7/site-packages/airflow/example_dags/example_short_circuit_decorator.py for tasks to queue
[2025-02-13T17:46:18.051+0000] {logging_mixin.py:137} INFO - [2025-02-13T17:46:18.050+0000] {dagbag.py:537} INFO - Filling up the DagBag from /home/airflow/.local/lib/python3.7/site-packages/airflow/example_dags/example_short_circuit_decorator.py
[2025-02-13T17:46:18.132+0000] {processor.py:766} INFO - DAG(s) dict_keys(['example_short_circuit_decorator']) retrieved from /home/airflow/.local/lib/python3.7/site-packages/airflow/example_dags/example_short_circuit_decorator.py
[2025-02-13T17:46:18.288+0000] {logging_mixin.py:137} INFO - [2025-02-13T17:46:18.288+0000] {dag.py:2585} INFO - Sync 1 DAGs
[2025-02-13T17:46:18.944+0000] {logging_mixin.py:137} INFO - [2025-02-13T17:46:18.944+0000] {process_utils.py:256} INFO - Waiting up to 5 seconds for processes to exit...
[2025-02-13T17:47:34.422+0000] {processor.py:154} INFO - Started process (PID=193) to work on /home/airflow/.local/lib/python3.7/site-packages/airflow/example_dags/example_short_circuit_decorator.py
[2025-02-13T17:47:34.424+0000] {processor.py:756} INFO - Processing file /home/airflow/.local/lib/python3.7/site-packages/airflow/example_dags/example_short_circuit_decorator.py for tasks to queue
[2025-02-13T17:47:34.426+0000] {logging_mixin.py:137} INFO - [2025-02-13T17:47:34.425+0000] {dagbag.py:537} INFO - Filling up the DagBag from /home/airflow/.local/lib/python3.7/site-packages/airflow/example_dags/example_short_circuit_decorator.py
[2025-02-13T17:47:34.479+0000] {processor.py:766} INFO - DAG(s) dict_keys(['example_short_circuit_decorator']) retrieved from /home/airflow/.local/lib/python3.7/site-packages/airflow/example_dags/example_short_circuit_decorator.py
[2025-02-13T17:47:34.598+0000] {logging_mixin.py:137} INFO - [2025-02-13T17:47:34.598+0000] {dag.py:2585} INFO - Sync 1 DAGs
[2025-02-13T17:47:34.657+0000] {logging_mixin.py:137} INFO - [2025-02-13T17:47:34.657+0000] {dag.py:3340} INFO - Setting next_dagrun for example_short_circuit_decorator to 2025-02-12T17:47:34.656856+00:00, run_after=2025-02-13T17:47:34.656856+00:00
[2025-02-13T17:47:34.720+0000] {processor.py:176} INFO - Processing /home/airflow/.local/lib/python3.7/site-packages/airflow/example_dags/example_short_circuit_decorator.py took 0.301 seconds
[2025-02-13T17:48:04.940+0000] {processor.py:154} INFO - Started process (PID=373) to work on /home/airflow/.local/lib/python3.7/site-packages/airflow/example_dags/example_short_circuit_decorator.py
[2025-02-13T17:48:04.942+0000] {processor.py:756} INFO - Processing file /home/airflow/.local/lib/python3.7/site-packages/airflow/example_dags/example_short_circuit_decorator.py for tasks to queue
[2025-02-13T17:48:04.944+0000] {logging_mixin.py:137} INFO - [2025-02-13T17:48:04.944+0000] {dagbag.py:537} INFO - Filling up the DagBag from /home/airflow/.local/lib/python3.7/site-packages/airflow/example_dags/example_short_circuit_decorator.py
[2025-02-13T17:48:04.992+0000] {processor.py:766} INFO - DAG(s) dict_keys(['example_short_circuit_decorator']) retrieved from /home/airflow/.local/lib/python3.7/site-packages/airflow/example_dags/example_short_circuit_decorator.py
[2025-02-13T17:48:05.033+0000] {logging_mixin.py:137} INFO - [2025-02-13T17:48:05.032+0000] {dag.py:2585} INFO - Sync 1 DAGs
[2025-02-13T17:48:05.104+0000] {logging_mixin.py:137} INFO - [2025-02-13T17:48:05.103+0000] {dag.py:3340} INFO - Setting next_dagrun for example_short_circuit_decorator to 2025-02-12T17:48:05.103282+00:00, run_after=2025-02-13T17:48:05.103282+00:00
[2025-02-13T17:48:05.172+0000] {processor.py:176} INFO - Processing /home/airflow/.local/lib/python3.7/site-packages/airflow/example_dags/example_short_circuit_decorator.py took 0.238 seconds
[2025-02-13T17:48:35.885+0000] {processor.py:154} INFO - Started process (PID=554) to work on /home/airflow/.local/lib/python3.7/site-packages/airflow/example_dags/example_short_circuit_decorator.py
[2025-02-13T17:48:35.887+0000] {processor.py:756} INFO - Processing file /home/airflow/.local/lib/python3.7/site-packages/airflow/example_dags/example_short_circuit_decorator.py for tasks to queue
[2025-02-13T17:48:35.888+0000] {logging_mixin.py:137} INFO - [2025-02-13T17:48:35.888+0000] {dagbag.py:537} INFO - Filling up the DagBag from /home/airflow/.local/lib/python3.7/site-packages/airflow/example_dags/example_short_circuit_decorator.py
[2025-02-13T17:48:35.922+0000] {processor.py:766} INFO - DAG(s) dict_keys(['example_short_circuit_decorator']) retrieved from /home/airflow/.local/lib/python3.7/site-packages/airflow/example_dags/example_short_circuit_decorator.py
[2025-02-13T17:48:35.986+0000] {logging_mixin.py:137} INFO - [2025-02-13T17:48:35.986+0000] {dag.py:2585} INFO - Sync 1 DAGs
[2025-02-13T17:48:36.024+0000] {logging_mixin.py:137} INFO - [2025-02-13T17:48:36.024+0000] {dag.py:3340} INFO - Setting next_dagrun for example_short_circuit_decorator to 2025-02-12T17:48:36.024084+00:00, run_after=2025-02-13T17:48:36.024084+00:00
[2025-02-13T17:48:36.061+0000] {processor.py:176} INFO - Processing /home/airflow/.local/lib/python3.7/site-packages/airflow/example_dags/example_short_circuit_decorator.py took 0.180 seconds
[2025-02-13T17:49:06.417+0000] {processor.py:154} INFO - Started process (PID=734) to work on /home/airflow/.local/lib/python3.7/site-packages/airflow/example_dags/example_short_circuit_decorator.py
[2025-02-13T17:49:06.419+0000] {processor.py:756} INFO - Processing file /home/airflow/.local/lib/python3.7/site-packages/airflow/example_dags/example_short_circuit_decorator.py for tasks to queue
[2025-02-13T17:49:06.420+0000] {logging_mixin.py:137} INFO - [2025-02-13T17:49:06.420+0000] {dagbag.py:537} INFO - Filling up the DagBag from /home/airflow/.local/lib/python3.7/site-packages/airflow/example_dags/example_short_circuit_decorator.py
[2025-02-13T17:49:06.453+0000] {processor.py:766} INFO - DAG(s) dict_keys(['example_short_circuit_decorator']) retrieved from /home/airflow/.local/lib/python3.7/site-packages/airflow/example_dags/example_short_circuit_decorator.py
[2025-02-13T17:49:06.521+0000] {logging_mixin.py:137} INFO - [2025-02-13T17:49:06.521+0000] {dag.py:2585} INFO - Sync 1 DAGs
[2025-02-13T17:49:06.558+0000] {logging_mixin.py:137} INFO - [2025-02-13T17:49:06.558+0000] {dag.py:3340} INFO - Setting next_dagrun for example_short_circuit_decorator to 2025-02-12T17:49:06.558131+00:00, run_after=2025-02-13T17:49:06.558131+00:00
[2025-02-13T17:49:06.592+0000] {processor.py:176} INFO - Processing /home/airflow/.local/lib/python3.7/site-packages/airflow/example_dags/example_short_circuit_decorator.py took 0.180 seconds
[2025-02-13T17:49:37.437+0000] {processor.py:154} INFO - Started process (PID=914) to work on /home/airflow/.local/lib/python3.7/site-packages/airflow/example_dags/example_short_circuit_decorator.py
[2025-02-13T17:49:37.439+0000] {processor.py:756} INFO - Processing file /home/airflow/.local/lib/python3.7/site-packages/airflow/example_dags/example_short_circuit_decorator.py for tasks to queue
[2025-02-13T17:49:37.440+0000] {logging_mixin.py:137} INFO - [2025-02-13T17:49:37.440+0000] {dagbag.py:537} INFO - Filling up the DagBag from /home/airflow/.local/lib/python3.7/site-packages/airflow/example_dags/example_short_circuit_decorator.py
[2025-02-13T17:49:37.472+0000] {processor.py:766} INFO - DAG(s) dict_keys(['example_short_circuit_decorator']) retrieved from /home/airflow/.local/lib/python3.7/site-packages/airflow/example_dags/example_short_circuit_decorator.py
[2025-02-13T17:49:37.549+0000] {logging_mixin.py:137} INFO - [2025-02-13T17:49:37.548+0000] {dag.py:2585} INFO - Sync 1 DAGs
[2025-02-13T17:49:37.583+0000] {logging_mixin.py:137} INFO - [2025-02-13T17:49:37.583+0000] {dag.py:3340} INFO - Setting next_dagrun for example_short_circuit_decorator to 2025-02-12T17:49:37.582808+00:00, run_after=2025-02-13T17:49:37.582808+00:00
[2025-02-13T17:49:37.618+0000] {processor.py:176} INFO - Processing /home/airflow/.local/lib/python3.7/site-packages/airflow/example_dags/example_short_circuit_decorator.py took 0.184 seconds
[2025-02-13T17:50:07.831+0000] {processor.py:154} INFO - Started process (PID=1094) to work on /home/airflow/.local/lib/python3.7/site-packages/airflow/example_dags/example_short_circuit_decorator.py
[2025-02-13T17:50:07.832+0000] {processor.py:756} INFO - Processing file /home/airflow/.local/lib/python3.7/site-packages/airflow/example_dags/example_short_circuit_decorator.py for tasks to queue
[2025-02-13T17:50:07.834+0000] {logging_mixin.py:137} INFO - [2025-02-13T17:50:07.834+0000] {dagbag.py:537} INFO - Filling up the DagBag from /home/airflow/.local/lib/python3.7/site-packages/airflow/example_dags/example_short_circuit_decorator.py
[2025-02-13T17:50:07.869+0000] {processor.py:766} INFO - DAG(s) dict_keys(['example_short_circuit_decorator']) retrieved from /home/airflow/.local/lib/python3.7/site-packages/airflow/example_dags/example_short_circuit_decorator.py
[2025-02-13T17:50:07.926+0000] {logging_mixin.py:137} INFO - [2025-02-13T17:50:07.926+0000] {dag.py:2585} INFO - Sync 1 DAGs
[2025-02-13T17:50:07.965+0000] {logging_mixin.py:137} INFO - [2025-02-13T17:50:07.965+0000] {dag.py:3340} INFO - Setting next_dagrun for example_short_circuit_decorator to 2025-02-12T17:50:07.964906+00:00, run_after=2025-02-13T17:50:07.964906+00:00
[2025-02-13T17:50:07.995+0000] {processor.py:176} INFO - Processing /home/airflow/.local/lib/python3.7/site-packages/airflow/example_dags/example_short_circuit_decorator.py took 0.168 seconds
[2025-02-13T17:50:38.297+0000] {processor.py:154} INFO - Started process (PID=1274) to work on /home/airflow/.local/lib/python3.7/site-packages/airflow/example_dags/example_short_circuit_decorator.py
[2025-02-13T17:50:38.301+0000] {processor.py:756} INFO - Processing file /home/airflow/.local/lib/python3.7/site-packages/airflow/example_dags/example_short_circuit_decorator.py for tasks to queue
[2025-02-13T17:50:38.304+0000] {logging_mixin.py:137} INFO - [2025-02-13T17:50:38.303+0000] {dagbag.py:537} INFO - Filling up the DagBag from /home/airflow/.local/lib/python3.7/site-packages/airflow/example_dags/example_short_circuit_decorator.py
[2025-02-13T17:50:38.347+0000] {processor.py:766} INFO - DAG(s) dict_keys(['example_short_circuit_decorator']) retrieved from /home/airflow/.local/lib/python3.7/site-packages/airflow/example_dags/example_short_circuit_decorator.py
[2025-02-13T17:50:38.418+0000] {logging_mixin.py:137} INFO - [2025-02-13T17:50:38.418+0000] {dag.py:2585} INFO - Sync 1 DAGs
[2025-02-13T17:50:38.455+0000] {logging_mixin.py:137} INFO - [2025-02-13T17:50:38.454+0000] {dag.py:3340} INFO - Setting next_dagrun for example_short_circuit_decorator to 2025-02-12T17:50:38.453890+00:00, run_after=2025-02-13T17:50:38.453890+00:00
[2025-02-13T17:50:38.490+0000] {processor.py:176} INFO - Processing /home/airflow/.local/lib/python3.7/site-packages/airflow/example_dags/example_short_circuit_decorator.py took 0.204 seconds
[2025-02-13T17:51:09.396+0000] {processor.py:154} INFO - Started process (PID=1454) to work on /home/airflow/.local/lib/python3.7/site-packages/airflow/example_dags/example_short_circuit_decorator.py
[2025-02-13T17:51:09.397+0000] {processor.py:756} INFO - Processing file /home/airflow/.local/lib/python3.7/site-packages/airflow/example_dags/example_short_circuit_decorator.py for tasks to queue
[2025-02-13T17:51:09.398+0000] {logging_mixin.py:137} INFO - [2025-02-13T17:51:09.398+0000] {dagbag.py:537} INFO - Filling up the DagBag from /home/airflow/.local/lib/python3.7/site-packages/airflow/example_dags/example_short_circuit_decorator.py
[2025-02-13T17:51:09.428+0000] {processor.py:766} INFO - DAG(s) dict_keys(['example_short_circuit_decorator']) retrieved from /home/airflow/.local/lib/python3.7/site-packages/airflow/example_dags/example_short_circuit_decorator.py
[2025-02-13T17:51:09.480+0000] {logging_mixin.py:137} INFO - [2025-02-13T17:51:09.479+0000] {dag.py:2585} INFO - Sync 1 DAGs
[2025-02-13T17:51:09.514+0000] {logging_mixin.py:137} INFO - [2025-02-13T17:51:09.514+0000] {dag.py:3340} INFO - Setting next_dagrun for example_short_circuit_decorator to 2025-02-12T17:51:09.513705+00:00, run_after=2025-02-13T17:51:09.513705+00:00
[2025-02-13T17:51:09.544+0000] {processor.py:176} INFO - Processing /home/airflow/.local/lib/python3.7/site-packages/airflow/example_dags/example_short_circuit_decorator.py took 0.153 seconds
[2025-02-13T17:51:39.670+0000] {processor.py:154} INFO - Started process (PID=1634) to work on /home/airflow/.local/lib/python3.7/site-packages/airflow/example_dags/example_short_circuit_decorator.py
[2025-02-13T17:51:39.671+0000] {processor.py:756} INFO - Processing file /home/airflow/.local/lib/python3.7/site-packages/airflow/example_dags/example_short_circuit_decorator.py for tasks to queue
[2025-02-13T17:51:39.672+0000] {logging_mixin.py:137} INFO - [2025-02-13T17:51:39.672+0000] {dagbag.py:537} INFO - Filling up the DagBag from /home/airflow/.local/lib/python3.7/site-packages/airflow/example_dags/example_short_circuit_decorator.py
[2025-02-13T17:51:39.700+0000] {processor.py:766} INFO - DAG(s) dict_keys(['example_short_circuit_decorator']) retrieved from /home/airflow/.local/lib/python3.7/site-packages/airflow/example_dags/example_short_circuit_decorator.py
[2025-02-13T17:51:39.751+0000] {logging_mixin.py:137} INFO - [2025-02-13T17:51:39.751+0000] {dag.py:2585} INFO - Sync 1 DAGs
[2025-02-13T17:51:39.781+0000] {logging_mixin.py:137} INFO - [2025-02-13T17:51:39.781+0000] {dag.py:3340} INFO - Setting next_dagrun for example_short_circuit_decorator to 2025-02-12T17:51:39.781041+00:00, run_after=2025-02-13T17:51:39.781041+00:00
[2025-02-13T17:51:39.809+0000] {processor.py:176} INFO - Processing /home/airflow/.local/lib/python3.7/site-packages/airflow/example_dags/example_short_circuit_decorator.py took 0.143 seconds
