[2025-02-13T17:24:21.380+0000] {processor.py:154} INFO - Started process (PID=253) to work on /home/airflow/.local/lib/python3.7/site-packages/airflow/example_dags/example_skip_dag.py
[2025-02-13T17:24:21.382+0000] {processor.py:756} INFO - Processing file /home/airflow/.local/lib/python3.7/site-packages/airflow/example_dags/example_skip_dag.py for tasks to queue
[2025-02-13T17:24:21.384+0000] {logging_mixin.py:137} INFO - [2025-02-13T17:24:21.384+0000] {dagbag.py:537} INFO - Filling up the DagBag from /home/airflow/.local/lib/python3.7/site-packages/airflow/example_dags/example_skip_dag.py
[2025-02-13T17:24:21.428+0000] {processor.py:766} INFO - DAG(s) dict_keys(['example_skip_dag']) retrieved from /home/airflow/.local/lib/python3.7/site-packages/airflow/example_dags/example_skip_dag.py
[2025-02-13T17:24:21.703+0000] {logging_mixin.py:137} INFO - [2025-02-13T17:24:21.703+0000] {dag.py:2585} INFO - Sync 1 DAGs
[2025-02-13T17:24:21.753+0000] {logging_mixin.py:137} INFO - [2025-02-13T17:24:21.752+0000] {dag.py:3340} INFO - Setting next_dagrun for example_skip_dag to 2025-02-12T17:24:21.752138+00:00, run_after=2025-02-13T17:24:21.752138+00:00
[2025-02-13T17:24:21.808+0000] {processor.py:176} INFO - Processing /home/airflow/.local/lib/python3.7/site-packages/airflow/example_dags/example_skip_dag.py took 0.434 seconds
[2025-02-13T17:25:21.620+0000] {processor.py:154} INFO - Started process (PID=251) to work on /home/airflow/.local/lib/python3.7/site-packages/airflow/example_dags/example_skip_dag.py
[2025-02-13T17:25:21.623+0000] {processor.py:756} INFO - Processing file /home/airflow/.local/lib/python3.7/site-packages/airflow/example_dags/example_skip_dag.py for tasks to queue
[2025-02-13T17:25:21.626+0000] {logging_mixin.py:137} INFO - [2025-02-13T17:25:21.626+0000] {dagbag.py:537} INFO - Filling up the DagBag from /home/airflow/.local/lib/python3.7/site-packages/airflow/example_dags/example_skip_dag.py
[2025-02-13T17:25:21.658+0000] {processor.py:766} INFO - DAG(s) dict_keys(['example_skip_dag']) retrieved from /home/airflow/.local/lib/python3.7/site-packages/airflow/example_dags/example_skip_dag.py
[2025-02-13T17:25:21.752+0000] {logging_mixin.py:137} INFO - [2025-02-13T17:25:21.751+0000] {dag.py:2585} INFO - Sync 1 DAGs
[2025-02-13T17:25:21.808+0000] {logging_mixin.py:137} INFO - [2025-02-13T17:25:21.808+0000] {dag.py:3340} INFO - Setting next_dagrun for example_skip_dag to 2025-02-12T17:25:21.807295+00:00, run_after=2025-02-13T17:25:21.807295+00:00
[2025-02-13T17:25:21.874+0000] {processor.py:176} INFO - Processing /home/airflow/.local/lib/python3.7/site-packages/airflow/example_dags/example_skip_dag.py took 0.262 seconds
[2025-02-13T17:25:53.110+0000] {processor.py:154} INFO - Started process (PID=431) to work on /home/airflow/.local/lib/python3.7/site-packages/airflow/example_dags/example_skip_dag.py
[2025-02-13T17:25:53.113+0000] {processor.py:756} INFO - Processing file /home/airflow/.local/lib/python3.7/site-packages/airflow/example_dags/example_skip_dag.py for tasks to queue
[2025-02-13T17:25:53.115+0000] {logging_mixin.py:137} INFO - [2025-02-13T17:25:53.115+0000] {dagbag.py:537} INFO - Filling up the DagBag from /home/airflow/.local/lib/python3.7/site-packages/airflow/example_dags/example_skip_dag.py
[2025-02-13T17:25:53.151+0000] {processor.py:766} INFO - DAG(s) dict_keys(['example_skip_dag']) retrieved from /home/airflow/.local/lib/python3.7/site-packages/airflow/example_dags/example_skip_dag.py
[2025-02-13T17:25:53.290+0000] {logging_mixin.py:137} INFO - [2025-02-13T17:25:53.289+0000] {dag.py:2585} INFO - Sync 1 DAGs
[2025-02-13T17:25:53.401+0000] {logging_mixin.py:137} INFO - [2025-02-13T17:25:53.401+0000] {dag.py:3340} INFO - Setting next_dagrun for example_skip_dag to 2025-02-12T17:25:53.400272+00:00, run_after=2025-02-13T17:25:53.400272+00:00
[2025-02-13T17:25:53.464+0000] {processor.py:176} INFO - Processing /home/airflow/.local/lib/python3.7/site-packages/airflow/example_dags/example_skip_dag.py took 0.363 seconds
[2025-02-13T17:26:23.959+0000] {processor.py:154} INFO - Started process (PID=611) to work on /home/airflow/.local/lib/python3.7/site-packages/airflow/example_dags/example_skip_dag.py
[2025-02-13T17:26:23.978+0000] {processor.py:756} INFO - Processing file /home/airflow/.local/lib/python3.7/site-packages/airflow/example_dags/example_skip_dag.py for tasks to queue
[2025-02-13T17:26:23.981+0000] {logging_mixin.py:137} INFO - [2025-02-13T17:26:23.981+0000] {dagbag.py:537} INFO - Filling up the DagBag from /home/airflow/.local/lib/python3.7/site-packages/airflow/example_dags/example_skip_dag.py
[2025-02-13T17:26:24.011+0000] {processor.py:766} INFO - DAG(s) dict_keys(['example_skip_dag']) retrieved from /home/airflow/.local/lib/python3.7/site-packages/airflow/example_dags/example_skip_dag.py
[2025-02-13T17:26:24.164+0000] {logging_mixin.py:137} INFO - [2025-02-13T17:26:24.163+0000] {dag.py:2585} INFO - Sync 1 DAGs
[2025-02-13T17:26:24.321+0000] {logging_mixin.py:137} INFO - [2025-02-13T17:26:24.320+0000] {dag.py:3340} INFO - Setting next_dagrun for example_skip_dag to 2025-02-12T17:26:24.320058+00:00, run_after=2025-02-13T17:26:24.320058+00:00
[2025-02-13T17:26:24.391+0000] {processor.py:176} INFO - Processing /home/airflow/.local/lib/python3.7/site-packages/airflow/example_dags/example_skip_dag.py took 0.443 seconds
[2025-02-13T17:26:55.036+0000] {processor.py:154} INFO - Started process (PID=791) to work on /home/airflow/.local/lib/python3.7/site-packages/airflow/example_dags/example_skip_dag.py
[2025-02-13T17:26:55.038+0000] {processor.py:756} INFO - Processing file /home/airflow/.local/lib/python3.7/site-packages/airflow/example_dags/example_skip_dag.py for tasks to queue
[2025-02-13T17:26:55.040+0000] {logging_mixin.py:137} INFO - [2025-02-13T17:26:55.040+0000] {dagbag.py:537} INFO - Filling up the DagBag from /home/airflow/.local/lib/python3.7/site-packages/airflow/example_dags/example_skip_dag.py
[2025-02-13T17:26:55.066+0000] {processor.py:766} INFO - DAG(s) dict_keys(['example_skip_dag']) retrieved from /home/airflow/.local/lib/python3.7/site-packages/airflow/example_dags/example_skip_dag.py
[2025-02-13T17:26:55.130+0000] {logging_mixin.py:137} INFO - [2025-02-13T17:26:55.130+0000] {dag.py:2585} INFO - Sync 1 DAGs
[2025-02-13T17:26:55.206+0000] {logging_mixin.py:137} INFO - [2025-02-13T17:26:55.205+0000] {dag.py:3340} INFO - Setting next_dagrun for example_skip_dag to 2025-02-12T17:26:55.204585+00:00, run_after=2025-02-13T17:26:55.204585+00:00
[2025-02-13T17:26:55.260+0000] {processor.py:176} INFO - Processing /home/airflow/.local/lib/python3.7/site-packages/airflow/example_dags/example_skip_dag.py took 0.231 seconds
[2025-02-13T17:27:25.864+0000] {processor.py:154} INFO - Started process (PID=972) to work on /home/airflow/.local/lib/python3.7/site-packages/airflow/example_dags/example_skip_dag.py
[2025-02-13T17:27:25.868+0000] {processor.py:756} INFO - Processing file /home/airflow/.local/lib/python3.7/site-packages/airflow/example_dags/example_skip_dag.py for tasks to queue
[2025-02-13T17:27:25.880+0000] {logging_mixin.py:137} INFO - [2025-02-13T17:27:25.875+0000] {dagbag.py:537} INFO - Filling up the DagBag from /home/airflow/.local/lib/python3.7/site-packages/airflow/example_dags/example_skip_dag.py
[2025-02-13T17:27:25.986+0000] {processor.py:766} INFO - DAG(s) dict_keys(['example_skip_dag']) retrieved from /home/airflow/.local/lib/python3.7/site-packages/airflow/example_dags/example_skip_dag.py
[2025-02-13T17:27:26.175+0000] {logging_mixin.py:137} INFO - [2025-02-13T17:27:26.175+0000] {dag.py:2585} INFO - Sync 1 DAGs
[2025-02-13T17:27:26.376+0000] {logging_mixin.py:137} INFO - [2025-02-13T17:27:26.375+0000] {dag.py:3340} INFO - Setting next_dagrun for example_skip_dag to 2025-02-12T17:27:26.374016+00:00, run_after=2025-02-13T17:27:26.374016+00:00
[2025-02-13T17:27:26.471+0000] {processor.py:176} INFO - Processing /home/airflow/.local/lib/python3.7/site-packages/airflow/example_dags/example_skip_dag.py took 0.619 seconds
[2025-02-13T17:27:56.542+0000] {processor.py:154} INFO - Started process (PID=1151) to work on /home/airflow/.local/lib/python3.7/site-packages/airflow/example_dags/example_skip_dag.py
[2025-02-13T17:27:56.546+0000] {processor.py:756} INFO - Processing file /home/airflow/.local/lib/python3.7/site-packages/airflow/example_dags/example_skip_dag.py for tasks to queue
[2025-02-13T17:27:56.548+0000] {logging_mixin.py:137} INFO - [2025-02-13T17:27:56.547+0000] {dagbag.py:537} INFO - Filling up the DagBag from /home/airflow/.local/lib/python3.7/site-packages/airflow/example_dags/example_skip_dag.py
[2025-02-13T17:27:56.576+0000] {processor.py:766} INFO - DAG(s) dict_keys(['example_skip_dag']) retrieved from /home/airflow/.local/lib/python3.7/site-packages/airflow/example_dags/example_skip_dag.py
[2025-02-13T17:27:56.622+0000] {logging_mixin.py:137} INFO - [2025-02-13T17:27:56.621+0000] {dag.py:2585} INFO - Sync 1 DAGs
[2025-02-13T17:27:56.668+0000] {logging_mixin.py:137} INFO - [2025-02-13T17:27:56.668+0000] {dag.py:3340} INFO - Setting next_dagrun for example_skip_dag to 2025-02-12T17:27:56.668176+00:00, run_after=2025-02-13T17:27:56.668176+00:00
[2025-02-13T17:27:56.713+0000] {processor.py:176} INFO - Processing /home/airflow/.local/lib/python3.7/site-packages/airflow/example_dags/example_skip_dag.py took 0.178 seconds
[2025-02-13T17:28:26.982+0000] {processor.py:154} INFO - Started process (PID=1332) to work on /home/airflow/.local/lib/python3.7/site-packages/airflow/example_dags/example_skip_dag.py
[2025-02-13T17:28:26.985+0000] {processor.py:756} INFO - Processing file /home/airflow/.local/lib/python3.7/site-packages/airflow/example_dags/example_skip_dag.py for tasks to queue
[2025-02-13T17:28:26.987+0000] {logging_mixin.py:137} INFO - [2025-02-13T17:28:26.986+0000] {dagbag.py:537} INFO - Filling up the DagBag from /home/airflow/.local/lib/python3.7/site-packages/airflow/example_dags/example_skip_dag.py
[2025-02-13T17:28:27.014+0000] {processor.py:766} INFO - DAG(s) dict_keys(['example_skip_dag']) retrieved from /home/airflow/.local/lib/python3.7/site-packages/airflow/example_dags/example_skip_dag.py
[2025-02-13T17:28:27.083+0000] {logging_mixin.py:137} INFO - [2025-02-13T17:28:27.083+0000] {dag.py:2585} INFO - Sync 1 DAGs
[2025-02-13T17:28:27.136+0000] {logging_mixin.py:137} INFO - [2025-02-13T17:28:27.136+0000] {dag.py:3340} INFO - Setting next_dagrun for example_skip_dag to 2025-02-12T17:28:27.135325+00:00, run_after=2025-02-13T17:28:27.135325+00:00
[2025-02-13T17:28:27.193+0000] {processor.py:176} INFO - Processing /home/airflow/.local/lib/python3.7/site-packages/airflow/example_dags/example_skip_dag.py took 0.216 seconds
[2025-02-13T17:28:57.888+0000] {processor.py:154} INFO - Started process (PID=1512) to work on /home/airflow/.local/lib/python3.7/site-packages/airflow/example_dags/example_skip_dag.py
[2025-02-13T17:28:57.891+0000] {processor.py:756} INFO - Processing file /home/airflow/.local/lib/python3.7/site-packages/airflow/example_dags/example_skip_dag.py for tasks to queue
[2025-02-13T17:28:57.893+0000] {logging_mixin.py:137} INFO - [2025-02-13T17:28:57.893+0000] {dagbag.py:537} INFO - Filling up the DagBag from /home/airflow/.local/lib/python3.7/site-packages/airflow/example_dags/example_skip_dag.py
[2025-02-13T17:28:57.936+0000] {processor.py:766} INFO - DAG(s) dict_keys(['example_skip_dag']) retrieved from /home/airflow/.local/lib/python3.7/site-packages/airflow/example_dags/example_skip_dag.py
[2025-02-13T17:28:57.999+0000] {logging_mixin.py:137} INFO - [2025-02-13T17:28:57.998+0000] {dag.py:2585} INFO - Sync 1 DAGs
[2025-02-13T17:28:58.074+0000] {logging_mixin.py:137} INFO - [2025-02-13T17:28:58.074+0000] {dag.py:3340} INFO - Setting next_dagrun for example_skip_dag to 2025-02-12T17:28:58.073053+00:00, run_after=2025-02-13T17:28:58.073053+00:00
[2025-02-13T17:28:58.124+0000] {processor.py:176} INFO - Processing /home/airflow/.local/lib/python3.7/site-packages/airflow/example_dags/example_skip_dag.py took 0.243 seconds
[2025-02-13T17:29:28.291+0000] {processor.py:154} INFO - Started process (PID=1691) to work on /home/airflow/.local/lib/python3.7/site-packages/airflow/example_dags/example_skip_dag.py
[2025-02-13T17:29:28.294+0000] {processor.py:756} INFO - Processing file /home/airflow/.local/lib/python3.7/site-packages/airflow/example_dags/example_skip_dag.py for tasks to queue
[2025-02-13T17:29:28.297+0000] {logging_mixin.py:137} INFO - [2025-02-13T17:29:28.297+0000] {dagbag.py:537} INFO - Filling up the DagBag from /home/airflow/.local/lib/python3.7/site-packages/airflow/example_dags/example_skip_dag.py
[2025-02-13T17:29:28.338+0000] {processor.py:766} INFO - DAG(s) dict_keys(['example_skip_dag']) retrieved from /home/airflow/.local/lib/python3.7/site-packages/airflow/example_dags/example_skip_dag.py
[2025-02-13T17:29:28.398+0000] {logging_mixin.py:137} INFO - [2025-02-13T17:29:28.397+0000] {dag.py:2585} INFO - Sync 1 DAGs
[2025-02-13T17:29:28.451+0000] {logging_mixin.py:137} INFO - [2025-02-13T17:29:28.451+0000] {dag.py:3340} INFO - Setting next_dagrun for example_skip_dag to 2025-02-12T17:29:28.450766+00:00, run_after=2025-02-13T17:29:28.450766+00:00
[2025-02-13T17:29:28.494+0000] {processor.py:176} INFO - Processing /home/airflow/.local/lib/python3.7/site-packages/airflow/example_dags/example_skip_dag.py took 0.208 seconds
[2025-02-13T17:29:59.040+0000] {processor.py:154} INFO - Started process (PID=1872) to work on /home/airflow/.local/lib/python3.7/site-packages/airflow/example_dags/example_skip_dag.py
[2025-02-13T17:29:59.043+0000] {processor.py:756} INFO - Processing file /home/airflow/.local/lib/python3.7/site-packages/airflow/example_dags/example_skip_dag.py for tasks to queue
[2025-02-13T17:29:59.047+0000] {logging_mixin.py:137} INFO - [2025-02-13T17:29:59.046+0000] {dagbag.py:537} INFO - Filling up the DagBag from /home/airflow/.local/lib/python3.7/site-packages/airflow/example_dags/example_skip_dag.py
[2025-02-13T17:29:59.110+0000] {processor.py:766} INFO - DAG(s) dict_keys(['example_skip_dag']) retrieved from /home/airflow/.local/lib/python3.7/site-packages/airflow/example_dags/example_skip_dag.py
[2025-02-13T17:29:59.180+0000] {logging_mixin.py:137} INFO - [2025-02-13T17:29:59.179+0000] {dag.py:2585} INFO - Sync 1 DAGs
[2025-02-13T17:29:59.225+0000] {logging_mixin.py:137} INFO - [2025-02-13T17:29:59.224+0000] {dag.py:3340} INFO - Setting next_dagrun for example_skip_dag to 2025-02-12T17:29:59.223977+00:00, run_after=2025-02-13T17:29:59.223977+00:00
[2025-02-13T17:29:59.303+0000] {processor.py:176} INFO - Processing /home/airflow/.local/lib/python3.7/site-packages/airflow/example_dags/example_skip_dag.py took 0.277 seconds
[2025-02-13T17:30:30.006+0000] {processor.py:154} INFO - Started process (PID=2052) to work on /home/airflow/.local/lib/python3.7/site-packages/airflow/example_dags/example_skip_dag.py
[2025-02-13T17:30:30.008+0000] {processor.py:756} INFO - Processing file /home/airflow/.local/lib/python3.7/site-packages/airflow/example_dags/example_skip_dag.py for tasks to queue
[2025-02-13T17:30:30.011+0000] {logging_mixin.py:137} INFO - [2025-02-13T17:30:30.011+0000] {dagbag.py:537} INFO - Filling up the DagBag from /home/airflow/.local/lib/python3.7/site-packages/airflow/example_dags/example_skip_dag.py
[2025-02-13T17:30:30.037+0000] {processor.py:766} INFO - DAG(s) dict_keys(['example_skip_dag']) retrieved from /home/airflow/.local/lib/python3.7/site-packages/airflow/example_dags/example_skip_dag.py
[2025-02-13T17:30:30.099+0000] {logging_mixin.py:137} INFO - [2025-02-13T17:30:30.098+0000] {dag.py:2585} INFO - Sync 1 DAGs
[2025-02-13T17:30:30.183+0000] {logging_mixin.py:137} INFO - [2025-02-13T17:30:30.183+0000] {dag.py:3340} INFO - Setting next_dagrun for example_skip_dag to 2025-02-12T17:30:30.183118+00:00, run_after=2025-02-13T17:30:30.183118+00:00
[2025-02-13T17:30:30.238+0000] {processor.py:176} INFO - Processing /home/airflow/.local/lib/python3.7/site-packages/airflow/example_dags/example_skip_dag.py took 0.237 seconds
[2025-02-13T17:31:01.403+0000] {processor.py:154} INFO - Started process (PID=2234) to work on /home/airflow/.local/lib/python3.7/site-packages/airflow/example_dags/example_skip_dag.py
[2025-02-13T17:31:01.405+0000] {processor.py:756} INFO - Processing file /home/airflow/.local/lib/python3.7/site-packages/airflow/example_dags/example_skip_dag.py for tasks to queue
[2025-02-13T17:31:01.407+0000] {logging_mixin.py:137} INFO - [2025-02-13T17:31:01.406+0000] {dagbag.py:537} INFO - Filling up the DagBag from /home/airflow/.local/lib/python3.7/site-packages/airflow/example_dags/example_skip_dag.py
[2025-02-13T17:31:01.432+0000] {processor.py:766} INFO - DAG(s) dict_keys(['example_skip_dag']) retrieved from /home/airflow/.local/lib/python3.7/site-packages/airflow/example_dags/example_skip_dag.py
[2025-02-13T17:31:01.498+0000] {logging_mixin.py:137} INFO - [2025-02-13T17:31:01.497+0000] {dag.py:2585} INFO - Sync 1 DAGs
[2025-02-13T17:31:01.613+0000] {logging_mixin.py:137} INFO - [2025-02-13T17:31:01.612+0000] {dag.py:3340} INFO - Setting next_dagrun for example_skip_dag to 2025-02-12T17:31:01.611909+00:00, run_after=2025-02-13T17:31:01.611909+00:00
[2025-02-13T17:31:01.673+0000] {processor.py:176} INFO - Processing /home/airflow/.local/lib/python3.7/site-packages/airflow/example_dags/example_skip_dag.py took 0.275 seconds
[2025-02-13T17:31:31.998+0000] {processor.py:154} INFO - Started process (PID=2414) to work on /home/airflow/.local/lib/python3.7/site-packages/airflow/example_dags/example_skip_dag.py
[2025-02-13T17:31:32.000+0000] {processor.py:756} INFO - Processing file /home/airflow/.local/lib/python3.7/site-packages/airflow/example_dags/example_skip_dag.py for tasks to queue
[2025-02-13T17:31:32.003+0000] {logging_mixin.py:137} INFO - [2025-02-13T17:31:32.002+0000] {dagbag.py:537} INFO - Filling up the DagBag from /home/airflow/.local/lib/python3.7/site-packages/airflow/example_dags/example_skip_dag.py
[2025-02-13T17:31:32.038+0000] {processor.py:766} INFO - DAG(s) dict_keys(['example_skip_dag']) retrieved from /home/airflow/.local/lib/python3.7/site-packages/airflow/example_dags/example_skip_dag.py
[2025-02-13T17:31:32.097+0000] {logging_mixin.py:137} INFO - [2025-02-13T17:31:32.097+0000] {dag.py:2585} INFO - Sync 1 DAGs
[2025-02-13T17:31:32.164+0000] {logging_mixin.py:137} INFO - [2025-02-13T17:31:32.164+0000] {dag.py:3340} INFO - Setting next_dagrun for example_skip_dag to 2025-02-12T17:31:32.162981+00:00, run_after=2025-02-13T17:31:32.162981+00:00
[2025-02-13T17:31:32.230+0000] {processor.py:176} INFO - Processing /home/airflow/.local/lib/python3.7/site-packages/airflow/example_dags/example_skip_dag.py took 0.238 seconds
[2025-02-13T17:32:02.933+0000] {processor.py:154} INFO - Started process (PID=2594) to work on /home/airflow/.local/lib/python3.7/site-packages/airflow/example_dags/example_skip_dag.py
[2025-02-13T17:32:02.938+0000] {processor.py:756} INFO - Processing file /home/airflow/.local/lib/python3.7/site-packages/airflow/example_dags/example_skip_dag.py for tasks to queue
[2025-02-13T17:32:02.942+0000] {logging_mixin.py:137} INFO - [2025-02-13T17:32:02.941+0000] {dagbag.py:537} INFO - Filling up the DagBag from /home/airflow/.local/lib/python3.7/site-packages/airflow/example_dags/example_skip_dag.py
[2025-02-13T17:32:02.987+0000] {processor.py:766} INFO - DAG(s) dict_keys(['example_skip_dag']) retrieved from /home/airflow/.local/lib/python3.7/site-packages/airflow/example_dags/example_skip_dag.py
[2025-02-13T17:32:03.105+0000] {logging_mixin.py:137} INFO - [2025-02-13T17:32:03.105+0000] {dag.py:2585} INFO - Sync 1 DAGs
[2025-02-13T17:32:03.187+0000] {logging_mixin.py:137} INFO - [2025-02-13T17:32:03.187+0000] {dag.py:3340} INFO - Setting next_dagrun for example_skip_dag to 2025-02-12T17:32:03.186665+00:00, run_after=2025-02-13T17:32:03.186665+00:00
[2025-02-13T17:32:03.278+0000] {processor.py:176} INFO - Processing /home/airflow/.local/lib/python3.7/site-packages/airflow/example_dags/example_skip_dag.py took 0.354 seconds
[2025-02-13T17:32:33.498+0000] {processor.py:154} INFO - Started process (PID=2771) to work on /home/airflow/.local/lib/python3.7/site-packages/airflow/example_dags/example_skip_dag.py
[2025-02-13T17:32:33.500+0000] {processor.py:756} INFO - Processing file /home/airflow/.local/lib/python3.7/site-packages/airflow/example_dags/example_skip_dag.py for tasks to queue
[2025-02-13T17:32:33.503+0000] {logging_mixin.py:137} INFO - [2025-02-13T17:32:33.502+0000] {dagbag.py:537} INFO - Filling up the DagBag from /home/airflow/.local/lib/python3.7/site-packages/airflow/example_dags/example_skip_dag.py
[2025-02-13T17:32:33.526+0000] {processor.py:766} INFO - DAG(s) dict_keys(['example_skip_dag']) retrieved from /home/airflow/.local/lib/python3.7/site-packages/airflow/example_dags/example_skip_dag.py
[2025-02-13T17:32:33.607+0000] {logging_mixin.py:137} INFO - [2025-02-13T17:32:33.606+0000] {dag.py:2585} INFO - Sync 1 DAGs
[2025-02-13T17:32:33.658+0000] {logging_mixin.py:137} INFO - [2025-02-13T17:32:33.658+0000] {dag.py:3340} INFO - Setting next_dagrun for example_skip_dag to 2025-02-12T17:32:33.658310+00:00, run_after=2025-02-13T17:32:33.658310+00:00
[2025-02-13T17:32:33.705+0000] {processor.py:176} INFO - Processing /home/airflow/.local/lib/python3.7/site-packages/airflow/example_dags/example_skip_dag.py took 0.212 seconds
[2025-02-13T17:33:04.201+0000] {processor.py:154} INFO - Started process (PID=2954) to work on /home/airflow/.local/lib/python3.7/site-packages/airflow/example_dags/example_skip_dag.py
[2025-02-13T17:33:04.204+0000] {processor.py:756} INFO - Processing file /home/airflow/.local/lib/python3.7/site-packages/airflow/example_dags/example_skip_dag.py for tasks to queue
[2025-02-13T17:33:04.207+0000] {logging_mixin.py:137} INFO - [2025-02-13T17:33:04.206+0000] {dagbag.py:537} INFO - Filling up the DagBag from /home/airflow/.local/lib/python3.7/site-packages/airflow/example_dags/example_skip_dag.py
[2025-02-13T17:33:04.231+0000] {processor.py:766} INFO - DAG(s) dict_keys(['example_skip_dag']) retrieved from /home/airflow/.local/lib/python3.7/site-packages/airflow/example_dags/example_skip_dag.py
[2025-02-13T17:33:04.269+0000] {logging_mixin.py:137} INFO - [2025-02-13T17:33:04.268+0000] {dag.py:2585} INFO - Sync 1 DAGs
[2025-02-13T17:33:04.305+0000] {logging_mixin.py:137} INFO - [2025-02-13T17:33:04.305+0000] {dag.py:3340} INFO - Setting next_dagrun for example_skip_dag to 2025-02-12T17:33:04.304709+00:00, run_after=2025-02-13T17:33:04.304709+00:00
[2025-02-13T17:33:04.341+0000] {processor.py:176} INFO - Processing /home/airflow/.local/lib/python3.7/site-packages/airflow/example_dags/example_skip_dag.py took 0.151 seconds
[2025-02-13T17:33:34.603+0000] {processor.py:154} INFO - Started process (PID=3134) to work on /home/airflow/.local/lib/python3.7/site-packages/airflow/example_dags/example_skip_dag.py
[2025-02-13T17:33:34.605+0000] {processor.py:756} INFO - Processing file /home/airflow/.local/lib/python3.7/site-packages/airflow/example_dags/example_skip_dag.py for tasks to queue
[2025-02-13T17:33:34.607+0000] {logging_mixin.py:137} INFO - [2025-02-13T17:33:34.607+0000] {dagbag.py:537} INFO - Filling up the DagBag from /home/airflow/.local/lib/python3.7/site-packages/airflow/example_dags/example_skip_dag.py
[2025-02-13T17:33:34.638+0000] {processor.py:766} INFO - DAG(s) dict_keys(['example_skip_dag']) retrieved from /home/airflow/.local/lib/python3.7/site-packages/airflow/example_dags/example_skip_dag.py
[2025-02-13T17:33:34.715+0000] {logging_mixin.py:137} INFO - [2025-02-13T17:33:34.715+0000] {dag.py:2585} INFO - Sync 1 DAGs
[2025-02-13T17:33:34.764+0000] {logging_mixin.py:137} INFO - [2025-02-13T17:33:34.764+0000] {dag.py:3340} INFO - Setting next_dagrun for example_skip_dag to 2025-02-12T17:33:34.763828+00:00, run_after=2025-02-13T17:33:34.763828+00:00
[2025-02-13T17:33:34.809+0000] {processor.py:176} INFO - Processing /home/airflow/.local/lib/python3.7/site-packages/airflow/example_dags/example_skip_dag.py took 0.214 seconds
[2025-02-13T17:34:05.313+0000] {processor.py:154} INFO - Started process (PID=3314) to work on /home/airflow/.local/lib/python3.7/site-packages/airflow/example_dags/example_skip_dag.py
[2025-02-13T17:34:05.315+0000] {processor.py:756} INFO - Processing file /home/airflow/.local/lib/python3.7/site-packages/airflow/example_dags/example_skip_dag.py for tasks to queue
[2025-02-13T17:34:05.317+0000] {logging_mixin.py:137} INFO - [2025-02-13T17:34:05.317+0000] {dagbag.py:537} INFO - Filling up the DagBag from /home/airflow/.local/lib/python3.7/site-packages/airflow/example_dags/example_skip_dag.py
[2025-02-13T17:34:05.351+0000] {processor.py:766} INFO - DAG(s) dict_keys(['example_skip_dag']) retrieved from /home/airflow/.local/lib/python3.7/site-packages/airflow/example_dags/example_skip_dag.py
[2025-02-13T17:34:05.435+0000] {logging_mixin.py:137} INFO - [2025-02-13T17:34:05.435+0000] {dag.py:2585} INFO - Sync 1 DAGs
[2025-02-13T17:34:05.487+0000] {logging_mixin.py:137} INFO - [2025-02-13T17:34:05.487+0000] {dag.py:3340} INFO - Setting next_dagrun for example_skip_dag to 2025-02-12T17:34:05.486746+00:00, run_after=2025-02-13T17:34:05.486746+00:00
[2025-02-13T17:34:05.530+0000] {processor.py:176} INFO - Processing /home/airflow/.local/lib/python3.7/site-packages/airflow/example_dags/example_skip_dag.py took 0.222 seconds
[2025-02-13T17:34:35.914+0000] {processor.py:154} INFO - Started process (PID=3494) to work on /home/airflow/.local/lib/python3.7/site-packages/airflow/example_dags/example_skip_dag.py
[2025-02-13T17:34:35.917+0000] {processor.py:756} INFO - Processing file /home/airflow/.local/lib/python3.7/site-packages/airflow/example_dags/example_skip_dag.py for tasks to queue
[2025-02-13T17:34:35.919+0000] {logging_mixin.py:137} INFO - [2025-02-13T17:34:35.919+0000] {dagbag.py:537} INFO - Filling up the DagBag from /home/airflow/.local/lib/python3.7/site-packages/airflow/example_dags/example_skip_dag.py
[2025-02-13T17:34:35.964+0000] {processor.py:766} INFO - DAG(s) dict_keys(['example_skip_dag']) retrieved from /home/airflow/.local/lib/python3.7/site-packages/airflow/example_dags/example_skip_dag.py
[2025-02-13T17:34:36.127+0000] {logging_mixin.py:137} INFO - [2025-02-13T17:34:36.126+0000] {dag.py:2585} INFO - Sync 1 DAGs
[2025-02-13T17:34:36.244+0000] {logging_mixin.py:137} INFO - [2025-02-13T17:34:36.243+0000] {dag.py:3340} INFO - Setting next_dagrun for example_skip_dag to 2025-02-12T17:34:36.243530+00:00, run_after=2025-02-13T17:34:36.243530+00:00
[2025-02-13T17:34:36.297+0000] {processor.py:176} INFO - Processing /home/airflow/.local/lib/python3.7/site-packages/airflow/example_dags/example_skip_dag.py took 0.393 seconds
[2025-02-13T17:35:06.426+0000] {processor.py:154} INFO - Started process (PID=3674) to work on /home/airflow/.local/lib/python3.7/site-packages/airflow/example_dags/example_skip_dag.py
[2025-02-13T17:35:06.428+0000] {processor.py:756} INFO - Processing file /home/airflow/.local/lib/python3.7/site-packages/airflow/example_dags/example_skip_dag.py for tasks to queue
[2025-02-13T17:35:06.431+0000] {logging_mixin.py:137} INFO - [2025-02-13T17:35:06.430+0000] {dagbag.py:537} INFO - Filling up the DagBag from /home/airflow/.local/lib/python3.7/site-packages/airflow/example_dags/example_skip_dag.py
[2025-02-13T17:35:06.459+0000] {processor.py:766} INFO - DAG(s) dict_keys(['example_skip_dag']) retrieved from /home/airflow/.local/lib/python3.7/site-packages/airflow/example_dags/example_skip_dag.py
[2025-02-13T17:35:06.527+0000] {logging_mixin.py:137} INFO - [2025-02-13T17:35:06.526+0000] {dag.py:2585} INFO - Sync 1 DAGs
[2025-02-13T17:35:06.579+0000] {logging_mixin.py:137} INFO - [2025-02-13T17:35:06.578+0000] {dag.py:3340} INFO - Setting next_dagrun for example_skip_dag to 2025-02-12T17:35:06.578293+00:00, run_after=2025-02-13T17:35:06.578293+00:00
[2025-02-13T17:35:06.625+0000] {processor.py:176} INFO - Processing /home/airflow/.local/lib/python3.7/site-packages/airflow/example_dags/example_skip_dag.py took 0.207 seconds
[2025-02-13T17:35:36.821+0000] {processor.py:154} INFO - Started process (PID=3854) to work on /home/airflow/.local/lib/python3.7/site-packages/airflow/example_dags/example_skip_dag.py
[2025-02-13T17:35:36.823+0000] {processor.py:756} INFO - Processing file /home/airflow/.local/lib/python3.7/site-packages/airflow/example_dags/example_skip_dag.py for tasks to queue
[2025-02-13T17:35:36.824+0000] {logging_mixin.py:137} INFO - [2025-02-13T17:35:36.824+0000] {dagbag.py:537} INFO - Filling up the DagBag from /home/airflow/.local/lib/python3.7/site-packages/airflow/example_dags/example_skip_dag.py
[2025-02-13T17:35:36.848+0000] {processor.py:766} INFO - DAG(s) dict_keys(['example_skip_dag']) retrieved from /home/airflow/.local/lib/python3.7/site-packages/airflow/example_dags/example_skip_dag.py
[2025-02-13T17:35:36.918+0000] {logging_mixin.py:137} INFO - [2025-02-13T17:35:36.918+0000] {dag.py:2585} INFO - Sync 1 DAGs
[2025-02-13T17:35:36.966+0000] {logging_mixin.py:137} INFO - [2025-02-13T17:35:36.966+0000] {dag.py:3340} INFO - Setting next_dagrun for example_skip_dag to 2025-02-12T17:35:36.966226+00:00, run_after=2025-02-13T17:35:36.966226+00:00
[2025-02-13T17:35:37.010+0000] {processor.py:176} INFO - Processing /home/airflow/.local/lib/python3.7/site-packages/airflow/example_dags/example_skip_dag.py took 0.195 seconds
[2025-02-13T17:36:07.178+0000] {processor.py:154} INFO - Started process (PID=4034) to work on /home/airflow/.local/lib/python3.7/site-packages/airflow/example_dags/example_skip_dag.py
[2025-02-13T17:36:07.180+0000] {processor.py:756} INFO - Processing file /home/airflow/.local/lib/python3.7/site-packages/airflow/example_dags/example_skip_dag.py for tasks to queue
[2025-02-13T17:36:07.181+0000] {logging_mixin.py:137} INFO - [2025-02-13T17:36:07.181+0000] {dagbag.py:537} INFO - Filling up the DagBag from /home/airflow/.local/lib/python3.7/site-packages/airflow/example_dags/example_skip_dag.py
[2025-02-13T17:36:07.205+0000] {processor.py:766} INFO - DAG(s) dict_keys(['example_skip_dag']) retrieved from /home/airflow/.local/lib/python3.7/site-packages/airflow/example_dags/example_skip_dag.py
[2025-02-13T17:36:07.282+0000] {logging_mixin.py:137} INFO - [2025-02-13T17:36:07.281+0000] {dag.py:2585} INFO - Sync 1 DAGs
[2025-02-13T17:36:07.333+0000] {logging_mixin.py:137} INFO - [2025-02-13T17:36:07.333+0000] {dag.py:3340} INFO - Setting next_dagrun for example_skip_dag to 2025-02-12T17:36:07.333268+00:00, run_after=2025-02-13T17:36:07.333268+00:00
[2025-02-13T17:36:07.367+0000] {processor.py:176} INFO - Processing /home/airflow/.local/lib/python3.7/site-packages/airflow/example_dags/example_skip_dag.py took 0.195 seconds
[2025-02-13T17:36:37.663+0000] {processor.py:154} INFO - Started process (PID=4214) to work on /home/airflow/.local/lib/python3.7/site-packages/airflow/example_dags/example_skip_dag.py
[2025-02-13T17:36:37.665+0000] {processor.py:756} INFO - Processing file /home/airflow/.local/lib/python3.7/site-packages/airflow/example_dags/example_skip_dag.py for tasks to queue
[2025-02-13T17:36:37.667+0000] {logging_mixin.py:137} INFO - [2025-02-13T17:36:37.667+0000] {dagbag.py:537} INFO - Filling up the DagBag from /home/airflow/.local/lib/python3.7/site-packages/airflow/example_dags/example_skip_dag.py
[2025-02-13T17:36:37.691+0000] {processor.py:766} INFO - DAG(s) dict_keys(['example_skip_dag']) retrieved from /home/airflow/.local/lib/python3.7/site-packages/airflow/example_dags/example_skip_dag.py
[2025-02-13T17:36:37.764+0000] {logging_mixin.py:137} INFO - [2025-02-13T17:36:37.764+0000] {dag.py:2585} INFO - Sync 1 DAGs
[2025-02-13T17:36:37.810+0000] {logging_mixin.py:137} INFO - [2025-02-13T17:36:37.810+0000] {dag.py:3340} INFO - Setting next_dagrun for example_skip_dag to 2025-02-12T17:36:37.810220+00:00, run_after=2025-02-13T17:36:37.810220+00:00
[2025-02-13T17:36:37.845+0000] {processor.py:176} INFO - Processing /home/airflow/.local/lib/python3.7/site-packages/airflow/example_dags/example_skip_dag.py took 0.190 seconds
[2025-02-13T17:37:08.013+0000] {processor.py:154} INFO - Started process (PID=4394) to work on /home/airflow/.local/lib/python3.7/site-packages/airflow/example_dags/example_skip_dag.py
[2025-02-13T17:37:08.015+0000] {processor.py:756} INFO - Processing file /home/airflow/.local/lib/python3.7/site-packages/airflow/example_dags/example_skip_dag.py for tasks to queue
[2025-02-13T17:37:08.016+0000] {logging_mixin.py:137} INFO - [2025-02-13T17:37:08.016+0000] {dagbag.py:537} INFO - Filling up the DagBag from /home/airflow/.local/lib/python3.7/site-packages/airflow/example_dags/example_skip_dag.py
[2025-02-13T17:37:08.041+0000] {processor.py:766} INFO - DAG(s) dict_keys(['example_skip_dag']) retrieved from /home/airflow/.local/lib/python3.7/site-packages/airflow/example_dags/example_skip_dag.py
[2025-02-13T17:37:08.121+0000] {logging_mixin.py:137} INFO - [2025-02-13T17:37:08.120+0000] {dag.py:2585} INFO - Sync 1 DAGs
[2025-02-13T17:37:08.166+0000] {logging_mixin.py:137} INFO - [2025-02-13T17:37:08.166+0000] {dag.py:3340} INFO - Setting next_dagrun for example_skip_dag to 2025-02-12T17:37:08.165804+00:00, run_after=2025-02-13T17:37:08.165804+00:00
[2025-02-13T17:37:08.208+0000] {processor.py:176} INFO - Processing /home/airflow/.local/lib/python3.7/site-packages/airflow/example_dags/example_skip_dag.py took 0.201 seconds
[2025-02-13T17:37:38.514+0000] {processor.py:154} INFO - Started process (PID=4574) to work on /home/airflow/.local/lib/python3.7/site-packages/airflow/example_dags/example_skip_dag.py
[2025-02-13T17:37:38.516+0000] {processor.py:756} INFO - Processing file /home/airflow/.local/lib/python3.7/site-packages/airflow/example_dags/example_skip_dag.py for tasks to queue
[2025-02-13T17:37:38.517+0000] {logging_mixin.py:137} INFO - [2025-02-13T17:37:38.517+0000] {dagbag.py:537} INFO - Filling up the DagBag from /home/airflow/.local/lib/python3.7/site-packages/airflow/example_dags/example_skip_dag.py
[2025-02-13T17:37:38.542+0000] {processor.py:766} INFO - DAG(s) dict_keys(['example_skip_dag']) retrieved from /home/airflow/.local/lib/python3.7/site-packages/airflow/example_dags/example_skip_dag.py
[2025-02-13T17:37:38.616+0000] {logging_mixin.py:137} INFO - [2025-02-13T17:37:38.616+0000] {dag.py:2585} INFO - Sync 1 DAGs
[2025-02-13T17:37:38.663+0000] {logging_mixin.py:137} INFO - [2025-02-13T17:37:38.662+0000] {dag.py:3340} INFO - Setting next_dagrun for example_skip_dag to 2025-02-12T17:37:38.662353+00:00, run_after=2025-02-13T17:37:38.662353+00:00
[2025-02-13T17:37:38.700+0000] {processor.py:176} INFO - Processing /home/airflow/.local/lib/python3.7/site-packages/airflow/example_dags/example_skip_dag.py took 0.192 seconds
[2025-02-13T17:38:09.131+0000] {processor.py:154} INFO - Started process (PID=4752) to work on /home/airflow/.local/lib/python3.7/site-packages/airflow/example_dags/example_skip_dag.py
[2025-02-13T17:38:09.132+0000] {processor.py:756} INFO - Processing file /home/airflow/.local/lib/python3.7/site-packages/airflow/example_dags/example_skip_dag.py for tasks to queue
[2025-02-13T17:38:09.134+0000] {logging_mixin.py:137} INFO - [2025-02-13T17:38:09.134+0000] {dagbag.py:537} INFO - Filling up the DagBag from /home/airflow/.local/lib/python3.7/site-packages/airflow/example_dags/example_skip_dag.py
[2025-02-13T17:38:09.160+0000] {processor.py:766} INFO - DAG(s) dict_keys(['example_skip_dag']) retrieved from /home/airflow/.local/lib/python3.7/site-packages/airflow/example_dags/example_skip_dag.py
[2025-02-13T17:38:09.239+0000] {logging_mixin.py:137} INFO - [2025-02-13T17:38:09.238+0000] {dag.py:2585} INFO - Sync 1 DAGs
[2025-02-13T17:38:09.288+0000] {logging_mixin.py:137} INFO - [2025-02-13T17:38:09.288+0000] {dag.py:3340} INFO - Setting next_dagrun for example_skip_dag to 2025-02-12T17:38:09.287523+00:00, run_after=2025-02-13T17:38:09.287523+00:00
[2025-02-13T17:38:09.324+0000] {processor.py:176} INFO - Processing /home/airflow/.local/lib/python3.7/site-packages/airflow/example_dags/example_skip_dag.py took 0.200 seconds
[2025-02-13T17:38:40.113+0000] {processor.py:154} INFO - Started process (PID=4931) to work on /home/airflow/.local/lib/python3.7/site-packages/airflow/example_dags/example_skip_dag.py
[2025-02-13T17:38:40.114+0000] {processor.py:756} INFO - Processing file /home/airflow/.local/lib/python3.7/site-packages/airflow/example_dags/example_skip_dag.py for tasks to queue
[2025-02-13T17:38:40.116+0000] {logging_mixin.py:137} INFO - [2025-02-13T17:38:40.116+0000] {dagbag.py:537} INFO - Filling up the DagBag from /home/airflow/.local/lib/python3.7/site-packages/airflow/example_dags/example_skip_dag.py
[2025-02-13T17:38:40.148+0000] {processor.py:766} INFO - DAG(s) dict_keys(['example_skip_dag']) retrieved from /home/airflow/.local/lib/python3.7/site-packages/airflow/example_dags/example_skip_dag.py
[2025-02-13T17:38:40.217+0000] {logging_mixin.py:137} INFO - [2025-02-13T17:38:40.217+0000] {dag.py:2585} INFO - Sync 1 DAGs
[2025-02-13T17:38:40.261+0000] {logging_mixin.py:137} INFO - [2025-02-13T17:38:40.261+0000] {dag.py:3340} INFO - Setting next_dagrun for example_skip_dag to 2025-02-12T17:38:40.260546+00:00, run_after=2025-02-13T17:38:40.260546+00:00
[2025-02-13T17:38:40.299+0000] {processor.py:176} INFO - Processing /home/airflow/.local/lib/python3.7/site-packages/airflow/example_dags/example_skip_dag.py took 0.192 seconds
[2025-02-13T17:39:40.231+0000] {processor.py:154} INFO - Started process (PID=5114) to work on /home/airflow/.local/lib/python3.7/site-packages/airflow/example_dags/example_skip_dag.py
[2025-02-13T17:39:40.232+0000] {processor.py:756} INFO - Processing file /home/airflow/.local/lib/python3.7/site-packages/airflow/example_dags/example_skip_dag.py for tasks to queue
[2025-02-13T17:39:40.233+0000] {logging_mixin.py:137} INFO - [2025-02-13T17:39:40.233+0000] {dagbag.py:537} INFO - Filling up the DagBag from /home/airflow/.local/lib/python3.7/site-packages/airflow/example_dags/example_skip_dag.py
[2025-02-13T17:39:40.251+0000] {processor.py:766} INFO - DAG(s) dict_keys(['example_skip_dag']) retrieved from /home/airflow/.local/lib/python3.7/site-packages/airflow/example_dags/example_skip_dag.py
[2025-02-13T17:39:40.307+0000] {logging_mixin.py:137} INFO - [2025-02-13T17:39:40.307+0000] {dag.py:2585} INFO - Sync 1 DAGs
[2025-02-13T17:39:40.338+0000] {logging_mixin.py:137} INFO - [2025-02-13T17:39:40.337+0000] {dag.py:3340} INFO - Setting next_dagrun for example_skip_dag to 2025-02-12T17:39:40.336153+00:00, run_after=2025-02-13T17:39:40.336153+00:00
[2025-02-13T17:39:40.374+0000] {processor.py:176} INFO - Processing /home/airflow/.local/lib/python3.7/site-packages/airflow/example_dags/example_skip_dag.py took 0.147 seconds
[2025-02-13T17:40:11.193+0000] {processor.py:154} INFO - Started process (PID=5294) to work on /home/airflow/.local/lib/python3.7/site-packages/airflow/example_dags/example_skip_dag.py
[2025-02-13T17:40:11.195+0000] {processor.py:756} INFO - Processing file /home/airflow/.local/lib/python3.7/site-packages/airflow/example_dags/example_skip_dag.py for tasks to queue
[2025-02-13T17:40:11.197+0000] {logging_mixin.py:137} INFO - [2025-02-13T17:40:11.196+0000] {dagbag.py:537} INFO - Filling up the DagBag from /home/airflow/.local/lib/python3.7/site-packages/airflow/example_dags/example_skip_dag.py
[2025-02-13T17:40:11.220+0000] {processor.py:766} INFO - DAG(s) dict_keys(['example_skip_dag']) retrieved from /home/airflow/.local/lib/python3.7/site-packages/airflow/example_dags/example_skip_dag.py
[2025-02-13T17:40:11.292+0000] {logging_mixin.py:137} INFO - [2025-02-13T17:40:11.292+0000] {dag.py:2585} INFO - Sync 1 DAGs
[2025-02-13T17:40:11.333+0000] {logging_mixin.py:137} INFO - [2025-02-13T17:40:11.332+0000] {dag.py:3340} INFO - Setting next_dagrun for example_skip_dag to 2025-02-12T17:40:11.332288+00:00, run_after=2025-02-13T17:40:11.332288+00:00
[2025-02-13T17:40:11.376+0000] {processor.py:176} INFO - Processing /home/airflow/.local/lib/python3.7/site-packages/airflow/example_dags/example_skip_dag.py took 0.186 seconds
[2025-02-13T17:40:42.014+0000] {processor.py:154} INFO - Started process (PID=5473) to work on /home/airflow/.local/lib/python3.7/site-packages/airflow/example_dags/example_skip_dag.py
[2025-02-13T17:40:42.016+0000] {processor.py:756} INFO - Processing file /home/airflow/.local/lib/python3.7/site-packages/airflow/example_dags/example_skip_dag.py for tasks to queue
[2025-02-13T17:40:42.019+0000] {logging_mixin.py:137} INFO - [2025-02-13T17:40:42.018+0000] {dagbag.py:537} INFO - Filling up the DagBag from /home/airflow/.local/lib/python3.7/site-packages/airflow/example_dags/example_skip_dag.py
[2025-02-13T17:40:42.052+0000] {processor.py:766} INFO - DAG(s) dict_keys(['example_skip_dag']) retrieved from /home/airflow/.local/lib/python3.7/site-packages/airflow/example_dags/example_skip_dag.py
[2025-02-13T17:40:42.165+0000] {logging_mixin.py:137} INFO - [2025-02-13T17:40:42.165+0000] {dag.py:2585} INFO - Sync 1 DAGs
[2025-02-13T17:40:42.217+0000] {logging_mixin.py:137} INFO - [2025-02-13T17:40:42.217+0000] {dag.py:3340} INFO - Setting next_dagrun for example_skip_dag to 2025-02-12T17:40:42.215957+00:00, run_after=2025-02-13T17:40:42.215957+00:00
[2025-02-13T17:40:42.275+0000] {processor.py:176} INFO - Processing /home/airflow/.local/lib/python3.7/site-packages/airflow/example_dags/example_skip_dag.py took 0.267 seconds
[2025-02-13T17:41:13.270+0000] {processor.py:154} INFO - Started process (PID=5654) to work on /home/airflow/.local/lib/python3.7/site-packages/airflow/example_dags/example_skip_dag.py
[2025-02-13T17:41:13.272+0000] {processor.py:756} INFO - Processing file /home/airflow/.local/lib/python3.7/site-packages/airflow/example_dags/example_skip_dag.py for tasks to queue
[2025-02-13T17:41:13.274+0000] {logging_mixin.py:137} INFO - [2025-02-13T17:41:13.273+0000] {dagbag.py:537} INFO - Filling up the DagBag from /home/airflow/.local/lib/python3.7/site-packages/airflow/example_dags/example_skip_dag.py
[2025-02-13T17:41:13.297+0000] {processor.py:766} INFO - DAG(s) dict_keys(['example_skip_dag']) retrieved from /home/airflow/.local/lib/python3.7/site-packages/airflow/example_dags/example_skip_dag.py
[2025-02-13T17:41:13.378+0000] {logging_mixin.py:137} INFO - [2025-02-13T17:41:13.378+0000] {dag.py:2585} INFO - Sync 1 DAGs
[2025-02-13T17:41:13.423+0000] {logging_mixin.py:137} INFO - [2025-02-13T17:41:13.422+0000] {dag.py:3340} INFO - Setting next_dagrun for example_skip_dag to 2025-02-12T17:41:13.422616+00:00, run_after=2025-02-13T17:41:13.422616+00:00
[2025-02-13T17:41:13.463+0000] {processor.py:176} INFO - Processing /home/airflow/.local/lib/python3.7/site-packages/airflow/example_dags/example_skip_dag.py took 0.198 seconds
[2025-02-13T17:41:44.019+0000] {processor.py:154} INFO - Started process (PID=5836) to work on /home/airflow/.local/lib/python3.7/site-packages/airflow/example_dags/example_skip_dag.py
[2025-02-13T17:41:44.021+0000] {processor.py:756} INFO - Processing file /home/airflow/.local/lib/python3.7/site-packages/airflow/example_dags/example_skip_dag.py for tasks to queue
[2025-02-13T17:41:44.023+0000] {logging_mixin.py:137} INFO - [2025-02-13T17:41:44.022+0000] {dagbag.py:537} INFO - Filling up the DagBag from /home/airflow/.local/lib/python3.7/site-packages/airflow/example_dags/example_skip_dag.py
[2025-02-13T17:41:44.044+0000] {processor.py:766} INFO - DAG(s) dict_keys(['example_skip_dag']) retrieved from /home/airflow/.local/lib/python3.7/site-packages/airflow/example_dags/example_skip_dag.py
[2025-02-13T17:41:44.131+0000] {logging_mixin.py:137} INFO - [2025-02-13T17:41:44.131+0000] {dag.py:2585} INFO - Sync 1 DAGs
[2025-02-13T17:41:44.170+0000] {logging_mixin.py:137} INFO - [2025-02-13T17:41:44.170+0000] {dag.py:3340} INFO - Setting next_dagrun for example_skip_dag to 2025-02-12T17:41:44.170045+00:00, run_after=2025-02-13T17:41:44.170045+00:00
[2025-02-13T17:41:44.206+0000] {processor.py:176} INFO - Processing /home/airflow/.local/lib/python3.7/site-packages/airflow/example_dags/example_skip_dag.py took 0.192 seconds
[2025-02-13T17:42:14.501+0000] {processor.py:154} INFO - Started process (PID=6016) to work on /home/airflow/.local/lib/python3.7/site-packages/airflow/example_dags/example_skip_dag.py
[2025-02-13T17:42:14.503+0000] {processor.py:756} INFO - Processing file /home/airflow/.local/lib/python3.7/site-packages/airflow/example_dags/example_skip_dag.py for tasks to queue
[2025-02-13T17:42:14.506+0000] {logging_mixin.py:137} INFO - [2025-02-13T17:42:14.505+0000] {dagbag.py:537} INFO - Filling up the DagBag from /home/airflow/.local/lib/python3.7/site-packages/airflow/example_dags/example_skip_dag.py
[2025-02-13T17:42:14.552+0000] {processor.py:766} INFO - DAG(s) dict_keys(['example_skip_dag']) retrieved from /home/airflow/.local/lib/python3.7/site-packages/airflow/example_dags/example_skip_dag.py
[2025-02-13T17:42:14.620+0000] {logging_mixin.py:137} INFO - [2025-02-13T17:42:14.619+0000] {dag.py:2585} INFO - Sync 1 DAGs
[2025-02-13T17:42:14.670+0000] {logging_mixin.py:137} INFO - [2025-02-13T17:42:14.669+0000] {dag.py:3340} INFO - Setting next_dagrun for example_skip_dag to 2025-02-12T17:42:14.669526+00:00, run_after=2025-02-13T17:42:14.669526+00:00
[2025-02-13T17:42:14.711+0000] {processor.py:176} INFO - Processing /home/airflow/.local/lib/python3.7/site-packages/airflow/example_dags/example_skip_dag.py took 0.219 seconds
[2025-02-13T17:42:45.585+0000] {processor.py:154} INFO - Started process (PID=6196) to work on /home/airflow/.local/lib/python3.7/site-packages/airflow/example_dags/example_skip_dag.py
[2025-02-13T17:42:45.587+0000] {processor.py:756} INFO - Processing file /home/airflow/.local/lib/python3.7/site-packages/airflow/example_dags/example_skip_dag.py for tasks to queue
[2025-02-13T17:42:45.589+0000] {logging_mixin.py:137} INFO - [2025-02-13T17:42:45.589+0000] {dagbag.py:537} INFO - Filling up the DagBag from /home/airflow/.local/lib/python3.7/site-packages/airflow/example_dags/example_skip_dag.py
[2025-02-13T17:42:45.609+0000] {processor.py:766} INFO - DAG(s) dict_keys(['example_skip_dag']) retrieved from /home/airflow/.local/lib/python3.7/site-packages/airflow/example_dags/example_skip_dag.py
[2025-02-13T17:42:45.669+0000] {logging_mixin.py:137} INFO - [2025-02-13T17:42:45.669+0000] {dag.py:2585} INFO - Sync 1 DAGs
[2025-02-13T17:42:45.715+0000] {logging_mixin.py:137} INFO - [2025-02-13T17:42:45.715+0000] {dag.py:3340} INFO - Setting next_dagrun for example_skip_dag to 2025-02-12T17:42:45.715079+00:00, run_after=2025-02-13T17:42:45.715079+00:00
[2025-02-13T17:42:45.751+0000] {processor.py:176} INFO - Processing /home/airflow/.local/lib/python3.7/site-packages/airflow/example_dags/example_skip_dag.py took 0.170 seconds
[2025-02-13T17:43:16.159+0000] {processor.py:154} INFO - Started process (PID=6374) to work on /home/airflow/.local/lib/python3.7/site-packages/airflow/example_dags/example_skip_dag.py
[2025-02-13T17:43:16.161+0000] {processor.py:756} INFO - Processing file /home/airflow/.local/lib/python3.7/site-packages/airflow/example_dags/example_skip_dag.py for tasks to queue
[2025-02-13T17:43:16.163+0000] {logging_mixin.py:137} INFO - [2025-02-13T17:43:16.162+0000] {dagbag.py:537} INFO - Filling up the DagBag from /home/airflow/.local/lib/python3.7/site-packages/airflow/example_dags/example_skip_dag.py
[2025-02-13T17:43:16.186+0000] {processor.py:766} INFO - DAG(s) dict_keys(['example_skip_dag']) retrieved from /home/airflow/.local/lib/python3.7/site-packages/airflow/example_dags/example_skip_dag.py
[2025-02-13T17:43:16.258+0000] {logging_mixin.py:137} INFO - [2025-02-13T17:43:16.258+0000] {dag.py:2585} INFO - Sync 1 DAGs
[2025-02-13T17:43:16.299+0000] {logging_mixin.py:137} INFO - [2025-02-13T17:43:16.299+0000] {dag.py:3340} INFO - Setting next_dagrun for example_skip_dag to 2025-02-12T17:43:16.299304+00:00, run_after=2025-02-13T17:43:16.299304+00:00
[2025-02-13T17:43:16.347+0000] {processor.py:176} INFO - Processing /home/airflow/.local/lib/python3.7/site-packages/airflow/example_dags/example_skip_dag.py took 0.194 seconds
[2025-02-13T17:43:46.753+0000] {processor.py:154} INFO - Started process (PID=6554) to work on /home/airflow/.local/lib/python3.7/site-packages/airflow/example_dags/example_skip_dag.py
[2025-02-13T17:43:46.755+0000] {processor.py:756} INFO - Processing file /home/airflow/.local/lib/python3.7/site-packages/airflow/example_dags/example_skip_dag.py for tasks to queue
[2025-02-13T17:43:46.757+0000] {logging_mixin.py:137} INFO - [2025-02-13T17:43:46.756+0000] {dagbag.py:537} INFO - Filling up the DagBag from /home/airflow/.local/lib/python3.7/site-packages/airflow/example_dags/example_skip_dag.py
[2025-02-13T17:43:46.781+0000] {processor.py:766} INFO - DAG(s) dict_keys(['example_skip_dag']) retrieved from /home/airflow/.local/lib/python3.7/site-packages/airflow/example_dags/example_skip_dag.py
[2025-02-13T17:43:46.850+0000] {logging_mixin.py:137} INFO - [2025-02-13T17:43:46.849+0000] {dag.py:2585} INFO - Sync 1 DAGs
[2025-02-13T17:43:46.916+0000] {logging_mixin.py:137} INFO - [2025-02-13T17:43:46.915+0000] {dag.py:3340} INFO - Setting next_dagrun for example_skip_dag to 2025-02-12T17:43:46.915111+00:00, run_after=2025-02-13T17:43:46.915111+00:00
[2025-02-13T17:43:46.987+0000] {processor.py:176} INFO - Processing /home/airflow/.local/lib/python3.7/site-packages/airflow/example_dags/example_skip_dag.py took 0.241 seconds
[2025-02-13T17:44:17.317+0000] {processor.py:154} INFO - Started process (PID=6734) to work on /home/airflow/.local/lib/python3.7/site-packages/airflow/example_dags/example_skip_dag.py
[2025-02-13T17:44:17.320+0000] {processor.py:756} INFO - Processing file /home/airflow/.local/lib/python3.7/site-packages/airflow/example_dags/example_skip_dag.py for tasks to queue
[2025-02-13T17:44:17.321+0000] {logging_mixin.py:137} INFO - [2025-02-13T17:44:17.321+0000] {dagbag.py:537} INFO - Filling up the DagBag from /home/airflow/.local/lib/python3.7/site-packages/airflow/example_dags/example_skip_dag.py
[2025-02-13T17:44:17.347+0000] {processor.py:766} INFO - DAG(s) dict_keys(['example_skip_dag']) retrieved from /home/airflow/.local/lib/python3.7/site-packages/airflow/example_dags/example_skip_dag.py
[2025-02-13T17:44:17.415+0000] {logging_mixin.py:137} INFO - [2025-02-13T17:44:17.415+0000] {dag.py:2585} INFO - Sync 1 DAGs
[2025-02-13T17:44:17.465+0000] {logging_mixin.py:137} INFO - [2025-02-13T17:44:17.464+0000] {dag.py:3340} INFO - Setting next_dagrun for example_skip_dag to 2025-02-12T17:44:17.464388+00:00, run_after=2025-02-13T17:44:17.464388+00:00
[2025-02-13T17:44:17.507+0000] {processor.py:176} INFO - Processing /home/airflow/.local/lib/python3.7/site-packages/airflow/example_dags/example_skip_dag.py took 0.194 seconds
[2025-02-13T17:44:47.844+0000] {processor.py:154} INFO - Started process (PID=6914) to work on /home/airflow/.local/lib/python3.7/site-packages/airflow/example_dags/example_skip_dag.py
[2025-02-13T17:44:47.850+0000] {processor.py:756} INFO - Processing file /home/airflow/.local/lib/python3.7/site-packages/airflow/example_dags/example_skip_dag.py for tasks to queue
[2025-02-13T17:44:47.854+0000] {logging_mixin.py:137} INFO - [2025-02-13T17:44:47.853+0000] {dagbag.py:537} INFO - Filling up the DagBag from /home/airflow/.local/lib/python3.7/site-packages/airflow/example_dags/example_skip_dag.py
[2025-02-13T17:44:47.893+0000] {processor.py:766} INFO - DAG(s) dict_keys(['example_skip_dag']) retrieved from /home/airflow/.local/lib/python3.7/site-packages/airflow/example_dags/example_skip_dag.py
[2025-02-13T17:44:47.981+0000] {logging_mixin.py:137} INFO - [2025-02-13T17:44:47.981+0000] {dag.py:2585} INFO - Sync 1 DAGs
[2025-02-13T17:44:48.040+0000] {logging_mixin.py:137} INFO - [2025-02-13T17:44:48.040+0000] {dag.py:3340} INFO - Setting next_dagrun for example_skip_dag to 2025-02-12T17:44:48.039760+00:00, run_after=2025-02-13T17:44:48.039760+00:00
[2025-02-13T17:44:48.095+0000] {processor.py:176} INFO - Processing /home/airflow/.local/lib/python3.7/site-packages/airflow/example_dags/example_skip_dag.py took 0.266 seconds
[2025-02-13T17:45:18.247+0000] {processor.py:154} INFO - Started process (PID=7094) to work on /home/airflow/.local/lib/python3.7/site-packages/airflow/example_dags/example_skip_dag.py
[2025-02-13T17:45:18.249+0000] {processor.py:756} INFO - Processing file /home/airflow/.local/lib/python3.7/site-packages/airflow/example_dags/example_skip_dag.py for tasks to queue
[2025-02-13T17:45:18.252+0000] {logging_mixin.py:137} INFO - [2025-02-13T17:45:18.251+0000] {dagbag.py:537} INFO - Filling up the DagBag from /home/airflow/.local/lib/python3.7/site-packages/airflow/example_dags/example_skip_dag.py
[2025-02-13T17:45:18.288+0000] {processor.py:766} INFO - DAG(s) dict_keys(['example_skip_dag']) retrieved from /home/airflow/.local/lib/python3.7/site-packages/airflow/example_dags/example_skip_dag.py
[2025-02-13T17:45:18.355+0000] {logging_mixin.py:137} INFO - [2025-02-13T17:45:18.355+0000] {dag.py:2585} INFO - Sync 1 DAGs
[2025-02-13T17:45:18.401+0000] {logging_mixin.py:137} INFO - [2025-02-13T17:45:18.400+0000] {dag.py:3340} INFO - Setting next_dagrun for example_skip_dag to 2025-02-12T17:45:18.400555+00:00, run_after=2025-02-13T17:45:18.400555+00:00
[2025-02-13T17:45:18.456+0000] {processor.py:176} INFO - Processing /home/airflow/.local/lib/python3.7/site-packages/airflow/example_dags/example_skip_dag.py took 0.215 seconds
[2025-02-13T17:45:48.880+0000] {processor.py:154} INFO - Started process (PID=7276) to work on /home/airflow/.local/lib/python3.7/site-packages/airflow/example_dags/example_skip_dag.py
[2025-02-13T17:45:48.882+0000] {processor.py:756} INFO - Processing file /home/airflow/.local/lib/python3.7/site-packages/airflow/example_dags/example_skip_dag.py for tasks to queue
[2025-02-13T17:45:48.884+0000] {logging_mixin.py:137} INFO - [2025-02-13T17:45:48.884+0000] {dagbag.py:537} INFO - Filling up the DagBag from /home/airflow/.local/lib/python3.7/site-packages/airflow/example_dags/example_skip_dag.py
[2025-02-13T17:45:48.901+0000] {processor.py:766} INFO - DAG(s) dict_keys(['example_skip_dag']) retrieved from /home/airflow/.local/lib/python3.7/site-packages/airflow/example_dags/example_skip_dag.py
[2025-02-13T17:45:48.954+0000] {logging_mixin.py:137} INFO - [2025-02-13T17:45:48.954+0000] {dag.py:2585} INFO - Sync 1 DAGs
[2025-02-13T17:45:48.987+0000] {logging_mixin.py:137} INFO - [2025-02-13T17:45:48.987+0000] {dag.py:3340} INFO - Setting next_dagrun for example_skip_dag to 2025-02-12T17:45:48.986822+00:00, run_after=2025-02-13T17:45:48.986822+00:00
[2025-02-13T17:45:49.021+0000] {processor.py:176} INFO - Processing /home/airflow/.local/lib/python3.7/site-packages/airflow/example_dags/example_skip_dag.py took 0.146 seconds
[2025-02-13T17:47:36.644+0000] {processor.py:154} INFO - Started process (PID=251) to work on /home/airflow/.local/lib/python3.7/site-packages/airflow/example_dags/example_skip_dag.py
[2025-02-13T17:47:36.647+0000] {processor.py:756} INFO - Processing file /home/airflow/.local/lib/python3.7/site-packages/airflow/example_dags/example_skip_dag.py for tasks to queue
[2025-02-13T17:47:36.650+0000] {logging_mixin.py:137} INFO - [2025-02-13T17:47:36.649+0000] {dagbag.py:537} INFO - Filling up the DagBag from /home/airflow/.local/lib/python3.7/site-packages/airflow/example_dags/example_skip_dag.py
[2025-02-13T17:47:36.681+0000] {processor.py:766} INFO - DAG(s) dict_keys(['example_skip_dag']) retrieved from /home/airflow/.local/lib/python3.7/site-packages/airflow/example_dags/example_skip_dag.py
[2025-02-13T17:47:36.775+0000] {logging_mixin.py:137} INFO - [2025-02-13T17:47:36.775+0000] {dag.py:2585} INFO - Sync 1 DAGs
[2025-02-13T17:47:36.834+0000] {logging_mixin.py:137} INFO - [2025-02-13T17:47:36.834+0000] {dag.py:3340} INFO - Setting next_dagrun for example_skip_dag to 2025-02-12T17:47:36.833704+00:00, run_after=2025-02-13T17:47:36.833704+00:00
[2025-02-13T17:47:36.892+0000] {processor.py:176} INFO - Processing /home/airflow/.local/lib/python3.7/site-packages/airflow/example_dags/example_skip_dag.py took 0.263 seconds
[2025-02-13T17:48:07.209+0000] {processor.py:154} INFO - Started process (PID=433) to work on /home/airflow/.local/lib/python3.7/site-packages/airflow/example_dags/example_skip_dag.py
[2025-02-13T17:48:07.211+0000] {processor.py:756} INFO - Processing file /home/airflow/.local/lib/python3.7/site-packages/airflow/example_dags/example_skip_dag.py for tasks to queue
[2025-02-13T17:48:07.212+0000] {logging_mixin.py:137} INFO - [2025-02-13T17:48:07.212+0000] {dagbag.py:537} INFO - Filling up the DagBag from /home/airflow/.local/lib/python3.7/site-packages/airflow/example_dags/example_skip_dag.py
[2025-02-13T17:48:07.235+0000] {processor.py:766} INFO - DAG(s) dict_keys(['example_skip_dag']) retrieved from /home/airflow/.local/lib/python3.7/site-packages/airflow/example_dags/example_skip_dag.py
[2025-02-13T17:48:07.275+0000] {logging_mixin.py:137} INFO - [2025-02-13T17:48:07.275+0000] {dag.py:2585} INFO - Sync 1 DAGs
[2025-02-13T17:48:07.320+0000] {logging_mixin.py:137} INFO - [2025-02-13T17:48:07.320+0000] {dag.py:3340} INFO - Setting next_dagrun for example_skip_dag to 2025-02-12T17:48:07.320116+00:00, run_after=2025-02-13T17:48:07.320116+00:00
[2025-02-13T17:48:07.373+0000] {processor.py:176} INFO - Processing /home/airflow/.local/lib/python3.7/site-packages/airflow/example_dags/example_skip_dag.py took 0.168 seconds
[2025-02-13T17:48:37.437+0000] {processor.py:154} INFO - Started process (PID=612) to work on /home/airflow/.local/lib/python3.7/site-packages/airflow/example_dags/example_skip_dag.py
[2025-02-13T17:48:37.439+0000] {processor.py:756} INFO - Processing file /home/airflow/.local/lib/python3.7/site-packages/airflow/example_dags/example_skip_dag.py for tasks to queue
[2025-02-13T17:48:37.441+0000] {logging_mixin.py:137} INFO - [2025-02-13T17:48:37.441+0000] {dagbag.py:537} INFO - Filling up the DagBag from /home/airflow/.local/lib/python3.7/site-packages/airflow/example_dags/example_skip_dag.py
[2025-02-13T17:48:37.482+0000] {processor.py:766} INFO - DAG(s) dict_keys(['example_skip_dag']) retrieved from /home/airflow/.local/lib/python3.7/site-packages/airflow/example_dags/example_skip_dag.py
[2025-02-13T17:48:37.535+0000] {logging_mixin.py:137} INFO - [2025-02-13T17:48:37.535+0000] {dag.py:2585} INFO - Sync 1 DAGs
[2025-02-13T17:48:37.568+0000] {logging_mixin.py:137} INFO - [2025-02-13T17:48:37.568+0000] {dag.py:3340} INFO - Setting next_dagrun for example_skip_dag to 2025-02-12T17:48:37.568037+00:00, run_after=2025-02-13T17:48:37.568037+00:00
[2025-02-13T17:48:37.597+0000] {processor.py:176} INFO - Processing /home/airflow/.local/lib/python3.7/site-packages/airflow/example_dags/example_skip_dag.py took 0.164 seconds
[2025-02-13T17:49:07.874+0000] {processor.py:154} INFO - Started process (PID=792) to work on /home/airflow/.local/lib/python3.7/site-packages/airflow/example_dags/example_skip_dag.py
[2025-02-13T17:49:07.876+0000] {processor.py:756} INFO - Processing file /home/airflow/.local/lib/python3.7/site-packages/airflow/example_dags/example_skip_dag.py for tasks to queue
[2025-02-13T17:49:07.877+0000] {logging_mixin.py:137} INFO - [2025-02-13T17:49:07.877+0000] {dagbag.py:537} INFO - Filling up the DagBag from /home/airflow/.local/lib/python3.7/site-packages/airflow/example_dags/example_skip_dag.py
[2025-02-13T17:49:07.897+0000] {processor.py:766} INFO - DAG(s) dict_keys(['example_skip_dag']) retrieved from /home/airflow/.local/lib/python3.7/site-packages/airflow/example_dags/example_skip_dag.py
[2025-02-13T17:49:07.958+0000] {logging_mixin.py:137} INFO - [2025-02-13T17:49:07.957+0000] {dag.py:2585} INFO - Sync 1 DAGs
[2025-02-13T17:49:08.014+0000] {logging_mixin.py:137} INFO - [2025-02-13T17:49:08.013+0000] {dag.py:3340} INFO - Setting next_dagrun for example_skip_dag to 2025-02-12T17:49:08.013232+00:00, run_after=2025-02-13T17:49:08.013232+00:00
[2025-02-13T17:49:08.052+0000] {processor.py:176} INFO - Processing /home/airflow/.local/lib/python3.7/site-packages/airflow/example_dags/example_skip_dag.py took 0.181 seconds
[2025-02-13T17:49:39.288+0000] {processor.py:154} INFO - Started process (PID=972) to work on /home/airflow/.local/lib/python3.7/site-packages/airflow/example_dags/example_skip_dag.py
[2025-02-13T17:49:39.289+0000] {processor.py:756} INFO - Processing file /home/airflow/.local/lib/python3.7/site-packages/airflow/example_dags/example_skip_dag.py for tasks to queue
[2025-02-13T17:49:39.290+0000] {logging_mixin.py:137} INFO - [2025-02-13T17:49:39.290+0000] {dagbag.py:537} INFO - Filling up the DagBag from /home/airflow/.local/lib/python3.7/site-packages/airflow/example_dags/example_skip_dag.py
[2025-02-13T17:49:39.309+0000] {processor.py:766} INFO - DAG(s) dict_keys(['example_skip_dag']) retrieved from /home/airflow/.local/lib/python3.7/site-packages/airflow/example_dags/example_skip_dag.py
[2025-02-13T17:49:39.364+0000] {logging_mixin.py:137} INFO - [2025-02-13T17:49:39.364+0000] {dag.py:2585} INFO - Sync 1 DAGs
[2025-02-13T17:49:39.402+0000] {logging_mixin.py:137} INFO - [2025-02-13T17:49:39.401+0000] {dag.py:3340} INFO - Setting next_dagrun for example_skip_dag to 2025-02-12T17:49:39.401568+00:00, run_after=2025-02-13T17:49:39.401568+00:00
[2025-02-13T17:49:39.429+0000] {processor.py:176} INFO - Processing /home/airflow/.local/lib/python3.7/site-packages/airflow/example_dags/example_skip_dag.py took 0.146 seconds
[2025-02-13T17:50:10.239+0000] {processor.py:154} INFO - Started process (PID=1152) to work on /home/airflow/.local/lib/python3.7/site-packages/airflow/example_dags/example_skip_dag.py
[2025-02-13T17:50:10.242+0000] {processor.py:756} INFO - Processing file /home/airflow/.local/lib/python3.7/site-packages/airflow/example_dags/example_skip_dag.py for tasks to queue
[2025-02-13T17:50:10.243+0000] {logging_mixin.py:137} INFO - [2025-02-13T17:50:10.243+0000] {dagbag.py:537} INFO - Filling up the DagBag from /home/airflow/.local/lib/python3.7/site-packages/airflow/example_dags/example_skip_dag.py
[2025-02-13T17:50:10.267+0000] {processor.py:766} INFO - DAG(s) dict_keys(['example_skip_dag']) retrieved from /home/airflow/.local/lib/python3.7/site-packages/airflow/example_dags/example_skip_dag.py
[2025-02-13T17:50:10.334+0000] {logging_mixin.py:137} INFO - [2025-02-13T17:50:10.334+0000] {dag.py:2585} INFO - Sync 1 DAGs
[2025-02-13T17:50:10.369+0000] {logging_mixin.py:137} INFO - [2025-02-13T17:50:10.369+0000] {dag.py:3340} INFO - Setting next_dagrun for example_skip_dag to 2025-02-12T17:50:10.369236+00:00, run_after=2025-02-13T17:50:10.369236+00:00
[2025-02-13T17:50:10.401+0000] {processor.py:176} INFO - Processing /home/airflow/.local/lib/python3.7/site-packages/airflow/example_dags/example_skip_dag.py took 0.168 seconds
[2025-02-13T17:50:40.835+0000] {processor.py:154} INFO - Started process (PID=1332) to work on /home/airflow/.local/lib/python3.7/site-packages/airflow/example_dags/example_skip_dag.py
[2025-02-13T17:50:40.836+0000] {processor.py:756} INFO - Processing file /home/airflow/.local/lib/python3.7/site-packages/airflow/example_dags/example_skip_dag.py for tasks to queue
[2025-02-13T17:50:40.837+0000] {logging_mixin.py:137} INFO - [2025-02-13T17:50:40.837+0000] {dagbag.py:537} INFO - Filling up the DagBag from /home/airflow/.local/lib/python3.7/site-packages/airflow/example_dags/example_skip_dag.py
[2025-02-13T17:50:40.869+0000] {processor.py:766} INFO - DAG(s) dict_keys(['example_skip_dag']) retrieved from /home/airflow/.local/lib/python3.7/site-packages/airflow/example_dags/example_skip_dag.py
[2025-02-13T17:50:40.932+0000] {logging_mixin.py:137} INFO - [2025-02-13T17:50:40.932+0000] {dag.py:2585} INFO - Sync 1 DAGs
[2025-02-13T17:50:40.971+0000] {logging_mixin.py:137} INFO - [2025-02-13T17:50:40.971+0000] {dag.py:3340} INFO - Setting next_dagrun for example_skip_dag to 2025-02-12T17:50:40.971010+00:00, run_after=2025-02-13T17:50:40.971010+00:00
[2025-02-13T17:50:41.000+0000] {processor.py:176} INFO - Processing /home/airflow/.local/lib/python3.7/site-packages/airflow/example_dags/example_skip_dag.py took 0.171 seconds
[2025-02-13T17:51:11.897+0000] {processor.py:154} INFO - Started process (PID=1511) to work on /home/airflow/.local/lib/python3.7/site-packages/airflow/example_dags/example_skip_dag.py
[2025-02-13T17:51:11.899+0000] {processor.py:756} INFO - Processing file /home/airflow/.local/lib/python3.7/site-packages/airflow/example_dags/example_skip_dag.py for tasks to queue
[2025-02-13T17:51:11.901+0000] {logging_mixin.py:137} INFO - [2025-02-13T17:51:11.901+0000] {dagbag.py:537} INFO - Filling up the DagBag from /home/airflow/.local/lib/python3.7/site-packages/airflow/example_dags/example_skip_dag.py
[2025-02-13T17:51:11.918+0000] {processor.py:766} INFO - DAG(s) dict_keys(['example_skip_dag']) retrieved from /home/airflow/.local/lib/python3.7/site-packages/airflow/example_dags/example_skip_dag.py
[2025-02-13T17:51:11.976+0000] {logging_mixin.py:137} INFO - [2025-02-13T17:51:11.976+0000] {dag.py:2585} INFO - Sync 1 DAGs
[2025-02-13T17:51:12.014+0000] {logging_mixin.py:137} INFO - [2025-02-13T17:51:12.014+0000] {dag.py:3340} INFO - Setting next_dagrun for example_skip_dag to 2025-02-12T17:51:12.013870+00:00, run_after=2025-02-13T17:51:12.013870+00:00
[2025-02-13T17:51:12.049+0000] {processor.py:176} INFO - Processing /home/airflow/.local/lib/python3.7/site-packages/airflow/example_dags/example_skip_dag.py took 0.155 seconds
[2025-02-13T17:51:42.192+0000] {processor.py:154} INFO - Started process (PID=1691) to work on /home/airflow/.local/lib/python3.7/site-packages/airflow/example_dags/example_skip_dag.py
[2025-02-13T17:51:42.195+0000] {processor.py:756} INFO - Processing file /home/airflow/.local/lib/python3.7/site-packages/airflow/example_dags/example_skip_dag.py for tasks to queue
[2025-02-13T17:51:42.197+0000] {logging_mixin.py:137} INFO - [2025-02-13T17:51:42.197+0000] {dagbag.py:537} INFO - Filling up the DagBag from /home/airflow/.local/lib/python3.7/site-packages/airflow/example_dags/example_skip_dag.py
[2025-02-13T17:51:42.219+0000] {processor.py:766} INFO - DAG(s) dict_keys(['example_skip_dag']) retrieved from /home/airflow/.local/lib/python3.7/site-packages/airflow/example_dags/example_skip_dag.py
[2025-02-13T17:51:42.281+0000] {logging_mixin.py:137} INFO - [2025-02-13T17:51:42.281+0000] {dag.py:2585} INFO - Sync 1 DAGs
[2025-02-13T17:51:42.315+0000] {logging_mixin.py:137} INFO - [2025-02-13T17:51:42.315+0000] {dag.py:3340} INFO - Setting next_dagrun for example_skip_dag to 2025-02-12T17:51:42.315450+00:00, run_after=2025-02-13T17:51:42.315450+00:00
[2025-02-13T17:51:42.347+0000] {processor.py:176} INFO - Processing /home/airflow/.local/lib/python3.7/site-packages/airflow/example_dags/example_skip_dag.py took 0.159 seconds
