[2025-02-13T17:25:23.122+0000] {processor.py:154} INFO - Started process (PID=286) to work on /home/airflow/.local/lib/python3.7/site-packages/airflow/example_dags/example_local_kubernetes_executor.py
[2025-02-13T17:25:23.125+0000] {processor.py:756} INFO - Processing file /home/airflow/.local/lib/python3.7/site-packages/airflow/example_dags/example_local_kubernetes_executor.py for tasks to queue
[2025-02-13T17:25:23.129+0000] {logging_mixin.py:137} INFO - [2025-02-13T17:25:23.128+0000] {dagbag.py:537} INFO - Filling up the DagBag from /home/airflow/.local/lib/python3.7/site-packages/airflow/example_dags/example_local_kubernetes_executor.py
[2025-02-13T17:25:23.200+0000] {processor.py:766} INFO - DAG(s) dict_keys(['example_local_kubernetes_executor']) retrieved from /home/airflow/.local/lib/python3.7/site-packages/airflow/example_dags/example_local_kubernetes_executor.py
[2025-02-13T17:25:23.281+0000] {logging_mixin.py:137} INFO - [2025-02-13T17:25:23.280+0000] {dag.py:2585} INFO - Sync 1 DAGs
[2025-02-13T17:25:23.332+0000] {logging_mixin.py:137} INFO - [2025-02-13T17:25:23.332+0000] {dag.py:3340} INFO - Setting next_dagrun for example_local_kubernetes_executor to None, run_after=None
[2025-02-13T17:25:23.389+0000] {processor.py:176} INFO - Processing /home/airflow/.local/lib/python3.7/site-packages/airflow/example_dags/example_local_kubernetes_executor.py took 0.277 seconds
[2025-02-13T17:25:55.015+0000] {processor.py:154} INFO - Started process (PID=466) to work on /home/airflow/.local/lib/python3.7/site-packages/airflow/example_dags/example_local_kubernetes_executor.py
[2025-02-13T17:25:55.018+0000] {processor.py:756} INFO - Processing file /home/airflow/.local/lib/python3.7/site-packages/airflow/example_dags/example_local_kubernetes_executor.py for tasks to queue
[2025-02-13T17:25:55.022+0000] {logging_mixin.py:137} INFO - [2025-02-13T17:25:55.021+0000] {dagbag.py:537} INFO - Filling up the DagBag from /home/airflow/.local/lib/python3.7/site-packages/airflow/example_dags/example_local_kubernetes_executor.py
[2025-02-13T17:25:55.073+0000] {processor.py:766} INFO - DAG(s) dict_keys(['example_local_kubernetes_executor']) retrieved from /home/airflow/.local/lib/python3.7/site-packages/airflow/example_dags/example_local_kubernetes_executor.py
[2025-02-13T17:25:55.175+0000] {logging_mixin.py:137} INFO - [2025-02-13T17:25:55.174+0000] {dag.py:2585} INFO - Sync 1 DAGs
[2025-02-13T17:25:55.233+0000] {logging_mixin.py:137} INFO - [2025-02-13T17:25:55.233+0000] {dag.py:3340} INFO - Setting next_dagrun for example_local_kubernetes_executor to None, run_after=None
[2025-02-13T17:25:55.290+0000] {processor.py:176} INFO - Processing /home/airflow/.local/lib/python3.7/site-packages/airflow/example_dags/example_local_kubernetes_executor.py took 0.282 seconds
[2025-02-13T17:26:26.168+0000] {processor.py:154} INFO - Started process (PID=647) to work on /home/airflow/.local/lib/python3.7/site-packages/airflow/example_dags/example_local_kubernetes_executor.py
[2025-02-13T17:26:26.171+0000] {processor.py:756} INFO - Processing file /home/airflow/.local/lib/python3.7/site-packages/airflow/example_dags/example_local_kubernetes_executor.py for tasks to queue
[2025-02-13T17:26:26.174+0000] {logging_mixin.py:137} INFO - [2025-02-13T17:26:26.173+0000] {dagbag.py:537} INFO - Filling up the DagBag from /home/airflow/.local/lib/python3.7/site-packages/airflow/example_dags/example_local_kubernetes_executor.py
[2025-02-13T17:26:26.220+0000] {processor.py:766} INFO - DAG(s) dict_keys(['example_local_kubernetes_executor']) retrieved from /home/airflow/.local/lib/python3.7/site-packages/airflow/example_dags/example_local_kubernetes_executor.py
[2025-02-13T17:26:26.306+0000] {logging_mixin.py:137} INFO - [2025-02-13T17:26:26.306+0000] {dag.py:2585} INFO - Sync 1 DAGs
[2025-02-13T17:26:26.364+0000] {logging_mixin.py:137} INFO - [2025-02-13T17:26:26.364+0000] {dag.py:3340} INFO - Setting next_dagrun for example_local_kubernetes_executor to None, run_after=None
[2025-02-13T17:26:26.417+0000] {processor.py:176} INFO - Processing /home/airflow/.local/lib/python3.7/site-packages/airflow/example_dags/example_local_kubernetes_executor.py took 0.254 seconds
[2025-02-13T17:26:56.769+0000] {processor.py:154} INFO - Started process (PID=828) to work on /home/airflow/.local/lib/python3.7/site-packages/airflow/example_dags/example_local_kubernetes_executor.py
[2025-02-13T17:26:56.771+0000] {processor.py:756} INFO - Processing file /home/airflow/.local/lib/python3.7/site-packages/airflow/example_dags/example_local_kubernetes_executor.py for tasks to queue
[2025-02-13T17:26:56.774+0000] {logging_mixin.py:137} INFO - [2025-02-13T17:26:56.773+0000] {dagbag.py:537} INFO - Filling up the DagBag from /home/airflow/.local/lib/python3.7/site-packages/airflow/example_dags/example_local_kubernetes_executor.py
[2025-02-13T17:26:56.822+0000] {processor.py:766} INFO - DAG(s) dict_keys(['example_local_kubernetes_executor']) retrieved from /home/airflow/.local/lib/python3.7/site-packages/airflow/example_dags/example_local_kubernetes_executor.py
[2025-02-13T17:26:56.883+0000] {logging_mixin.py:137} INFO - [2025-02-13T17:26:56.882+0000] {dag.py:2585} INFO - Sync 1 DAGs
[2025-02-13T17:26:56.942+0000] {logging_mixin.py:137} INFO - [2025-02-13T17:26:56.942+0000] {dag.py:3340} INFO - Setting next_dagrun for example_local_kubernetes_executor to None, run_after=None
[2025-02-13T17:26:56.989+0000] {processor.py:176} INFO - Processing /home/airflow/.local/lib/python3.7/site-packages/airflow/example_dags/example_local_kubernetes_executor.py took 0.227 seconds
[2025-02-13T17:27:27.713+0000] {processor.py:154} INFO - Started process (PID=1007) to work on /home/airflow/.local/lib/python3.7/site-packages/airflow/example_dags/example_local_kubernetes_executor.py
[2025-02-13T17:27:27.716+0000] {processor.py:756} INFO - Processing file /home/airflow/.local/lib/python3.7/site-packages/airflow/example_dags/example_local_kubernetes_executor.py for tasks to queue
[2025-02-13T17:27:27.719+0000] {logging_mixin.py:137} INFO - [2025-02-13T17:27:27.719+0000] {dagbag.py:537} INFO - Filling up the DagBag from /home/airflow/.local/lib/python3.7/site-packages/airflow/example_dags/example_local_kubernetes_executor.py
[2025-02-13T17:27:27.789+0000] {processor.py:766} INFO - DAG(s) dict_keys(['example_local_kubernetes_executor']) retrieved from /home/airflow/.local/lib/python3.7/site-packages/airflow/example_dags/example_local_kubernetes_executor.py
[2025-02-13T17:27:27.851+0000] {logging_mixin.py:137} INFO - [2025-02-13T17:27:27.851+0000] {dag.py:2585} INFO - Sync 1 DAGs
[2025-02-13T17:27:27.925+0000] {logging_mixin.py:137} INFO - [2025-02-13T17:27:27.925+0000] {dag.py:3340} INFO - Setting next_dagrun for example_local_kubernetes_executor to None, run_after=None
[2025-02-13T17:27:27.974+0000] {processor.py:176} INFO - Processing /home/airflow/.local/lib/python3.7/site-packages/airflow/example_dags/example_local_kubernetes_executor.py took 0.265 seconds
[2025-02-13T17:27:58.633+0000] {processor.py:154} INFO - Started process (PID=1189) to work on /home/airflow/.local/lib/python3.7/site-packages/airflow/example_dags/example_local_kubernetes_executor.py
[2025-02-13T17:27:58.636+0000] {processor.py:756} INFO - Processing file /home/airflow/.local/lib/python3.7/site-packages/airflow/example_dags/example_local_kubernetes_executor.py for tasks to queue
[2025-02-13T17:27:58.639+0000] {logging_mixin.py:137} INFO - [2025-02-13T17:27:58.638+0000] {dagbag.py:537} INFO - Filling up the DagBag from /home/airflow/.local/lib/python3.7/site-packages/airflow/example_dags/example_local_kubernetes_executor.py
[2025-02-13T17:27:58.683+0000] {processor.py:766} INFO - DAG(s) dict_keys(['example_local_kubernetes_executor']) retrieved from /home/airflow/.local/lib/python3.7/site-packages/airflow/example_dags/example_local_kubernetes_executor.py
[2025-02-13T17:27:58.743+0000] {logging_mixin.py:137} INFO - [2025-02-13T17:27:58.742+0000] {dag.py:2585} INFO - Sync 1 DAGs
[2025-02-13T17:27:58.801+0000] {logging_mixin.py:137} INFO - [2025-02-13T17:27:58.801+0000] {dag.py:3340} INFO - Setting next_dagrun for example_local_kubernetes_executor to None, run_after=None
[2025-02-13T17:27:58.842+0000] {processor.py:176} INFO - Processing /home/airflow/.local/lib/python3.7/site-packages/airflow/example_dags/example_local_kubernetes_executor.py took 0.214 seconds
[2025-02-13T17:28:29.240+0000] {processor.py:154} INFO - Started process (PID=1367) to work on /home/airflow/.local/lib/python3.7/site-packages/airflow/example_dags/example_local_kubernetes_executor.py
[2025-02-13T17:28:29.243+0000] {processor.py:756} INFO - Processing file /home/airflow/.local/lib/python3.7/site-packages/airflow/example_dags/example_local_kubernetes_executor.py for tasks to queue
[2025-02-13T17:28:29.245+0000] {logging_mixin.py:137} INFO - [2025-02-13T17:28:29.245+0000] {dagbag.py:537} INFO - Filling up the DagBag from /home/airflow/.local/lib/python3.7/site-packages/airflow/example_dags/example_local_kubernetes_executor.py
[2025-02-13T17:28:29.349+0000] {processor.py:766} INFO - DAG(s) dict_keys(['example_local_kubernetes_executor']) retrieved from /home/airflow/.local/lib/python3.7/site-packages/airflow/example_dags/example_local_kubernetes_executor.py
[2025-02-13T17:28:29.428+0000] {logging_mixin.py:137} INFO - [2025-02-13T17:28:29.428+0000] {dag.py:2585} INFO - Sync 1 DAGs
[2025-02-13T17:28:29.476+0000] {logging_mixin.py:137} INFO - [2025-02-13T17:28:29.475+0000] {dag.py:3340} INFO - Setting next_dagrun for example_local_kubernetes_executor to None, run_after=None
[2025-02-13T17:28:29.514+0000] {processor.py:176} INFO - Processing /home/airflow/.local/lib/python3.7/site-packages/airflow/example_dags/example_local_kubernetes_executor.py took 0.279 seconds
[2025-02-13T17:29:00.048+0000] {processor.py:154} INFO - Started process (PID=1547) to work on /home/airflow/.local/lib/python3.7/site-packages/airflow/example_dags/example_local_kubernetes_executor.py
[2025-02-13T17:29:00.050+0000] {processor.py:756} INFO - Processing file /home/airflow/.local/lib/python3.7/site-packages/airflow/example_dags/example_local_kubernetes_executor.py for tasks to queue
[2025-02-13T17:29:00.054+0000] {logging_mixin.py:137} INFO - [2025-02-13T17:29:00.053+0000] {dagbag.py:537} INFO - Filling up the DagBag from /home/airflow/.local/lib/python3.7/site-packages/airflow/example_dags/example_local_kubernetes_executor.py
[2025-02-13T17:29:00.103+0000] {processor.py:766} INFO - DAG(s) dict_keys(['example_local_kubernetes_executor']) retrieved from /home/airflow/.local/lib/python3.7/site-packages/airflow/example_dags/example_local_kubernetes_executor.py
[2025-02-13T17:29:00.158+0000] {logging_mixin.py:137} INFO - [2025-02-13T17:29:00.158+0000] {dag.py:2585} INFO - Sync 1 DAGs
[2025-02-13T17:29:00.231+0000] {logging_mixin.py:137} INFO - [2025-02-13T17:29:00.230+0000] {dag.py:3340} INFO - Setting next_dagrun for example_local_kubernetes_executor to None, run_after=None
[2025-02-13T17:29:00.318+0000] {processor.py:176} INFO - Processing /home/airflow/.local/lib/python3.7/site-packages/airflow/example_dags/example_local_kubernetes_executor.py took 0.276 seconds
[2025-02-13T17:29:30.671+0000] {processor.py:154} INFO - Started process (PID=1729) to work on /home/airflow/.local/lib/python3.7/site-packages/airflow/example_dags/example_local_kubernetes_executor.py
[2025-02-13T17:29:30.673+0000] {processor.py:756} INFO - Processing file /home/airflow/.local/lib/python3.7/site-packages/airflow/example_dags/example_local_kubernetes_executor.py for tasks to queue
[2025-02-13T17:29:30.674+0000] {logging_mixin.py:137} INFO - [2025-02-13T17:29:30.674+0000] {dagbag.py:537} INFO - Filling up the DagBag from /home/airflow/.local/lib/python3.7/site-packages/airflow/example_dags/example_local_kubernetes_executor.py
[2025-02-13T17:29:30.717+0000] {processor.py:766} INFO - DAG(s) dict_keys(['example_local_kubernetes_executor']) retrieved from /home/airflow/.local/lib/python3.7/site-packages/airflow/example_dags/example_local_kubernetes_executor.py
[2025-02-13T17:29:30.773+0000] {logging_mixin.py:137} INFO - [2025-02-13T17:29:30.773+0000] {dag.py:2585} INFO - Sync 1 DAGs
[2025-02-13T17:29:30.829+0000] {logging_mixin.py:137} INFO - [2025-02-13T17:29:30.828+0000] {dag.py:3340} INFO - Setting next_dagrun for example_local_kubernetes_executor to None, run_after=None
[2025-02-13T17:29:30.900+0000] {processor.py:176} INFO - Processing /home/airflow/.local/lib/python3.7/site-packages/airflow/example_dags/example_local_kubernetes_executor.py took 0.235 seconds
[2025-02-13T17:30:01.281+0000] {processor.py:154} INFO - Started process (PID=1907) to work on /home/airflow/.local/lib/python3.7/site-packages/airflow/example_dags/example_local_kubernetes_executor.py
[2025-02-13T17:30:01.284+0000] {processor.py:756} INFO - Processing file /home/airflow/.local/lib/python3.7/site-packages/airflow/example_dags/example_local_kubernetes_executor.py for tasks to queue
[2025-02-13T17:30:01.288+0000] {logging_mixin.py:137} INFO - [2025-02-13T17:30:01.287+0000] {dagbag.py:537} INFO - Filling up the DagBag from /home/airflow/.local/lib/python3.7/site-packages/airflow/example_dags/example_local_kubernetes_executor.py
[2025-02-13T17:30:01.333+0000] {processor.py:766} INFO - DAG(s) dict_keys(['example_local_kubernetes_executor']) retrieved from /home/airflow/.local/lib/python3.7/site-packages/airflow/example_dags/example_local_kubernetes_executor.py
[2025-02-13T17:30:01.415+0000] {logging_mixin.py:137} INFO - [2025-02-13T17:30:01.415+0000] {dag.py:2585} INFO - Sync 1 DAGs
[2025-02-13T17:30:01.463+0000] {logging_mixin.py:137} INFO - [2025-02-13T17:30:01.463+0000] {dag.py:3340} INFO - Setting next_dagrun for example_local_kubernetes_executor to None, run_after=None
[2025-02-13T17:30:01.527+0000] {processor.py:176} INFO - Processing /home/airflow/.local/lib/python3.7/site-packages/airflow/example_dags/example_local_kubernetes_executor.py took 0.259 seconds
[2025-02-13T17:30:32.162+0000] {processor.py:154} INFO - Started process (PID=2087) to work on /home/airflow/.local/lib/python3.7/site-packages/airflow/example_dags/example_local_kubernetes_executor.py
[2025-02-13T17:30:32.165+0000] {processor.py:756} INFO - Processing file /home/airflow/.local/lib/python3.7/site-packages/airflow/example_dags/example_local_kubernetes_executor.py for tasks to queue
[2025-02-13T17:30:32.167+0000] {logging_mixin.py:137} INFO - [2025-02-13T17:30:32.167+0000] {dagbag.py:537} INFO - Filling up the DagBag from /home/airflow/.local/lib/python3.7/site-packages/airflow/example_dags/example_local_kubernetes_executor.py
[2025-02-13T17:30:32.219+0000] {processor.py:766} INFO - DAG(s) dict_keys(['example_local_kubernetes_executor']) retrieved from /home/airflow/.local/lib/python3.7/site-packages/airflow/example_dags/example_local_kubernetes_executor.py
[2025-02-13T17:30:32.276+0000] {logging_mixin.py:137} INFO - [2025-02-13T17:30:32.275+0000] {dag.py:2585} INFO - Sync 1 DAGs
[2025-02-13T17:30:32.346+0000] {logging_mixin.py:137} INFO - [2025-02-13T17:30:32.346+0000] {dag.py:3340} INFO - Setting next_dagrun for example_local_kubernetes_executor to None, run_after=None
[2025-02-13T17:30:32.402+0000] {processor.py:176} INFO - Processing /home/airflow/.local/lib/python3.7/site-packages/airflow/example_dags/example_local_kubernetes_executor.py took 0.245 seconds
[2025-02-13T17:31:02.811+0000] {processor.py:154} INFO - Started process (PID=2269) to work on /home/airflow/.local/lib/python3.7/site-packages/airflow/example_dags/example_local_kubernetes_executor.py
[2025-02-13T17:31:02.813+0000] {processor.py:756} INFO - Processing file /home/airflow/.local/lib/python3.7/site-packages/airflow/example_dags/example_local_kubernetes_executor.py for tasks to queue
[2025-02-13T17:31:02.817+0000] {logging_mixin.py:137} INFO - [2025-02-13T17:31:02.816+0000] {dagbag.py:537} INFO - Filling up the DagBag from /home/airflow/.local/lib/python3.7/site-packages/airflow/example_dags/example_local_kubernetes_executor.py
[2025-02-13T17:31:02.898+0000] {processor.py:766} INFO - DAG(s) dict_keys(['example_local_kubernetes_executor']) retrieved from /home/airflow/.local/lib/python3.7/site-packages/airflow/example_dags/example_local_kubernetes_executor.py
[2025-02-13T17:31:02.982+0000] {logging_mixin.py:137} INFO - [2025-02-13T17:31:02.981+0000] {dag.py:2585} INFO - Sync 1 DAGs
[2025-02-13T17:31:03.070+0000] {logging_mixin.py:137} INFO - [2025-02-13T17:31:03.069+0000] {dag.py:3340} INFO - Setting next_dagrun for example_local_kubernetes_executor to None, run_after=None
[2025-02-13T17:31:03.140+0000] {processor.py:176} INFO - Processing /home/airflow/.local/lib/python3.7/site-packages/airflow/example_dags/example_local_kubernetes_executor.py took 0.355 seconds
[2025-02-13T17:31:33.477+0000] {processor.py:154} INFO - Started process (PID=2447) to work on /home/airflow/.local/lib/python3.7/site-packages/airflow/example_dags/example_local_kubernetes_executor.py
[2025-02-13T17:31:33.481+0000] {processor.py:756} INFO - Processing file /home/airflow/.local/lib/python3.7/site-packages/airflow/example_dags/example_local_kubernetes_executor.py for tasks to queue
[2025-02-13T17:31:33.484+0000] {logging_mixin.py:137} INFO - [2025-02-13T17:31:33.484+0000] {dagbag.py:537} INFO - Filling up the DagBag from /home/airflow/.local/lib/python3.7/site-packages/airflow/example_dags/example_local_kubernetes_executor.py
[2025-02-13T17:31:33.537+0000] {processor.py:766} INFO - DAG(s) dict_keys(['example_local_kubernetes_executor']) retrieved from /home/airflow/.local/lib/python3.7/site-packages/airflow/example_dags/example_local_kubernetes_executor.py
[2025-02-13T17:31:33.610+0000] {logging_mixin.py:137} INFO - [2025-02-13T17:31:33.610+0000] {dag.py:2585} INFO - Sync 1 DAGs
[2025-02-13T17:31:33.683+0000] {logging_mixin.py:137} INFO - [2025-02-13T17:31:33.682+0000] {dag.py:3340} INFO - Setting next_dagrun for example_local_kubernetes_executor to None, run_after=None
[2025-02-13T17:31:33.741+0000] {processor.py:176} INFO - Processing /home/airflow/.local/lib/python3.7/site-packages/airflow/example_dags/example_local_kubernetes_executor.py took 0.271 seconds
[2025-02-13T17:32:05.272+0000] {processor.py:154} INFO - Started process (PID=2627) to work on /home/airflow/.local/lib/python3.7/site-packages/airflow/example_dags/example_local_kubernetes_executor.py
[2025-02-13T17:32:05.275+0000] {processor.py:756} INFO - Processing file /home/airflow/.local/lib/python3.7/site-packages/airflow/example_dags/example_local_kubernetes_executor.py for tasks to queue
[2025-02-13T17:32:05.277+0000] {logging_mixin.py:137} INFO - [2025-02-13T17:32:05.277+0000] {dagbag.py:537} INFO - Filling up the DagBag from /home/airflow/.local/lib/python3.7/site-packages/airflow/example_dags/example_local_kubernetes_executor.py
[2025-02-13T17:32:05.319+0000] {processor.py:766} INFO - DAG(s) dict_keys(['example_local_kubernetes_executor']) retrieved from /home/airflow/.local/lib/python3.7/site-packages/airflow/example_dags/example_local_kubernetes_executor.py
[2025-02-13T17:32:05.407+0000] {logging_mixin.py:137} INFO - [2025-02-13T17:32:05.407+0000] {dag.py:2585} INFO - Sync 1 DAGs
[2025-02-13T17:32:05.453+0000] {logging_mixin.py:137} INFO - [2025-02-13T17:32:05.453+0000] {dag.py:3340} INFO - Setting next_dagrun for example_local_kubernetes_executor to None, run_after=None
[2025-02-13T17:32:05.498+0000] {processor.py:176} INFO - Processing /home/airflow/.local/lib/python3.7/site-packages/airflow/example_dags/example_local_kubernetes_executor.py took 0.236 seconds
[2025-02-13T17:32:35.648+0000] {processor.py:154} INFO - Started process (PID=2802) to work on /home/airflow/.local/lib/python3.7/site-packages/airflow/example_dags/example_local_kubernetes_executor.py
[2025-02-13T17:32:35.651+0000] {processor.py:756} INFO - Processing file /home/airflow/.local/lib/python3.7/site-packages/airflow/example_dags/example_local_kubernetes_executor.py for tasks to queue
[2025-02-13T17:32:35.654+0000] {logging_mixin.py:137} INFO - [2025-02-13T17:32:35.654+0000] {dagbag.py:537} INFO - Filling up the DagBag from /home/airflow/.local/lib/python3.7/site-packages/airflow/example_dags/example_local_kubernetes_executor.py
[2025-02-13T17:32:35.704+0000] {processor.py:766} INFO - DAG(s) dict_keys(['example_local_kubernetes_executor']) retrieved from /home/airflow/.local/lib/python3.7/site-packages/airflow/example_dags/example_local_kubernetes_executor.py
[2025-02-13T17:32:35.830+0000] {logging_mixin.py:137} INFO - [2025-02-13T17:32:35.829+0000] {dag.py:2585} INFO - Sync 1 DAGs
[2025-02-13T17:32:35.910+0000] {logging_mixin.py:137} INFO - [2025-02-13T17:32:35.910+0000] {dag.py:3340} INFO - Setting next_dagrun for example_local_kubernetes_executor to None, run_after=None
[2025-02-13T17:32:36.004+0000] {processor.py:176} INFO - Processing /home/airflow/.local/lib/python3.7/site-packages/airflow/example_dags/example_local_kubernetes_executor.py took 0.364 seconds
[2025-02-13T17:33:06.336+0000] {processor.py:154} INFO - Started process (PID=2982) to work on /home/airflow/.local/lib/python3.7/site-packages/airflow/example_dags/example_local_kubernetes_executor.py
[2025-02-13T17:33:06.339+0000] {processor.py:756} INFO - Processing file /home/airflow/.local/lib/python3.7/site-packages/airflow/example_dags/example_local_kubernetes_executor.py for tasks to queue
[2025-02-13T17:33:06.341+0000] {logging_mixin.py:137} INFO - [2025-02-13T17:33:06.341+0000] {dagbag.py:537} INFO - Filling up the DagBag from /home/airflow/.local/lib/python3.7/site-packages/airflow/example_dags/example_local_kubernetes_executor.py
[2025-02-13T17:33:06.391+0000] {processor.py:766} INFO - DAG(s) dict_keys(['example_local_kubernetes_executor']) retrieved from /home/airflow/.local/lib/python3.7/site-packages/airflow/example_dags/example_local_kubernetes_executor.py
[2025-02-13T17:33:06.443+0000] {logging_mixin.py:137} INFO - [2025-02-13T17:33:06.443+0000] {dag.py:2585} INFO - Sync 1 DAGs
[2025-02-13T17:33:06.500+0000] {logging_mixin.py:137} INFO - [2025-02-13T17:33:06.500+0000] {dag.py:3340} INFO - Setting next_dagrun for example_local_kubernetes_executor to None, run_after=None
[2025-02-13T17:33:06.536+0000] {processor.py:176} INFO - Processing /home/airflow/.local/lib/python3.7/site-packages/airflow/example_dags/example_local_kubernetes_executor.py took 0.212 seconds
[2025-02-13T17:33:36.766+0000] {processor.py:154} INFO - Started process (PID=3162) to work on /home/airflow/.local/lib/python3.7/site-packages/airflow/example_dags/example_local_kubernetes_executor.py
[2025-02-13T17:33:36.768+0000] {processor.py:756} INFO - Processing file /home/airflow/.local/lib/python3.7/site-packages/airflow/example_dags/example_local_kubernetes_executor.py for tasks to queue
[2025-02-13T17:33:36.770+0000] {logging_mixin.py:137} INFO - [2025-02-13T17:33:36.770+0000] {dagbag.py:537} INFO - Filling up the DagBag from /home/airflow/.local/lib/python3.7/site-packages/airflow/example_dags/example_local_kubernetes_executor.py
[2025-02-13T17:33:36.811+0000] {processor.py:766} INFO - DAG(s) dict_keys(['example_local_kubernetes_executor']) retrieved from /home/airflow/.local/lib/python3.7/site-packages/airflow/example_dags/example_local_kubernetes_executor.py
[2025-02-13T17:33:36.887+0000] {logging_mixin.py:137} INFO - [2025-02-13T17:33:36.887+0000] {dag.py:2585} INFO - Sync 1 DAGs
[2025-02-13T17:33:36.943+0000] {logging_mixin.py:137} INFO - [2025-02-13T17:33:36.942+0000] {dag.py:3340} INFO - Setting next_dagrun for example_local_kubernetes_executor to None, run_after=None
[2025-02-13T17:33:36.986+0000] {processor.py:176} INFO - Processing /home/airflow/.local/lib/python3.7/site-packages/airflow/example_dags/example_local_kubernetes_executor.py took 0.225 seconds
[2025-02-13T17:34:07.526+0000] {processor.py:154} INFO - Started process (PID=3341) to work on /home/airflow/.local/lib/python3.7/site-packages/airflow/example_dags/example_local_kubernetes_executor.py
[2025-02-13T17:34:07.528+0000] {processor.py:756} INFO - Processing file /home/airflow/.local/lib/python3.7/site-packages/airflow/example_dags/example_local_kubernetes_executor.py for tasks to queue
[2025-02-13T17:34:07.530+0000] {logging_mixin.py:137} INFO - [2025-02-13T17:34:07.530+0000] {dagbag.py:537} INFO - Filling up the DagBag from /home/airflow/.local/lib/python3.7/site-packages/airflow/example_dags/example_local_kubernetes_executor.py
[2025-02-13T17:34:07.575+0000] {processor.py:766} INFO - DAG(s) dict_keys(['example_local_kubernetes_executor']) retrieved from /home/airflow/.local/lib/python3.7/site-packages/airflow/example_dags/example_local_kubernetes_executor.py
[2025-02-13T17:34:07.671+0000] {logging_mixin.py:137} INFO - [2025-02-13T17:34:07.670+0000] {dag.py:2585} INFO - Sync 1 DAGs
[2025-02-13T17:34:07.724+0000] {logging_mixin.py:137} INFO - [2025-02-13T17:34:07.724+0000] {dag.py:3340} INFO - Setting next_dagrun for example_local_kubernetes_executor to None, run_after=None
[2025-02-13T17:34:07.773+0000] {processor.py:176} INFO - Processing /home/airflow/.local/lib/python3.7/site-packages/airflow/example_dags/example_local_kubernetes_executor.py took 0.253 seconds
[2025-02-13T17:34:38.202+0000] {processor.py:154} INFO - Started process (PID=3522) to work on /home/airflow/.local/lib/python3.7/site-packages/airflow/example_dags/example_local_kubernetes_executor.py
[2025-02-13T17:34:38.204+0000] {processor.py:756} INFO - Processing file /home/airflow/.local/lib/python3.7/site-packages/airflow/example_dags/example_local_kubernetes_executor.py for tasks to queue
[2025-02-13T17:34:38.206+0000] {logging_mixin.py:137} INFO - [2025-02-13T17:34:38.205+0000] {dagbag.py:537} INFO - Filling up the DagBag from /home/airflow/.local/lib/python3.7/site-packages/airflow/example_dags/example_local_kubernetes_executor.py
[2025-02-13T17:34:38.246+0000] {processor.py:766} INFO - DAG(s) dict_keys(['example_local_kubernetes_executor']) retrieved from /home/airflow/.local/lib/python3.7/site-packages/airflow/example_dags/example_local_kubernetes_executor.py
[2025-02-13T17:34:38.323+0000] {logging_mixin.py:137} INFO - [2025-02-13T17:34:38.322+0000] {dag.py:2585} INFO - Sync 1 DAGs
[2025-02-13T17:34:38.371+0000] {logging_mixin.py:137} INFO - [2025-02-13T17:34:38.370+0000] {dag.py:3340} INFO - Setting next_dagrun for example_local_kubernetes_executor to None, run_after=None
[2025-02-13T17:34:38.416+0000] {processor.py:176} INFO - Processing /home/airflow/.local/lib/python3.7/site-packages/airflow/example_dags/example_local_kubernetes_executor.py took 0.220 seconds
[2025-02-13T17:35:09.022+0000] {processor.py:154} INFO - Started process (PID=3702) to work on /home/airflow/.local/lib/python3.7/site-packages/airflow/example_dags/example_local_kubernetes_executor.py
[2025-02-13T17:35:09.025+0000] {processor.py:756} INFO - Processing file /home/airflow/.local/lib/python3.7/site-packages/airflow/example_dags/example_local_kubernetes_executor.py for tasks to queue
[2025-02-13T17:35:09.027+0000] {logging_mixin.py:137} INFO - [2025-02-13T17:35:09.027+0000] {dagbag.py:537} INFO - Filling up the DagBag from /home/airflow/.local/lib/python3.7/site-packages/airflow/example_dags/example_local_kubernetes_executor.py
[2025-02-13T17:35:09.091+0000] {processor.py:766} INFO - DAG(s) dict_keys(['example_local_kubernetes_executor']) retrieved from /home/airflow/.local/lib/python3.7/site-packages/airflow/example_dags/example_local_kubernetes_executor.py
[2025-02-13T17:35:09.197+0000] {logging_mixin.py:137} INFO - [2025-02-13T17:35:09.197+0000] {dag.py:2585} INFO - Sync 1 DAGs
[2025-02-13T17:35:09.245+0000] {logging_mixin.py:137} INFO - [2025-02-13T17:35:09.244+0000] {dag.py:3340} INFO - Setting next_dagrun for example_local_kubernetes_executor to None, run_after=None
[2025-02-13T17:35:09.284+0000] {processor.py:176} INFO - Processing /home/airflow/.local/lib/python3.7/site-packages/airflow/example_dags/example_local_kubernetes_executor.py took 0.266 seconds
[2025-02-13T17:35:39.591+0000] {processor.py:154} INFO - Started process (PID=3882) to work on /home/airflow/.local/lib/python3.7/site-packages/airflow/example_dags/example_local_kubernetes_executor.py
[2025-02-13T17:35:39.593+0000] {processor.py:756} INFO - Processing file /home/airflow/.local/lib/python3.7/site-packages/airflow/example_dags/example_local_kubernetes_executor.py for tasks to queue
[2025-02-13T17:35:39.596+0000] {logging_mixin.py:137} INFO - [2025-02-13T17:35:39.596+0000] {dagbag.py:537} INFO - Filling up the DagBag from /home/airflow/.local/lib/python3.7/site-packages/airflow/example_dags/example_local_kubernetes_executor.py
[2025-02-13T17:35:39.633+0000] {processor.py:766} INFO - DAG(s) dict_keys(['example_local_kubernetes_executor']) retrieved from /home/airflow/.local/lib/python3.7/site-packages/airflow/example_dags/example_local_kubernetes_executor.py
[2025-02-13T17:35:39.704+0000] {logging_mixin.py:137} INFO - [2025-02-13T17:35:39.703+0000] {dag.py:2585} INFO - Sync 1 DAGs
[2025-02-13T17:35:39.770+0000] {logging_mixin.py:137} INFO - [2025-02-13T17:35:39.770+0000] {dag.py:3340} INFO - Setting next_dagrun for example_local_kubernetes_executor to None, run_after=None
[2025-02-13T17:35:39.831+0000] {processor.py:176} INFO - Processing /home/airflow/.local/lib/python3.7/site-packages/airflow/example_dags/example_local_kubernetes_executor.py took 0.247 seconds
[2025-02-13T17:36:10.041+0000] {processor.py:154} INFO - Started process (PID=4059) to work on /home/airflow/.local/lib/python3.7/site-packages/airflow/example_dags/example_local_kubernetes_executor.py
[2025-02-13T17:36:10.044+0000] {processor.py:756} INFO - Processing file /home/airflow/.local/lib/python3.7/site-packages/airflow/example_dags/example_local_kubernetes_executor.py for tasks to queue
[2025-02-13T17:36:10.045+0000] {logging_mixin.py:137} INFO - [2025-02-13T17:36:10.045+0000] {dagbag.py:537} INFO - Filling up the DagBag from /home/airflow/.local/lib/python3.7/site-packages/airflow/example_dags/example_local_kubernetes_executor.py
[2025-02-13T17:36:10.089+0000] {processor.py:766} INFO - DAG(s) dict_keys(['example_local_kubernetes_executor']) retrieved from /home/airflow/.local/lib/python3.7/site-packages/airflow/example_dags/example_local_kubernetes_executor.py
[2025-02-13T17:36:10.158+0000] {logging_mixin.py:137} INFO - [2025-02-13T17:36:10.158+0000] {dag.py:2585} INFO - Sync 1 DAGs
[2025-02-13T17:36:10.201+0000] {logging_mixin.py:137} INFO - [2025-02-13T17:36:10.201+0000] {dag.py:3340} INFO - Setting next_dagrun for example_local_kubernetes_executor to None, run_after=None
[2025-02-13T17:36:10.238+0000] {processor.py:176} INFO - Processing /home/airflow/.local/lib/python3.7/site-packages/airflow/example_dags/example_local_kubernetes_executor.py took 0.202 seconds
[2025-02-13T17:36:40.521+0000] {processor.py:154} INFO - Started process (PID=4239) to work on /home/airflow/.local/lib/python3.7/site-packages/airflow/example_dags/example_local_kubernetes_executor.py
[2025-02-13T17:36:40.523+0000] {processor.py:756} INFO - Processing file /home/airflow/.local/lib/python3.7/site-packages/airflow/example_dags/example_local_kubernetes_executor.py for tasks to queue
[2025-02-13T17:36:40.525+0000] {logging_mixin.py:137} INFO - [2025-02-13T17:36:40.525+0000] {dagbag.py:537} INFO - Filling up the DagBag from /home/airflow/.local/lib/python3.7/site-packages/airflow/example_dags/example_local_kubernetes_executor.py
[2025-02-13T17:36:40.569+0000] {processor.py:766} INFO - DAG(s) dict_keys(['example_local_kubernetes_executor']) retrieved from /home/airflow/.local/lib/python3.7/site-packages/airflow/example_dags/example_local_kubernetes_executor.py
[2025-02-13T17:36:40.634+0000] {logging_mixin.py:137} INFO - [2025-02-13T17:36:40.634+0000] {dag.py:2585} INFO - Sync 1 DAGs
[2025-02-13T17:36:40.676+0000] {logging_mixin.py:137} INFO - [2025-02-13T17:36:40.676+0000] {dag.py:3340} INFO - Setting next_dagrun for example_local_kubernetes_executor to None, run_after=None
[2025-02-13T17:36:40.716+0000] {processor.py:176} INFO - Processing /home/airflow/.local/lib/python3.7/site-packages/airflow/example_dags/example_local_kubernetes_executor.py took 0.200 seconds
[2025-02-13T17:37:10.861+0000] {processor.py:154} INFO - Started process (PID=4419) to work on /home/airflow/.local/lib/python3.7/site-packages/airflow/example_dags/example_local_kubernetes_executor.py
[2025-02-13T17:37:10.863+0000] {processor.py:756} INFO - Processing file /home/airflow/.local/lib/python3.7/site-packages/airflow/example_dags/example_local_kubernetes_executor.py for tasks to queue
[2025-02-13T17:37:10.865+0000] {logging_mixin.py:137} INFO - [2025-02-13T17:37:10.865+0000] {dagbag.py:537} INFO - Filling up the DagBag from /home/airflow/.local/lib/python3.7/site-packages/airflow/example_dags/example_local_kubernetes_executor.py
[2025-02-13T17:37:10.907+0000] {processor.py:766} INFO - DAG(s) dict_keys(['example_local_kubernetes_executor']) retrieved from /home/airflow/.local/lib/python3.7/site-packages/airflow/example_dags/example_local_kubernetes_executor.py
[2025-02-13T17:37:10.990+0000] {logging_mixin.py:137} INFO - [2025-02-13T17:37:10.989+0000] {dag.py:2585} INFO - Sync 1 DAGs
[2025-02-13T17:37:11.052+0000] {logging_mixin.py:137} INFO - [2025-02-13T17:37:11.052+0000] {dag.py:3340} INFO - Setting next_dagrun for example_local_kubernetes_executor to None, run_after=None
[2025-02-13T17:37:11.089+0000] {processor.py:176} INFO - Processing /home/airflow/.local/lib/python3.7/site-packages/airflow/example_dags/example_local_kubernetes_executor.py took 0.233 seconds
[2025-02-13T17:37:41.391+0000] {processor.py:154} INFO - Started process (PID=4599) to work on /home/airflow/.local/lib/python3.7/site-packages/airflow/example_dags/example_local_kubernetes_executor.py
[2025-02-13T17:37:41.393+0000] {processor.py:756} INFO - Processing file /home/airflow/.local/lib/python3.7/site-packages/airflow/example_dags/example_local_kubernetes_executor.py for tasks to queue
[2025-02-13T17:37:41.396+0000] {logging_mixin.py:137} INFO - [2025-02-13T17:37:41.396+0000] {dagbag.py:537} INFO - Filling up the DagBag from /home/airflow/.local/lib/python3.7/site-packages/airflow/example_dags/example_local_kubernetes_executor.py
[2025-02-13T17:37:41.435+0000] {processor.py:766} INFO - DAG(s) dict_keys(['example_local_kubernetes_executor']) retrieved from /home/airflow/.local/lib/python3.7/site-packages/airflow/example_dags/example_local_kubernetes_executor.py
[2025-02-13T17:37:41.509+0000] {logging_mixin.py:137} INFO - [2025-02-13T17:37:41.509+0000] {dag.py:2585} INFO - Sync 1 DAGs
[2025-02-13T17:37:41.561+0000] {logging_mixin.py:137} INFO - [2025-02-13T17:37:41.561+0000] {dag.py:3340} INFO - Setting next_dagrun for example_local_kubernetes_executor to None, run_after=None
[2025-02-13T17:37:41.596+0000] {processor.py:176} INFO - Processing /home/airflow/.local/lib/python3.7/site-packages/airflow/example_dags/example_local_kubernetes_executor.py took 0.210 seconds
[2025-02-13T17:38:11.695+0000] {processor.py:154} INFO - Started process (PID=4777) to work on /home/airflow/.local/lib/python3.7/site-packages/airflow/example_dags/example_local_kubernetes_executor.py
[2025-02-13T17:38:11.697+0000] {processor.py:756} INFO - Processing file /home/airflow/.local/lib/python3.7/site-packages/airflow/example_dags/example_local_kubernetes_executor.py for tasks to queue
[2025-02-13T17:38:11.699+0000] {logging_mixin.py:137} INFO - [2025-02-13T17:38:11.699+0000] {dagbag.py:537} INFO - Filling up the DagBag from /home/airflow/.local/lib/python3.7/site-packages/airflow/example_dags/example_local_kubernetes_executor.py
[2025-02-13T17:38:11.759+0000] {processor.py:766} INFO - DAG(s) dict_keys(['example_local_kubernetes_executor']) retrieved from /home/airflow/.local/lib/python3.7/site-packages/airflow/example_dags/example_local_kubernetes_executor.py
[2025-02-13T17:38:11.828+0000] {logging_mixin.py:137} INFO - [2025-02-13T17:38:11.828+0000] {dag.py:2585} INFO - Sync 1 DAGs
[2025-02-13T17:38:11.871+0000] {logging_mixin.py:137} INFO - [2025-02-13T17:38:11.871+0000] {dag.py:3340} INFO - Setting next_dagrun for example_local_kubernetes_executor to None, run_after=None
[2025-02-13T17:38:11.902+0000] {processor.py:176} INFO - Processing /home/airflow/.local/lib/python3.7/site-packages/airflow/example_dags/example_local_kubernetes_executor.py took 0.215 seconds
[2025-02-13T17:38:42.450+0000] {processor.py:154} INFO - Started process (PID=4957) to work on /home/airflow/.local/lib/python3.7/site-packages/airflow/example_dags/example_local_kubernetes_executor.py
[2025-02-13T17:38:42.452+0000] {processor.py:756} INFO - Processing file /home/airflow/.local/lib/python3.7/site-packages/airflow/example_dags/example_local_kubernetes_executor.py for tasks to queue
[2025-02-13T17:38:42.454+0000] {logging_mixin.py:137} INFO - [2025-02-13T17:38:42.454+0000] {dagbag.py:537} INFO - Filling up the DagBag from /home/airflow/.local/lib/python3.7/site-packages/airflow/example_dags/example_local_kubernetes_executor.py
[2025-02-13T17:38:42.496+0000] {processor.py:766} INFO - DAG(s) dict_keys(['example_local_kubernetes_executor']) retrieved from /home/airflow/.local/lib/python3.7/site-packages/airflow/example_dags/example_local_kubernetes_executor.py
[2025-02-13T17:38:42.574+0000] {logging_mixin.py:137} INFO - [2025-02-13T17:38:42.573+0000] {dag.py:2585} INFO - Sync 1 DAGs
[2025-02-13T17:38:42.625+0000] {logging_mixin.py:137} INFO - [2025-02-13T17:38:42.624+0000] {dag.py:3340} INFO - Setting next_dagrun for example_local_kubernetes_executor to None, run_after=None
[2025-02-13T17:38:42.669+0000] {processor.py:176} INFO - Processing /home/airflow/.local/lib/python3.7/site-packages/airflow/example_dags/example_local_kubernetes_executor.py took 0.224 seconds
[2025-02-13T17:39:40.985+0000] {processor.py:154} INFO - Started process (PID=5149) to work on /home/airflow/.local/lib/python3.7/site-packages/airflow/example_dags/example_local_kubernetes_executor.py
[2025-02-13T17:39:40.986+0000] {processor.py:756} INFO - Processing file /home/airflow/.local/lib/python3.7/site-packages/airflow/example_dags/example_local_kubernetes_executor.py for tasks to queue
[2025-02-13T17:39:40.987+0000] {logging_mixin.py:137} INFO - [2025-02-13T17:39:40.986+0000] {dagbag.py:537} INFO - Filling up the DagBag from /home/airflow/.local/lib/python3.7/site-packages/airflow/example_dags/example_local_kubernetes_executor.py
[2025-02-13T17:39:41.009+0000] {processor.py:766} INFO - DAG(s) dict_keys(['example_local_kubernetes_executor']) retrieved from /home/airflow/.local/lib/python3.7/site-packages/airflow/example_dags/example_local_kubernetes_executor.py
[2025-02-13T17:39:41.054+0000] {logging_mixin.py:137} INFO - [2025-02-13T17:39:41.054+0000] {dag.py:2585} INFO - Sync 1 DAGs
[2025-02-13T17:39:41.083+0000] {logging_mixin.py:137} INFO - [2025-02-13T17:39:41.083+0000] {dag.py:3340} INFO - Setting next_dagrun for example_local_kubernetes_executor to None, run_after=None
[2025-02-13T17:39:41.108+0000] {processor.py:176} INFO - Processing /home/airflow/.local/lib/python3.7/site-packages/airflow/example_dags/example_local_kubernetes_executor.py took 0.127 seconds
[2025-02-13T17:40:12.476+0000] {processor.py:154} INFO - Started process (PID=5329) to work on /home/airflow/.local/lib/python3.7/site-packages/airflow/example_dags/example_local_kubernetes_executor.py
[2025-02-13T17:40:12.478+0000] {processor.py:756} INFO - Processing file /home/airflow/.local/lib/python3.7/site-packages/airflow/example_dags/example_local_kubernetes_executor.py for tasks to queue
[2025-02-13T17:40:12.480+0000] {logging_mixin.py:137} INFO - [2025-02-13T17:40:12.479+0000] {dagbag.py:537} INFO - Filling up the DagBag from /home/airflow/.local/lib/python3.7/site-packages/airflow/example_dags/example_local_kubernetes_executor.py
[2025-02-13T17:40:12.524+0000] {processor.py:766} INFO - DAG(s) dict_keys(['example_local_kubernetes_executor']) retrieved from /home/airflow/.local/lib/python3.7/site-packages/airflow/example_dags/example_local_kubernetes_executor.py
[2025-02-13T17:40:12.596+0000] {logging_mixin.py:137} INFO - [2025-02-13T17:40:12.595+0000] {dag.py:2585} INFO - Sync 1 DAGs
[2025-02-13T17:40:12.645+0000] {logging_mixin.py:137} INFO - [2025-02-13T17:40:12.644+0000] {dag.py:3340} INFO - Setting next_dagrun for example_local_kubernetes_executor to None, run_after=None
[2025-02-13T17:40:12.689+0000] {processor.py:176} INFO - Processing /home/airflow/.local/lib/python3.7/site-packages/airflow/example_dags/example_local_kubernetes_executor.py took 0.216 seconds
[2025-02-13T17:40:44.312+0000] {processor.py:154} INFO - Started process (PID=5511) to work on /home/airflow/.local/lib/python3.7/site-packages/airflow/example_dags/example_local_kubernetes_executor.py
[2025-02-13T17:40:44.316+0000] {processor.py:756} INFO - Processing file /home/airflow/.local/lib/python3.7/site-packages/airflow/example_dags/example_local_kubernetes_executor.py for tasks to queue
[2025-02-13T17:40:44.318+0000] {logging_mixin.py:137} INFO - [2025-02-13T17:40:44.318+0000] {dagbag.py:537} INFO - Filling up the DagBag from /home/airflow/.local/lib/python3.7/site-packages/airflow/example_dags/example_local_kubernetes_executor.py
[2025-02-13T17:40:44.368+0000] {processor.py:766} INFO - DAG(s) dict_keys(['example_local_kubernetes_executor']) retrieved from /home/airflow/.local/lib/python3.7/site-packages/airflow/example_dags/example_local_kubernetes_executor.py
[2025-02-13T17:40:44.483+0000] {logging_mixin.py:137} INFO - [2025-02-13T17:40:44.482+0000] {dag.py:2585} INFO - Sync 1 DAGs
[2025-02-13T17:40:44.643+0000] {logging_mixin.py:137} INFO - [2025-02-13T17:40:44.643+0000] {dag.py:3340} INFO - Setting next_dagrun for example_local_kubernetes_executor to None, run_after=None
[2025-02-13T17:40:44.727+0000] {processor.py:176} INFO - Processing /home/airflow/.local/lib/python3.7/site-packages/airflow/example_dags/example_local_kubernetes_executor.py took 0.421 seconds
[2025-02-13T17:41:15.634+0000] {processor.py:154} INFO - Started process (PID=5691) to work on /home/airflow/.local/lib/python3.7/site-packages/airflow/example_dags/example_local_kubernetes_executor.py
[2025-02-13T17:41:15.636+0000] {processor.py:756} INFO - Processing file /home/airflow/.local/lib/python3.7/site-packages/airflow/example_dags/example_local_kubernetes_executor.py for tasks to queue
[2025-02-13T17:41:15.638+0000] {logging_mixin.py:137} INFO - [2025-02-13T17:41:15.638+0000] {dagbag.py:537} INFO - Filling up the DagBag from /home/airflow/.local/lib/python3.7/site-packages/airflow/example_dags/example_local_kubernetes_executor.py
[2025-02-13T17:41:15.665+0000] {processor.py:766} INFO - DAG(s) dict_keys(['example_local_kubernetes_executor']) retrieved from /home/airflow/.local/lib/python3.7/site-packages/airflow/example_dags/example_local_kubernetes_executor.py
[2025-02-13T17:41:15.725+0000] {logging_mixin.py:137} INFO - [2025-02-13T17:41:15.725+0000] {dag.py:2585} INFO - Sync 1 DAGs
[2025-02-13T17:41:15.762+0000] {logging_mixin.py:137} INFO - [2025-02-13T17:41:15.762+0000] {dag.py:3340} INFO - Setting next_dagrun for example_local_kubernetes_executor to None, run_after=None
[2025-02-13T17:41:15.837+0000] {processor.py:176} INFO - Processing /home/airflow/.local/lib/python3.7/site-packages/airflow/example_dags/example_local_kubernetes_executor.py took 0.207 seconds
[2025-02-13T17:41:46.400+0000] {processor.py:154} INFO - Started process (PID=5871) to work on /home/airflow/.local/lib/python3.7/site-packages/airflow/example_dags/example_local_kubernetes_executor.py
[2025-02-13T17:41:46.401+0000] {processor.py:756} INFO - Processing file /home/airflow/.local/lib/python3.7/site-packages/airflow/example_dags/example_local_kubernetes_executor.py for tasks to queue
[2025-02-13T17:41:46.404+0000] {logging_mixin.py:137} INFO - [2025-02-13T17:41:46.404+0000] {dagbag.py:537} INFO - Filling up the DagBag from /home/airflow/.local/lib/python3.7/site-packages/airflow/example_dags/example_local_kubernetes_executor.py
[2025-02-13T17:41:46.438+0000] {processor.py:766} INFO - DAG(s) dict_keys(['example_local_kubernetes_executor']) retrieved from /home/airflow/.local/lib/python3.7/site-packages/airflow/example_dags/example_local_kubernetes_executor.py
[2025-02-13T17:41:46.496+0000] {logging_mixin.py:137} INFO - [2025-02-13T17:41:46.496+0000] {dag.py:2585} INFO - Sync 1 DAGs
[2025-02-13T17:41:46.535+0000] {logging_mixin.py:137} INFO - [2025-02-13T17:41:46.534+0000] {dag.py:3340} INFO - Setting next_dagrun for example_local_kubernetes_executor to None, run_after=None
[2025-02-13T17:41:46.568+0000] {processor.py:176} INFO - Processing /home/airflow/.local/lib/python3.7/site-packages/airflow/example_dags/example_local_kubernetes_executor.py took 0.173 seconds
[2025-02-13T17:42:17.079+0000] {processor.py:154} INFO - Started process (PID=6051) to work on /home/airflow/.local/lib/python3.7/site-packages/airflow/example_dags/example_local_kubernetes_executor.py
[2025-02-13T17:42:17.081+0000] {processor.py:756} INFO - Processing file /home/airflow/.local/lib/python3.7/site-packages/airflow/example_dags/example_local_kubernetes_executor.py for tasks to queue
[2025-02-13T17:42:17.083+0000] {logging_mixin.py:137} INFO - [2025-02-13T17:42:17.083+0000] {dagbag.py:537} INFO - Filling up the DagBag from /home/airflow/.local/lib/python3.7/site-packages/airflow/example_dags/example_local_kubernetes_executor.py
[2025-02-13T17:42:17.117+0000] {processor.py:766} INFO - DAG(s) dict_keys(['example_local_kubernetes_executor']) retrieved from /home/airflow/.local/lib/python3.7/site-packages/airflow/example_dags/example_local_kubernetes_executor.py
[2025-02-13T17:42:17.179+0000] {logging_mixin.py:137} INFO - [2025-02-13T17:42:17.179+0000] {dag.py:2585} INFO - Sync 1 DAGs
[2025-02-13T17:42:17.221+0000] {logging_mixin.py:137} INFO - [2025-02-13T17:42:17.221+0000] {dag.py:3340} INFO - Setting next_dagrun for example_local_kubernetes_executor to None, run_after=None
[2025-02-13T17:42:17.249+0000] {processor.py:176} INFO - Processing /home/airflow/.local/lib/python3.7/site-packages/airflow/example_dags/example_local_kubernetes_executor.py took 0.177 seconds
[2025-02-13T17:42:47.476+0000] {processor.py:154} INFO - Started process (PID=6231) to work on /home/airflow/.local/lib/python3.7/site-packages/airflow/example_dags/example_local_kubernetes_executor.py
[2025-02-13T17:42:47.478+0000] {processor.py:756} INFO - Processing file /home/airflow/.local/lib/python3.7/site-packages/airflow/example_dags/example_local_kubernetes_executor.py for tasks to queue
[2025-02-13T17:42:47.479+0000] {logging_mixin.py:137} INFO - [2025-02-13T17:42:47.479+0000] {dagbag.py:537} INFO - Filling up the DagBag from /home/airflow/.local/lib/python3.7/site-packages/airflow/example_dags/example_local_kubernetes_executor.py
[2025-02-13T17:42:47.523+0000] {processor.py:766} INFO - DAG(s) dict_keys(['example_local_kubernetes_executor']) retrieved from /home/airflow/.local/lib/python3.7/site-packages/airflow/example_dags/example_local_kubernetes_executor.py
[2025-02-13T17:42:47.597+0000] {logging_mixin.py:137} INFO - [2025-02-13T17:42:47.597+0000] {dag.py:2585} INFO - Sync 1 DAGs
[2025-02-13T17:42:47.690+0000] {logging_mixin.py:137} INFO - [2025-02-13T17:42:47.690+0000] {dag.py:3340} INFO - Setting next_dagrun for example_local_kubernetes_executor to None, run_after=None
[2025-02-13T17:42:47.780+0000] {processor.py:176} INFO - Processing /home/airflow/.local/lib/python3.7/site-packages/airflow/example_dags/example_local_kubernetes_executor.py took 0.310 seconds
[2025-02-13T17:43:18.499+0000] {processor.py:154} INFO - Started process (PID=6411) to work on /home/airflow/.local/lib/python3.7/site-packages/airflow/example_dags/example_local_kubernetes_executor.py
[2025-02-13T17:43:18.501+0000] {processor.py:756} INFO - Processing file /home/airflow/.local/lib/python3.7/site-packages/airflow/example_dags/example_local_kubernetes_executor.py for tasks to queue
[2025-02-13T17:43:18.503+0000] {logging_mixin.py:137} INFO - [2025-02-13T17:43:18.502+0000] {dagbag.py:537} INFO - Filling up the DagBag from /home/airflow/.local/lib/python3.7/site-packages/airflow/example_dags/example_local_kubernetes_executor.py
[2025-02-13T17:43:18.543+0000] {processor.py:766} INFO - DAG(s) dict_keys(['example_local_kubernetes_executor']) retrieved from /home/airflow/.local/lib/python3.7/site-packages/airflow/example_dags/example_local_kubernetes_executor.py
[2025-02-13T17:43:18.620+0000] {logging_mixin.py:137} INFO - [2025-02-13T17:43:18.620+0000] {dag.py:2585} INFO - Sync 1 DAGs
[2025-02-13T17:43:18.667+0000] {logging_mixin.py:137} INFO - [2025-02-13T17:43:18.666+0000] {dag.py:3340} INFO - Setting next_dagrun for example_local_kubernetes_executor to None, run_after=None
[2025-02-13T17:43:18.707+0000] {processor.py:176} INFO - Processing /home/airflow/.local/lib/python3.7/site-packages/airflow/example_dags/example_local_kubernetes_executor.py took 0.217 seconds
[2025-02-13T17:43:49.077+0000] {processor.py:154} INFO - Started process (PID=6591) to work on /home/airflow/.local/lib/python3.7/site-packages/airflow/example_dags/example_local_kubernetes_executor.py
[2025-02-13T17:43:49.080+0000] {processor.py:756} INFO - Processing file /home/airflow/.local/lib/python3.7/site-packages/airflow/example_dags/example_local_kubernetes_executor.py for tasks to queue
[2025-02-13T17:43:49.081+0000] {logging_mixin.py:137} INFO - [2025-02-13T17:43:49.081+0000] {dagbag.py:537} INFO - Filling up the DagBag from /home/airflow/.local/lib/python3.7/site-packages/airflow/example_dags/example_local_kubernetes_executor.py
[2025-02-13T17:43:49.124+0000] {processor.py:766} INFO - DAG(s) dict_keys(['example_local_kubernetes_executor']) retrieved from /home/airflow/.local/lib/python3.7/site-packages/airflow/example_dags/example_local_kubernetes_executor.py
[2025-02-13T17:43:49.200+0000] {logging_mixin.py:137} INFO - [2025-02-13T17:43:49.200+0000] {dag.py:2585} INFO - Sync 1 DAGs
[2025-02-13T17:43:49.248+0000] {logging_mixin.py:137} INFO - [2025-02-13T17:43:49.248+0000] {dag.py:3340} INFO - Setting next_dagrun for example_local_kubernetes_executor to None, run_after=None
[2025-02-13T17:43:49.287+0000] {processor.py:176} INFO - Processing /home/airflow/.local/lib/python3.7/site-packages/airflow/example_dags/example_local_kubernetes_executor.py took 0.218 seconds
[2025-02-13T17:44:19.917+0000] {processor.py:154} INFO - Started process (PID=6771) to work on /home/airflow/.local/lib/python3.7/site-packages/airflow/example_dags/example_local_kubernetes_executor.py
[2025-02-13T17:44:19.920+0000] {processor.py:756} INFO - Processing file /home/airflow/.local/lib/python3.7/site-packages/airflow/example_dags/example_local_kubernetes_executor.py for tasks to queue
[2025-02-13T17:44:19.923+0000] {logging_mixin.py:137} INFO - [2025-02-13T17:44:19.922+0000] {dagbag.py:537} INFO - Filling up the DagBag from /home/airflow/.local/lib/python3.7/site-packages/airflow/example_dags/example_local_kubernetes_executor.py
[2025-02-13T17:44:19.969+0000] {processor.py:766} INFO - DAG(s) dict_keys(['example_local_kubernetes_executor']) retrieved from /home/airflow/.local/lib/python3.7/site-packages/airflow/example_dags/example_local_kubernetes_executor.py
[2025-02-13T17:44:20.026+0000] {logging_mixin.py:137} INFO - [2025-02-13T17:44:20.026+0000] {dag.py:2585} INFO - Sync 1 DAGs
[2025-02-13T17:44:20.062+0000] {logging_mixin.py:137} INFO - [2025-02-13T17:44:20.062+0000] {dag.py:3340} INFO - Setting next_dagrun for example_local_kubernetes_executor to None, run_after=None
[2025-02-13T17:44:20.091+0000] {processor.py:176} INFO - Processing /home/airflow/.local/lib/python3.7/site-packages/airflow/example_dags/example_local_kubernetes_executor.py took 0.181 seconds
[2025-02-13T17:44:50.309+0000] {processor.py:154} INFO - Started process (PID=6951) to work on /home/airflow/.local/lib/python3.7/site-packages/airflow/example_dags/example_local_kubernetes_executor.py
[2025-02-13T17:44:50.311+0000] {processor.py:756} INFO - Processing file /home/airflow/.local/lib/python3.7/site-packages/airflow/example_dags/example_local_kubernetes_executor.py for tasks to queue
[2025-02-13T17:44:50.315+0000] {logging_mixin.py:137} INFO - [2025-02-13T17:44:50.314+0000] {dagbag.py:537} INFO - Filling up the DagBag from /home/airflow/.local/lib/python3.7/site-packages/airflow/example_dags/example_local_kubernetes_executor.py
[2025-02-13T17:44:50.382+0000] {processor.py:766} INFO - DAG(s) dict_keys(['example_local_kubernetes_executor']) retrieved from /home/airflow/.local/lib/python3.7/site-packages/airflow/example_dags/example_local_kubernetes_executor.py
[2025-02-13T17:44:50.463+0000] {logging_mixin.py:137} INFO - [2025-02-13T17:44:50.463+0000] {dag.py:2585} INFO - Sync 1 DAGs
[2025-02-13T17:44:50.514+0000] {logging_mixin.py:137} INFO - [2025-02-13T17:44:50.514+0000] {dag.py:3340} INFO - Setting next_dagrun for example_local_kubernetes_executor to None, run_after=None
[2025-02-13T17:44:50.553+0000] {processor.py:176} INFO - Processing /home/airflow/.local/lib/python3.7/site-packages/airflow/example_dags/example_local_kubernetes_executor.py took 0.251 seconds
[2025-02-13T17:45:20.891+0000] {processor.py:154} INFO - Started process (PID=7131) to work on /home/airflow/.local/lib/python3.7/site-packages/airflow/example_dags/example_local_kubernetes_executor.py
[2025-02-13T17:45:20.893+0000] {processor.py:756} INFO - Processing file /home/airflow/.local/lib/python3.7/site-packages/airflow/example_dags/example_local_kubernetes_executor.py for tasks to queue
[2025-02-13T17:45:20.895+0000] {logging_mixin.py:137} INFO - [2025-02-13T17:45:20.894+0000] {dagbag.py:537} INFO - Filling up the DagBag from /home/airflow/.local/lib/python3.7/site-packages/airflow/example_dags/example_local_kubernetes_executor.py
[2025-02-13T17:45:20.945+0000] {processor.py:766} INFO - DAG(s) dict_keys(['example_local_kubernetes_executor']) retrieved from /home/airflow/.local/lib/python3.7/site-packages/airflow/example_dags/example_local_kubernetes_executor.py
[2025-02-13T17:45:21.033+0000] {logging_mixin.py:137} INFO - [2025-02-13T17:45:21.033+0000] {dag.py:2585} INFO - Sync 1 DAGs
[2025-02-13T17:45:21.081+0000] {logging_mixin.py:137} INFO - [2025-02-13T17:45:21.081+0000] {dag.py:3340} INFO - Setting next_dagrun for example_local_kubernetes_executor to None, run_after=None
[2025-02-13T17:45:21.135+0000] {processor.py:176} INFO - Processing /home/airflow/.local/lib/python3.7/site-packages/airflow/example_dags/example_local_kubernetes_executor.py took 0.250 seconds
[2025-02-13T17:45:51.832+0000] {processor.py:154} INFO - Started process (PID=7311) to work on /home/airflow/.local/lib/python3.7/site-packages/airflow/example_dags/example_local_kubernetes_executor.py
[2025-02-13T17:45:51.834+0000] {processor.py:756} INFO - Processing file /home/airflow/.local/lib/python3.7/site-packages/airflow/example_dags/example_local_kubernetes_executor.py for tasks to queue
[2025-02-13T17:45:51.837+0000] {logging_mixin.py:137} INFO - [2025-02-13T17:45:51.837+0000] {dagbag.py:537} INFO - Filling up the DagBag from /home/airflow/.local/lib/python3.7/site-packages/airflow/example_dags/example_local_kubernetes_executor.py
[2025-02-13T17:45:51.875+0000] {processor.py:766} INFO - DAG(s) dict_keys(['example_local_kubernetes_executor']) retrieved from /home/airflow/.local/lib/python3.7/site-packages/airflow/example_dags/example_local_kubernetes_executor.py
[2025-02-13T17:45:51.932+0000] {logging_mixin.py:137} INFO - [2025-02-13T17:45:51.932+0000] {dag.py:2585} INFO - Sync 1 DAGs
[2025-02-13T17:45:51.971+0000] {logging_mixin.py:137} INFO - [2025-02-13T17:45:51.971+0000] {dag.py:3340} INFO - Setting next_dagrun for example_local_kubernetes_executor to None, run_after=None
[2025-02-13T17:45:52.004+0000] {processor.py:176} INFO - Processing /home/airflow/.local/lib/python3.7/site-packages/airflow/example_dags/example_local_kubernetes_executor.py took 0.179 seconds
[2025-02-13T17:47:38.497+0000] {processor.py:154} INFO - Started process (PID=286) to work on /home/airflow/.local/lib/python3.7/site-packages/airflow/example_dags/example_local_kubernetes_executor.py
[2025-02-13T17:47:38.501+0000] {processor.py:756} INFO - Processing file /home/airflow/.local/lib/python3.7/site-packages/airflow/example_dags/example_local_kubernetes_executor.py for tasks to queue
[2025-02-13T17:47:38.504+0000] {logging_mixin.py:137} INFO - [2025-02-13T17:47:38.503+0000] {dagbag.py:537} INFO - Filling up the DagBag from /home/airflow/.local/lib/python3.7/site-packages/airflow/example_dags/example_local_kubernetes_executor.py
[2025-02-13T17:47:38.579+0000] {processor.py:766} INFO - DAG(s) dict_keys(['example_local_kubernetes_executor']) retrieved from /home/airflow/.local/lib/python3.7/site-packages/airflow/example_dags/example_local_kubernetes_executor.py
[2025-02-13T17:47:38.698+0000] {logging_mixin.py:137} INFO - [2025-02-13T17:47:38.697+0000] {dag.py:2585} INFO - Sync 1 DAGs
[2025-02-13T17:47:38.817+0000] {logging_mixin.py:137} INFO - [2025-02-13T17:47:38.817+0000] {dag.py:3340} INFO - Setting next_dagrun for example_local_kubernetes_executor to None, run_after=None
[2025-02-13T17:47:38.881+0000] {processor.py:176} INFO - Processing /home/airflow/.local/lib/python3.7/site-packages/airflow/example_dags/example_local_kubernetes_executor.py took 0.395 seconds
[2025-02-13T17:48:09.087+0000] {processor.py:154} INFO - Started process (PID=466) to work on /home/airflow/.local/lib/python3.7/site-packages/airflow/example_dags/example_local_kubernetes_executor.py
[2025-02-13T17:48:09.090+0000] {processor.py:756} INFO - Processing file /home/airflow/.local/lib/python3.7/site-packages/airflow/example_dags/example_local_kubernetes_executor.py for tasks to queue
[2025-02-13T17:48:09.093+0000] {logging_mixin.py:137} INFO - [2025-02-13T17:48:09.093+0000] {dagbag.py:537} INFO - Filling up the DagBag from /home/airflow/.local/lib/python3.7/site-packages/airflow/example_dags/example_local_kubernetes_executor.py
[2025-02-13T17:48:09.133+0000] {processor.py:766} INFO - DAG(s) dict_keys(['example_local_kubernetes_executor']) retrieved from /home/airflow/.local/lib/python3.7/site-packages/airflow/example_dags/example_local_kubernetes_executor.py
[2025-02-13T17:48:09.190+0000] {logging_mixin.py:137} INFO - [2025-02-13T17:48:09.190+0000] {dag.py:2585} INFO - Sync 1 DAGs
[2025-02-13T17:48:09.239+0000] {logging_mixin.py:137} INFO - [2025-02-13T17:48:09.239+0000] {dag.py:3340} INFO - Setting next_dagrun for example_local_kubernetes_executor to None, run_after=None
[2025-02-13T17:48:09.312+0000] {processor.py:176} INFO - Processing /home/airflow/.local/lib/python3.7/site-packages/airflow/example_dags/example_local_kubernetes_executor.py took 0.236 seconds
[2025-02-13T17:48:39.694+0000] {processor.py:154} INFO - Started process (PID=646) to work on /home/airflow/.local/lib/python3.7/site-packages/airflow/example_dags/example_local_kubernetes_executor.py
[2025-02-13T17:48:39.696+0000] {processor.py:756} INFO - Processing file /home/airflow/.local/lib/python3.7/site-packages/airflow/example_dags/example_local_kubernetes_executor.py for tasks to queue
[2025-02-13T17:48:39.698+0000] {logging_mixin.py:137} INFO - [2025-02-13T17:48:39.698+0000] {dagbag.py:537} INFO - Filling up the DagBag from /home/airflow/.local/lib/python3.7/site-packages/airflow/example_dags/example_local_kubernetes_executor.py
[2025-02-13T17:48:39.727+0000] {processor.py:766} INFO - DAG(s) dict_keys(['example_local_kubernetes_executor']) retrieved from /home/airflow/.local/lib/python3.7/site-packages/airflow/example_dags/example_local_kubernetes_executor.py
[2025-02-13T17:48:39.782+0000] {logging_mixin.py:137} INFO - [2025-02-13T17:48:39.782+0000] {dag.py:2585} INFO - Sync 1 DAGs
[2025-02-13T17:48:39.848+0000] {logging_mixin.py:137} INFO - [2025-02-13T17:48:39.848+0000] {dag.py:3340} INFO - Setting next_dagrun for example_local_kubernetes_executor to None, run_after=None
[2025-02-13T17:48:39.878+0000] {processor.py:176} INFO - Processing /home/airflow/.local/lib/python3.7/site-packages/airflow/example_dags/example_local_kubernetes_executor.py took 0.188 seconds
[2025-02-13T17:49:10.190+0000] {processor.py:154} INFO - Started process (PID=827) to work on /home/airflow/.local/lib/python3.7/site-packages/airflow/example_dags/example_local_kubernetes_executor.py
[2025-02-13T17:49:10.192+0000] {processor.py:756} INFO - Processing file /home/airflow/.local/lib/python3.7/site-packages/airflow/example_dags/example_local_kubernetes_executor.py for tasks to queue
[2025-02-13T17:49:10.194+0000] {logging_mixin.py:137} INFO - [2025-02-13T17:49:10.193+0000] {dagbag.py:537} INFO - Filling up the DagBag from /home/airflow/.local/lib/python3.7/site-packages/airflow/example_dags/example_local_kubernetes_executor.py
[2025-02-13T17:49:10.225+0000] {processor.py:766} INFO - DAG(s) dict_keys(['example_local_kubernetes_executor']) retrieved from /home/airflow/.local/lib/python3.7/site-packages/airflow/example_dags/example_local_kubernetes_executor.py
[2025-02-13T17:49:10.281+0000] {logging_mixin.py:137} INFO - [2025-02-13T17:49:10.281+0000] {dag.py:2585} INFO - Sync 1 DAGs
[2025-02-13T17:49:10.316+0000] {logging_mixin.py:137} INFO - [2025-02-13T17:49:10.315+0000] {dag.py:3340} INFO - Setting next_dagrun for example_local_kubernetes_executor to None, run_after=None
[2025-02-13T17:49:10.347+0000] {processor.py:176} INFO - Processing /home/airflow/.local/lib/python3.7/site-packages/airflow/example_dags/example_local_kubernetes_executor.py took 0.163 seconds
[2025-02-13T17:49:40.747+0000] {processor.py:154} INFO - Started process (PID=1007) to work on /home/airflow/.local/lib/python3.7/site-packages/airflow/example_dags/example_local_kubernetes_executor.py
[2025-02-13T17:49:40.748+0000] {processor.py:756} INFO - Processing file /home/airflow/.local/lib/python3.7/site-packages/airflow/example_dags/example_local_kubernetes_executor.py for tasks to queue
[2025-02-13T17:49:40.749+0000] {logging_mixin.py:137} INFO - [2025-02-13T17:49:40.749+0000] {dagbag.py:537} INFO - Filling up the DagBag from /home/airflow/.local/lib/python3.7/site-packages/airflow/example_dags/example_local_kubernetes_executor.py
[2025-02-13T17:49:40.780+0000] {processor.py:766} INFO - DAG(s) dict_keys(['example_local_kubernetes_executor']) retrieved from /home/airflow/.local/lib/python3.7/site-packages/airflow/example_dags/example_local_kubernetes_executor.py
[2025-02-13T17:49:40.838+0000] {logging_mixin.py:137} INFO - [2025-02-13T17:49:40.838+0000] {dag.py:2585} INFO - Sync 1 DAGs
[2025-02-13T17:49:40.873+0000] {logging_mixin.py:137} INFO - [2025-02-13T17:49:40.872+0000] {dag.py:3340} INFO - Setting next_dagrun for example_local_kubernetes_executor to None, run_after=None
[2025-02-13T17:49:40.909+0000] {processor.py:176} INFO - Processing /home/airflow/.local/lib/python3.7/site-packages/airflow/example_dags/example_local_kubernetes_executor.py took 0.167 seconds
[2025-02-13T17:50:11.427+0000] {processor.py:154} INFO - Started process (PID=1189) to work on /home/airflow/.local/lib/python3.7/site-packages/airflow/example_dags/example_local_kubernetes_executor.py
[2025-02-13T17:50:11.429+0000] {processor.py:756} INFO - Processing file /home/airflow/.local/lib/python3.7/site-packages/airflow/example_dags/example_local_kubernetes_executor.py for tasks to queue
[2025-02-13T17:50:11.430+0000] {logging_mixin.py:137} INFO - [2025-02-13T17:50:11.430+0000] {dagbag.py:537} INFO - Filling up the DagBag from /home/airflow/.local/lib/python3.7/site-packages/airflow/example_dags/example_local_kubernetes_executor.py
[2025-02-13T17:50:11.459+0000] {processor.py:766} INFO - DAG(s) dict_keys(['example_local_kubernetes_executor']) retrieved from /home/airflow/.local/lib/python3.7/site-packages/airflow/example_dags/example_local_kubernetes_executor.py
[2025-02-13T17:50:11.514+0000] {logging_mixin.py:137} INFO - [2025-02-13T17:50:11.514+0000] {dag.py:2585} INFO - Sync 1 DAGs
[2025-02-13T17:50:11.552+0000] {logging_mixin.py:137} INFO - [2025-02-13T17:50:11.552+0000] {dag.py:3340} INFO - Setting next_dagrun for example_local_kubernetes_executor to None, run_after=None
[2025-02-13T17:50:11.582+0000] {processor.py:176} INFO - Processing /home/airflow/.local/lib/python3.7/site-packages/airflow/example_dags/example_local_kubernetes_executor.py took 0.158 seconds
[2025-02-13T17:50:41.905+0000] {processor.py:154} INFO - Started process (PID=1367) to work on /home/airflow/.local/lib/python3.7/site-packages/airflow/example_dags/example_local_kubernetes_executor.py
[2025-02-13T17:50:41.908+0000] {processor.py:756} INFO - Processing file /home/airflow/.local/lib/python3.7/site-packages/airflow/example_dags/example_local_kubernetes_executor.py for tasks to queue
[2025-02-13T17:50:41.909+0000] {logging_mixin.py:137} INFO - [2025-02-13T17:50:41.909+0000] {dagbag.py:537} INFO - Filling up the DagBag from /home/airflow/.local/lib/python3.7/site-packages/airflow/example_dags/example_local_kubernetes_executor.py
[2025-02-13T17:50:41.953+0000] {processor.py:766} INFO - DAG(s) dict_keys(['example_local_kubernetes_executor']) retrieved from /home/airflow/.local/lib/python3.7/site-packages/airflow/example_dags/example_local_kubernetes_executor.py
[2025-02-13T17:50:42.030+0000] {logging_mixin.py:137} INFO - [2025-02-13T17:50:42.030+0000] {dag.py:2585} INFO - Sync 1 DAGs
[2025-02-13T17:50:42.079+0000] {logging_mixin.py:137} INFO - [2025-02-13T17:50:42.079+0000] {dag.py:3340} INFO - Setting next_dagrun for example_local_kubernetes_executor to None, run_after=None
[2025-02-13T17:50:42.107+0000] {processor.py:176} INFO - Processing /home/airflow/.local/lib/python3.7/site-packages/airflow/example_dags/example_local_kubernetes_executor.py took 0.208 seconds
[2025-02-13T17:51:13.239+0000] {processor.py:154} INFO - Started process (PID=1547) to work on /home/airflow/.local/lib/python3.7/site-packages/airflow/example_dags/example_local_kubernetes_executor.py
[2025-02-13T17:51:13.240+0000] {processor.py:756} INFO - Processing file /home/airflow/.local/lib/python3.7/site-packages/airflow/example_dags/example_local_kubernetes_executor.py for tasks to queue
[2025-02-13T17:51:13.242+0000] {logging_mixin.py:137} INFO - [2025-02-13T17:51:13.242+0000] {dagbag.py:537} INFO - Filling up the DagBag from /home/airflow/.local/lib/python3.7/site-packages/airflow/example_dags/example_local_kubernetes_executor.py
[2025-02-13T17:51:13.283+0000] {processor.py:766} INFO - DAG(s) dict_keys(['example_local_kubernetes_executor']) retrieved from /home/airflow/.local/lib/python3.7/site-packages/airflow/example_dags/example_local_kubernetes_executor.py
[2025-02-13T17:51:13.349+0000] {logging_mixin.py:137} INFO - [2025-02-13T17:51:13.349+0000] {dag.py:2585} INFO - Sync 1 DAGs
[2025-02-13T17:51:13.385+0000] {logging_mixin.py:137} INFO - [2025-02-13T17:51:13.385+0000] {dag.py:3340} INFO - Setting next_dagrun for example_local_kubernetes_executor to None, run_after=None
[2025-02-13T17:51:13.415+0000] {processor.py:176} INFO - Processing /home/airflow/.local/lib/python3.7/site-packages/airflow/example_dags/example_local_kubernetes_executor.py took 0.181 seconds
[2025-02-13T17:51:44.093+0000] {processor.py:154} INFO - Started process (PID=1727) to work on /home/airflow/.local/lib/python3.7/site-packages/airflow/example_dags/example_local_kubernetes_executor.py
[2025-02-13T17:51:44.096+0000] {processor.py:756} INFO - Processing file /home/airflow/.local/lib/python3.7/site-packages/airflow/example_dags/example_local_kubernetes_executor.py for tasks to queue
[2025-02-13T17:51:44.098+0000] {logging_mixin.py:137} INFO - [2025-02-13T17:51:44.097+0000] {dagbag.py:537} INFO - Filling up the DagBag from /home/airflow/.local/lib/python3.7/site-packages/airflow/example_dags/example_local_kubernetes_executor.py
[2025-02-13T17:51:44.139+0000] {processor.py:766} INFO - DAG(s) dict_keys(['example_local_kubernetes_executor']) retrieved from /home/airflow/.local/lib/python3.7/site-packages/airflow/example_dags/example_local_kubernetes_executor.py
[2025-02-13T17:51:44.216+0000] {logging_mixin.py:137} INFO - [2025-02-13T17:51:44.216+0000] {dag.py:2585} INFO - Sync 1 DAGs
[2025-02-13T17:51:44.266+0000] {logging_mixin.py:137} INFO - [2025-02-13T17:51:44.266+0000] {dag.py:3340} INFO - Setting next_dagrun for example_local_kubernetes_executor to None, run_after=None
[2025-02-13T17:51:44.310+0000] {processor.py:176} INFO - Processing /home/airflow/.local/lib/python3.7/site-packages/airflow/example_dags/example_local_kubernetes_executor.py took 0.222 seconds
