[2025-02-13T17:24:20.886+0000] {processor.py:154} INFO - Started process (PID=246) to work on /home/airflow/.local/lib/python3.7/site-packages/airflow/example_dags/tutorial_dag.py
[2025-02-13T17:24:20.889+0000] {processor.py:756} INFO - Processing file /home/airflow/.local/lib/python3.7/site-packages/airflow/example_dags/tutorial_dag.py for tasks to queue
[2025-02-13T17:24:20.891+0000] {logging_mixin.py:137} INFO - [2025-02-13T17:24:20.891+0000] {dagbag.py:537} INFO - Filling up the DagBag from /home/airflow/.local/lib/python3.7/site-packages/airflow/example_dags/tutorial_dag.py
[2025-02-13T17:24:20.918+0000] {processor.py:766} INFO - DAG(s) dict_keys(['tutorial_dag']) retrieved from /home/airflow/.local/lib/python3.7/site-packages/airflow/example_dags/tutorial_dag.py
[2025-02-13T17:24:21.200+0000] {logging_mixin.py:137} INFO - [2025-02-13T17:24:21.200+0000] {dag.py:2585} INFO - Sync 1 DAGs
[2025-02-13T17:24:21.241+0000] {logging_mixin.py:137} INFO - [2025-02-13T17:24:21.241+0000] {dag.py:3340} INFO - Setting next_dagrun for tutorial_dag to None, run_after=None
[2025-02-13T17:24:21.298+0000] {processor.py:176} INFO - Processing /home/airflow/.local/lib/python3.7/site-packages/airflow/example_dags/tutorial_dag.py took 0.422 seconds
[2025-02-13T17:25:21.388+0000] {processor.py:154} INFO - Started process (PID=246) to work on /home/airflow/.local/lib/python3.7/site-packages/airflow/example_dags/tutorial_dag.py
[2025-02-13T17:25:21.391+0000] {processor.py:756} INFO - Processing file /home/airflow/.local/lib/python3.7/site-packages/airflow/example_dags/tutorial_dag.py for tasks to queue
[2025-02-13T17:25:21.394+0000] {logging_mixin.py:137} INFO - [2025-02-13T17:25:21.393+0000] {dagbag.py:537} INFO - Filling up the DagBag from /home/airflow/.local/lib/python3.7/site-packages/airflow/example_dags/tutorial_dag.py
[2025-02-13T17:25:21.448+0000] {processor.py:766} INFO - DAG(s) dict_keys(['tutorial_dag']) retrieved from /home/airflow/.local/lib/python3.7/site-packages/airflow/example_dags/tutorial_dag.py
[2025-02-13T17:25:21.555+0000] {logging_mixin.py:137} INFO - [2025-02-13T17:25:21.555+0000] {dag.py:2585} INFO - Sync 1 DAGs
[2025-02-13T17:25:21.615+0000] {logging_mixin.py:137} INFO - [2025-02-13T17:25:21.615+0000] {dag.py:3340} INFO - Setting next_dagrun for tutorial_dag to None, run_after=None
[2025-02-13T17:25:21.680+0000] {processor.py:176} INFO - Processing /home/airflow/.local/lib/python3.7/site-packages/airflow/example_dags/tutorial_dag.py took 0.300 seconds
[2025-02-13T17:25:52.981+0000] {processor.py:154} INFO - Started process (PID=426) to work on /home/airflow/.local/lib/python3.7/site-packages/airflow/example_dags/tutorial_dag.py
[2025-02-13T17:25:52.984+0000] {processor.py:756} INFO - Processing file /home/airflow/.local/lib/python3.7/site-packages/airflow/example_dags/tutorial_dag.py for tasks to queue
[2025-02-13T17:25:52.987+0000] {logging_mixin.py:137} INFO - [2025-02-13T17:25:52.986+0000] {dagbag.py:537} INFO - Filling up the DagBag from /home/airflow/.local/lib/python3.7/site-packages/airflow/example_dags/tutorial_dag.py
[2025-02-13T17:25:53.020+0000] {processor.py:766} INFO - DAG(s) dict_keys(['tutorial_dag']) retrieved from /home/airflow/.local/lib/python3.7/site-packages/airflow/example_dags/tutorial_dag.py
[2025-02-13T17:25:53.139+0000] {logging_mixin.py:137} INFO - [2025-02-13T17:25:53.138+0000] {dag.py:2585} INFO - Sync 1 DAGs
[2025-02-13T17:25:53.217+0000] {logging_mixin.py:137} INFO - [2025-02-13T17:25:53.217+0000] {dag.py:3340} INFO - Setting next_dagrun for tutorial_dag to None, run_after=None
[2025-02-13T17:25:53.273+0000] {processor.py:176} INFO - Processing /home/airflow/.local/lib/python3.7/site-packages/airflow/example_dags/tutorial_dag.py took 0.297 seconds
[2025-02-13T17:26:23.964+0000] {processor.py:154} INFO - Started process (PID=609) to work on /home/airflow/.local/lib/python3.7/site-packages/airflow/example_dags/tutorial_dag.py
[2025-02-13T17:26:23.966+0000] {processor.py:756} INFO - Processing file /home/airflow/.local/lib/python3.7/site-packages/airflow/example_dags/tutorial_dag.py for tasks to queue
[2025-02-13T17:26:23.980+0000] {logging_mixin.py:137} INFO - [2025-02-13T17:26:23.980+0000] {dagbag.py:537} INFO - Filling up the DagBag from /home/airflow/.local/lib/python3.7/site-packages/airflow/example_dags/tutorial_dag.py
[2025-02-13T17:26:24.009+0000] {processor.py:766} INFO - DAG(s) dict_keys(['tutorial_dag']) retrieved from /home/airflow/.local/lib/python3.7/site-packages/airflow/example_dags/tutorial_dag.py
[2025-02-13T17:26:24.117+0000] {logging_mixin.py:137} INFO - [2025-02-13T17:26:24.117+0000] {dag.py:2585} INFO - Sync 1 DAGs
[2025-02-13T17:26:24.282+0000] {logging_mixin.py:137} INFO - [2025-02-13T17:26:24.282+0000] {dag.py:3340} INFO - Setting next_dagrun for tutorial_dag to None, run_after=None
[2025-02-13T17:26:24.344+0000] {processor.py:176} INFO - Processing /home/airflow/.local/lib/python3.7/site-packages/airflow/example_dags/tutorial_dag.py took 0.390 seconds
[2025-02-13T17:26:55.035+0000] {processor.py:154} INFO - Started process (PID=789) to work on /home/airflow/.local/lib/python3.7/site-packages/airflow/example_dags/tutorial_dag.py
[2025-02-13T17:26:55.038+0000] {processor.py:756} INFO - Processing file /home/airflow/.local/lib/python3.7/site-packages/airflow/example_dags/tutorial_dag.py for tasks to queue
[2025-02-13T17:26:55.040+0000] {logging_mixin.py:137} INFO - [2025-02-13T17:26:55.040+0000] {dagbag.py:537} INFO - Filling up the DagBag from /home/airflow/.local/lib/python3.7/site-packages/airflow/example_dags/tutorial_dag.py
[2025-02-13T17:26:55.073+0000] {processor.py:766} INFO - DAG(s) dict_keys(['tutorial_dag']) retrieved from /home/airflow/.local/lib/python3.7/site-packages/airflow/example_dags/tutorial_dag.py
[2025-02-13T17:26:55.151+0000] {logging_mixin.py:137} INFO - [2025-02-13T17:26:55.150+0000] {dag.py:2585} INFO - Sync 1 DAGs
[2025-02-13T17:26:55.225+0000] {logging_mixin.py:137} INFO - [2025-02-13T17:26:55.224+0000] {dag.py:3340} INFO - Setting next_dagrun for tutorial_dag to None, run_after=None
[2025-02-13T17:26:55.275+0000] {processor.py:176} INFO - Processing /home/airflow/.local/lib/python3.7/site-packages/airflow/example_dags/tutorial_dag.py took 0.246 seconds
[2025-02-13T17:27:25.863+0000] {processor.py:154} INFO - Started process (PID=969) to work on /home/airflow/.local/lib/python3.7/site-packages/airflow/example_dags/tutorial_dag.py
[2025-02-13T17:27:25.874+0000] {processor.py:756} INFO - Processing file /home/airflow/.local/lib/python3.7/site-packages/airflow/example_dags/tutorial_dag.py for tasks to queue
[2025-02-13T17:27:25.882+0000] {logging_mixin.py:137} INFO - [2025-02-13T17:27:25.882+0000] {dagbag.py:537} INFO - Filling up the DagBag from /home/airflow/.local/lib/python3.7/site-packages/airflow/example_dags/tutorial_dag.py
[2025-02-13T17:27:25.934+0000] {processor.py:766} INFO - DAG(s) dict_keys(['tutorial_dag']) retrieved from /home/airflow/.local/lib/python3.7/site-packages/airflow/example_dags/tutorial_dag.py
[2025-02-13T17:27:26.066+0000] {logging_mixin.py:137} INFO - [2025-02-13T17:27:26.065+0000] {dag.py:2585} INFO - Sync 1 DAGs
[2025-02-13T17:27:26.306+0000] {logging_mixin.py:137} INFO - [2025-02-13T17:27:26.306+0000] {dag.py:3340} INFO - Setting next_dagrun for tutorial_dag to None, run_after=None
[2025-02-13T17:27:26.412+0000] {processor.py:176} INFO - Processing /home/airflow/.local/lib/python3.7/site-packages/airflow/example_dags/tutorial_dag.py took 0.564 seconds
[2025-02-13T17:27:56.542+0000] {processor.py:154} INFO - Started process (PID=1149) to work on /home/airflow/.local/lib/python3.7/site-packages/airflow/example_dags/tutorial_dag.py
[2025-02-13T17:27:56.545+0000] {processor.py:756} INFO - Processing file /home/airflow/.local/lib/python3.7/site-packages/airflow/example_dags/tutorial_dag.py for tasks to queue
[2025-02-13T17:27:56.547+0000] {logging_mixin.py:137} INFO - [2025-02-13T17:27:56.547+0000] {dagbag.py:537} INFO - Filling up the DagBag from /home/airflow/.local/lib/python3.7/site-packages/airflow/example_dags/tutorial_dag.py
[2025-02-13T17:27:56.579+0000] {processor.py:766} INFO - DAG(s) dict_keys(['tutorial_dag']) retrieved from /home/airflow/.local/lib/python3.7/site-packages/airflow/example_dags/tutorial_dag.py
[2025-02-13T17:27:56.622+0000] {logging_mixin.py:137} INFO - [2025-02-13T17:27:56.621+0000] {dag.py:2585} INFO - Sync 1 DAGs
[2025-02-13T17:27:56.675+0000] {logging_mixin.py:137} INFO - [2025-02-13T17:27:56.674+0000] {dag.py:3340} INFO - Setting next_dagrun for tutorial_dag to None, run_after=None
[2025-02-13T17:27:56.726+0000] {processor.py:176} INFO - Processing /home/airflow/.local/lib/python3.7/site-packages/airflow/example_dags/tutorial_dag.py took 0.189 seconds
[2025-02-13T17:28:26.982+0000] {processor.py:154} INFO - Started process (PID=1329) to work on /home/airflow/.local/lib/python3.7/site-packages/airflow/example_dags/tutorial_dag.py
[2025-02-13T17:28:26.985+0000] {processor.py:756} INFO - Processing file /home/airflow/.local/lib/python3.7/site-packages/airflow/example_dags/tutorial_dag.py for tasks to queue
[2025-02-13T17:28:26.986+0000] {logging_mixin.py:137} INFO - [2025-02-13T17:28:26.986+0000] {dagbag.py:537} INFO - Filling up the DagBag from /home/airflow/.local/lib/python3.7/site-packages/airflow/example_dags/tutorial_dag.py
[2025-02-13T17:28:27.012+0000] {processor.py:766} INFO - DAG(s) dict_keys(['tutorial_dag']) retrieved from /home/airflow/.local/lib/python3.7/site-packages/airflow/example_dags/tutorial_dag.py
[2025-02-13T17:28:27.080+0000] {logging_mixin.py:137} INFO - [2025-02-13T17:28:27.080+0000] {dag.py:2585} INFO - Sync 1 DAGs
[2025-02-13T17:28:27.136+0000] {logging_mixin.py:137} INFO - [2025-02-13T17:28:27.136+0000] {dag.py:3340} INFO - Setting next_dagrun for tutorial_dag to None, run_after=None
[2025-02-13T17:28:27.184+0000] {processor.py:176} INFO - Processing /home/airflow/.local/lib/python3.7/site-packages/airflow/example_dags/tutorial_dag.py took 0.208 seconds
[2025-02-13T17:28:57.887+0000] {processor.py:154} INFO - Started process (PID=1509) to work on /home/airflow/.local/lib/python3.7/site-packages/airflow/example_dags/tutorial_dag.py
[2025-02-13T17:28:57.889+0000] {processor.py:756} INFO - Processing file /home/airflow/.local/lib/python3.7/site-packages/airflow/example_dags/tutorial_dag.py for tasks to queue
[2025-02-13T17:28:57.891+0000] {logging_mixin.py:137} INFO - [2025-02-13T17:28:57.891+0000] {dagbag.py:537} INFO - Filling up the DagBag from /home/airflow/.local/lib/python3.7/site-packages/airflow/example_dags/tutorial_dag.py
[2025-02-13T17:28:57.927+0000] {processor.py:766} INFO - DAG(s) dict_keys(['tutorial_dag']) retrieved from /home/airflow/.local/lib/python3.7/site-packages/airflow/example_dags/tutorial_dag.py
[2025-02-13T17:28:58.007+0000] {logging_mixin.py:137} INFO - [2025-02-13T17:28:58.007+0000] {dag.py:2585} INFO - Sync 1 DAGs
[2025-02-13T17:28:58.080+0000] {logging_mixin.py:137} INFO - [2025-02-13T17:28:58.079+0000] {dag.py:3340} INFO - Setting next_dagrun for tutorial_dag to None, run_after=None
[2025-02-13T17:28:58.139+0000] {processor.py:176} INFO - Processing /home/airflow/.local/lib/python3.7/site-packages/airflow/example_dags/tutorial_dag.py took 0.259 seconds
[2025-02-13T17:29:28.296+0000] {processor.py:154} INFO - Started process (PID=1689) to work on /home/airflow/.local/lib/python3.7/site-packages/airflow/example_dags/tutorial_dag.py
[2025-02-13T17:29:28.298+0000] {processor.py:756} INFO - Processing file /home/airflow/.local/lib/python3.7/site-packages/airflow/example_dags/tutorial_dag.py for tasks to queue
[2025-02-13T17:29:28.301+0000] {logging_mixin.py:137} INFO - [2025-02-13T17:29:28.300+0000] {dagbag.py:537} INFO - Filling up the DagBag from /home/airflow/.local/lib/python3.7/site-packages/airflow/example_dags/tutorial_dag.py
[2025-02-13T17:29:28.323+0000] {processor.py:766} INFO - DAG(s) dict_keys(['tutorial_dag']) retrieved from /home/airflow/.local/lib/python3.7/site-packages/airflow/example_dags/tutorial_dag.py
[2025-02-13T17:29:28.405+0000] {logging_mixin.py:137} INFO - [2025-02-13T17:29:28.404+0000] {dag.py:2585} INFO - Sync 1 DAGs
[2025-02-13T17:29:28.451+0000] {logging_mixin.py:137} INFO - [2025-02-13T17:29:28.450+0000] {dag.py:3340} INFO - Setting next_dagrun for tutorial_dag to None, run_after=None
[2025-02-13T17:29:28.505+0000] {processor.py:176} INFO - Processing /home/airflow/.local/lib/python3.7/site-packages/airflow/example_dags/tutorial_dag.py took 0.216 seconds
[2025-02-13T17:29:58.970+0000] {processor.py:154} INFO - Started process (PID=1867) to work on /home/airflow/.local/lib/python3.7/site-packages/airflow/example_dags/tutorial_dag.py
[2025-02-13T17:29:58.974+0000] {processor.py:756} INFO - Processing file /home/airflow/.local/lib/python3.7/site-packages/airflow/example_dags/tutorial_dag.py for tasks to queue
[2025-02-13T17:29:58.979+0000] {logging_mixin.py:137} INFO - [2025-02-13T17:29:58.979+0000] {dagbag.py:537} INFO - Filling up the DagBag from /home/airflow/.local/lib/python3.7/site-packages/airflow/example_dags/tutorial_dag.py
[2025-02-13T17:29:59.022+0000] {processor.py:766} INFO - DAG(s) dict_keys(['tutorial_dag']) retrieved from /home/airflow/.local/lib/python3.7/site-packages/airflow/example_dags/tutorial_dag.py
[2025-02-13T17:29:59.138+0000] {logging_mixin.py:137} INFO - [2025-02-13T17:29:59.137+0000] {dag.py:2585} INFO - Sync 1 DAGs
[2025-02-13T17:29:59.199+0000] {logging_mixin.py:137} INFO - [2025-02-13T17:29:59.199+0000] {dag.py:3340} INFO - Setting next_dagrun for tutorial_dag to None, run_after=None
[2025-02-13T17:29:59.278+0000] {processor.py:176} INFO - Processing /home/airflow/.local/lib/python3.7/site-packages/airflow/example_dags/tutorial_dag.py took 0.316 seconds
[2025-02-13T17:30:29.939+0000] {processor.py:154} INFO - Started process (PID=2047) to work on /home/airflow/.local/lib/python3.7/site-packages/airflow/example_dags/tutorial_dag.py
[2025-02-13T17:30:29.941+0000] {processor.py:756} INFO - Processing file /home/airflow/.local/lib/python3.7/site-packages/airflow/example_dags/tutorial_dag.py for tasks to queue
[2025-02-13T17:30:29.944+0000] {logging_mixin.py:137} INFO - [2025-02-13T17:30:29.943+0000] {dagbag.py:537} INFO - Filling up the DagBag from /home/airflow/.local/lib/python3.7/site-packages/airflow/example_dags/tutorial_dag.py
[2025-02-13T17:30:29.985+0000] {processor.py:766} INFO - DAG(s) dict_keys(['tutorial_dag']) retrieved from /home/airflow/.local/lib/python3.7/site-packages/airflow/example_dags/tutorial_dag.py
[2025-02-13T17:30:30.041+0000] {logging_mixin.py:137} INFO - [2025-02-13T17:30:30.040+0000] {dag.py:2585} INFO - Sync 1 DAGs
[2025-02-13T17:30:30.113+0000] {logging_mixin.py:137} INFO - [2025-02-13T17:30:30.113+0000] {dag.py:3340} INFO - Setting next_dagrun for tutorial_dag to None, run_after=None
[2025-02-13T17:30:30.171+0000] {processor.py:176} INFO - Processing /home/airflow/.local/lib/python3.7/site-packages/airflow/example_dags/tutorial_dag.py took 0.237 seconds
[2025-02-13T17:31:01.128+0000] {processor.py:154} INFO - Started process (PID=2226) to work on /home/airflow/.local/lib/python3.7/site-packages/airflow/example_dags/tutorial_dag.py
[2025-02-13T17:31:01.130+0000] {processor.py:756} INFO - Processing file /home/airflow/.local/lib/python3.7/site-packages/airflow/example_dags/tutorial_dag.py for tasks to queue
[2025-02-13T17:31:01.132+0000] {logging_mixin.py:137} INFO - [2025-02-13T17:31:01.131+0000] {dagbag.py:537} INFO - Filling up the DagBag from /home/airflow/.local/lib/python3.7/site-packages/airflow/example_dags/tutorial_dag.py
[2025-02-13T17:31:01.170+0000] {processor.py:766} INFO - DAG(s) dict_keys(['tutorial_dag']) retrieved from /home/airflow/.local/lib/python3.7/site-packages/airflow/example_dags/tutorial_dag.py
[2025-02-13T17:31:01.222+0000] {logging_mixin.py:137} INFO - [2025-02-13T17:31:01.221+0000] {dag.py:2585} INFO - Sync 1 DAGs
[2025-02-13T17:31:01.281+0000] {logging_mixin.py:137} INFO - [2025-02-13T17:31:01.281+0000] {dag.py:3340} INFO - Setting next_dagrun for tutorial_dag to None, run_after=None
[2025-02-13T17:31:01.328+0000] {processor.py:176} INFO - Processing /home/airflow/.local/lib/python3.7/site-packages/airflow/example_dags/tutorial_dag.py took 0.207 seconds
[2025-02-13T17:31:31.667+0000] {processor.py:154} INFO - Started process (PID=2406) to work on /home/airflow/.local/lib/python3.7/site-packages/airflow/example_dags/tutorial_dag.py
[2025-02-13T17:31:31.670+0000] {processor.py:756} INFO - Processing file /home/airflow/.local/lib/python3.7/site-packages/airflow/example_dags/tutorial_dag.py for tasks to queue
[2025-02-13T17:31:31.672+0000] {logging_mixin.py:137} INFO - [2025-02-13T17:31:31.672+0000] {dagbag.py:537} INFO - Filling up the DagBag from /home/airflow/.local/lib/python3.7/site-packages/airflow/example_dags/tutorial_dag.py
[2025-02-13T17:31:31.704+0000] {processor.py:766} INFO - DAG(s) dict_keys(['tutorial_dag']) retrieved from /home/airflow/.local/lib/python3.7/site-packages/airflow/example_dags/tutorial_dag.py
[2025-02-13T17:31:31.757+0000] {logging_mixin.py:137} INFO - [2025-02-13T17:31:31.756+0000] {dag.py:2585} INFO - Sync 1 DAGs
[2025-02-13T17:31:31.832+0000] {logging_mixin.py:137} INFO - [2025-02-13T17:31:31.831+0000] {dag.py:3340} INFO - Setting next_dagrun for tutorial_dag to None, run_after=None
[2025-02-13T17:31:31.913+0000] {processor.py:176} INFO - Processing /home/airflow/.local/lib/python3.7/site-packages/airflow/example_dags/tutorial_dag.py took 0.259 seconds
[2025-02-13T17:32:02.489+0000] {processor.py:154} INFO - Started process (PID=2589) to work on /home/airflow/.local/lib/python3.7/site-packages/airflow/example_dags/tutorial_dag.py
[2025-02-13T17:32:02.491+0000] {processor.py:756} INFO - Processing file /home/airflow/.local/lib/python3.7/site-packages/airflow/example_dags/tutorial_dag.py for tasks to queue
[2025-02-13T17:32:02.494+0000] {logging_mixin.py:137} INFO - [2025-02-13T17:32:02.494+0000] {dagbag.py:537} INFO - Filling up the DagBag from /home/airflow/.local/lib/python3.7/site-packages/airflow/example_dags/tutorial_dag.py
[2025-02-13T17:32:02.521+0000] {processor.py:766} INFO - DAG(s) dict_keys(['tutorial_dag']) retrieved from /home/airflow/.local/lib/python3.7/site-packages/airflow/example_dags/tutorial_dag.py
[2025-02-13T17:32:02.614+0000] {logging_mixin.py:137} INFO - [2025-02-13T17:32:02.613+0000] {dag.py:2585} INFO - Sync 1 DAGs
[2025-02-13T17:32:02.712+0000] {logging_mixin.py:137} INFO - [2025-02-13T17:32:02.709+0000] {dag.py:3340} INFO - Setting next_dagrun for tutorial_dag to None, run_after=None
[2025-02-13T17:32:02.821+0000] {processor.py:176} INFO - Processing /home/airflow/.local/lib/python3.7/site-packages/airflow/example_dags/tutorial_dag.py took 0.336 seconds
[2025-02-13T17:32:33.501+0000] {processor.py:154} INFO - Started process (PID=2769) to work on /home/airflow/.local/lib/python3.7/site-packages/airflow/example_dags/tutorial_dag.py
[2025-02-13T17:32:33.503+0000] {processor.py:756} INFO - Processing file /home/airflow/.local/lib/python3.7/site-packages/airflow/example_dags/tutorial_dag.py for tasks to queue
[2025-02-13T17:32:33.506+0000] {logging_mixin.py:137} INFO - [2025-02-13T17:32:33.506+0000] {dagbag.py:537} INFO - Filling up the DagBag from /home/airflow/.local/lib/python3.7/site-packages/airflow/example_dags/tutorial_dag.py
[2025-02-13T17:32:33.534+0000] {processor.py:766} INFO - DAG(s) dict_keys(['tutorial_dag']) retrieved from /home/airflow/.local/lib/python3.7/site-packages/airflow/example_dags/tutorial_dag.py
[2025-02-13T17:32:33.636+0000] {logging_mixin.py:137} INFO - [2025-02-13T17:32:33.636+0000] {dag.py:2585} INFO - Sync 1 DAGs
[2025-02-13T17:32:33.698+0000] {logging_mixin.py:137} INFO - [2025-02-13T17:32:33.698+0000] {dag.py:3340} INFO - Setting next_dagrun for tutorial_dag to None, run_after=None
[2025-02-13T17:32:33.747+0000] {processor.py:176} INFO - Processing /home/airflow/.local/lib/python3.7/site-packages/airflow/example_dags/tutorial_dag.py took 0.256 seconds
[2025-02-13T17:33:03.875+0000] {processor.py:154} INFO - Started process (PID=2946) to work on /home/airflow/.local/lib/python3.7/site-packages/airflow/example_dags/tutorial_dag.py
[2025-02-13T17:33:03.879+0000] {processor.py:756} INFO - Processing file /home/airflow/.local/lib/python3.7/site-packages/airflow/example_dags/tutorial_dag.py for tasks to queue
[2025-02-13T17:33:03.882+0000] {logging_mixin.py:137} INFO - [2025-02-13T17:33:03.881+0000] {dagbag.py:537} INFO - Filling up the DagBag from /home/airflow/.local/lib/python3.7/site-packages/airflow/example_dags/tutorial_dag.py
[2025-02-13T17:33:03.911+0000] {processor.py:766} INFO - DAG(s) dict_keys(['tutorial_dag']) retrieved from /home/airflow/.local/lib/python3.7/site-packages/airflow/example_dags/tutorial_dag.py
[2025-02-13T17:33:03.966+0000] {logging_mixin.py:137} INFO - [2025-02-13T17:33:03.965+0000] {dag.py:2585} INFO - Sync 1 DAGs
[2025-02-13T17:33:04.027+0000] {logging_mixin.py:137} INFO - [2025-02-13T17:33:04.026+0000] {dag.py:3340} INFO - Setting next_dagrun for tutorial_dag to None, run_after=None
[2025-02-13T17:33:04.097+0000] {processor.py:176} INFO - Processing /home/airflow/.local/lib/python3.7/site-packages/airflow/example_dags/tutorial_dag.py took 0.228 seconds
[2025-02-13T17:33:34.338+0000] {processor.py:154} INFO - Started process (PID=3126) to work on /home/airflow/.local/lib/python3.7/site-packages/airflow/example_dags/tutorial_dag.py
[2025-02-13T17:33:34.341+0000] {processor.py:756} INFO - Processing file /home/airflow/.local/lib/python3.7/site-packages/airflow/example_dags/tutorial_dag.py for tasks to queue
[2025-02-13T17:33:34.343+0000] {logging_mixin.py:137} INFO - [2025-02-13T17:33:34.343+0000] {dagbag.py:537} INFO - Filling up the DagBag from /home/airflow/.local/lib/python3.7/site-packages/airflow/example_dags/tutorial_dag.py
[2025-02-13T17:33:34.369+0000] {processor.py:766} INFO - DAG(s) dict_keys(['tutorial_dag']) retrieved from /home/airflow/.local/lib/python3.7/site-packages/airflow/example_dags/tutorial_dag.py
[2025-02-13T17:33:34.444+0000] {logging_mixin.py:137} INFO - [2025-02-13T17:33:34.443+0000] {dag.py:2585} INFO - Sync 1 DAGs
[2025-02-13T17:33:34.489+0000] {logging_mixin.py:137} INFO - [2025-02-13T17:33:34.489+0000] {dag.py:3340} INFO - Setting next_dagrun for tutorial_dag to None, run_after=None
[2025-02-13T17:33:34.530+0000] {processor.py:176} INFO - Processing /home/airflow/.local/lib/python3.7/site-packages/airflow/example_dags/tutorial_dag.py took 0.198 seconds
[2025-02-13T17:34:04.996+0000] {processor.py:154} INFO - Started process (PID=3306) to work on /home/airflow/.local/lib/python3.7/site-packages/airflow/example_dags/tutorial_dag.py
[2025-02-13T17:34:04.998+0000] {processor.py:756} INFO - Processing file /home/airflow/.local/lib/python3.7/site-packages/airflow/example_dags/tutorial_dag.py for tasks to queue
[2025-02-13T17:34:05.001+0000] {logging_mixin.py:137} INFO - [2025-02-13T17:34:05.000+0000] {dagbag.py:537} INFO - Filling up the DagBag from /home/airflow/.local/lib/python3.7/site-packages/airflow/example_dags/tutorial_dag.py
[2025-02-13T17:34:05.038+0000] {processor.py:766} INFO - DAG(s) dict_keys(['tutorial_dag']) retrieved from /home/airflow/.local/lib/python3.7/site-packages/airflow/example_dags/tutorial_dag.py
[2025-02-13T17:34:05.126+0000] {logging_mixin.py:137} INFO - [2025-02-13T17:34:05.125+0000] {dag.py:2585} INFO - Sync 1 DAGs
[2025-02-13T17:34:05.170+0000] {logging_mixin.py:137} INFO - [2025-02-13T17:34:05.170+0000] {dag.py:3340} INFO - Setting next_dagrun for tutorial_dag to None, run_after=None
[2025-02-13T17:34:05.233+0000] {processor.py:176} INFO - Processing /home/airflow/.local/lib/python3.7/site-packages/airflow/example_dags/tutorial_dag.py took 0.242 seconds
[2025-02-13T17:34:35.309+0000] {processor.py:154} INFO - Started process (PID=3484) to work on /home/airflow/.local/lib/python3.7/site-packages/airflow/example_dags/tutorial_dag.py
[2025-02-13T17:34:35.311+0000] {processor.py:756} INFO - Processing file /home/airflow/.local/lib/python3.7/site-packages/airflow/example_dags/tutorial_dag.py for tasks to queue
[2025-02-13T17:34:35.313+0000] {logging_mixin.py:137} INFO - [2025-02-13T17:34:35.313+0000] {dagbag.py:537} INFO - Filling up the DagBag from /home/airflow/.local/lib/python3.7/site-packages/airflow/example_dags/tutorial_dag.py
[2025-02-13T17:34:35.349+0000] {processor.py:766} INFO - DAG(s) dict_keys(['tutorial_dag']) retrieved from /home/airflow/.local/lib/python3.7/site-packages/airflow/example_dags/tutorial_dag.py
[2025-02-13T17:34:35.418+0000] {logging_mixin.py:137} INFO - [2025-02-13T17:34:35.418+0000] {dag.py:2585} INFO - Sync 1 DAGs
[2025-02-13T17:34:35.459+0000] {logging_mixin.py:137} INFO - [2025-02-13T17:34:35.459+0000] {dag.py:3340} INFO - Setting next_dagrun for tutorial_dag to None, run_after=None
[2025-02-13T17:34:35.505+0000] {processor.py:176} INFO - Processing /home/airflow/.local/lib/python3.7/site-packages/airflow/example_dags/tutorial_dag.py took 0.202 seconds
[2025-02-13T17:35:05.669+0000] {processor.py:154} INFO - Started process (PID=3664) to work on /home/airflow/.local/lib/python3.7/site-packages/airflow/example_dags/tutorial_dag.py
[2025-02-13T17:35:05.671+0000] {processor.py:756} INFO - Processing file /home/airflow/.local/lib/python3.7/site-packages/airflow/example_dags/tutorial_dag.py for tasks to queue
[2025-02-13T17:35:05.672+0000] {logging_mixin.py:137} INFO - [2025-02-13T17:35:05.672+0000] {dagbag.py:537} INFO - Filling up the DagBag from /home/airflow/.local/lib/python3.7/site-packages/airflow/example_dags/tutorial_dag.py
[2025-02-13T17:35:05.694+0000] {processor.py:766} INFO - DAG(s) dict_keys(['tutorial_dag']) retrieved from /home/airflow/.local/lib/python3.7/site-packages/airflow/example_dags/tutorial_dag.py
[2025-02-13T17:35:05.783+0000] {logging_mixin.py:137} INFO - [2025-02-13T17:35:05.783+0000] {dag.py:2585} INFO - Sync 1 DAGs
[2025-02-13T17:35:05.850+0000] {logging_mixin.py:137} INFO - [2025-02-13T17:35:05.849+0000] {dag.py:3340} INFO - Setting next_dagrun for tutorial_dag to None, run_after=None
[2025-02-13T17:35:05.921+0000] {processor.py:176} INFO - Processing /home/airflow/.local/lib/python3.7/site-packages/airflow/example_dags/tutorial_dag.py took 0.258 seconds
[2025-02-13T17:35:36.274+0000] {processor.py:154} INFO - Started process (PID=3844) to work on /home/airflow/.local/lib/python3.7/site-packages/airflow/example_dags/tutorial_dag.py
[2025-02-13T17:35:36.276+0000] {processor.py:756} INFO - Processing file /home/airflow/.local/lib/python3.7/site-packages/airflow/example_dags/tutorial_dag.py for tasks to queue
[2025-02-13T17:35:36.277+0000] {logging_mixin.py:137} INFO - [2025-02-13T17:35:36.277+0000] {dagbag.py:537} INFO - Filling up the DagBag from /home/airflow/.local/lib/python3.7/site-packages/airflow/example_dags/tutorial_dag.py
[2025-02-13T17:35:36.298+0000] {processor.py:766} INFO - DAG(s) dict_keys(['tutorial_dag']) retrieved from /home/airflow/.local/lib/python3.7/site-packages/airflow/example_dags/tutorial_dag.py
[2025-02-13T17:35:36.368+0000] {logging_mixin.py:137} INFO - [2025-02-13T17:35:36.368+0000] {dag.py:2585} INFO - Sync 1 DAGs
[2025-02-13T17:35:36.415+0000] {logging_mixin.py:137} INFO - [2025-02-13T17:35:36.415+0000] {dag.py:3340} INFO - Setting next_dagrun for tutorial_dag to None, run_after=None
[2025-02-13T17:35:36.449+0000] {processor.py:176} INFO - Processing /home/airflow/.local/lib/python3.7/site-packages/airflow/example_dags/tutorial_dag.py took 0.181 seconds
[2025-02-13T17:36:06.683+0000] {processor.py:154} INFO - Started process (PID=4024) to work on /home/airflow/.local/lib/python3.7/site-packages/airflow/example_dags/tutorial_dag.py
[2025-02-13T17:36:06.685+0000] {processor.py:756} INFO - Processing file /home/airflow/.local/lib/python3.7/site-packages/airflow/example_dags/tutorial_dag.py for tasks to queue
[2025-02-13T17:36:06.687+0000] {logging_mixin.py:137} INFO - [2025-02-13T17:36:06.687+0000] {dagbag.py:537} INFO - Filling up the DagBag from /home/airflow/.local/lib/python3.7/site-packages/airflow/example_dags/tutorial_dag.py
[2025-02-13T17:36:06.711+0000] {processor.py:766} INFO - DAG(s) dict_keys(['tutorial_dag']) retrieved from /home/airflow/.local/lib/python3.7/site-packages/airflow/example_dags/tutorial_dag.py
[2025-02-13T17:36:06.787+0000] {logging_mixin.py:137} INFO - [2025-02-13T17:36:06.787+0000] {dag.py:2585} INFO - Sync 1 DAGs
[2025-02-13T17:36:06.833+0000] {logging_mixin.py:137} INFO - [2025-02-13T17:36:06.833+0000] {dag.py:3340} INFO - Setting next_dagrun for tutorial_dag to None, run_after=None
[2025-02-13T17:36:06.870+0000] {processor.py:176} INFO - Processing /home/airflow/.local/lib/python3.7/site-packages/airflow/example_dags/tutorial_dag.py took 0.192 seconds
[2025-02-13T17:36:37.109+0000] {processor.py:154} INFO - Started process (PID=4204) to work on /home/airflow/.local/lib/python3.7/site-packages/airflow/example_dags/tutorial_dag.py
[2025-02-13T17:36:37.111+0000] {processor.py:756} INFO - Processing file /home/airflow/.local/lib/python3.7/site-packages/airflow/example_dags/tutorial_dag.py for tasks to queue
[2025-02-13T17:36:37.115+0000] {logging_mixin.py:137} INFO - [2025-02-13T17:36:37.114+0000] {dagbag.py:537} INFO - Filling up the DagBag from /home/airflow/.local/lib/python3.7/site-packages/airflow/example_dags/tutorial_dag.py
[2025-02-13T17:36:37.136+0000] {processor.py:766} INFO - DAG(s) dict_keys(['tutorial_dag']) retrieved from /home/airflow/.local/lib/python3.7/site-packages/airflow/example_dags/tutorial_dag.py
[2025-02-13T17:36:37.208+0000] {logging_mixin.py:137} INFO - [2025-02-13T17:36:37.208+0000] {dag.py:2585} INFO - Sync 1 DAGs
[2025-02-13T17:36:37.253+0000] {logging_mixin.py:137} INFO - [2025-02-13T17:36:37.253+0000] {dag.py:3340} INFO - Setting next_dagrun for tutorial_dag to None, run_after=None
[2025-02-13T17:36:37.294+0000] {processor.py:176} INFO - Processing /home/airflow/.local/lib/python3.7/site-packages/airflow/example_dags/tutorial_dag.py took 0.192 seconds
[2025-02-13T17:37:07.476+0000] {processor.py:154} INFO - Started process (PID=4384) to work on /home/airflow/.local/lib/python3.7/site-packages/airflow/example_dags/tutorial_dag.py
[2025-02-13T17:37:07.478+0000] {processor.py:756} INFO - Processing file /home/airflow/.local/lib/python3.7/site-packages/airflow/example_dags/tutorial_dag.py for tasks to queue
[2025-02-13T17:37:07.479+0000] {logging_mixin.py:137} INFO - [2025-02-13T17:37:07.479+0000] {dagbag.py:537} INFO - Filling up the DagBag from /home/airflow/.local/lib/python3.7/site-packages/airflow/example_dags/tutorial_dag.py
[2025-02-13T17:37:07.501+0000] {processor.py:766} INFO - DAG(s) dict_keys(['tutorial_dag']) retrieved from /home/airflow/.local/lib/python3.7/site-packages/airflow/example_dags/tutorial_dag.py
[2025-02-13T17:37:07.569+0000] {logging_mixin.py:137} INFO - [2025-02-13T17:37:07.568+0000] {dag.py:2585} INFO - Sync 1 DAGs
[2025-02-13T17:37:07.610+0000] {logging_mixin.py:137} INFO - [2025-02-13T17:37:07.609+0000] {dag.py:3340} INFO - Setting next_dagrun for tutorial_dag to None, run_after=None
[2025-02-13T17:37:07.646+0000] {processor.py:176} INFO - Processing /home/airflow/.local/lib/python3.7/site-packages/airflow/example_dags/tutorial_dag.py took 0.176 seconds
[2025-02-13T17:37:38.043+0000] {processor.py:154} INFO - Started process (PID=4562) to work on /home/airflow/.local/lib/python3.7/site-packages/airflow/example_dags/tutorial_dag.py
[2025-02-13T17:37:38.044+0000] {processor.py:756} INFO - Processing file /home/airflow/.local/lib/python3.7/site-packages/airflow/example_dags/tutorial_dag.py for tasks to queue
[2025-02-13T17:37:38.046+0000] {logging_mixin.py:137} INFO - [2025-02-13T17:37:38.045+0000] {dagbag.py:537} INFO - Filling up the DagBag from /home/airflow/.local/lib/python3.7/site-packages/airflow/example_dags/tutorial_dag.py
[2025-02-13T17:37:38.066+0000] {processor.py:766} INFO - DAG(s) dict_keys(['tutorial_dag']) retrieved from /home/airflow/.local/lib/python3.7/site-packages/airflow/example_dags/tutorial_dag.py
[2025-02-13T17:37:38.132+0000] {logging_mixin.py:137} INFO - [2025-02-13T17:37:38.132+0000] {dag.py:2585} INFO - Sync 1 DAGs
[2025-02-13T17:37:38.178+0000] {logging_mixin.py:137} INFO - [2025-02-13T17:37:38.177+0000] {dag.py:3340} INFO - Setting next_dagrun for tutorial_dag to None, run_after=None
[2025-02-13T17:37:38.233+0000] {processor.py:176} INFO - Processing /home/airflow/.local/lib/python3.7/site-packages/airflow/example_dags/tutorial_dag.py took 0.195 seconds
[2025-02-13T17:38:08.868+0000] {processor.py:154} INFO - Started process (PID=4744) to work on /home/airflow/.local/lib/python3.7/site-packages/airflow/example_dags/tutorial_dag.py
[2025-02-13T17:38:08.870+0000] {processor.py:756} INFO - Processing file /home/airflow/.local/lib/python3.7/site-packages/airflow/example_dags/tutorial_dag.py for tasks to queue
[2025-02-13T17:38:08.872+0000] {logging_mixin.py:137} INFO - [2025-02-13T17:38:08.872+0000] {dagbag.py:537} INFO - Filling up the DagBag from /home/airflow/.local/lib/python3.7/site-packages/airflow/example_dags/tutorial_dag.py
[2025-02-13T17:38:08.896+0000] {processor.py:766} INFO - DAG(s) dict_keys(['tutorial_dag']) retrieved from /home/airflow/.local/lib/python3.7/site-packages/airflow/example_dags/tutorial_dag.py
[2025-02-13T17:38:08.972+0000] {logging_mixin.py:137} INFO - [2025-02-13T17:38:08.971+0000] {dag.py:2585} INFO - Sync 1 DAGs
[2025-02-13T17:38:09.024+0000] {logging_mixin.py:137} INFO - [2025-02-13T17:38:09.023+0000] {dag.py:3340} INFO - Setting next_dagrun for tutorial_dag to None, run_after=None
[2025-02-13T17:38:09.066+0000] {processor.py:176} INFO - Processing /home/airflow/.local/lib/python3.7/site-packages/airflow/example_dags/tutorial_dag.py took 0.205 seconds
[2025-02-13T17:38:39.815+0000] {processor.py:154} INFO - Started process (PID=4924) to work on /home/airflow/.local/lib/python3.7/site-packages/airflow/example_dags/tutorial_dag.py
[2025-02-13T17:38:39.818+0000] {processor.py:756} INFO - Processing file /home/airflow/.local/lib/python3.7/site-packages/airflow/example_dags/tutorial_dag.py for tasks to queue
[2025-02-13T17:38:39.821+0000] {logging_mixin.py:137} INFO - [2025-02-13T17:38:39.821+0000] {dagbag.py:537} INFO - Filling up the DagBag from /home/airflow/.local/lib/python3.7/site-packages/airflow/example_dags/tutorial_dag.py
[2025-02-13T17:38:39.866+0000] {processor.py:766} INFO - DAG(s) dict_keys(['tutorial_dag']) retrieved from /home/airflow/.local/lib/python3.7/site-packages/airflow/example_dags/tutorial_dag.py
[2025-02-13T17:38:39.949+0000] {logging_mixin.py:137} INFO - [2025-02-13T17:38:39.949+0000] {dag.py:2585} INFO - Sync 1 DAGs
[2025-02-13T17:38:39.997+0000] {logging_mixin.py:137} INFO - [2025-02-13T17:38:39.996+0000] {dag.py:3340} INFO - Setting next_dagrun for tutorial_dag to None, run_after=None
[2025-02-13T17:38:40.038+0000] {processor.py:176} INFO - Processing /home/airflow/.local/lib/python3.7/site-packages/airflow/example_dags/tutorial_dag.py took 0.238 seconds
[2025-02-13T17:39:40.187+0000] {processor.py:154} INFO - Started process (PID=5109) to work on /home/airflow/.local/lib/python3.7/site-packages/airflow/example_dags/tutorial_dag.py
[2025-02-13T17:39:40.189+0000] {processor.py:756} INFO - Processing file /home/airflow/.local/lib/python3.7/site-packages/airflow/example_dags/tutorial_dag.py for tasks to queue
[2025-02-13T17:39:40.190+0000] {logging_mixin.py:137} INFO - [2025-02-13T17:39:40.190+0000] {dagbag.py:537} INFO - Filling up the DagBag from /home/airflow/.local/lib/python3.7/site-packages/airflow/example_dags/tutorial_dag.py
[2025-02-13T17:39:40.210+0000] {processor.py:766} INFO - DAG(s) dict_keys(['tutorial_dag']) retrieved from /home/airflow/.local/lib/python3.7/site-packages/airflow/example_dags/tutorial_dag.py
[2025-02-13T17:39:40.261+0000] {logging_mixin.py:137} INFO - [2025-02-13T17:39:40.261+0000] {dag.py:2585} INFO - Sync 1 DAGs
[2025-02-13T17:39:40.308+0000] {logging_mixin.py:137} INFO - [2025-02-13T17:39:40.308+0000] {dag.py:3340} INFO - Setting next_dagrun for tutorial_dag to None, run_after=None
[2025-02-13T17:39:40.342+0000] {processor.py:176} INFO - Processing /home/airflow/.local/lib/python3.7/site-packages/airflow/example_dags/tutorial_dag.py took 0.161 seconds
[2025-02-13T17:40:11.152+0000] {processor.py:154} INFO - Started process (PID=5289) to work on /home/airflow/.local/lib/python3.7/site-packages/airflow/example_dags/tutorial_dag.py
[2025-02-13T17:40:11.155+0000] {processor.py:756} INFO - Processing file /home/airflow/.local/lib/python3.7/site-packages/airflow/example_dags/tutorial_dag.py for tasks to queue
[2025-02-13T17:40:11.159+0000] {logging_mixin.py:137} INFO - [2025-02-13T17:40:11.158+0000] {dagbag.py:537} INFO - Filling up the DagBag from /home/airflow/.local/lib/python3.7/site-packages/airflow/example_dags/tutorial_dag.py
[2025-02-13T17:40:11.180+0000] {processor.py:766} INFO - DAG(s) dict_keys(['tutorial_dag']) retrieved from /home/airflow/.local/lib/python3.7/site-packages/airflow/example_dags/tutorial_dag.py
[2025-02-13T17:40:11.270+0000] {logging_mixin.py:137} INFO - [2025-02-13T17:40:11.269+0000] {dag.py:2585} INFO - Sync 1 DAGs
[2025-02-13T17:40:11.314+0000] {logging_mixin.py:137} INFO - [2025-02-13T17:40:11.313+0000] {dag.py:3340} INFO - Setting next_dagrun for tutorial_dag to None, run_after=None
[2025-02-13T17:40:11.355+0000] {processor.py:176} INFO - Processing /home/airflow/.local/lib/python3.7/site-packages/airflow/example_dags/tutorial_dag.py took 0.209 seconds
[2025-02-13T17:40:42.020+0000] {processor.py:154} INFO - Started process (PID=5471) to work on /home/airflow/.local/lib/python3.7/site-packages/airflow/example_dags/tutorial_dag.py
[2025-02-13T17:40:42.022+0000] {processor.py:756} INFO - Processing file /home/airflow/.local/lib/python3.7/site-packages/airflow/example_dags/tutorial_dag.py for tasks to queue
[2025-02-13T17:40:42.024+0000] {logging_mixin.py:137} INFO - [2025-02-13T17:40:42.023+0000] {dagbag.py:537} INFO - Filling up the DagBag from /home/airflow/.local/lib/python3.7/site-packages/airflow/example_dags/tutorial_dag.py
[2025-02-13T17:40:42.059+0000] {processor.py:766} INFO - DAG(s) dict_keys(['tutorial_dag']) retrieved from /home/airflow/.local/lib/python3.7/site-packages/airflow/example_dags/tutorial_dag.py
[2025-02-13T17:40:42.164+0000] {logging_mixin.py:137} INFO - [2025-02-13T17:40:42.164+0000] {dag.py:2585} INFO - Sync 1 DAGs
[2025-02-13T17:40:42.209+0000] {logging_mixin.py:137} INFO - [2025-02-13T17:40:42.209+0000] {dag.py:3340} INFO - Setting next_dagrun for tutorial_dag to None, run_after=None
[2025-02-13T17:40:42.265+0000] {processor.py:176} INFO - Processing /home/airflow/.local/lib/python3.7/site-packages/airflow/example_dags/tutorial_dag.py took 0.254 seconds
[2025-02-13T17:41:13.121+0000] {processor.py:154} INFO - Started process (PID=5649) to work on /home/airflow/.local/lib/python3.7/site-packages/airflow/example_dags/tutorial_dag.py
[2025-02-13T17:41:13.123+0000] {processor.py:756} INFO - Processing file /home/airflow/.local/lib/python3.7/site-packages/airflow/example_dags/tutorial_dag.py for tasks to queue
[2025-02-13T17:41:13.125+0000] {logging_mixin.py:137} INFO - [2025-02-13T17:41:13.125+0000] {dagbag.py:537} INFO - Filling up the DagBag from /home/airflow/.local/lib/python3.7/site-packages/airflow/example_dags/tutorial_dag.py
[2025-02-13T17:41:13.148+0000] {processor.py:766} INFO - DAG(s) dict_keys(['tutorial_dag']) retrieved from /home/airflow/.local/lib/python3.7/site-packages/airflow/example_dags/tutorial_dag.py
[2025-02-13T17:41:13.224+0000] {logging_mixin.py:137} INFO - [2025-02-13T17:41:13.223+0000] {dag.py:2585} INFO - Sync 1 DAGs
[2025-02-13T17:41:13.282+0000] {logging_mixin.py:137} INFO - [2025-02-13T17:41:13.281+0000] {dag.py:3340} INFO - Setting next_dagrun for tutorial_dag to None, run_after=None
[2025-02-13T17:41:13.321+0000] {processor.py:176} INFO - Processing /home/airflow/.local/lib/python3.7/site-packages/airflow/example_dags/tutorial_dag.py took 0.205 seconds
[2025-02-13T17:41:43.813+0000] {processor.py:154} INFO - Started process (PID=5831) to work on /home/airflow/.local/lib/python3.7/site-packages/airflow/example_dags/tutorial_dag.py
[2025-02-13T17:41:43.815+0000] {processor.py:756} INFO - Processing file /home/airflow/.local/lib/python3.7/site-packages/airflow/example_dags/tutorial_dag.py for tasks to queue
[2025-02-13T17:41:43.816+0000] {logging_mixin.py:137} INFO - [2025-02-13T17:41:43.816+0000] {dagbag.py:537} INFO - Filling up the DagBag from /home/airflow/.local/lib/python3.7/site-packages/airflow/example_dags/tutorial_dag.py
[2025-02-13T17:41:43.832+0000] {processor.py:766} INFO - DAG(s) dict_keys(['tutorial_dag']) retrieved from /home/airflow/.local/lib/python3.7/site-packages/airflow/example_dags/tutorial_dag.py
[2025-02-13T17:41:43.888+0000] {logging_mixin.py:137} INFO - [2025-02-13T17:41:43.888+0000] {dag.py:2585} INFO - Sync 1 DAGs
[2025-02-13T17:41:43.922+0000] {logging_mixin.py:137} INFO - [2025-02-13T17:41:43.922+0000] {dag.py:3340} INFO - Setting next_dagrun for tutorial_dag to None, run_after=None
[2025-02-13T17:41:43.957+0000] {processor.py:176} INFO - Processing /home/airflow/.local/lib/python3.7/site-packages/airflow/example_dags/tutorial_dag.py took 0.148 seconds
[2025-02-13T17:42:14.231+0000] {processor.py:154} INFO - Started process (PID=6011) to work on /home/airflow/.local/lib/python3.7/site-packages/airflow/example_dags/tutorial_dag.py
[2025-02-13T17:42:14.233+0000] {processor.py:756} INFO - Processing file /home/airflow/.local/lib/python3.7/site-packages/airflow/example_dags/tutorial_dag.py for tasks to queue
[2025-02-13T17:42:14.236+0000] {logging_mixin.py:137} INFO - [2025-02-13T17:42:14.235+0000] {dagbag.py:537} INFO - Filling up the DagBag from /home/airflow/.local/lib/python3.7/site-packages/airflow/example_dags/tutorial_dag.py
[2025-02-13T17:42:14.263+0000] {processor.py:766} INFO - DAG(s) dict_keys(['tutorial_dag']) retrieved from /home/airflow/.local/lib/python3.7/site-packages/airflow/example_dags/tutorial_dag.py
[2025-02-13T17:42:14.332+0000] {logging_mixin.py:137} INFO - [2025-02-13T17:42:14.332+0000] {dag.py:2585} INFO - Sync 1 DAGs
[2025-02-13T17:42:14.370+0000] {logging_mixin.py:137} INFO - [2025-02-13T17:42:14.370+0000] {dag.py:3340} INFO - Setting next_dagrun for tutorial_dag to None, run_after=None
[2025-02-13T17:42:14.410+0000] {processor.py:176} INFO - Processing /home/airflow/.local/lib/python3.7/site-packages/airflow/example_dags/tutorial_dag.py took 0.184 seconds
[2025-02-13T17:42:45.375+0000] {processor.py:154} INFO - Started process (PID=6191) to work on /home/airflow/.local/lib/python3.7/site-packages/airflow/example_dags/tutorial_dag.py
[2025-02-13T17:42:45.376+0000] {processor.py:756} INFO - Processing file /home/airflow/.local/lib/python3.7/site-packages/airflow/example_dags/tutorial_dag.py for tasks to queue
[2025-02-13T17:42:45.377+0000] {logging_mixin.py:137} INFO - [2025-02-13T17:42:45.377+0000] {dagbag.py:537} INFO - Filling up the DagBag from /home/airflow/.local/lib/python3.7/site-packages/airflow/example_dags/tutorial_dag.py
[2025-02-13T17:42:45.393+0000] {processor.py:766} INFO - DAG(s) dict_keys(['tutorial_dag']) retrieved from /home/airflow/.local/lib/python3.7/site-packages/airflow/example_dags/tutorial_dag.py
[2025-02-13T17:42:45.451+0000] {logging_mixin.py:137} INFO - [2025-02-13T17:42:45.451+0000] {dag.py:2585} INFO - Sync 1 DAGs
[2025-02-13T17:42:45.493+0000] {logging_mixin.py:137} INFO - [2025-02-13T17:42:45.493+0000] {dag.py:3340} INFO - Setting next_dagrun for tutorial_dag to None, run_after=None
[2025-02-13T17:42:45.526+0000] {processor.py:176} INFO - Processing /home/airflow/.local/lib/python3.7/site-packages/airflow/example_dags/tutorial_dag.py took 0.155 seconds
[2025-02-13T17:43:16.144+0000] {processor.py:154} INFO - Started process (PID=6371) to work on /home/airflow/.local/lib/python3.7/site-packages/airflow/example_dags/tutorial_dag.py
[2025-02-13T17:43:16.146+0000] {processor.py:756} INFO - Processing file /home/airflow/.local/lib/python3.7/site-packages/airflow/example_dags/tutorial_dag.py for tasks to queue
[2025-02-13T17:43:16.148+0000] {logging_mixin.py:137} INFO - [2025-02-13T17:43:16.148+0000] {dagbag.py:537} INFO - Filling up the DagBag from /home/airflow/.local/lib/python3.7/site-packages/airflow/example_dags/tutorial_dag.py
[2025-02-13T17:43:16.169+0000] {processor.py:766} INFO - DAG(s) dict_keys(['tutorial_dag']) retrieved from /home/airflow/.local/lib/python3.7/site-packages/airflow/example_dags/tutorial_dag.py
[2025-02-13T17:43:16.242+0000] {logging_mixin.py:137} INFO - [2025-02-13T17:43:16.241+0000] {dag.py:2585} INFO - Sync 1 DAGs
[2025-02-13T17:43:16.284+0000] {logging_mixin.py:137} INFO - [2025-02-13T17:43:16.284+0000] {dag.py:3340} INFO - Setting next_dagrun for tutorial_dag to None, run_after=None
[2025-02-13T17:43:16.322+0000] {processor.py:176} INFO - Processing /home/airflow/.local/lib/python3.7/site-packages/airflow/example_dags/tutorial_dag.py took 0.184 seconds
[2025-02-13T17:43:46.734+0000] {processor.py:154} INFO - Started process (PID=6551) to work on /home/airflow/.local/lib/python3.7/site-packages/airflow/example_dags/tutorial_dag.py
[2025-02-13T17:43:46.736+0000] {processor.py:756} INFO - Processing file /home/airflow/.local/lib/python3.7/site-packages/airflow/example_dags/tutorial_dag.py for tasks to queue
[2025-02-13T17:43:46.737+0000] {logging_mixin.py:137} INFO - [2025-02-13T17:43:46.737+0000] {dagbag.py:537} INFO - Filling up the DagBag from /home/airflow/.local/lib/python3.7/site-packages/airflow/example_dags/tutorial_dag.py
[2025-02-13T17:43:46.762+0000] {processor.py:766} INFO - DAG(s) dict_keys(['tutorial_dag']) retrieved from /home/airflow/.local/lib/python3.7/site-packages/airflow/example_dags/tutorial_dag.py
[2025-02-13T17:43:46.835+0000] {logging_mixin.py:137} INFO - [2025-02-13T17:43:46.835+0000] {dag.py:2585} INFO - Sync 1 DAGs
[2025-02-13T17:43:46.879+0000] {logging_mixin.py:137} INFO - [2025-02-13T17:43:46.878+0000] {dag.py:3340} INFO - Setting next_dagrun for tutorial_dag to None, run_after=None
[2025-02-13T17:43:46.950+0000] {processor.py:176} INFO - Processing /home/airflow/.local/lib/python3.7/site-packages/airflow/example_dags/tutorial_dag.py took 0.221 seconds
[2025-02-13T17:44:17.312+0000] {processor.py:154} INFO - Started process (PID=6731) to work on /home/airflow/.local/lib/python3.7/site-packages/airflow/example_dags/tutorial_dag.py
[2025-02-13T17:44:17.314+0000] {processor.py:756} INFO - Processing file /home/airflow/.local/lib/python3.7/site-packages/airflow/example_dags/tutorial_dag.py for tasks to queue
[2025-02-13T17:44:17.316+0000] {logging_mixin.py:137} INFO - [2025-02-13T17:44:17.316+0000] {dagbag.py:537} INFO - Filling up the DagBag from /home/airflow/.local/lib/python3.7/site-packages/airflow/example_dags/tutorial_dag.py
[2025-02-13T17:44:17.340+0000] {processor.py:766} INFO - DAG(s) dict_keys(['tutorial_dag']) retrieved from /home/airflow/.local/lib/python3.7/site-packages/airflow/example_dags/tutorial_dag.py
[2025-02-13T17:44:17.410+0000] {logging_mixin.py:137} INFO - [2025-02-13T17:44:17.410+0000] {dag.py:2585} INFO - Sync 1 DAGs
[2025-02-13T17:44:17.453+0000] {logging_mixin.py:137} INFO - [2025-02-13T17:44:17.453+0000] {dag.py:3340} INFO - Setting next_dagrun for tutorial_dag to None, run_after=None
[2025-02-13T17:44:17.495+0000] {processor.py:176} INFO - Processing /home/airflow/.local/lib/python3.7/site-packages/airflow/example_dags/tutorial_dag.py took 0.188 seconds
[2025-02-13T17:44:47.828+0000] {processor.py:154} INFO - Started process (PID=6911) to work on /home/airflow/.local/lib/python3.7/site-packages/airflow/example_dags/tutorial_dag.py
[2025-02-13T17:44:47.830+0000] {processor.py:756} INFO - Processing file /home/airflow/.local/lib/python3.7/site-packages/airflow/example_dags/tutorial_dag.py for tasks to queue
[2025-02-13T17:44:47.832+0000] {logging_mixin.py:137} INFO - [2025-02-13T17:44:47.832+0000] {dagbag.py:537} INFO - Filling up the DagBag from /home/airflow/.local/lib/python3.7/site-packages/airflow/example_dags/tutorial_dag.py
[2025-02-13T17:44:47.861+0000] {processor.py:766} INFO - DAG(s) dict_keys(['tutorial_dag']) retrieved from /home/airflow/.local/lib/python3.7/site-packages/airflow/example_dags/tutorial_dag.py
[2025-02-13T17:44:47.948+0000] {logging_mixin.py:137} INFO - [2025-02-13T17:44:47.948+0000] {dag.py:2585} INFO - Sync 1 DAGs
[2025-02-13T17:44:48.007+0000] {logging_mixin.py:137} INFO - [2025-02-13T17:44:48.006+0000] {dag.py:3340} INFO - Setting next_dagrun for tutorial_dag to None, run_after=None
[2025-02-13T17:44:48.069+0000] {processor.py:176} INFO - Processing /home/airflow/.local/lib/python3.7/site-packages/airflow/example_dags/tutorial_dag.py took 0.250 seconds
[2025-02-13T17:45:18.243+0000] {processor.py:154} INFO - Started process (PID=7091) to work on /home/airflow/.local/lib/python3.7/site-packages/airflow/example_dags/tutorial_dag.py
[2025-02-13T17:45:18.244+0000] {processor.py:756} INFO - Processing file /home/airflow/.local/lib/python3.7/site-packages/airflow/example_dags/tutorial_dag.py for tasks to queue
[2025-02-13T17:45:18.247+0000] {logging_mixin.py:137} INFO - [2025-02-13T17:45:18.247+0000] {dagbag.py:537} INFO - Filling up the DagBag from /home/airflow/.local/lib/python3.7/site-packages/airflow/example_dags/tutorial_dag.py
[2025-02-13T17:45:18.287+0000] {processor.py:766} INFO - DAG(s) dict_keys(['tutorial_dag']) retrieved from /home/airflow/.local/lib/python3.7/site-packages/airflow/example_dags/tutorial_dag.py
[2025-02-13T17:45:18.362+0000] {logging_mixin.py:137} INFO - [2025-02-13T17:45:18.362+0000] {dag.py:2585} INFO - Sync 1 DAGs
[2025-02-13T17:45:18.404+0000] {logging_mixin.py:137} INFO - [2025-02-13T17:45:18.404+0000] {dag.py:3340} INFO - Setting next_dagrun for tutorial_dag to None, run_after=None
[2025-02-13T17:45:18.458+0000] {processor.py:176} INFO - Processing /home/airflow/.local/lib/python3.7/site-packages/airflow/example_dags/tutorial_dag.py took 0.222 seconds
[2025-02-13T17:45:48.667+0000] {processor.py:154} INFO - Started process (PID=7271) to work on /home/airflow/.local/lib/python3.7/site-packages/airflow/example_dags/tutorial_dag.py
[2025-02-13T17:45:48.669+0000] {processor.py:756} INFO - Processing file /home/airflow/.local/lib/python3.7/site-packages/airflow/example_dags/tutorial_dag.py for tasks to queue
[2025-02-13T17:45:48.671+0000] {logging_mixin.py:137} INFO - [2025-02-13T17:45:48.671+0000] {dagbag.py:537} INFO - Filling up the DagBag from /home/airflow/.local/lib/python3.7/site-packages/airflow/example_dags/tutorial_dag.py
[2025-02-13T17:45:48.688+0000] {processor.py:766} INFO - DAG(s) dict_keys(['tutorial_dag']) retrieved from /home/airflow/.local/lib/python3.7/site-packages/airflow/example_dags/tutorial_dag.py
[2025-02-13T17:45:48.739+0000] {logging_mixin.py:137} INFO - [2025-02-13T17:45:48.739+0000] {dag.py:2585} INFO - Sync 1 DAGs
[2025-02-13T17:45:48.771+0000] {logging_mixin.py:137} INFO - [2025-02-13T17:45:48.771+0000] {dag.py:3340} INFO - Setting next_dagrun for tutorial_dag to None, run_after=None
[2025-02-13T17:45:48.806+0000] {processor.py:176} INFO - Processing /home/airflow/.local/lib/python3.7/site-packages/airflow/example_dags/tutorial_dag.py took 0.144 seconds
[2025-02-13T17:47:36.545+0000] {processor.py:154} INFO - Started process (PID=246) to work on /home/airflow/.local/lib/python3.7/site-packages/airflow/example_dags/tutorial_dag.py
[2025-02-13T17:47:36.548+0000] {processor.py:756} INFO - Processing file /home/airflow/.local/lib/python3.7/site-packages/airflow/example_dags/tutorial_dag.py for tasks to queue
[2025-02-13T17:47:36.550+0000] {logging_mixin.py:137} INFO - [2025-02-13T17:47:36.550+0000] {dagbag.py:537} INFO - Filling up the DagBag from /home/airflow/.local/lib/python3.7/site-packages/airflow/example_dags/tutorial_dag.py
[2025-02-13T17:47:36.582+0000] {processor.py:766} INFO - DAG(s) dict_keys(['tutorial_dag']) retrieved from /home/airflow/.local/lib/python3.7/site-packages/airflow/example_dags/tutorial_dag.py
[2025-02-13T17:47:36.670+0000] {logging_mixin.py:137} INFO - [2025-02-13T17:47:36.670+0000] {dag.py:2585} INFO - Sync 1 DAGs
[2025-02-13T17:47:36.731+0000] {logging_mixin.py:137} INFO - [2025-02-13T17:47:36.730+0000] {dag.py:3340} INFO - Setting next_dagrun for tutorial_dag to None, run_after=None
[2025-02-13T17:47:36.789+0000] {processor.py:176} INFO - Processing /home/airflow/.local/lib/python3.7/site-packages/airflow/example_dags/tutorial_dag.py took 0.254 seconds
[2025-02-13T17:48:06.979+0000] {processor.py:154} INFO - Started process (PID=428) to work on /home/airflow/.local/lib/python3.7/site-packages/airflow/example_dags/tutorial_dag.py
[2025-02-13T17:48:06.982+0000] {processor.py:756} INFO - Processing file /home/airflow/.local/lib/python3.7/site-packages/airflow/example_dags/tutorial_dag.py for tasks to queue
[2025-02-13T17:48:06.983+0000] {logging_mixin.py:137} INFO - [2025-02-13T17:48:06.983+0000] {dagbag.py:537} INFO - Filling up the DagBag from /home/airflow/.local/lib/python3.7/site-packages/airflow/example_dags/tutorial_dag.py
[2025-02-13T17:48:07.004+0000] {processor.py:766} INFO - DAG(s) dict_keys(['tutorial_dag']) retrieved from /home/airflow/.local/lib/python3.7/site-packages/airflow/example_dags/tutorial_dag.py
[2025-02-13T17:48:07.043+0000] {logging_mixin.py:137} INFO - [2025-02-13T17:48:07.043+0000] {dag.py:2585} INFO - Sync 1 DAGs
[2025-02-13T17:48:07.083+0000] {logging_mixin.py:137} INFO - [2025-02-13T17:48:07.083+0000] {dag.py:3340} INFO - Setting next_dagrun for tutorial_dag to None, run_after=None
[2025-02-13T17:48:07.137+0000] {processor.py:176} INFO - Processing /home/airflow/.local/lib/python3.7/site-packages/airflow/example_dags/tutorial_dag.py took 0.166 seconds
[2025-02-13T17:48:37.408+0000] {processor.py:154} INFO - Started process (PID=607) to work on /home/airflow/.local/lib/python3.7/site-packages/airflow/example_dags/tutorial_dag.py
[2025-02-13T17:48:37.410+0000] {processor.py:756} INFO - Processing file /home/airflow/.local/lib/python3.7/site-packages/airflow/example_dags/tutorial_dag.py for tasks to queue
[2025-02-13T17:48:37.412+0000] {logging_mixin.py:137} INFO - [2025-02-13T17:48:37.411+0000] {dagbag.py:537} INFO - Filling up the DagBag from /home/airflow/.local/lib/python3.7/site-packages/airflow/example_dags/tutorial_dag.py
[2025-02-13T17:48:37.434+0000] {processor.py:766} INFO - DAG(s) dict_keys(['tutorial_dag']) retrieved from /home/airflow/.local/lib/python3.7/site-packages/airflow/example_dags/tutorial_dag.py
[2025-02-13T17:48:37.499+0000] {logging_mixin.py:137} INFO - [2025-02-13T17:48:37.499+0000] {dag.py:2585} INFO - Sync 1 DAGs
[2025-02-13T17:48:37.535+0000] {logging_mixin.py:137} INFO - [2025-02-13T17:48:37.535+0000] {dag.py:3340} INFO - Setting next_dagrun for tutorial_dag to None, run_after=None
[2025-02-13T17:48:37.566+0000] {processor.py:176} INFO - Processing /home/airflow/.local/lib/python3.7/site-packages/airflow/example_dags/tutorial_dag.py took 0.163 seconds
[2025-02-13T17:49:07.874+0000] {processor.py:154} INFO - Started process (PID=789) to work on /home/airflow/.local/lib/python3.7/site-packages/airflow/example_dags/tutorial_dag.py
[2025-02-13T17:49:07.876+0000] {processor.py:756} INFO - Processing file /home/airflow/.local/lib/python3.7/site-packages/airflow/example_dags/tutorial_dag.py for tasks to queue
[2025-02-13T17:49:07.877+0000] {logging_mixin.py:137} INFO - [2025-02-13T17:49:07.877+0000] {dagbag.py:537} INFO - Filling up the DagBag from /home/airflow/.local/lib/python3.7/site-packages/airflow/example_dags/tutorial_dag.py
[2025-02-13T17:49:07.897+0000] {processor.py:766} INFO - DAG(s) dict_keys(['tutorial_dag']) retrieved from /home/airflow/.local/lib/python3.7/site-packages/airflow/example_dags/tutorial_dag.py
[2025-02-13T17:49:07.961+0000] {logging_mixin.py:137} INFO - [2025-02-13T17:49:07.961+0000] {dag.py:2585} INFO - Sync 1 DAGs
[2025-02-13T17:49:08.020+0000] {logging_mixin.py:137} INFO - [2025-02-13T17:49:08.019+0000] {dag.py:3340} INFO - Setting next_dagrun for tutorial_dag to None, run_after=None
[2025-02-13T17:49:08.056+0000] {processor.py:176} INFO - Processing /home/airflow/.local/lib/python3.7/site-packages/airflow/example_dags/tutorial_dag.py took 0.185 seconds
[2025-02-13T17:49:39.287+0000] {processor.py:154} INFO - Started process (PID=969) to work on /home/airflow/.local/lib/python3.7/site-packages/airflow/example_dags/tutorial_dag.py
[2025-02-13T17:49:39.289+0000] {processor.py:756} INFO - Processing file /home/airflow/.local/lib/python3.7/site-packages/airflow/example_dags/tutorial_dag.py for tasks to queue
[2025-02-13T17:49:39.290+0000] {logging_mixin.py:137} INFO - [2025-02-13T17:49:39.290+0000] {dagbag.py:537} INFO - Filling up the DagBag from /home/airflow/.local/lib/python3.7/site-packages/airflow/example_dags/tutorial_dag.py
[2025-02-13T17:49:39.308+0000] {processor.py:766} INFO - DAG(s) dict_keys(['tutorial_dag']) retrieved from /home/airflow/.local/lib/python3.7/site-packages/airflow/example_dags/tutorial_dag.py
[2025-02-13T17:49:39.364+0000] {logging_mixin.py:137} INFO - [2025-02-13T17:49:39.364+0000] {dag.py:2585} INFO - Sync 1 DAGs
[2025-02-13T17:49:39.401+0000] {logging_mixin.py:137} INFO - [2025-02-13T17:49:39.401+0000] {dag.py:3340} INFO - Setting next_dagrun for tutorial_dag to None, run_after=None
[2025-02-13T17:49:39.429+0000] {processor.py:176} INFO - Processing /home/airflow/.local/lib/python3.7/site-packages/airflow/example_dags/tutorial_dag.py took 0.146 seconds
[2025-02-13T17:50:10.241+0000] {processor.py:154} INFO - Started process (PID=1149) to work on /home/airflow/.local/lib/python3.7/site-packages/airflow/example_dags/tutorial_dag.py
[2025-02-13T17:50:10.242+0000] {processor.py:756} INFO - Processing file /home/airflow/.local/lib/python3.7/site-packages/airflow/example_dags/tutorial_dag.py for tasks to queue
[2025-02-13T17:50:10.244+0000] {logging_mixin.py:137} INFO - [2025-02-13T17:50:10.244+0000] {dagbag.py:537} INFO - Filling up the DagBag from /home/airflow/.local/lib/python3.7/site-packages/airflow/example_dags/tutorial_dag.py
[2025-02-13T17:50:10.266+0000] {processor.py:766} INFO - DAG(s) dict_keys(['tutorial_dag']) retrieved from /home/airflow/.local/lib/python3.7/site-packages/airflow/example_dags/tutorial_dag.py
[2025-02-13T17:50:10.323+0000] {logging_mixin.py:137} INFO - [2025-02-13T17:50:10.323+0000] {dag.py:2585} INFO - Sync 1 DAGs
[2025-02-13T17:50:10.358+0000] {logging_mixin.py:137} INFO - [2025-02-13T17:50:10.358+0000] {dag.py:3340} INFO - Setting next_dagrun for tutorial_dag to None, run_after=None
[2025-02-13T17:50:10.393+0000] {processor.py:176} INFO - Processing /home/airflow/.local/lib/python3.7/site-packages/airflow/example_dags/tutorial_dag.py took 0.159 seconds
[2025-02-13T17:50:40.833+0000] {processor.py:154} INFO - Started process (PID=1329) to work on /home/airflow/.local/lib/python3.7/site-packages/airflow/example_dags/tutorial_dag.py
[2025-02-13T17:50:40.836+0000] {processor.py:756} INFO - Processing file /home/airflow/.local/lib/python3.7/site-packages/airflow/example_dags/tutorial_dag.py for tasks to queue
[2025-02-13T17:50:40.838+0000] {logging_mixin.py:137} INFO - [2025-02-13T17:50:40.838+0000] {dagbag.py:537} INFO - Filling up the DagBag from /home/airflow/.local/lib/python3.7/site-packages/airflow/example_dags/tutorial_dag.py
[2025-02-13T17:50:40.867+0000] {processor.py:766} INFO - DAG(s) dict_keys(['tutorial_dag']) retrieved from /home/airflow/.local/lib/python3.7/site-packages/airflow/example_dags/tutorial_dag.py
[2025-02-13T17:50:40.929+0000] {logging_mixin.py:137} INFO - [2025-02-13T17:50:40.929+0000] {dag.py:2585} INFO - Sync 1 DAGs
[2025-02-13T17:50:40.965+0000] {logging_mixin.py:137} INFO - [2025-02-13T17:50:40.965+0000] {dag.py:3340} INFO - Setting next_dagrun for tutorial_dag to None, run_after=None
[2025-02-13T17:50:40.993+0000] {processor.py:176} INFO - Processing /home/airflow/.local/lib/python3.7/site-packages/airflow/example_dags/tutorial_dag.py took 0.165 seconds
[2025-02-13T17:51:11.898+0000] {processor.py:154} INFO - Started process (PID=1509) to work on /home/airflow/.local/lib/python3.7/site-packages/airflow/example_dags/tutorial_dag.py
[2025-02-13T17:51:11.900+0000] {processor.py:756} INFO - Processing file /home/airflow/.local/lib/python3.7/site-packages/airflow/example_dags/tutorial_dag.py for tasks to queue
[2025-02-13T17:51:11.901+0000] {logging_mixin.py:137} INFO - [2025-02-13T17:51:11.901+0000] {dagbag.py:537} INFO - Filling up the DagBag from /home/airflow/.local/lib/python3.7/site-packages/airflow/example_dags/tutorial_dag.py
[2025-02-13T17:51:11.917+0000] {processor.py:766} INFO - DAG(s) dict_keys(['tutorial_dag']) retrieved from /home/airflow/.local/lib/python3.7/site-packages/airflow/example_dags/tutorial_dag.py
[2025-02-13T17:51:11.977+0000] {logging_mixin.py:137} INFO - [2025-02-13T17:51:11.977+0000] {dag.py:2585} INFO - Sync 1 DAGs
[2025-02-13T17:51:12.014+0000] {logging_mixin.py:137} INFO - [2025-02-13T17:51:12.013+0000] {dag.py:3340} INFO - Setting next_dagrun for tutorial_dag to None, run_after=None
[2025-02-13T17:51:12.046+0000] {processor.py:176} INFO - Processing /home/airflow/.local/lib/python3.7/site-packages/airflow/example_dags/tutorial_dag.py took 0.151 seconds
[2025-02-13T17:51:42.192+0000] {processor.py:154} INFO - Started process (PID=1689) to work on /home/airflow/.local/lib/python3.7/site-packages/airflow/example_dags/tutorial_dag.py
[2025-02-13T17:51:42.195+0000] {processor.py:756} INFO - Processing file /home/airflow/.local/lib/python3.7/site-packages/airflow/example_dags/tutorial_dag.py for tasks to queue
[2025-02-13T17:51:42.196+0000] {logging_mixin.py:137} INFO - [2025-02-13T17:51:42.196+0000] {dagbag.py:537} INFO - Filling up the DagBag from /home/airflow/.local/lib/python3.7/site-packages/airflow/example_dags/tutorial_dag.py
[2025-02-13T17:51:42.216+0000] {processor.py:766} INFO - DAG(s) dict_keys(['tutorial_dag']) retrieved from /home/airflow/.local/lib/python3.7/site-packages/airflow/example_dags/tutorial_dag.py
[2025-02-13T17:51:42.275+0000] {logging_mixin.py:137} INFO - [2025-02-13T17:51:42.274+0000] {dag.py:2585} INFO - Sync 1 DAGs
[2025-02-13T17:51:42.310+0000] {logging_mixin.py:137} INFO - [2025-02-13T17:51:42.310+0000] {dag.py:3340} INFO - Setting next_dagrun for tutorial_dag to None, run_after=None
[2025-02-13T17:51:42.342+0000] {processor.py:176} INFO - Processing /home/airflow/.local/lib/python3.7/site-packages/airflow/example_dags/tutorial_dag.py took 0.153 seconds
