[2025-02-13T17:25:24.742+0000] {processor.py:154} INFO - Started process (PID=313) to work on /home/airflow/.local/lib/python3.7/site-packages/airflow/example_dags/tutorial_taskflow_api.py
[2025-02-13T17:25:24.744+0000] {processor.py:756} INFO - Processing file /home/airflow/.local/lib/python3.7/site-packages/airflow/example_dags/tutorial_taskflow_api.py for tasks to queue
[2025-02-13T17:25:24.746+0000] {logging_mixin.py:137} INFO - [2025-02-13T17:25:24.745+0000] {dagbag.py:537} INFO - Filling up the DagBag from /home/airflow/.local/lib/python3.7/site-packages/airflow/example_dags/tutorial_taskflow_api.py
[2025-02-13T17:25:24.791+0000] {processor.py:766} INFO - DAG(s) dict_keys(['tutorial_taskflow_api']) retrieved from /home/airflow/.local/lib/python3.7/site-packages/airflow/example_dags/tutorial_taskflow_api.py
[2025-02-13T17:25:24.890+0000] {logging_mixin.py:137} INFO - [2025-02-13T17:25:24.889+0000] {dag.py:2585} INFO - Sync 1 DAGs
[2025-02-13T17:25:24.965+0000] {logging_mixin.py:137} INFO - [2025-02-13T17:25:24.965+0000] {dag.py:3340} INFO - Setting next_dagrun for tutorial_taskflow_api to None, run_after=None
[2025-02-13T17:25:25.054+0000] {processor.py:176} INFO - Processing /home/airflow/.local/lib/python3.7/site-packages/airflow/example_dags/tutorial_taskflow_api.py took 0.323 seconds
[2025-02-13T17:25:56.056+0000] {processor.py:154} INFO - Started process (PID=491) to work on /home/airflow/.local/lib/python3.7/site-packages/airflow/example_dags/tutorial_taskflow_api.py
[2025-02-13T17:25:56.059+0000] {processor.py:756} INFO - Processing file /home/airflow/.local/lib/python3.7/site-packages/airflow/example_dags/tutorial_taskflow_api.py for tasks to queue
[2025-02-13T17:25:56.061+0000] {logging_mixin.py:137} INFO - [2025-02-13T17:25:56.061+0000] {dagbag.py:537} INFO - Filling up the DagBag from /home/airflow/.local/lib/python3.7/site-packages/airflow/example_dags/tutorial_taskflow_api.py
[2025-02-13T17:25:56.110+0000] {processor.py:766} INFO - DAG(s) dict_keys(['tutorial_taskflow_api']) retrieved from /home/airflow/.local/lib/python3.7/site-packages/airflow/example_dags/tutorial_taskflow_api.py
[2025-02-13T17:25:56.257+0000] {logging_mixin.py:137} INFO - [2025-02-13T17:25:56.257+0000] {dag.py:2585} INFO - Sync 1 DAGs
[2025-02-13T17:25:56.329+0000] {logging_mixin.py:137} INFO - [2025-02-13T17:25:56.329+0000] {dag.py:3340} INFO - Setting next_dagrun for tutorial_taskflow_api to None, run_after=None
[2025-02-13T17:25:56.381+0000] {processor.py:176} INFO - Processing /home/airflow/.local/lib/python3.7/site-packages/airflow/example_dags/tutorial_taskflow_api.py took 0.331 seconds
[2025-02-13T17:26:27.010+0000] {processor.py:154} INFO - Started process (PID=672) to work on /home/airflow/.local/lib/python3.7/site-packages/airflow/example_dags/tutorial_taskflow_api.py
[2025-02-13T17:26:27.012+0000] {processor.py:756} INFO - Processing file /home/airflow/.local/lib/python3.7/site-packages/airflow/example_dags/tutorial_taskflow_api.py for tasks to queue
[2025-02-13T17:26:27.015+0000] {logging_mixin.py:137} INFO - [2025-02-13T17:26:27.014+0000] {dagbag.py:537} INFO - Filling up the DagBag from /home/airflow/.local/lib/python3.7/site-packages/airflow/example_dags/tutorial_taskflow_api.py
[2025-02-13T17:26:27.083+0000] {processor.py:766} INFO - DAG(s) dict_keys(['tutorial_taskflow_api']) retrieved from /home/airflow/.local/lib/python3.7/site-packages/airflow/example_dags/tutorial_taskflow_api.py
[2025-02-13T17:26:27.159+0000] {logging_mixin.py:137} INFO - [2025-02-13T17:26:27.158+0000] {dag.py:2585} INFO - Sync 1 DAGs
[2025-02-13T17:26:27.227+0000] {logging_mixin.py:137} INFO - [2025-02-13T17:26:27.227+0000] {dag.py:3340} INFO - Setting next_dagrun for tutorial_taskflow_api to None, run_after=None
[2025-02-13T17:26:27.292+0000] {processor.py:176} INFO - Processing /home/airflow/.local/lib/python3.7/site-packages/airflow/example_dags/tutorial_taskflow_api.py took 0.287 seconds
[2025-02-13T17:26:57.710+0000] {processor.py:154} INFO - Started process (PID=854) to work on /home/airflow/.local/lib/python3.7/site-packages/airflow/example_dags/tutorial_taskflow_api.py
[2025-02-13T17:26:57.712+0000] {processor.py:756} INFO - Processing file /home/airflow/.local/lib/python3.7/site-packages/airflow/example_dags/tutorial_taskflow_api.py for tasks to queue
[2025-02-13T17:26:57.714+0000] {logging_mixin.py:137} INFO - [2025-02-13T17:26:57.714+0000] {dagbag.py:537} INFO - Filling up the DagBag from /home/airflow/.local/lib/python3.7/site-packages/airflow/example_dags/tutorial_taskflow_api.py
[2025-02-13T17:26:57.777+0000] {processor.py:766} INFO - DAG(s) dict_keys(['tutorial_taskflow_api']) retrieved from /home/airflow/.local/lib/python3.7/site-packages/airflow/example_dags/tutorial_taskflow_api.py
[2025-02-13T17:26:57.828+0000] {logging_mixin.py:137} INFO - [2025-02-13T17:26:57.828+0000] {dag.py:2585} INFO - Sync 1 DAGs
[2025-02-13T17:26:57.877+0000] {logging_mixin.py:137} INFO - [2025-02-13T17:26:57.876+0000] {dag.py:3340} INFO - Setting next_dagrun for tutorial_taskflow_api to None, run_after=None
[2025-02-13T17:26:57.919+0000] {processor.py:176} INFO - Processing /home/airflow/.local/lib/python3.7/site-packages/airflow/example_dags/tutorial_taskflow_api.py took 0.215 seconds
[2025-02-13T17:27:28.788+0000] {processor.py:154} INFO - Started process (PID=1032) to work on /home/airflow/.local/lib/python3.7/site-packages/airflow/example_dags/tutorial_taskflow_api.py
[2025-02-13T17:27:28.790+0000] {processor.py:756} INFO - Processing file /home/airflow/.local/lib/python3.7/site-packages/airflow/example_dags/tutorial_taskflow_api.py for tasks to queue
[2025-02-13T17:27:28.793+0000] {logging_mixin.py:137} INFO - [2025-02-13T17:27:28.793+0000] {dagbag.py:537} INFO - Filling up the DagBag from /home/airflow/.local/lib/python3.7/site-packages/airflow/example_dags/tutorial_taskflow_api.py
[2025-02-13T17:27:28.836+0000] {processor.py:766} INFO - DAG(s) dict_keys(['tutorial_taskflow_api']) retrieved from /home/airflow/.local/lib/python3.7/site-packages/airflow/example_dags/tutorial_taskflow_api.py
[2025-02-13T17:27:28.893+0000] {logging_mixin.py:137} INFO - [2025-02-13T17:27:28.893+0000] {dag.py:2585} INFO - Sync 1 DAGs
[2025-02-13T17:27:28.945+0000] {logging_mixin.py:137} INFO - [2025-02-13T17:27:28.944+0000] {dag.py:3340} INFO - Setting next_dagrun for tutorial_taskflow_api to None, run_after=None
[2025-02-13T17:27:28.981+0000] {processor.py:176} INFO - Processing /home/airflow/.local/lib/python3.7/site-packages/airflow/example_dags/tutorial_taskflow_api.py took 0.198 seconds
[2025-02-13T17:27:59.645+0000] {processor.py:154} INFO - Started process (PID=1212) to work on /home/airflow/.local/lib/python3.7/site-packages/airflow/example_dags/tutorial_taskflow_api.py
[2025-02-13T17:27:59.648+0000] {processor.py:756} INFO - Processing file /home/airflow/.local/lib/python3.7/site-packages/airflow/example_dags/tutorial_taskflow_api.py for tasks to queue
[2025-02-13T17:27:59.649+0000] {logging_mixin.py:137} INFO - [2025-02-13T17:27:59.649+0000] {dagbag.py:537} INFO - Filling up the DagBag from /home/airflow/.local/lib/python3.7/site-packages/airflow/example_dags/tutorial_taskflow_api.py
[2025-02-13T17:27:59.682+0000] {processor.py:766} INFO - DAG(s) dict_keys(['tutorial_taskflow_api']) retrieved from /home/airflow/.local/lib/python3.7/site-packages/airflow/example_dags/tutorial_taskflow_api.py
[2025-02-13T17:27:59.731+0000] {logging_mixin.py:137} INFO - [2025-02-13T17:27:59.730+0000] {dag.py:2585} INFO - Sync 1 DAGs
[2025-02-13T17:27:59.783+0000] {logging_mixin.py:137} INFO - [2025-02-13T17:27:59.782+0000] {dag.py:3340} INFO - Setting next_dagrun for tutorial_taskflow_api to None, run_after=None
[2025-02-13T17:27:59.844+0000] {processor.py:176} INFO - Processing /home/airflow/.local/lib/python3.7/site-packages/airflow/example_dags/tutorial_taskflow_api.py took 0.209 seconds
[2025-02-13T17:28:30.168+0000] {processor.py:154} INFO - Started process (PID=1394) to work on /home/airflow/.local/lib/python3.7/site-packages/airflow/example_dags/tutorial_taskflow_api.py
[2025-02-13T17:28:30.170+0000] {processor.py:756} INFO - Processing file /home/airflow/.local/lib/python3.7/site-packages/airflow/example_dags/tutorial_taskflow_api.py for tasks to queue
[2025-02-13T17:28:30.172+0000] {logging_mixin.py:137} INFO - [2025-02-13T17:28:30.172+0000] {dagbag.py:537} INFO - Filling up the DagBag from /home/airflow/.local/lib/python3.7/site-packages/airflow/example_dags/tutorial_taskflow_api.py
[2025-02-13T17:28:30.213+0000] {processor.py:766} INFO - DAG(s) dict_keys(['tutorial_taskflow_api']) retrieved from /home/airflow/.local/lib/python3.7/site-packages/airflow/example_dags/tutorial_taskflow_api.py
[2025-02-13T17:28:30.270+0000] {logging_mixin.py:137} INFO - [2025-02-13T17:28:30.270+0000] {dag.py:2585} INFO - Sync 1 DAGs
[2025-02-13T17:28:30.338+0000] {logging_mixin.py:137} INFO - [2025-02-13T17:28:30.338+0000] {dag.py:3340} INFO - Setting next_dagrun for tutorial_taskflow_api to None, run_after=None
[2025-02-13T17:28:30.387+0000] {processor.py:176} INFO - Processing /home/airflow/.local/lib/python3.7/site-packages/airflow/example_dags/tutorial_taskflow_api.py took 0.224 seconds
[2025-02-13T17:29:01.149+0000] {processor.py:154} INFO - Started process (PID=1572) to work on /home/airflow/.local/lib/python3.7/site-packages/airflow/example_dags/tutorial_taskflow_api.py
[2025-02-13T17:29:01.151+0000] {processor.py:756} INFO - Processing file /home/airflow/.local/lib/python3.7/site-packages/airflow/example_dags/tutorial_taskflow_api.py for tasks to queue
[2025-02-13T17:29:01.154+0000] {logging_mixin.py:137} INFO - [2025-02-13T17:29:01.154+0000] {dagbag.py:537} INFO - Filling up the DagBag from /home/airflow/.local/lib/python3.7/site-packages/airflow/example_dags/tutorial_taskflow_api.py
[2025-02-13T17:29:01.192+0000] {processor.py:766} INFO - DAG(s) dict_keys(['tutorial_taskflow_api']) retrieved from /home/airflow/.local/lib/python3.7/site-packages/airflow/example_dags/tutorial_taskflow_api.py
[2025-02-13T17:29:01.242+0000] {logging_mixin.py:137} INFO - [2025-02-13T17:29:01.242+0000] {dag.py:2585} INFO - Sync 1 DAGs
[2025-02-13T17:29:01.310+0000] {logging_mixin.py:137} INFO - [2025-02-13T17:29:01.309+0000] {dag.py:3340} INFO - Setting next_dagrun for tutorial_taskflow_api to None, run_after=None
[2025-02-13T17:29:01.355+0000] {processor.py:176} INFO - Processing /home/airflow/.local/lib/python3.7/site-packages/airflow/example_dags/tutorial_taskflow_api.py took 0.213 seconds
[2025-02-13T17:29:31.560+0000] {processor.py:154} INFO - Started process (PID=1752) to work on /home/airflow/.local/lib/python3.7/site-packages/airflow/example_dags/tutorial_taskflow_api.py
[2025-02-13T17:29:31.562+0000] {processor.py:756} INFO - Processing file /home/airflow/.local/lib/python3.7/site-packages/airflow/example_dags/tutorial_taskflow_api.py for tasks to queue
[2025-02-13T17:29:31.564+0000] {logging_mixin.py:137} INFO - [2025-02-13T17:29:31.564+0000] {dagbag.py:537} INFO - Filling up the DagBag from /home/airflow/.local/lib/python3.7/site-packages/airflow/example_dags/tutorial_taskflow_api.py
[2025-02-13T17:29:31.611+0000] {processor.py:766} INFO - DAG(s) dict_keys(['tutorial_taskflow_api']) retrieved from /home/airflow/.local/lib/python3.7/site-packages/airflow/example_dags/tutorial_taskflow_api.py
[2025-02-13T17:29:31.658+0000] {logging_mixin.py:137} INFO - [2025-02-13T17:29:31.657+0000] {dag.py:2585} INFO - Sync 1 DAGs
[2025-02-13T17:29:31.713+0000] {logging_mixin.py:137} INFO - [2025-02-13T17:29:31.713+0000] {dag.py:3340} INFO - Setting next_dagrun for tutorial_taskflow_api to None, run_after=None
[2025-02-13T17:29:31.756+0000] {processor.py:176} INFO - Processing /home/airflow/.local/lib/python3.7/site-packages/airflow/example_dags/tutorial_taskflow_api.py took 0.200 seconds
[2025-02-13T17:30:01.945+0000] {processor.py:154} INFO - Started process (PID=1932) to work on /home/airflow/.local/lib/python3.7/site-packages/airflow/example_dags/tutorial_taskflow_api.py
[2025-02-13T17:30:01.947+0000] {processor.py:756} INFO - Processing file /home/airflow/.local/lib/python3.7/site-packages/airflow/example_dags/tutorial_taskflow_api.py for tasks to queue
[2025-02-13T17:30:01.950+0000] {logging_mixin.py:137} INFO - [2025-02-13T17:30:01.950+0000] {dagbag.py:537} INFO - Filling up the DagBag from /home/airflow/.local/lib/python3.7/site-packages/airflow/example_dags/tutorial_taskflow_api.py
[2025-02-13T17:30:01.990+0000] {processor.py:766} INFO - DAG(s) dict_keys(['tutorial_taskflow_api']) retrieved from /home/airflow/.local/lib/python3.7/site-packages/airflow/example_dags/tutorial_taskflow_api.py
[2025-02-13T17:30:02.028+0000] {logging_mixin.py:137} INFO - [2025-02-13T17:30:02.028+0000] {dag.py:2585} INFO - Sync 1 DAGs
[2025-02-13T17:30:02.075+0000] {logging_mixin.py:137} INFO - [2025-02-13T17:30:02.074+0000] {dag.py:3340} INFO - Setting next_dagrun for tutorial_taskflow_api to None, run_after=None
[2025-02-13T17:30:02.117+0000] {processor.py:176} INFO - Processing /home/airflow/.local/lib/python3.7/site-packages/airflow/example_dags/tutorial_taskflow_api.py took 0.180 seconds
[2025-02-13T17:30:32.954+0000] {processor.py:154} INFO - Started process (PID=2112) to work on /home/airflow/.local/lib/python3.7/site-packages/airflow/example_dags/tutorial_taskflow_api.py
[2025-02-13T17:30:32.958+0000] {processor.py:756} INFO - Processing file /home/airflow/.local/lib/python3.7/site-packages/airflow/example_dags/tutorial_taskflow_api.py for tasks to queue
[2025-02-13T17:30:32.961+0000] {logging_mixin.py:137} INFO - [2025-02-13T17:30:32.961+0000] {dagbag.py:537} INFO - Filling up the DagBag from /home/airflow/.local/lib/python3.7/site-packages/airflow/example_dags/tutorial_taskflow_api.py
[2025-02-13T17:30:33.008+0000] {processor.py:766} INFO - DAG(s) dict_keys(['tutorial_taskflow_api']) retrieved from /home/airflow/.local/lib/python3.7/site-packages/airflow/example_dags/tutorial_taskflow_api.py
[2025-02-13T17:30:33.072+0000] {logging_mixin.py:137} INFO - [2025-02-13T17:30:33.072+0000] {dag.py:2585} INFO - Sync 1 DAGs
[2025-02-13T17:30:33.154+0000] {logging_mixin.py:137} INFO - [2025-02-13T17:30:33.154+0000] {dag.py:3340} INFO - Setting next_dagrun for tutorial_taskflow_api to None, run_after=None
[2025-02-13T17:30:33.227+0000] {processor.py:176} INFO - Processing /home/airflow/.local/lib/python3.7/site-packages/airflow/example_dags/tutorial_taskflow_api.py took 0.283 seconds
[2025-02-13T17:31:03.902+0000] {processor.py:154} INFO - Started process (PID=2291) to work on /home/airflow/.local/lib/python3.7/site-packages/airflow/example_dags/tutorial_taskflow_api.py
[2025-02-13T17:31:03.905+0000] {processor.py:756} INFO - Processing file /home/airflow/.local/lib/python3.7/site-packages/airflow/example_dags/tutorial_taskflow_api.py for tasks to queue
[2025-02-13T17:31:03.907+0000] {logging_mixin.py:137} INFO - [2025-02-13T17:31:03.907+0000] {dagbag.py:537} INFO - Filling up the DagBag from /home/airflow/.local/lib/python3.7/site-packages/airflow/example_dags/tutorial_taskflow_api.py
[2025-02-13T17:31:03.944+0000] {processor.py:766} INFO - DAG(s) dict_keys(['tutorial_taskflow_api']) retrieved from /home/airflow/.local/lib/python3.7/site-packages/airflow/example_dags/tutorial_taskflow_api.py
[2025-02-13T17:31:04.004+0000] {logging_mixin.py:137} INFO - [2025-02-13T17:31:04.004+0000] {dag.py:2585} INFO - Sync 1 DAGs
[2025-02-13T17:31:04.048+0000] {logging_mixin.py:137} INFO - [2025-02-13T17:31:04.048+0000] {dag.py:3340} INFO - Setting next_dagrun for tutorial_taskflow_api to None, run_after=None
[2025-02-13T17:31:04.122+0000] {processor.py:176} INFO - Processing /home/airflow/.local/lib/python3.7/site-packages/airflow/example_dags/tutorial_taskflow_api.py took 0.224 seconds
[2025-02-13T17:31:34.427+0000] {processor.py:154} INFO - Started process (PID=2471) to work on /home/airflow/.local/lib/python3.7/site-packages/airflow/example_dags/tutorial_taskflow_api.py
[2025-02-13T17:31:34.429+0000] {processor.py:756} INFO - Processing file /home/airflow/.local/lib/python3.7/site-packages/airflow/example_dags/tutorial_taskflow_api.py for tasks to queue
[2025-02-13T17:31:34.432+0000] {logging_mixin.py:137} INFO - [2025-02-13T17:31:34.432+0000] {dagbag.py:537} INFO - Filling up the DagBag from /home/airflow/.local/lib/python3.7/site-packages/airflow/example_dags/tutorial_taskflow_api.py
[2025-02-13T17:31:34.477+0000] {processor.py:766} INFO - DAG(s) dict_keys(['tutorial_taskflow_api']) retrieved from /home/airflow/.local/lib/python3.7/site-packages/airflow/example_dags/tutorial_taskflow_api.py
[2025-02-13T17:31:34.535+0000] {logging_mixin.py:137} INFO - [2025-02-13T17:31:34.534+0000] {dag.py:2585} INFO - Sync 1 DAGs
[2025-02-13T17:31:34.606+0000] {logging_mixin.py:137} INFO - [2025-02-13T17:31:34.605+0000] {dag.py:3340} INFO - Setting next_dagrun for tutorial_taskflow_api to None, run_after=None
[2025-02-13T17:31:34.658+0000] {processor.py:176} INFO - Processing /home/airflow/.local/lib/python3.7/site-packages/airflow/example_dags/tutorial_taskflow_api.py took 0.236 seconds
[2025-02-13T17:32:06.718+0000] {processor.py:154} INFO - Started process (PID=2652) to work on /home/airflow/.local/lib/python3.7/site-packages/airflow/example_dags/tutorial_taskflow_api.py
[2025-02-13T17:32:06.720+0000] {processor.py:756} INFO - Processing file /home/airflow/.local/lib/python3.7/site-packages/airflow/example_dags/tutorial_taskflow_api.py for tasks to queue
[2025-02-13T17:32:06.721+0000] {logging_mixin.py:137} INFO - [2025-02-13T17:32:06.721+0000] {dagbag.py:537} INFO - Filling up the DagBag from /home/airflow/.local/lib/python3.7/site-packages/airflow/example_dags/tutorial_taskflow_api.py
[2025-02-13T17:32:06.766+0000] {processor.py:766} INFO - DAG(s) dict_keys(['tutorial_taskflow_api']) retrieved from /home/airflow/.local/lib/python3.7/site-packages/airflow/example_dags/tutorial_taskflow_api.py
[2025-02-13T17:32:06.851+0000] {logging_mixin.py:137} INFO - [2025-02-13T17:32:06.851+0000] {dag.py:2585} INFO - Sync 1 DAGs
[2025-02-13T17:32:07.140+0000] {logging_mixin.py:137} INFO - [2025-02-13T17:32:07.140+0000] {dag.py:3340} INFO - Setting next_dagrun for tutorial_taskflow_api to None, run_after=None
[2025-02-13T17:32:07.198+0000] {processor.py:176} INFO - Processing /home/airflow/.local/lib/python3.7/site-packages/airflow/example_dags/tutorial_taskflow_api.py took 0.486 seconds
[2025-02-13T17:32:37.680+0000] {processor.py:154} INFO - Started process (PID=2834) to work on /home/airflow/.local/lib/python3.7/site-packages/airflow/example_dags/tutorial_taskflow_api.py
[2025-02-13T17:32:37.682+0000] {processor.py:756} INFO - Processing file /home/airflow/.local/lib/python3.7/site-packages/airflow/example_dags/tutorial_taskflow_api.py for tasks to queue
[2025-02-13T17:32:37.686+0000] {logging_mixin.py:137} INFO - [2025-02-13T17:32:37.685+0000] {dagbag.py:537} INFO - Filling up the DagBag from /home/airflow/.local/lib/python3.7/site-packages/airflow/example_dags/tutorial_taskflow_api.py
[2025-02-13T17:32:37.732+0000] {processor.py:766} INFO - DAG(s) dict_keys(['tutorial_taskflow_api']) retrieved from /home/airflow/.local/lib/python3.7/site-packages/airflow/example_dags/tutorial_taskflow_api.py
[2025-02-13T17:32:37.849+0000] {logging_mixin.py:137} INFO - [2025-02-13T17:32:37.849+0000] {dag.py:2585} INFO - Sync 1 DAGs
[2025-02-13T17:32:37.912+0000] {logging_mixin.py:137} INFO - [2025-02-13T17:32:37.912+0000] {dag.py:3340} INFO - Setting next_dagrun for tutorial_taskflow_api to None, run_after=None
[2025-02-13T17:32:37.978+0000] {processor.py:176} INFO - Processing /home/airflow/.local/lib/python3.7/site-packages/airflow/example_dags/tutorial_taskflow_api.py took 0.305 seconds
[2025-02-13T17:33:08.109+0000] {processor.py:154} INFO - Started process (PID=3012) to work on /home/airflow/.local/lib/python3.7/site-packages/airflow/example_dags/tutorial_taskflow_api.py
[2025-02-13T17:33:08.111+0000] {processor.py:756} INFO - Processing file /home/airflow/.local/lib/python3.7/site-packages/airflow/example_dags/tutorial_taskflow_api.py for tasks to queue
[2025-02-13T17:33:08.113+0000] {logging_mixin.py:137} INFO - [2025-02-13T17:33:08.112+0000] {dagbag.py:537} INFO - Filling up the DagBag from /home/airflow/.local/lib/python3.7/site-packages/airflow/example_dags/tutorial_taskflow_api.py
[2025-02-13T17:33:08.140+0000] {processor.py:766} INFO - DAG(s) dict_keys(['tutorial_taskflow_api']) retrieved from /home/airflow/.local/lib/python3.7/site-packages/airflow/example_dags/tutorial_taskflow_api.py
[2025-02-13T17:33:08.177+0000] {logging_mixin.py:137} INFO - [2025-02-13T17:33:08.176+0000] {dag.py:2585} INFO - Sync 1 DAGs
[2025-02-13T17:33:08.224+0000] {logging_mixin.py:137} INFO - [2025-02-13T17:33:08.224+0000] {dag.py:3340} INFO - Setting next_dagrun for tutorial_taskflow_api to None, run_after=None
[2025-02-13T17:33:08.259+0000] {processor.py:176} INFO - Processing /home/airflow/.local/lib/python3.7/site-packages/airflow/example_dags/tutorial_taskflow_api.py took 0.155 seconds
[2025-02-13T17:33:39.011+0000] {processor.py:154} INFO - Started process (PID=3194) to work on /home/airflow/.local/lib/python3.7/site-packages/airflow/example_dags/tutorial_taskflow_api.py
[2025-02-13T17:33:39.014+0000] {processor.py:756} INFO - Processing file /home/airflow/.local/lib/python3.7/site-packages/airflow/example_dags/tutorial_taskflow_api.py for tasks to queue
[2025-02-13T17:33:39.016+0000] {logging_mixin.py:137} INFO - [2025-02-13T17:33:39.015+0000] {dagbag.py:537} INFO - Filling up the DagBag from /home/airflow/.local/lib/python3.7/site-packages/airflow/example_dags/tutorial_taskflow_api.py
[2025-02-13T17:33:39.053+0000] {processor.py:766} INFO - DAG(s) dict_keys(['tutorial_taskflow_api']) retrieved from /home/airflow/.local/lib/python3.7/site-packages/airflow/example_dags/tutorial_taskflow_api.py
[2025-02-13T17:33:39.130+0000] {logging_mixin.py:137} INFO - [2025-02-13T17:33:39.130+0000] {dag.py:2585} INFO - Sync 1 DAGs
[2025-02-13T17:33:39.178+0000] {logging_mixin.py:137} INFO - [2025-02-13T17:33:39.178+0000] {dag.py:3340} INFO - Setting next_dagrun for tutorial_taskflow_api to None, run_after=None
[2025-02-13T17:33:39.217+0000] {processor.py:176} INFO - Processing /home/airflow/.local/lib/python3.7/site-packages/airflow/example_dags/tutorial_taskflow_api.py took 0.212 seconds
[2025-02-13T17:34:09.434+0000] {processor.py:154} INFO - Started process (PID=3372) to work on /home/airflow/.local/lib/python3.7/site-packages/airflow/example_dags/tutorial_taskflow_api.py
[2025-02-13T17:34:09.436+0000] {processor.py:756} INFO - Processing file /home/airflow/.local/lib/python3.7/site-packages/airflow/example_dags/tutorial_taskflow_api.py for tasks to queue
[2025-02-13T17:34:09.438+0000] {logging_mixin.py:137} INFO - [2025-02-13T17:34:09.437+0000] {dagbag.py:537} INFO - Filling up the DagBag from /home/airflow/.local/lib/python3.7/site-packages/airflow/example_dags/tutorial_taskflow_api.py
[2025-02-13T17:34:09.477+0000] {processor.py:766} INFO - DAG(s) dict_keys(['tutorial_taskflow_api']) retrieved from /home/airflow/.local/lib/python3.7/site-packages/airflow/example_dags/tutorial_taskflow_api.py
[2025-02-13T17:34:09.570+0000] {logging_mixin.py:137} INFO - [2025-02-13T17:34:09.570+0000] {dag.py:2585} INFO - Sync 1 DAGs
[2025-02-13T17:34:09.625+0000] {logging_mixin.py:137} INFO - [2025-02-13T17:34:09.624+0000] {dag.py:3340} INFO - Setting next_dagrun for tutorial_taskflow_api to None, run_after=None
[2025-02-13T17:34:09.678+0000] {processor.py:176} INFO - Processing /home/airflow/.local/lib/python3.7/site-packages/airflow/example_dags/tutorial_taskflow_api.py took 0.253 seconds
[2025-02-13T17:34:40.372+0000] {processor.py:154} INFO - Started process (PID=3554) to work on /home/airflow/.local/lib/python3.7/site-packages/airflow/example_dags/tutorial_taskflow_api.py
[2025-02-13T17:34:40.374+0000] {processor.py:756} INFO - Processing file /home/airflow/.local/lib/python3.7/site-packages/airflow/example_dags/tutorial_taskflow_api.py for tasks to queue
[2025-02-13T17:34:40.376+0000] {logging_mixin.py:137} INFO - [2025-02-13T17:34:40.376+0000] {dagbag.py:537} INFO - Filling up the DagBag from /home/airflow/.local/lib/python3.7/site-packages/airflow/example_dags/tutorial_taskflow_api.py
[2025-02-13T17:34:40.415+0000] {processor.py:766} INFO - DAG(s) dict_keys(['tutorial_taskflow_api']) retrieved from /home/airflow/.local/lib/python3.7/site-packages/airflow/example_dags/tutorial_taskflow_api.py
[2025-02-13T17:34:40.498+0000] {logging_mixin.py:137} INFO - [2025-02-13T17:34:40.498+0000] {dag.py:2585} INFO - Sync 1 DAGs
[2025-02-13T17:34:40.547+0000] {logging_mixin.py:137} INFO - [2025-02-13T17:34:40.546+0000] {dag.py:3340} INFO - Setting next_dagrun for tutorial_taskflow_api to None, run_after=None
[2025-02-13T17:34:40.590+0000] {processor.py:176} INFO - Processing /home/airflow/.local/lib/python3.7/site-packages/airflow/example_dags/tutorial_taskflow_api.py took 0.222 seconds
[2025-02-13T17:35:11.339+0000] {processor.py:154} INFO - Started process (PID=3734) to work on /home/airflow/.local/lib/python3.7/site-packages/airflow/example_dags/tutorial_taskflow_api.py
[2025-02-13T17:35:11.342+0000] {processor.py:756} INFO - Processing file /home/airflow/.local/lib/python3.7/site-packages/airflow/example_dags/tutorial_taskflow_api.py for tasks to queue
[2025-02-13T17:35:11.346+0000] {logging_mixin.py:137} INFO - [2025-02-13T17:35:11.345+0000] {dagbag.py:537} INFO - Filling up the DagBag from /home/airflow/.local/lib/python3.7/site-packages/airflow/example_dags/tutorial_taskflow_api.py
[2025-02-13T17:35:11.389+0000] {processor.py:766} INFO - DAG(s) dict_keys(['tutorial_taskflow_api']) retrieved from /home/airflow/.local/lib/python3.7/site-packages/airflow/example_dags/tutorial_taskflow_api.py
[2025-02-13T17:35:11.492+0000] {logging_mixin.py:137} INFO - [2025-02-13T17:35:11.492+0000] {dag.py:2585} INFO - Sync 1 DAGs
[2025-02-13T17:35:11.542+0000] {logging_mixin.py:137} INFO - [2025-02-13T17:35:11.541+0000] {dag.py:3340} INFO - Setting next_dagrun for tutorial_taskflow_api to None, run_after=None
[2025-02-13T17:35:11.588+0000] {processor.py:176} INFO - Processing /home/airflow/.local/lib/python3.7/site-packages/airflow/example_dags/tutorial_taskflow_api.py took 0.255 seconds
[2025-02-13T17:35:42.029+0000] {processor.py:154} INFO - Started process (PID=3914) to work on /home/airflow/.local/lib/python3.7/site-packages/airflow/example_dags/tutorial_taskflow_api.py
[2025-02-13T17:35:42.031+0000] {processor.py:756} INFO - Processing file /home/airflow/.local/lib/python3.7/site-packages/airflow/example_dags/tutorial_taskflow_api.py for tasks to queue
[2025-02-13T17:35:42.033+0000] {logging_mixin.py:137} INFO - [2025-02-13T17:35:42.032+0000] {dagbag.py:537} INFO - Filling up the DagBag from /home/airflow/.local/lib/python3.7/site-packages/airflow/example_dags/tutorial_taskflow_api.py
[2025-02-13T17:35:42.068+0000] {processor.py:766} INFO - DAG(s) dict_keys(['tutorial_taskflow_api']) retrieved from /home/airflow/.local/lib/python3.7/site-packages/airflow/example_dags/tutorial_taskflow_api.py
[2025-02-13T17:35:42.140+0000] {logging_mixin.py:137} INFO - [2025-02-13T17:35:42.140+0000] {dag.py:2585} INFO - Sync 1 DAGs
[2025-02-13T17:35:42.197+0000] {logging_mixin.py:137} INFO - [2025-02-13T17:35:42.196+0000] {dag.py:3340} INFO - Setting next_dagrun for tutorial_taskflow_api to None, run_after=None
[2025-02-13T17:35:42.236+0000] {processor.py:176} INFO - Processing /home/airflow/.local/lib/python3.7/site-packages/airflow/example_dags/tutorial_taskflow_api.py took 0.213 seconds
[2025-02-13T17:36:12.430+0000] {processor.py:154} INFO - Started process (PID=4092) to work on /home/airflow/.local/lib/python3.7/site-packages/airflow/example_dags/tutorial_taskflow_api.py
[2025-02-13T17:36:12.432+0000] {processor.py:756} INFO - Processing file /home/airflow/.local/lib/python3.7/site-packages/airflow/example_dags/tutorial_taskflow_api.py for tasks to queue
[2025-02-13T17:36:12.434+0000] {logging_mixin.py:137} INFO - [2025-02-13T17:36:12.434+0000] {dagbag.py:537} INFO - Filling up the DagBag from /home/airflow/.local/lib/python3.7/site-packages/airflow/example_dags/tutorial_taskflow_api.py
[2025-02-13T17:36:12.470+0000] {processor.py:766} INFO - DAG(s) dict_keys(['tutorial_taskflow_api']) retrieved from /home/airflow/.local/lib/python3.7/site-packages/airflow/example_dags/tutorial_taskflow_api.py
[2025-02-13T17:36:12.544+0000] {logging_mixin.py:137} INFO - [2025-02-13T17:36:12.543+0000] {dag.py:2585} INFO - Sync 1 DAGs
[2025-02-13T17:36:12.591+0000] {logging_mixin.py:137} INFO - [2025-02-13T17:36:12.591+0000] {dag.py:3340} INFO - Setting next_dagrun for tutorial_taskflow_api to None, run_after=None
[2025-02-13T17:36:12.629+0000] {processor.py:176} INFO - Processing /home/airflow/.local/lib/python3.7/site-packages/airflow/example_dags/tutorial_taskflow_api.py took 0.207 seconds
[2025-02-13T17:36:43.124+0000] {processor.py:154} INFO - Started process (PID=4272) to work on /home/airflow/.local/lib/python3.7/site-packages/airflow/example_dags/tutorial_taskflow_api.py
[2025-02-13T17:36:43.127+0000] {processor.py:756} INFO - Processing file /home/airflow/.local/lib/python3.7/site-packages/airflow/example_dags/tutorial_taskflow_api.py for tasks to queue
[2025-02-13T17:36:43.129+0000] {logging_mixin.py:137} INFO - [2025-02-13T17:36:43.128+0000] {dagbag.py:537} INFO - Filling up the DagBag from /home/airflow/.local/lib/python3.7/site-packages/airflow/example_dags/tutorial_taskflow_api.py
[2025-02-13T17:36:43.184+0000] {processor.py:766} INFO - DAG(s) dict_keys(['tutorial_taskflow_api']) retrieved from /home/airflow/.local/lib/python3.7/site-packages/airflow/example_dags/tutorial_taskflow_api.py
[2025-02-13T17:36:43.279+0000] {logging_mixin.py:137} INFO - [2025-02-13T17:36:43.279+0000] {dag.py:2585} INFO - Sync 1 DAGs
[2025-02-13T17:36:43.337+0000] {logging_mixin.py:137} INFO - [2025-02-13T17:36:43.337+0000] {dag.py:3340} INFO - Setting next_dagrun for tutorial_taskflow_api to None, run_after=None
[2025-02-13T17:36:43.413+0000] {processor.py:176} INFO - Processing /home/airflow/.local/lib/python3.7/site-packages/airflow/example_dags/tutorial_taskflow_api.py took 0.294 seconds
[2025-02-13T17:37:14.024+0000] {processor.py:154} INFO - Started process (PID=4452) to work on /home/airflow/.local/lib/python3.7/site-packages/airflow/example_dags/tutorial_taskflow_api.py
[2025-02-13T17:37:14.026+0000] {processor.py:756} INFO - Processing file /home/airflow/.local/lib/python3.7/site-packages/airflow/example_dags/tutorial_taskflow_api.py for tasks to queue
[2025-02-13T17:37:14.027+0000] {logging_mixin.py:137} INFO - [2025-02-13T17:37:14.027+0000] {dagbag.py:537} INFO - Filling up the DagBag from /home/airflow/.local/lib/python3.7/site-packages/airflow/example_dags/tutorial_taskflow_api.py
[2025-02-13T17:37:14.069+0000] {processor.py:766} INFO - DAG(s) dict_keys(['tutorial_taskflow_api']) retrieved from /home/airflow/.local/lib/python3.7/site-packages/airflow/example_dags/tutorial_taskflow_api.py
[2025-02-13T17:37:14.147+0000] {logging_mixin.py:137} INFO - [2025-02-13T17:37:14.147+0000] {dag.py:2585} INFO - Sync 1 DAGs
[2025-02-13T17:37:14.200+0000] {logging_mixin.py:137} INFO - [2025-02-13T17:37:14.200+0000] {dag.py:3340} INFO - Setting next_dagrun for tutorial_taskflow_api to None, run_after=None
[2025-02-13T17:37:14.246+0000] {processor.py:176} INFO - Processing /home/airflow/.local/lib/python3.7/site-packages/airflow/example_dags/tutorial_taskflow_api.py took 0.228 seconds
[2025-02-13T17:37:45.124+0000] {processor.py:154} INFO - Started process (PID=4632) to work on /home/airflow/.local/lib/python3.7/site-packages/airflow/example_dags/tutorial_taskflow_api.py
[2025-02-13T17:37:45.126+0000] {processor.py:756} INFO - Processing file /home/airflow/.local/lib/python3.7/site-packages/airflow/example_dags/tutorial_taskflow_api.py for tasks to queue
[2025-02-13T17:37:45.128+0000] {logging_mixin.py:137} INFO - [2025-02-13T17:37:45.127+0000] {dagbag.py:537} INFO - Filling up the DagBag from /home/airflow/.local/lib/python3.7/site-packages/airflow/example_dags/tutorial_taskflow_api.py
[2025-02-13T17:37:45.167+0000] {processor.py:766} INFO - DAG(s) dict_keys(['tutorial_taskflow_api']) retrieved from /home/airflow/.local/lib/python3.7/site-packages/airflow/example_dags/tutorial_taskflow_api.py
[2025-02-13T17:37:45.261+0000] {logging_mixin.py:137} INFO - [2025-02-13T17:37:45.261+0000] {dag.py:2585} INFO - Sync 1 DAGs
[2025-02-13T17:37:45.313+0000] {logging_mixin.py:137} INFO - [2025-02-13T17:37:45.312+0000] {dag.py:3340} INFO - Setting next_dagrun for tutorial_taskflow_api to None, run_after=None
[2025-02-13T17:37:45.353+0000] {processor.py:176} INFO - Processing /home/airflow/.local/lib/python3.7/site-packages/airflow/example_dags/tutorial_taskflow_api.py took 0.235 seconds
[2025-02-13T17:38:15.816+0000] {processor.py:154} INFO - Started process (PID=4812) to work on /home/airflow/.local/lib/python3.7/site-packages/airflow/example_dags/tutorial_taskflow_api.py
[2025-02-13T17:38:15.818+0000] {processor.py:756} INFO - Processing file /home/airflow/.local/lib/python3.7/site-packages/airflow/example_dags/tutorial_taskflow_api.py for tasks to queue
[2025-02-13T17:38:15.819+0000] {logging_mixin.py:137} INFO - [2025-02-13T17:38:15.819+0000] {dagbag.py:537} INFO - Filling up the DagBag from /home/airflow/.local/lib/python3.7/site-packages/airflow/example_dags/tutorial_taskflow_api.py
[2025-02-13T17:38:15.866+0000] {processor.py:766} INFO - DAG(s) dict_keys(['tutorial_taskflow_api']) retrieved from /home/airflow/.local/lib/python3.7/site-packages/airflow/example_dags/tutorial_taskflow_api.py
[2025-02-13T17:38:15.987+0000] {logging_mixin.py:137} INFO - [2025-02-13T17:38:15.986+0000] {dag.py:2585} INFO - Sync 1 DAGs
[2025-02-13T17:38:16.078+0000] {logging_mixin.py:137} INFO - [2025-02-13T17:38:16.077+0000] {dag.py:3340} INFO - Setting next_dagrun for tutorial_taskflow_api to None, run_after=None
[2025-02-13T17:38:16.135+0000] {processor.py:176} INFO - Processing /home/airflow/.local/lib/python3.7/site-packages/airflow/example_dags/tutorial_taskflow_api.py took 0.324 seconds
[2025-02-13T17:38:46.548+0000] {processor.py:154} INFO - Started process (PID=4992) to work on /home/airflow/.local/lib/python3.7/site-packages/airflow/example_dags/tutorial_taskflow_api.py
[2025-02-13T17:38:46.550+0000] {processor.py:756} INFO - Processing file /home/airflow/.local/lib/python3.7/site-packages/airflow/example_dags/tutorial_taskflow_api.py for tasks to queue
[2025-02-13T17:38:46.553+0000] {logging_mixin.py:137} INFO - [2025-02-13T17:38:46.552+0000] {dagbag.py:537} INFO - Filling up the DagBag from /home/airflow/.local/lib/python3.7/site-packages/airflow/example_dags/tutorial_taskflow_api.py
[2025-02-13T17:38:46.593+0000] {processor.py:766} INFO - DAG(s) dict_keys(['tutorial_taskflow_api']) retrieved from /home/airflow/.local/lib/python3.7/site-packages/airflow/example_dags/tutorial_taskflow_api.py
[2025-02-13T17:38:46.669+0000] {logging_mixin.py:137} INFO - [2025-02-13T17:38:46.669+0000] {dag.py:2585} INFO - Sync 1 DAGs
[2025-02-13T17:38:46.719+0000] {logging_mixin.py:137} INFO - [2025-02-13T17:38:46.719+0000] {dag.py:3340} INFO - Setting next_dagrun for tutorial_taskflow_api to None, run_after=None
[2025-02-13T17:38:46.761+0000] {processor.py:176} INFO - Processing /home/airflow/.local/lib/python3.7/site-packages/airflow/example_dags/tutorial_taskflow_api.py took 0.218 seconds
[2025-02-13T17:39:41.359+0000] {processor.py:154} INFO - Started process (PID=5174) to work on /home/airflow/.local/lib/python3.7/site-packages/airflow/example_dags/tutorial_taskflow_api.py
[2025-02-13T17:39:41.361+0000] {processor.py:756} INFO - Processing file /home/airflow/.local/lib/python3.7/site-packages/airflow/example_dags/tutorial_taskflow_api.py for tasks to queue
[2025-02-13T17:39:41.362+0000] {logging_mixin.py:137} INFO - [2025-02-13T17:39:41.361+0000] {dagbag.py:537} INFO - Filling up the DagBag from /home/airflow/.local/lib/python3.7/site-packages/airflow/example_dags/tutorial_taskflow_api.py
[2025-02-13T17:39:41.381+0000] {processor.py:766} INFO - DAG(s) dict_keys(['tutorial_taskflow_api']) retrieved from /home/airflow/.local/lib/python3.7/site-packages/airflow/example_dags/tutorial_taskflow_api.py
[2025-02-13T17:39:41.415+0000] {logging_mixin.py:137} INFO - [2025-02-13T17:39:41.415+0000] {dag.py:2585} INFO - Sync 1 DAGs
[2025-02-13T17:39:41.437+0000] {logging_mixin.py:137} INFO - [2025-02-13T17:39:41.437+0000] {dag.py:3340} INFO - Setting next_dagrun for tutorial_taskflow_api to None, run_after=None
[2025-02-13T17:39:41.460+0000] {processor.py:176} INFO - Processing /home/airflow/.local/lib/python3.7/site-packages/airflow/example_dags/tutorial_taskflow_api.py took 0.103 seconds
[2025-02-13T17:40:13.105+0000] {processor.py:154} INFO - Started process (PID=5354) to work on /home/airflow/.local/lib/python3.7/site-packages/airflow/example_dags/tutorial_taskflow_api.py
[2025-02-13T17:40:13.108+0000] {processor.py:756} INFO - Processing file /home/airflow/.local/lib/python3.7/site-packages/airflow/example_dags/tutorial_taskflow_api.py for tasks to queue
[2025-02-13T17:40:13.109+0000] {logging_mixin.py:137} INFO - [2025-02-13T17:40:13.109+0000] {dagbag.py:537} INFO - Filling up the DagBag from /home/airflow/.local/lib/python3.7/site-packages/airflow/example_dags/tutorial_taskflow_api.py
[2025-02-13T17:40:13.140+0000] {processor.py:766} INFO - DAG(s) dict_keys(['tutorial_taskflow_api']) retrieved from /home/airflow/.local/lib/python3.7/site-packages/airflow/example_dags/tutorial_taskflow_api.py
[2025-02-13T17:40:13.220+0000] {logging_mixin.py:137} INFO - [2025-02-13T17:40:13.220+0000] {dag.py:2585} INFO - Sync 1 DAGs
[2025-02-13T17:40:13.279+0000] {logging_mixin.py:137} INFO - [2025-02-13T17:40:13.279+0000] {dag.py:3340} INFO - Setting next_dagrun for tutorial_taskflow_api to None, run_after=None
[2025-02-13T17:40:13.318+0000] {processor.py:176} INFO - Processing /home/airflow/.local/lib/python3.7/site-packages/airflow/example_dags/tutorial_taskflow_api.py took 0.217 seconds
[2025-02-13T17:40:45.647+0000] {processor.py:154} INFO - Started process (PID=5536) to work on /home/airflow/.local/lib/python3.7/site-packages/airflow/example_dags/tutorial_taskflow_api.py
[2025-02-13T17:40:45.650+0000] {processor.py:756} INFO - Processing file /home/airflow/.local/lib/python3.7/site-packages/airflow/example_dags/tutorial_taskflow_api.py for tasks to queue
[2025-02-13T17:40:45.652+0000] {logging_mixin.py:137} INFO - [2025-02-13T17:40:45.652+0000] {dagbag.py:537} INFO - Filling up the DagBag from /home/airflow/.local/lib/python3.7/site-packages/airflow/example_dags/tutorial_taskflow_api.py
[2025-02-13T17:40:45.691+0000] {processor.py:766} INFO - DAG(s) dict_keys(['tutorial_taskflow_api']) retrieved from /home/airflow/.local/lib/python3.7/site-packages/airflow/example_dags/tutorial_taskflow_api.py
[2025-02-13T17:40:45.802+0000] {logging_mixin.py:137} INFO - [2025-02-13T17:40:45.801+0000] {dag.py:2585} INFO - Sync 1 DAGs
[2025-02-13T17:40:45.871+0000] {logging_mixin.py:137} INFO - [2025-02-13T17:40:45.870+0000] {dag.py:3340} INFO - Setting next_dagrun for tutorial_taskflow_api to None, run_after=None
[2025-02-13T17:40:45.951+0000] {processor.py:176} INFO - Processing /home/airflow/.local/lib/python3.7/site-packages/airflow/example_dags/tutorial_taskflow_api.py took 0.316 seconds
[2025-02-13T17:41:16.469+0000] {processor.py:154} INFO - Started process (PID=5713) to work on /home/airflow/.local/lib/python3.7/site-packages/airflow/example_dags/tutorial_taskflow_api.py
[2025-02-13T17:41:16.471+0000] {processor.py:756} INFO - Processing file /home/airflow/.local/lib/python3.7/site-packages/airflow/example_dags/tutorial_taskflow_api.py for tasks to queue
[2025-02-13T17:41:16.472+0000] {logging_mixin.py:137} INFO - [2025-02-13T17:41:16.472+0000] {dagbag.py:537} INFO - Filling up the DagBag from /home/airflow/.local/lib/python3.7/site-packages/airflow/example_dags/tutorial_taskflow_api.py
[2025-02-13T17:41:16.499+0000] {processor.py:766} INFO - DAG(s) dict_keys(['tutorial_taskflow_api']) retrieved from /home/airflow/.local/lib/python3.7/site-packages/airflow/example_dags/tutorial_taskflow_api.py
[2025-02-13T17:41:16.555+0000] {logging_mixin.py:137} INFO - [2025-02-13T17:41:16.554+0000] {dag.py:2585} INFO - Sync 1 DAGs
[2025-02-13T17:41:16.593+0000] {logging_mixin.py:137} INFO - [2025-02-13T17:41:16.592+0000] {dag.py:3340} INFO - Setting next_dagrun for tutorial_taskflow_api to None, run_after=None
[2025-02-13T17:41:16.628+0000] {processor.py:176} INFO - Processing /home/airflow/.local/lib/python3.7/site-packages/airflow/example_dags/tutorial_taskflow_api.py took 0.166 seconds
[2025-02-13T17:41:47.194+0000] {processor.py:154} INFO - Started process (PID=5896) to work on /home/airflow/.local/lib/python3.7/site-packages/airflow/example_dags/tutorial_taskflow_api.py
[2025-02-13T17:41:47.196+0000] {processor.py:756} INFO - Processing file /home/airflow/.local/lib/python3.7/site-packages/airflow/example_dags/tutorial_taskflow_api.py for tasks to queue
[2025-02-13T17:41:47.198+0000] {logging_mixin.py:137} INFO - [2025-02-13T17:41:47.198+0000] {dagbag.py:537} INFO - Filling up the DagBag from /home/airflow/.local/lib/python3.7/site-packages/airflow/example_dags/tutorial_taskflow_api.py
[2025-02-13T17:41:47.223+0000] {processor.py:766} INFO - DAG(s) dict_keys(['tutorial_taskflow_api']) retrieved from /home/airflow/.local/lib/python3.7/site-packages/airflow/example_dags/tutorial_taskflow_api.py
[2025-02-13T17:41:47.286+0000] {logging_mixin.py:137} INFO - [2025-02-13T17:41:47.286+0000] {dag.py:2585} INFO - Sync 1 DAGs
[2025-02-13T17:41:47.331+0000] {logging_mixin.py:137} INFO - [2025-02-13T17:41:47.331+0000] {dag.py:3340} INFO - Setting next_dagrun for tutorial_taskflow_api to None, run_after=None
[2025-02-13T17:41:47.367+0000] {processor.py:176} INFO - Processing /home/airflow/.local/lib/python3.7/site-packages/airflow/example_dags/tutorial_taskflow_api.py took 0.176 seconds
[2025-02-13T17:42:17.590+0000] {processor.py:154} INFO - Started process (PID=6074) to work on /home/airflow/.local/lib/python3.7/site-packages/airflow/example_dags/tutorial_taskflow_api.py
[2025-02-13T17:42:17.591+0000] {processor.py:756} INFO - Processing file /home/airflow/.local/lib/python3.7/site-packages/airflow/example_dags/tutorial_taskflow_api.py for tasks to queue
[2025-02-13T17:42:17.593+0000] {logging_mixin.py:137} INFO - [2025-02-13T17:42:17.592+0000] {dagbag.py:537} INFO - Filling up the DagBag from /home/airflow/.local/lib/python3.7/site-packages/airflow/example_dags/tutorial_taskflow_api.py
[2025-02-13T17:42:17.630+0000] {processor.py:766} INFO - DAG(s) dict_keys(['tutorial_taskflow_api']) retrieved from /home/airflow/.local/lib/python3.7/site-packages/airflow/example_dags/tutorial_taskflow_api.py
[2025-02-13T17:42:17.752+0000] {logging_mixin.py:137} INFO - [2025-02-13T17:42:17.752+0000] {dag.py:2585} INFO - Sync 1 DAGs
[2025-02-13T17:42:17.797+0000] {logging_mixin.py:137} INFO - [2025-02-13T17:42:17.797+0000] {dag.py:3340} INFO - Setting next_dagrun for tutorial_taskflow_api to None, run_after=None
[2025-02-13T17:42:17.857+0000] {processor.py:176} INFO - Processing /home/airflow/.local/lib/python3.7/site-packages/airflow/example_dags/tutorial_taskflow_api.py took 0.271 seconds
[2025-02-13T17:42:48.284+0000] {processor.py:154} INFO - Started process (PID=6254) to work on /home/airflow/.local/lib/python3.7/site-packages/airflow/example_dags/tutorial_taskflow_api.py
[2025-02-13T17:42:48.286+0000] {processor.py:756} INFO - Processing file /home/airflow/.local/lib/python3.7/site-packages/airflow/example_dags/tutorial_taskflow_api.py for tasks to queue
[2025-02-13T17:42:48.288+0000] {logging_mixin.py:137} INFO - [2025-02-13T17:42:48.288+0000] {dagbag.py:537} INFO - Filling up the DagBag from /home/airflow/.local/lib/python3.7/site-packages/airflow/example_dags/tutorial_taskflow_api.py
[2025-02-13T17:42:48.320+0000] {processor.py:766} INFO - DAG(s) dict_keys(['tutorial_taskflow_api']) retrieved from /home/airflow/.local/lib/python3.7/site-packages/airflow/example_dags/tutorial_taskflow_api.py
[2025-02-13T17:42:48.389+0000] {logging_mixin.py:137} INFO - [2025-02-13T17:42:48.389+0000] {dag.py:2585} INFO - Sync 1 DAGs
[2025-02-13T17:42:48.430+0000] {logging_mixin.py:137} INFO - [2025-02-13T17:42:48.430+0000] {dag.py:3340} INFO - Setting next_dagrun for tutorial_taskflow_api to None, run_after=None
[2025-02-13T17:42:48.474+0000] {processor.py:176} INFO - Processing /home/airflow/.local/lib/python3.7/site-packages/airflow/example_dags/tutorial_taskflow_api.py took 0.196 seconds
[2025-02-13T17:43:19.292+0000] {processor.py:154} INFO - Started process (PID=6433) to work on /home/airflow/.local/lib/python3.7/site-packages/airflow/example_dags/tutorial_taskflow_api.py
[2025-02-13T17:43:19.294+0000] {processor.py:756} INFO - Processing file /home/airflow/.local/lib/python3.7/site-packages/airflow/example_dags/tutorial_taskflow_api.py for tasks to queue
[2025-02-13T17:43:19.297+0000] {logging_mixin.py:137} INFO - [2025-02-13T17:43:19.296+0000] {dagbag.py:537} INFO - Filling up the DagBag from /home/airflow/.local/lib/python3.7/site-packages/airflow/example_dags/tutorial_taskflow_api.py
[2025-02-13T17:43:19.337+0000] {processor.py:766} INFO - DAG(s) dict_keys(['tutorial_taskflow_api']) retrieved from /home/airflow/.local/lib/python3.7/site-packages/airflow/example_dags/tutorial_taskflow_api.py
[2025-02-13T17:43:19.423+0000] {logging_mixin.py:137} INFO - [2025-02-13T17:43:19.423+0000] {dag.py:2585} INFO - Sync 1 DAGs
[2025-02-13T17:43:19.467+0000] {logging_mixin.py:137} INFO - [2025-02-13T17:43:19.467+0000] {dag.py:3340} INFO - Setting next_dagrun for tutorial_taskflow_api to None, run_after=None
[2025-02-13T17:43:19.505+0000] {processor.py:176} INFO - Processing /home/airflow/.local/lib/python3.7/site-packages/airflow/example_dags/tutorial_taskflow_api.py took 0.220 seconds
[2025-02-13T17:43:49.869+0000] {processor.py:154} INFO - Started process (PID=6614) to work on /home/airflow/.local/lib/python3.7/site-packages/airflow/example_dags/tutorial_taskflow_api.py
[2025-02-13T17:43:49.871+0000] {processor.py:756} INFO - Processing file /home/airflow/.local/lib/python3.7/site-packages/airflow/example_dags/tutorial_taskflow_api.py for tasks to queue
[2025-02-13T17:43:49.873+0000] {logging_mixin.py:137} INFO - [2025-02-13T17:43:49.872+0000] {dagbag.py:537} INFO - Filling up the DagBag from /home/airflow/.local/lib/python3.7/site-packages/airflow/example_dags/tutorial_taskflow_api.py
[2025-02-13T17:43:49.914+0000] {processor.py:766} INFO - DAG(s) dict_keys(['tutorial_taskflow_api']) retrieved from /home/airflow/.local/lib/python3.7/site-packages/airflow/example_dags/tutorial_taskflow_api.py
[2025-02-13T17:43:49.982+0000] {logging_mixin.py:137} INFO - [2025-02-13T17:43:49.981+0000] {dag.py:2585} INFO - Sync 1 DAGs
[2025-02-13T17:43:50.026+0000] {logging_mixin.py:137} INFO - [2025-02-13T17:43:50.026+0000] {dag.py:3340} INFO - Setting next_dagrun for tutorial_taskflow_api to None, run_after=None
[2025-02-13T17:43:50.067+0000] {processor.py:176} INFO - Processing /home/airflow/.local/lib/python3.7/site-packages/airflow/example_dags/tutorial_taskflow_api.py took 0.203 seconds
[2025-02-13T17:44:20.722+0000] {processor.py:154} INFO - Started process (PID=6794) to work on /home/airflow/.local/lib/python3.7/site-packages/airflow/example_dags/tutorial_taskflow_api.py
[2025-02-13T17:44:20.725+0000] {processor.py:756} INFO - Processing file /home/airflow/.local/lib/python3.7/site-packages/airflow/example_dags/tutorial_taskflow_api.py for tasks to queue
[2025-02-13T17:44:20.726+0000] {logging_mixin.py:137} INFO - [2025-02-13T17:44:20.726+0000] {dagbag.py:537} INFO - Filling up the DagBag from /home/airflow/.local/lib/python3.7/site-packages/airflow/example_dags/tutorial_taskflow_api.py
[2025-02-13T17:44:20.772+0000] {processor.py:766} INFO - DAG(s) dict_keys(['tutorial_taskflow_api']) retrieved from /home/airflow/.local/lib/python3.7/site-packages/airflow/example_dags/tutorial_taskflow_api.py
[2025-02-13T17:44:20.871+0000] {logging_mixin.py:137} INFO - [2025-02-13T17:44:20.870+0000] {dag.py:2585} INFO - Sync 1 DAGs
[2025-02-13T17:44:20.928+0000] {logging_mixin.py:137} INFO - [2025-02-13T17:44:20.928+0000] {dag.py:3340} INFO - Setting next_dagrun for tutorial_taskflow_api to None, run_after=None
[2025-02-13T17:44:20.973+0000] {processor.py:176} INFO - Processing /home/airflow/.local/lib/python3.7/site-packages/airflow/example_dags/tutorial_taskflow_api.py took 0.260 seconds
[2025-02-13T17:44:51.242+0000] {processor.py:154} INFO - Started process (PID=6973) to work on /home/airflow/.local/lib/python3.7/site-packages/airflow/example_dags/tutorial_taskflow_api.py
[2025-02-13T17:44:51.244+0000] {processor.py:756} INFO - Processing file /home/airflow/.local/lib/python3.7/site-packages/airflow/example_dags/tutorial_taskflow_api.py for tasks to queue
[2025-02-13T17:44:51.245+0000] {logging_mixin.py:137} INFO - [2025-02-13T17:44:51.245+0000] {dagbag.py:537} INFO - Filling up the DagBag from /home/airflow/.local/lib/python3.7/site-packages/airflow/example_dags/tutorial_taskflow_api.py
[2025-02-13T17:44:51.273+0000] {processor.py:766} INFO - DAG(s) dict_keys(['tutorial_taskflow_api']) retrieved from /home/airflow/.local/lib/python3.7/site-packages/airflow/example_dags/tutorial_taskflow_api.py
[2025-02-13T17:44:51.325+0000] {logging_mixin.py:137} INFO - [2025-02-13T17:44:51.325+0000] {dag.py:2585} INFO - Sync 1 DAGs
[2025-02-13T17:44:51.359+0000] {logging_mixin.py:137} INFO - [2025-02-13T17:44:51.359+0000] {dag.py:3340} INFO - Setting next_dagrun for tutorial_taskflow_api to None, run_after=None
[2025-02-13T17:44:51.395+0000] {processor.py:176} INFO - Processing /home/airflow/.local/lib/python3.7/site-packages/airflow/example_dags/tutorial_taskflow_api.py took 0.157 seconds
[2025-02-13T17:45:21.457+0000] {processor.py:154} INFO - Started process (PID=7151) to work on /home/airflow/.local/lib/python3.7/site-packages/airflow/example_dags/tutorial_taskflow_api.py
[2025-02-13T17:45:21.459+0000] {processor.py:756} INFO - Processing file /home/airflow/.local/lib/python3.7/site-packages/airflow/example_dags/tutorial_taskflow_api.py for tasks to queue
[2025-02-13T17:45:21.461+0000] {logging_mixin.py:137} INFO - [2025-02-13T17:45:21.461+0000] {dagbag.py:537} INFO - Filling up the DagBag from /home/airflow/.local/lib/python3.7/site-packages/airflow/example_dags/tutorial_taskflow_api.py
[2025-02-13T17:45:21.487+0000] {processor.py:766} INFO - DAG(s) dict_keys(['tutorial_taskflow_api']) retrieved from /home/airflow/.local/lib/python3.7/site-packages/airflow/example_dags/tutorial_taskflow_api.py
[2025-02-13T17:45:21.546+0000] {logging_mixin.py:137} INFO - [2025-02-13T17:45:21.545+0000] {dag.py:2585} INFO - Sync 1 DAGs
[2025-02-13T17:45:21.584+0000] {logging_mixin.py:137} INFO - [2025-02-13T17:45:21.584+0000] {dag.py:3340} INFO - Setting next_dagrun for tutorial_taskflow_api to None, run_after=None
[2025-02-13T17:45:21.619+0000] {processor.py:176} INFO - Processing /home/airflow/.local/lib/python3.7/site-packages/airflow/example_dags/tutorial_taskflow_api.py took 0.167 seconds
[2025-02-13T17:45:52.277+0000] {processor.py:154} INFO - Started process (PID=7330) to work on /home/airflow/.local/lib/python3.7/site-packages/airflow/example_dags/tutorial_taskflow_api.py
[2025-02-13T17:45:52.279+0000] {processor.py:756} INFO - Processing file /home/airflow/.local/lib/python3.7/site-packages/airflow/example_dags/tutorial_taskflow_api.py for tasks to queue
[2025-02-13T17:45:52.280+0000] {logging_mixin.py:137} INFO - [2025-02-13T17:45:52.280+0000] {dagbag.py:537} INFO - Filling up the DagBag from /home/airflow/.local/lib/python3.7/site-packages/airflow/example_dags/tutorial_taskflow_api.py
[2025-02-13T17:45:52.308+0000] {processor.py:766} INFO - DAG(s) dict_keys(['tutorial_taskflow_api']) retrieved from /home/airflow/.local/lib/python3.7/site-packages/airflow/example_dags/tutorial_taskflow_api.py
[2025-02-13T17:45:52.368+0000] {logging_mixin.py:137} INFO - [2025-02-13T17:45:52.367+0000] {dag.py:2585} INFO - Sync 1 DAGs
[2025-02-13T17:45:52.405+0000] {logging_mixin.py:137} INFO - [2025-02-13T17:45:52.405+0000] {dag.py:3340} INFO - Setting next_dagrun for tutorial_taskflow_api to None, run_after=None
[2025-02-13T17:45:52.437+0000] {processor.py:176} INFO - Processing /home/airflow/.local/lib/python3.7/site-packages/airflow/example_dags/tutorial_taskflow_api.py took 0.164 seconds
[2025-02-13T17:47:39.403+0000] {processor.py:154} INFO - Started process (PID=311) to work on /home/airflow/.local/lib/python3.7/site-packages/airflow/example_dags/tutorial_taskflow_api.py
[2025-02-13T17:47:39.404+0000] {processor.py:756} INFO - Processing file /home/airflow/.local/lib/python3.7/site-packages/airflow/example_dags/tutorial_taskflow_api.py for tasks to queue
[2025-02-13T17:47:39.407+0000] {logging_mixin.py:137} INFO - [2025-02-13T17:47:39.407+0000] {dagbag.py:537} INFO - Filling up the DagBag from /home/airflow/.local/lib/python3.7/site-packages/airflow/example_dags/tutorial_taskflow_api.py
[2025-02-13T17:47:39.444+0000] {processor.py:766} INFO - DAG(s) dict_keys(['tutorial_taskflow_api']) retrieved from /home/airflow/.local/lib/python3.7/site-packages/airflow/example_dags/tutorial_taskflow_api.py
[2025-02-13T17:47:39.541+0000] {logging_mixin.py:137} INFO - [2025-02-13T17:47:39.540+0000] {dag.py:2585} INFO - Sync 1 DAGs
[2025-02-13T17:47:39.608+0000] {logging_mixin.py:137} INFO - [2025-02-13T17:47:39.607+0000] {dag.py:3340} INFO - Setting next_dagrun for tutorial_taskflow_api to None, run_after=None
[2025-02-13T17:47:39.662+0000] {processor.py:176} INFO - Processing /home/airflow/.local/lib/python3.7/site-packages/airflow/example_dags/tutorial_taskflow_api.py took 0.265 seconds
[2025-02-13T17:48:10.204+0000] {processor.py:154} INFO - Started process (PID=493) to work on /home/airflow/.local/lib/python3.7/site-packages/airflow/example_dags/tutorial_taskflow_api.py
[2025-02-13T17:48:10.205+0000] {processor.py:756} INFO - Processing file /home/airflow/.local/lib/python3.7/site-packages/airflow/example_dags/tutorial_taskflow_api.py for tasks to queue
[2025-02-13T17:48:10.207+0000] {logging_mixin.py:137} INFO - [2025-02-13T17:48:10.207+0000] {dagbag.py:537} INFO - Filling up the DagBag from /home/airflow/.local/lib/python3.7/site-packages/airflow/example_dags/tutorial_taskflow_api.py
[2025-02-13T17:48:10.240+0000] {processor.py:766} INFO - DAG(s) dict_keys(['tutorial_taskflow_api']) retrieved from /home/airflow/.local/lib/python3.7/site-packages/airflow/example_dags/tutorial_taskflow_api.py
[2025-02-13T17:48:10.291+0000] {logging_mixin.py:137} INFO - [2025-02-13T17:48:10.291+0000] {dag.py:2585} INFO - Sync 1 DAGs
[2025-02-13T17:48:10.345+0000] {logging_mixin.py:137} INFO - [2025-02-13T17:48:10.344+0000] {dag.py:3340} INFO - Setting next_dagrun for tutorial_taskflow_api to None, run_after=None
[2025-02-13T17:48:10.409+0000] {processor.py:176} INFO - Processing /home/airflow/.local/lib/python3.7/site-packages/airflow/example_dags/tutorial_taskflow_api.py took 0.209 seconds
[2025-02-13T17:48:40.715+0000] {processor.py:154} INFO - Started process (PID=674) to work on /home/airflow/.local/lib/python3.7/site-packages/airflow/example_dags/tutorial_taskflow_api.py
[2025-02-13T17:48:40.717+0000] {processor.py:756} INFO - Processing file /home/airflow/.local/lib/python3.7/site-packages/airflow/example_dags/tutorial_taskflow_api.py for tasks to queue
[2025-02-13T17:48:40.719+0000] {logging_mixin.py:137} INFO - [2025-02-13T17:48:40.718+0000] {dagbag.py:537} INFO - Filling up the DagBag from /home/airflow/.local/lib/python3.7/site-packages/airflow/example_dags/tutorial_taskflow_api.py
[2025-02-13T17:48:40.749+0000] {processor.py:766} INFO - DAG(s) dict_keys(['tutorial_taskflow_api']) retrieved from /home/airflow/.local/lib/python3.7/site-packages/airflow/example_dags/tutorial_taskflow_api.py
[2025-02-13T17:48:40.815+0000] {logging_mixin.py:137} INFO - [2025-02-13T17:48:40.815+0000] {dag.py:2585} INFO - Sync 1 DAGs
[2025-02-13T17:48:40.856+0000] {logging_mixin.py:137} INFO - [2025-02-13T17:48:40.856+0000] {dag.py:3340} INFO - Setting next_dagrun for tutorial_taskflow_api to None, run_after=None
[2025-02-13T17:48:40.894+0000] {processor.py:176} INFO - Processing /home/airflow/.local/lib/python3.7/site-packages/airflow/example_dags/tutorial_taskflow_api.py took 0.183 seconds
[2025-02-13T17:49:11.921+0000] {processor.py:154} INFO - Started process (PID=854) to work on /home/airflow/.local/lib/python3.7/site-packages/airflow/example_dags/tutorial_taskflow_api.py
[2025-02-13T17:49:11.922+0000] {processor.py:756} INFO - Processing file /home/airflow/.local/lib/python3.7/site-packages/airflow/example_dags/tutorial_taskflow_api.py for tasks to queue
[2025-02-13T17:49:11.923+0000] {logging_mixin.py:137} INFO - [2025-02-13T17:49:11.923+0000] {dagbag.py:537} INFO - Filling up the DagBag from /home/airflow/.local/lib/python3.7/site-packages/airflow/example_dags/tutorial_taskflow_api.py
[2025-02-13T17:49:11.952+0000] {processor.py:766} INFO - DAG(s) dict_keys(['tutorial_taskflow_api']) retrieved from /home/airflow/.local/lib/python3.7/site-packages/airflow/example_dags/tutorial_taskflow_api.py
[2025-02-13T17:49:12.015+0000] {logging_mixin.py:137} INFO - [2025-02-13T17:49:12.014+0000] {dag.py:2585} INFO - Sync 1 DAGs
[2025-02-13T17:49:12.053+0000] {logging_mixin.py:137} INFO - [2025-02-13T17:49:12.053+0000] {dag.py:3340} INFO - Setting next_dagrun for tutorial_taskflow_api to None, run_after=None
[2025-02-13T17:49:12.083+0000] {processor.py:176} INFO - Processing /home/airflow/.local/lib/python3.7/site-packages/airflow/example_dags/tutorial_taskflow_api.py took 0.166 seconds
[2025-02-13T17:49:42.235+0000] {processor.py:154} INFO - Started process (PID=1032) to work on /home/airflow/.local/lib/python3.7/site-packages/airflow/example_dags/tutorial_taskflow_api.py
[2025-02-13T17:49:42.237+0000] {processor.py:756} INFO - Processing file /home/airflow/.local/lib/python3.7/site-packages/airflow/example_dags/tutorial_taskflow_api.py for tasks to queue
[2025-02-13T17:49:42.239+0000] {logging_mixin.py:137} INFO - [2025-02-13T17:49:42.238+0000] {dagbag.py:537} INFO - Filling up the DagBag from /home/airflow/.local/lib/python3.7/site-packages/airflow/example_dags/tutorial_taskflow_api.py
[2025-02-13T17:49:42.266+0000] {processor.py:766} INFO - DAG(s) dict_keys(['tutorial_taskflow_api']) retrieved from /home/airflow/.local/lib/python3.7/site-packages/airflow/example_dags/tutorial_taskflow_api.py
[2025-02-13T17:49:42.329+0000] {logging_mixin.py:137} INFO - [2025-02-13T17:49:42.328+0000] {dag.py:2585} INFO - Sync 1 DAGs
[2025-02-13T17:49:42.362+0000] {logging_mixin.py:137} INFO - [2025-02-13T17:49:42.361+0000] {dag.py:3340} INFO - Setting next_dagrun for tutorial_taskflow_api to None, run_after=None
[2025-02-13T17:49:42.394+0000] {processor.py:176} INFO - Processing /home/airflow/.local/lib/python3.7/site-packages/airflow/example_dags/tutorial_taskflow_api.py took 0.162 seconds
[2025-02-13T17:50:12.710+0000] {processor.py:154} INFO - Started process (PID=1212) to work on /home/airflow/.local/lib/python3.7/site-packages/airflow/example_dags/tutorial_taskflow_api.py
[2025-02-13T17:50:12.712+0000] {processor.py:756} INFO - Processing file /home/airflow/.local/lib/python3.7/site-packages/airflow/example_dags/tutorial_taskflow_api.py for tasks to queue
[2025-02-13T17:50:12.713+0000] {logging_mixin.py:137} INFO - [2025-02-13T17:50:12.713+0000] {dagbag.py:537} INFO - Filling up the DagBag from /home/airflow/.local/lib/python3.7/site-packages/airflow/example_dags/tutorial_taskflow_api.py
[2025-02-13T17:50:12.744+0000] {processor.py:766} INFO - DAG(s) dict_keys(['tutorial_taskflow_api']) retrieved from /home/airflow/.local/lib/python3.7/site-packages/airflow/example_dags/tutorial_taskflow_api.py
[2025-02-13T17:50:12.798+0000] {logging_mixin.py:137} INFO - [2025-02-13T17:50:12.797+0000] {dag.py:2585} INFO - Sync 1 DAGs
[2025-02-13T17:50:12.838+0000] {logging_mixin.py:137} INFO - [2025-02-13T17:50:12.838+0000] {dag.py:3340} INFO - Setting next_dagrun for tutorial_taskflow_api to None, run_after=None
[2025-02-13T17:50:12.869+0000] {processor.py:176} INFO - Processing /home/airflow/.local/lib/python3.7/site-packages/airflow/example_dags/tutorial_taskflow_api.py took 0.164 seconds
[2025-02-13T17:50:43.669+0000] {processor.py:154} INFO - Started process (PID=1394) to work on /home/airflow/.local/lib/python3.7/site-packages/airflow/example_dags/tutorial_taskflow_api.py
[2025-02-13T17:50:43.671+0000] {processor.py:756} INFO - Processing file /home/airflow/.local/lib/python3.7/site-packages/airflow/example_dags/tutorial_taskflow_api.py for tasks to queue
[2025-02-13T17:50:43.673+0000] {logging_mixin.py:137} INFO - [2025-02-13T17:50:43.673+0000] {dagbag.py:537} INFO - Filling up the DagBag from /home/airflow/.local/lib/python3.7/site-packages/airflow/example_dags/tutorial_taskflow_api.py
[2025-02-13T17:50:43.708+0000] {processor.py:766} INFO - DAG(s) dict_keys(['tutorial_taskflow_api']) retrieved from /home/airflow/.local/lib/python3.7/site-packages/airflow/example_dags/tutorial_taskflow_api.py
[2025-02-13T17:50:43.767+0000] {logging_mixin.py:137} INFO - [2025-02-13T17:50:43.767+0000] {dag.py:2585} INFO - Sync 1 DAGs
[2025-02-13T17:50:43.811+0000] {logging_mixin.py:137} INFO - [2025-02-13T17:50:43.811+0000] {dag.py:3340} INFO - Setting next_dagrun for tutorial_taskflow_api to None, run_after=None
[2025-02-13T17:50:43.839+0000] {processor.py:176} INFO - Processing /home/airflow/.local/lib/python3.7/site-packages/airflow/example_dags/tutorial_taskflow_api.py took 0.177 seconds
[2025-02-13T17:51:13.922+0000] {processor.py:154} INFO - Started process (PID=1572) to work on /home/airflow/.local/lib/python3.7/site-packages/airflow/example_dags/tutorial_taskflow_api.py
[2025-02-13T17:51:13.924+0000] {processor.py:756} INFO - Processing file /home/airflow/.local/lib/python3.7/site-packages/airflow/example_dags/tutorial_taskflow_api.py for tasks to queue
[2025-02-13T17:51:13.925+0000] {logging_mixin.py:137} INFO - [2025-02-13T17:51:13.925+0000] {dagbag.py:537} INFO - Filling up the DagBag from /home/airflow/.local/lib/python3.7/site-packages/airflow/example_dags/tutorial_taskflow_api.py
[2025-02-13T17:51:13.950+0000] {processor.py:766} INFO - DAG(s) dict_keys(['tutorial_taskflow_api']) retrieved from /home/airflow/.local/lib/python3.7/site-packages/airflow/example_dags/tutorial_taskflow_api.py
[2025-02-13T17:51:14.004+0000] {logging_mixin.py:137} INFO - [2025-02-13T17:51:14.004+0000] {dag.py:2585} INFO - Sync 1 DAGs
[2025-02-13T17:51:14.041+0000] {logging_mixin.py:137} INFO - [2025-02-13T17:51:14.040+0000] {dag.py:3340} INFO - Setting next_dagrun for tutorial_taskflow_api to None, run_after=None
[2025-02-13T17:51:14.071+0000] {processor.py:176} INFO - Processing /home/airflow/.local/lib/python3.7/site-packages/airflow/example_dags/tutorial_taskflow_api.py took 0.152 seconds
[2025-02-13T17:51:44.753+0000] {processor.py:154} INFO - Started process (PID=1752) to work on /home/airflow/.local/lib/python3.7/site-packages/airflow/example_dags/tutorial_taskflow_api.py
[2025-02-13T17:51:44.757+0000] {processor.py:756} INFO - Processing file /home/airflow/.local/lib/python3.7/site-packages/airflow/example_dags/tutorial_taskflow_api.py for tasks to queue
[2025-02-13T17:51:44.759+0000] {logging_mixin.py:137} INFO - [2025-02-13T17:51:44.759+0000] {dagbag.py:537} INFO - Filling up the DagBag from /home/airflow/.local/lib/python3.7/site-packages/airflow/example_dags/tutorial_taskflow_api.py
[2025-02-13T17:51:44.809+0000] {processor.py:766} INFO - DAG(s) dict_keys(['tutorial_taskflow_api']) retrieved from /home/airflow/.local/lib/python3.7/site-packages/airflow/example_dags/tutorial_taskflow_api.py
[2025-02-13T17:51:44.891+0000] {logging_mixin.py:137} INFO - [2025-02-13T17:51:44.890+0000] {dag.py:2585} INFO - Sync 1 DAGs
[2025-02-13T17:51:44.949+0000] {logging_mixin.py:137} INFO - [2025-02-13T17:51:44.949+0000] {dag.py:3340} INFO - Setting next_dagrun for tutorial_taskflow_api to None, run_after=None
[2025-02-13T17:51:45.007+0000] {processor.py:176} INFO - Processing /home/airflow/.local/lib/python3.7/site-packages/airflow/example_dags/tutorial_taskflow_api.py took 0.262 seconds
