[2025-02-13T17:24:20.862+0000] {processor.py:154} INFO - Started process (PID=243) to work on /home/airflow/.local/lib/python3.7/site-packages/airflow/example_dags/tutorial.py
[2025-02-13T17:24:20.864+0000] {processor.py:756} INFO - Processing file /home/airflow/.local/lib/python3.7/site-packages/airflow/example_dags/tutorial.py for tasks to queue
[2025-02-13T17:24:20.867+0000] {logging_mixin.py:137} INFO - [2025-02-13T17:24:20.867+0000] {dagbag.py:537} INFO - Filling up the DagBag from /home/airflow/.local/lib/python3.7/site-packages/airflow/example_dags/tutorial.py
[2025-02-13T17:24:20.902+0000] {processor.py:766} INFO - DAG(s) dict_keys(['tutorial']) retrieved from /home/airflow/.local/lib/python3.7/site-packages/airflow/example_dags/tutorial.py
[2025-02-13T17:24:21.205+0000] {logging_mixin.py:137} INFO - [2025-02-13T17:24:21.205+0000] {dag.py:2585} INFO - Sync 1 DAGs
[2025-02-13T17:24:21.268+0000] {logging_mixin.py:137} INFO - [2025-02-13T17:24:21.267+0000] {dag.py:3340} INFO - Setting next_dagrun for tutorial to 2025-02-12T17:24:21.266732+00:00, run_after=2025-02-13T17:24:21.266732+00:00
[2025-02-13T17:24:21.320+0000] {processor.py:176} INFO - Processing /home/airflow/.local/lib/python3.7/site-packages/airflow/example_dags/tutorial.py took 0.464 seconds
[2025-02-13T17:25:21.228+0000] {processor.py:154} INFO - Started process (PID=241) to work on /home/airflow/.local/lib/python3.7/site-packages/airflow/example_dags/tutorial.py
[2025-02-13T17:25:21.238+0000] {processor.py:756} INFO - Processing file /home/airflow/.local/lib/python3.7/site-packages/airflow/example_dags/tutorial.py for tasks to queue
[2025-02-13T17:25:21.244+0000] {logging_mixin.py:137} INFO - [2025-02-13T17:25:21.243+0000] {dagbag.py:537} INFO - Filling up the DagBag from /home/airflow/.local/lib/python3.7/site-packages/airflow/example_dags/tutorial.py
[2025-02-13T17:25:21.293+0000] {processor.py:766} INFO - DAG(s) dict_keys(['tutorial']) retrieved from /home/airflow/.local/lib/python3.7/site-packages/airflow/example_dags/tutorial.py
[2025-02-13T17:25:21.409+0000] {logging_mixin.py:137} INFO - [2025-02-13T17:25:21.408+0000] {dag.py:2585} INFO - Sync 1 DAGs
[2025-02-13T17:25:21.495+0000] {logging_mixin.py:137} INFO - [2025-02-13T17:25:21.495+0000] {dag.py:3340} INFO - Setting next_dagrun for tutorial to 2025-02-12T17:25:21.494393+00:00, run_after=2025-02-13T17:25:21.494393+00:00
[2025-02-13T17:25:21.557+0000] {processor.py:176} INFO - Processing /home/airflow/.local/lib/python3.7/site-packages/airflow/example_dags/tutorial.py took 0.346 seconds
[2025-02-13T17:25:52.765+0000] {processor.py:154} INFO - Started process (PID=421) to work on /home/airflow/.local/lib/python3.7/site-packages/airflow/example_dags/tutorial.py
[2025-02-13T17:25:52.768+0000] {processor.py:756} INFO - Processing file /home/airflow/.local/lib/python3.7/site-packages/airflow/example_dags/tutorial.py for tasks to queue
[2025-02-13T17:25:52.772+0000] {logging_mixin.py:137} INFO - [2025-02-13T17:25:52.771+0000] {dagbag.py:537} INFO - Filling up the DagBag from /home/airflow/.local/lib/python3.7/site-packages/airflow/example_dags/tutorial.py
[2025-02-13T17:25:52.809+0000] {processor.py:766} INFO - DAG(s) dict_keys(['tutorial']) retrieved from /home/airflow/.local/lib/python3.7/site-packages/airflow/example_dags/tutorial.py
[2025-02-13T17:25:52.910+0000] {logging_mixin.py:137} INFO - [2025-02-13T17:25:52.910+0000] {dag.py:2585} INFO - Sync 1 DAGs
[2025-02-13T17:25:52.977+0000] {logging_mixin.py:137} INFO - [2025-02-13T17:25:52.977+0000] {dag.py:3340} INFO - Setting next_dagrun for tutorial to 2025-02-12T17:25:52.976892+00:00, run_after=2025-02-13T17:25:52.976892+00:00
[2025-02-13T17:25:53.034+0000] {processor.py:176} INFO - Processing /home/airflow/.local/lib/python3.7/site-packages/airflow/example_dags/tutorial.py took 0.284 seconds
[2025-02-13T17:26:23.538+0000] {processor.py:154} INFO - Started process (PID=604) to work on /home/airflow/.local/lib/python3.7/site-packages/airflow/example_dags/tutorial.py
[2025-02-13T17:26:23.541+0000] {processor.py:756} INFO - Processing file /home/airflow/.local/lib/python3.7/site-packages/airflow/example_dags/tutorial.py for tasks to queue
[2025-02-13T17:26:23.544+0000] {logging_mixin.py:137} INFO - [2025-02-13T17:26:23.543+0000] {dagbag.py:537} INFO - Filling up the DagBag from /home/airflow/.local/lib/python3.7/site-packages/airflow/example_dags/tutorial.py
[2025-02-13T17:26:23.624+0000] {processor.py:766} INFO - DAG(s) dict_keys(['tutorial']) retrieved from /home/airflow/.local/lib/python3.7/site-packages/airflow/example_dags/tutorial.py
[2025-02-13T17:26:23.747+0000] {logging_mixin.py:137} INFO - [2025-02-13T17:26:23.746+0000] {dag.py:2585} INFO - Sync 1 DAGs
[2025-02-13T17:26:23.801+0000] {logging_mixin.py:137} INFO - [2025-02-13T17:26:23.800+0000] {dag.py:3340} INFO - Setting next_dagrun for tutorial to 2025-02-12T17:26:23.800454+00:00, run_after=2025-02-13T17:26:23.800454+00:00
[2025-02-13T17:26:23.863+0000] {processor.py:176} INFO - Processing /home/airflow/.local/lib/python3.7/site-packages/airflow/example_dags/tutorial.py took 0.338 seconds
[2025-02-13T17:26:54.018+0000] {processor.py:154} INFO - Started process (PID=784) to work on /home/airflow/.local/lib/python3.7/site-packages/airflow/example_dags/tutorial.py
[2025-02-13T17:26:54.022+0000] {processor.py:756} INFO - Processing file /home/airflow/.local/lib/python3.7/site-packages/airflow/example_dags/tutorial.py for tasks to queue
[2025-02-13T17:26:54.024+0000] {logging_mixin.py:137} INFO - [2025-02-13T17:26:54.024+0000] {dagbag.py:537} INFO - Filling up the DagBag from /home/airflow/.local/lib/python3.7/site-packages/airflow/example_dags/tutorial.py
[2025-02-13T17:26:54.056+0000] {processor.py:766} INFO - DAG(s) dict_keys(['tutorial']) retrieved from /home/airflow/.local/lib/python3.7/site-packages/airflow/example_dags/tutorial.py
[2025-02-13T17:26:54.132+0000] {logging_mixin.py:137} INFO - [2025-02-13T17:26:54.131+0000] {dag.py:2585} INFO - Sync 1 DAGs
[2025-02-13T17:26:54.185+0000] {logging_mixin.py:137} INFO - [2025-02-13T17:26:54.185+0000] {dag.py:3340} INFO - Setting next_dagrun for tutorial to 2025-02-12T17:26:54.185036+00:00, run_after=2025-02-13T17:26:54.185036+00:00
[2025-02-13T17:26:54.219+0000] {processor.py:176} INFO - Processing /home/airflow/.local/lib/python3.7/site-packages/airflow/example_dags/tutorial.py took 0.206 seconds
[2025-02-13T17:27:24.520+0000] {processor.py:154} INFO - Started process (PID=962) to work on /home/airflow/.local/lib/python3.7/site-packages/airflow/example_dags/tutorial.py
[2025-02-13T17:27:24.522+0000] {processor.py:756} INFO - Processing file /home/airflow/.local/lib/python3.7/site-packages/airflow/example_dags/tutorial.py for tasks to queue
[2025-02-13T17:27:24.526+0000] {logging_mixin.py:137} INFO - [2025-02-13T17:27:24.525+0000] {dagbag.py:537} INFO - Filling up the DagBag from /home/airflow/.local/lib/python3.7/site-packages/airflow/example_dags/tutorial.py
[2025-02-13T17:27:24.563+0000] {processor.py:766} INFO - DAG(s) dict_keys(['tutorial']) retrieved from /home/airflow/.local/lib/python3.7/site-packages/airflow/example_dags/tutorial.py
[2025-02-13T17:27:24.654+0000] {logging_mixin.py:137} INFO - [2025-02-13T17:27:24.654+0000] {dag.py:2585} INFO - Sync 1 DAGs
[2025-02-13T17:27:24.792+0000] {logging_mixin.py:137} INFO - [2025-02-13T17:27:24.789+0000] {dag.py:3340} INFO - Setting next_dagrun for tutorial to 2025-02-12T17:27:24.785360+00:00, run_after=2025-02-13T17:27:24.785360+00:00
[2025-02-13T17:27:24.875+0000] {processor.py:176} INFO - Processing /home/airflow/.local/lib/python3.7/site-packages/airflow/example_dags/tutorial.py took 0.359 seconds
[2025-02-13T17:27:55.219+0000] {processor.py:154} INFO - Started process (PID=1144) to work on /home/airflow/.local/lib/python3.7/site-packages/airflow/example_dags/tutorial.py
[2025-02-13T17:27:55.222+0000] {processor.py:756} INFO - Processing file /home/airflow/.local/lib/python3.7/site-packages/airflow/example_dags/tutorial.py for tasks to queue
[2025-02-13T17:27:55.224+0000] {logging_mixin.py:137} INFO - [2025-02-13T17:27:55.224+0000] {dagbag.py:537} INFO - Filling up the DagBag from /home/airflow/.local/lib/python3.7/site-packages/airflow/example_dags/tutorial.py
[2025-02-13T17:27:55.246+0000] {processor.py:766} INFO - DAG(s) dict_keys(['tutorial']) retrieved from /home/airflow/.local/lib/python3.7/site-packages/airflow/example_dags/tutorial.py
[2025-02-13T17:27:55.298+0000] {logging_mixin.py:137} INFO - [2025-02-13T17:27:55.298+0000] {dag.py:2585} INFO - Sync 1 DAGs
[2025-02-13T17:27:55.375+0000] {logging_mixin.py:137} INFO - [2025-02-13T17:27:55.374+0000] {dag.py:3340} INFO - Setting next_dagrun for tutorial to 2025-02-12T17:27:55.373983+00:00, run_after=2025-02-13T17:27:55.373983+00:00
[2025-02-13T17:27:55.445+0000] {processor.py:176} INFO - Processing /home/airflow/.local/lib/python3.7/site-packages/airflow/example_dags/tutorial.py took 0.230 seconds
[2025-02-13T17:28:25.682+0000] {processor.py:154} INFO - Started process (PID=1322) to work on /home/airflow/.local/lib/python3.7/site-packages/airflow/example_dags/tutorial.py
[2025-02-13T17:28:25.685+0000] {processor.py:756} INFO - Processing file /home/airflow/.local/lib/python3.7/site-packages/airflow/example_dags/tutorial.py for tasks to queue
[2025-02-13T17:28:25.687+0000] {logging_mixin.py:137} INFO - [2025-02-13T17:28:25.686+0000] {dagbag.py:537} INFO - Filling up the DagBag from /home/airflow/.local/lib/python3.7/site-packages/airflow/example_dags/tutorial.py
[2025-02-13T17:28:25.718+0000] {processor.py:766} INFO - DAG(s) dict_keys(['tutorial']) retrieved from /home/airflow/.local/lib/python3.7/site-packages/airflow/example_dags/tutorial.py
[2025-02-13T17:28:25.793+0000] {logging_mixin.py:137} INFO - [2025-02-13T17:28:25.792+0000] {dag.py:2585} INFO - Sync 1 DAGs
[2025-02-13T17:28:25.854+0000] {logging_mixin.py:137} INFO - [2025-02-13T17:28:25.853+0000] {dag.py:3340} INFO - Setting next_dagrun for tutorial to 2025-02-12T17:28:25.853263+00:00, run_after=2025-02-13T17:28:25.853263+00:00
[2025-02-13T17:28:25.911+0000] {processor.py:176} INFO - Processing /home/airflow/.local/lib/python3.7/site-packages/airflow/example_dags/tutorial.py took 0.237 seconds
[2025-02-13T17:28:56.872+0000] {processor.py:154} INFO - Started process (PID=1504) to work on /home/airflow/.local/lib/python3.7/site-packages/airflow/example_dags/tutorial.py
[2025-02-13T17:28:56.876+0000] {processor.py:756} INFO - Processing file /home/airflow/.local/lib/python3.7/site-packages/airflow/example_dags/tutorial.py for tasks to queue
[2025-02-13T17:28:56.879+0000] {logging_mixin.py:137} INFO - [2025-02-13T17:28:56.879+0000] {dagbag.py:537} INFO - Filling up the DagBag from /home/airflow/.local/lib/python3.7/site-packages/airflow/example_dags/tutorial.py
[2025-02-13T17:28:56.911+0000] {processor.py:766} INFO - DAG(s) dict_keys(['tutorial']) retrieved from /home/airflow/.local/lib/python3.7/site-packages/airflow/example_dags/tutorial.py
[2025-02-13T17:28:56.980+0000] {logging_mixin.py:137} INFO - [2025-02-13T17:28:56.980+0000] {dag.py:2585} INFO - Sync 1 DAGs
[2025-02-13T17:28:57.042+0000] {logging_mixin.py:137} INFO - [2025-02-13T17:28:57.042+0000] {dag.py:3340} INFO - Setting next_dagrun for tutorial to 2025-02-12T17:28:57.041985+00:00, run_after=2025-02-13T17:28:57.041985+00:00
[2025-02-13T17:28:57.087+0000] {processor.py:176} INFO - Processing /home/airflow/.local/lib/python3.7/site-packages/airflow/example_dags/tutorial.py took 0.226 seconds
[2025-02-13T17:29:27.259+0000] {processor.py:154} INFO - Started process (PID=1684) to work on /home/airflow/.local/lib/python3.7/site-packages/airflow/example_dags/tutorial.py
[2025-02-13T17:29:27.261+0000] {processor.py:756} INFO - Processing file /home/airflow/.local/lib/python3.7/site-packages/airflow/example_dags/tutorial.py for tasks to queue
[2025-02-13T17:29:27.263+0000] {logging_mixin.py:137} INFO - [2025-02-13T17:29:27.262+0000] {dagbag.py:537} INFO - Filling up the DagBag from /home/airflow/.local/lib/python3.7/site-packages/airflow/example_dags/tutorial.py
[2025-02-13T17:29:27.291+0000] {processor.py:766} INFO - DAG(s) dict_keys(['tutorial']) retrieved from /home/airflow/.local/lib/python3.7/site-packages/airflow/example_dags/tutorial.py
[2025-02-13T17:29:27.332+0000] {logging_mixin.py:137} INFO - [2025-02-13T17:29:27.331+0000] {dag.py:2585} INFO - Sync 1 DAGs
[2025-02-13T17:29:27.380+0000] {logging_mixin.py:137} INFO - [2025-02-13T17:29:27.379+0000] {dag.py:3340} INFO - Setting next_dagrun for tutorial to 2025-02-12T17:29:27.379460+00:00, run_after=2025-02-13T17:29:27.379460+00:00
[2025-02-13T17:29:27.421+0000] {processor.py:176} INFO - Processing /home/airflow/.local/lib/python3.7/site-packages/airflow/example_dags/tutorial.py took 0.167 seconds
[2025-02-13T17:29:58.438+0000] {processor.py:154} INFO - Started process (PID=1862) to work on /home/airflow/.local/lib/python3.7/site-packages/airflow/example_dags/tutorial.py
[2025-02-13T17:29:58.445+0000] {processor.py:756} INFO - Processing file /home/airflow/.local/lib/python3.7/site-packages/airflow/example_dags/tutorial.py for tasks to queue
[2025-02-13T17:29:58.449+0000] {logging_mixin.py:137} INFO - [2025-02-13T17:29:58.448+0000] {dagbag.py:537} INFO - Filling up the DagBag from /home/airflow/.local/lib/python3.7/site-packages/airflow/example_dags/tutorial.py
[2025-02-13T17:29:58.527+0000] {processor.py:766} INFO - DAG(s) dict_keys(['tutorial']) retrieved from /home/airflow/.local/lib/python3.7/site-packages/airflow/example_dags/tutorial.py
[2025-02-13T17:29:58.660+0000] {logging_mixin.py:137} INFO - [2025-02-13T17:29:58.659+0000] {dag.py:2585} INFO - Sync 1 DAGs
[2025-02-13T17:29:58.783+0000] {logging_mixin.py:137} INFO - [2025-02-13T17:29:58.783+0000] {dag.py:3340} INFO - Setting next_dagrun for tutorial to 2025-02-12T17:29:58.781772+00:00, run_after=2025-02-13T17:29:58.781772+00:00
[2025-02-13T17:29:58.869+0000] {processor.py:176} INFO - Processing /home/airflow/.local/lib/python3.7/site-packages/airflow/example_dags/tutorial.py took 0.438 seconds
[2025-02-13T17:30:29.692+0000] {processor.py:154} INFO - Started process (PID=2042) to work on /home/airflow/.local/lib/python3.7/site-packages/airflow/example_dags/tutorial.py
[2025-02-13T17:30:29.694+0000] {processor.py:756} INFO - Processing file /home/airflow/.local/lib/python3.7/site-packages/airflow/example_dags/tutorial.py for tasks to queue
[2025-02-13T17:30:29.697+0000] {logging_mixin.py:137} INFO - [2025-02-13T17:30:29.697+0000] {dagbag.py:537} INFO - Filling up the DagBag from /home/airflow/.local/lib/python3.7/site-packages/airflow/example_dags/tutorial.py
[2025-02-13T17:30:29.721+0000] {processor.py:766} INFO - DAG(s) dict_keys(['tutorial']) retrieved from /home/airflow/.local/lib/python3.7/site-packages/airflow/example_dags/tutorial.py
[2025-02-13T17:30:29.795+0000] {logging_mixin.py:137} INFO - [2025-02-13T17:30:29.794+0000] {dag.py:2585} INFO - Sync 1 DAGs
[2025-02-13T17:30:29.882+0000] {logging_mixin.py:137} INFO - [2025-02-13T17:30:29.881+0000] {dag.py:3340} INFO - Setting next_dagrun for tutorial to 2025-02-12T17:30:29.880739+00:00, run_after=2025-02-13T17:30:29.880739+00:00
[2025-02-13T17:30:29.928+0000] {processor.py:176} INFO - Processing /home/airflow/.local/lib/python3.7/site-packages/airflow/example_dags/tutorial.py took 0.254 seconds
[2025-02-13T17:31:01.133+0000] {processor.py:154} INFO - Started process (PID=2224) to work on /home/airflow/.local/lib/python3.7/site-packages/airflow/example_dags/tutorial.py
[2025-02-13T17:31:01.135+0000] {processor.py:756} INFO - Processing file /home/airflow/.local/lib/python3.7/site-packages/airflow/example_dags/tutorial.py for tasks to queue
[2025-02-13T17:31:01.138+0000] {logging_mixin.py:137} INFO - [2025-02-13T17:31:01.137+0000] {dagbag.py:537} INFO - Filling up the DagBag from /home/airflow/.local/lib/python3.7/site-packages/airflow/example_dags/tutorial.py
[2025-02-13T17:31:01.162+0000] {processor.py:766} INFO - DAG(s) dict_keys(['tutorial']) retrieved from /home/airflow/.local/lib/python3.7/site-packages/airflow/example_dags/tutorial.py
[2025-02-13T17:31:01.228+0000] {logging_mixin.py:137} INFO - [2025-02-13T17:31:01.227+0000] {dag.py:2585} INFO - Sync 1 DAGs
[2025-02-13T17:31:01.289+0000] {logging_mixin.py:137} INFO - [2025-02-13T17:31:01.289+0000] {dag.py:3340} INFO - Setting next_dagrun for tutorial to 2025-02-12T17:31:01.288362+00:00, run_after=2025-02-13T17:31:01.288362+00:00
[2025-02-13T17:31:01.336+0000] {processor.py:176} INFO - Processing /home/airflow/.local/lib/python3.7/site-packages/airflow/example_dags/tutorial.py took 0.214 seconds
[2025-02-13T17:31:31.663+0000] {processor.py:154} INFO - Started process (PID=2404) to work on /home/airflow/.local/lib/python3.7/site-packages/airflow/example_dags/tutorial.py
[2025-02-13T17:31:31.666+0000] {processor.py:756} INFO - Processing file /home/airflow/.local/lib/python3.7/site-packages/airflow/example_dags/tutorial.py for tasks to queue
[2025-02-13T17:31:31.668+0000] {logging_mixin.py:137} INFO - [2025-02-13T17:31:31.667+0000] {dagbag.py:537} INFO - Filling up the DagBag from /home/airflow/.local/lib/python3.7/site-packages/airflow/example_dags/tutorial.py
[2025-02-13T17:31:31.694+0000] {processor.py:766} INFO - DAG(s) dict_keys(['tutorial']) retrieved from /home/airflow/.local/lib/python3.7/site-packages/airflow/example_dags/tutorial.py
[2025-02-13T17:31:31.758+0000] {logging_mixin.py:137} INFO - [2025-02-13T17:31:31.758+0000] {dag.py:2585} INFO - Sync 1 DAGs
[2025-02-13T17:31:31.822+0000] {logging_mixin.py:137} INFO - [2025-02-13T17:31:31.822+0000] {dag.py:3340} INFO - Setting next_dagrun for tutorial to 2025-02-12T17:31:31.821668+00:00, run_after=2025-02-13T17:31:31.821668+00:00
[2025-02-13T17:31:31.886+0000] {processor.py:176} INFO - Processing /home/airflow/.local/lib/python3.7/site-packages/airflow/example_dags/tutorial.py took 0.230 seconds
[2025-02-13T17:32:02.059+0000] {processor.py:154} INFO - Started process (PID=2582) to work on /home/airflow/.local/lib/python3.7/site-packages/airflow/example_dags/tutorial.py
[2025-02-13T17:32:02.061+0000] {processor.py:756} INFO - Processing file /home/airflow/.local/lib/python3.7/site-packages/airflow/example_dags/tutorial.py for tasks to queue
[2025-02-13T17:32:02.064+0000] {logging_mixin.py:137} INFO - [2025-02-13T17:32:02.063+0000] {dagbag.py:537} INFO - Filling up the DagBag from /home/airflow/.local/lib/python3.7/site-packages/airflow/example_dags/tutorial.py
[2025-02-13T17:32:02.092+0000] {processor.py:766} INFO - DAG(s) dict_keys(['tutorial']) retrieved from /home/airflow/.local/lib/python3.7/site-packages/airflow/example_dags/tutorial.py
[2025-02-13T17:32:02.210+0000] {logging_mixin.py:137} INFO - [2025-02-13T17:32:02.210+0000] {dag.py:2585} INFO - Sync 1 DAGs
[2025-02-13T17:32:02.295+0000] {logging_mixin.py:137} INFO - [2025-02-13T17:32:02.295+0000] {dag.py:3340} INFO - Setting next_dagrun for tutorial to 2025-02-12T17:32:02.294669+00:00, run_after=2025-02-13T17:32:02.294669+00:00
[2025-02-13T17:32:02.375+0000] {processor.py:176} INFO - Processing /home/airflow/.local/lib/python3.7/site-packages/airflow/example_dags/tutorial.py took 0.328 seconds
[2025-02-13T17:32:33.165+0000] {processor.py:154} INFO - Started process (PID=2764) to work on /home/airflow/.local/lib/python3.7/site-packages/airflow/example_dags/tutorial.py
[2025-02-13T17:32:33.169+0000] {processor.py:756} INFO - Processing file /home/airflow/.local/lib/python3.7/site-packages/airflow/example_dags/tutorial.py for tasks to queue
[2025-02-13T17:32:33.172+0000] {logging_mixin.py:137} INFO - [2025-02-13T17:32:33.171+0000] {dagbag.py:537} INFO - Filling up the DagBag from /home/airflow/.local/lib/python3.7/site-packages/airflow/example_dags/tutorial.py
[2025-02-13T17:32:33.223+0000] {processor.py:766} INFO - DAG(s) dict_keys(['tutorial']) retrieved from /home/airflow/.local/lib/python3.7/site-packages/airflow/example_dags/tutorial.py
[2025-02-13T17:32:33.315+0000] {logging_mixin.py:137} INFO - [2025-02-13T17:32:33.315+0000] {dag.py:2585} INFO - Sync 1 DAGs
[2025-02-13T17:32:33.384+0000] {logging_mixin.py:137} INFO - [2025-02-13T17:32:33.384+0000] {dag.py:3340} INFO - Setting next_dagrun for tutorial to 2025-02-12T17:32:33.383647+00:00, run_after=2025-02-13T17:32:33.383647+00:00
[2025-02-13T17:32:33.423+0000] {processor.py:176} INFO - Processing /home/airflow/.local/lib/python3.7/site-packages/airflow/example_dags/tutorial.py took 0.265 seconds
[2025-02-13T17:33:03.875+0000] {processor.py:154} INFO - Started process (PID=2944) to work on /home/airflow/.local/lib/python3.7/site-packages/airflow/example_dags/tutorial.py
[2025-02-13T17:33:03.877+0000] {processor.py:756} INFO - Processing file /home/airflow/.local/lib/python3.7/site-packages/airflow/example_dags/tutorial.py for tasks to queue
[2025-02-13T17:33:03.880+0000] {logging_mixin.py:137} INFO - [2025-02-13T17:33:03.880+0000] {dagbag.py:537} INFO - Filling up the DagBag from /home/airflow/.local/lib/python3.7/site-packages/airflow/example_dags/tutorial.py
[2025-02-13T17:33:03.910+0000] {processor.py:766} INFO - DAG(s) dict_keys(['tutorial']) retrieved from /home/airflow/.local/lib/python3.7/site-packages/airflow/example_dags/tutorial.py
[2025-02-13T17:33:03.972+0000] {logging_mixin.py:137} INFO - [2025-02-13T17:33:03.972+0000] {dag.py:2585} INFO - Sync 1 DAGs
[2025-02-13T17:33:04.029+0000] {logging_mixin.py:137} INFO - [2025-02-13T17:33:04.029+0000] {dag.py:3340} INFO - Setting next_dagrun for tutorial to 2025-02-12T17:33:04.028690+00:00, run_after=2025-02-13T17:33:04.028690+00:00
[2025-02-13T17:33:04.093+0000] {processor.py:176} INFO - Processing /home/airflow/.local/lib/python3.7/site-packages/airflow/example_dags/tutorial.py took 0.225 seconds
[2025-02-13T17:33:34.338+0000] {processor.py:154} INFO - Started process (PID=3124) to work on /home/airflow/.local/lib/python3.7/site-packages/airflow/example_dags/tutorial.py
[2025-02-13T17:33:34.341+0000] {processor.py:756} INFO - Processing file /home/airflow/.local/lib/python3.7/site-packages/airflow/example_dags/tutorial.py for tasks to queue
[2025-02-13T17:33:34.344+0000] {logging_mixin.py:137} INFO - [2025-02-13T17:33:34.344+0000] {dagbag.py:537} INFO - Filling up the DagBag from /home/airflow/.local/lib/python3.7/site-packages/airflow/example_dags/tutorial.py
[2025-02-13T17:33:34.368+0000] {processor.py:766} INFO - DAG(s) dict_keys(['tutorial']) retrieved from /home/airflow/.local/lib/python3.7/site-packages/airflow/example_dags/tutorial.py
[2025-02-13T17:33:34.441+0000] {logging_mixin.py:137} INFO - [2025-02-13T17:33:34.440+0000] {dag.py:2585} INFO - Sync 1 DAGs
[2025-02-13T17:33:34.490+0000] {logging_mixin.py:137} INFO - [2025-02-13T17:33:34.489+0000] {dag.py:3340} INFO - Setting next_dagrun for tutorial to 2025-02-12T17:33:34.489605+00:00, run_after=2025-02-13T17:33:34.489605+00:00
[2025-02-13T17:33:34.530+0000] {processor.py:176} INFO - Processing /home/airflow/.local/lib/python3.7/site-packages/airflow/example_dags/tutorial.py took 0.198 seconds
[2025-02-13T17:34:04.997+0000] {processor.py:154} INFO - Started process (PID=3304) to work on /home/airflow/.local/lib/python3.7/site-packages/airflow/example_dags/tutorial.py
[2025-02-13T17:34:04.999+0000] {processor.py:756} INFO - Processing file /home/airflow/.local/lib/python3.7/site-packages/airflow/example_dags/tutorial.py for tasks to queue
[2025-02-13T17:34:05.002+0000] {logging_mixin.py:137} INFO - [2025-02-13T17:34:05.001+0000] {dagbag.py:537} INFO - Filling up the DagBag from /home/airflow/.local/lib/python3.7/site-packages/airflow/example_dags/tutorial.py
[2025-02-13T17:34:05.031+0000] {processor.py:766} INFO - DAG(s) dict_keys(['tutorial']) retrieved from /home/airflow/.local/lib/python3.7/site-packages/airflow/example_dags/tutorial.py
[2025-02-13T17:34:05.109+0000] {logging_mixin.py:137} INFO - [2025-02-13T17:34:05.109+0000] {dag.py:2585} INFO - Sync 1 DAGs
[2025-02-13T17:34:05.167+0000] {logging_mixin.py:137} INFO - [2025-02-13T17:34:05.166+0000] {dag.py:3340} INFO - Setting next_dagrun for tutorial to 2025-02-12T17:34:05.166202+00:00, run_after=2025-02-13T17:34:05.166202+00:00
[2025-02-13T17:34:05.238+0000] {processor.py:176} INFO - Processing /home/airflow/.local/lib/python3.7/site-packages/airflow/example_dags/tutorial.py took 0.246 seconds
[2025-02-13T17:34:35.585+0000] {processor.py:154} INFO - Started process (PID=3489) to work on /home/airflow/.local/lib/python3.7/site-packages/airflow/example_dags/tutorial.py
[2025-02-13T17:34:35.588+0000] {processor.py:756} INFO - Processing file /home/airflow/.local/lib/python3.7/site-packages/airflow/example_dags/tutorial.py for tasks to queue
[2025-02-13T17:34:35.591+0000] {logging_mixin.py:137} INFO - [2025-02-13T17:34:35.590+0000] {dagbag.py:537} INFO - Filling up the DagBag from /home/airflow/.local/lib/python3.7/site-packages/airflow/example_dags/tutorial.py
[2025-02-13T17:34:35.624+0000] {processor.py:766} INFO - DAG(s) dict_keys(['tutorial']) retrieved from /home/airflow/.local/lib/python3.7/site-packages/airflow/example_dags/tutorial.py
[2025-02-13T17:34:35.704+0000] {logging_mixin.py:137} INFO - [2025-02-13T17:34:35.703+0000] {dag.py:2585} INFO - Sync 1 DAGs
[2025-02-13T17:34:35.763+0000] {logging_mixin.py:137} INFO - [2025-02-13T17:34:35.763+0000] {dag.py:3340} INFO - Setting next_dagrun for tutorial to 2025-02-12T17:34:35.762850+00:00, run_after=2025-02-13T17:34:35.762850+00:00
[2025-02-13T17:34:35.816+0000] {processor.py:176} INFO - Processing /home/airflow/.local/lib/python3.7/site-packages/airflow/example_dags/tutorial.py took 0.238 seconds
[2025-02-13T17:35:06.011+0000] {processor.py:154} INFO - Started process (PID=3669) to work on /home/airflow/.local/lib/python3.7/site-packages/airflow/example_dags/tutorial.py
[2025-02-13T17:35:06.013+0000] {processor.py:756} INFO - Processing file /home/airflow/.local/lib/python3.7/site-packages/airflow/example_dags/tutorial.py for tasks to queue
[2025-02-13T17:35:06.015+0000] {logging_mixin.py:137} INFO - [2025-02-13T17:35:06.015+0000] {dagbag.py:537} INFO - Filling up the DagBag from /home/airflow/.local/lib/python3.7/site-packages/airflow/example_dags/tutorial.py
[2025-02-13T17:35:06.048+0000] {processor.py:766} INFO - DAG(s) dict_keys(['tutorial']) retrieved from /home/airflow/.local/lib/python3.7/site-packages/airflow/example_dags/tutorial.py
[2025-02-13T17:35:06.195+0000] {logging_mixin.py:137} INFO - [2025-02-13T17:35:06.194+0000] {dag.py:2585} INFO - Sync 1 DAGs
[2025-02-13T17:35:06.245+0000] {logging_mixin.py:137} INFO - [2025-02-13T17:35:06.244+0000] {dag.py:3340} INFO - Setting next_dagrun for tutorial to 2025-02-12T17:35:06.244449+00:00, run_after=2025-02-13T17:35:06.244449+00:00
[2025-02-13T17:35:06.302+0000] {processor.py:176} INFO - Processing /home/airflow/.local/lib/python3.7/site-packages/airflow/example_dags/tutorial.py took 0.299 seconds
[2025-02-13T17:35:36.552+0000] {processor.py:154} INFO - Started process (PID=3849) to work on /home/airflow/.local/lib/python3.7/site-packages/airflow/example_dags/tutorial.py
[2025-02-13T17:35:36.555+0000] {processor.py:756} INFO - Processing file /home/airflow/.local/lib/python3.7/site-packages/airflow/example_dags/tutorial.py for tasks to queue
[2025-02-13T17:35:36.557+0000] {logging_mixin.py:137} INFO - [2025-02-13T17:35:36.557+0000] {dagbag.py:537} INFO - Filling up the DagBag from /home/airflow/.local/lib/python3.7/site-packages/airflow/example_dags/tutorial.py
[2025-02-13T17:35:36.582+0000] {processor.py:766} INFO - DAG(s) dict_keys(['tutorial']) retrieved from /home/airflow/.local/lib/python3.7/site-packages/airflow/example_dags/tutorial.py
[2025-02-13T17:35:36.669+0000] {logging_mixin.py:137} INFO - [2025-02-13T17:35:36.669+0000] {dag.py:2585} INFO - Sync 1 DAGs
[2025-02-13T17:35:36.719+0000] {logging_mixin.py:137} INFO - [2025-02-13T17:35:36.719+0000] {dag.py:3340} INFO - Setting next_dagrun for tutorial to 2025-02-12T17:35:36.719350+00:00, run_after=2025-02-13T17:35:36.719350+00:00
[2025-02-13T17:35:36.758+0000] {processor.py:176} INFO - Processing /home/airflow/.local/lib/python3.7/site-packages/airflow/example_dags/tutorial.py took 0.212 seconds
[2025-02-13T17:36:06.930+0000] {processor.py:154} INFO - Started process (PID=4029) to work on /home/airflow/.local/lib/python3.7/site-packages/airflow/example_dags/tutorial.py
[2025-02-13T17:36:06.932+0000] {processor.py:756} INFO - Processing file /home/airflow/.local/lib/python3.7/site-packages/airflow/example_dags/tutorial.py for tasks to queue
[2025-02-13T17:36:06.933+0000] {logging_mixin.py:137} INFO - [2025-02-13T17:36:06.933+0000] {dagbag.py:537} INFO - Filling up the DagBag from /home/airflow/.local/lib/python3.7/site-packages/airflow/example_dags/tutorial.py
[2025-02-13T17:36:06.957+0000] {processor.py:766} INFO - DAG(s) dict_keys(['tutorial']) retrieved from /home/airflow/.local/lib/python3.7/site-packages/airflow/example_dags/tutorial.py
[2025-02-13T17:36:07.028+0000] {logging_mixin.py:137} INFO - [2025-02-13T17:36:07.027+0000] {dag.py:2585} INFO - Sync 1 DAGs
[2025-02-13T17:36:07.071+0000] {logging_mixin.py:137} INFO - [2025-02-13T17:36:07.071+0000] {dag.py:3340} INFO - Setting next_dagrun for tutorial to 2025-02-12T17:36:07.070684+00:00, run_after=2025-02-13T17:36:07.070684+00:00
[2025-02-13T17:36:07.105+0000] {processor.py:176} INFO - Processing /home/airflow/.local/lib/python3.7/site-packages/airflow/example_dags/tutorial.py took 0.181 seconds
[2025-02-13T17:36:37.379+0000] {processor.py:154} INFO - Started process (PID=4209) to work on /home/airflow/.local/lib/python3.7/site-packages/airflow/example_dags/tutorial.py
[2025-02-13T17:36:37.381+0000] {processor.py:756} INFO - Processing file /home/airflow/.local/lib/python3.7/site-packages/airflow/example_dags/tutorial.py for tasks to queue
[2025-02-13T17:36:37.383+0000] {logging_mixin.py:137} INFO - [2025-02-13T17:36:37.383+0000] {dagbag.py:537} INFO - Filling up the DagBag from /home/airflow/.local/lib/python3.7/site-packages/airflow/example_dags/tutorial.py
[2025-02-13T17:36:37.407+0000] {processor.py:766} INFO - DAG(s) dict_keys(['tutorial']) retrieved from /home/airflow/.local/lib/python3.7/site-packages/airflow/example_dags/tutorial.py
[2025-02-13T17:36:37.490+0000] {logging_mixin.py:137} INFO - [2025-02-13T17:36:37.490+0000] {dag.py:2585} INFO - Sync 1 DAGs
[2025-02-13T17:36:37.532+0000] {logging_mixin.py:137} INFO - [2025-02-13T17:36:37.532+0000] {dag.py:3340} INFO - Setting next_dagrun for tutorial to 2025-02-12T17:36:37.532027+00:00, run_after=2025-02-13T17:36:37.532027+00:00
[2025-02-13T17:36:37.577+0000] {processor.py:176} INFO - Processing /home/airflow/.local/lib/python3.7/site-packages/airflow/example_dags/tutorial.py took 0.205 seconds
[2025-02-13T17:37:07.732+0000] {processor.py:154} INFO - Started process (PID=4389) to work on /home/airflow/.local/lib/python3.7/site-packages/airflow/example_dags/tutorial.py
[2025-02-13T17:37:07.734+0000] {processor.py:756} INFO - Processing file /home/airflow/.local/lib/python3.7/site-packages/airflow/example_dags/tutorial.py for tasks to queue
[2025-02-13T17:37:07.736+0000] {logging_mixin.py:137} INFO - [2025-02-13T17:37:07.736+0000] {dagbag.py:537} INFO - Filling up the DagBag from /home/airflow/.local/lib/python3.7/site-packages/airflow/example_dags/tutorial.py
[2025-02-13T17:37:07.763+0000] {processor.py:766} INFO - DAG(s) dict_keys(['tutorial']) retrieved from /home/airflow/.local/lib/python3.7/site-packages/airflow/example_dags/tutorial.py
[2025-02-13T17:37:07.845+0000] {logging_mixin.py:137} INFO - [2025-02-13T17:37:07.845+0000] {dag.py:2585} INFO - Sync 1 DAGs
[2025-02-13T17:37:07.891+0000] {logging_mixin.py:137} INFO - [2025-02-13T17:37:07.891+0000] {dag.py:3340} INFO - Setting next_dagrun for tutorial to 2025-02-12T17:37:07.891105+00:00, run_after=2025-02-13T17:37:07.891105+00:00
[2025-02-13T17:37:07.928+0000] {processor.py:176} INFO - Processing /home/airflow/.local/lib/python3.7/site-packages/airflow/example_dags/tutorial.py took 0.202 seconds
[2025-02-13T17:37:38.283+0000] {processor.py:154} INFO - Started process (PID=4569) to work on /home/airflow/.local/lib/python3.7/site-packages/airflow/example_dags/tutorial.py
[2025-02-13T17:37:38.284+0000] {processor.py:756} INFO - Processing file /home/airflow/.local/lib/python3.7/site-packages/airflow/example_dags/tutorial.py for tasks to queue
[2025-02-13T17:37:38.286+0000] {logging_mixin.py:137} INFO - [2025-02-13T17:37:38.286+0000] {dagbag.py:537} INFO - Filling up the DagBag from /home/airflow/.local/lib/python3.7/site-packages/airflow/example_dags/tutorial.py
[2025-02-13T17:37:38.306+0000] {processor.py:766} INFO - DAG(s) dict_keys(['tutorial']) retrieved from /home/airflow/.local/lib/python3.7/site-packages/airflow/example_dags/tutorial.py
[2025-02-13T17:37:38.369+0000] {logging_mixin.py:137} INFO - [2025-02-13T17:37:38.369+0000] {dag.py:2585} INFO - Sync 1 DAGs
[2025-02-13T17:37:38.413+0000] {logging_mixin.py:137} INFO - [2025-02-13T17:37:38.413+0000] {dag.py:3340} INFO - Setting next_dagrun for tutorial to 2025-02-12T17:37:38.412962+00:00, run_after=2025-02-13T17:37:38.412962+00:00
[2025-02-13T17:37:38.445+0000] {processor.py:176} INFO - Processing /home/airflow/.local/lib/python3.7/site-packages/airflow/example_dags/tutorial.py took 0.167 seconds
[2025-02-13T17:38:09.129+0000] {processor.py:154} INFO - Started process (PID=4749) to work on /home/airflow/.local/lib/python3.7/site-packages/airflow/example_dags/tutorial.py
[2025-02-13T17:38:09.131+0000] {processor.py:756} INFO - Processing file /home/airflow/.local/lib/python3.7/site-packages/airflow/example_dags/tutorial.py for tasks to queue
[2025-02-13T17:38:09.133+0000] {logging_mixin.py:137} INFO - [2025-02-13T17:38:09.133+0000] {dagbag.py:537} INFO - Filling up the DagBag from /home/airflow/.local/lib/python3.7/site-packages/airflow/example_dags/tutorial.py
[2025-02-13T17:38:09.159+0000] {processor.py:766} INFO - DAG(s) dict_keys(['tutorial']) retrieved from /home/airflow/.local/lib/python3.7/site-packages/airflow/example_dags/tutorial.py
[2025-02-13T17:38:09.236+0000] {logging_mixin.py:137} INFO - [2025-02-13T17:38:09.235+0000] {dag.py:2585} INFO - Sync 1 DAGs
[2025-02-13T17:38:09.287+0000] {logging_mixin.py:137} INFO - [2025-02-13T17:38:09.286+0000] {dag.py:3340} INFO - Setting next_dagrun for tutorial to 2025-02-12T17:38:09.286281+00:00, run_after=2025-02-13T17:38:09.286281+00:00
[2025-02-13T17:38:09.323+0000] {processor.py:176} INFO - Processing /home/airflow/.local/lib/python3.7/site-packages/airflow/example_dags/tutorial.py took 0.202 seconds
[2025-02-13T17:38:40.112+0000] {processor.py:154} INFO - Started process (PID=4929) to work on /home/airflow/.local/lib/python3.7/site-packages/airflow/example_dags/tutorial.py
[2025-02-13T17:38:40.114+0000] {processor.py:756} INFO - Processing file /home/airflow/.local/lib/python3.7/site-packages/airflow/example_dags/tutorial.py for tasks to queue
[2025-02-13T17:38:40.116+0000] {logging_mixin.py:137} INFO - [2025-02-13T17:38:40.116+0000] {dagbag.py:537} INFO - Filling up the DagBag from /home/airflow/.local/lib/python3.7/site-packages/airflow/example_dags/tutorial.py
[2025-02-13T17:38:40.147+0000] {processor.py:766} INFO - DAG(s) dict_keys(['tutorial']) retrieved from /home/airflow/.local/lib/python3.7/site-packages/airflow/example_dags/tutorial.py
[2025-02-13T17:38:40.216+0000] {logging_mixin.py:137} INFO - [2025-02-13T17:38:40.216+0000] {dag.py:2585} INFO - Sync 1 DAGs
[2025-02-13T17:38:40.260+0000] {logging_mixin.py:137} INFO - [2025-02-13T17:38:40.259+0000] {dag.py:3340} INFO - Setting next_dagrun for tutorial to 2025-02-12T17:38:40.259393+00:00, run_after=2025-02-13T17:38:40.259393+00:00
[2025-02-13T17:38:40.300+0000] {processor.py:176} INFO - Processing /home/airflow/.local/lib/python3.7/site-packages/airflow/example_dags/tutorial.py took 0.195 seconds
[2025-02-13T17:39:39.988+0000] {processor.py:154} INFO - Started process (PID=5104) to work on /home/airflow/.local/lib/python3.7/site-packages/airflow/example_dags/tutorial.py
[2025-02-13T17:39:39.992+0000] {processor.py:756} INFO - Processing file /home/airflow/.local/lib/python3.7/site-packages/airflow/example_dags/tutorial.py for tasks to queue
[2025-02-13T17:39:40.002+0000] {logging_mixin.py:137} INFO - [2025-02-13T17:39:40.001+0000] {dagbag.py:537} INFO - Filling up the DagBag from /home/airflow/.local/lib/python3.7/site-packages/airflow/example_dags/tutorial.py
[2025-02-13T17:39:40.038+0000] {processor.py:766} INFO - DAG(s) dict_keys(['tutorial']) retrieved from /home/airflow/.local/lib/python3.7/site-packages/airflow/example_dags/tutorial.py
[2025-02-13T17:39:40.103+0000] {logging_mixin.py:137} INFO - [2025-02-13T17:39:40.103+0000] {dag.py:2585} INFO - Sync 1 DAGs
[2025-02-13T17:39:40.141+0000] {logging_mixin.py:137} INFO - [2025-02-13T17:39:40.141+0000] {dag.py:3340} INFO - Setting next_dagrun for tutorial to 2025-02-12T17:39:40.140626+00:00, run_after=2025-02-13T17:39:40.140626+00:00
[2025-02-13T17:39:40.179+0000] {processor.py:176} INFO - Processing /home/airflow/.local/lib/python3.7/site-packages/airflow/example_dags/tutorial.py took 0.201 seconds
[2025-02-13T17:40:10.849+0000] {processor.py:154} INFO - Started process (PID=5284) to work on /home/airflow/.local/lib/python3.7/site-packages/airflow/example_dags/tutorial.py
[2025-02-13T17:40:10.852+0000] {processor.py:756} INFO - Processing file /home/airflow/.local/lib/python3.7/site-packages/airflow/example_dags/tutorial.py for tasks to queue
[2025-02-13T17:40:10.855+0000] {logging_mixin.py:137} INFO - [2025-02-13T17:40:10.855+0000] {dagbag.py:537} INFO - Filling up the DagBag from /home/airflow/.local/lib/python3.7/site-packages/airflow/example_dags/tutorial.py
[2025-02-13T17:40:10.894+0000] {processor.py:766} INFO - DAG(s) dict_keys(['tutorial']) retrieved from /home/airflow/.local/lib/python3.7/site-packages/airflow/example_dags/tutorial.py
[2025-02-13T17:40:11.010+0000] {logging_mixin.py:137} INFO - [2025-02-13T17:40:11.009+0000] {dag.py:2585} INFO - Sync 1 DAGs
[2025-02-13T17:40:11.080+0000] {logging_mixin.py:137} INFO - [2025-02-13T17:40:11.079+0000] {dag.py:3340} INFO - Setting next_dagrun for tutorial to 2025-02-12T17:40:11.078500+00:00, run_after=2025-02-13T17:40:11.078500+00:00
[2025-02-13T17:40:11.135+0000] {processor.py:176} INFO - Processing /home/airflow/.local/lib/python3.7/site-packages/airflow/example_dags/tutorial.py took 0.293 seconds
[2025-02-13T17:40:41.685+0000] {processor.py:154} INFO - Started process (PID=5466) to work on /home/airflow/.local/lib/python3.7/site-packages/airflow/example_dags/tutorial.py
[2025-02-13T17:40:41.688+0000] {processor.py:756} INFO - Processing file /home/airflow/.local/lib/python3.7/site-packages/airflow/example_dags/tutorial.py for tasks to queue
[2025-02-13T17:40:41.690+0000] {logging_mixin.py:137} INFO - [2025-02-13T17:40:41.690+0000] {dagbag.py:537} INFO - Filling up the DagBag from /home/airflow/.local/lib/python3.7/site-packages/airflow/example_dags/tutorial.py
[2025-02-13T17:40:41.728+0000] {processor.py:766} INFO - DAG(s) dict_keys(['tutorial']) retrieved from /home/airflow/.local/lib/python3.7/site-packages/airflow/example_dags/tutorial.py
[2025-02-13T17:40:41.810+0000] {logging_mixin.py:137} INFO - [2025-02-13T17:40:41.810+0000] {dag.py:2585} INFO - Sync 1 DAGs
[2025-02-13T17:40:41.863+0000] {logging_mixin.py:137} INFO - [2025-02-13T17:40:41.863+0000] {dag.py:3340} INFO - Setting next_dagrun for tutorial to 2025-02-12T17:40:41.862761+00:00, run_after=2025-02-13T17:40:41.862761+00:00
[2025-02-13T17:40:41.926+0000] {processor.py:176} INFO - Processing /home/airflow/.local/lib/python3.7/site-packages/airflow/example_dags/tutorial.py took 0.247 seconds
[2025-02-13T17:41:13.010+0000] {processor.py:154} INFO - Started process (PID=5644) to work on /home/airflow/.local/lib/python3.7/site-packages/airflow/example_dags/tutorial.py
[2025-02-13T17:41:13.012+0000] {processor.py:756} INFO - Processing file /home/airflow/.local/lib/python3.7/site-packages/airflow/example_dags/tutorial.py for tasks to queue
[2025-02-13T17:41:13.014+0000] {logging_mixin.py:137} INFO - [2025-02-13T17:41:13.014+0000] {dagbag.py:537} INFO - Filling up the DagBag from /home/airflow/.local/lib/python3.7/site-packages/airflow/example_dags/tutorial.py
[2025-02-13T17:41:13.041+0000] {processor.py:766} INFO - DAG(s) dict_keys(['tutorial']) retrieved from /home/airflow/.local/lib/python3.7/site-packages/airflow/example_dags/tutorial.py
[2025-02-13T17:41:13.122+0000] {logging_mixin.py:137} INFO - [2025-02-13T17:41:13.122+0000] {dag.py:2585} INFO - Sync 1 DAGs
[2025-02-13T17:41:13.170+0000] {logging_mixin.py:137} INFO - [2025-02-13T17:41:13.169+0000] {dag.py:3340} INFO - Setting next_dagrun for tutorial to 2025-02-12T17:41:13.169165+00:00, run_after=2025-02-13T17:41:13.169165+00:00
[2025-02-13T17:41:13.208+0000] {processor.py:176} INFO - Processing /home/airflow/.local/lib/python3.7/site-packages/airflow/example_dags/tutorial.py took 0.204 seconds
[2025-02-13T17:41:43.551+0000] {processor.py:154} INFO - Started process (PID=5824) to work on /home/airflow/.local/lib/python3.7/site-packages/airflow/example_dags/tutorial.py
[2025-02-13T17:41:43.553+0000] {processor.py:756} INFO - Processing file /home/airflow/.local/lib/python3.7/site-packages/airflow/example_dags/tutorial.py for tasks to queue
[2025-02-13T17:41:43.555+0000] {logging_mixin.py:137} INFO - [2025-02-13T17:41:43.555+0000] {dagbag.py:537} INFO - Filling up the DagBag from /home/airflow/.local/lib/python3.7/site-packages/airflow/example_dags/tutorial.py
[2025-02-13T17:41:43.581+0000] {processor.py:766} INFO - DAG(s) dict_keys(['tutorial']) retrieved from /home/airflow/.local/lib/python3.7/site-packages/airflow/example_dags/tutorial.py
[2025-02-13T17:41:43.659+0000] {logging_mixin.py:137} INFO - [2025-02-13T17:41:43.659+0000] {dag.py:2585} INFO - Sync 1 DAGs
[2025-02-13T17:41:43.698+0000] {logging_mixin.py:137} INFO - [2025-02-13T17:41:43.698+0000] {dag.py:3340} INFO - Setting next_dagrun for tutorial to 2025-02-12T17:41:43.698302+00:00, run_after=2025-02-13T17:41:43.698302+00:00
[2025-02-13T17:41:43.749+0000] {processor.py:176} INFO - Processing /home/airflow/.local/lib/python3.7/site-packages/airflow/example_dags/tutorial.py took 0.203 seconds
[2025-02-13T17:42:13.890+0000] {processor.py:154} INFO - Started process (PID=6004) to work on /home/airflow/.local/lib/python3.7/site-packages/airflow/example_dags/tutorial.py
[2025-02-13T17:42:13.892+0000] {processor.py:756} INFO - Processing file /home/airflow/.local/lib/python3.7/site-packages/airflow/example_dags/tutorial.py for tasks to queue
[2025-02-13T17:42:13.894+0000] {logging_mixin.py:137} INFO - [2025-02-13T17:42:13.893+0000] {dagbag.py:537} INFO - Filling up the DagBag from /home/airflow/.local/lib/python3.7/site-packages/airflow/example_dags/tutorial.py
[2025-02-13T17:42:13.917+0000] {processor.py:766} INFO - DAG(s) dict_keys(['tutorial']) retrieved from /home/airflow/.local/lib/python3.7/site-packages/airflow/example_dags/tutorial.py
[2025-02-13T17:42:14.028+0000] {logging_mixin.py:137} INFO - [2025-02-13T17:42:14.028+0000] {dag.py:2585} INFO - Sync 1 DAGs
[2025-02-13T17:42:14.086+0000] {logging_mixin.py:137} INFO - [2025-02-13T17:42:14.086+0000] {dag.py:3340} INFO - Setting next_dagrun for tutorial to 2025-02-12T17:42:14.086025+00:00, run_after=2025-02-13T17:42:14.086025+00:00
[2025-02-13T17:42:14.150+0000] {processor.py:176} INFO - Processing /home/airflow/.local/lib/python3.7/site-packages/airflow/example_dags/tutorial.py took 0.266 seconds
[2025-02-13T17:42:45.178+0000] {processor.py:154} INFO - Started process (PID=6184) to work on /home/airflow/.local/lib/python3.7/site-packages/airflow/example_dags/tutorial.py
[2025-02-13T17:42:45.180+0000] {processor.py:756} INFO - Processing file /home/airflow/.local/lib/python3.7/site-packages/airflow/example_dags/tutorial.py for tasks to queue
[2025-02-13T17:42:45.181+0000] {logging_mixin.py:137} INFO - [2025-02-13T17:42:45.181+0000] {dagbag.py:537} INFO - Filling up the DagBag from /home/airflow/.local/lib/python3.7/site-packages/airflow/example_dags/tutorial.py
[2025-02-13T17:42:45.201+0000] {processor.py:766} INFO - DAG(s) dict_keys(['tutorial']) retrieved from /home/airflow/.local/lib/python3.7/site-packages/airflow/example_dags/tutorial.py
[2025-02-13T17:42:45.257+0000] {logging_mixin.py:137} INFO - [2025-02-13T17:42:45.257+0000] {dag.py:2585} INFO - Sync 1 DAGs
[2025-02-13T17:42:45.291+0000] {logging_mixin.py:137} INFO - [2025-02-13T17:42:45.290+0000] {dag.py:3340} INFO - Setting next_dagrun for tutorial to 2025-02-12T17:42:45.290536+00:00, run_after=2025-02-13T17:42:45.290536+00:00
[2025-02-13T17:42:45.317+0000] {processor.py:176} INFO - Processing /home/airflow/.local/lib/python3.7/site-packages/airflow/example_dags/tutorial.py took 0.145 seconds
[2025-02-13T17:43:15.884+0000] {processor.py:154} INFO - Started process (PID=6364) to work on /home/airflow/.local/lib/python3.7/site-packages/airflow/example_dags/tutorial.py
[2025-02-13T17:43:15.886+0000] {processor.py:756} INFO - Processing file /home/airflow/.local/lib/python3.7/site-packages/airflow/example_dags/tutorial.py for tasks to queue
[2025-02-13T17:43:15.888+0000] {logging_mixin.py:137} INFO - [2025-02-13T17:43:15.888+0000] {dagbag.py:537} INFO - Filling up the DagBag from /home/airflow/.local/lib/python3.7/site-packages/airflow/example_dags/tutorial.py
[2025-02-13T17:43:15.913+0000] {processor.py:766} INFO - DAG(s) dict_keys(['tutorial']) retrieved from /home/airflow/.local/lib/python3.7/site-packages/airflow/example_dags/tutorial.py
[2025-02-13T17:43:15.986+0000] {logging_mixin.py:137} INFO - [2025-02-13T17:43:15.986+0000] {dag.py:2585} INFO - Sync 1 DAGs
[2025-02-13T17:43:16.040+0000] {logging_mixin.py:137} INFO - [2025-02-13T17:43:16.039+0000] {dag.py:3340} INFO - Setting next_dagrun for tutorial to 2025-02-12T17:43:16.039070+00:00, run_after=2025-02-13T17:43:16.039070+00:00
[2025-02-13T17:43:16.079+0000] {processor.py:176} INFO - Processing /home/airflow/.local/lib/python3.7/site-packages/airflow/example_dags/tutorial.py took 0.202 seconds
[2025-02-13T17:43:46.478+0000] {processor.py:154} INFO - Started process (PID=6544) to work on /home/airflow/.local/lib/python3.7/site-packages/airflow/example_dags/tutorial.py
[2025-02-13T17:43:46.481+0000] {processor.py:756} INFO - Processing file /home/airflow/.local/lib/python3.7/site-packages/airflow/example_dags/tutorial.py for tasks to queue
[2025-02-13T17:43:46.483+0000] {logging_mixin.py:137} INFO - [2025-02-13T17:43:46.483+0000] {dagbag.py:537} INFO - Filling up the DagBag from /home/airflow/.local/lib/python3.7/site-packages/airflow/example_dags/tutorial.py
[2025-02-13T17:43:46.516+0000] {processor.py:766} INFO - DAG(s) dict_keys(['tutorial']) retrieved from /home/airflow/.local/lib/python3.7/site-packages/airflow/example_dags/tutorial.py
[2025-02-13T17:43:46.590+0000] {logging_mixin.py:137} INFO - [2025-02-13T17:43:46.589+0000] {dag.py:2585} INFO - Sync 1 DAGs
[2025-02-13T17:43:46.638+0000] {logging_mixin.py:137} INFO - [2025-02-13T17:43:46.638+0000] {dag.py:3340} INFO - Setting next_dagrun for tutorial to 2025-02-12T17:43:46.637853+00:00, run_after=2025-02-13T17:43:46.637853+00:00
[2025-02-13T17:43:46.678+0000] {processor.py:176} INFO - Processing /home/airflow/.local/lib/python3.7/site-packages/airflow/example_dags/tutorial.py took 0.208 seconds
[2025-02-13T17:44:17.055+0000] {processor.py:154} INFO - Started process (PID=6724) to work on /home/airflow/.local/lib/python3.7/site-packages/airflow/example_dags/tutorial.py
[2025-02-13T17:44:17.058+0000] {processor.py:756} INFO - Processing file /home/airflow/.local/lib/python3.7/site-packages/airflow/example_dags/tutorial.py for tasks to queue
[2025-02-13T17:44:17.060+0000] {logging_mixin.py:137} INFO - [2025-02-13T17:44:17.059+0000] {dagbag.py:537} INFO - Filling up the DagBag from /home/airflow/.local/lib/python3.7/site-packages/airflow/example_dags/tutorial.py
[2025-02-13T17:44:17.089+0000] {processor.py:766} INFO - DAG(s) dict_keys(['tutorial']) retrieved from /home/airflow/.local/lib/python3.7/site-packages/airflow/example_dags/tutorial.py
[2025-02-13T17:44:17.160+0000] {logging_mixin.py:137} INFO - [2025-02-13T17:44:17.159+0000] {dag.py:2585} INFO - Sync 1 DAGs
[2025-02-13T17:44:17.203+0000] {logging_mixin.py:137} INFO - [2025-02-13T17:44:17.203+0000] {dag.py:3340} INFO - Setting next_dagrun for tutorial to 2025-02-12T17:44:17.203035+00:00, run_after=2025-02-13T17:44:17.203035+00:00
[2025-02-13T17:44:17.246+0000] {processor.py:176} INFO - Processing /home/airflow/.local/lib/python3.7/site-packages/airflow/example_dags/tutorial.py took 0.202 seconds
[2025-02-13T17:44:47.478+0000] {processor.py:154} INFO - Started process (PID=6903) to work on /home/airflow/.local/lib/python3.7/site-packages/airflow/example_dags/tutorial.py
[2025-02-13T17:44:47.480+0000] {processor.py:756} INFO - Processing file /home/airflow/.local/lib/python3.7/site-packages/airflow/example_dags/tutorial.py for tasks to queue
[2025-02-13T17:44:47.482+0000] {logging_mixin.py:137} INFO - [2025-02-13T17:44:47.482+0000] {dagbag.py:537} INFO - Filling up the DagBag from /home/airflow/.local/lib/python3.7/site-packages/airflow/example_dags/tutorial.py
[2025-02-13T17:44:47.509+0000] {processor.py:766} INFO - DAG(s) dict_keys(['tutorial']) retrieved from /home/airflow/.local/lib/python3.7/site-packages/airflow/example_dags/tutorial.py
[2025-02-13T17:44:47.577+0000] {logging_mixin.py:137} INFO - [2025-02-13T17:44:47.577+0000] {dag.py:2585} INFO - Sync 1 DAGs
[2025-02-13T17:44:47.621+0000] {logging_mixin.py:137} INFO - [2025-02-13T17:44:47.620+0000] {dag.py:3340} INFO - Setting next_dagrun for tutorial to 2025-02-12T17:44:47.620579+00:00, run_after=2025-02-13T17:44:47.620579+00:00
[2025-02-13T17:44:47.679+0000] {processor.py:176} INFO - Processing /home/airflow/.local/lib/python3.7/site-packages/airflow/example_dags/tutorial.py took 0.207 seconds
[2025-02-13T17:45:17.955+0000] {processor.py:154} INFO - Started process (PID=7084) to work on /home/airflow/.local/lib/python3.7/site-packages/airflow/example_dags/tutorial.py
[2025-02-13T17:45:17.957+0000] {processor.py:756} INFO - Processing file /home/airflow/.local/lib/python3.7/site-packages/airflow/example_dags/tutorial.py for tasks to queue
[2025-02-13T17:45:17.960+0000] {logging_mixin.py:137} INFO - [2025-02-13T17:45:17.959+0000] {dagbag.py:537} INFO - Filling up the DagBag from /home/airflow/.local/lib/python3.7/site-packages/airflow/example_dags/tutorial.py
[2025-02-13T17:45:17.986+0000] {processor.py:766} INFO - DAG(s) dict_keys(['tutorial']) retrieved from /home/airflow/.local/lib/python3.7/site-packages/airflow/example_dags/tutorial.py
[2025-02-13T17:45:18.060+0000] {logging_mixin.py:137} INFO - [2025-02-13T17:45:18.060+0000] {dag.py:2585} INFO - Sync 1 DAGs
[2025-02-13T17:45:18.108+0000] {logging_mixin.py:137} INFO - [2025-02-13T17:45:18.108+0000] {dag.py:3340} INFO - Setting next_dagrun for tutorial to 2025-02-12T17:45:18.108308+00:00, run_after=2025-02-13T17:45:18.108308+00:00
[2025-02-13T17:45:18.147+0000] {processor.py:176} INFO - Processing /home/airflow/.local/lib/python3.7/site-packages/airflow/example_dags/tutorial.py took 0.198 seconds
[2025-02-13T17:45:48.432+0000] {processor.py:154} INFO - Started process (PID=7263) to work on /home/airflow/.local/lib/python3.7/site-packages/airflow/example_dags/tutorial.py
[2025-02-13T17:45:48.434+0000] {processor.py:756} INFO - Processing file /home/airflow/.local/lib/python3.7/site-packages/airflow/example_dags/tutorial.py for tasks to queue
[2025-02-13T17:45:48.435+0000] {logging_mixin.py:137} INFO - [2025-02-13T17:45:48.435+0000] {dagbag.py:537} INFO - Filling up the DagBag from /home/airflow/.local/lib/python3.7/site-packages/airflow/example_dags/tutorial.py
[2025-02-13T17:45:48.454+0000] {processor.py:766} INFO - DAG(s) dict_keys(['tutorial']) retrieved from /home/airflow/.local/lib/python3.7/site-packages/airflow/example_dags/tutorial.py
[2025-02-13T17:45:48.523+0000] {logging_mixin.py:137} INFO - [2025-02-13T17:45:48.523+0000] {dag.py:2585} INFO - Sync 1 DAGs
[2025-02-13T17:45:48.562+0000] {logging_mixin.py:137} INFO - [2025-02-13T17:45:48.562+0000] {dag.py:3340} INFO - Setting next_dagrun for tutorial to 2025-02-12T17:45:48.562189+00:00, run_after=2025-02-13T17:45:48.562189+00:00
[2025-02-13T17:45:48.604+0000] {processor.py:176} INFO - Processing /home/airflow/.local/lib/python3.7/site-packages/airflow/example_dags/tutorial.py took 0.177 seconds
[2025-02-13T17:47:36.294+0000] {processor.py:154} INFO - Started process (PID=241) to work on /home/airflow/.local/lib/python3.7/site-packages/airflow/example_dags/tutorial.py
[2025-02-13T17:47:36.296+0000] {processor.py:756} INFO - Processing file /home/airflow/.local/lib/python3.7/site-packages/airflow/example_dags/tutorial.py for tasks to queue
[2025-02-13T17:47:36.298+0000] {logging_mixin.py:137} INFO - [2025-02-13T17:47:36.297+0000] {dagbag.py:537} INFO - Filling up the DagBag from /home/airflow/.local/lib/python3.7/site-packages/airflow/example_dags/tutorial.py
[2025-02-13T17:47:36.318+0000] {processor.py:766} INFO - DAG(s) dict_keys(['tutorial']) retrieved from /home/airflow/.local/lib/python3.7/site-packages/airflow/example_dags/tutorial.py
[2025-02-13T17:47:36.424+0000] {logging_mixin.py:137} INFO - [2025-02-13T17:47:36.423+0000] {dag.py:2585} INFO - Sync 1 DAGs
[2025-02-13T17:47:36.486+0000] {logging_mixin.py:137} INFO - [2025-02-13T17:47:36.486+0000] {dag.py:3340} INFO - Setting next_dagrun for tutorial to 2025-02-12T17:47:36.485107+00:00, run_after=2025-02-13T17:47:36.485107+00:00
[2025-02-13T17:47:36.566+0000] {processor.py:176} INFO - Processing /home/airflow/.local/lib/python3.7/site-packages/airflow/example_dags/tutorial.py took 0.283 seconds
[2025-02-13T17:48:06.709+0000] {processor.py:154} INFO - Started process (PID=421) to work on /home/airflow/.local/lib/python3.7/site-packages/airflow/example_dags/tutorial.py
[2025-02-13T17:48:06.711+0000] {processor.py:756} INFO - Processing file /home/airflow/.local/lib/python3.7/site-packages/airflow/example_dags/tutorial.py for tasks to queue
[2025-02-13T17:48:06.713+0000] {logging_mixin.py:137} INFO - [2025-02-13T17:48:06.712+0000] {dagbag.py:537} INFO - Filling up the DagBag from /home/airflow/.local/lib/python3.7/site-packages/airflow/example_dags/tutorial.py
[2025-02-13T17:48:06.743+0000] {processor.py:766} INFO - DAG(s) dict_keys(['tutorial']) retrieved from /home/airflow/.local/lib/python3.7/site-packages/airflow/example_dags/tutorial.py
[2025-02-13T17:48:06.789+0000] {logging_mixin.py:137} INFO - [2025-02-13T17:48:06.789+0000] {dag.py:2585} INFO - Sync 1 DAGs
[2025-02-13T17:48:06.833+0000] {logging_mixin.py:137} INFO - [2025-02-13T17:48:06.833+0000] {dag.py:3340} INFO - Setting next_dagrun for tutorial to 2025-02-12T17:48:06.832631+00:00, run_after=2025-02-13T17:48:06.832631+00:00
[2025-02-13T17:48:06.893+0000] {processor.py:176} INFO - Processing /home/airflow/.local/lib/python3.7/site-packages/airflow/example_dags/tutorial.py took 0.190 seconds
[2025-02-13T17:48:37.231+0000] {processor.py:154} INFO - Started process (PID=602) to work on /home/airflow/.local/lib/python3.7/site-packages/airflow/example_dags/tutorial.py
[2025-02-13T17:48:37.233+0000] {processor.py:756} INFO - Processing file /home/airflow/.local/lib/python3.7/site-packages/airflow/example_dags/tutorial.py for tasks to queue
[2025-02-13T17:48:37.235+0000] {logging_mixin.py:137} INFO - [2025-02-13T17:48:37.234+0000] {dagbag.py:537} INFO - Filling up the DagBag from /home/airflow/.local/lib/python3.7/site-packages/airflow/example_dags/tutorial.py
[2025-02-13T17:48:37.256+0000] {processor.py:766} INFO - DAG(s) dict_keys(['tutorial']) retrieved from /home/airflow/.local/lib/python3.7/site-packages/airflow/example_dags/tutorial.py
[2025-02-13T17:48:37.313+0000] {logging_mixin.py:137} INFO - [2025-02-13T17:48:37.313+0000] {dag.py:2585} INFO - Sync 1 DAGs
[2025-02-13T17:48:37.353+0000] {logging_mixin.py:137} INFO - [2025-02-13T17:48:37.352+0000] {dag.py:3340} INFO - Setting next_dagrun for tutorial to 2025-02-12T17:48:37.352252+00:00, run_after=2025-02-13T17:48:37.352252+00:00
[2025-02-13T17:48:37.389+0000] {processor.py:176} INFO - Processing /home/airflow/.local/lib/python3.7/site-packages/airflow/example_dags/tutorial.py took 0.163 seconds
[2025-02-13T17:49:07.688+0000] {processor.py:154} INFO - Started process (PID=784) to work on /home/airflow/.local/lib/python3.7/site-packages/airflow/example_dags/tutorial.py
[2025-02-13T17:49:07.689+0000] {processor.py:756} INFO - Processing file /home/airflow/.local/lib/python3.7/site-packages/airflow/example_dags/tutorial.py for tasks to queue
[2025-02-13T17:49:07.691+0000] {logging_mixin.py:137} INFO - [2025-02-13T17:49:07.691+0000] {dagbag.py:537} INFO - Filling up the DagBag from /home/airflow/.local/lib/python3.7/site-packages/airflow/example_dags/tutorial.py
[2025-02-13T17:49:07.709+0000] {processor.py:766} INFO - DAG(s) dict_keys(['tutorial']) retrieved from /home/airflow/.local/lib/python3.7/site-packages/airflow/example_dags/tutorial.py
[2025-02-13T17:49:07.763+0000] {logging_mixin.py:137} INFO - [2025-02-13T17:49:07.763+0000] {dag.py:2585} INFO - Sync 1 DAGs
[2025-02-13T17:49:07.798+0000] {logging_mixin.py:137} INFO - [2025-02-13T17:49:07.797+0000] {dag.py:3340} INFO - Setting next_dagrun for tutorial to 2025-02-12T17:49:07.797557+00:00, run_after=2025-02-13T17:49:07.797557+00:00
[2025-02-13T17:49:07.826+0000] {processor.py:176} INFO - Processing /home/airflow/.local/lib/python3.7/site-packages/airflow/example_dags/tutorial.py took 0.142 seconds
[2025-02-13T17:49:39.085+0000] {processor.py:154} INFO - Started process (PID=964) to work on /home/airflow/.local/lib/python3.7/site-packages/airflow/example_dags/tutorial.py
[2025-02-13T17:49:39.087+0000] {processor.py:756} INFO - Processing file /home/airflow/.local/lib/python3.7/site-packages/airflow/example_dags/tutorial.py for tasks to queue
[2025-02-13T17:49:39.089+0000] {logging_mixin.py:137} INFO - [2025-02-13T17:49:39.088+0000] {dagbag.py:537} INFO - Filling up the DagBag from /home/airflow/.local/lib/python3.7/site-packages/airflow/example_dags/tutorial.py
[2025-02-13T17:49:39.108+0000] {processor.py:766} INFO - DAG(s) dict_keys(['tutorial']) retrieved from /home/airflow/.local/lib/python3.7/site-packages/airflow/example_dags/tutorial.py
[2025-02-13T17:49:39.161+0000] {logging_mixin.py:137} INFO - [2025-02-13T17:49:39.161+0000] {dag.py:2585} INFO - Sync 1 DAGs
[2025-02-13T17:49:39.197+0000] {logging_mixin.py:137} INFO - [2025-02-13T17:49:39.197+0000] {dag.py:3340} INFO - Setting next_dagrun for tutorial to 2025-02-12T17:49:39.197307+00:00, run_after=2025-02-13T17:49:39.197307+00:00
[2025-02-13T17:49:39.231+0000] {processor.py:176} INFO - Processing /home/airflow/.local/lib/python3.7/site-packages/airflow/example_dags/tutorial.py took 0.152 seconds
[2025-02-13T17:50:10.041+0000] {processor.py:154} INFO - Started process (PID=1144) to work on /home/airflow/.local/lib/python3.7/site-packages/airflow/example_dags/tutorial.py
[2025-02-13T17:50:10.042+0000] {processor.py:756} INFO - Processing file /home/airflow/.local/lib/python3.7/site-packages/airflow/example_dags/tutorial.py for tasks to queue
[2025-02-13T17:50:10.044+0000] {logging_mixin.py:137} INFO - [2025-02-13T17:50:10.043+0000] {dagbag.py:537} INFO - Filling up the DagBag from /home/airflow/.local/lib/python3.7/site-packages/airflow/example_dags/tutorial.py
[2025-02-13T17:50:10.061+0000] {processor.py:766} INFO - DAG(s) dict_keys(['tutorial']) retrieved from /home/airflow/.local/lib/python3.7/site-packages/airflow/example_dags/tutorial.py
[2025-02-13T17:50:10.109+0000] {logging_mixin.py:137} INFO - [2025-02-13T17:50:10.109+0000] {dag.py:2585} INFO - Sync 1 DAGs
[2025-02-13T17:50:10.142+0000] {logging_mixin.py:137} INFO - [2025-02-13T17:50:10.142+0000] {dag.py:3340} INFO - Setting next_dagrun for tutorial to 2025-02-12T17:50:10.142360+00:00, run_after=2025-02-13T17:50:10.142360+00:00
[2025-02-13T17:50:10.173+0000] {processor.py:176} INFO - Processing /home/airflow/.local/lib/python3.7/site-packages/airflow/example_dags/tutorial.py took 0.137 seconds
[2025-02-13T17:50:40.618+0000] {processor.py:154} INFO - Started process (PID=1324) to work on /home/airflow/.local/lib/python3.7/site-packages/airflow/example_dags/tutorial.py
[2025-02-13T17:50:40.620+0000] {processor.py:756} INFO - Processing file /home/airflow/.local/lib/python3.7/site-packages/airflow/example_dags/tutorial.py for tasks to queue
[2025-02-13T17:50:40.622+0000] {logging_mixin.py:137} INFO - [2025-02-13T17:50:40.622+0000] {dagbag.py:537} INFO - Filling up the DagBag from /home/airflow/.local/lib/python3.7/site-packages/airflow/example_dags/tutorial.py
[2025-02-13T17:50:40.641+0000] {processor.py:766} INFO - DAG(s) dict_keys(['tutorial']) retrieved from /home/airflow/.local/lib/python3.7/site-packages/airflow/example_dags/tutorial.py
[2025-02-13T17:50:40.695+0000] {logging_mixin.py:137} INFO - [2025-02-13T17:50:40.695+0000] {dag.py:2585} INFO - Sync 1 DAGs
[2025-02-13T17:50:40.733+0000] {logging_mixin.py:137} INFO - [2025-02-13T17:50:40.733+0000] {dag.py:3340} INFO - Setting next_dagrun for tutorial to 2025-02-12T17:50:40.733047+00:00, run_after=2025-02-13T17:50:40.733047+00:00
[2025-02-13T17:50:40.775+0000] {processor.py:176} INFO - Processing /home/airflow/.local/lib/python3.7/site-packages/airflow/example_dags/tutorial.py took 0.161 seconds
[2025-02-13T17:51:11.687+0000] {processor.py:154} INFO - Started process (PID=1504) to work on /home/airflow/.local/lib/python3.7/site-packages/airflow/example_dags/tutorial.py
[2025-02-13T17:51:11.688+0000] {processor.py:756} INFO - Processing file /home/airflow/.local/lib/python3.7/site-packages/airflow/example_dags/tutorial.py for tasks to queue
[2025-02-13T17:51:11.690+0000] {logging_mixin.py:137} INFO - [2025-02-13T17:51:11.689+0000] {dagbag.py:537} INFO - Filling up the DagBag from /home/airflow/.local/lib/python3.7/site-packages/airflow/example_dags/tutorial.py
[2025-02-13T17:51:11.707+0000] {processor.py:766} INFO - DAG(s) dict_keys(['tutorial']) retrieved from /home/airflow/.local/lib/python3.7/site-packages/airflow/example_dags/tutorial.py
[2025-02-13T17:51:11.756+0000] {logging_mixin.py:137} INFO - [2025-02-13T17:51:11.756+0000] {dag.py:2585} INFO - Sync 1 DAGs
[2025-02-13T17:51:11.793+0000] {logging_mixin.py:137} INFO - [2025-02-13T17:51:11.793+0000] {dag.py:3340} INFO - Setting next_dagrun for tutorial to 2025-02-12T17:51:11.793319+00:00, run_after=2025-02-13T17:51:11.793319+00:00
[2025-02-13T17:51:11.833+0000] {processor.py:176} INFO - Processing /home/airflow/.local/lib/python3.7/site-packages/airflow/example_dags/tutorial.py took 0.150 seconds
[2025-02-13T17:51:41.992+0000] {processor.py:154} INFO - Started process (PID=1682) to work on /home/airflow/.local/lib/python3.7/site-packages/airflow/example_dags/tutorial.py
[2025-02-13T17:51:41.993+0000] {processor.py:756} INFO - Processing file /home/airflow/.local/lib/python3.7/site-packages/airflow/example_dags/tutorial.py for tasks to queue
[2025-02-13T17:51:41.995+0000] {logging_mixin.py:137} INFO - [2025-02-13T17:51:41.994+0000] {dagbag.py:537} INFO - Filling up the DagBag from /home/airflow/.local/lib/python3.7/site-packages/airflow/example_dags/tutorial.py
[2025-02-13T17:51:42.017+0000] {processor.py:766} INFO - DAG(s) dict_keys(['tutorial']) retrieved from /home/airflow/.local/lib/python3.7/site-packages/airflow/example_dags/tutorial.py
[2025-02-13T17:51:42.076+0000] {logging_mixin.py:137} INFO - [2025-02-13T17:51:42.076+0000] {dag.py:2585} INFO - Sync 1 DAGs
[2025-02-13T17:51:42.107+0000] {logging_mixin.py:137} INFO - [2025-02-13T17:51:42.107+0000] {dag.py:3340} INFO - Setting next_dagrun for tutorial to 2025-02-12T17:51:42.106912+00:00, run_after=2025-02-13T17:51:42.106912+00:00
[2025-02-13T17:51:42.136+0000] {processor.py:176} INFO - Processing /home/airflow/.local/lib/python3.7/site-packages/airflow/example_dags/tutorial.py took 0.149 seconds
