[2025-02-11T18:02:47.864+0000] {processor.py:154} INFO - Started process (PID=334) to work on /home/airflow/.local/lib/python3.7/site-packages/airflow/example_dags/subdags/subdag.py
[2025-02-11T18:02:47.868+0000] {processor.py:756} INFO - Processing file /home/airflow/.local/lib/python3.7/site-packages/airflow/example_dags/subdags/subdag.py for tasks to queue
[2025-02-11T18:02:47.872+0000] {logging_mixin.py:137} INFO - [2025-02-11T18:02:47.871+0000] {dagbag.py:537} INFO - Filling up the DagBag from /home/airflow/.local/lib/python3.7/site-packages/airflow/example_dags/subdags/subdag.py
[2025-02-11T18:02:47.881+0000] {processor.py:768} WARNING - No viable dags retrieved from /home/airflow/.local/lib/python3.7/site-packages/airflow/example_dags/subdags/subdag.py
[2025-02-11T18:02:47.924+0000] {processor.py:176} INFO - Processing /home/airflow/.local/lib/python3.7/site-packages/airflow/example_dags/subdags/subdag.py took 0.074 seconds
[2025-02-11T18:03:19.053+0000] {processor.py:154} INFO - Started process (PID=512) to work on /home/airflow/.local/lib/python3.7/site-packages/airflow/example_dags/subdags/subdag.py
[2025-02-11T18:03:19.061+0000] {processor.py:756} INFO - Processing file /home/airflow/.local/lib/python3.7/site-packages/airflow/example_dags/subdags/subdag.py for tasks to queue
[2025-02-11T18:03:19.064+0000] {logging_mixin.py:137} INFO - [2025-02-11T18:03:19.064+0000] {dagbag.py:537} INFO - Filling up the DagBag from /home/airflow/.local/lib/python3.7/site-packages/airflow/example_dags/subdags/subdag.py
[2025-02-11T18:03:19.071+0000] {processor.py:768} WARNING - No viable dags retrieved from /home/airflow/.local/lib/python3.7/site-packages/airflow/example_dags/subdags/subdag.py
[2025-02-11T18:03:19.124+0000] {processor.py:176} INFO - Processing /home/airflow/.local/lib/python3.7/site-packages/airflow/example_dags/subdags/subdag.py took 0.087 seconds
[2025-02-11T18:03:49.632+0000] {processor.py:154} INFO - Started process (PID=693) to work on /home/airflow/.local/lib/python3.7/site-packages/airflow/example_dags/subdags/subdag.py
[2025-02-11T18:03:49.634+0000] {processor.py:756} INFO - Processing file /home/airflow/.local/lib/python3.7/site-packages/airflow/example_dags/subdags/subdag.py for tasks to queue
[2025-02-11T18:03:49.636+0000] {logging_mixin.py:137} INFO - [2025-02-11T18:03:49.636+0000] {dagbag.py:537} INFO - Filling up the DagBag from /home/airflow/.local/lib/python3.7/site-packages/airflow/example_dags/subdags/subdag.py
[2025-02-11T18:03:49.641+0000] {processor.py:768} WARNING - No viable dags retrieved from /home/airflow/.local/lib/python3.7/site-packages/airflow/example_dags/subdags/subdag.py
[2025-02-11T18:03:49.673+0000] {processor.py:176} INFO - Processing /home/airflow/.local/lib/python3.7/site-packages/airflow/example_dags/subdags/subdag.py took 0.046 seconds
[2025-02-11T18:04:20.038+0000] {processor.py:154} INFO - Started process (PID=873) to work on /home/airflow/.local/lib/python3.7/site-packages/airflow/example_dags/subdags/subdag.py
[2025-02-11T18:04:20.040+0000] {processor.py:756} INFO - Processing file /home/airflow/.local/lib/python3.7/site-packages/airflow/example_dags/subdags/subdag.py for tasks to queue
[2025-02-11T18:04:20.043+0000] {logging_mixin.py:137} INFO - [2025-02-11T18:04:20.042+0000] {dagbag.py:537} INFO - Filling up the DagBag from /home/airflow/.local/lib/python3.7/site-packages/airflow/example_dags/subdags/subdag.py
[2025-02-11T18:04:20.049+0000] {processor.py:768} WARNING - No viable dags retrieved from /home/airflow/.local/lib/python3.7/site-packages/airflow/example_dags/subdags/subdag.py
[2025-02-11T18:04:20.071+0000] {processor.py:176} INFO - Processing /home/airflow/.local/lib/python3.7/site-packages/airflow/example_dags/subdags/subdag.py took 0.036 seconds
[2025-02-11T18:04:50.402+0000] {processor.py:154} INFO - Started process (PID=1053) to work on /home/airflow/.local/lib/python3.7/site-packages/airflow/example_dags/subdags/subdag.py
[2025-02-11T18:04:50.404+0000] {processor.py:756} INFO - Processing file /home/airflow/.local/lib/python3.7/site-packages/airflow/example_dags/subdags/subdag.py for tasks to queue
[2025-02-11T18:04:50.405+0000] {logging_mixin.py:137} INFO - [2025-02-11T18:04:50.405+0000] {dagbag.py:537} INFO - Filling up the DagBag from /home/airflow/.local/lib/python3.7/site-packages/airflow/example_dags/subdags/subdag.py
[2025-02-11T18:04:50.410+0000] {processor.py:768} WARNING - No viable dags retrieved from /home/airflow/.local/lib/python3.7/site-packages/airflow/example_dags/subdags/subdag.py
[2025-02-11T18:04:50.429+0000] {processor.py:176} INFO - Processing /home/airflow/.local/lib/python3.7/site-packages/airflow/example_dags/subdags/subdag.py took 0.030 seconds
[2025-02-11T18:05:20.683+0000] {processor.py:154} INFO - Started process (PID=1233) to work on /home/airflow/.local/lib/python3.7/site-packages/airflow/example_dags/subdags/subdag.py
[2025-02-11T18:05:20.686+0000] {processor.py:756} INFO - Processing file /home/airflow/.local/lib/python3.7/site-packages/airflow/example_dags/subdags/subdag.py for tasks to queue
[2025-02-11T18:05:20.688+0000] {logging_mixin.py:137} INFO - [2025-02-11T18:05:20.687+0000] {dagbag.py:537} INFO - Filling up the DagBag from /home/airflow/.local/lib/python3.7/site-packages/airflow/example_dags/subdags/subdag.py
[2025-02-11T18:05:20.694+0000] {processor.py:768} WARNING - No viable dags retrieved from /home/airflow/.local/lib/python3.7/site-packages/airflow/example_dags/subdags/subdag.py
[2025-02-11T18:05:20.720+0000] {processor.py:176} INFO - Processing /home/airflow/.local/lib/python3.7/site-packages/airflow/example_dags/subdags/subdag.py took 0.042 seconds
[2025-02-11T18:05:51.022+0000] {processor.py:154} INFO - Started process (PID=1413) to work on /home/airflow/.local/lib/python3.7/site-packages/airflow/example_dags/subdags/subdag.py
[2025-02-11T18:05:51.023+0000] {processor.py:756} INFO - Processing file /home/airflow/.local/lib/python3.7/site-packages/airflow/example_dags/subdags/subdag.py for tasks to queue
[2025-02-11T18:05:51.025+0000] {logging_mixin.py:137} INFO - [2025-02-11T18:05:51.025+0000] {dagbag.py:537} INFO - Filling up the DagBag from /home/airflow/.local/lib/python3.7/site-packages/airflow/example_dags/subdags/subdag.py
[2025-02-11T18:05:51.031+0000] {processor.py:768} WARNING - No viable dags retrieved from /home/airflow/.local/lib/python3.7/site-packages/airflow/example_dags/subdags/subdag.py
[2025-02-11T18:05:51.064+0000] {processor.py:176} INFO - Processing /home/airflow/.local/lib/python3.7/site-packages/airflow/example_dags/subdags/subdag.py took 0.047 seconds
[2025-02-11T18:06:21.209+0000] {processor.py:154} INFO - Started process (PID=1588) to work on /home/airflow/.local/lib/python3.7/site-packages/airflow/example_dags/subdags/subdag.py
[2025-02-11T18:06:21.212+0000] {processor.py:756} INFO - Processing file /home/airflow/.local/lib/python3.7/site-packages/airflow/example_dags/subdags/subdag.py for tasks to queue
[2025-02-11T18:06:21.213+0000] {logging_mixin.py:137} INFO - [2025-02-11T18:06:21.213+0000] {dagbag.py:537} INFO - Filling up the DagBag from /home/airflow/.local/lib/python3.7/site-packages/airflow/example_dags/subdags/subdag.py
[2025-02-11T18:06:21.220+0000] {processor.py:768} WARNING - No viable dags retrieved from /home/airflow/.local/lib/python3.7/site-packages/airflow/example_dags/subdags/subdag.py
[2025-02-11T18:06:21.243+0000] {processor.py:176} INFO - Processing /home/airflow/.local/lib/python3.7/site-packages/airflow/example_dags/subdags/subdag.py took 0.040 seconds
[2025-02-11T18:06:51.978+0000] {processor.py:154} INFO - Started process (PID=1773) to work on /home/airflow/.local/lib/python3.7/site-packages/airflow/example_dags/subdags/subdag.py
[2025-02-11T18:06:51.981+0000] {processor.py:756} INFO - Processing file /home/airflow/.local/lib/python3.7/site-packages/airflow/example_dags/subdags/subdag.py for tasks to queue
[2025-02-11T18:06:51.983+0000] {logging_mixin.py:137} INFO - [2025-02-11T18:06:51.983+0000] {dagbag.py:537} INFO - Filling up the DagBag from /home/airflow/.local/lib/python3.7/site-packages/airflow/example_dags/subdags/subdag.py
[2025-02-11T18:06:51.990+0000] {processor.py:768} WARNING - No viable dags retrieved from /home/airflow/.local/lib/python3.7/site-packages/airflow/example_dags/subdags/subdag.py
[2025-02-11T18:06:52.013+0000] {processor.py:176} INFO - Processing /home/airflow/.local/lib/python3.7/site-packages/airflow/example_dags/subdags/subdag.py took 0.040 seconds
[2025-02-11T18:08:16.106+0000] {processor.py:154} INFO - Started process (PID=331) to work on /home/airflow/.local/lib/python3.7/site-packages/airflow/example_dags/subdags/subdag.py
[2025-02-11T18:08:16.109+0000] {processor.py:756} INFO - Processing file /home/airflow/.local/lib/python3.7/site-packages/airflow/example_dags/subdags/subdag.py for tasks to queue
[2025-02-11T18:08:16.111+0000] {logging_mixin.py:137} INFO - [2025-02-11T18:08:16.111+0000] {dagbag.py:537} INFO - Filling up the DagBag from /home/airflow/.local/lib/python3.7/site-packages/airflow/example_dags/subdags/subdag.py
[2025-02-11T18:08:16.120+0000] {processor.py:768} WARNING - No viable dags retrieved from /home/airflow/.local/lib/python3.7/site-packages/airflow/example_dags/subdags/subdag.py
[2025-02-11T18:08:16.163+0000] {processor.py:176} INFO - Processing /home/airflow/.local/lib/python3.7/site-packages/airflow/example_dags/subdags/subdag.py took 0.066 seconds
[2025-02-11T18:08:47.505+0000] {processor.py:154} INFO - Started process (PID=513) to work on /home/airflow/.local/lib/python3.7/site-packages/airflow/example_dags/subdags/subdag.py
[2025-02-11T18:08:47.510+0000] {processor.py:756} INFO - Processing file /home/airflow/.local/lib/python3.7/site-packages/airflow/example_dags/subdags/subdag.py for tasks to queue
[2025-02-11T18:08:47.513+0000] {logging_mixin.py:137} INFO - [2025-02-11T18:08:47.512+0000] {dagbag.py:537} INFO - Filling up the DagBag from /home/airflow/.local/lib/python3.7/site-packages/airflow/example_dags/subdags/subdag.py
[2025-02-11T18:08:47.519+0000] {processor.py:768} WARNING - No viable dags retrieved from /home/airflow/.local/lib/python3.7/site-packages/airflow/example_dags/subdags/subdag.py
[2025-02-11T18:08:47.570+0000] {processor.py:176} INFO - Processing /home/airflow/.local/lib/python3.7/site-packages/airflow/example_dags/subdags/subdag.py took 0.072 seconds
[2025-02-11T18:09:18.245+0000] {processor.py:154} INFO - Started process (PID=692) to work on /home/airflow/.local/lib/python3.7/site-packages/airflow/example_dags/subdags/subdag.py
[2025-02-11T18:09:18.247+0000] {processor.py:756} INFO - Processing file /home/airflow/.local/lib/python3.7/site-packages/airflow/example_dags/subdags/subdag.py for tasks to queue
[2025-02-11T18:09:18.249+0000] {logging_mixin.py:137} INFO - [2025-02-11T18:09:18.249+0000] {dagbag.py:537} INFO - Filling up the DagBag from /home/airflow/.local/lib/python3.7/site-packages/airflow/example_dags/subdags/subdag.py
[2025-02-11T18:09:18.256+0000] {processor.py:768} WARNING - No viable dags retrieved from /home/airflow/.local/lib/python3.7/site-packages/airflow/example_dags/subdags/subdag.py
[2025-02-11T18:09:18.288+0000] {processor.py:176} INFO - Processing /home/airflow/.local/lib/python3.7/site-packages/airflow/example_dags/subdags/subdag.py took 0.048 seconds
[2025-02-11T18:09:48.431+0000] {processor.py:154} INFO - Started process (PID=867) to work on /home/airflow/.local/lib/python3.7/site-packages/airflow/example_dags/subdags/subdag.py
[2025-02-11T18:09:48.433+0000] {processor.py:756} INFO - Processing file /home/airflow/.local/lib/python3.7/site-packages/airflow/example_dags/subdags/subdag.py for tasks to queue
[2025-02-11T18:09:48.435+0000] {logging_mixin.py:137} INFO - [2025-02-11T18:09:48.435+0000] {dagbag.py:537} INFO - Filling up the DagBag from /home/airflow/.local/lib/python3.7/site-packages/airflow/example_dags/subdags/subdag.py
[2025-02-11T18:09:48.441+0000] {processor.py:768} WARNING - No viable dags retrieved from /home/airflow/.local/lib/python3.7/site-packages/airflow/example_dags/subdags/subdag.py
[2025-02-11T18:09:48.462+0000] {processor.py:176} INFO - Processing /home/airflow/.local/lib/python3.7/site-packages/airflow/example_dags/subdags/subdag.py took 0.035 seconds
[2025-02-11T18:10:19.571+0000] {processor.py:154} INFO - Started process (PID=1052) to work on /home/airflow/.local/lib/python3.7/site-packages/airflow/example_dags/subdags/subdag.py
[2025-02-11T18:10:19.573+0000] {processor.py:756} INFO - Processing file /home/airflow/.local/lib/python3.7/site-packages/airflow/example_dags/subdags/subdag.py for tasks to queue
[2025-02-11T18:10:19.575+0000] {logging_mixin.py:137} INFO - [2025-02-11T18:10:19.575+0000] {dagbag.py:537} INFO - Filling up the DagBag from /home/airflow/.local/lib/python3.7/site-packages/airflow/example_dags/subdags/subdag.py
[2025-02-11T18:10:19.580+0000] {processor.py:768} WARNING - No viable dags retrieved from /home/airflow/.local/lib/python3.7/site-packages/airflow/example_dags/subdags/subdag.py
[2025-02-11T18:10:19.615+0000] {processor.py:176} INFO - Processing /home/airflow/.local/lib/python3.7/site-packages/airflow/example_dags/subdags/subdag.py took 0.048 seconds
[2025-02-11T18:10:50.110+0000] {processor.py:154} INFO - Started process (PID=1227) to work on /home/airflow/.local/lib/python3.7/site-packages/airflow/example_dags/subdags/subdag.py
[2025-02-11T18:10:50.112+0000] {processor.py:756} INFO - Processing file /home/airflow/.local/lib/python3.7/site-packages/airflow/example_dags/subdags/subdag.py for tasks to queue
[2025-02-11T18:10:50.114+0000] {logging_mixin.py:137} INFO - [2025-02-11T18:10:50.114+0000] {dagbag.py:537} INFO - Filling up the DagBag from /home/airflow/.local/lib/python3.7/site-packages/airflow/example_dags/subdags/subdag.py
[2025-02-11T18:10:50.119+0000] {processor.py:768} WARNING - No viable dags retrieved from /home/airflow/.local/lib/python3.7/site-packages/airflow/example_dags/subdags/subdag.py
[2025-02-11T18:10:50.151+0000] {processor.py:176} INFO - Processing /home/airflow/.local/lib/python3.7/site-packages/airflow/example_dags/subdags/subdag.py took 0.048 seconds
[2025-02-11T18:11:20.728+0000] {processor.py:154} INFO - Started process (PID=1407) to work on /home/airflow/.local/lib/python3.7/site-packages/airflow/example_dags/subdags/subdag.py
[2025-02-11T18:11:20.730+0000] {processor.py:756} INFO - Processing file /home/airflow/.local/lib/python3.7/site-packages/airflow/example_dags/subdags/subdag.py for tasks to queue
[2025-02-11T18:11:20.731+0000] {logging_mixin.py:137} INFO - [2025-02-11T18:11:20.731+0000] {dagbag.py:537} INFO - Filling up the DagBag from /home/airflow/.local/lib/python3.7/site-packages/airflow/example_dags/subdags/subdag.py
[2025-02-11T18:11:20.737+0000] {processor.py:768} WARNING - No viable dags retrieved from /home/airflow/.local/lib/python3.7/site-packages/airflow/example_dags/subdags/subdag.py
[2025-02-11T18:11:20.761+0000] {processor.py:176} INFO - Processing /home/airflow/.local/lib/python3.7/site-packages/airflow/example_dags/subdags/subdag.py took 0.045 seconds
[2025-02-11T18:11:51.619+0000] {processor.py:154} INFO - Started process (PID=1587) to work on /home/airflow/.local/lib/python3.7/site-packages/airflow/example_dags/subdags/subdag.py
[2025-02-11T18:11:51.621+0000] {processor.py:756} INFO - Processing file /home/airflow/.local/lib/python3.7/site-packages/airflow/example_dags/subdags/subdag.py for tasks to queue
[2025-02-11T18:11:51.623+0000] {logging_mixin.py:137} INFO - [2025-02-11T18:11:51.623+0000] {dagbag.py:537} INFO - Filling up the DagBag from /home/airflow/.local/lib/python3.7/site-packages/airflow/example_dags/subdags/subdag.py
[2025-02-11T18:11:51.630+0000] {processor.py:768} WARNING - No viable dags retrieved from /home/airflow/.local/lib/python3.7/site-packages/airflow/example_dags/subdags/subdag.py
[2025-02-11T18:11:51.655+0000] {processor.py:176} INFO - Processing /home/airflow/.local/lib/python3.7/site-packages/airflow/example_dags/subdags/subdag.py took 0.043 seconds
[2025-02-11T18:12:22.275+0000] {processor.py:154} INFO - Started process (PID=1767) to work on /home/airflow/.local/lib/python3.7/site-packages/airflow/example_dags/subdags/subdag.py
[2025-02-11T18:12:22.277+0000] {processor.py:756} INFO - Processing file /home/airflow/.local/lib/python3.7/site-packages/airflow/example_dags/subdags/subdag.py for tasks to queue
[2025-02-11T18:12:22.280+0000] {logging_mixin.py:137} INFO - [2025-02-11T18:12:22.279+0000] {dagbag.py:537} INFO - Filling up the DagBag from /home/airflow/.local/lib/python3.7/site-packages/airflow/example_dags/subdags/subdag.py
[2025-02-11T18:12:22.287+0000] {processor.py:768} WARNING - No viable dags retrieved from /home/airflow/.local/lib/python3.7/site-packages/airflow/example_dags/subdags/subdag.py
[2025-02-11T18:12:22.321+0000] {processor.py:176} INFO - Processing /home/airflow/.local/lib/python3.7/site-packages/airflow/example_dags/subdags/subdag.py took 0.053 seconds
[2025-02-11T18:12:52.678+0000] {processor.py:154} INFO - Started process (PID=1947) to work on /home/airflow/.local/lib/python3.7/site-packages/airflow/example_dags/subdags/subdag.py
[2025-02-11T18:12:52.680+0000] {processor.py:756} INFO - Processing file /home/airflow/.local/lib/python3.7/site-packages/airflow/example_dags/subdags/subdag.py for tasks to queue
[2025-02-11T18:12:52.682+0000] {logging_mixin.py:137} INFO - [2025-02-11T18:12:52.682+0000] {dagbag.py:537} INFO - Filling up the DagBag from /home/airflow/.local/lib/python3.7/site-packages/airflow/example_dags/subdags/subdag.py
[2025-02-11T18:12:52.687+0000] {processor.py:768} WARNING - No viable dags retrieved from /home/airflow/.local/lib/python3.7/site-packages/airflow/example_dags/subdags/subdag.py
[2025-02-11T18:12:52.711+0000] {processor.py:176} INFO - Processing /home/airflow/.local/lib/python3.7/site-packages/airflow/example_dags/subdags/subdag.py took 0.040 seconds
[2025-02-11T18:13:25.653+0000] {processor.py:154} INFO - Started process (PID=2132) to work on /home/airflow/.local/lib/python3.7/site-packages/airflow/example_dags/subdags/subdag.py
[2025-02-11T18:13:25.655+0000] {processor.py:756} INFO - Processing file /home/airflow/.local/lib/python3.7/site-packages/airflow/example_dags/subdags/subdag.py for tasks to queue
[2025-02-11T18:13:25.658+0000] {logging_mixin.py:137} INFO - [2025-02-11T18:13:25.657+0000] {dagbag.py:537} INFO - Filling up the DagBag from /home/airflow/.local/lib/python3.7/site-packages/airflow/example_dags/subdags/subdag.py
[2025-02-11T18:13:25.663+0000] {processor.py:768} WARNING - No viable dags retrieved from /home/airflow/.local/lib/python3.7/site-packages/airflow/example_dags/subdags/subdag.py
[2025-02-11T18:13:25.689+0000] {processor.py:176} INFO - Processing /home/airflow/.local/lib/python3.7/site-packages/airflow/example_dags/subdags/subdag.py took 0.040 seconds
[2025-02-11T18:13:55.889+0000] {processor.py:154} INFO - Started process (PID=2312) to work on /home/airflow/.local/lib/python3.7/site-packages/airflow/example_dags/subdags/subdag.py
[2025-02-11T18:13:55.890+0000] {processor.py:756} INFO - Processing file /home/airflow/.local/lib/python3.7/site-packages/airflow/example_dags/subdags/subdag.py for tasks to queue
[2025-02-11T18:13:55.892+0000] {logging_mixin.py:137} INFO - [2025-02-11T18:13:55.891+0000] {dagbag.py:537} INFO - Filling up the DagBag from /home/airflow/.local/lib/python3.7/site-packages/airflow/example_dags/subdags/subdag.py
[2025-02-11T18:13:55.897+0000] {processor.py:768} WARNING - No viable dags retrieved from /home/airflow/.local/lib/python3.7/site-packages/airflow/example_dags/subdags/subdag.py
[2025-02-11T18:13:55.924+0000] {processor.py:176} INFO - Processing /home/airflow/.local/lib/python3.7/site-packages/airflow/example_dags/subdags/subdag.py took 0.045 seconds
[2025-02-11T18:14:26.416+0000] {processor.py:154} INFO - Started process (PID=2487) to work on /home/airflow/.local/lib/python3.7/site-packages/airflow/example_dags/subdags/subdag.py
[2025-02-11T18:14:26.418+0000] {processor.py:756} INFO - Processing file /home/airflow/.local/lib/python3.7/site-packages/airflow/example_dags/subdags/subdag.py for tasks to queue
[2025-02-11T18:14:26.420+0000] {logging_mixin.py:137} INFO - [2025-02-11T18:14:26.420+0000] {dagbag.py:537} INFO - Filling up the DagBag from /home/airflow/.local/lib/python3.7/site-packages/airflow/example_dags/subdags/subdag.py
[2025-02-11T18:14:26.425+0000] {processor.py:768} WARNING - No viable dags retrieved from /home/airflow/.local/lib/python3.7/site-packages/airflow/example_dags/subdags/subdag.py
[2025-02-11T18:14:26.452+0000] {processor.py:176} INFO - Processing /home/airflow/.local/lib/python3.7/site-packages/airflow/example_dags/subdags/subdag.py took 0.040 seconds
[2025-02-11T18:14:56.963+0000] {processor.py:154} INFO - Started process (PID=2667) to work on /home/airflow/.local/lib/python3.7/site-packages/airflow/example_dags/subdags/subdag.py
[2025-02-11T18:14:56.964+0000] {processor.py:756} INFO - Processing file /home/airflow/.local/lib/python3.7/site-packages/airflow/example_dags/subdags/subdag.py for tasks to queue
[2025-02-11T18:14:56.966+0000] {logging_mixin.py:137} INFO - [2025-02-11T18:14:56.966+0000] {dagbag.py:537} INFO - Filling up the DagBag from /home/airflow/.local/lib/python3.7/site-packages/airflow/example_dags/subdags/subdag.py
[2025-02-11T18:14:56.973+0000] {processor.py:768} WARNING - No viable dags retrieved from /home/airflow/.local/lib/python3.7/site-packages/airflow/example_dags/subdags/subdag.py
[2025-02-11T18:14:56.993+0000] {processor.py:176} INFO - Processing /home/airflow/.local/lib/python3.7/site-packages/airflow/example_dags/subdags/subdag.py took 0.034 seconds
[2025-02-11T18:15:27.372+0000] {processor.py:154} INFO - Started process (PID=2842) to work on /home/airflow/.local/lib/python3.7/site-packages/airflow/example_dags/subdags/subdag.py
[2025-02-11T18:15:27.374+0000] {processor.py:756} INFO - Processing file /home/airflow/.local/lib/python3.7/site-packages/airflow/example_dags/subdags/subdag.py for tasks to queue
[2025-02-11T18:15:27.376+0000] {logging_mixin.py:137} INFO - [2025-02-11T18:15:27.376+0000] {dagbag.py:537} INFO - Filling up the DagBag from /home/airflow/.local/lib/python3.7/site-packages/airflow/example_dags/subdags/subdag.py
[2025-02-11T18:15:27.383+0000] {processor.py:768} WARNING - No viable dags retrieved from /home/airflow/.local/lib/python3.7/site-packages/airflow/example_dags/subdags/subdag.py
[2025-02-11T18:15:27.414+0000] {processor.py:176} INFO - Processing /home/airflow/.local/lib/python3.7/site-packages/airflow/example_dags/subdags/subdag.py took 0.049 seconds
[2025-02-11T18:15:57.973+0000] {processor.py:154} INFO - Started process (PID=3022) to work on /home/airflow/.local/lib/python3.7/site-packages/airflow/example_dags/subdags/subdag.py
[2025-02-11T18:15:57.975+0000] {processor.py:756} INFO - Processing file /home/airflow/.local/lib/python3.7/site-packages/airflow/example_dags/subdags/subdag.py for tasks to queue
[2025-02-11T18:15:57.977+0000] {logging_mixin.py:137} INFO - [2025-02-11T18:15:57.977+0000] {dagbag.py:537} INFO - Filling up the DagBag from /home/airflow/.local/lib/python3.7/site-packages/airflow/example_dags/subdags/subdag.py
[2025-02-11T18:15:57.982+0000] {processor.py:768} WARNING - No viable dags retrieved from /home/airflow/.local/lib/python3.7/site-packages/airflow/example_dags/subdags/subdag.py
[2025-02-11T18:15:58.006+0000] {processor.py:176} INFO - Processing /home/airflow/.local/lib/python3.7/site-packages/airflow/example_dags/subdags/subdag.py took 0.039 seconds
[2025-02-11T18:16:28.775+0000] {processor.py:154} INFO - Started process (PID=3199) to work on /home/airflow/.local/lib/python3.7/site-packages/airflow/example_dags/subdags/subdag.py
[2025-02-11T18:16:28.777+0000] {processor.py:756} INFO - Processing file /home/airflow/.local/lib/python3.7/site-packages/airflow/example_dags/subdags/subdag.py for tasks to queue
[2025-02-11T18:16:28.779+0000] {logging_mixin.py:137} INFO - [2025-02-11T18:16:28.778+0000] {dagbag.py:537} INFO - Filling up the DagBag from /home/airflow/.local/lib/python3.7/site-packages/airflow/example_dags/subdags/subdag.py
[2025-02-11T18:16:28.783+0000] {processor.py:768} WARNING - No viable dags retrieved from /home/airflow/.local/lib/python3.7/site-packages/airflow/example_dags/subdags/subdag.py
[2025-02-11T18:16:28.805+0000] {processor.py:176} INFO - Processing /home/airflow/.local/lib/python3.7/site-packages/airflow/example_dags/subdags/subdag.py took 0.033 seconds
[2025-02-11T18:17:00.237+0000] {processor.py:154} INFO - Started process (PID=3379) to work on /home/airflow/.local/lib/python3.7/site-packages/airflow/example_dags/subdags/subdag.py
[2025-02-11T18:17:00.239+0000] {processor.py:756} INFO - Processing file /home/airflow/.local/lib/python3.7/site-packages/airflow/example_dags/subdags/subdag.py for tasks to queue
[2025-02-11T18:17:00.242+0000] {logging_mixin.py:137} INFO - [2025-02-11T18:17:00.240+0000] {dagbag.py:537} INFO - Filling up the DagBag from /home/airflow/.local/lib/python3.7/site-packages/airflow/example_dags/subdags/subdag.py
[2025-02-11T18:17:00.255+0000] {processor.py:768} WARNING - No viable dags retrieved from /home/airflow/.local/lib/python3.7/site-packages/airflow/example_dags/subdags/subdag.py
[2025-02-11T18:17:00.288+0000] {processor.py:176} INFO - Processing /home/airflow/.local/lib/python3.7/site-packages/airflow/example_dags/subdags/subdag.py took 0.058 seconds
[2025-02-11T18:17:30.888+0000] {processor.py:154} INFO - Started process (PID=3562) to work on /home/airflow/.local/lib/python3.7/site-packages/airflow/example_dags/subdags/subdag.py
[2025-02-11T18:17:30.890+0000] {processor.py:756} INFO - Processing file /home/airflow/.local/lib/python3.7/site-packages/airflow/example_dags/subdags/subdag.py for tasks to queue
[2025-02-11T18:17:30.892+0000] {logging_mixin.py:137} INFO - [2025-02-11T18:17:30.892+0000] {dagbag.py:537} INFO - Filling up the DagBag from /home/airflow/.local/lib/python3.7/site-packages/airflow/example_dags/subdags/subdag.py
[2025-02-11T18:17:30.898+0000] {processor.py:768} WARNING - No viable dags retrieved from /home/airflow/.local/lib/python3.7/site-packages/airflow/example_dags/subdags/subdag.py
[2025-02-11T18:17:30.930+0000] {processor.py:176} INFO - Processing /home/airflow/.local/lib/python3.7/site-packages/airflow/example_dags/subdags/subdag.py took 0.049 seconds
[2025-02-11T18:18:02.433+0000] {processor.py:154} INFO - Started process (PID=3739) to work on /home/airflow/.local/lib/python3.7/site-packages/airflow/example_dags/subdags/subdag.py
[2025-02-11T18:18:02.435+0000] {processor.py:756} INFO - Processing file /home/airflow/.local/lib/python3.7/site-packages/airflow/example_dags/subdags/subdag.py for tasks to queue
[2025-02-11T18:18:02.438+0000] {logging_mixin.py:137} INFO - [2025-02-11T18:18:02.438+0000] {dagbag.py:537} INFO - Filling up the DagBag from /home/airflow/.local/lib/python3.7/site-packages/airflow/example_dags/subdags/subdag.py
[2025-02-11T18:18:02.444+0000] {processor.py:768} WARNING - No viable dags retrieved from /home/airflow/.local/lib/python3.7/site-packages/airflow/example_dags/subdags/subdag.py
[2025-02-11T18:18:02.472+0000] {processor.py:176} INFO - Processing /home/airflow/.local/lib/python3.7/site-packages/airflow/example_dags/subdags/subdag.py took 0.046 seconds
[2025-02-11T18:18:33.393+0000] {processor.py:154} INFO - Started process (PID=3922) to work on /home/airflow/.local/lib/python3.7/site-packages/airflow/example_dags/subdags/subdag.py
[2025-02-11T18:18:33.395+0000] {processor.py:756} INFO - Processing file /home/airflow/.local/lib/python3.7/site-packages/airflow/example_dags/subdags/subdag.py for tasks to queue
[2025-02-11T18:18:33.398+0000] {logging_mixin.py:137} INFO - [2025-02-11T18:18:33.397+0000] {dagbag.py:537} INFO - Filling up the DagBag from /home/airflow/.local/lib/python3.7/site-packages/airflow/example_dags/subdags/subdag.py
[2025-02-11T18:18:33.404+0000] {processor.py:768} WARNING - No viable dags retrieved from /home/airflow/.local/lib/python3.7/site-packages/airflow/example_dags/subdags/subdag.py
[2025-02-11T18:18:33.430+0000] {processor.py:176} INFO - Processing /home/airflow/.local/lib/python3.7/site-packages/airflow/example_dags/subdags/subdag.py took 0.043 seconds
[2025-02-11T18:19:03.646+0000] {processor.py:154} INFO - Started process (PID=4102) to work on /home/airflow/.local/lib/python3.7/site-packages/airflow/example_dags/subdags/subdag.py
[2025-02-11T18:19:03.647+0000] {processor.py:756} INFO - Processing file /home/airflow/.local/lib/python3.7/site-packages/airflow/example_dags/subdags/subdag.py for tasks to queue
[2025-02-11T18:19:03.649+0000] {logging_mixin.py:137} INFO - [2025-02-11T18:19:03.649+0000] {dagbag.py:537} INFO - Filling up the DagBag from /home/airflow/.local/lib/python3.7/site-packages/airflow/example_dags/subdags/subdag.py
[2025-02-11T18:19:03.654+0000] {processor.py:768} WARNING - No viable dags retrieved from /home/airflow/.local/lib/python3.7/site-packages/airflow/example_dags/subdags/subdag.py
[2025-02-11T18:19:03.674+0000] {processor.py:176} INFO - Processing /home/airflow/.local/lib/python3.7/site-packages/airflow/example_dags/subdags/subdag.py took 0.033 seconds
[2025-02-11T18:19:34.434+0000] {processor.py:154} INFO - Started process (PID=4276) to work on /home/airflow/.local/lib/python3.7/site-packages/airflow/example_dags/subdags/subdag.py
[2025-02-11T18:19:34.437+0000] {processor.py:756} INFO - Processing file /home/airflow/.local/lib/python3.7/site-packages/airflow/example_dags/subdags/subdag.py for tasks to queue
[2025-02-11T18:19:34.442+0000] {logging_mixin.py:137} INFO - [2025-02-11T18:19:34.442+0000] {dagbag.py:537} INFO - Filling up the DagBag from /home/airflow/.local/lib/python3.7/site-packages/airflow/example_dags/subdags/subdag.py
[2025-02-11T18:19:34.457+0000] {processor.py:768} WARNING - No viable dags retrieved from /home/airflow/.local/lib/python3.7/site-packages/airflow/example_dags/subdags/subdag.py
[2025-02-11T18:19:34.502+0000] {processor.py:176} INFO - Processing /home/airflow/.local/lib/python3.7/site-packages/airflow/example_dags/subdags/subdag.py took 0.089 seconds
[2025-02-11T18:20:04.554+0000] {processor.py:154} INFO - Started process (PID=4452) to work on /home/airflow/.local/lib/python3.7/site-packages/airflow/example_dags/subdags/subdag.py
[2025-02-11T18:20:04.556+0000] {processor.py:756} INFO - Processing file /home/airflow/.local/lib/python3.7/site-packages/airflow/example_dags/subdags/subdag.py for tasks to queue
[2025-02-11T18:20:04.558+0000] {logging_mixin.py:137} INFO - [2025-02-11T18:20:04.558+0000] {dagbag.py:537} INFO - Filling up the DagBag from /home/airflow/.local/lib/python3.7/site-packages/airflow/example_dags/subdags/subdag.py
[2025-02-11T18:20:04.562+0000] {processor.py:768} WARNING - No viable dags retrieved from /home/airflow/.local/lib/python3.7/site-packages/airflow/example_dags/subdags/subdag.py
[2025-02-11T18:20:04.585+0000] {processor.py:176} INFO - Processing /home/airflow/.local/lib/python3.7/site-packages/airflow/example_dags/subdags/subdag.py took 0.036 seconds
[2025-02-11T18:22:44.804+0000] {processor.py:154} INFO - Started process (PID=331) to work on /home/airflow/.local/lib/python3.7/site-packages/airflow/example_dags/subdags/subdag.py
[2025-02-11T18:22:44.807+0000] {processor.py:756} INFO - Processing file /home/airflow/.local/lib/python3.7/site-packages/airflow/example_dags/subdags/subdag.py for tasks to queue
[2025-02-11T18:22:44.809+0000] {logging_mixin.py:137} INFO - [2025-02-11T18:22:44.809+0000] {dagbag.py:537} INFO - Filling up the DagBag from /home/airflow/.local/lib/python3.7/site-packages/airflow/example_dags/subdags/subdag.py
[2025-02-11T18:22:44.818+0000] {processor.py:768} WARNING - No viable dags retrieved from /home/airflow/.local/lib/python3.7/site-packages/airflow/example_dags/subdags/subdag.py
[2025-02-11T18:22:44.859+0000] {processor.py:176} INFO - Processing /home/airflow/.local/lib/python3.7/site-packages/airflow/example_dags/subdags/subdag.py took 0.064 seconds
[2025-02-11T18:23:14.952+0000] {processor.py:154} INFO - Started process (PID=506) to work on /home/airflow/.local/lib/python3.7/site-packages/airflow/example_dags/subdags/subdag.py
[2025-02-11T18:23:14.955+0000] {processor.py:756} INFO - Processing file /home/airflow/.local/lib/python3.7/site-packages/airflow/example_dags/subdags/subdag.py for tasks to queue
[2025-02-11T18:23:14.958+0000] {logging_mixin.py:137} INFO - [2025-02-11T18:23:14.957+0000] {dagbag.py:537} INFO - Filling up the DagBag from /home/airflow/.local/lib/python3.7/site-packages/airflow/example_dags/subdags/subdag.py
[2025-02-11T18:23:14.968+0000] {processor.py:768} WARNING - No viable dags retrieved from /home/airflow/.local/lib/python3.7/site-packages/airflow/example_dags/subdags/subdag.py
[2025-02-11T18:23:15.011+0000] {processor.py:176} INFO - Processing /home/airflow/.local/lib/python3.7/site-packages/airflow/example_dags/subdags/subdag.py took 0.064 seconds
[2025-02-11T18:23:45.387+0000] {processor.py:154} INFO - Started process (PID=684) to work on /home/airflow/.local/lib/python3.7/site-packages/airflow/example_dags/subdags/subdag.py
[2025-02-11T18:23:45.389+0000] {processor.py:756} INFO - Processing file /home/airflow/.local/lib/python3.7/site-packages/airflow/example_dags/subdags/subdag.py for tasks to queue
[2025-02-11T18:23:45.391+0000] {logging_mixin.py:137} INFO - [2025-02-11T18:23:45.391+0000] {dagbag.py:537} INFO - Filling up the DagBag from /home/airflow/.local/lib/python3.7/site-packages/airflow/example_dags/subdags/subdag.py
[2025-02-11T18:23:45.396+0000] {processor.py:768} WARNING - No viable dags retrieved from /home/airflow/.local/lib/python3.7/site-packages/airflow/example_dags/subdags/subdag.py
[2025-02-11T18:23:45.419+0000] {processor.py:176} INFO - Processing /home/airflow/.local/lib/python3.7/site-packages/airflow/example_dags/subdags/subdag.py took 0.037 seconds
[2025-02-11T18:24:16.791+0000] {processor.py:154} INFO - Started process (PID=872) to work on /home/airflow/.local/lib/python3.7/site-packages/airflow/example_dags/subdags/subdag.py
[2025-02-11T18:24:16.793+0000] {processor.py:756} INFO - Processing file /home/airflow/.local/lib/python3.7/site-packages/airflow/example_dags/subdags/subdag.py for tasks to queue
[2025-02-11T18:24:16.797+0000] {logging_mixin.py:137} INFO - [2025-02-11T18:24:16.797+0000] {dagbag.py:537} INFO - Filling up the DagBag from /home/airflow/.local/lib/python3.7/site-packages/airflow/example_dags/subdags/subdag.py
[2025-02-11T18:24:16.811+0000] {processor.py:768} WARNING - No viable dags retrieved from /home/airflow/.local/lib/python3.7/site-packages/airflow/example_dags/subdags/subdag.py
[2025-02-11T18:24:16.860+0000] {processor.py:176} INFO - Processing /home/airflow/.local/lib/python3.7/site-packages/airflow/example_dags/subdags/subdag.py took 0.075 seconds
[2025-02-11T18:24:47.313+0000] {processor.py:154} INFO - Started process (PID=1052) to work on /home/airflow/.local/lib/python3.7/site-packages/airflow/example_dags/subdags/subdag.py
[2025-02-11T18:24:47.315+0000] {processor.py:756} INFO - Processing file /home/airflow/.local/lib/python3.7/site-packages/airflow/example_dags/subdags/subdag.py for tasks to queue
[2025-02-11T18:24:47.319+0000] {logging_mixin.py:137} INFO - [2025-02-11T18:24:47.318+0000] {dagbag.py:537} INFO - Filling up the DagBag from /home/airflow/.local/lib/python3.7/site-packages/airflow/example_dags/subdags/subdag.py
[2025-02-11T18:24:47.324+0000] {processor.py:768} WARNING - No viable dags retrieved from /home/airflow/.local/lib/python3.7/site-packages/airflow/example_dags/subdags/subdag.py
[2025-02-11T18:24:47.354+0000] {processor.py:176} INFO - Processing /home/airflow/.local/lib/python3.7/site-packages/airflow/example_dags/subdags/subdag.py took 0.045 seconds
[2025-02-11T18:25:18.230+0000] {processor.py:154} INFO - Started process (PID=1232) to work on /home/airflow/.local/lib/python3.7/site-packages/airflow/example_dags/subdags/subdag.py
[2025-02-11T18:25:18.234+0000] {processor.py:756} INFO - Processing file /home/airflow/.local/lib/python3.7/site-packages/airflow/example_dags/subdags/subdag.py for tasks to queue
[2025-02-11T18:25:18.236+0000] {logging_mixin.py:137} INFO - [2025-02-11T18:25:18.235+0000] {dagbag.py:537} INFO - Filling up the DagBag from /home/airflow/.local/lib/python3.7/site-packages/airflow/example_dags/subdags/subdag.py
[2025-02-11T18:25:18.245+0000] {processor.py:768} WARNING - No viable dags retrieved from /home/airflow/.local/lib/python3.7/site-packages/airflow/example_dags/subdags/subdag.py
[2025-02-11T18:25:18.266+0000] {processor.py:176} INFO - Processing /home/airflow/.local/lib/python3.7/site-packages/airflow/example_dags/subdags/subdag.py took 0.044 seconds
[2025-02-11T18:25:48.878+0000] {processor.py:154} INFO - Started process (PID=1412) to work on /home/airflow/.local/lib/python3.7/site-packages/airflow/example_dags/subdags/subdag.py
[2025-02-11T18:25:48.880+0000] {processor.py:756} INFO - Processing file /home/airflow/.local/lib/python3.7/site-packages/airflow/example_dags/subdags/subdag.py for tasks to queue
[2025-02-11T18:25:48.883+0000] {logging_mixin.py:137} INFO - [2025-02-11T18:25:48.882+0000] {dagbag.py:537} INFO - Filling up the DagBag from /home/airflow/.local/lib/python3.7/site-packages/airflow/example_dags/subdags/subdag.py
[2025-02-11T18:25:48.889+0000] {processor.py:768} WARNING - No viable dags retrieved from /home/airflow/.local/lib/python3.7/site-packages/airflow/example_dags/subdags/subdag.py
[2025-02-11T18:25:48.909+0000] {processor.py:176} INFO - Processing /home/airflow/.local/lib/python3.7/site-packages/airflow/example_dags/subdags/subdag.py took 0.034 seconds
[2025-02-11T18:26:19.432+0000] {processor.py:154} INFO - Started process (PID=1592) to work on /home/airflow/.local/lib/python3.7/site-packages/airflow/example_dags/subdags/subdag.py
[2025-02-11T18:26:19.434+0000] {processor.py:756} INFO - Processing file /home/airflow/.local/lib/python3.7/site-packages/airflow/example_dags/subdags/subdag.py for tasks to queue
[2025-02-11T18:26:19.436+0000] {logging_mixin.py:137} INFO - [2025-02-11T18:26:19.435+0000] {dagbag.py:537} INFO - Filling up the DagBag from /home/airflow/.local/lib/python3.7/site-packages/airflow/example_dags/subdags/subdag.py
[2025-02-11T18:26:19.441+0000] {processor.py:768} WARNING - No viable dags retrieved from /home/airflow/.local/lib/python3.7/site-packages/airflow/example_dags/subdags/subdag.py
[2025-02-11T18:26:19.463+0000] {processor.py:176} INFO - Processing /home/airflow/.local/lib/python3.7/site-packages/airflow/example_dags/subdags/subdag.py took 0.035 seconds
[2025-02-11T18:26:49.932+0000] {processor.py:154} INFO - Started process (PID=1772) to work on /home/airflow/.local/lib/python3.7/site-packages/airflow/example_dags/subdags/subdag.py
[2025-02-11T18:26:49.934+0000] {processor.py:756} INFO - Processing file /home/airflow/.local/lib/python3.7/site-packages/airflow/example_dags/subdags/subdag.py for tasks to queue
[2025-02-11T18:26:49.936+0000] {logging_mixin.py:137} INFO - [2025-02-11T18:26:49.936+0000] {dagbag.py:537} INFO - Filling up the DagBag from /home/airflow/.local/lib/python3.7/site-packages/airflow/example_dags/subdags/subdag.py
[2025-02-11T18:26:49.948+0000] {processor.py:768} WARNING - No viable dags retrieved from /home/airflow/.local/lib/python3.7/site-packages/airflow/example_dags/subdags/subdag.py
[2025-02-11T18:26:49.982+0000] {processor.py:176} INFO - Processing /home/airflow/.local/lib/python3.7/site-packages/airflow/example_dags/subdags/subdag.py took 0.056 seconds
[2025-02-11T18:27:21.030+0000] {processor.py:154} INFO - Started process (PID=1952) to work on /home/airflow/.local/lib/python3.7/site-packages/airflow/example_dags/subdags/subdag.py
[2025-02-11T18:27:21.033+0000] {processor.py:756} INFO - Processing file /home/airflow/.local/lib/python3.7/site-packages/airflow/example_dags/subdags/subdag.py for tasks to queue
[2025-02-11T18:27:21.036+0000] {logging_mixin.py:137} INFO - [2025-02-11T18:27:21.036+0000] {dagbag.py:537} INFO - Filling up the DagBag from /home/airflow/.local/lib/python3.7/site-packages/airflow/example_dags/subdags/subdag.py
[2025-02-11T18:27:21.044+0000] {processor.py:768} WARNING - No viable dags retrieved from /home/airflow/.local/lib/python3.7/site-packages/airflow/example_dags/subdags/subdag.py
[2025-02-11T18:27:21.073+0000] {processor.py:176} INFO - Processing /home/airflow/.local/lib/python3.7/site-packages/airflow/example_dags/subdags/subdag.py took 0.050 seconds
[2025-02-11T18:27:51.944+0000] {processor.py:154} INFO - Started process (PID=2132) to work on /home/airflow/.local/lib/python3.7/site-packages/airflow/example_dags/subdags/subdag.py
[2025-02-11T18:27:51.946+0000] {processor.py:756} INFO - Processing file /home/airflow/.local/lib/python3.7/site-packages/airflow/example_dags/subdags/subdag.py for tasks to queue
[2025-02-11T18:27:51.948+0000] {logging_mixin.py:137} INFO - [2025-02-11T18:27:51.948+0000] {dagbag.py:537} INFO - Filling up the DagBag from /home/airflow/.local/lib/python3.7/site-packages/airflow/example_dags/subdags/subdag.py
[2025-02-11T18:27:51.954+0000] {processor.py:768} WARNING - No viable dags retrieved from /home/airflow/.local/lib/python3.7/site-packages/airflow/example_dags/subdags/subdag.py
[2025-02-11T18:27:52.001+0000] {processor.py:176} INFO - Processing /home/airflow/.local/lib/python3.7/site-packages/airflow/example_dags/subdags/subdag.py took 0.065 seconds
[2025-02-11T18:28:23.053+0000] {processor.py:154} INFO - Started process (PID=2309) to work on /home/airflow/.local/lib/python3.7/site-packages/airflow/example_dags/subdags/subdag.py
[2025-02-11T18:28:23.055+0000] {processor.py:756} INFO - Processing file /home/airflow/.local/lib/python3.7/site-packages/airflow/example_dags/subdags/subdag.py for tasks to queue
[2025-02-11T18:28:23.057+0000] {logging_mixin.py:137} INFO - [2025-02-11T18:28:23.057+0000] {dagbag.py:537} INFO - Filling up the DagBag from /home/airflow/.local/lib/python3.7/site-packages/airflow/example_dags/subdags/subdag.py
[2025-02-11T18:28:23.063+0000] {processor.py:768} WARNING - No viable dags retrieved from /home/airflow/.local/lib/python3.7/site-packages/airflow/example_dags/subdags/subdag.py
[2025-02-11T18:28:23.088+0000] {processor.py:176} INFO - Processing /home/airflow/.local/lib/python3.7/site-packages/airflow/example_dags/subdags/subdag.py took 0.039 seconds
[2025-02-11T18:28:53.751+0000] {processor.py:154} INFO - Started process (PID=2492) to work on /home/airflow/.local/lib/python3.7/site-packages/airflow/example_dags/subdags/subdag.py
[2025-02-11T18:28:53.753+0000] {processor.py:756} INFO - Processing file /home/airflow/.local/lib/python3.7/site-packages/airflow/example_dags/subdags/subdag.py for tasks to queue
[2025-02-11T18:28:53.755+0000] {logging_mixin.py:137} INFO - [2025-02-11T18:28:53.755+0000] {dagbag.py:537} INFO - Filling up the DagBag from /home/airflow/.local/lib/python3.7/site-packages/airflow/example_dags/subdags/subdag.py
[2025-02-11T18:28:53.763+0000] {processor.py:768} WARNING - No viable dags retrieved from /home/airflow/.local/lib/python3.7/site-packages/airflow/example_dags/subdags/subdag.py
[2025-02-11T18:28:53.793+0000] {processor.py:176} INFO - Processing /home/airflow/.local/lib/python3.7/site-packages/airflow/example_dags/subdags/subdag.py took 0.047 seconds
[2025-02-11T18:29:24.499+0000] {processor.py:154} INFO - Started process (PID=2672) to work on /home/airflow/.local/lib/python3.7/site-packages/airflow/example_dags/subdags/subdag.py
[2025-02-11T18:29:24.501+0000] {processor.py:756} INFO - Processing file /home/airflow/.local/lib/python3.7/site-packages/airflow/example_dags/subdags/subdag.py for tasks to queue
[2025-02-11T18:29:24.503+0000] {logging_mixin.py:137} INFO - [2025-02-11T18:29:24.502+0000] {dagbag.py:537} INFO - Filling up the DagBag from /home/airflow/.local/lib/python3.7/site-packages/airflow/example_dags/subdags/subdag.py
[2025-02-11T18:29:24.510+0000] {processor.py:768} WARNING - No viable dags retrieved from /home/airflow/.local/lib/python3.7/site-packages/airflow/example_dags/subdags/subdag.py
[2025-02-11T18:29:24.534+0000] {processor.py:176} INFO - Processing /home/airflow/.local/lib/python3.7/site-packages/airflow/example_dags/subdags/subdag.py took 0.039 seconds
[2025-02-11T18:29:55.560+0000] {processor.py:154} INFO - Started process (PID=2852) to work on /home/airflow/.local/lib/python3.7/site-packages/airflow/example_dags/subdags/subdag.py
[2025-02-11T18:29:55.563+0000] {processor.py:756} INFO - Processing file /home/airflow/.local/lib/python3.7/site-packages/airflow/example_dags/subdags/subdag.py for tasks to queue
[2025-02-11T18:29:55.567+0000] {logging_mixin.py:137} INFO - [2025-02-11T18:29:55.567+0000] {dagbag.py:537} INFO - Filling up the DagBag from /home/airflow/.local/lib/python3.7/site-packages/airflow/example_dags/subdags/subdag.py
[2025-02-11T18:29:55.574+0000] {processor.py:768} WARNING - No viable dags retrieved from /home/airflow/.local/lib/python3.7/site-packages/airflow/example_dags/subdags/subdag.py
[2025-02-11T18:29:55.598+0000] {processor.py:176} INFO - Processing /home/airflow/.local/lib/python3.7/site-packages/airflow/example_dags/subdags/subdag.py took 0.047 seconds
[2025-02-11T18:30:26.330+0000] {processor.py:154} INFO - Started process (PID=3032) to work on /home/airflow/.local/lib/python3.7/site-packages/airflow/example_dags/subdags/subdag.py
[2025-02-11T18:30:26.332+0000] {processor.py:756} INFO - Processing file /home/airflow/.local/lib/python3.7/site-packages/airflow/example_dags/subdags/subdag.py for tasks to queue
[2025-02-11T18:30:26.335+0000] {logging_mixin.py:137} INFO - [2025-02-11T18:30:26.335+0000] {dagbag.py:537} INFO - Filling up the DagBag from /home/airflow/.local/lib/python3.7/site-packages/airflow/example_dags/subdags/subdag.py
[2025-02-11T18:30:26.345+0000] {processor.py:768} WARNING - No viable dags retrieved from /home/airflow/.local/lib/python3.7/site-packages/airflow/example_dags/subdags/subdag.py
[2025-02-11T18:30:26.374+0000] {processor.py:176} INFO - Processing /home/airflow/.local/lib/python3.7/site-packages/airflow/example_dags/subdags/subdag.py took 0.049 seconds
[2025-02-11T18:30:56.752+0000] {processor.py:154} INFO - Started process (PID=3212) to work on /home/airflow/.local/lib/python3.7/site-packages/airflow/example_dags/subdags/subdag.py
[2025-02-11T18:30:56.755+0000] {processor.py:756} INFO - Processing file /home/airflow/.local/lib/python3.7/site-packages/airflow/example_dags/subdags/subdag.py for tasks to queue
[2025-02-11T18:30:56.757+0000] {logging_mixin.py:137} INFO - [2025-02-11T18:30:56.756+0000] {dagbag.py:537} INFO - Filling up the DagBag from /home/airflow/.local/lib/python3.7/site-packages/airflow/example_dags/subdags/subdag.py
[2025-02-11T18:30:56.764+0000] {processor.py:768} WARNING - No viable dags retrieved from /home/airflow/.local/lib/python3.7/site-packages/airflow/example_dags/subdags/subdag.py
[2025-02-11T18:30:56.795+0000] {processor.py:176} INFO - Processing /home/airflow/.local/lib/python3.7/site-packages/airflow/example_dags/subdags/subdag.py took 0.050 seconds
[2025-02-11T18:31:27.467+0000] {processor.py:154} INFO - Started process (PID=3392) to work on /home/airflow/.local/lib/python3.7/site-packages/airflow/example_dags/subdags/subdag.py
[2025-02-11T18:31:27.469+0000] {processor.py:756} INFO - Processing file /home/airflow/.local/lib/python3.7/site-packages/airflow/example_dags/subdags/subdag.py for tasks to queue
[2025-02-11T18:31:27.472+0000] {logging_mixin.py:137} INFO - [2025-02-11T18:31:27.472+0000] {dagbag.py:537} INFO - Filling up the DagBag from /home/airflow/.local/lib/python3.7/site-packages/airflow/example_dags/subdags/subdag.py
[2025-02-11T18:31:27.483+0000] {processor.py:768} WARNING - No viable dags retrieved from /home/airflow/.local/lib/python3.7/site-packages/airflow/example_dags/subdags/subdag.py
[2025-02-11T18:31:27.509+0000] {processor.py:176} INFO - Processing /home/airflow/.local/lib/python3.7/site-packages/airflow/example_dags/subdags/subdag.py took 0.046 seconds
[2025-02-11T18:31:57.956+0000] {processor.py:154} INFO - Started process (PID=3572) to work on /home/airflow/.local/lib/python3.7/site-packages/airflow/example_dags/subdags/subdag.py
[2025-02-11T18:31:57.958+0000] {processor.py:756} INFO - Processing file /home/airflow/.local/lib/python3.7/site-packages/airflow/example_dags/subdags/subdag.py for tasks to queue
[2025-02-11T18:31:57.960+0000] {logging_mixin.py:137} INFO - [2025-02-11T18:31:57.960+0000] {dagbag.py:537} INFO - Filling up the DagBag from /home/airflow/.local/lib/python3.7/site-packages/airflow/example_dags/subdags/subdag.py
[2025-02-11T18:31:57.966+0000] {processor.py:768} WARNING - No viable dags retrieved from /home/airflow/.local/lib/python3.7/site-packages/airflow/example_dags/subdags/subdag.py
[2025-02-11T18:31:57.997+0000] {processor.py:176} INFO - Processing /home/airflow/.local/lib/python3.7/site-packages/airflow/example_dags/subdags/subdag.py took 0.046 seconds
[2025-02-11T18:32:28.950+0000] {processor.py:154} INFO - Started process (PID=3752) to work on /home/airflow/.local/lib/python3.7/site-packages/airflow/example_dags/subdags/subdag.py
[2025-02-11T18:32:28.952+0000] {processor.py:756} INFO - Processing file /home/airflow/.local/lib/python3.7/site-packages/airflow/example_dags/subdags/subdag.py for tasks to queue
[2025-02-11T18:32:28.954+0000] {logging_mixin.py:137} INFO - [2025-02-11T18:32:28.954+0000] {dagbag.py:537} INFO - Filling up the DagBag from /home/airflow/.local/lib/python3.7/site-packages/airflow/example_dags/subdags/subdag.py
[2025-02-11T18:32:28.961+0000] {processor.py:768} WARNING - No viable dags retrieved from /home/airflow/.local/lib/python3.7/site-packages/airflow/example_dags/subdags/subdag.py
[2025-02-11T18:32:28.990+0000] {processor.py:176} INFO - Processing /home/airflow/.local/lib/python3.7/site-packages/airflow/example_dags/subdags/subdag.py took 0.046 seconds
[2025-02-11T18:32:59.639+0000] {processor.py:154} INFO - Started process (PID=3932) to work on /home/airflow/.local/lib/python3.7/site-packages/airflow/example_dags/subdags/subdag.py
[2025-02-11T18:32:59.644+0000] {processor.py:756} INFO - Processing file /home/airflow/.local/lib/python3.7/site-packages/airflow/example_dags/subdags/subdag.py for tasks to queue
[2025-02-11T18:32:59.647+0000] {logging_mixin.py:137} INFO - [2025-02-11T18:32:59.646+0000] {dagbag.py:537} INFO - Filling up the DagBag from /home/airflow/.local/lib/python3.7/site-packages/airflow/example_dags/subdags/subdag.py
[2025-02-11T18:32:59.662+0000] {processor.py:768} WARNING - No viable dags retrieved from /home/airflow/.local/lib/python3.7/site-packages/airflow/example_dags/subdags/subdag.py
[2025-02-11T18:32:59.707+0000] {processor.py:176} INFO - Processing /home/airflow/.local/lib/python3.7/site-packages/airflow/example_dags/subdags/subdag.py took 0.080 seconds
[2025-02-11T18:33:30.250+0000] {processor.py:154} INFO - Started process (PID=4112) to work on /home/airflow/.local/lib/python3.7/site-packages/airflow/example_dags/subdags/subdag.py
[2025-02-11T18:33:30.253+0000] {processor.py:756} INFO - Processing file /home/airflow/.local/lib/python3.7/site-packages/airflow/example_dags/subdags/subdag.py for tasks to queue
[2025-02-11T18:33:30.255+0000] {logging_mixin.py:137} INFO - [2025-02-11T18:33:30.255+0000] {dagbag.py:537} INFO - Filling up the DagBag from /home/airflow/.local/lib/python3.7/site-packages/airflow/example_dags/subdags/subdag.py
[2025-02-11T18:33:30.263+0000] {processor.py:768} WARNING - No viable dags retrieved from /home/airflow/.local/lib/python3.7/site-packages/airflow/example_dags/subdags/subdag.py
[2025-02-11T18:33:30.341+0000] {processor.py:176} INFO - Processing /home/airflow/.local/lib/python3.7/site-packages/airflow/example_dags/subdags/subdag.py took 0.097 seconds
[2025-02-11T18:34:00.696+0000] {processor.py:154} INFO - Started process (PID=4287) to work on /home/airflow/.local/lib/python3.7/site-packages/airflow/example_dags/subdags/subdag.py
[2025-02-11T18:34:00.698+0000] {processor.py:756} INFO - Processing file /home/airflow/.local/lib/python3.7/site-packages/airflow/example_dags/subdags/subdag.py for tasks to queue
[2025-02-11T18:34:00.700+0000] {logging_mixin.py:137} INFO - [2025-02-11T18:34:00.700+0000] {dagbag.py:537} INFO - Filling up the DagBag from /home/airflow/.local/lib/python3.7/site-packages/airflow/example_dags/subdags/subdag.py
[2025-02-11T18:34:00.707+0000] {processor.py:768} WARNING - No viable dags retrieved from /home/airflow/.local/lib/python3.7/site-packages/airflow/example_dags/subdags/subdag.py
[2025-02-11T18:34:00.741+0000] {processor.py:176} INFO - Processing /home/airflow/.local/lib/python3.7/site-packages/airflow/example_dags/subdags/subdag.py took 0.049 seconds
[2025-02-11T18:34:31.588+0000] {processor.py:154} INFO - Started process (PID=4467) to work on /home/airflow/.local/lib/python3.7/site-packages/airflow/example_dags/subdags/subdag.py
[2025-02-11T18:34:31.590+0000] {processor.py:756} INFO - Processing file /home/airflow/.local/lib/python3.7/site-packages/airflow/example_dags/subdags/subdag.py for tasks to queue
[2025-02-11T18:34:31.592+0000] {logging_mixin.py:137} INFO - [2025-02-11T18:34:31.591+0000] {dagbag.py:537} INFO - Filling up the DagBag from /home/airflow/.local/lib/python3.7/site-packages/airflow/example_dags/subdags/subdag.py
[2025-02-11T18:34:31.597+0000] {processor.py:768} WARNING - No viable dags retrieved from /home/airflow/.local/lib/python3.7/site-packages/airflow/example_dags/subdags/subdag.py
[2025-02-11T18:34:31.635+0000] {processor.py:176} INFO - Processing /home/airflow/.local/lib/python3.7/site-packages/airflow/example_dags/subdags/subdag.py took 0.052 seconds
[2025-02-11T18:35:02.547+0000] {processor.py:154} INFO - Started process (PID=4647) to work on /home/airflow/.local/lib/python3.7/site-packages/airflow/example_dags/subdags/subdag.py
[2025-02-11T18:35:02.549+0000] {processor.py:756} INFO - Processing file /home/airflow/.local/lib/python3.7/site-packages/airflow/example_dags/subdags/subdag.py for tasks to queue
[2025-02-11T18:35:02.552+0000] {logging_mixin.py:137} INFO - [2025-02-11T18:35:02.551+0000] {dagbag.py:537} INFO - Filling up the DagBag from /home/airflow/.local/lib/python3.7/site-packages/airflow/example_dags/subdags/subdag.py
[2025-02-11T18:35:02.565+0000] {processor.py:768} WARNING - No viable dags retrieved from /home/airflow/.local/lib/python3.7/site-packages/airflow/example_dags/subdags/subdag.py
[2025-02-11T18:35:02.614+0000] {processor.py:176} INFO - Processing /home/airflow/.local/lib/python3.7/site-packages/airflow/example_dags/subdags/subdag.py took 0.076 seconds
[2025-02-11T18:37:28.242+0000] {processor.py:154} INFO - Started process (PID=331) to work on /home/airflow/.local/lib/python3.7/site-packages/airflow/example_dags/subdags/subdag.py
[2025-02-11T18:37:28.244+0000] {processor.py:756} INFO - Processing file /home/airflow/.local/lib/python3.7/site-packages/airflow/example_dags/subdags/subdag.py for tasks to queue
[2025-02-11T18:37:28.247+0000] {logging_mixin.py:137} INFO - [2025-02-11T18:37:28.247+0000] {dagbag.py:537} INFO - Filling up the DagBag from /home/airflow/.local/lib/python3.7/site-packages/airflow/example_dags/subdags/subdag.py
[2025-02-11T18:37:28.254+0000] {processor.py:768} WARNING - No viable dags retrieved from /home/airflow/.local/lib/python3.7/site-packages/airflow/example_dags/subdags/subdag.py
[2025-02-11T18:37:28.283+0000] {processor.py:176} INFO - Processing /home/airflow/.local/lib/python3.7/site-packages/airflow/example_dags/subdags/subdag.py took 0.046 seconds
[2025-02-11T18:37:59.163+0000] {processor.py:154} INFO - Started process (PID=513) to work on /home/airflow/.local/lib/python3.7/site-packages/airflow/example_dags/subdags/subdag.py
[2025-02-11T18:37:59.165+0000] {processor.py:756} INFO - Processing file /home/airflow/.local/lib/python3.7/site-packages/airflow/example_dags/subdags/subdag.py for tasks to queue
[2025-02-11T18:37:59.168+0000] {logging_mixin.py:137} INFO - [2025-02-11T18:37:59.167+0000] {dagbag.py:537} INFO - Filling up the DagBag from /home/airflow/.local/lib/python3.7/site-packages/airflow/example_dags/subdags/subdag.py
[2025-02-11T18:37:59.177+0000] {processor.py:768} WARNING - No viable dags retrieved from /home/airflow/.local/lib/python3.7/site-packages/airflow/example_dags/subdags/subdag.py
[2025-02-11T18:37:59.209+0000] {processor.py:176} INFO - Processing /home/airflow/.local/lib/python3.7/site-packages/airflow/example_dags/subdags/subdag.py took 0.050 seconds
[2025-02-11T18:38:29.689+0000] {processor.py:154} INFO - Started process (PID=692) to work on /home/airflow/.local/lib/python3.7/site-packages/airflow/example_dags/subdags/subdag.py
[2025-02-11T18:38:29.690+0000] {processor.py:756} INFO - Processing file /home/airflow/.local/lib/python3.7/site-packages/airflow/example_dags/subdags/subdag.py for tasks to queue
[2025-02-11T18:38:29.692+0000] {logging_mixin.py:137} INFO - [2025-02-11T18:38:29.692+0000] {dagbag.py:537} INFO - Filling up the DagBag from /home/airflow/.local/lib/python3.7/site-packages/airflow/example_dags/subdags/subdag.py
[2025-02-11T18:38:29.698+0000] {processor.py:768} WARNING - No viable dags retrieved from /home/airflow/.local/lib/python3.7/site-packages/airflow/example_dags/subdags/subdag.py
[2025-02-11T18:38:29.722+0000] {processor.py:176} INFO - Processing /home/airflow/.local/lib/python3.7/site-packages/airflow/example_dags/subdags/subdag.py took 0.037 seconds
[2025-02-11T18:39:00.403+0000] {processor.py:154} INFO - Started process (PID=872) to work on /home/airflow/.local/lib/python3.7/site-packages/airflow/example_dags/subdags/subdag.py
[2025-02-11T18:39:00.406+0000] {processor.py:756} INFO - Processing file /home/airflow/.local/lib/python3.7/site-packages/airflow/example_dags/subdags/subdag.py for tasks to queue
[2025-02-11T18:39:00.408+0000] {logging_mixin.py:137} INFO - [2025-02-11T18:39:00.408+0000] {dagbag.py:537} INFO - Filling up the DagBag from /home/airflow/.local/lib/python3.7/site-packages/airflow/example_dags/subdags/subdag.py
[2025-02-11T18:39:00.417+0000] {processor.py:768} WARNING - No viable dags retrieved from /home/airflow/.local/lib/python3.7/site-packages/airflow/example_dags/subdags/subdag.py
[2025-02-11T18:39:00.456+0000] {processor.py:176} INFO - Processing /home/airflow/.local/lib/python3.7/site-packages/airflow/example_dags/subdags/subdag.py took 0.058 seconds
[2025-02-11T18:39:31.054+0000] {processor.py:154} INFO - Started process (PID=1052) to work on /home/airflow/.local/lib/python3.7/site-packages/airflow/example_dags/subdags/subdag.py
[2025-02-11T18:39:31.056+0000] {processor.py:756} INFO - Processing file /home/airflow/.local/lib/python3.7/site-packages/airflow/example_dags/subdags/subdag.py for tasks to queue
[2025-02-11T18:39:31.058+0000] {logging_mixin.py:137} INFO - [2025-02-11T18:39:31.058+0000] {dagbag.py:537} INFO - Filling up the DagBag from /home/airflow/.local/lib/python3.7/site-packages/airflow/example_dags/subdags/subdag.py
[2025-02-11T18:39:31.065+0000] {processor.py:768} WARNING - No viable dags retrieved from /home/airflow/.local/lib/python3.7/site-packages/airflow/example_dags/subdags/subdag.py
[2025-02-11T18:39:31.091+0000] {processor.py:176} INFO - Processing /home/airflow/.local/lib/python3.7/site-packages/airflow/example_dags/subdags/subdag.py took 0.043 seconds
[2025-02-11T18:40:01.668+0000] {processor.py:154} INFO - Started process (PID=1231) to work on /home/airflow/.local/lib/python3.7/site-packages/airflow/example_dags/subdags/subdag.py
[2025-02-11T18:40:01.669+0000] {processor.py:756} INFO - Processing file /home/airflow/.local/lib/python3.7/site-packages/airflow/example_dags/subdags/subdag.py for tasks to queue
[2025-02-11T18:40:01.671+0000] {logging_mixin.py:137} INFO - [2025-02-11T18:40:01.671+0000] {dagbag.py:537} INFO - Filling up the DagBag from /home/airflow/.local/lib/python3.7/site-packages/airflow/example_dags/subdags/subdag.py
[2025-02-11T18:40:01.676+0000] {processor.py:768} WARNING - No viable dags retrieved from /home/airflow/.local/lib/python3.7/site-packages/airflow/example_dags/subdags/subdag.py
[2025-02-11T18:40:01.706+0000] {processor.py:176} INFO - Processing /home/airflow/.local/lib/python3.7/site-packages/airflow/example_dags/subdags/subdag.py took 0.045 seconds
[2025-02-11T18:40:32.824+0000] {processor.py:154} INFO - Started process (PID=1412) to work on /home/airflow/.local/lib/python3.7/site-packages/airflow/example_dags/subdags/subdag.py
[2025-02-11T18:40:32.826+0000] {processor.py:756} INFO - Processing file /home/airflow/.local/lib/python3.7/site-packages/airflow/example_dags/subdags/subdag.py for tasks to queue
[2025-02-11T18:40:32.827+0000] {logging_mixin.py:137} INFO - [2025-02-11T18:40:32.827+0000] {dagbag.py:537} INFO - Filling up the DagBag from /home/airflow/.local/lib/python3.7/site-packages/airflow/example_dags/subdags/subdag.py
[2025-02-11T18:40:32.832+0000] {processor.py:768} WARNING - No viable dags retrieved from /home/airflow/.local/lib/python3.7/site-packages/airflow/example_dags/subdags/subdag.py
[2025-02-11T18:40:32.859+0000] {processor.py:176} INFO - Processing /home/airflow/.local/lib/python3.7/site-packages/airflow/example_dags/subdags/subdag.py took 0.041 seconds
[2025-02-11T18:41:03.199+0000] {processor.py:154} INFO - Started process (PID=1592) to work on /home/airflow/.local/lib/python3.7/site-packages/airflow/example_dags/subdags/subdag.py
[2025-02-11T18:41:03.201+0000] {processor.py:756} INFO - Processing file /home/airflow/.local/lib/python3.7/site-packages/airflow/example_dags/subdags/subdag.py for tasks to queue
[2025-02-11T18:41:03.204+0000] {logging_mixin.py:137} INFO - [2025-02-11T18:41:03.204+0000] {dagbag.py:537} INFO - Filling up the DagBag from /home/airflow/.local/lib/python3.7/site-packages/airflow/example_dags/subdags/subdag.py
[2025-02-11T18:41:03.212+0000] {processor.py:768} WARNING - No viable dags retrieved from /home/airflow/.local/lib/python3.7/site-packages/airflow/example_dags/subdags/subdag.py
[2025-02-11T18:41:03.242+0000] {processor.py:176} INFO - Processing /home/airflow/.local/lib/python3.7/site-packages/airflow/example_dags/subdags/subdag.py took 0.048 seconds
[2025-02-11T18:41:33.443+0000] {processor.py:154} INFO - Started process (PID=1768) to work on /home/airflow/.local/lib/python3.7/site-packages/airflow/example_dags/subdags/subdag.py
[2025-02-11T18:41:33.445+0000] {processor.py:756} INFO - Processing file /home/airflow/.local/lib/python3.7/site-packages/airflow/example_dags/subdags/subdag.py for tasks to queue
[2025-02-11T18:41:33.446+0000] {logging_mixin.py:137} INFO - [2025-02-11T18:41:33.446+0000] {dagbag.py:537} INFO - Filling up the DagBag from /home/airflow/.local/lib/python3.7/site-packages/airflow/example_dags/subdags/subdag.py
[2025-02-11T18:41:33.450+0000] {processor.py:768} WARNING - No viable dags retrieved from /home/airflow/.local/lib/python3.7/site-packages/airflow/example_dags/subdags/subdag.py
[2025-02-11T18:41:33.471+0000] {processor.py:176} INFO - Processing /home/airflow/.local/lib/python3.7/site-packages/airflow/example_dags/subdags/subdag.py took 0.031 seconds
[2025-02-11T18:42:03.912+0000] {processor.py:154} INFO - Started process (PID=1948) to work on /home/airflow/.local/lib/python3.7/site-packages/airflow/example_dags/subdags/subdag.py
[2025-02-11T18:42:03.914+0000] {processor.py:756} INFO - Processing file /home/airflow/.local/lib/python3.7/site-packages/airflow/example_dags/subdags/subdag.py for tasks to queue
[2025-02-11T18:42:03.916+0000] {logging_mixin.py:137} INFO - [2025-02-11T18:42:03.916+0000] {dagbag.py:537} INFO - Filling up the DagBag from /home/airflow/.local/lib/python3.7/site-packages/airflow/example_dags/subdags/subdag.py
[2025-02-11T18:42:03.920+0000] {processor.py:768} WARNING - No viable dags retrieved from /home/airflow/.local/lib/python3.7/site-packages/airflow/example_dags/subdags/subdag.py
[2025-02-11T18:42:03.951+0000] {processor.py:176} INFO - Processing /home/airflow/.local/lib/python3.7/site-packages/airflow/example_dags/subdags/subdag.py took 0.042 seconds
[2025-02-11T18:42:34.824+0000] {processor.py:154} INFO - Started process (PID=2132) to work on /home/airflow/.local/lib/python3.7/site-packages/airflow/example_dags/subdags/subdag.py
[2025-02-11T18:42:34.826+0000] {processor.py:756} INFO - Processing file /home/airflow/.local/lib/python3.7/site-packages/airflow/example_dags/subdags/subdag.py for tasks to queue
[2025-02-11T18:42:34.828+0000] {logging_mixin.py:137} INFO - [2025-02-11T18:42:34.828+0000] {dagbag.py:537} INFO - Filling up the DagBag from /home/airflow/.local/lib/python3.7/site-packages/airflow/example_dags/subdags/subdag.py
[2025-02-11T18:42:34.834+0000] {processor.py:768} WARNING - No viable dags retrieved from /home/airflow/.local/lib/python3.7/site-packages/airflow/example_dags/subdags/subdag.py
[2025-02-11T18:42:34.869+0000] {processor.py:176} INFO - Processing /home/airflow/.local/lib/python3.7/site-packages/airflow/example_dags/subdags/subdag.py took 0.049 seconds
[2025-02-11T18:43:05.285+0000] {processor.py:154} INFO - Started process (PID=2312) to work on /home/airflow/.local/lib/python3.7/site-packages/airflow/example_dags/subdags/subdag.py
[2025-02-11T18:43:05.287+0000] {processor.py:756} INFO - Processing file /home/airflow/.local/lib/python3.7/site-packages/airflow/example_dags/subdags/subdag.py for tasks to queue
[2025-02-11T18:43:05.290+0000] {logging_mixin.py:137} INFO - [2025-02-11T18:43:05.290+0000] {dagbag.py:537} INFO - Filling up the DagBag from /home/airflow/.local/lib/python3.7/site-packages/airflow/example_dags/subdags/subdag.py
[2025-02-11T18:43:05.301+0000] {processor.py:768} WARNING - No viable dags retrieved from /home/airflow/.local/lib/python3.7/site-packages/airflow/example_dags/subdags/subdag.py
[2025-02-11T18:43:05.335+0000] {processor.py:176} INFO - Processing /home/airflow/.local/lib/python3.7/site-packages/airflow/example_dags/subdags/subdag.py took 0.055 seconds
[2025-02-11T18:43:36.236+0000] {processor.py:154} INFO - Started process (PID=2492) to work on /home/airflow/.local/lib/python3.7/site-packages/airflow/example_dags/subdags/subdag.py
[2025-02-11T18:43:36.239+0000] {processor.py:756} INFO - Processing file /home/airflow/.local/lib/python3.7/site-packages/airflow/example_dags/subdags/subdag.py for tasks to queue
[2025-02-11T18:43:36.241+0000] {logging_mixin.py:137} INFO - [2025-02-11T18:43:36.241+0000] {dagbag.py:537} INFO - Filling up the DagBag from /home/airflow/.local/lib/python3.7/site-packages/airflow/example_dags/subdags/subdag.py
[2025-02-11T18:43:36.248+0000] {processor.py:768} WARNING - No viable dags retrieved from /home/airflow/.local/lib/python3.7/site-packages/airflow/example_dags/subdags/subdag.py
[2025-02-11T18:43:36.284+0000] {processor.py:176} INFO - Processing /home/airflow/.local/lib/python3.7/site-packages/airflow/example_dags/subdags/subdag.py took 0.055 seconds
[2025-02-11T18:44:07.213+0000] {processor.py:154} INFO - Started process (PID=2672) to work on /home/airflow/.local/lib/python3.7/site-packages/airflow/example_dags/subdags/subdag.py
[2025-02-11T18:44:07.216+0000] {processor.py:756} INFO - Processing file /home/airflow/.local/lib/python3.7/site-packages/airflow/example_dags/subdags/subdag.py for tasks to queue
[2025-02-11T18:44:07.218+0000] {logging_mixin.py:137} INFO - [2025-02-11T18:44:07.218+0000] {dagbag.py:537} INFO - Filling up the DagBag from /home/airflow/.local/lib/python3.7/site-packages/airflow/example_dags/subdags/subdag.py
[2025-02-11T18:44:07.225+0000] {processor.py:768} WARNING - No viable dags retrieved from /home/airflow/.local/lib/python3.7/site-packages/airflow/example_dags/subdags/subdag.py
[2025-02-11T18:44:07.259+0000] {processor.py:176} INFO - Processing /home/airflow/.local/lib/python3.7/site-packages/airflow/example_dags/subdags/subdag.py took 0.052 seconds
[2025-02-11T18:44:37.838+0000] {processor.py:154} INFO - Started process (PID=2852) to work on /home/airflow/.local/lib/python3.7/site-packages/airflow/example_dags/subdags/subdag.py
[2025-02-11T18:44:37.842+0000] {processor.py:756} INFO - Processing file /home/airflow/.local/lib/python3.7/site-packages/airflow/example_dags/subdags/subdag.py for tasks to queue
[2025-02-11T18:44:37.845+0000] {logging_mixin.py:137} INFO - [2025-02-11T18:44:37.845+0000] {dagbag.py:537} INFO - Filling up the DagBag from /home/airflow/.local/lib/python3.7/site-packages/airflow/example_dags/subdags/subdag.py
[2025-02-11T18:44:37.854+0000] {processor.py:768} WARNING - No viable dags retrieved from /home/airflow/.local/lib/python3.7/site-packages/airflow/example_dags/subdags/subdag.py
[2025-02-11T18:44:37.895+0000] {processor.py:176} INFO - Processing /home/airflow/.local/lib/python3.7/site-packages/airflow/example_dags/subdags/subdag.py took 0.066 seconds
[2025-02-11T18:46:06.286+0000] {processor.py:154} INFO - Started process (PID=331) to work on /home/airflow/.local/lib/python3.7/site-packages/airflow/example_dags/subdags/subdag.py
[2025-02-11T18:46:06.288+0000] {processor.py:756} INFO - Processing file /home/airflow/.local/lib/python3.7/site-packages/airflow/example_dags/subdags/subdag.py for tasks to queue
[2025-02-11T18:46:06.291+0000] {logging_mixin.py:137} INFO - [2025-02-11T18:46:06.290+0000] {dagbag.py:537} INFO - Filling up the DagBag from /home/airflow/.local/lib/python3.7/site-packages/airflow/example_dags/subdags/subdag.py
[2025-02-11T18:46:06.298+0000] {processor.py:768} WARNING - No viable dags retrieved from /home/airflow/.local/lib/python3.7/site-packages/airflow/example_dags/subdags/subdag.py
[2025-02-11T18:46:06.325+0000] {processor.py:176} INFO - Processing /home/airflow/.local/lib/python3.7/site-packages/airflow/example_dags/subdags/subdag.py took 0.045 seconds
[2025-02-11T18:46:58.741+0000] {processor.py:154} INFO - Started process (PID=331) to work on /home/airflow/.local/lib/python3.7/site-packages/airflow/example_dags/subdags/subdag.py
[2025-02-11T18:46:58.745+0000] {processor.py:756} INFO - Processing file /home/airflow/.local/lib/python3.7/site-packages/airflow/example_dags/subdags/subdag.py for tasks to queue
[2025-02-11T18:46:58.747+0000] {logging_mixin.py:137} INFO - [2025-02-11T18:46:58.747+0000] {dagbag.py:537} INFO - Filling up the DagBag from /home/airflow/.local/lib/python3.7/site-packages/airflow/example_dags/subdags/subdag.py
[2025-02-11T18:46:58.754+0000] {processor.py:768} WARNING - No viable dags retrieved from /home/airflow/.local/lib/python3.7/site-packages/airflow/example_dags/subdags/subdag.py
[2025-02-11T18:46:58.784+0000] {processor.py:176} INFO - Processing /home/airflow/.local/lib/python3.7/site-packages/airflow/example_dags/subdags/subdag.py took 0.048 seconds
[2025-02-11T18:47:29.408+0000] {processor.py:154} INFO - Started process (PID=511) to work on /home/airflow/.local/lib/python3.7/site-packages/airflow/example_dags/subdags/subdag.py
[2025-02-11T18:47:29.410+0000] {processor.py:756} INFO - Processing file /home/airflow/.local/lib/python3.7/site-packages/airflow/example_dags/subdags/subdag.py for tasks to queue
[2025-02-11T18:47:29.411+0000] {logging_mixin.py:137} INFO - [2025-02-11T18:47:29.411+0000] {dagbag.py:537} INFO - Filling up the DagBag from /home/airflow/.local/lib/python3.7/site-packages/airflow/example_dags/subdags/subdag.py
[2025-02-11T18:47:29.418+0000] {processor.py:768} WARNING - No viable dags retrieved from /home/airflow/.local/lib/python3.7/site-packages/airflow/example_dags/subdags/subdag.py
[2025-02-11T18:47:29.459+0000] {processor.py:176} INFO - Processing /home/airflow/.local/lib/python3.7/site-packages/airflow/example_dags/subdags/subdag.py took 0.056 seconds
[2025-02-11T18:48:00.387+0000] {processor.py:154} INFO - Started process (PID=692) to work on /home/airflow/.local/lib/python3.7/site-packages/airflow/example_dags/subdags/subdag.py
[2025-02-11T18:48:00.388+0000] {processor.py:756} INFO - Processing file /home/airflow/.local/lib/python3.7/site-packages/airflow/example_dags/subdags/subdag.py for tasks to queue
[2025-02-11T18:48:00.390+0000] {logging_mixin.py:137} INFO - [2025-02-11T18:48:00.389+0000] {dagbag.py:537} INFO - Filling up the DagBag from /home/airflow/.local/lib/python3.7/site-packages/airflow/example_dags/subdags/subdag.py
[2025-02-11T18:48:00.396+0000] {processor.py:768} WARNING - No viable dags retrieved from /home/airflow/.local/lib/python3.7/site-packages/airflow/example_dags/subdags/subdag.py
[2025-02-11T18:48:00.415+0000] {processor.py:176} INFO - Processing /home/airflow/.local/lib/python3.7/site-packages/airflow/example_dags/subdags/subdag.py took 0.033 seconds
[2025-02-11T18:48:30.902+0000] {processor.py:154} INFO - Started process (PID=874) to work on /home/airflow/.local/lib/python3.7/site-packages/airflow/example_dags/subdags/subdag.py
[2025-02-11T18:48:30.904+0000] {processor.py:756} INFO - Processing file /home/airflow/.local/lib/python3.7/site-packages/airflow/example_dags/subdags/subdag.py for tasks to queue
[2025-02-11T18:48:30.906+0000] {logging_mixin.py:137} INFO - [2025-02-11T18:48:30.905+0000] {dagbag.py:537} INFO - Filling up the DagBag from /home/airflow/.local/lib/python3.7/site-packages/airflow/example_dags/subdags/subdag.py
[2025-02-11T18:48:30.910+0000] {processor.py:768} WARNING - No viable dags retrieved from /home/airflow/.local/lib/python3.7/site-packages/airflow/example_dags/subdags/subdag.py
[2025-02-11T18:48:30.932+0000] {processor.py:176} INFO - Processing /home/airflow/.local/lib/python3.7/site-packages/airflow/example_dags/subdags/subdag.py took 0.033 seconds
[2025-02-11T18:49:01.689+0000] {processor.py:154} INFO - Started process (PID=1052) to work on /home/airflow/.local/lib/python3.7/site-packages/airflow/example_dags/subdags/subdag.py
[2025-02-11T18:49:01.690+0000] {processor.py:756} INFO - Processing file /home/airflow/.local/lib/python3.7/site-packages/airflow/example_dags/subdags/subdag.py for tasks to queue
[2025-02-11T18:49:01.692+0000] {logging_mixin.py:137} INFO - [2025-02-11T18:49:01.692+0000] {dagbag.py:537} INFO - Filling up the DagBag from /home/airflow/.local/lib/python3.7/site-packages/airflow/example_dags/subdags/subdag.py
[2025-02-11T18:49:01.700+0000] {processor.py:768} WARNING - No viable dags retrieved from /home/airflow/.local/lib/python3.7/site-packages/airflow/example_dags/subdags/subdag.py
[2025-02-11T18:49:01.723+0000] {processor.py:176} INFO - Processing /home/airflow/.local/lib/python3.7/site-packages/airflow/example_dags/subdags/subdag.py took 0.040 seconds
[2025-02-11T18:49:32.100+0000] {processor.py:154} INFO - Started process (PID=1232) to work on /home/airflow/.local/lib/python3.7/site-packages/airflow/example_dags/subdags/subdag.py
[2025-02-11T18:49:32.103+0000] {processor.py:756} INFO - Processing file /home/airflow/.local/lib/python3.7/site-packages/airflow/example_dags/subdags/subdag.py for tasks to queue
[2025-02-11T18:49:32.105+0000] {logging_mixin.py:137} INFO - [2025-02-11T18:49:32.105+0000] {dagbag.py:537} INFO - Filling up the DagBag from /home/airflow/.local/lib/python3.7/site-packages/airflow/example_dags/subdags/subdag.py
[2025-02-11T18:49:32.117+0000] {processor.py:768} WARNING - No viable dags retrieved from /home/airflow/.local/lib/python3.7/site-packages/airflow/example_dags/subdags/subdag.py
[2025-02-11T18:49:32.145+0000] {processor.py:176} INFO - Processing /home/airflow/.local/lib/python3.7/site-packages/airflow/example_dags/subdags/subdag.py took 0.050 seconds
[2025-02-11T21:53:20.017+0000] {processor.py:154} INFO - Started process (PID=1429) to work on /home/airflow/.local/lib/python3.7/site-packages/airflow/example_dags/subdags/subdag.py
[2025-02-11T21:53:20.020+0000] {processor.py:756} INFO - Processing file /home/airflow/.local/lib/python3.7/site-packages/airflow/example_dags/subdags/subdag.py for tasks to queue
[2025-02-11T21:53:20.025+0000] {logging_mixin.py:137} INFO - [2025-02-11T21:53:20.025+0000] {dagbag.py:537} INFO - Filling up the DagBag from /home/airflow/.local/lib/python3.7/site-packages/airflow/example_dags/subdags/subdag.py
[2025-02-11T21:53:20.030+0000] {processor.py:768} WARNING - No viable dags retrieved from /home/airflow/.local/lib/python3.7/site-packages/airflow/example_dags/subdags/subdag.py
[2025-02-11T21:53:20.070+0000] {processor.py:176} INFO - Processing /home/airflow/.local/lib/python3.7/site-packages/airflow/example_dags/subdags/subdag.py took 0.058 seconds
[2025-02-11T21:53:50.544+0000] {processor.py:154} INFO - Started process (PID=1604) to work on /home/airflow/.local/lib/python3.7/site-packages/airflow/example_dags/subdags/subdag.py
[2025-02-11T21:53:50.546+0000] {processor.py:756} INFO - Processing file /home/airflow/.local/lib/python3.7/site-packages/airflow/example_dags/subdags/subdag.py for tasks to queue
[2025-02-11T21:53:50.547+0000] {logging_mixin.py:137} INFO - [2025-02-11T21:53:50.547+0000] {dagbag.py:537} INFO - Filling up the DagBag from /home/airflow/.local/lib/python3.7/site-packages/airflow/example_dags/subdags/subdag.py
[2025-02-11T21:53:50.552+0000] {processor.py:768} WARNING - No viable dags retrieved from /home/airflow/.local/lib/python3.7/site-packages/airflow/example_dags/subdags/subdag.py
[2025-02-11T21:53:50.567+0000] {processor.py:176} INFO - Processing /home/airflow/.local/lib/python3.7/site-packages/airflow/example_dags/subdags/subdag.py took 0.025 seconds
[2025-02-11T21:54:20.989+0000] {processor.py:154} INFO - Started process (PID=1786) to work on /home/airflow/.local/lib/python3.7/site-packages/airflow/example_dags/subdags/subdag.py
[2025-02-11T21:54:20.991+0000] {processor.py:756} INFO - Processing file /home/airflow/.local/lib/python3.7/site-packages/airflow/example_dags/subdags/subdag.py for tasks to queue
[2025-02-11T21:54:20.997+0000] {logging_mixin.py:137} INFO - [2025-02-11T21:54:20.997+0000] {dagbag.py:537} INFO - Filling up the DagBag from /home/airflow/.local/lib/python3.7/site-packages/airflow/example_dags/subdags/subdag.py
[2025-02-11T21:54:21.004+0000] {processor.py:768} WARNING - No viable dags retrieved from /home/airflow/.local/lib/python3.7/site-packages/airflow/example_dags/subdags/subdag.py
[2025-02-11T21:54:21.028+0000] {processor.py:176} INFO - Processing /home/airflow/.local/lib/python3.7/site-packages/airflow/example_dags/subdags/subdag.py took 0.046 seconds
[2025-02-11T21:54:51.467+0000] {processor.py:154} INFO - Started process (PID=1964) to work on /home/airflow/.local/lib/python3.7/site-packages/airflow/example_dags/subdags/subdag.py
[2025-02-11T21:54:51.468+0000] {processor.py:756} INFO - Processing file /home/airflow/.local/lib/python3.7/site-packages/airflow/example_dags/subdags/subdag.py for tasks to queue
[2025-02-11T21:54:51.470+0000] {logging_mixin.py:137} INFO - [2025-02-11T21:54:51.470+0000] {dagbag.py:537} INFO - Filling up the DagBag from /home/airflow/.local/lib/python3.7/site-packages/airflow/example_dags/subdags/subdag.py
[2025-02-11T21:54:51.474+0000] {processor.py:768} WARNING - No viable dags retrieved from /home/airflow/.local/lib/python3.7/site-packages/airflow/example_dags/subdags/subdag.py
[2025-02-11T21:54:51.495+0000] {processor.py:176} INFO - Processing /home/airflow/.local/lib/python3.7/site-packages/airflow/example_dags/subdags/subdag.py took 0.032 seconds
[2025-02-11T21:55:21.880+0000] {processor.py:154} INFO - Started process (PID=2144) to work on /home/airflow/.local/lib/python3.7/site-packages/airflow/example_dags/subdags/subdag.py
[2025-02-11T21:55:21.892+0000] {processor.py:756} INFO - Processing file /home/airflow/.local/lib/python3.7/site-packages/airflow/example_dags/subdags/subdag.py for tasks to queue
[2025-02-11T21:55:21.895+0000] {logging_mixin.py:137} INFO - [2025-02-11T21:55:21.894+0000] {dagbag.py:537} INFO - Filling up the DagBag from /home/airflow/.local/lib/python3.7/site-packages/airflow/example_dags/subdags/subdag.py
[2025-02-11T21:55:21.914+0000] {processor.py:768} WARNING - No viable dags retrieved from /home/airflow/.local/lib/python3.7/site-packages/airflow/example_dags/subdags/subdag.py
[2025-02-11T21:55:21.967+0000] {processor.py:176} INFO - Processing /home/airflow/.local/lib/python3.7/site-packages/airflow/example_dags/subdags/subdag.py took 0.095 seconds
[2025-02-11T21:55:52.255+0000] {processor.py:154} INFO - Started process (PID=2324) to work on /home/airflow/.local/lib/python3.7/site-packages/airflow/example_dags/subdags/subdag.py
[2025-02-11T21:55:52.257+0000] {processor.py:756} INFO - Processing file /home/airflow/.local/lib/python3.7/site-packages/airflow/example_dags/subdags/subdag.py for tasks to queue
[2025-02-11T21:55:52.259+0000] {logging_mixin.py:137} INFO - [2025-02-11T21:55:52.258+0000] {dagbag.py:537} INFO - Filling up the DagBag from /home/airflow/.local/lib/python3.7/site-packages/airflow/example_dags/subdags/subdag.py
[2025-02-11T21:55:52.263+0000] {processor.py:768} WARNING - No viable dags retrieved from /home/airflow/.local/lib/python3.7/site-packages/airflow/example_dags/subdags/subdag.py
[2025-02-11T21:55:52.283+0000] {processor.py:176} INFO - Processing /home/airflow/.local/lib/python3.7/site-packages/airflow/example_dags/subdags/subdag.py took 0.033 seconds
[2025-02-11T21:56:22.628+0000] {processor.py:154} INFO - Started process (PID=2504) to work on /home/airflow/.local/lib/python3.7/site-packages/airflow/example_dags/subdags/subdag.py
[2025-02-11T21:56:22.629+0000] {processor.py:756} INFO - Processing file /home/airflow/.local/lib/python3.7/site-packages/airflow/example_dags/subdags/subdag.py for tasks to queue
[2025-02-11T21:56:22.631+0000] {logging_mixin.py:137} INFO - [2025-02-11T21:56:22.631+0000] {dagbag.py:537} INFO - Filling up the DagBag from /home/airflow/.local/lib/python3.7/site-packages/airflow/example_dags/subdags/subdag.py
[2025-02-11T21:56:22.639+0000] {processor.py:768} WARNING - No viable dags retrieved from /home/airflow/.local/lib/python3.7/site-packages/airflow/example_dags/subdags/subdag.py
[2025-02-11T21:56:22.658+0000] {processor.py:176} INFO - Processing /home/airflow/.local/lib/python3.7/site-packages/airflow/example_dags/subdags/subdag.py took 0.035 seconds
[2025-02-11T21:56:52.849+0000] {processor.py:154} INFO - Started process (PID=2684) to work on /home/airflow/.local/lib/python3.7/site-packages/airflow/example_dags/subdags/subdag.py
[2025-02-11T21:56:52.851+0000] {processor.py:756} INFO - Processing file /home/airflow/.local/lib/python3.7/site-packages/airflow/example_dags/subdags/subdag.py for tasks to queue
[2025-02-11T21:56:52.853+0000] {logging_mixin.py:137} INFO - [2025-02-11T21:56:52.853+0000] {dagbag.py:537} INFO - Filling up the DagBag from /home/airflow/.local/lib/python3.7/site-packages/airflow/example_dags/subdags/subdag.py
[2025-02-11T21:56:52.860+0000] {processor.py:768} WARNING - No viable dags retrieved from /home/airflow/.local/lib/python3.7/site-packages/airflow/example_dags/subdags/subdag.py
[2025-02-11T21:56:52.879+0000] {processor.py:176} INFO - Processing /home/airflow/.local/lib/python3.7/site-packages/airflow/example_dags/subdags/subdag.py took 0.034 seconds
[2025-02-11T21:57:23.036+0000] {processor.py:154} INFO - Started process (PID=2864) to work on /home/airflow/.local/lib/python3.7/site-packages/airflow/example_dags/subdags/subdag.py
[2025-02-11T21:57:23.038+0000] {processor.py:756} INFO - Processing file /home/airflow/.local/lib/python3.7/site-packages/airflow/example_dags/subdags/subdag.py for tasks to queue
[2025-02-11T21:57:23.039+0000] {logging_mixin.py:137} INFO - [2025-02-11T21:57:23.039+0000] {dagbag.py:537} INFO - Filling up the DagBag from /home/airflow/.local/lib/python3.7/site-packages/airflow/example_dags/subdags/subdag.py
[2025-02-11T21:57:23.042+0000] {processor.py:768} WARNING - No viable dags retrieved from /home/airflow/.local/lib/python3.7/site-packages/airflow/example_dags/subdags/subdag.py
[2025-02-11T21:57:23.056+0000] {processor.py:176} INFO - Processing /home/airflow/.local/lib/python3.7/site-packages/airflow/example_dags/subdags/subdag.py took 0.023 seconds
[2025-02-11T21:57:53.448+0000] {processor.py:154} INFO - Started process (PID=3044) to work on /home/airflow/.local/lib/python3.7/site-packages/airflow/example_dags/subdags/subdag.py
[2025-02-11T21:57:53.449+0000] {processor.py:756} INFO - Processing file /home/airflow/.local/lib/python3.7/site-packages/airflow/example_dags/subdags/subdag.py for tasks to queue
[2025-02-11T21:57:53.450+0000] {logging_mixin.py:137} INFO - [2025-02-11T21:57:53.450+0000] {dagbag.py:537} INFO - Filling up the DagBag from /home/airflow/.local/lib/python3.7/site-packages/airflow/example_dags/subdags/subdag.py
[2025-02-11T21:57:53.455+0000] {processor.py:768} WARNING - No viable dags retrieved from /home/airflow/.local/lib/python3.7/site-packages/airflow/example_dags/subdags/subdag.py
[2025-02-11T21:57:53.480+0000] {processor.py:176} INFO - Processing /home/airflow/.local/lib/python3.7/site-packages/airflow/example_dags/subdags/subdag.py took 0.036 seconds
[2025-02-11T21:58:23.899+0000] {processor.py:154} INFO - Started process (PID=3224) to work on /home/airflow/.local/lib/python3.7/site-packages/airflow/example_dags/subdags/subdag.py
[2025-02-11T21:58:23.900+0000] {processor.py:756} INFO - Processing file /home/airflow/.local/lib/python3.7/site-packages/airflow/example_dags/subdags/subdag.py for tasks to queue
[2025-02-11T21:58:23.901+0000] {logging_mixin.py:137} INFO - [2025-02-11T21:58:23.900+0000] {dagbag.py:537} INFO - Filling up the DagBag from /home/airflow/.local/lib/python3.7/site-packages/airflow/example_dags/subdags/subdag.py
[2025-02-11T21:58:23.903+0000] {processor.py:768} WARNING - No viable dags retrieved from /home/airflow/.local/lib/python3.7/site-packages/airflow/example_dags/subdags/subdag.py
[2025-02-11T21:58:23.920+0000] {processor.py:176} INFO - Processing /home/airflow/.local/lib/python3.7/site-packages/airflow/example_dags/subdags/subdag.py took 0.024 seconds
[2025-02-11T21:58:55.095+0000] {processor.py:154} INFO - Started process (PID=3404) to work on /home/airflow/.local/lib/python3.7/site-packages/airflow/example_dags/subdags/subdag.py
[2025-02-11T21:58:55.097+0000] {processor.py:756} INFO - Processing file /home/airflow/.local/lib/python3.7/site-packages/airflow/example_dags/subdags/subdag.py for tasks to queue
[2025-02-11T21:58:55.099+0000] {logging_mixin.py:137} INFO - [2025-02-11T21:58:55.099+0000] {dagbag.py:537} INFO - Filling up the DagBag from /home/airflow/.local/lib/python3.7/site-packages/airflow/example_dags/subdags/subdag.py
[2025-02-11T21:58:55.107+0000] {processor.py:768} WARNING - No viable dags retrieved from /home/airflow/.local/lib/python3.7/site-packages/airflow/example_dags/subdags/subdag.py
[2025-02-11T21:58:55.139+0000] {processor.py:176} INFO - Processing /home/airflow/.local/lib/python3.7/site-packages/airflow/example_dags/subdags/subdag.py took 0.050 seconds
[2025-02-11T21:59:26.047+0000] {processor.py:154} INFO - Started process (PID=3584) to work on /home/airflow/.local/lib/python3.7/site-packages/airflow/example_dags/subdags/subdag.py
[2025-02-11T21:59:26.049+0000] {processor.py:756} INFO - Processing file /home/airflow/.local/lib/python3.7/site-packages/airflow/example_dags/subdags/subdag.py for tasks to queue
[2025-02-11T21:59:26.050+0000] {logging_mixin.py:137} INFO - [2025-02-11T21:59:26.050+0000] {dagbag.py:537} INFO - Filling up the DagBag from /home/airflow/.local/lib/python3.7/site-packages/airflow/example_dags/subdags/subdag.py
[2025-02-11T21:59:26.054+0000] {processor.py:768} WARNING - No viable dags retrieved from /home/airflow/.local/lib/python3.7/site-packages/airflow/example_dags/subdags/subdag.py
[2025-02-11T21:59:26.077+0000] {processor.py:176} INFO - Processing /home/airflow/.local/lib/python3.7/site-packages/airflow/example_dags/subdags/subdag.py took 0.033 seconds
[2025-02-11T21:59:56.559+0000] {processor.py:154} INFO - Started process (PID=3764) to work on /home/airflow/.local/lib/python3.7/site-packages/airflow/example_dags/subdags/subdag.py
[2025-02-11T21:59:56.560+0000] {processor.py:756} INFO - Processing file /home/airflow/.local/lib/python3.7/site-packages/airflow/example_dags/subdags/subdag.py for tasks to queue
[2025-02-11T21:59:56.560+0000] {logging_mixin.py:137} INFO - [2025-02-11T21:59:56.560+0000] {dagbag.py:537} INFO - Filling up the DagBag from /home/airflow/.local/lib/python3.7/site-packages/airflow/example_dags/subdags/subdag.py
[2025-02-11T21:59:56.563+0000] {processor.py:768} WARNING - No viable dags retrieved from /home/airflow/.local/lib/python3.7/site-packages/airflow/example_dags/subdags/subdag.py
[2025-02-11T21:59:56.575+0000] {processor.py:176} INFO - Processing /home/airflow/.local/lib/python3.7/site-packages/airflow/example_dags/subdags/subdag.py took 0.019 seconds
[2025-02-11T22:00:27.783+0000] {processor.py:154} INFO - Started process (PID=3944) to work on /home/airflow/.local/lib/python3.7/site-packages/airflow/example_dags/subdags/subdag.py
[2025-02-11T22:00:27.785+0000] {processor.py:756} INFO - Processing file /home/airflow/.local/lib/python3.7/site-packages/airflow/example_dags/subdags/subdag.py for tasks to queue
[2025-02-11T22:00:27.786+0000] {logging_mixin.py:137} INFO - [2025-02-11T22:00:27.786+0000] {dagbag.py:537} INFO - Filling up the DagBag from /home/airflow/.local/lib/python3.7/site-packages/airflow/example_dags/subdags/subdag.py
[2025-02-11T22:00:27.793+0000] {processor.py:768} WARNING - No viable dags retrieved from /home/airflow/.local/lib/python3.7/site-packages/airflow/example_dags/subdags/subdag.py
[2025-02-11T22:00:27.820+0000] {processor.py:176} INFO - Processing /home/airflow/.local/lib/python3.7/site-packages/airflow/example_dags/subdags/subdag.py took 0.041 seconds
[2025-02-11T22:00:58.170+0000] {processor.py:154} INFO - Started process (PID=4124) to work on /home/airflow/.local/lib/python3.7/site-packages/airflow/example_dags/subdags/subdag.py
[2025-02-11T22:00:58.171+0000] {processor.py:756} INFO - Processing file /home/airflow/.local/lib/python3.7/site-packages/airflow/example_dags/subdags/subdag.py for tasks to queue
[2025-02-11T22:00:58.173+0000] {logging_mixin.py:137} INFO - [2025-02-11T22:00:58.173+0000] {dagbag.py:537} INFO - Filling up the DagBag from /home/airflow/.local/lib/python3.7/site-packages/airflow/example_dags/subdags/subdag.py
[2025-02-11T22:00:58.177+0000] {processor.py:768} WARNING - No viable dags retrieved from /home/airflow/.local/lib/python3.7/site-packages/airflow/example_dags/subdags/subdag.py
[2025-02-11T22:00:58.199+0000] {processor.py:176} INFO - Processing /home/airflow/.local/lib/python3.7/site-packages/airflow/example_dags/subdags/subdag.py took 0.032 seconds
[2025-02-11T22:01:30.153+0000] {processor.py:154} INFO - Started process (PID=4319) to work on /home/airflow/.local/lib/python3.7/site-packages/airflow/example_dags/subdags/subdag.py
[2025-02-11T22:01:30.154+0000] {processor.py:756} INFO - Processing file /home/airflow/.local/lib/python3.7/site-packages/airflow/example_dags/subdags/subdag.py for tasks to queue
[2025-02-11T22:01:30.157+0000] {logging_mixin.py:137} INFO - [2025-02-11T22:01:30.157+0000] {dagbag.py:537} INFO - Filling up the DagBag from /home/airflow/.local/lib/python3.7/site-packages/airflow/example_dags/subdags/subdag.py
[2025-02-11T22:01:30.162+0000] {processor.py:768} WARNING - No viable dags retrieved from /home/airflow/.local/lib/python3.7/site-packages/airflow/example_dags/subdags/subdag.py
[2025-02-11T22:01:30.187+0000] {processor.py:176} INFO - Processing /home/airflow/.local/lib/python3.7/site-packages/airflow/example_dags/subdags/subdag.py took 0.041 seconds
[2025-02-11T22:02:00.837+0000] {processor.py:154} INFO - Started process (PID=4499) to work on /home/airflow/.local/lib/python3.7/site-packages/airflow/example_dags/subdags/subdag.py
[2025-02-11T22:02:00.838+0000] {processor.py:756} INFO - Processing file /home/airflow/.local/lib/python3.7/site-packages/airflow/example_dags/subdags/subdag.py for tasks to queue
[2025-02-11T22:02:00.839+0000] {logging_mixin.py:137} INFO - [2025-02-11T22:02:00.838+0000] {dagbag.py:537} INFO - Filling up the DagBag from /home/airflow/.local/lib/python3.7/site-packages/airflow/example_dags/subdags/subdag.py
[2025-02-11T22:02:00.842+0000] {processor.py:768} WARNING - No viable dags retrieved from /home/airflow/.local/lib/python3.7/site-packages/airflow/example_dags/subdags/subdag.py
[2025-02-11T22:02:00.858+0000] {processor.py:176} INFO - Processing /home/airflow/.local/lib/python3.7/site-packages/airflow/example_dags/subdags/subdag.py took 0.024 seconds
[2025-02-11T22:02:31.063+0000] {processor.py:154} INFO - Started process (PID=4674) to work on /home/airflow/.local/lib/python3.7/site-packages/airflow/example_dags/subdags/subdag.py
[2025-02-11T22:02:31.064+0000] {processor.py:756} INFO - Processing file /home/airflow/.local/lib/python3.7/site-packages/airflow/example_dags/subdags/subdag.py for tasks to queue
[2025-02-11T22:02:31.066+0000] {logging_mixin.py:137} INFO - [2025-02-11T22:02:31.066+0000] {dagbag.py:537} INFO - Filling up the DagBag from /home/airflow/.local/lib/python3.7/site-packages/airflow/example_dags/subdags/subdag.py
[2025-02-11T22:02:31.071+0000] {processor.py:768} WARNING - No viable dags retrieved from /home/airflow/.local/lib/python3.7/site-packages/airflow/example_dags/subdags/subdag.py
[2025-02-11T22:02:31.089+0000] {processor.py:176} INFO - Processing /home/airflow/.local/lib/python3.7/site-packages/airflow/example_dags/subdags/subdag.py took 0.030 seconds
[2025-02-11T22:03:01.351+0000] {processor.py:154} INFO - Started process (PID=4851) to work on /home/airflow/.local/lib/python3.7/site-packages/airflow/example_dags/subdags/subdag.py
[2025-02-11T22:03:01.352+0000] {processor.py:756} INFO - Processing file /home/airflow/.local/lib/python3.7/site-packages/airflow/example_dags/subdags/subdag.py for tasks to queue
[2025-02-11T22:03:01.353+0000] {logging_mixin.py:137} INFO - [2025-02-11T22:03:01.353+0000] {dagbag.py:537} INFO - Filling up the DagBag from /home/airflow/.local/lib/python3.7/site-packages/airflow/example_dags/subdags/subdag.py
[2025-02-11T22:03:01.357+0000] {processor.py:768} WARNING - No viable dags retrieved from /home/airflow/.local/lib/python3.7/site-packages/airflow/example_dags/subdags/subdag.py
[2025-02-11T22:03:01.372+0000] {processor.py:176} INFO - Processing /home/airflow/.local/lib/python3.7/site-packages/airflow/example_dags/subdags/subdag.py took 0.024 seconds
[2025-02-11T22:15:23.440+0000] {processor.py:154} INFO - Started process (PID=5053) to work on /home/airflow/.local/lib/python3.7/site-packages/airflow/example_dags/subdags/subdag.py
[2025-02-11T22:15:23.441+0000] {processor.py:756} INFO - Processing file /home/airflow/.local/lib/python3.7/site-packages/airflow/example_dags/subdags/subdag.py for tasks to queue
[2025-02-11T22:15:23.442+0000] {logging_mixin.py:137} INFO - [2025-02-11T22:15:23.442+0000] {dagbag.py:537} INFO - Filling up the DagBag from /home/airflow/.local/lib/python3.7/site-packages/airflow/example_dags/subdags/subdag.py
[2025-02-11T22:15:23.445+0000] {processor.py:768} WARNING - No viable dags retrieved from /home/airflow/.local/lib/python3.7/site-packages/airflow/example_dags/subdags/subdag.py
[2025-02-11T22:15:23.458+0000] {processor.py:176} INFO - Processing /home/airflow/.local/lib/python3.7/site-packages/airflow/example_dags/subdags/subdag.py took 0.021 seconds
[2025-02-11T22:15:53.799+0000] {processor.py:154} INFO - Started process (PID=5234) to work on /home/airflow/.local/lib/python3.7/site-packages/airflow/example_dags/subdags/subdag.py
[2025-02-11T22:15:53.801+0000] {processor.py:756} INFO - Processing file /home/airflow/.local/lib/python3.7/site-packages/airflow/example_dags/subdags/subdag.py for tasks to queue
[2025-02-11T22:15:53.801+0000] {logging_mixin.py:137} INFO - [2025-02-11T22:15:53.801+0000] {dagbag.py:537} INFO - Filling up the DagBag from /home/airflow/.local/lib/python3.7/site-packages/airflow/example_dags/subdags/subdag.py
[2025-02-11T22:15:53.804+0000] {processor.py:768} WARNING - No viable dags retrieved from /home/airflow/.local/lib/python3.7/site-packages/airflow/example_dags/subdags/subdag.py
[2025-02-11T22:15:53.815+0000] {processor.py:176} INFO - Processing /home/airflow/.local/lib/python3.7/site-packages/airflow/example_dags/subdags/subdag.py took 0.019 seconds
[2025-02-11T22:16:25.407+0000] {processor.py:154} INFO - Started process (PID=5413) to work on /home/airflow/.local/lib/python3.7/site-packages/airflow/example_dags/subdags/subdag.py
[2025-02-11T22:16:25.411+0000] {processor.py:756} INFO - Processing file /home/airflow/.local/lib/python3.7/site-packages/airflow/example_dags/subdags/subdag.py for tasks to queue
[2025-02-11T22:16:25.414+0000] {logging_mixin.py:137} INFO - [2025-02-11T22:16:25.413+0000] {dagbag.py:537} INFO - Filling up the DagBag from /home/airflow/.local/lib/python3.7/site-packages/airflow/example_dags/subdags/subdag.py
[2025-02-11T22:16:25.422+0000] {processor.py:768} WARNING - No viable dags retrieved from /home/airflow/.local/lib/python3.7/site-packages/airflow/example_dags/subdags/subdag.py
[2025-02-11T22:16:25.471+0000] {processor.py:176} INFO - Processing /home/airflow/.local/lib/python3.7/site-packages/airflow/example_dags/subdags/subdag.py took 0.073 seconds
